<?xml version="1.0" encoding="UTF-8"?>
<testsuite xmlns:xsi="http://www.w3.org/2001/XMLSchema-instance" xsi:noNamespaceSchemaLocation="https://maven.apache.org/surefire/maven-surefire-plugin/xsd/surefire-test-report-3.0.xsd" version="3.0" name="com.openclassrooms.tourguide.TestRewardsService" time="40.783" tests="3" errors="0" skipped="0" failures="0">
  <properties>
    <property name="java.specification.version" value="17"/>
    <property name="sun.cpu.isalist" value="amd64"/>
    <property name="sun.jnu.encoding" value="Cp1252"/>
    <property name="java.class.path" value="C:\Users\simon\eclipse-workspace\TourGuide\target\test-classes;C:\Users\simon\eclipse-workspace\TourGuide\target\classes;C:\Users\simon\.m2\repository\org\springframework\boot\spring-boot-starter-actuator\3.1.1\spring-boot-starter-actuator-3.1.1.jar;C:\Users\simon\.m2\repository\org\springframework\boot\spring-boot-starter\3.1.1\spring-boot-starter-3.1.1.jar;C:\Users\simon\.m2\repository\org\springframework\boot\spring-boot\3.1.1\spring-boot-3.1.1.jar;C:\Users\simon\.m2\repository\org\springframework\boot\spring-boot-autoconfigure\3.1.1\spring-boot-autoconfigure-3.1.1.jar;C:\Users\simon\.m2\repository\org\springframework\boot\spring-boot-starter-logging\3.1.1\spring-boot-starter-logging-3.1.1.jar;C:\Users\simon\.m2\repository\ch\qos\logback\logback-classic\1.4.8\logback-classic-1.4.8.jar;C:\Users\simon\.m2\repository\ch\qos\logback\logback-core\1.4.8\logback-core-1.4.8.jar;C:\Users\simon\.m2\repository\org\apache\logging\log4j\log4j-to-slf4j\2.20.0\log4j-to-slf4j-2.20.0.jar;C:\Users\simon\.m2\repository\org\apache\logging\log4j\log4j-api\2.20.0\log4j-api-2.20.0.jar;C:\Users\simon\.m2\repository\org\slf4j\jul-to-slf4j\2.0.7\jul-to-slf4j-2.0.7.jar;C:\Users\simon\.m2\repository\jakarta\annotation\jakarta.annotation-api\2.1.1\jakarta.annotation-api-2.1.1.jar;C:\Users\simon\.m2\repository\org\yaml\snakeyaml\1.33\snakeyaml-1.33.jar;C:\Users\simon\.m2\repository\org\springframework\boot\spring-boot-actuator-autoconfigure\3.1.1\spring-boot-actuator-autoconfigure-3.1.1.jar;C:\Users\simon\.m2\repository\org\springframework\boot\spring-boot-actuator\3.1.1\spring-boot-actuator-3.1.1.jar;C:\Users\simon\.m2\repository\com\fasterxml\jackson\core\jackson-databind\2.15.2\jackson-databind-2.15.2.jar;C:\Users\simon\.m2\repository\com\fasterxml\jackson\core\jackson-annotations\2.15.2\jackson-annotations-2.15.2.jar;C:\Users\simon\.m2\repository\com\fasterxml\jackson\core\jackson-core\2.15.2\jackson-core-2.15.2.jar;C:\Users\simon\.m2\repository\com\fasterxml\jackson\datatype\jackson-datatype-jsr310\2.15.2\jackson-datatype-jsr310-2.15.2.jar;C:\Users\simon\.m2\repository\io\micrometer\micrometer-observation\1.11.1\micrometer-observation-1.11.1.jar;C:\Users\simon\.m2\repository\io\micrometer\micrometer-commons\1.11.1\micrometer-commons-1.11.1.jar;C:\Users\simon\.m2\repository\io\micrometer\micrometer-core\1.11.1\micrometer-core-1.11.1.jar;C:\Users\simon\.m2\repository\org\hdrhistogram\HdrHistogram\2.1.12\HdrHistogram-2.1.12.jar;C:\Users\simon\.m2\repository\org\latencyutils\LatencyUtils\2.0.3\LatencyUtils-2.0.3.jar;C:\Users\simon\.m2\repository\org\springframework\boot\spring-boot-starter-validation\3.1.1\spring-boot-starter-validation-3.1.1.jar;C:\Users\simon\.m2\repository\org\apache\tomcat\embed\tomcat-embed-el\10.1.10\tomcat-embed-el-10.1.10.jar;C:\Users\simon\.m2\repository\org\hibernate\validator\hibernate-validator\8.0.0.Final\hibernate-validator-8.0.0.Final.jar;C:\Users\simon\.m2\repository\jakarta\validation\jakarta.validation-api\3.0.2\jakarta.validation-api-3.0.2.jar;C:\Users\simon\.m2\repository\org\jboss\logging\jboss-logging\3.5.1.Final\jboss-logging-3.5.1.Final.jar;C:\Users\simon\.m2\repository\com\fasterxml\classmate\1.5.1\classmate-1.5.1.jar;C:\Users\simon\.m2\repository\org\springframework\boot\spring-boot-starter-web\3.1.1\spring-boot-starter-web-3.1.1.jar;C:\Users\simon\.m2\repository\org\springframework\boot\spring-boot-starter-json\3.1.1\spring-boot-starter-json-3.1.1.jar;C:\Users\simon\.m2\repository\com\fasterxml\jackson\datatype\jackson-datatype-jdk8\2.15.2\jackson-datatype-jdk8-2.15.2.jar;C:\Users\simon\.m2\repository\com\fasterxml\jackson\module\jackson-module-parameter-names\2.15.2\jackson-module-parameter-names-2.15.2.jar;C:\Users\simon\.m2\repository\org\springframework\boot\spring-boot-starter-tomcat\3.1.1\spring-boot-starter-tomcat-3.1.1.jar;C:\Users\simon\.m2\repository\org\apache\tomcat\embed\tomcat-embed-core\10.1.10\tomcat-embed-core-10.1.10.jar;C:\Users\simon\.m2\repository\org\apache\tomcat\embed\tomcat-embed-websocket\10.1.10\tomcat-embed-websocket-10.1.10.jar;C:\Users\simon\.m2\repository\org\springframework\spring-web\6.0.10\spring-web-6.0.10.jar;C:\Users\simon\.m2\repository\org\springframework\spring-beans\6.0.10\spring-beans-6.0.10.jar;C:\Users\simon\.m2\repository\org\springframework\spring-webmvc\6.0.10\spring-webmvc-6.0.10.jar;C:\Users\simon\.m2\repository\org\springframework\spring-aop\6.0.10\spring-aop-6.0.10.jar;C:\Users\simon\.m2\repository\org\springframework\spring-context\6.0.10\spring-context-6.0.10.jar;C:\Users\simon\.m2\repository\org\springframework\spring-expression\6.0.10\spring-expression-6.0.10.jar;C:\Users\simon\.m2\repository\org\springframework\boot\spring-boot-starter-test\3.1.1\spring-boot-starter-test-3.1.1.jar;C:\Users\simon\.m2\repository\org\springframework\boot\spring-boot-test\3.1.1\spring-boot-test-3.1.1.jar;C:\Users\simon\.m2\repository\org\springframework\boot\spring-boot-test-autoconfigure\3.1.1\spring-boot-test-autoconfigure-3.1.1.jar;C:\Users\simon\.m2\repository\com\jayway\jsonpath\json-path\2.8.0\json-path-2.8.0.jar;C:\Users\simon\.m2\repository\org\slf4j\slf4j-api\2.0.7\slf4j-api-2.0.7.jar;C:\Users\simon\.m2\repository\jakarta\xml\bind\jakarta.xml.bind-api\4.0.0\jakarta.xml.bind-api-4.0.0.jar;C:\Users\simon\.m2\repository\jakarta\activation\jakarta.activation-api\2.1.2\jakarta.activation-api-2.1.2.jar;C:\Users\simon\.m2\repository\net\minidev\json-smart\2.4.11\json-smart-2.4.11.jar;C:\Users\simon\.m2\repository\net\minidev\accessors-smart\2.4.11\accessors-smart-2.4.11.jar;C:\Users\simon\.m2\repository\org\ow2\asm\asm\9.3\asm-9.3.jar;C:\Users\simon\.m2\repository\org\assertj\assertj-core\3.24.2\assertj-core-3.24.2.jar;C:\Users\simon\.m2\repository\net\bytebuddy\byte-buddy\1.14.5\byte-buddy-1.14.5.jar;C:\Users\simon\.m2\repository\org\hamcrest\hamcrest\2.2\hamcrest-2.2.jar;C:\Users\simon\.m2\repository\org\junit\jupiter\junit-jupiter\5.9.3\junit-jupiter-5.9.3.jar;C:\Users\simon\.m2\repository\org\junit\jupiter\junit-jupiter-params\5.9.3\junit-jupiter-params-5.9.3.jar;C:\Users\simon\.m2\repository\org\junit\jupiter\junit-jupiter-engine\5.9.3\junit-jupiter-engine-5.9.3.jar;C:\Users\simon\.m2\repository\org\junit\platform\junit-platform-engine\1.9.3\junit-platform-engine-1.9.3.jar;C:\Users\simon\.m2\repository\org\mockito\mockito-core\5.3.1\mockito-core-5.3.1.jar;C:\Users\simon\.m2\repository\net\bytebuddy\byte-buddy-agent\1.14.5\byte-buddy-agent-1.14.5.jar;C:\Users\simon\.m2\repository\org\objenesis\objenesis\3.3\objenesis-3.3.jar;C:\Users\simon\.m2\repository\org\mockito\mockito-junit-jupiter\5.3.1\mockito-junit-jupiter-5.3.1.jar;C:\Users\simon\.m2\repository\org\skyscreamer\jsonassert\1.5.1\jsonassert-1.5.1.jar;C:\Users\simon\.m2\repository\com\vaadin\external\google\android-json\0.0.20131108.vaadin1\android-json-0.0.20131108.vaadin1.jar;C:\Users\simon\.m2\repository\org\springframework\spring-core\6.0.10\spring-core-6.0.10.jar;C:\Users\simon\.m2\repository\org\springframework\spring-jcl\6.0.10\spring-jcl-6.0.10.jar;C:\Users\simon\.m2\repository\org\springframework\spring-test\6.0.10\spring-test-6.0.10.jar;C:\Users\simon\.m2\repository\org\xmlunit\xmlunit-core\2.9.1\xmlunit-core-2.9.1.jar;C:\Users\simon\.m2\repository\org\apache\commons\commons-lang3\3.12.0\commons-lang3-3.12.0.jar;C:\Users\simon\.m2\repository\org\junit\jupiter\junit-jupiter-api\5.9.3\junit-jupiter-api-5.9.3.jar;C:\Users\simon\.m2\repository\org\opentest4j\opentest4j\1.2.0\opentest4j-1.2.0.jar;C:\Users\simon\.m2\repository\org\junit\platform\junit-platform-commons\1.9.3\junit-platform-commons-1.9.3.jar;C:\Users\simon\.m2\repository\org\apiguardian\apiguardian-api\1.1.2\apiguardian-api-1.1.2.jar;C:\Users\simon\.m2\repository\gpsUtil\gpsUtil\1.0.0\gpsUtil-1.0.0.jar;C:\Users\simon\.m2\repository\com\google\code\findbugs\jsr305\1.3.9\jsr305-1.3.9.jar;C:\Users\simon\.m2\repository\com\google\errorprone\error_prone_annotations\2.0.18\error_prone_annotations-2.0.18.jar;C:\Users\simon\.m2\repository\com\google\j2objc\j2objc-annotations\1.1\j2objc-annotations-1.1.jar;C:\Users\simon\.m2\repository\org\codehaus\mojo\animal-sniffer-annotations\1.14\animal-sniffer-annotations-1.14.jar;C:\Users\simon\.m2\repository\tripPricer\tripPricer\1.0.0\tripPricer-1.0.0.jar;C:\Users\simon\.m2\repository\rewardCentral\rewardCentral\1.0.0\rewardCentral-1.0.0.jar;"/>
    <property name="java.vm.vendor" value="Oracle Corporation"/>
    <property name="sun.arch.data.model" value="64"/>
    <property name="user.variant" value=""/>
    <property name="java.vendor.url" value="https://java.oracle.com/"/>
    <property name="user.timezone" value="Europe/Paris"/>
    <property name="os.name" value="Windows 11"/>
    <property name="java.vm.specification.version" value="17"/>
    <property name="sun.java.launcher" value="SUN_STANDARD"/>
    <property name="user.country" value="FR"/>
    <property name="sun.boot.library.path" value="C:\Program Files\Java\jdk-17\bin"/>
    <property name="sun.java.command" value="C:\Users\simon\AppData\Local\Temp\surefire10192467557754234997\surefirebooter-20230915181632458_3.jar C:\Users\simon\AppData\Local\Temp\surefire10192467557754234997 2023-09-15T18-16-32_327-jvmRun1 surefire-20230915181632458_1tmp surefire_0-20230915181632458_2tmp"/>
    <property name="jdk.debug" value="release"/>
    <property name="surefire.test.class.path" value="C:\Users\simon\eclipse-workspace\TourGuide\target\test-classes;C:\Users\simon\eclipse-workspace\TourGuide\target\classes;C:\Users\simon\.m2\repository\org\springframework\boot\spring-boot-starter-actuator\3.1.1\spring-boot-starter-actuator-3.1.1.jar;C:\Users\simon\.m2\repository\org\springframework\boot\spring-boot-starter\3.1.1\spring-boot-starter-3.1.1.jar;C:\Users\simon\.m2\repository\org\springframework\boot\spring-boot\3.1.1\spring-boot-3.1.1.jar;C:\Users\simon\.m2\repository\org\springframework\boot\spring-boot-autoconfigure\3.1.1\spring-boot-autoconfigure-3.1.1.jar;C:\Users\simon\.m2\repository\org\springframework\boot\spring-boot-starter-logging\3.1.1\spring-boot-starter-logging-3.1.1.jar;C:\Users\simon\.m2\repository\ch\qos\logback\logback-classic\1.4.8\logback-classic-1.4.8.jar;C:\Users\simon\.m2\repository\ch\qos\logback\logback-core\1.4.8\logback-core-1.4.8.jar;C:\Users\simon\.m2\repository\org\apache\logging\log4j\log4j-to-slf4j\2.20.0\log4j-to-slf4j-2.20.0.jar;C:\Users\simon\.m2\repository\org\apache\logging\log4j\log4j-api\2.20.0\log4j-api-2.20.0.jar;C:\Users\simon\.m2\repository\org\slf4j\jul-to-slf4j\2.0.7\jul-to-slf4j-2.0.7.jar;C:\Users\simon\.m2\repository\jakarta\annotation\jakarta.annotation-api\2.1.1\jakarta.annotation-api-2.1.1.jar;C:\Users\simon\.m2\repository\org\yaml\snakeyaml\1.33\snakeyaml-1.33.jar;C:\Users\simon\.m2\repository\org\springframework\boot\spring-boot-actuator-autoconfigure\3.1.1\spring-boot-actuator-autoconfigure-3.1.1.jar;C:\Users\simon\.m2\repository\org\springframework\boot\spring-boot-actuator\3.1.1\spring-boot-actuator-3.1.1.jar;C:\Users\simon\.m2\repository\com\fasterxml\jackson\core\jackson-databind\2.15.2\jackson-databind-2.15.2.jar;C:\Users\simon\.m2\repository\com\fasterxml\jackson\core\jackson-annotations\2.15.2\jackson-annotations-2.15.2.jar;C:\Users\simon\.m2\repository\com\fasterxml\jackson\core\jackson-core\2.15.2\jackson-core-2.15.2.jar;C:\Users\simon\.m2\repository\com\fasterxml\jackson\datatype\jackson-datatype-jsr310\2.15.2\jackson-datatype-jsr310-2.15.2.jar;C:\Users\simon\.m2\repository\io\micrometer\micrometer-observation\1.11.1\micrometer-observation-1.11.1.jar;C:\Users\simon\.m2\repository\io\micrometer\micrometer-commons\1.11.1\micrometer-commons-1.11.1.jar;C:\Users\simon\.m2\repository\io\micrometer\micrometer-core\1.11.1\micrometer-core-1.11.1.jar;C:\Users\simon\.m2\repository\org\hdrhistogram\HdrHistogram\2.1.12\HdrHistogram-2.1.12.jar;C:\Users\simon\.m2\repository\org\latencyutils\LatencyUtils\2.0.3\LatencyUtils-2.0.3.jar;C:\Users\simon\.m2\repository\org\springframework\boot\spring-boot-starter-validation\3.1.1\spring-boot-starter-validation-3.1.1.jar;C:\Users\simon\.m2\repository\org\apache\tomcat\embed\tomcat-embed-el\10.1.10\tomcat-embed-el-10.1.10.jar;C:\Users\simon\.m2\repository\org\hibernate\validator\hibernate-validator\8.0.0.Final\hibernate-validator-8.0.0.Final.jar;C:\Users\simon\.m2\repository\jakarta\validation\jakarta.validation-api\3.0.2\jakarta.validation-api-3.0.2.jar;C:\Users\simon\.m2\repository\org\jboss\logging\jboss-logging\3.5.1.Final\jboss-logging-3.5.1.Final.jar;C:\Users\simon\.m2\repository\com\fasterxml\classmate\1.5.1\classmate-1.5.1.jar;C:\Users\simon\.m2\repository\org\springframework\boot\spring-boot-starter-web\3.1.1\spring-boot-starter-web-3.1.1.jar;C:\Users\simon\.m2\repository\org\springframework\boot\spring-boot-starter-json\3.1.1\spring-boot-starter-json-3.1.1.jar;C:\Users\simon\.m2\repository\com\fasterxml\jackson\datatype\jackson-datatype-jdk8\2.15.2\jackson-datatype-jdk8-2.15.2.jar;C:\Users\simon\.m2\repository\com\fasterxml\jackson\module\jackson-module-parameter-names\2.15.2\jackson-module-parameter-names-2.15.2.jar;C:\Users\simon\.m2\repository\org\springframework\boot\spring-boot-starter-tomcat\3.1.1\spring-boot-starter-tomcat-3.1.1.jar;C:\Users\simon\.m2\repository\org\apache\tomcat\embed\tomcat-embed-core\10.1.10\tomcat-embed-core-10.1.10.jar;C:\Users\simon\.m2\repository\org\apache\tomcat\embed\tomcat-embed-websocket\10.1.10\tomcat-embed-websocket-10.1.10.jar;C:\Users\simon\.m2\repository\org\springframework\spring-web\6.0.10\spring-web-6.0.10.jar;C:\Users\simon\.m2\repository\org\springframework\spring-beans\6.0.10\spring-beans-6.0.10.jar;C:\Users\simon\.m2\repository\org\springframework\spring-webmvc\6.0.10\spring-webmvc-6.0.10.jar;C:\Users\simon\.m2\repository\org\springframework\spring-aop\6.0.10\spring-aop-6.0.10.jar;C:\Users\simon\.m2\repository\org\springframework\spring-context\6.0.10\spring-context-6.0.10.jar;C:\Users\simon\.m2\repository\org\springframework\spring-expression\6.0.10\spring-expression-6.0.10.jar;C:\Users\simon\.m2\repository\org\springframework\boot\spring-boot-starter-test\3.1.1\spring-boot-starter-test-3.1.1.jar;C:\Users\simon\.m2\repository\org\springframework\boot\spring-boot-test\3.1.1\spring-boot-test-3.1.1.jar;C:\Users\simon\.m2\repository\org\springframework\boot\spring-boot-test-autoconfigure\3.1.1\spring-boot-test-autoconfigure-3.1.1.jar;C:\Users\simon\.m2\repository\com\jayway\jsonpath\json-path\2.8.0\json-path-2.8.0.jar;C:\Users\simon\.m2\repository\org\slf4j\slf4j-api\2.0.7\slf4j-api-2.0.7.jar;C:\Users\simon\.m2\repository\jakarta\xml\bind\jakarta.xml.bind-api\4.0.0\jakarta.xml.bind-api-4.0.0.jar;C:\Users\simon\.m2\repository\jakarta\activation\jakarta.activation-api\2.1.2\jakarta.activation-api-2.1.2.jar;C:\Users\simon\.m2\repository\net\minidev\json-smart\2.4.11\json-smart-2.4.11.jar;C:\Users\simon\.m2\repository\net\minidev\accessors-smart\2.4.11\accessors-smart-2.4.11.jar;C:\Users\simon\.m2\repository\org\ow2\asm\asm\9.3\asm-9.3.jar;C:\Users\simon\.m2\repository\org\assertj\assertj-core\3.24.2\assertj-core-3.24.2.jar;C:\Users\simon\.m2\repository\net\bytebuddy\byte-buddy\1.14.5\byte-buddy-1.14.5.jar;C:\Users\simon\.m2\repository\org\hamcrest\hamcrest\2.2\hamcrest-2.2.jar;C:\Users\simon\.m2\repository\org\junit\jupiter\junit-jupiter\5.9.3\junit-jupiter-5.9.3.jar;C:\Users\simon\.m2\repository\org\junit\jupiter\junit-jupiter-params\5.9.3\junit-jupiter-params-5.9.3.jar;C:\Users\simon\.m2\repository\org\junit\jupiter\junit-jupiter-engine\5.9.3\junit-jupiter-engine-5.9.3.jar;C:\Users\simon\.m2\repository\org\junit\platform\junit-platform-engine\1.9.3\junit-platform-engine-1.9.3.jar;C:\Users\simon\.m2\repository\org\mockito\mockito-core\5.3.1\mockito-core-5.3.1.jar;C:\Users\simon\.m2\repository\net\bytebuddy\byte-buddy-agent\1.14.5\byte-buddy-agent-1.14.5.jar;C:\Users\simon\.m2\repository\org\objenesis\objenesis\3.3\objenesis-3.3.jar;C:\Users\simon\.m2\repository\org\mockito\mockito-junit-jupiter\5.3.1\mockito-junit-jupiter-5.3.1.jar;C:\Users\simon\.m2\repository\org\skyscreamer\jsonassert\1.5.1\jsonassert-1.5.1.jar;C:\Users\simon\.m2\repository\com\vaadin\external\google\android-json\0.0.20131108.vaadin1\android-json-0.0.20131108.vaadin1.jar;C:\Users\simon\.m2\repository\org\springframework\spring-core\6.0.10\spring-core-6.0.10.jar;C:\Users\simon\.m2\repository\org\springframework\spring-jcl\6.0.10\spring-jcl-6.0.10.jar;C:\Users\simon\.m2\repository\org\springframework\spring-test\6.0.10\spring-test-6.0.10.jar;C:\Users\simon\.m2\repository\org\xmlunit\xmlunit-core\2.9.1\xmlunit-core-2.9.1.jar;C:\Users\simon\.m2\repository\org\apache\commons\commons-lang3\3.12.0\commons-lang3-3.12.0.jar;C:\Users\simon\.m2\repository\org\junit\jupiter\junit-jupiter-api\5.9.3\junit-jupiter-api-5.9.3.jar;C:\Users\simon\.m2\repository\org\opentest4j\opentest4j\1.2.0\opentest4j-1.2.0.jar;C:\Users\simon\.m2\repository\org\junit\platform\junit-platform-commons\1.9.3\junit-platform-commons-1.9.3.jar;C:\Users\simon\.m2\repository\org\apiguardian\apiguardian-api\1.1.2\apiguardian-api-1.1.2.jar;C:\Users\simon\.m2\repository\gpsUtil\gpsUtil\1.0.0\gpsUtil-1.0.0.jar;C:\Users\simon\.m2\repository\com\google\code\findbugs\jsr305\1.3.9\jsr305-1.3.9.jar;C:\Users\simon\.m2\repository\com\google\errorprone\error_prone_annotations\2.0.18\error_prone_annotations-2.0.18.jar;C:\Users\simon\.m2\repository\com\google\j2objc\j2objc-annotations\1.1\j2objc-annotations-1.1.jar;C:\Users\simon\.m2\repository\org\codehaus\mojo\animal-sniffer-annotations\1.14\animal-sniffer-annotations-1.14.jar;C:\Users\simon\.m2\repository\tripPricer\tripPricer\1.0.0\tripPricer-1.0.0.jar;C:\Users\simon\.m2\repository\rewardCentral\rewardCentral\1.0.0\rewardCentral-1.0.0.jar;"/>
    <property name="sun.cpu.endian" value="little"/>
    <property name="user.home" value="C:\Users\simon"/>
    <property name="user.language" value="fr"/>
    <property name="java.specification.vendor" value="Oracle Corporation"/>
    <property name="java.version.date" value="2023-01-17"/>
    <property name="java.home" value="C:\Program Files\Java\jdk-17"/>
    <property name="file.separator" value="\"/>
    <property name="basedir" value="C:\Users\simon\eclipse-workspace\TourGuide"/>
    <property name="java.vm.compressedOopsMode" value="Zero based"/>
    <property name="line.separator" value="&#10;"/>
    <property name="java.vm.specification.vendor" value="Oracle Corporation"/>
    <property name="java.specification.name" value="Java Platform API Specification"/>
    <property name="surefire.real.class.path" value="C:\Users\simon\AppData\Local\Temp\surefire10192467557754234997\surefirebooter-20230915181632458_3.jar"/>
    <property name="user.script" value=""/>
    <property name="sun.management.compiler" value="HotSpot 64-Bit Tiered Compilers"/>
    <property name="java.runtime.version" value="17.0.6+9-LTS-190"/>
    <property name="user.name" value="Simon"/>
    <property name="path.separator" value=";"/>
    <property name="os.version" value="10.0"/>
    <property name="java.runtime.name" value="Java(TM) SE Runtime Environment"/>
    <property name="file.encoding" value="Cp1252"/>
    <property name="java.vm.name" value="Java HotSpot(TM) 64-Bit Server VM"/>
    <property name="localRepository" value="C:\Users\simon\.m2\repository"/>
    <property name="java.vendor.url.bug" value="https://bugreport.java.com/bugreport/"/>
    <property name="java.io.tmpdir" value="C:\Users\simon\AppData\Local\Temp\"/>
    <property name="java.version" value="17.0.6"/>
    <property name="user.dir" value="C:\Users\simon\eclipse-workspace\TourGuide"/>
    <property name="os.arch" value="amd64"/>
    <property name="java.vm.specification.name" value="Java Virtual Machine Specification"/>
    <property name="sun.os.patch.level" value=""/>
    <property name="native.encoding" value="Cp1252"/>
    <property name="java.library.path" value="C:\Program Files\Java\jdk-17\bin;C:\WINDOWS\Sun\Java\bin;C:\WINDOWS\system32;C:\WINDOWS;C:\Program Files (x86)\Cmder\vendor\conemu-maximus5\ConEmu\Scripts;C:\Program Files (x86)\Cmder\vendor\conemu-maximus5;C:\Program Files (x86)\Cmder\vendor\conemu-maximus5\ConEmu;C:\Program Files\Common Files\Oracle\Java\javapath;C:\Program Files (x86)\Common Files\Oracle\Java\javapath;C:\Windows\system32;C:\Windows;C:\Windows\System32\Wbem;C:\Windows\System32\WindowsPowerShell\v1.0\;C:\Windows\System32\OpenSSH\;C:\Program Files (x86)\NVIDIA Corporation\PhysX\Common;C:\Program Files\NVIDIA Corporation\NVIDIA NvDLISR;C:\Program Files\dotnet\;C:\Program Files\Git\cmd;C:\WINDOWS\system32;C:\WINDOWS;C:\WINDOWS\System32\Wbem;C:\WINDOWS\System32\WindowsPowerShell\v1.0\;C:\WINDOWS\System32\OpenSSH\;C:\Program Files\Gradle\gradle-8.1.1\bin;C:\Program Files (x86)\Windows Live\Shared;C:\Users\simon\AppData\Local\Microsoft\WindowsApps;C:\Users\simon\AppData\Local\Programs\Microsoft VS Code\bin;C:\Users\simon\AppData\Local\GitHubDesktop\bin;C:\Program Files\Maven\apache-maven-3.9.1\bin;C:\Program Files\MySQL\MySQL Server 8.0\bin;C:\Program Files\Git\mingw64\bin;C:\Program Files\Git\usr\bin;C:\Program Files (x86)\Cmder\vendor\bin;C:\Program Files (x86)\Cmder;."/>
    <property name="java.vm.info" value="mixed mode, sharing"/>
    <property name="java.vendor" value="Oracle Corporation"/>
    <property name="java.vm.version" value="17.0.6+9-LTS-190"/>
    <property name="sun.io.unicode.encoding" value="UnicodeLittle"/>
    <property name="java.class.version" value="61.0"/>
  </properties>
  <testcase name="nearAllAttractions" classname="com.openclassrooms.tourguide.TestRewardsService" time="39.729">
    <system-out><![CDATA[18:16:33.078 [main] INFO com.openclassrooms.tourguide.service.TourGuideService -- TestMode enabled
18:16:33.137 [pool-2-thread-1] INFO com.openclassrooms.tourguide.tracker.Tracker -- Begin Tracker. Tracking 1 users.
18:16:33.162 [main] INFO com.openclassrooms.tourguide.service.RewardsService -- userLocation size = 3
18:16:33.162 [main] INFO com.openclassrooms.tourguide.service.RewardsService -- about to add reward for Disneyland
18:16:33.227 [pool-2-thread-1] INFO com.openclassrooms.tourguide.service.RewardsService -- userLocation size = 4
18:16:33.227 [pool-2-thread-1] INFO com.openclassrooms.tourguide.service.RewardsService -- about to add reward for Disneyland
18:16:33.524 [main] INFO com.openclassrooms.tourguide.service.RewardsService -- about to add reward for Jackson Hole
18:16:33.906 [main] INFO com.openclassrooms.tourguide.service.RewardsService -- about to add reward for Mojave National Preserve
18:16:34.158 [pool-2-thread-1] INFO com.openclassrooms.tourguide.service.RewardsService -- about to add reward for Jackson Hole
18:16:34.250 [pool-2-thread-1] INFO com.openclassrooms.tourguide.service.RewardsService -- about to add reward for Mojave National Preserve
18:16:34.487 [pool-2-thread-1] INFO com.openclassrooms.tourguide.service.RewardsService -- about to add reward for Joshua Tree National Park
18:16:34.501 [main] INFO com.openclassrooms.tourguide.service.RewardsService -- about to add reward for Joshua Tree National Park
18:16:34.540 [main] INFO com.openclassrooms.tourguide.service.RewardsService -- about to add reward for Buffalo National River
18:16:35.139 [main] INFO com.openclassrooms.tourguide.service.RewardsService -- about to add reward for Hot Springs National Park
18:16:35.251 [pool-2-thread-1] INFO com.openclassrooms.tourguide.service.RewardsService -- about to add reward for Buffalo National River
18:16:35.795 [main] INFO com.openclassrooms.tourguide.service.RewardsService -- about to add reward for Kartchner Caverns State Park
18:16:36.005 [pool-2-thread-1] INFO com.openclassrooms.tourguide.service.RewardsService -- about to add reward for Hot Springs National Park
18:16:36.594 [pool-2-thread-1] INFO com.openclassrooms.tourguide.service.RewardsService -- about to add reward for Kartchner Caverns State Park
18:16:36.713 [pool-2-thread-1] INFO com.openclassrooms.tourguide.service.RewardsService -- about to add reward for Legend Valley
18:16:36.772 [main] INFO com.openclassrooms.tourguide.service.RewardsService -- about to add reward for Legend Valley
18:16:36.876 [main] INFO com.openclassrooms.tourguide.service.RewardsService -- about to add reward for Flowers Bakery of London
18:16:37.348 [main] INFO com.openclassrooms.tourguide.service.RewardsService -- about to add reward for McKinley Tower
18:16:37.643 [pool-2-thread-1] INFO com.openclassrooms.tourguide.service.RewardsService -- about to add reward for Flowers Bakery of London
18:16:37.762 [pool-2-thread-1] INFO com.openclassrooms.tourguide.service.RewardsService -- about to add reward for McKinley Tower
18:16:37.914 [main] INFO com.openclassrooms.tourguide.service.RewardsService -- about to add reward for Flatiron Building
18:16:38.014 [pool-2-thread-1] INFO com.openclassrooms.tourguide.service.RewardsService -- about to add reward for Flatiron Building
18:16:38.615 [main] INFO com.openclassrooms.tourguide.service.RewardsService -- about to add reward for Fallingwater
18:16:38.643 [pool-2-thread-1] INFO com.openclassrooms.tourguide.service.RewardsService -- about to add reward for Fallingwater
18:16:38.840 [main] INFO com.openclassrooms.tourguide.service.RewardsService -- about to add reward for Union Station
18:16:39.035 [pool-2-thread-1] INFO com.openclassrooms.tourguide.service.RewardsService -- about to add reward for Union Station
18:16:39.309 [pool-2-thread-1] INFO com.openclassrooms.tourguide.service.RewardsService -- about to add reward for Roger Dean Stadium
18:16:39.345 [main] INFO com.openclassrooms.tourguide.service.RewardsService -- about to add reward for Roger Dean Stadium
18:16:39.738 [pool-2-thread-1] INFO com.openclassrooms.tourguide.service.RewardsService -- about to add reward for Texas Memorial Stadium
18:16:40.120 [pool-2-thread-1] INFO com.openclassrooms.tourguide.service.RewardsService -- about to add reward for Bryant-Denny Stadium
18:16:40.146 [main] INFO com.openclassrooms.tourguide.service.RewardsService -- about to add reward for Texas Memorial Stadium
18:16:40.288 [main] INFO com.openclassrooms.tourguide.service.RewardsService -- about to add reward for Bryant-Denny Stadium
18:16:40.509 [main] INFO com.openclassrooms.tourguide.service.RewardsService -- about to add reward for Tiger Stadium
18:16:40.675 [pool-2-thread-1] INFO com.openclassrooms.tourguide.service.RewardsService -- about to add reward for Tiger Stadium
18:16:40.712 [main] INFO com.openclassrooms.tourguide.service.RewardsService -- about to add reward for Neyland Stadium
18:16:40.836 [main] INFO com.openclassrooms.tourguide.service.RewardsService -- about to add reward for Kyle Field
18:16:40.852 [pool-2-thread-1] INFO com.openclassrooms.tourguide.service.RewardsService -- about to add reward for Neyland Stadium
18:16:40.909 [main] INFO com.openclassrooms.tourguide.service.RewardsService -- about to add reward for San Diego Zoo
18:16:41.016 [main] INFO com.openclassrooms.tourguide.service.RewardsService -- about to add reward for Zoo Tampa at Lowry Park
18:16:41.070 [pool-2-thread-1] INFO com.openclassrooms.tourguide.service.RewardsService -- about to add reward for Kyle Field
18:16:41.313 [main] INFO com.openclassrooms.tourguide.service.RewardsService -- about to add reward for Franklin Park Zoo
18:16:41.403 [pool-2-thread-1] INFO com.openclassrooms.tourguide.service.RewardsService -- about to add reward for San Diego Zoo
18:16:41.409 [main] INFO com.openclassrooms.tourguide.service.RewardsService -- about to add reward for El Paso Zoo
18:16:41.892 [pool-2-thread-1] INFO com.openclassrooms.tourguide.service.RewardsService -- about to add reward for Zoo Tampa at Lowry Park
18:16:41.903 [main] INFO com.openclassrooms.tourguide.service.RewardsService -- about to add reward for Kansas City Zoo
18:16:41.936 [main] INFO com.openclassrooms.tourguide.service.RewardsService -- about to add reward for Bronx Zoo
18:16:42.593 [pool-2-thread-1] INFO com.openclassrooms.tourguide.service.RewardsService -- about to add reward for Franklin Park Zoo
18:16:42.773 [main] INFO com.openclassrooms.tourguide.service.RewardsService -- about to add reward for Cinderella Castle
18:16:42.834 [main] INFO com.openclassrooms.tourguide.service.RewardsService -- about to add reward for Disneyland
18:16:43.185 [pool-2-thread-1] INFO com.openclassrooms.tourguide.service.RewardsService -- about to add reward for El Paso Zoo
18:16:43.350 [pool-2-thread-1] INFO com.openclassrooms.tourguide.service.RewardsService -- about to add reward for Kansas City Zoo
18:16:43.767 [main] INFO com.openclassrooms.tourguide.service.RewardsService -- about to add reward for Jackson Hole
18:16:43.933 [pool-2-thread-1] INFO com.openclassrooms.tourguide.service.RewardsService -- about to add reward for Bronx Zoo
18:16:44.122 [pool-2-thread-1] INFO com.openclassrooms.tourguide.service.RewardsService -- about to add reward for Cinderella Castle
18:16:44.147 [main] INFO com.openclassrooms.tourguide.service.RewardsService -- about to add reward for Mojave National Preserve
18:16:44.606 [pool-2-thread-1] INFO com.openclassrooms.tourguide.service.RewardsService -- about to add reward for Disneyland
18:16:44.813 [main] INFO com.openclassrooms.tourguide.service.RewardsService -- about to add reward for Joshua Tree National Park
18:16:45.213 [pool-2-thread-1] INFO com.openclassrooms.tourguide.service.RewardsService -- about to add reward for Jackson Hole
18:16:45.331 [main] INFO com.openclassrooms.tourguide.service.RewardsService -- about to add reward for Buffalo National River
18:16:45.370 [pool-2-thread-1] INFO com.openclassrooms.tourguide.service.RewardsService -- about to add reward for Mojave National Preserve
18:16:45.514 [pool-2-thread-1] INFO com.openclassrooms.tourguide.service.RewardsService -- about to add reward for Joshua Tree National Park
18:16:45.728 [pool-2-thread-1] INFO com.openclassrooms.tourguide.service.RewardsService -- about to add reward for Buffalo National River
18:16:45.886 [main] INFO com.openclassrooms.tourguide.service.RewardsService -- about to add reward for Hot Springs National Park
18:16:46.323 [pool-2-thread-1] INFO com.openclassrooms.tourguide.service.RewardsService -- about to add reward for Hot Springs National Park
18:16:46.457 [main] INFO com.openclassrooms.tourguide.service.RewardsService -- about to add reward for Kartchner Caverns State Park
18:16:46.791 [main] INFO com.openclassrooms.tourguide.service.RewardsService -- about to add reward for Legend Valley
18:16:46.997 [pool-2-thread-1] INFO com.openclassrooms.tourguide.service.RewardsService -- about to add reward for Kartchner Caverns State Park
18:16:47.259 [pool-2-thread-1] INFO com.openclassrooms.tourguide.service.RewardsService -- about to add reward for Legend Valley
18:16:47.475 [main] INFO com.openclassrooms.tourguide.service.RewardsService -- about to add reward for Flowers Bakery of London
18:16:48.031 [pool-2-thread-1] INFO com.openclassrooms.tourguide.service.RewardsService -- about to add reward for Flowers Bakery of London
18:16:48.263 [main] INFO com.openclassrooms.tourguide.service.RewardsService -- about to add reward for McKinley Tower
18:16:48.723 [main] INFO com.openclassrooms.tourguide.service.RewardsService -- about to add reward for Flatiron Building
18:16:48.992 [pool-2-thread-1] INFO com.openclassrooms.tourguide.service.RewardsService -- about to add reward for McKinley Tower
18:16:49.059 [pool-2-thread-1] INFO com.openclassrooms.tourguide.service.RewardsService -- about to add reward for Flatiron Building
18:16:49.395 [pool-2-thread-1] INFO com.openclassrooms.tourguide.service.RewardsService -- about to add reward for Fallingwater
18:16:49.472 [main] INFO com.openclassrooms.tourguide.service.RewardsService -- about to add reward for Fallingwater
18:16:50.158 [pool-2-thread-1] INFO com.openclassrooms.tourguide.service.RewardsService -- about to add reward for Union Station
18:16:50.247 [main] INFO com.openclassrooms.tourguide.service.RewardsService -- about to add reward for Union Station
18:16:50.479 [main] INFO com.openclassrooms.tourguide.service.RewardsService -- about to add reward for Roger Dean Stadium
18:16:50.495 [pool-2-thread-1] INFO com.openclassrooms.tourguide.service.RewardsService -- about to add reward for Roger Dean Stadium
18:16:50.761 [pool-2-thread-1] INFO com.openclassrooms.tourguide.service.RewardsService -- about to add reward for Texas Memorial Stadium
18:16:50.949 [main] INFO com.openclassrooms.tourguide.service.RewardsService -- about to add reward for Texas Memorial Stadium
18:16:51.328 [main] INFO com.openclassrooms.tourguide.service.RewardsService -- about to add reward for Bryant-Denny Stadium
18:16:51.544 [pool-2-thread-1] INFO com.openclassrooms.tourguide.service.RewardsService -- about to add reward for Bryant-Denny Stadium
18:16:52.167 [main] INFO com.openclassrooms.tourguide.service.RewardsService -- about to add reward for Tiger Stadium
18:16:52.437 [pool-2-thread-1] INFO com.openclassrooms.tourguide.service.RewardsService -- about to add reward for Tiger Stadium
18:16:52.516 [pool-2-thread-1] INFO com.openclassrooms.tourguide.service.RewardsService -- about to add reward for Neyland Stadium
18:16:52.665 [main] INFO com.openclassrooms.tourguide.service.RewardsService -- about to add reward for Neyland Stadium
18:16:52.949 [main] INFO com.openclassrooms.tourguide.service.RewardsService -- about to add reward for Kyle Field
18:16:53.274 [pool-2-thread-1] INFO com.openclassrooms.tourguide.service.RewardsService -- about to add reward for Kyle Field
18:16:53.507 [main] INFO com.openclassrooms.tourguide.service.RewardsService -- about to add reward for San Diego Zoo
18:16:53.869 [pool-2-thread-1] INFO com.openclassrooms.tourguide.service.RewardsService -- about to add reward for San Diego Zoo
18:16:54.488 [main] INFO com.openclassrooms.tourguide.service.RewardsService -- about to add reward for Zoo Tampa at Lowry Park
18:16:54.582 [main] INFO com.openclassrooms.tourguide.service.RewardsService -- about to add reward for Franklin Park Zoo
18:16:54.594 [pool-2-thread-1] INFO com.openclassrooms.tourguide.service.RewardsService -- about to add reward for Zoo Tampa at Lowry Park
18:16:55.340 [main] INFO com.openclassrooms.tourguide.service.RewardsService -- about to add reward for El Paso Zoo
18:16:55.428 [pool-2-thread-1] INFO com.openclassrooms.tourguide.service.RewardsService -- about to add reward for Franklin Park Zoo
18:16:56.119 [main] INFO com.openclassrooms.tourguide.service.RewardsService -- about to add reward for Kansas City Zoo
18:16:56.127 [pool-2-thread-1] INFO com.openclassrooms.tourguide.service.RewardsService -- about to add reward for El Paso Zoo
18:16:56.150 [pool-2-thread-1] INFO com.openclassrooms.tourguide.service.RewardsService -- about to add reward for Kansas City Zoo
18:16:56.425 [main] INFO com.openclassrooms.tourguide.service.RewardsService -- about to add reward for Bronx Zoo
18:16:56.540 [pool-2-thread-1] INFO com.openclassrooms.tourguide.service.RewardsService -- about to add reward for Bronx Zoo
18:16:56.701 [pool-2-thread-1] INFO com.openclassrooms.tourguide.service.RewardsService -- about to add reward for Cinderella Castle
18:16:56.767 [main] INFO com.openclassrooms.tourguide.service.RewardsService -- about to add reward for Cinderella Castle
18:16:56.793 [pool-2-thread-1] INFO com.openclassrooms.tourguide.service.RewardsService -- about to add reward for Disneyland
18:16:57.503 [pool-2-thread-1] INFO com.openclassrooms.tourguide.service.RewardsService -- about to add reward for Jackson Hole
18:16:57.583 [main] INFO com.openclassrooms.tourguide.service.RewardsService -- about to add reward for Disneyland
18:16:58.248 [pool-2-thread-1] INFO com.openclassrooms.tourguide.service.RewardsService -- about to add reward for Mojave National Preserve
18:16:58.383 [main] INFO com.openclassrooms.tourguide.service.RewardsService -- about to add reward for Jackson Hole
18:16:59.200 [pool-2-thread-1] INFO com.openclassrooms.tourguide.service.RewardsService -- about to add reward for Joshua Tree National Park
18:16:59.355 [main] INFO com.openclassrooms.tourguide.service.RewardsService -- about to add reward for Mojave National Preserve
18:16:59.578 [pool-2-thread-1] INFO com.openclassrooms.tourguide.service.RewardsService -- about to add reward for Buffalo National River
18:17:00.289 [main] INFO com.openclassrooms.tourguide.service.RewardsService -- about to add reward for Joshua Tree National Park
18:17:00.349 [pool-2-thread-1] INFO com.openclassrooms.tourguide.service.RewardsService -- about to add reward for Hot Springs National Park
18:17:00.651 [pool-2-thread-1] INFO com.openclassrooms.tourguide.service.RewardsService -- about to add reward for Kartchner Caverns State Park
18:17:00.734 [pool-2-thread-1] INFO com.openclassrooms.tourguide.service.RewardsService -- about to add reward for Legend Valley
18:17:01.289 [main] INFO com.openclassrooms.tourguide.service.RewardsService -- about to add reward for Buffalo National River
18:17:01.578 [pool-2-thread-1] INFO com.openclassrooms.tourguide.service.RewardsService -- about to add reward for Flowers Bakery of London
18:17:01.659 [main] INFO com.openclassrooms.tourguide.service.RewardsService -- about to add reward for Hot Springs National Park
18:17:01.803 [main] INFO com.openclassrooms.tourguide.service.RewardsService -- about to add reward for Kartchner Caverns State Park
18:17:01.821 [main] INFO com.openclassrooms.tourguide.service.RewardsService -- about to add reward for Legend Valley
18:17:02.254 [pool-2-thread-1] INFO com.openclassrooms.tourguide.service.RewardsService -- about to add reward for McKinley Tower
18:17:02.445 [pool-2-thread-1] INFO com.openclassrooms.tourguide.service.RewardsService -- about to add reward for Flatiron Building
18:17:02.743 [main] INFO com.openclassrooms.tourguide.service.RewardsService -- about to add reward for Flowers Bakery of London
18:17:03.041 [pool-2-thread-1] INFO com.openclassrooms.tourguide.service.RewardsService -- about to add reward for Fallingwater
18:17:03.692 [main] INFO com.openclassrooms.tourguide.service.RewardsService -- about to add reward for McKinley Tower
18:17:04.009 [pool-2-thread-1] INFO com.openclassrooms.tourguide.service.RewardsService -- about to add reward for Union Station
18:17:04.491 [pool-2-thread-1] INFO com.openclassrooms.tourguide.service.RewardsService -- about to add reward for Roger Dean Stadium
18:17:04.668 [main] INFO com.openclassrooms.tourguide.service.RewardsService -- about to add reward for Flatiron Building
18:17:05.320 [main] INFO com.openclassrooms.tourguide.service.RewardsService -- about to add reward for Fallingwater
18:17:05.322 [pool-2-thread-1] INFO com.openclassrooms.tourguide.service.RewardsService -- about to add reward for Texas Memorial Stadium
18:17:05.735 [main] INFO com.openclassrooms.tourguide.service.RewardsService -- about to add reward for Union Station
18:17:05.863 [pool-2-thread-1] INFO com.openclassrooms.tourguide.service.RewardsService -- about to add reward for Bryant-Denny Stadium
18:17:05.929 [pool-2-thread-1] INFO com.openclassrooms.tourguide.service.RewardsService -- about to add reward for Tiger Stadium
18:17:06.532 [main] INFO com.openclassrooms.tourguide.service.RewardsService -- about to add reward for Roger Dean Stadium
18:17:06.741 [pool-2-thread-1] INFO com.openclassrooms.tourguide.service.RewardsService -- about to add reward for Neyland Stadium
18:17:07.167 [pool-2-thread-1] INFO com.openclassrooms.tourguide.service.RewardsService -- about to add reward for Kyle Field
18:17:07.281 [main] INFO com.openclassrooms.tourguide.service.RewardsService -- about to add reward for Texas Memorial Stadium
18:17:07.637 [main] INFO com.openclassrooms.tourguide.service.RewardsService -- about to add reward for Bryant-Denny Stadium
18:17:07.797 [pool-2-thread-1] INFO com.openclassrooms.tourguide.service.RewardsService -- about to add reward for San Diego Zoo
18:17:07.924 [main] INFO com.openclassrooms.tourguide.service.RewardsService -- about to add reward for Tiger Stadium
18:17:08.472 [main] INFO com.openclassrooms.tourguide.service.RewardsService -- about to add reward for Neyland Stadium
18:17:08.506 [main] INFO com.openclassrooms.tourguide.service.RewardsService -- about to add reward for Kyle Field
18:17:08.756 [pool-2-thread-1] INFO com.openclassrooms.tourguide.service.RewardsService -- about to add reward for Zoo Tampa at Lowry Park
18:17:09.166 [main] INFO com.openclassrooms.tourguide.service.RewardsService -- about to add reward for San Diego Zoo
18:17:09.273 [pool-2-thread-1] INFO com.openclassrooms.tourguide.service.RewardsService -- about to add reward for Franklin Park Zoo
18:17:09.786 [main] INFO com.openclassrooms.tourguide.service.RewardsService -- about to add reward for Zoo Tampa at Lowry Park
18:17:09.916 [main] INFO com.openclassrooms.tourguide.service.RewardsService -- about to add reward for Franklin Park Zoo
18:17:10.039 [pool-2-thread-1] INFO com.openclassrooms.tourguide.service.RewardsService -- about to add reward for El Paso Zoo
18:17:10.358 [main] INFO com.openclassrooms.tourguide.service.RewardsService -- about to add reward for El Paso Zoo
18:17:10.710 [pool-2-thread-1] INFO com.openclassrooms.tourguide.service.RewardsService -- about to add reward for Kansas City Zoo
18:17:11.167 [main] INFO com.openclassrooms.tourguide.service.RewardsService -- about to add reward for Kansas City Zoo
18:17:11.285 [pool-2-thread-1] INFO com.openclassrooms.tourguide.service.RewardsService -- about to add reward for Bronx Zoo
18:17:11.443 [main] INFO com.openclassrooms.tourguide.service.RewardsService -- about to add reward for Bronx Zoo
18:17:11.911 [pool-2-thread-1] INFO com.openclassrooms.tourguide.service.RewardsService -- about to add reward for Cinderella Castle
18:17:12.000 [main] INFO com.openclassrooms.tourguide.service.RewardsService -- about to add reward for Cinderella Castle
18:17:12.614 [pool-2-thread-1] INFO com.openclassrooms.tourguide.service.RewardsService -- about to add reward for Disneyland
18:17:12.728 [main] INFO com.openclassrooms.tourguide.service.RewardsService -- User already got rewards : 0
18:17:12.728 [main] INFO com.openclassrooms.tourguide.service.RewardsService -- alreadyRewardedAttractionName size = 0
18:17:12.728 [main] INFO com.openclassrooms.tourguide.service.RewardsService -- rewardsToAdd size = 78
18:17:12.728 [pool-2-thread-1] INFO com.openclassrooms.tourguide.service.RewardsService -- about to add reward for Jackson Hole
]]></system-out>
  </testcase>
  <testcase name="userGetRewards" classname="com.openclassrooms.tourguide.TestRewardsService" time="1.038">
    <system-out><![CDATA[18:17:12.748 [main] INFO com.openclassrooms.tourguide.service.TourGuideService -- TestMode enabled
18:17:12.749 [pool-3-thread-1] INFO com.openclassrooms.tourguide.tracker.Tracker -- Begin Tracker. Tracking 0 users.
18:17:12.751 [pool-3-thread-1] INFO com.openclassrooms.tourguide.tracker.Tracker -- Tracker Time Elapsed: 0 seconds.
18:17:12.751 [pool-3-thread-1] INFO com.openclassrooms.tourguide.tracker.Tracker -- Tracker sleeping
18:17:12.862 [main] INFO com.openclassrooms.tourguide.service.RewardsService -- userLocation size = 2
18:17:12.862 [main] INFO com.openclassrooms.tourguide.service.RewardsService -- about to add reward for Disneyland
18:17:12.935 [pool-2-thread-1] INFO com.openclassrooms.tourguide.service.RewardsService -- about to add reward for Mojave National Preserve
18:17:13.591 [pool-2-thread-1] INFO com.openclassrooms.tourguide.service.RewardsService -- about to add reward for Joshua Tree National Park
18:17:13.719 [pool-2-thread-1] INFO com.openclassrooms.tourguide.service.RewardsService -- about to add reward for Buffalo National River
18:17:13.786 [main] INFO com.openclassrooms.tourguide.service.RewardsService -- User already got rewards : 0
18:17:13.786 [main] INFO com.openclassrooms.tourguide.service.RewardsService -- alreadyRewardedAttractionName size = 0
18:17:13.786 [main] INFO com.openclassrooms.tourguide.service.RewardsService -- rewardsToAdd size = 1
]]></system-out>
  </testcase>
  <testcase name="isWithinAttractionProximity" classname="com.openclassrooms.tourguide.TestRewardsService" time="0.012">
    <system-out><![CDATA[18:17:13.797 [pool-2-thread-1] INFO com.openclassrooms.tourguide.service.RewardsService -- about to add reward for Hot Springs National Park
]]></system-out>
  </testcase>
</testsuite>