<?xml version="1.0" encoding="UTF-8"?>
<testsuite xmlns:xsi="http://www.w3.org/2001/XMLSchema-instance" xsi:noNamespaceSchemaLocation="https://maven.apache.org/surefire/maven-surefire-plugin/xsd/surefire-test-report-3.0.xsd" version="3.0" name="com.openclassrooms.tourguide.TourguideApplicationTests" time="4.265" tests="1" errors="0" skipped="0" failures="0">
  <properties>
    <property name="java.specification.version" value="17"/>
    <property name="sun.cpu.isalist" value="amd64"/>
    <property name="sun.jnu.encoding" value="Cp1252"/>
    <property name="java.class.path" value="C:\Users\simon\eclipse-workspace\TourGuide\target\test-classes;C:\Users\simon\eclipse-workspace\TourGuide\target\classes;C:\Users\simon\.m2\repository\org\springframework\boot\spring-boot-starter-actuator\3.1.1\spring-boot-starter-actuator-3.1.1.jar;C:\Users\simon\.m2\repository\org\springframework\boot\spring-boot-starter\3.1.1\spring-boot-starter-3.1.1.jar;C:\Users\simon\.m2\repository\org\springframework\boot\spring-boot\3.1.1\spring-boot-3.1.1.jar;C:\Users\simon\.m2\repository\org\springframework\boot\spring-boot-autoconfigure\3.1.1\spring-boot-autoconfigure-3.1.1.jar;C:\Users\simon\.m2\repository\org\springframework\boot\spring-boot-starter-logging\3.1.1\spring-boot-starter-logging-3.1.1.jar;C:\Users\simon\.m2\repository\ch\qos\logback\logback-classic\1.4.8\logback-classic-1.4.8.jar;C:\Users\simon\.m2\repository\ch\qos\logback\logback-core\1.4.8\logback-core-1.4.8.jar;C:\Users\simon\.m2\repository\org\apache\logging\log4j\log4j-to-slf4j\2.20.0\log4j-to-slf4j-2.20.0.jar;C:\Users\simon\.m2\repository\org\apache\logging\log4j\log4j-api\2.20.0\log4j-api-2.20.0.jar;C:\Users\simon\.m2\repository\org\slf4j\jul-to-slf4j\2.0.7\jul-to-slf4j-2.0.7.jar;C:\Users\simon\.m2\repository\jakarta\annotation\jakarta.annotation-api\2.1.1\jakarta.annotation-api-2.1.1.jar;C:\Users\simon\.m2\repository\org\yaml\snakeyaml\1.33\snakeyaml-1.33.jar;C:\Users\simon\.m2\repository\org\springframework\boot\spring-boot-actuator-autoconfigure\3.1.1\spring-boot-actuator-autoconfigure-3.1.1.jar;C:\Users\simon\.m2\repository\org\springframework\boot\spring-boot-actuator\3.1.1\spring-boot-actuator-3.1.1.jar;C:\Users\simon\.m2\repository\com\fasterxml\jackson\core\jackson-databind\2.15.2\jackson-databind-2.15.2.jar;C:\Users\simon\.m2\repository\com\fasterxml\jackson\core\jackson-annotations\2.15.2\jackson-annotations-2.15.2.jar;C:\Users\simon\.m2\repository\com\fasterxml\jackson\core\jackson-core\2.15.2\jackson-core-2.15.2.jar;C:\Users\simon\.m2\repository\com\fasterxml\jackson\datatype\jackson-datatype-jsr310\2.15.2\jackson-datatype-jsr310-2.15.2.jar;C:\Users\simon\.m2\repository\io\micrometer\micrometer-observation\1.11.1\micrometer-observation-1.11.1.jar;C:\Users\simon\.m2\repository\io\micrometer\micrometer-commons\1.11.1\micrometer-commons-1.11.1.jar;C:\Users\simon\.m2\repository\io\micrometer\micrometer-core\1.11.1\micrometer-core-1.11.1.jar;C:\Users\simon\.m2\repository\org\hdrhistogram\HdrHistogram\2.1.12\HdrHistogram-2.1.12.jar;C:\Users\simon\.m2\repository\org\latencyutils\LatencyUtils\2.0.3\LatencyUtils-2.0.3.jar;C:\Users\simon\.m2\repository\org\springframework\boot\spring-boot-starter-validation\3.1.1\spring-boot-starter-validation-3.1.1.jar;C:\Users\simon\.m2\repository\org\apache\tomcat\embed\tomcat-embed-el\10.1.10\tomcat-embed-el-10.1.10.jar;C:\Users\simon\.m2\repository\org\hibernate\validator\hibernate-validator\8.0.0.Final\hibernate-validator-8.0.0.Final.jar;C:\Users\simon\.m2\repository\jakarta\validation\jakarta.validation-api\3.0.2\jakarta.validation-api-3.0.2.jar;C:\Users\simon\.m2\repository\org\jboss\logging\jboss-logging\3.5.1.Final\jboss-logging-3.5.1.Final.jar;C:\Users\simon\.m2\repository\com\fasterxml\classmate\1.5.1\classmate-1.5.1.jar;C:\Users\simon\.m2\repository\org\springframework\boot\spring-boot-starter-web\3.1.1\spring-boot-starter-web-3.1.1.jar;C:\Users\simon\.m2\repository\org\springframework\boot\spring-boot-starter-json\3.1.1\spring-boot-starter-json-3.1.1.jar;C:\Users\simon\.m2\repository\com\fasterxml\jackson\datatype\jackson-datatype-jdk8\2.15.2\jackson-datatype-jdk8-2.15.2.jar;C:\Users\simon\.m2\repository\com\fasterxml\jackson\module\jackson-module-parameter-names\2.15.2\jackson-module-parameter-names-2.15.2.jar;C:\Users\simon\.m2\repository\org\springframework\boot\spring-boot-starter-tomcat\3.1.1\spring-boot-starter-tomcat-3.1.1.jar;C:\Users\simon\.m2\repository\org\apache\tomcat\embed\tomcat-embed-core\10.1.10\tomcat-embed-core-10.1.10.jar;C:\Users\simon\.m2\repository\org\apache\tomcat\embed\tomcat-embed-websocket\10.1.10\tomcat-embed-websocket-10.1.10.jar;C:\Users\simon\.m2\repository\org\springframework\spring-web\6.0.10\spring-web-6.0.10.jar;C:\Users\simon\.m2\repository\org\springframework\spring-beans\6.0.10\spring-beans-6.0.10.jar;C:\Users\simon\.m2\repository\org\springframework\spring-webmvc\6.0.10\spring-webmvc-6.0.10.jar;C:\Users\simon\.m2\repository\org\springframework\spring-aop\6.0.10\spring-aop-6.0.10.jar;C:\Users\simon\.m2\repository\org\springframework\spring-context\6.0.10\spring-context-6.0.10.jar;C:\Users\simon\.m2\repository\org\springframework\spring-expression\6.0.10\spring-expression-6.0.10.jar;C:\Users\simon\.m2\repository\org\springframework\boot\spring-boot-starter-test\3.1.1\spring-boot-starter-test-3.1.1.jar;C:\Users\simon\.m2\repository\org\springframework\boot\spring-boot-test\3.1.1\spring-boot-test-3.1.1.jar;C:\Users\simon\.m2\repository\org\springframework\boot\spring-boot-test-autoconfigure\3.1.1\spring-boot-test-autoconfigure-3.1.1.jar;C:\Users\simon\.m2\repository\com\jayway\jsonpath\json-path\2.8.0\json-path-2.8.0.jar;C:\Users\simon\.m2\repository\jakarta\xml\bind\jakarta.xml.bind-api\4.0.0\jakarta.xml.bind-api-4.0.0.jar;C:\Users\simon\.m2\repository\jakarta\activation\jakarta.activation-api\2.1.2\jakarta.activation-api-2.1.2.jar;C:\Users\simon\.m2\repository\net\minidev\json-smart\2.4.11\json-smart-2.4.11.jar;C:\Users\simon\.m2\repository\net\minidev\accessors-smart\2.4.11\accessors-smart-2.4.11.jar;C:\Users\simon\.m2\repository\org\assertj\assertj-core\3.24.2\assertj-core-3.24.2.jar;C:\Users\simon\.m2\repository\net\bytebuddy\byte-buddy\1.14.5\byte-buddy-1.14.5.jar;C:\Users\simon\.m2\repository\org\hamcrest\hamcrest\2.2\hamcrest-2.2.jar;C:\Users\simon\.m2\repository\org\junit\jupiter\junit-jupiter\5.9.3\junit-jupiter-5.9.3.jar;C:\Users\simon\.m2\repository\org\junit\jupiter\junit-jupiter-params\5.9.3\junit-jupiter-params-5.9.3.jar;C:\Users\simon\.m2\repository\org\junit\jupiter\junit-jupiter-engine\5.9.3\junit-jupiter-engine-5.9.3.jar;C:\Users\simon\.m2\repository\org\junit\platform\junit-platform-engine\1.9.3\junit-platform-engine-1.9.3.jar;C:\Users\simon\.m2\repository\org\mockito\mockito-core\5.3.1\mockito-core-5.3.1.jar;C:\Users\simon\.m2\repository\net\bytebuddy\byte-buddy-agent\1.14.5\byte-buddy-agent-1.14.5.jar;C:\Users\simon\.m2\repository\org\objenesis\objenesis\3.3\objenesis-3.3.jar;C:\Users\simon\.m2\repository\org\mockito\mockito-junit-jupiter\5.3.1\mockito-junit-jupiter-5.3.1.jar;C:\Users\simon\.m2\repository\org\skyscreamer\jsonassert\1.5.1\jsonassert-1.5.1.jar;C:\Users\simon\.m2\repository\com\vaadin\external\google\android-json\0.0.20131108.vaadin1\android-json-0.0.20131108.vaadin1.jar;C:\Users\simon\.m2\repository\org\springframework\spring-core\6.0.10\spring-core-6.0.10.jar;C:\Users\simon\.m2\repository\org\springframework\spring-jcl\6.0.10\spring-jcl-6.0.10.jar;C:\Users\simon\.m2\repository\org\springframework\spring-test\6.0.10\spring-test-6.0.10.jar;C:\Users\simon\.m2\repository\org\xmlunit\xmlunit-core\2.9.1\xmlunit-core-2.9.1.jar;C:\Users\simon\.m2\repository\org\apache\commons\commons-lang3\3.12.0\commons-lang3-3.12.0.jar;C:\Users\simon\.m2\repository\org\junit\jupiter\junit-jupiter-api\5.9.3\junit-jupiter-api-5.9.3.jar;C:\Users\simon\.m2\repository\org\opentest4j\opentest4j\1.2.0\opentest4j-1.2.0.jar;C:\Users\simon\.m2\repository\org\junit\platform\junit-platform-commons\1.9.3\junit-platform-commons-1.9.3.jar;C:\Users\simon\.m2\repository\org\apiguardian\apiguardian-api\1.1.2\apiguardian-api-1.1.2.jar;C:\Users\simon\.m2\repository\org\jacoco\jacoco-maven-plugin\0.8.10\jacoco-maven-plugin-0.8.10.jar;C:\Users\simon\.m2\repository\org\codehaus\plexus\plexus-utils\3.0.24\plexus-utils-3.0.24.jar;C:\Users\simon\.m2\repository\org\apache\maven\shared\file-management\1.2.1\file-management-1.2.1.jar;C:\Users\simon\.m2\repository\org\apache\maven\maven-plugin-api\2.0.6\maven-plugin-api-2.0.6.jar;C:\Users\simon\.m2\repository\org\apache\maven\shared\maven-shared-io\1.1\maven-shared-io-1.1.jar;C:\Users\simon\.m2\repository\org\apache\maven\maven-artifact\2.0.2\maven-artifact-2.0.2.jar;C:\Users\simon\.m2\repository\org\apache\maven\maven-artifact-manager\2.0.2\maven-artifact-manager-2.0.2.jar;C:\Users\simon\.m2\repository\org\apache\maven\maven-repository-metadata\2.0.2\maven-repository-metadata-2.0.2.jar;C:\Users\simon\.m2\repository\org\apache\maven\wagon\wagon-provider-api\1.0-alpha-6\wagon-provider-api-1.0-alpha-6.jar;C:\Users\simon\.m2\repository\org\codehaus\plexus\plexus-container-default\1.0-alpha-9\plexus-container-default-1.0-alpha-9.jar;C:\Users\simon\.m2\repository\junit\junit\4.13.2\junit-4.13.2.jar;C:\Users\simon\.m2\repository\org\hamcrest\hamcrest-core\2.2\hamcrest-core-2.2.jar;C:\Users\simon\.m2\repository\classworlds\classworlds\1.1-alpha-2\classworlds-1.1-alpha-2.jar;C:\Users\simon\.m2\repository\org\apache\maven\reporting\maven-reporting-api\3.0\maven-reporting-api-3.0.jar;C:\Users\simon\.m2\repository\org\apache\maven\doxia\doxia-sink-api\1.0\doxia-sink-api-1.0.jar;C:\Users\simon\.m2\repository\org\jacoco\org.jacoco.agent\0.8.10\org.jacoco.agent-0.8.10-runtime.jar;C:\Users\simon\.m2\repository\org\jacoco\org.jacoco.core\0.8.10\org.jacoco.core-0.8.10.jar;C:\Users\simon\.m2\repository\org\ow2\asm\asm\9.5\asm-9.5.jar;C:\Users\simon\.m2\repository\org\ow2\asm\asm-commons\9.5\asm-commons-9.5.jar;C:\Users\simon\.m2\repository\org\ow2\asm\asm-tree\9.5\asm-tree-9.5.jar;C:\Users\simon\.m2\repository\org\jacoco\org.jacoco.report\0.8.10\org.jacoco.report-0.8.10.jar;C:\Users\simon\.m2\repository\gpsUtil\gpsUtil\1.0.0\gpsUtil-1.0.0.jar;C:\Users\simon\.m2\repository\com\google\code\findbugs\jsr305\1.3.9\jsr305-1.3.9.jar;C:\Users\simon\.m2\repository\com\google\errorprone\error_prone_annotations\2.0.18\error_prone_annotations-2.0.18.jar;C:\Users\simon\.m2\repository\com\google\j2objc\j2objc-annotations\1.1\j2objc-annotations-1.1.jar;C:\Users\simon\.m2\repository\org\codehaus\mojo\animal-sniffer-annotations\1.14\animal-sniffer-annotations-1.14.jar;C:\Users\simon\.m2\repository\tripPricer\tripPricer\1.0.0\tripPricer-1.0.0.jar;C:\Users\simon\.m2\repository\rewardCentral\rewardCentral\1.0.0\rewardCentral-1.0.0.jar;C:\Users\simon\.m2\repository\org\testng\testng\7.8.0\testng-7.8.0.jar;C:\Users\simon\.m2\repository\org\slf4j\slf4j-api\2.0.7\slf4j-api-2.0.7.jar;C:\Users\simon\.m2\repository\com\beust\jcommander\1.82\jcommander-1.82.jar;C:\Users\simon\.m2\repository\org\webjars\jquery\3.6.1\jquery-3.6.1.jar;"/>
    <property name="LOGBACK_ROLLINGPOLICY_MAX_FILE_SIZE" value="10485760"/>
    <property name="java.vm.vendor" value="Oracle Corporation"/>
    <property name="sun.arch.data.model" value="64"/>
    <property name="user.variant" value=""/>
    <property name="java.vendor.url" value="https://java.oracle.com/"/>
    <property name="user.timezone" value="Europe/Paris"/>
    <property name="org.jboss.logging.provider" value="slf4j"/>
    <property name="os.name" value="Windows 11"/>
    <property name="java.vm.specification.version" value="17"/>
    <property name="sun.java.launcher" value="SUN_STANDARD"/>
    <property name="user.country" value="FR"/>
    <property name="sun.boot.library.path" value="C:\Program Files\Java\jdk-17\bin"/>
    <property name="sun.java.command" value="C:\Users\simon\AppData\Local\Temp\surefire2180572176547121011\surefirebooter-20230927165000292_3.jar C:\Users\simon\AppData\Local\Temp\surefire2180572176547121011 2023-09-27T16-50-00_151-jvmRun1 surefire-20230927165000292_1tmp surefire_0-20230927165000292_2tmp"/>
    <property name="jdk.debug" value="release"/>
    <property name="surefire.test.class.path" value="C:\Users\simon\eclipse-workspace\TourGuide\target\test-classes;C:\Users\simon\eclipse-workspace\TourGuide\target\classes;C:\Users\simon\.m2\repository\org\springframework\boot\spring-boot-starter-actuator\3.1.1\spring-boot-starter-actuator-3.1.1.jar;C:\Users\simon\.m2\repository\org\springframework\boot\spring-boot-starter\3.1.1\spring-boot-starter-3.1.1.jar;C:\Users\simon\.m2\repository\org\springframework\boot\spring-boot\3.1.1\spring-boot-3.1.1.jar;C:\Users\simon\.m2\repository\org\springframework\boot\spring-boot-autoconfigure\3.1.1\spring-boot-autoconfigure-3.1.1.jar;C:\Users\simon\.m2\repository\org\springframework\boot\spring-boot-starter-logging\3.1.1\spring-boot-starter-logging-3.1.1.jar;C:\Users\simon\.m2\repository\ch\qos\logback\logback-classic\1.4.8\logback-classic-1.4.8.jar;C:\Users\simon\.m2\repository\ch\qos\logback\logback-core\1.4.8\logback-core-1.4.8.jar;C:\Users\simon\.m2\repository\org\apache\logging\log4j\log4j-to-slf4j\2.20.0\log4j-to-slf4j-2.20.0.jar;C:\Users\simon\.m2\repository\org\apache\logging\log4j\log4j-api\2.20.0\log4j-api-2.20.0.jar;C:\Users\simon\.m2\repository\org\slf4j\jul-to-slf4j\2.0.7\jul-to-slf4j-2.0.7.jar;C:\Users\simon\.m2\repository\jakarta\annotation\jakarta.annotation-api\2.1.1\jakarta.annotation-api-2.1.1.jar;C:\Users\simon\.m2\repository\org\yaml\snakeyaml\1.33\snakeyaml-1.33.jar;C:\Users\simon\.m2\repository\org\springframework\boot\spring-boot-actuator-autoconfigure\3.1.1\spring-boot-actuator-autoconfigure-3.1.1.jar;C:\Users\simon\.m2\repository\org\springframework\boot\spring-boot-actuator\3.1.1\spring-boot-actuator-3.1.1.jar;C:\Users\simon\.m2\repository\com\fasterxml\jackson\core\jackson-databind\2.15.2\jackson-databind-2.15.2.jar;C:\Users\simon\.m2\repository\com\fasterxml\jackson\core\jackson-annotations\2.15.2\jackson-annotations-2.15.2.jar;C:\Users\simon\.m2\repository\com\fasterxml\jackson\core\jackson-core\2.15.2\jackson-core-2.15.2.jar;C:\Users\simon\.m2\repository\com\fasterxml\jackson\datatype\jackson-datatype-jsr310\2.15.2\jackson-datatype-jsr310-2.15.2.jar;C:\Users\simon\.m2\repository\io\micrometer\micrometer-observation\1.11.1\micrometer-observation-1.11.1.jar;C:\Users\simon\.m2\repository\io\micrometer\micrometer-commons\1.11.1\micrometer-commons-1.11.1.jar;C:\Users\simon\.m2\repository\io\micrometer\micrometer-core\1.11.1\micrometer-core-1.11.1.jar;C:\Users\simon\.m2\repository\org\hdrhistogram\HdrHistogram\2.1.12\HdrHistogram-2.1.12.jar;C:\Users\simon\.m2\repository\org\latencyutils\LatencyUtils\2.0.3\LatencyUtils-2.0.3.jar;C:\Users\simon\.m2\repository\org\springframework\boot\spring-boot-starter-validation\3.1.1\spring-boot-starter-validation-3.1.1.jar;C:\Users\simon\.m2\repository\org\apache\tomcat\embed\tomcat-embed-el\10.1.10\tomcat-embed-el-10.1.10.jar;C:\Users\simon\.m2\repository\org\hibernate\validator\hibernate-validator\8.0.0.Final\hibernate-validator-8.0.0.Final.jar;C:\Users\simon\.m2\repository\jakarta\validation\jakarta.validation-api\3.0.2\jakarta.validation-api-3.0.2.jar;C:\Users\simon\.m2\repository\org\jboss\logging\jboss-logging\3.5.1.Final\jboss-logging-3.5.1.Final.jar;C:\Users\simon\.m2\repository\com\fasterxml\classmate\1.5.1\classmate-1.5.1.jar;C:\Users\simon\.m2\repository\org\springframework\boot\spring-boot-starter-web\3.1.1\spring-boot-starter-web-3.1.1.jar;C:\Users\simon\.m2\repository\org\springframework\boot\spring-boot-starter-json\3.1.1\spring-boot-starter-json-3.1.1.jar;C:\Users\simon\.m2\repository\com\fasterxml\jackson\datatype\jackson-datatype-jdk8\2.15.2\jackson-datatype-jdk8-2.15.2.jar;C:\Users\simon\.m2\repository\com\fasterxml\jackson\module\jackson-module-parameter-names\2.15.2\jackson-module-parameter-names-2.15.2.jar;C:\Users\simon\.m2\repository\org\springframework\boot\spring-boot-starter-tomcat\3.1.1\spring-boot-starter-tomcat-3.1.1.jar;C:\Users\simon\.m2\repository\org\apache\tomcat\embed\tomcat-embed-core\10.1.10\tomcat-embed-core-10.1.10.jar;C:\Users\simon\.m2\repository\org\apache\tomcat\embed\tomcat-embed-websocket\10.1.10\tomcat-embed-websocket-10.1.10.jar;C:\Users\simon\.m2\repository\org\springframework\spring-web\6.0.10\spring-web-6.0.10.jar;C:\Users\simon\.m2\repository\org\springframework\spring-beans\6.0.10\spring-beans-6.0.10.jar;C:\Users\simon\.m2\repository\org\springframework\spring-webmvc\6.0.10\spring-webmvc-6.0.10.jar;C:\Users\simon\.m2\repository\org\springframework\spring-aop\6.0.10\spring-aop-6.0.10.jar;C:\Users\simon\.m2\repository\org\springframework\spring-context\6.0.10\spring-context-6.0.10.jar;C:\Users\simon\.m2\repository\org\springframework\spring-expression\6.0.10\spring-expression-6.0.10.jar;C:\Users\simon\.m2\repository\org\springframework\boot\spring-boot-starter-test\3.1.1\spring-boot-starter-test-3.1.1.jar;C:\Users\simon\.m2\repository\org\springframework\boot\spring-boot-test\3.1.1\spring-boot-test-3.1.1.jar;C:\Users\simon\.m2\repository\org\springframework\boot\spring-boot-test-autoconfigure\3.1.1\spring-boot-test-autoconfigure-3.1.1.jar;C:\Users\simon\.m2\repository\com\jayway\jsonpath\json-path\2.8.0\json-path-2.8.0.jar;C:\Users\simon\.m2\repository\jakarta\xml\bind\jakarta.xml.bind-api\4.0.0\jakarta.xml.bind-api-4.0.0.jar;C:\Users\simon\.m2\repository\jakarta\activation\jakarta.activation-api\2.1.2\jakarta.activation-api-2.1.2.jar;C:\Users\simon\.m2\repository\net\minidev\json-smart\2.4.11\json-smart-2.4.11.jar;C:\Users\simon\.m2\repository\net\minidev\accessors-smart\2.4.11\accessors-smart-2.4.11.jar;C:\Users\simon\.m2\repository\org\assertj\assertj-core\3.24.2\assertj-core-3.24.2.jar;C:\Users\simon\.m2\repository\net\bytebuddy\byte-buddy\1.14.5\byte-buddy-1.14.5.jar;C:\Users\simon\.m2\repository\org\hamcrest\hamcrest\2.2\hamcrest-2.2.jar;C:\Users\simon\.m2\repository\org\junit\jupiter\junit-jupiter\5.9.3\junit-jupiter-5.9.3.jar;C:\Users\simon\.m2\repository\org\junit\jupiter\junit-jupiter-params\5.9.3\junit-jupiter-params-5.9.3.jar;C:\Users\simon\.m2\repository\org\junit\jupiter\junit-jupiter-engine\5.9.3\junit-jupiter-engine-5.9.3.jar;C:\Users\simon\.m2\repository\org\junit\platform\junit-platform-engine\1.9.3\junit-platform-engine-1.9.3.jar;C:\Users\simon\.m2\repository\org\mockito\mockito-core\5.3.1\mockito-core-5.3.1.jar;C:\Users\simon\.m2\repository\net\bytebuddy\byte-buddy-agent\1.14.5\byte-buddy-agent-1.14.5.jar;C:\Users\simon\.m2\repository\org\objenesis\objenesis\3.3\objenesis-3.3.jar;C:\Users\simon\.m2\repository\org\mockito\mockito-junit-jupiter\5.3.1\mockito-junit-jupiter-5.3.1.jar;C:\Users\simon\.m2\repository\org\skyscreamer\jsonassert\1.5.1\jsonassert-1.5.1.jar;C:\Users\simon\.m2\repository\com\vaadin\external\google\android-json\0.0.20131108.vaadin1\android-json-0.0.20131108.vaadin1.jar;C:\Users\simon\.m2\repository\org\springframework\spring-core\6.0.10\spring-core-6.0.10.jar;C:\Users\simon\.m2\repository\org\springframework\spring-jcl\6.0.10\spring-jcl-6.0.10.jar;C:\Users\simon\.m2\repository\org\springframework\spring-test\6.0.10\spring-test-6.0.10.jar;C:\Users\simon\.m2\repository\org\xmlunit\xmlunit-core\2.9.1\xmlunit-core-2.9.1.jar;C:\Users\simon\.m2\repository\org\apache\commons\commons-lang3\3.12.0\commons-lang3-3.12.0.jar;C:\Users\simon\.m2\repository\org\junit\jupiter\junit-jupiter-api\5.9.3\junit-jupiter-api-5.9.3.jar;C:\Users\simon\.m2\repository\org\opentest4j\opentest4j\1.2.0\opentest4j-1.2.0.jar;C:\Users\simon\.m2\repository\org\junit\platform\junit-platform-commons\1.9.3\junit-platform-commons-1.9.3.jar;C:\Users\simon\.m2\repository\org\apiguardian\apiguardian-api\1.1.2\apiguardian-api-1.1.2.jar;C:\Users\simon\.m2\repository\org\jacoco\jacoco-maven-plugin\0.8.10\jacoco-maven-plugin-0.8.10.jar;C:\Users\simon\.m2\repository\org\codehaus\plexus\plexus-utils\3.0.24\plexus-utils-3.0.24.jar;C:\Users\simon\.m2\repository\org\apache\maven\shared\file-management\1.2.1\file-management-1.2.1.jar;C:\Users\simon\.m2\repository\org\apache\maven\maven-plugin-api\2.0.6\maven-plugin-api-2.0.6.jar;C:\Users\simon\.m2\repository\org\apache\maven\shared\maven-shared-io\1.1\maven-shared-io-1.1.jar;C:\Users\simon\.m2\repository\org\apache\maven\maven-artifact\2.0.2\maven-artifact-2.0.2.jar;C:\Users\simon\.m2\repository\org\apache\maven\maven-artifact-manager\2.0.2\maven-artifact-manager-2.0.2.jar;C:\Users\simon\.m2\repository\org\apache\maven\maven-repository-metadata\2.0.2\maven-repository-metadata-2.0.2.jar;C:\Users\simon\.m2\repository\org\apache\maven\wagon\wagon-provider-api\1.0-alpha-6\wagon-provider-api-1.0-alpha-6.jar;C:\Users\simon\.m2\repository\org\codehaus\plexus\plexus-container-default\1.0-alpha-9\plexus-container-default-1.0-alpha-9.jar;C:\Users\simon\.m2\repository\junit\junit\4.13.2\junit-4.13.2.jar;C:\Users\simon\.m2\repository\org\hamcrest\hamcrest-core\2.2\hamcrest-core-2.2.jar;C:\Users\simon\.m2\repository\classworlds\classworlds\1.1-alpha-2\classworlds-1.1-alpha-2.jar;C:\Users\simon\.m2\repository\org\apache\maven\reporting\maven-reporting-api\3.0\maven-reporting-api-3.0.jar;C:\Users\simon\.m2\repository\org\apache\maven\doxia\doxia-sink-api\1.0\doxia-sink-api-1.0.jar;C:\Users\simon\.m2\repository\org\jacoco\org.jacoco.agent\0.8.10\org.jacoco.agent-0.8.10-runtime.jar;C:\Users\simon\.m2\repository\org\jacoco\org.jacoco.core\0.8.10\org.jacoco.core-0.8.10.jar;C:\Users\simon\.m2\repository\org\ow2\asm\asm\9.5\asm-9.5.jar;C:\Users\simon\.m2\repository\org\ow2\asm\asm-commons\9.5\asm-commons-9.5.jar;C:\Users\simon\.m2\repository\org\ow2\asm\asm-tree\9.5\asm-tree-9.5.jar;C:\Users\simon\.m2\repository\org\jacoco\org.jacoco.report\0.8.10\org.jacoco.report-0.8.10.jar;C:\Users\simon\.m2\repository\gpsUtil\gpsUtil\1.0.0\gpsUtil-1.0.0.jar;C:\Users\simon\.m2\repository\com\google\code\findbugs\jsr305\1.3.9\jsr305-1.3.9.jar;C:\Users\simon\.m2\repository\com\google\errorprone\error_prone_annotations\2.0.18\error_prone_annotations-2.0.18.jar;C:\Users\simon\.m2\repository\com\google\j2objc\j2objc-annotations\1.1\j2objc-annotations-1.1.jar;C:\Users\simon\.m2\repository\org\codehaus\mojo\animal-sniffer-annotations\1.14\animal-sniffer-annotations-1.14.jar;C:\Users\simon\.m2\repository\tripPricer\tripPricer\1.0.0\tripPricer-1.0.0.jar;C:\Users\simon\.m2\repository\rewardCentral\rewardCentral\1.0.0\rewardCentral-1.0.0.jar;C:\Users\simon\.m2\repository\org\testng\testng\7.8.0\testng-7.8.0.jar;C:\Users\simon\.m2\repository\org\slf4j\slf4j-api\2.0.7\slf4j-api-2.0.7.jar;C:\Users\simon\.m2\repository\com\beust\jcommander\1.82\jcommander-1.82.jar;C:\Users\simon\.m2\repository\org\webjars\jquery\3.6.1\jquery-3.6.1.jar;"/>
    <property name="sun.cpu.endian" value="little"/>
    <property name="user.home" value="C:\Users\simon"/>
    <property name="user.language" value="fr"/>
    <property name="java.specification.vendor" value="Oracle Corporation"/>
    <property name="java.version.date" value="2023-01-17"/>
    <property name="java.home" value="C:\Program Files\Java\jdk-17"/>
    <property name="file.separator" value="\"/>
    <property name="basedir" value="C:\Users\simon\eclipse-workspace\TourGuide"/>
    <property name="java.vm.compressedOopsMode" value="Zero based"/>
    <property name="line.separator" value="&#10;"/>
    <property name="java.vm.specification.vendor" value="Oracle Corporation"/>
    <property name="java.specification.name" value="Java Platform API Specification"/>
    <property name="FILE_LOG_CHARSET" value="windows-1252"/>
    <property name="java.awt.headless" value="true"/>
    <property name="surefire.real.class.path" value="C:\Users\simon\AppData\Local\Temp\surefire2180572176547121011\surefirebooter-20230927165000292_3.jar"/>
    <property name="user.script" value=""/>
    <property name="sun.management.compiler" value="HotSpot 64-Bit Tiered Compilers"/>
    <property name="java.runtime.version" value="17.0.6+9-LTS-190"/>
    <property name="user.name" value="Simon"/>
    <property name="path.separator" value=";"/>
    <property name="os.version" value="10.0"/>
    <property name="java.runtime.name" value="Java(TM) SE Runtime Environment"/>
    <property name="file.encoding" value="Cp1252"/>
    <property name="java.vm.name" value="Java HotSpot(TM) 64-Bit Server VM"/>
    <property name="LOG_FILE" value="logs/app.log"/>
    <property name="localRepository" value="C:\Users\simon\.m2\repository"/>
    <property name="java.vendor.url.bug" value="https://bugreport.java.com/bugreport/"/>
    <property name="java.io.tmpdir" value="C:\Users\simon\AppData\Local\Temp\"/>
    <property name="java.version" value="17.0.6"/>
    <property name="user.dir" value="C:\Users\simon\eclipse-workspace\TourGuide"/>
    <property name="os.arch" value="amd64"/>
    <property name="java.vm.specification.name" value="Java Virtual Machine Specification"/>
    <property name="PID" value="7856"/>
    <property name="sun.os.patch.level" value=""/>
    <property name="CONSOLE_LOG_CHARSET" value="windows-1252"/>
    <property name="LOGBACK_ROLLINGPOLICY_MAX_HISTORY" value="5"/>
    <property name="native.encoding" value="Cp1252"/>
    <property name="java.library.path" value="C:\Program Files\Java\jdk-17\bin;C:\WINDOWS\Sun\Java\bin;C:\WINDOWS\system32;C:\WINDOWS;C:\Program Files (x86)\Cmder\vendor\conemu-maximus5\ConEmu\Scripts;C:\Program Files (x86)\Cmder\vendor\conemu-maximus5;C:\Program Files (x86)\Cmder\vendor\conemu-maximus5\ConEmu;C:\Program Files\Common Files\Oracle\Java\javapath;C:\Program Files (x86)\Common Files\Oracle\Java\javapath;C:\Windows\system32;C:\Windows;C:\Windows\System32\Wbem;C:\Windows\System32\WindowsPowerShell\v1.0\;C:\Windows\System32\OpenSSH\;C:\Program Files (x86)\NVIDIA Corporation\PhysX\Common;C:\Program Files\NVIDIA Corporation\NVIDIA NvDLISR;C:\Program Files\dotnet\;C:\Program Files\Git\cmd;C:\WINDOWS\system32;C:\WINDOWS;C:\WINDOWS\System32\Wbem;C:\WINDOWS\System32\WindowsPowerShell\v1.0\;C:\WINDOWS\System32\OpenSSH\;C:\Program Files\Gradle\gradle-8.1.1\bin;C:\Program Files (x86)\Windows Live\Shared;C:\Users\simon\AppData\Local\Microsoft\WindowsApps;C:\Users\simon\AppData\Local\Programs\Microsoft VS Code\bin;C:\Users\simon\AppData\Local\GitHubDesktop\bin;C:\Program Files\Maven\apache-maven-3.9.1\bin;C:\Program Files\MySQL\MySQL Server 8.0\bin;C:\Program Files\Git\mingw64\bin;C:\Program Files\Git\usr\bin;C:\Program Files (x86)\Cmder\vendor\bin;C:\Program Files (x86)\Cmder;."/>
    <property name="java.vm.info" value="mixed mode, sharing"/>
    <property name="java.vendor" value="Oracle Corporation"/>
    <property name="java.vm.version" value="17.0.6+9-LTS-190"/>
    <property name="sun.io.unicode.encoding" value="UnicodeLittle"/>
    <property name="java.class.version" value="61.0"/>
  </properties>
  <testcase name="contextLoads" classname="com.openclassrooms.tourguide.TourguideApplicationTests" time="0.778">
    <system-out><![CDATA[16:51:38.486 [pool-2-thread-1] INFO com.openclassrooms.tourguide.service.TourGuideService -- Adding the current location to the user internalUser5149
16:51:38.590 [pool-2-thread-1] INFO com.openclassrooms.tourguide.service.TourGuideService -- Adding the current location to the user internalUser5148
16:51:38.641 [pool-2-thread-1] INFO com.openclassrooms.tourguide.service.TourGuideService -- Adding the current location to the user internalUser6479
16:51:38.661 [main] INFO org.springframework.test.context.support.AnnotationConfigContextLoaderUtils -- Could not detect default configuration classes for test class [com.openclassrooms.tourguide.TourguideApplicationTests]: TourguideApplicationTests does not declare any static, non-private, non-final, nested classes annotated with @Configuration.
16:51:38.746 [pool-2-thread-1] INFO com.openclassrooms.tourguide.service.TourGuideService -- Adding the current location to the user internalUser5141
16:51:38.818 [main] INFO org.springframework.boot.test.context.SpringBootTestContextBootstrapper -- Found @SpringBootConfiguration com.openclassrooms.tourguide.TourguideApplication for test class com.openclassrooms.tourguide.TourguideApplicationTests
16:51:38.826 [pool-2-thread-1] INFO com.openclassrooms.tourguide.service.TourGuideService -- Adding the current location to the user internalUser6472
16:51:38.892 [pool-2-thread-1] INFO com.openclassrooms.tourguide.service.TourGuideService -- Adding the current location to the user internalUser5140
16:51:38.984 [pool-2-thread-1] INFO com.openclassrooms.tourguide.service.TourGuideService -- Adding the current location to the user internalUser6471

  .   ____          _            __ _ _
 /\\ / ___'_ __ _ _(_)_ __  __ _ \ \ \ \
( ( )\___ | '_ | '_| | '_ \/ _` | \ \ \ \
 \\/  ___)| |_)| | | | | || (_| |  ) ) ) )
  '  |____| .__|_| |_|_| |_\__, | / / / /
 =========|_|==============|___/=/_/_/_/
 :: Spring Boot ::                (v3.1.1)

2023-09-27T16:51:39.315+02:00  INFO 7856 --- [pool-2-thread-1] c.o.tourguide.service.TourGuideService   : Adding the current location to the user internalUser6473
2023-09-27T16:51:39.319+02:00 DEBUG 7856 --- [pool-2-thread-1] c.o.tourguide.service.RewardsService     : calculate reward for internalUser6473 on his 5 known locations
2023-09-27T16:51:39.331+02:00 DEBUG 7856 --- [pool-2-thread-1] c.o.tourguide.service.RewardsService     : Checking if the user f837d7d7-7603-4045-ad29-14a1ea2d7094 already get close from Disneyland
2023-09-27T16:51:39.331+02:00 DEBUG 7856 --- [pool-2-thread-1] c.o.tourguide.service.RewardsService     : Calculate distance between -117.922008/33.817595 and -93.16349071984921/-33.49730223904544
2023-09-27T16:51:39.331+02:00 DEBUG 7856 --- [pool-2-thread-1] c.o.tourguide.service.RewardsService     : Checking if the user f837d7d7-7603-4045-ad29-14a1ea2d7094 already get close from Jackson Hole
2023-09-27T16:51:39.331+02:00 DEBUG 7856 --- [pool-2-thread-1] c.o.tourguide.service.RewardsService     : Calculate distance between -110.821999/43.582767 and -93.16349071984921/-33.49730223904544
2023-09-27T16:51:39.331+02:00 DEBUG 7856 --- [pool-2-thread-1] c.o.tourguide.service.RewardsService     : Checking if the user f837d7d7-7603-4045-ad29-14a1ea2d7094 already get close from Mojave National Preserve
2023-09-27T16:51:39.331+02:00 DEBUG 7856 --- [pool-2-thread-1] c.o.tourguide.service.RewardsService     : Calculate distance between -115.510399/35.141689 and -93.16349071984921/-33.49730223904544
2023-09-27T16:51:39.331+02:00 DEBUG 7856 --- [pool-2-thread-1] c.o.tourguide.service.RewardsService     : Checking if the user f837d7d7-7603-4045-ad29-14a1ea2d7094 already get close from Joshua Tree National Park
2023-09-27T16:51:39.331+02:00 DEBUG 7856 --- [pool-2-thread-1] c.o.tourguide.service.RewardsService     : Calculate distance between -115.90065/33.881866 and -93.16349071984921/-33.49730223904544
2023-09-27T16:51:39.331+02:00 DEBUG 7856 --- [pool-2-thread-1] c.o.tourguide.service.RewardsService     : Checking if the user f837d7d7-7603-4045-ad29-14a1ea2d7094 already get close from Buffalo National River
2023-09-27T16:51:39.331+02:00 DEBUG 7856 --- [pool-2-thread-1] c.o.tourguide.service.RewardsService     : Calculate distance between -92.757652/35.985512 and -93.16349071984921/-33.49730223904544
2023-09-27T16:51:39.331+02:00 DEBUG 7856 --- [pool-2-thread-1] c.o.tourguide.service.RewardsService     : Checking if the user f837d7d7-7603-4045-ad29-14a1ea2d7094 already get close from Hot Springs National Park
2023-09-27T16:51:39.331+02:00 DEBUG 7856 --- [pool-2-thread-1] c.o.tourguide.service.RewardsService     : Calculate distance between -93.042267/34.52153 and -93.16349071984921/-33.49730223904544
2023-09-27T16:51:39.331+02:00 DEBUG 7856 --- [pool-2-thread-1] c.o.tourguide.service.RewardsService     : Checking if the user f837d7d7-7603-4045-ad29-14a1ea2d7094 already get close from Kartchner Caverns State Park
2023-09-27T16:51:39.331+02:00 DEBUG 7856 --- [pool-2-thread-1] c.o.tourguide.service.RewardsService     : Calculate distance between -110.347382/31.837551 and -93.16349071984921/-33.49730223904544
2023-09-27T16:51:39.331+02:00 DEBUG 7856 --- [pool-2-thread-1] c.o.tourguide.service.RewardsService     : Checking if the user f837d7d7-7603-4045-ad29-14a1ea2d7094 already get close from Legend Valley
2023-09-27T16:51:39.331+02:00 DEBUG 7856 --- [pool-2-thread-1] c.o.tourguide.service.RewardsService     : Calculate distance between -82.40667/39.937778 and -93.16349071984921/-33.49730223904544
2023-09-27T16:51:39.331+02:00 DEBUG 7856 --- [pool-2-thread-1] c.o.tourguide.service.RewardsService     : Checking if the user f837d7d7-7603-4045-ad29-14a1ea2d7094 already get close from Flowers Bakery of London
2023-09-27T16:51:39.331+02:00 DEBUG 7856 --- [pool-2-thread-1] c.o.tourguide.service.RewardsService     : Calculate distance between -84.07486/37.131527 and -93.16349071984921/-33.49730223904544
2023-09-27T16:51:39.332+02:00 DEBUG 7856 --- [pool-2-thread-1] c.o.tourguide.service.RewardsService     : Checking if the user f837d7d7-7603-4045-ad29-14a1ea2d7094 already get close from McKinley Tower
2023-09-27T16:51:39.332+02:00 DEBUG 7856 --- [pool-2-thread-1] c.o.tourguide.service.RewardsService     : Calculate distance between -149.877502/61.218887 and -93.16349071984921/-33.49730223904544
2023-09-27T16:51:39.332+02:00 DEBUG 7856 --- [pool-2-thread-1] c.o.tourguide.service.RewardsService     : Checking if the user f837d7d7-7603-4045-ad29-14a1ea2d7094 already get close from Flatiron Building
2023-09-27T16:51:39.332+02:00 DEBUG 7856 --- [pool-2-thread-1] c.o.tourguide.service.RewardsService     : Calculate distance between -73.989723/40.741112 and -93.16349071984921/-33.49730223904544
2023-09-27T16:51:39.332+02:00 DEBUG 7856 --- [pool-2-thread-1] c.o.tourguide.service.RewardsService     : Checking if the user f837d7d7-7603-4045-ad29-14a1ea2d7094 already get close from Fallingwater
2023-09-27T16:51:39.332+02:00 DEBUG 7856 --- [pool-2-thread-1] c.o.tourguide.service.RewardsService     : Calculate distance between -79.468056/39.906113 and -93.16349071984921/-33.49730223904544
2023-09-27T16:51:39.332+02:00 DEBUG 7856 --- [pool-2-thread-1] c.o.tourguide.service.RewardsService     : Checking if the user f837d7d7-7603-4045-ad29-14a1ea2d7094 already get close from Union Station
2023-09-27T16:51:39.332+02:00 DEBUG 7856 --- [pool-2-thread-1] c.o.tourguide.service.RewardsService     : Calculate distance between -77.006332/38.897095 and -93.16349071984921/-33.49730223904544
2023-09-27T16:51:39.332+02:00 DEBUG 7856 --- [pool-2-thread-1] c.o.tourguide.service.RewardsService     : Checking if the user f837d7d7-7603-4045-ad29-14a1ea2d7094 already get close from Roger Dean Stadium
2023-09-27T16:51:39.332+02:00 DEBUG 7856 --- [pool-2-thread-1] c.o.tourguide.service.RewardsService     : Calculate distance between -80.116577/26.890959 and -93.16349071984921/-33.49730223904544
2023-09-27T16:51:39.332+02:00 DEBUG 7856 --- [pool-2-thread-1] c.o.tourguide.service.RewardsService     : Checking if the user f837d7d7-7603-4045-ad29-14a1ea2d7094 already get close from Texas Memorial Stadium
2023-09-27T16:51:39.332+02:00 DEBUG 7856 --- [pool-2-thread-1] c.o.tourguide.service.RewardsService     : Calculate distance between -97.732536/30.283682 and -93.16349071984921/-33.49730223904544
2023-09-27T16:51:39.332+02:00 DEBUG 7856 --- [pool-2-thread-1] c.o.tourguide.service.RewardsService     : Checking if the user f837d7d7-7603-4045-ad29-14a1ea2d7094 already get close from Bryant-Denny Stadium
2023-09-27T16:51:39.332+02:00 DEBUG 7856 --- [pool-2-thread-1] c.o.tourguide.service.RewardsService     : Calculate distance between -87.550438/33.208973 and -93.16349071984921/-33.49730223904544
2023-09-27T16:51:39.332+02:00 DEBUG 7856 --- [pool-2-thread-1] c.o.tourguide.service.RewardsService     : Checking if the user f837d7d7-7603-4045-ad29-14a1ea2d7094 already get close from Tiger Stadium
2023-09-27T16:51:39.332+02:00 DEBUG 7856 --- [pool-2-thread-1] c.o.tourguide.service.RewardsService     : Calculate distance between -91.183815/30.412035 and -93.16349071984921/-33.49730223904544
2023-09-27T16:51:39.332+02:00 DEBUG 7856 --- [pool-2-thread-1] c.o.tourguide.service.RewardsService     : Checking if the user f837d7d7-7603-4045-ad29-14a1ea2d7094 already get close from Neyland Stadium
2023-09-27T16:51:39.332+02:00 DEBUG 7856 --- [pool-2-thread-1] c.o.tourguide.service.RewardsService     : Calculate distance between -83.925011/35.955013 and -93.16349071984921/-33.49730223904544
2023-09-27T16:51:39.333+02:00 DEBUG 7856 --- [pool-2-thread-1] c.o.tourguide.service.RewardsService     : Checking if the user f837d7d7-7603-4045-ad29-14a1ea2d7094 already get close from Kyle Field
2023-09-27T16:51:39.333+02:00 DEBUG 7856 --- [pool-2-thread-1] c.o.tourguide.service.RewardsService     : Calculate distance between -96.339844/30.61025 and -93.16349071984921/-33.49730223904544
2023-09-27T16:51:39.333+02:00 DEBUG 7856 --- [pool-2-thread-1] c.o.tourguide.service.RewardsService     : Checking if the user f837d7d7-7603-4045-ad29-14a1ea2d7094 already get close from San Diego Zoo
2023-09-27T16:51:39.333+02:00 DEBUG 7856 --- [pool-2-thread-1] c.o.tourguide.service.RewardsService     : Calculate distance between -117.149048/32.735317 and -93.16349071984921/-33.49730223904544
2023-09-27T16:51:39.333+02:00 DEBUG 7856 --- [pool-2-thread-1] c.o.tourguide.service.RewardsService     : Checking if the user f837d7d7-7603-4045-ad29-14a1ea2d7094 already get close from Zoo Tampa at Lowry Park
2023-09-27T16:51:39.333+02:00 DEBUG 7856 --- [pool-2-thread-1] c.o.tourguide.service.RewardsService     : Calculate distance between -82.469269/28.012804 and -93.16349071984921/-33.49730223904544
2023-09-27T16:51:39.333+02:00 DEBUG 7856 --- [pool-2-thread-1] c.o.tourguide.service.RewardsService     : Checking if the user f837d7d7-7603-4045-ad29-14a1ea2d7094 already get close from Franklin Park Zoo
2023-09-27T16:51:39.333+02:00 DEBUG 7856 --- [pool-2-thread-1] c.o.tourguide.service.RewardsService     : Calculate distance between -71.086731/42.302601 and -93.16349071984921/-33.49730223904544
2023-09-27T16:51:39.333+02:00 DEBUG 7856 --- [pool-2-thread-1] c.o.tourguide.service.RewardsService     : Checking if the user f837d7d7-7603-4045-ad29-14a1ea2d7094 already get close from El Paso Zoo
2023-09-27T16:51:39.333+02:00 DEBUG 7856 --- [pool-2-thread-1] c.o.tourguide.service.RewardsService     : Calculate distance between -106.44487/31.769125 and -93.16349071984921/-33.49730223904544
2023-09-27T16:51:39.333+02:00 DEBUG 7856 --- [pool-2-thread-1] c.o.tourguide.service.RewardsService     : Checking if the user f837d7d7-7603-4045-ad29-14a1ea2d7094 already get close from Kansas City Zoo
2023-09-27T16:51:39.333+02:00 DEBUG 7856 --- [pool-2-thread-1] c.o.tourguide.service.RewardsService     : Calculate distance between -94.529625/39.007504 and -93.16349071984921/-33.49730223904544
2023-09-27T16:51:39.333+02:00 DEBUG 7856 --- [pool-2-thread-1] c.o.tourguide.service.RewardsService     : Checking if the user f837d7d7-7603-4045-ad29-14a1ea2d7094 already get close from Bronx Zoo
2023-09-27T16:51:39.333+02:00 DEBUG 7856 --- [pool-2-thread-1] c.o.tourguide.service.RewardsService     : Calculate distance between -73.872971/40.852905 and -93.16349071984921/-33.49730223904544
2023-09-27T16:51:39.333+02:00 DEBUG 7856 --- [pool-2-thread-1] c.o.tourguide.service.RewardsService     : Checking if the user f837d7d7-7603-4045-ad29-14a1ea2d7094 already get close from Cinderella Castle
2023-09-27T16:51:39.333+02:00 DEBUG 7856 --- [pool-2-thread-1] c.o.tourguide.service.RewardsService     : Calculate distance between -81.5812/28.419411 and -93.16349071984921/-33.49730223904544
2023-09-27T16:51:39.333+02:00 DEBUG 7856 --- [pool-2-thread-1] c.o.tourguide.service.RewardsService     : Checking if the user f837d7d7-7603-4045-ad29-14a1ea2d7094 already get close from Disneyland
2023-09-27T16:51:39.333+02:00 DEBUG 7856 --- [pool-2-thread-1] c.o.tourguide.service.RewardsService     : Calculate distance between -117.922008/33.817595 and -174.89081894523636/83.93058773934717
2023-09-27T16:51:39.333+02:00 DEBUG 7856 --- [pool-2-thread-1] c.o.tourguide.service.RewardsService     : Checking if the user f837d7d7-7603-4045-ad29-14a1ea2d7094 already get close from Jackson Hole
2023-09-27T16:51:39.333+02:00 DEBUG 7856 --- [pool-2-thread-1] c.o.tourguide.service.RewardsService     : Calculate distance between -110.821999/43.582767 and -174.89081894523636/83.93058773934717
2023-09-27T16:51:39.333+02:00 DEBUG 7856 --- [pool-2-thread-1] c.o.tourguide.service.RewardsService     : Checking if the user f837d7d7-7603-4045-ad29-14a1ea2d7094 already get close from Mojave National Preserve
2023-09-27T16:51:39.333+02:00 DEBUG 7856 --- [pool-2-thread-1] c.o.tourguide.service.RewardsService     : Calculate distance between -115.510399/35.141689 and -174.89081894523636/83.93058773934717
2023-09-27T16:51:39.333+02:00 DEBUG 7856 --- [pool-2-thread-1] c.o.tourguide.service.RewardsService     : Checking if the user f837d7d7-7603-4045-ad29-14a1ea2d7094 already get close from Joshua Tree National Park
2023-09-27T16:51:39.333+02:00 DEBUG 7856 --- [pool-2-thread-1] c.o.tourguide.service.RewardsService     : Calculate distance between -115.90065/33.881866 and -174.89081894523636/83.93058773934717
2023-09-27T16:51:39.333+02:00 DEBUG 7856 --- [pool-2-thread-1] c.o.tourguide.service.RewardsService     : Checking if the user f837d7d7-7603-4045-ad29-14a1ea2d7094 already get close from Buffalo National River
2023-09-27T16:51:39.333+02:00 DEBUG 7856 --- [pool-2-thread-1] c.o.tourguide.service.RewardsService     : Calculate distance between -92.757652/35.985512 and -174.89081894523636/83.93058773934717
2023-09-27T16:51:39.334+02:00 DEBUG 7856 --- [pool-2-thread-1] c.o.tourguide.service.RewardsService     : Checking if the user f837d7d7-7603-4045-ad29-14a1ea2d7094 already get close from Hot Springs National Park
2023-09-27T16:51:39.334+02:00 DEBUG 7856 --- [pool-2-thread-1] c.o.tourguide.service.RewardsService     : Calculate distance between -93.042267/34.52153 and -174.89081894523636/83.93058773934717
2023-09-27T16:51:39.334+02:00 DEBUG 7856 --- [pool-2-thread-1] c.o.tourguide.service.RewardsService     : Checking if the user f837d7d7-7603-4045-ad29-14a1ea2d7094 already get close from Kartchner Caverns State Park
2023-09-27T16:51:39.334+02:00 DEBUG 7856 --- [pool-2-thread-1] c.o.tourguide.service.RewardsService     : Calculate distance between -110.347382/31.837551 and -174.89081894523636/83.93058773934717
2023-09-27T16:51:39.334+02:00 DEBUG 7856 --- [pool-2-thread-1] c.o.tourguide.service.RewardsService     : Checking if the user f837d7d7-7603-4045-ad29-14a1ea2d7094 already get close from Legend Valley
2023-09-27T16:51:39.334+02:00 DEBUG 7856 --- [pool-2-thread-1] c.o.tourguide.service.RewardsService     : Calculate distance between -82.40667/39.937778 and -174.89081894523636/83.93058773934717
2023-09-27T16:51:39.334+02:00 DEBUG 7856 --- [pool-2-thread-1] c.o.tourguide.service.RewardsService     : Checking if the user f837d7d7-7603-4045-ad29-14a1ea2d7094 already get close from Flowers Bakery of London
2023-09-27T16:51:39.334+02:00 DEBUG 7856 --- [pool-2-thread-1] c.o.tourguide.service.RewardsService     : Calculate distance between -84.07486/37.131527 and -174.89081894523636/83.93058773934717
2023-09-27T16:51:39.334+02:00 DEBUG 7856 --- [pool-2-thread-1] c.o.tourguide.service.RewardsService     : Checking if the user f837d7d7-7603-4045-ad29-14a1ea2d7094 already get close from McKinley Tower
2023-09-27T16:51:39.334+02:00 DEBUG 7856 --- [pool-2-thread-1] c.o.tourguide.service.RewardsService     : Calculate distance between -149.877502/61.218887 and -174.89081894523636/83.93058773934717
2023-09-27T16:51:39.334+02:00 DEBUG 7856 --- [pool-2-thread-1] c.o.tourguide.service.RewardsService     : Checking if the user f837d7d7-7603-4045-ad29-14a1ea2d7094 already get close from Flatiron Building
2023-09-27T16:51:39.334+02:00 DEBUG 7856 --- [pool-2-thread-1] c.o.tourguide.service.RewardsService     : Calculate distance between -73.989723/40.741112 and -174.89081894523636/83.93058773934717
2023-09-27T16:51:39.334+02:00 DEBUG 7856 --- [pool-2-thread-1] c.o.tourguide.service.RewardsService     : Checking if the user f837d7d7-7603-4045-ad29-14a1ea2d7094 already get close from Fallingwater
2023-09-27T16:51:39.334+02:00 DEBUG 7856 --- [pool-2-thread-1] c.o.tourguide.service.RewardsService     : Calculate distance between -79.468056/39.906113 and -174.89081894523636/83.93058773934717
2023-09-27T16:51:39.334+02:00 DEBUG 7856 --- [pool-2-thread-1] c.o.tourguide.service.RewardsService     : Checking if the user f837d7d7-7603-4045-ad29-14a1ea2d7094 already get close from Union Station
2023-09-27T16:51:39.334+02:00 DEBUG 7856 --- [pool-2-thread-1] c.o.tourguide.service.RewardsService     : Calculate distance between -77.006332/38.897095 and -174.89081894523636/83.93058773934717
2023-09-27T16:51:39.334+02:00 DEBUG 7856 --- [pool-2-thread-1] c.o.tourguide.service.RewardsService     : Checking if the user f837d7d7-7603-4045-ad29-14a1ea2d7094 already get close from Roger Dean Stadium
2023-09-27T16:51:39.334+02:00 DEBUG 7856 --- [pool-2-thread-1] c.o.tourguide.service.RewardsService     : Calculate distance between -80.116577/26.890959 and -174.89081894523636/83.93058773934717
2023-09-27T16:51:39.334+02:00 DEBUG 7856 --- [pool-2-thread-1] c.o.tourguide.service.RewardsService     : Checking if the user f837d7d7-7603-4045-ad29-14a1ea2d7094 already get close from Texas Memorial Stadium
2023-09-27T16:51:39.334+02:00 DEBUG 7856 --- [pool-2-thread-1] c.o.tourguide.service.RewardsService     : Calculate distance between -97.732536/30.283682 and -174.89081894523636/83.93058773934717
2023-09-27T16:51:39.334+02:00 DEBUG 7856 --- [pool-2-thread-1] c.o.tourguide.service.RewardsService     : Checking if the user f837d7d7-7603-4045-ad29-14a1ea2d7094 already get close from Bryant-Denny Stadium
2023-09-27T16:51:39.334+02:00 DEBUG 7856 --- [pool-2-thread-1] c.o.tourguide.service.RewardsService     : Calculate distance between -87.550438/33.208973 and -174.89081894523636/83.93058773934717
2023-09-27T16:51:39.334+02:00 DEBUG 7856 --- [pool-2-thread-1] c.o.tourguide.service.RewardsService     : Checking if the user f837d7d7-7603-4045-ad29-14a1ea2d7094 already get close from Tiger Stadium
2023-09-27T16:51:39.334+02:00 DEBUG 7856 --- [pool-2-thread-1] c.o.tourguide.service.RewardsService     : Calculate distance between -91.183815/30.412035 and -174.89081894523636/83.93058773934717
2023-09-27T16:51:39.334+02:00 DEBUG 7856 --- [pool-2-thread-1] c.o.tourguide.service.RewardsService     : Checking if the user f837d7d7-7603-4045-ad29-14a1ea2d7094 already get close from Neyland Stadium
2023-09-27T16:51:39.334+02:00 DEBUG 7856 --- [pool-2-thread-1] c.o.tourguide.service.RewardsService     : Calculate distance between -83.925011/35.955013 and -174.89081894523636/83.93058773934717
2023-09-27T16:51:39.334+02:00 DEBUG 7856 --- [pool-2-thread-1] c.o.tourguide.service.RewardsService     : Checking if the user f837d7d7-7603-4045-ad29-14a1ea2d7094 already get close from Kyle Field
2023-09-27T16:51:39.334+02:00 DEBUG 7856 --- [pool-2-thread-1] c.o.tourguide.service.RewardsService     : Calculate distance between -96.339844/30.61025 and -174.89081894523636/83.93058773934717
2023-09-27T16:51:39.335+02:00 DEBUG 7856 --- [pool-2-thread-1] c.o.tourguide.service.RewardsService     : Checking if the user f837d7d7-7603-4045-ad29-14a1ea2d7094 already get close from San Diego Zoo
2023-09-27T16:51:39.335+02:00 DEBUG 7856 --- [pool-2-thread-1] c.o.tourguide.service.RewardsService     : Calculate distance between -117.149048/32.735317 and -174.89081894523636/83.93058773934717
2023-09-27T16:51:39.335+02:00 DEBUG 7856 --- [pool-2-thread-1] c.o.tourguide.service.RewardsService     : Checking if the user f837d7d7-7603-4045-ad29-14a1ea2d7094 already get close from Zoo Tampa at Lowry Park
2023-09-27T16:51:39.335+02:00 DEBUG 7856 --- [pool-2-thread-1] c.o.tourguide.service.RewardsService     : Calculate distance between -82.469269/28.012804 and -174.89081894523636/83.93058773934717
2023-09-27T16:51:39.335+02:00 DEBUG 7856 --- [pool-2-thread-1] c.o.tourguide.service.RewardsService     : Checking if the user f837d7d7-7603-4045-ad29-14a1ea2d7094 already get close from Franklin Park Zoo
2023-09-27T16:51:39.335+02:00 DEBUG 7856 --- [pool-2-thread-1] c.o.tourguide.service.RewardsService     : Calculate distance between -71.086731/42.302601 and -174.89081894523636/83.93058773934717
2023-09-27T16:51:39.335+02:00 DEBUG 7856 --- [pool-2-thread-1] c.o.tourguide.service.RewardsService     : Checking if the user f837d7d7-7603-4045-ad29-14a1ea2d7094 already get close from El Paso Zoo
2023-09-27T16:51:39.335+02:00 DEBUG 7856 --- [pool-2-thread-1] c.o.tourguide.service.RewardsService     : Calculate distance between -106.44487/31.769125 and -174.89081894523636/83.93058773934717
2023-09-27T16:51:39.335+02:00 DEBUG 7856 --- [pool-2-thread-1] c.o.tourguide.service.RewardsService     : Checking if the user f837d7d7-7603-4045-ad29-14a1ea2d7094 already get close from Kansas City Zoo
2023-09-27T16:51:39.335+02:00 DEBUG 7856 --- [pool-2-thread-1] c.o.tourguide.service.RewardsService     : Calculate distance between -94.529625/39.007504 and -174.89081894523636/83.93058773934717
2023-09-27T16:51:39.335+02:00 DEBUG 7856 --- [pool-2-thread-1] c.o.tourguide.service.RewardsService     : Checking if the user f837d7d7-7603-4045-ad29-14a1ea2d7094 already get close from Bronx Zoo
2023-09-27T16:51:39.335+02:00 DEBUG 7856 --- [pool-2-thread-1] c.o.tourguide.service.RewardsService     : Calculate distance between -73.872971/40.852905 and -174.89081894523636/83.93058773934717
2023-09-27T16:51:39.335+02:00 DEBUG 7856 --- [pool-2-thread-1] c.o.tourguide.service.RewardsService     : Checking if the user f837d7d7-7603-4045-ad29-14a1ea2d7094 already get close from Cinderella Castle
2023-09-27T16:51:39.335+02:00 DEBUG 7856 --- [pool-2-thread-1] c.o.tourguide.service.RewardsService     : Calculate distance between -81.5812/28.419411 and -174.89081894523636/83.93058773934717
2023-09-27T16:51:39.335+02:00 DEBUG 7856 --- [pool-2-thread-1] c.o.tourguide.service.RewardsService     : Checking if the user f837d7d7-7603-4045-ad29-14a1ea2d7094 already get close from Disneyland
2023-09-27T16:51:39.335+02:00 DEBUG 7856 --- [pool-2-thread-1] c.o.tourguide.service.RewardsService     : Calculate distance between -117.922008/33.817595 and -93.72027858842831/12.727097792378984
2023-09-27T16:51:39.335+02:00 DEBUG 7856 --- [pool-2-thread-1] c.o.tourguide.service.RewardsService     : Checking if the user f837d7d7-7603-4045-ad29-14a1ea2d7094 already get close from Jackson Hole
2023-09-27T16:51:39.335+02:00 DEBUG 7856 --- [pool-2-thread-1] c.o.tourguide.service.RewardsService     : Calculate distance between -110.821999/43.582767 and -93.72027858842831/12.727097792378984
2023-09-27T16:51:39.335+02:00 DEBUG 7856 --- [pool-2-thread-1] c.o.tourguide.service.RewardsService     : Checking if the user f837d7d7-7603-4045-ad29-14a1ea2d7094 already get close from Mojave National Preserve
2023-09-27T16:51:39.335+02:00 DEBUG 7856 --- [pool-2-thread-1] c.o.tourguide.service.RewardsService     : Calculate distance between -115.510399/35.141689 and -93.72027858842831/12.727097792378984
2023-09-27T16:51:39.335+02:00 DEBUG 7856 --- [pool-2-thread-1] c.o.tourguide.service.RewardsService     : Checking if the user f837d7d7-7603-4045-ad29-14a1ea2d7094 already get close from Joshua Tree National Park
2023-09-27T16:51:39.335+02:00 DEBUG 7856 --- [pool-2-thread-1] c.o.tourguide.service.RewardsService     : Calculate distance between -115.90065/33.881866 and -93.72027858842831/12.727097792378984
2023-09-27T16:51:39.335+02:00 DEBUG 7856 --- [pool-2-thread-1] c.o.tourguide.service.RewardsService     : Checking if the user f837d7d7-7603-4045-ad29-14a1ea2d7094 already get close from Buffalo National River
2023-09-27T16:51:39.335+02:00 DEBUG 7856 --- [pool-2-thread-1] c.o.tourguide.service.RewardsService     : Calculate distance between -92.757652/35.985512 and -93.72027858842831/12.727097792378984
2023-09-27T16:51:39.335+02:00 DEBUG 7856 --- [pool-2-thread-1] c.o.tourguide.service.RewardsService     : Checking if the user f837d7d7-7603-4045-ad29-14a1ea2d7094 already get close from Hot Springs National Park
2023-09-27T16:51:39.335+02:00 DEBUG 7856 --- [pool-2-thread-1] c.o.tourguide.service.RewardsService     : Calculate distance between -93.042267/34.52153 and -93.72027858842831/12.727097792378984
2023-09-27T16:51:39.335+02:00 DEBUG 7856 --- [pool-2-thread-1] c.o.tourguide.service.RewardsService     : Checking if the user f837d7d7-7603-4045-ad29-14a1ea2d7094 already get close from Kartchner Caverns State Park
2023-09-27T16:51:39.335+02:00 DEBUG 7856 --- [pool-2-thread-1] c.o.tourguide.service.RewardsService     : Calculate distance between -110.347382/31.837551 and -93.72027858842831/12.727097792378984
2023-09-27T16:51:39.335+02:00 DEBUG 7856 --- [pool-2-thread-1] c.o.tourguide.service.RewardsService     : Checking if the user f837d7d7-7603-4045-ad29-14a1ea2d7094 already get close from Legend Valley
2023-09-27T16:51:39.335+02:00 DEBUG 7856 --- [pool-2-thread-1] c.o.tourguide.service.RewardsService     : Calculate distance between -82.40667/39.937778 and -93.72027858842831/12.727097792378984
2023-09-27T16:51:39.336+02:00 DEBUG 7856 --- [pool-2-thread-1] c.o.tourguide.service.RewardsService     : Checking if the user f837d7d7-7603-4045-ad29-14a1ea2d7094 already get close from Flowers Bakery of London
2023-09-27T16:51:39.336+02:00 DEBUG 7856 --- [pool-2-thread-1] c.o.tourguide.service.RewardsService     : Calculate distance between -84.07486/37.131527 and -93.72027858842831/12.727097792378984
2023-09-27T16:51:39.336+02:00 DEBUG 7856 --- [pool-2-thread-1] c.o.tourguide.service.RewardsService     : Checking if the user f837d7d7-7603-4045-ad29-14a1ea2d7094 already get close from McKinley Tower
2023-09-27T16:51:39.336+02:00 DEBUG 7856 --- [pool-2-thread-1] c.o.tourguide.service.RewardsService     : Calculate distance between -149.877502/61.218887 and -93.72027858842831/12.727097792378984
2023-09-27T16:51:39.336+02:00 DEBUG 7856 --- [pool-2-thread-1] c.o.tourguide.service.RewardsService     : Checking if the user f837d7d7-7603-4045-ad29-14a1ea2d7094 already get close from Flatiron Building
2023-09-27T16:51:39.336+02:00 DEBUG 7856 --- [pool-2-thread-1] c.o.tourguide.service.RewardsService     : Calculate distance between -73.989723/40.741112 and -93.72027858842831/12.727097792378984
2023-09-27T16:51:39.336+02:00 DEBUG 7856 --- [pool-2-thread-1] c.o.tourguide.service.RewardsService     : Checking if the user f837d7d7-7603-4045-ad29-14a1ea2d7094 already get close from Fallingwater
2023-09-27T16:51:39.336+02:00 DEBUG 7856 --- [pool-2-thread-1] c.o.tourguide.service.RewardsService     : Calculate distance between -79.468056/39.906113 and -93.72027858842831/12.727097792378984
2023-09-27T16:51:39.336+02:00 DEBUG 7856 --- [pool-2-thread-1] c.o.tourguide.service.RewardsService     : Checking if the user f837d7d7-7603-4045-ad29-14a1ea2d7094 already get close from Union Station
2023-09-27T16:51:39.336+02:00 DEBUG 7856 --- [pool-2-thread-1] c.o.tourguide.service.RewardsService     : Calculate distance between -77.006332/38.897095 and -93.72027858842831/12.727097792378984
2023-09-27T16:51:39.336+02:00 DEBUG 7856 --- [pool-2-thread-1] c.o.tourguide.service.RewardsService     : Checking if the user f837d7d7-7603-4045-ad29-14a1ea2d7094 already get close from Roger Dean Stadium
2023-09-27T16:51:39.336+02:00 DEBUG 7856 --- [pool-2-thread-1] c.o.tourguide.service.RewardsService     : Calculate distance between -80.116577/26.890959 and -93.72027858842831/12.727097792378984
2023-09-27T16:51:39.336+02:00 DEBUG 7856 --- [pool-2-thread-1] c.o.tourguide.service.RewardsService     : Checking if the user f837d7d7-7603-4045-ad29-14a1ea2d7094 already get close from Texas Memorial Stadium
2023-09-27T16:51:39.336+02:00 DEBUG 7856 --- [pool-2-thread-1] c.o.tourguide.service.RewardsService     : Calculate distance between -97.732536/30.283682 and -93.72027858842831/12.727097792378984
2023-09-27T16:51:39.336+02:00 DEBUG 7856 --- [pool-2-thread-1] c.o.tourguide.service.RewardsService     : Checking if the user f837d7d7-7603-4045-ad29-14a1ea2d7094 already get close from Bryant-Denny Stadium
2023-09-27T16:51:39.336+02:00 DEBUG 7856 --- [pool-2-thread-1] c.o.tourguide.service.RewardsService     : Calculate distance between -87.550438/33.208973 and -93.72027858842831/12.727097792378984
2023-09-27T16:51:39.336+02:00 DEBUG 7856 --- [pool-2-thread-1] c.o.tourguide.service.RewardsService     : Checking if the user f837d7d7-7603-4045-ad29-14a1ea2d7094 already get close from Tiger Stadium
2023-09-27T16:51:39.336+02:00 DEBUG 7856 --- [pool-2-thread-1] c.o.tourguide.service.RewardsService     : Calculate distance between -91.183815/30.412035 and -93.72027858842831/12.727097792378984
2023-09-27T16:51:39.336+02:00 DEBUG 7856 --- [pool-2-thread-1] c.o.tourguide.service.RewardsService     : Checking if the user f837d7d7-7603-4045-ad29-14a1ea2d7094 already get close from Neyland Stadium
2023-09-27T16:51:39.336+02:00 DEBUG 7856 --- [pool-2-thread-1] c.o.tourguide.service.RewardsService     : Calculate distance between -83.925011/35.955013 and -93.72027858842831/12.727097792378984
2023-09-27T16:51:39.336+02:00 DEBUG 7856 --- [pool-2-thread-1] c.o.tourguide.service.RewardsService     : Checking if the user f837d7d7-7603-4045-ad29-14a1ea2d7094 already get close from Kyle Field
2023-09-27T16:51:39.336+02:00 DEBUG 7856 --- [pool-2-thread-1] c.o.tourguide.service.RewardsService     : Calculate distance between -96.339844/30.61025 and -93.72027858842831/12.727097792378984
2023-09-27T16:51:39.336+02:00 DEBUG 7856 --- [pool-2-thread-1] c.o.tourguide.service.RewardsService     : Checking if the user f837d7d7-7603-4045-ad29-14a1ea2d7094 already get close from San Diego Zoo
2023-09-27T16:51:39.336+02:00 DEBUG 7856 --- [pool-2-thread-1] c.o.tourguide.service.RewardsService     : Calculate distance between -117.149048/32.735317 and -93.72027858842831/12.727097792378984
2023-09-27T16:51:39.336+02:00 DEBUG 7856 --- [pool-2-thread-1] c.o.tourguide.service.RewardsService     : Checking if the user f837d7d7-7603-4045-ad29-14a1ea2d7094 already get close from Zoo Tampa at Lowry Park
2023-09-27T16:51:39.336+02:00 DEBUG 7856 --- [pool-2-thread-1] c.o.tourguide.service.RewardsService     : Calculate distance between -82.469269/28.012804 and -93.72027858842831/12.727097792378984
2023-09-27T16:51:39.336+02:00 DEBUG 7856 --- [pool-2-thread-1] c.o.tourguide.service.RewardsService     : Checking if the user f837d7d7-7603-4045-ad29-14a1ea2d7094 already get close from Franklin Park Zoo
2023-09-27T16:51:39.336+02:00 DEBUG 7856 --- [pool-2-thread-1] c.o.tourguide.service.RewardsService     : Calculate distance between -71.086731/42.302601 and -93.72027858842831/12.727097792378984
2023-09-27T16:51:39.336+02:00 DEBUG 7856 --- [pool-2-thread-1] c.o.tourguide.service.RewardsService     : Checking if the user f837d7d7-7603-4045-ad29-14a1ea2d7094 already get close from El Paso Zoo
2023-09-27T16:51:39.336+02:00 DEBUG 7856 --- [pool-2-thread-1] c.o.tourguide.service.RewardsService     : Calculate distance between -106.44487/31.769125 and -93.72027858842831/12.727097792378984
2023-09-27T16:51:39.336+02:00 DEBUG 7856 --- [pool-2-thread-1] c.o.tourguide.service.RewardsService     : Checking if the user f837d7d7-7603-4045-ad29-14a1ea2d7094 already get close from Kansas City Zoo
2023-09-27T16:51:39.336+02:00 DEBUG 7856 --- [pool-2-thread-1] c.o.tourguide.service.RewardsService     : Calculate distance between -94.529625/39.007504 and -93.72027858842831/12.727097792378984
2023-09-27T16:51:39.336+02:00 DEBUG 7856 --- [pool-2-thread-1] c.o.tourguide.service.RewardsService     : Checking if the user f837d7d7-7603-4045-ad29-14a1ea2d7094 already get close from Bronx Zoo
2023-09-27T16:51:39.336+02:00 DEBUG 7856 --- [pool-2-thread-1] c.o.tourguide.service.RewardsService     : Calculate distance between -73.872971/40.852905 and -93.72027858842831/12.727097792378984
2023-09-27T16:51:39.337+02:00 DEBUG 7856 --- [pool-2-thread-1] c.o.tourguide.service.RewardsService     : Checking if the user f837d7d7-7603-4045-ad29-14a1ea2d7094 already get close from Cinderella Castle
2023-09-27T16:51:39.337+02:00 DEBUG 7856 --- [pool-2-thread-1] c.o.tourguide.service.RewardsService     : Calculate distance between -81.5812/28.419411 and -93.72027858842831/12.727097792378984
2023-09-27T16:51:39.337+02:00 DEBUG 7856 --- [pool-2-thread-1] c.o.tourguide.service.RewardsService     : Checking if the user f837d7d7-7603-4045-ad29-14a1ea2d7094 already get close from Disneyland
2023-09-27T16:51:39.337+02:00 DEBUG 7856 --- [pool-2-thread-1] c.o.tourguide.service.RewardsService     : Calculate distance between -117.922008/33.817595 and 12.776482/-52.432429
2023-09-27T16:51:39.337+02:00 DEBUG 7856 --- [pool-2-thread-1] c.o.tourguide.service.RewardsService     : Checking if the user f837d7d7-7603-4045-ad29-14a1ea2d7094 already get close from Jackson Hole
2023-09-27T16:51:39.337+02:00 DEBUG 7856 --- [pool-2-thread-1] c.o.tourguide.service.RewardsService     : Calculate distance between -110.821999/43.582767 and 12.776482/-52.432429
2023-09-27T16:51:39.337+02:00 DEBUG 7856 --- [pool-2-thread-1] c.o.tourguide.service.RewardsService     : Checking if the user f837d7d7-7603-4045-ad29-14a1ea2d7094 already get close from Mojave National Preserve
2023-09-27T16:51:39.337+02:00 DEBUG 7856 --- [pool-2-thread-1] c.o.tourguide.service.RewardsService     : Calculate distance between -115.510399/35.141689 and 12.776482/-52.432429
2023-09-27T16:51:39.337+02:00 DEBUG 7856 --- [pool-2-thread-1] c.o.tourguide.service.RewardsService     : Checking if the user f837d7d7-7603-4045-ad29-14a1ea2d7094 already get close from Joshua Tree National Park
2023-09-27T16:51:39.337+02:00 DEBUG 7856 --- [pool-2-thread-1] c.o.tourguide.service.RewardsService     : Calculate distance between -115.90065/33.881866 and 12.776482/-52.432429
2023-09-27T16:51:39.337+02:00 DEBUG 7856 --- [pool-2-thread-1] c.o.tourguide.service.RewardsService     : Checking if the user f837d7d7-7603-4045-ad29-14a1ea2d7094 already get close from Buffalo National River
2023-09-27T16:51:39.337+02:00 DEBUG 7856 --- [pool-2-thread-1] c.o.tourguide.service.RewardsService     : Calculate distance between -92.757652/35.985512 and 12.776482/-52.432429
2023-09-27T16:51:39.337+02:00 DEBUG 7856 --- [pool-2-thread-1] c.o.tourguide.service.RewardsService     : Checking if the user f837d7d7-7603-4045-ad29-14a1ea2d7094 already get close from Hot Springs National Park
2023-09-27T16:51:39.337+02:00 DEBUG 7856 --- [pool-2-thread-1] c.o.tourguide.service.RewardsService     : Calculate distance between -93.042267/34.52153 and 12.776482/-52.432429
2023-09-27T16:51:39.337+02:00 DEBUG 7856 --- [pool-2-thread-1] c.o.tourguide.service.RewardsService     : Checking if the user f837d7d7-7603-4045-ad29-14a1ea2d7094 already get close from Kartchner Caverns State Park
2023-09-27T16:51:39.337+02:00 DEBUG 7856 --- [pool-2-thread-1] c.o.tourguide.service.RewardsService     : Calculate distance between -110.347382/31.837551 and 12.776482/-52.432429
2023-09-27T16:51:39.337+02:00 DEBUG 7856 --- [pool-2-thread-1] c.o.tourguide.service.RewardsService     : Checking if the user f837d7d7-7603-4045-ad29-14a1ea2d7094 already get close from Legend Valley
2023-09-27T16:51:39.337+02:00 DEBUG 7856 --- [pool-2-thread-1] c.o.tourguide.service.RewardsService     : Calculate distance between -82.40667/39.937778 and 12.776482/-52.432429
2023-09-27T16:51:39.337+02:00 DEBUG 7856 --- [pool-2-thread-1] c.o.tourguide.service.RewardsService     : Checking if the user f837d7d7-7603-4045-ad29-14a1ea2d7094 already get close from Flowers Bakery of London
2023-09-27T16:51:39.337+02:00 DEBUG 7856 --- [pool-2-thread-1] c.o.tourguide.service.RewardsService     : Calculate distance between -84.07486/37.131527 and 12.776482/-52.432429
2023-09-27T16:51:39.337+02:00 DEBUG 7856 --- [pool-2-thread-1] c.o.tourguide.service.RewardsService     : Checking if the user f837d7d7-7603-4045-ad29-14a1ea2d7094 already get close from McKinley Tower
2023-09-27T16:51:39.337+02:00 DEBUG 7856 --- [pool-2-thread-1] c.o.tourguide.service.RewardsService     : Calculate distance between -149.877502/61.218887 and 12.776482/-52.432429
2023-09-27T16:51:39.337+02:00 DEBUG 7856 --- [pool-2-thread-1] c.o.tourguide.service.RewardsService     : Checking if the user f837d7d7-7603-4045-ad29-14a1ea2d7094 already get close from Flatiron Building
2023-09-27T16:51:39.337+02:00 DEBUG 7856 --- [pool-2-thread-1] c.o.tourguide.service.RewardsService     : Calculate distance between -73.989723/40.741112 and 12.776482/-52.432429
2023-09-27T16:51:39.337+02:00 DEBUG 7856 --- [pool-2-thread-1] c.o.tourguide.service.RewardsService     : Checking if the user f837d7d7-7603-4045-ad29-14a1ea2d7094 already get close from Fallingwater
2023-09-27T16:51:39.337+02:00 DEBUG 7856 --- [pool-2-thread-1] c.o.tourguide.service.RewardsService     : Calculate distance between -79.468056/39.906113 and 12.776482/-52.432429
2023-09-27T16:51:39.337+02:00 DEBUG 7856 --- [pool-2-thread-1] c.o.tourguide.service.RewardsService     : Checking if the user f837d7d7-7603-4045-ad29-14a1ea2d7094 already get close from Union Station
2023-09-27T16:51:39.337+02:00 DEBUG 7856 --- [pool-2-thread-1] c.o.tourguide.service.RewardsService     : Calculate distance between -77.006332/38.897095 and 12.776482/-52.432429
2023-09-27T16:51:39.337+02:00 DEBUG 7856 --- [pool-2-thread-1] c.o.tourguide.service.RewardsService     : Checking if the user f837d7d7-7603-4045-ad29-14a1ea2d7094 already get close from Roger Dean Stadium
2023-09-27T16:51:39.337+02:00 DEBUG 7856 --- [pool-2-thread-1] c.o.tourguide.service.RewardsService     : Calculate distance between -80.116577/26.890959 and 12.776482/-52.432429
2023-09-27T16:51:39.337+02:00 DEBUG 7856 --- [pool-2-thread-1] c.o.tourguide.service.RewardsService     : Checking if the user f837d7d7-7603-4045-ad29-14a1ea2d7094 already get close from Texas Memorial Stadium
2023-09-27T16:51:39.337+02:00 DEBUG 7856 --- [pool-2-thread-1] c.o.tourguide.service.RewardsService     : Calculate distance between -97.732536/30.283682 and 12.776482/-52.432429
2023-09-27T16:51:39.337+02:00 DEBUG 7856 --- [pool-2-thread-1] c.o.tourguide.service.RewardsService     : Checking if the user f837d7d7-7603-4045-ad29-14a1ea2d7094 already get close from Bryant-Denny Stadium
2023-09-27T16:51:39.337+02:00 DEBUG 7856 --- [pool-2-thread-1] c.o.tourguide.service.RewardsService     : Calculate distance between -87.550438/33.208973 and 12.776482/-52.432429
2023-09-27T16:51:39.337+02:00 DEBUG 7856 --- [pool-2-thread-1] c.o.tourguide.service.RewardsService     : Checking if the user f837d7d7-7603-4045-ad29-14a1ea2d7094 already get close from Tiger Stadium
2023-09-27T16:51:39.337+02:00 DEBUG 7856 --- [pool-2-thread-1] c.o.tourguide.service.RewardsService     : Calculate distance between -91.183815/30.412035 and 12.776482/-52.432429
2023-09-27T16:51:39.337+02:00 DEBUG 7856 --- [pool-2-thread-1] c.o.tourguide.service.RewardsService     : Checking if the user f837d7d7-7603-4045-ad29-14a1ea2d7094 already get close from Neyland Stadium
2023-09-27T16:51:39.338+02:00 DEBUG 7856 --- [pool-2-thread-1] c.o.tourguide.service.RewardsService     : Calculate distance between -83.925011/35.955013 and 12.776482/-52.432429
2023-09-27T16:51:39.338+02:00 DEBUG 7856 --- [pool-2-thread-1] c.o.tourguide.service.RewardsService     : Checking if the user f837d7d7-7603-4045-ad29-14a1ea2d7094 already get close from Kyle Field
2023-09-27T16:51:39.338+02:00 DEBUG 7856 --- [pool-2-thread-1] c.o.tourguide.service.RewardsService     : Calculate distance between -96.339844/30.61025 and 12.776482/-52.432429
2023-09-27T16:51:39.338+02:00 DEBUG 7856 --- [pool-2-thread-1] c.o.tourguide.service.RewardsService     : Checking if the user f837d7d7-7603-4045-ad29-14a1ea2d7094 already get close from San Diego Zoo
2023-09-27T16:51:39.338+02:00 DEBUG 7856 --- [pool-2-thread-1] c.o.tourguide.service.RewardsService     : Calculate distance between -117.149048/32.735317 and 12.776482/-52.432429
2023-09-27T16:51:39.338+02:00 DEBUG 7856 --- [pool-2-thread-1] c.o.tourguide.service.RewardsService     : Checking if the user f837d7d7-7603-4045-ad29-14a1ea2d7094 already get close from Zoo Tampa at Lowry Park
2023-09-27T16:51:39.338+02:00 DEBUG 7856 --- [pool-2-thread-1] c.o.tourguide.service.RewardsService     : Calculate distance between -82.469269/28.012804 and 12.776482/-52.432429
2023-09-27T16:51:39.338+02:00 DEBUG 7856 --- [pool-2-thread-1] c.o.tourguide.service.RewardsService     : Checking if the user f837d7d7-7603-4045-ad29-14a1ea2d7094 already get close from Franklin Park Zoo
2023-09-27T16:51:39.338+02:00 DEBUG 7856 --- [pool-2-thread-1] c.o.tourguide.service.RewardsService     : Calculate distance between -71.086731/42.302601 and 12.776482/-52.432429
2023-09-27T16:51:39.338+02:00 DEBUG 7856 --- [pool-2-thread-1] c.o.tourguide.service.RewardsService     : Checking if the user f837d7d7-7603-4045-ad29-14a1ea2d7094 already get close from El Paso Zoo
2023-09-27T16:51:39.338+02:00 DEBUG 7856 --- [pool-2-thread-1] c.o.tourguide.service.RewardsService     : Calculate distance between -106.44487/31.769125 and 12.776482/-52.432429
2023-09-27T16:51:39.338+02:00 DEBUG 7856 --- [pool-2-thread-1] c.o.tourguide.service.RewardsService     : Checking if the user f837d7d7-7603-4045-ad29-14a1ea2d7094 already get close from Kansas City Zoo
2023-09-27T16:51:39.338+02:00 DEBUG 7856 --- [pool-2-thread-1] c.o.tourguide.service.RewardsService     : Calculate distance between -94.529625/39.007504 and 12.776482/-52.432429
2023-09-27T16:51:39.338+02:00 DEBUG 7856 --- [pool-2-thread-1] c.o.tourguide.service.RewardsService     : Checking if the user f837d7d7-7603-4045-ad29-14a1ea2d7094 already get close from Bronx Zoo
2023-09-27T16:51:39.338+02:00 DEBUG 7856 --- [pool-2-thread-1] c.o.tourguide.service.RewardsService     : Calculate distance between -73.872971/40.852905 and 12.776482/-52.432429
2023-09-27T16:51:39.338+02:00 DEBUG 7856 --- [pool-2-thread-1] c.o.tourguide.service.RewardsService     : Checking if the user f837d7d7-7603-4045-ad29-14a1ea2d7094 already get close from Cinderella Castle
2023-09-27T16:51:39.338+02:00 DEBUG 7856 --- [pool-2-thread-1] c.o.tourguide.service.RewardsService     : Calculate distance between -81.5812/28.419411 and 12.776482/-52.432429
2023-09-27T16:51:39.338+02:00 DEBUG 7856 --- [pool-2-thread-1] c.o.tourguide.service.RewardsService     : Checking if the user f837d7d7-7603-4045-ad29-14a1ea2d7094 already get close from Disneyland
2023-09-27T16:51:39.338+02:00 DEBUG 7856 --- [pool-2-thread-1] c.o.tourguide.service.RewardsService     : Calculate distance between -117.922008/33.817595 and -161.211263/-8.831561
2023-09-27T16:51:39.338+02:00 DEBUG 7856 --- [pool-2-thread-1] c.o.tourguide.service.RewardsService     : Checking if the user f837d7d7-7603-4045-ad29-14a1ea2d7094 already get close from Jackson Hole
2023-09-27T16:51:39.338+02:00 DEBUG 7856 --- [pool-2-thread-1] c.o.tourguide.service.RewardsService     : Calculate distance between -110.821999/43.582767 and -161.211263/-8.831561
2023-09-27T16:51:39.338+02:00 DEBUG 7856 --- [pool-2-thread-1] c.o.tourguide.service.RewardsService     : Checking if the user f837d7d7-7603-4045-ad29-14a1ea2d7094 already get close from Mojave National Preserve
2023-09-27T16:51:39.338+02:00 DEBUG 7856 --- [pool-2-thread-1] c.o.tourguide.service.RewardsService     : Calculate distance between -115.510399/35.141689 and -161.211263/-8.831561
2023-09-27T16:51:39.338+02:00 DEBUG 7856 --- [pool-2-thread-1] c.o.tourguide.service.RewardsService     : Checking if the user f837d7d7-7603-4045-ad29-14a1ea2d7094 already get close from Joshua Tree National Park
2023-09-27T16:51:39.338+02:00 DEBUG 7856 --- [pool-2-thread-1] c.o.tourguide.service.RewardsService     : Calculate distance between -115.90065/33.881866 and -161.211263/-8.831561
2023-09-27T16:51:39.338+02:00 DEBUG 7856 --- [pool-2-thread-1] c.o.tourguide.service.RewardsService     : Checking if the user f837d7d7-7603-4045-ad29-14a1ea2d7094 already get close from Buffalo National River
2023-09-27T16:51:39.338+02:00 DEBUG 7856 --- [pool-2-thread-1] c.o.tourguide.service.RewardsService     : Calculate distance between -92.757652/35.985512 and -161.211263/-8.831561
2023-09-27T16:51:39.338+02:00 DEBUG 7856 --- [pool-2-thread-1] c.o.tourguide.service.RewardsService     : Checking if the user f837d7d7-7603-4045-ad29-14a1ea2d7094 already get close from Hot Springs National Park
2023-09-27T16:51:39.338+02:00 DEBUG 7856 --- [pool-2-thread-1] c.o.tourguide.service.RewardsService     : Calculate distance between -93.042267/34.52153 and -161.211263/-8.831561
2023-09-27T16:51:39.338+02:00 DEBUG 7856 --- [pool-2-thread-1] c.o.tourguide.service.RewardsService     : Checking if the user f837d7d7-7603-4045-ad29-14a1ea2d7094 already get close from Kartchner Caverns State Park
2023-09-27T16:51:39.338+02:00 DEBUG 7856 --- [pool-2-thread-1] c.o.tourguide.service.RewardsService     : Calculate distance between -110.347382/31.837551 and -161.211263/-8.831561
2023-09-27T16:51:39.338+02:00 DEBUG 7856 --- [pool-2-thread-1] c.o.tourguide.service.RewardsService     : Checking if the user f837d7d7-7603-4045-ad29-14a1ea2d7094 already get close from Legend Valley
2023-09-27T16:51:39.338+02:00 DEBUG 7856 --- [pool-2-thread-1] c.o.tourguide.service.RewardsService     : Calculate distance between -82.40667/39.937778 and -161.211263/-8.831561
2023-09-27T16:51:39.338+02:00 DEBUG 7856 --- [pool-2-thread-1] c.o.tourguide.service.RewardsService     : Checking if the user f837d7d7-7603-4045-ad29-14a1ea2d7094 already get close from Flowers Bakery of London
2023-09-27T16:51:39.338+02:00 DEBUG 7856 --- [pool-2-thread-1] c.o.tourguide.service.RewardsService     : Calculate distance between -84.07486/37.131527 and -161.211263/-8.831561
2023-09-27T16:51:39.338+02:00 DEBUG 7856 --- [pool-2-thread-1] c.o.tourguide.service.RewardsService     : Checking if the user f837d7d7-7603-4045-ad29-14a1ea2d7094 already get close from McKinley Tower
2023-09-27T16:51:39.338+02:00 DEBUG 7856 --- [pool-2-thread-1] c.o.tourguide.service.RewardsService     : Calculate distance between -149.877502/61.218887 and -161.211263/-8.831561
2023-09-27T16:51:39.338+02:00 DEBUG 7856 --- [pool-2-thread-1] c.o.tourguide.service.RewardsService     : Checking if the user f837d7d7-7603-4045-ad29-14a1ea2d7094 already get close from Flatiron Building
2023-09-27T16:51:39.338+02:00 DEBUG 7856 --- [pool-2-thread-1] c.o.tourguide.service.RewardsService     : Calculate distance between -73.989723/40.741112 and -161.211263/-8.831561
2023-09-27T16:51:39.338+02:00 DEBUG 7856 --- [pool-2-thread-1] c.o.tourguide.service.RewardsService     : Checking if the user f837d7d7-7603-4045-ad29-14a1ea2d7094 already get close from Fallingwater
2023-09-27T16:51:39.338+02:00 DEBUG 7856 --- [pool-2-thread-1] c.o.tourguide.service.RewardsService     : Calculate distance between -79.468056/39.906113 and -161.211263/-8.831561
2023-09-27T16:51:39.338+02:00 DEBUG 7856 --- [pool-2-thread-1] c.o.tourguide.service.RewardsService     : Checking if the user f837d7d7-7603-4045-ad29-14a1ea2d7094 already get close from Union Station
2023-09-27T16:51:39.338+02:00 DEBUG 7856 --- [pool-2-thread-1] c.o.tourguide.service.RewardsService     : Calculate distance between -77.006332/38.897095 and -161.211263/-8.831561
2023-09-27T16:51:39.338+02:00 DEBUG 7856 --- [pool-2-thread-1] c.o.tourguide.service.RewardsService     : Checking if the user f837d7d7-7603-4045-ad29-14a1ea2d7094 already get close from Roger Dean Stadium
2023-09-27T16:51:39.338+02:00 DEBUG 7856 --- [pool-2-thread-1] c.o.tourguide.service.RewardsService     : Calculate distance between -80.116577/26.890959 and -161.211263/-8.831561
2023-09-27T16:51:39.339+02:00 DEBUG 7856 --- [pool-2-thread-1] c.o.tourguide.service.RewardsService     : Checking if the user f837d7d7-7603-4045-ad29-14a1ea2d7094 already get close from Texas Memorial Stadium
2023-09-27T16:51:39.339+02:00 DEBUG 7856 --- [pool-2-thread-1] c.o.tourguide.service.RewardsService     : Calculate distance between -97.732536/30.283682 and -161.211263/-8.831561
2023-09-27T16:51:39.339+02:00 DEBUG 7856 --- [pool-2-thread-1] c.o.tourguide.service.RewardsService     : Checking if the user f837d7d7-7603-4045-ad29-14a1ea2d7094 already get close from Bryant-Denny Stadium
2023-09-27T16:51:39.339+02:00 DEBUG 7856 --- [pool-2-thread-1] c.o.tourguide.service.RewardsService     : Calculate distance between -87.550438/33.208973 and -161.211263/-8.831561
2023-09-27T16:51:39.339+02:00 DEBUG 7856 --- [pool-2-thread-1] c.o.tourguide.service.RewardsService     : Checking if the user f837d7d7-7603-4045-ad29-14a1ea2d7094 already get close from Tiger Stadium
2023-09-27T16:51:39.339+02:00 DEBUG 7856 --- [pool-2-thread-1] c.o.tourguide.service.RewardsService     : Calculate distance between -91.183815/30.412035 and -161.211263/-8.831561
2023-09-27T16:51:39.339+02:00 DEBUG 7856 --- [pool-2-thread-1] c.o.tourguide.service.RewardsService     : Checking if the user f837d7d7-7603-4045-ad29-14a1ea2d7094 already get close from Neyland Stadium
2023-09-27T16:51:39.339+02:00 DEBUG 7856 --- [pool-2-thread-1] c.o.tourguide.service.RewardsService     : Calculate distance between -83.925011/35.955013 and -161.211263/-8.831561
2023-09-27T16:51:39.339+02:00 DEBUG 7856 --- [pool-2-thread-1] c.o.tourguide.service.RewardsService     : Checking if the user f837d7d7-7603-4045-ad29-14a1ea2d7094 already get close from Kyle Field
2023-09-27T16:51:39.339+02:00 DEBUG 7856 --- [pool-2-thread-1] c.o.tourguide.service.RewardsService     : Calculate distance between -96.339844/30.61025 and -161.211263/-8.831561
2023-09-27T16:51:39.339+02:00 DEBUG 7856 --- [pool-2-thread-1] c.o.tourguide.service.RewardsService     : Checking if the user f837d7d7-7603-4045-ad29-14a1ea2d7094 already get close from San Diego Zoo
2023-09-27T16:51:39.339+02:00 DEBUG 7856 --- [pool-2-thread-1] c.o.tourguide.service.RewardsService     : Calculate distance between -117.149048/32.735317 and -161.211263/-8.831561
2023-09-27T16:51:39.339+02:00 DEBUG 7856 --- [pool-2-thread-1] c.o.tourguide.service.RewardsService     : Checking if the user f837d7d7-7603-4045-ad29-14a1ea2d7094 already get close from Zoo Tampa at Lowry Park
2023-09-27T16:51:39.339+02:00 DEBUG 7856 --- [pool-2-thread-1] c.o.tourguide.service.RewardsService     : Calculate distance between -82.469269/28.012804 and -161.211263/-8.831561
2023-09-27T16:51:39.339+02:00 DEBUG 7856 --- [pool-2-thread-1] c.o.tourguide.service.RewardsService     : Checking if the user f837d7d7-7603-4045-ad29-14a1ea2d7094 already get close from Franklin Park Zoo
2023-09-27T16:51:39.339+02:00 DEBUG 7856 --- [pool-2-thread-1] c.o.tourguide.service.RewardsService     : Calculate distance between -71.086731/42.302601 and -161.211263/-8.831561
2023-09-27T16:51:39.339+02:00 DEBUG 7856 --- [pool-2-thread-1] c.o.tourguide.service.RewardsService     : Checking if the user f837d7d7-7603-4045-ad29-14a1ea2d7094 already get close from El Paso Zoo
2023-09-27T16:51:39.339+02:00 DEBUG 7856 --- [pool-2-thread-1] c.o.tourguide.service.RewardsService     : Calculate distance between -106.44487/31.769125 and -161.211263/-8.831561
2023-09-27T16:51:39.339+02:00 DEBUG 7856 --- [pool-2-thread-1] c.o.tourguide.service.RewardsService     : Checking if the user f837d7d7-7603-4045-ad29-14a1ea2d7094 already get close from Kansas City Zoo
2023-09-27T16:51:39.339+02:00 DEBUG 7856 --- [pool-2-thread-1] c.o.tourguide.service.RewardsService     : Calculate distance between -94.529625/39.007504 and -161.211263/-8.831561
2023-09-27T16:51:39.339+02:00 DEBUG 7856 --- [pool-2-thread-1] c.o.tourguide.service.RewardsService     : Checking if the user f837d7d7-7603-4045-ad29-14a1ea2d7094 already get close from Bronx Zoo
2023-09-27T16:51:39.339+02:00 DEBUG 7856 --- [pool-2-thread-1] c.o.tourguide.service.RewardsService     : Calculate distance between -73.872971/40.852905 and -161.211263/-8.831561
2023-09-27T16:51:39.339+02:00 DEBUG 7856 --- [pool-2-thread-1] c.o.tourguide.service.RewardsService     : Checking if the user f837d7d7-7603-4045-ad29-14a1ea2d7094 already get close from Cinderella Castle
2023-09-27T16:51:39.339+02:00 DEBUG 7856 --- [pool-2-thread-1] c.o.tourguide.service.RewardsService     : Calculate distance between -81.5812/28.419411 and -161.211263/-8.831561
2023-09-27T16:51:39.339+02:00 DEBUG 7856 --- [pool-2-thread-1] c.o.tourguide.service.RewardsService     : Trying to add 0 rewards
2023-09-27T16:51:39.365+02:00  INFO 7856 --- [           main] c.o.tourguide.TourguideApplicationTests  : Starting TourguideApplicationTests using Java 17.0.6 with PID 7856 (started by Simon in C:\Users\simon\eclipse-workspace\TourGuide)
2023-09-27T16:51:39.365+02:00 DEBUG 7856 --- [           main] c.o.tourguide.TourguideApplicationTests  : Running with Spring Boot v3.1.1, Spring v6.0.10
2023-09-27T16:51:39.366+02:00  INFO 7856 --- [           main] c.o.tourguide.TourguideApplicationTests  : No active profile set, falling back to 1 default profile: "default"
2023-09-27T16:51:39.422+02:00 DEBUG 7856 --- [pool-3-thread-1] c.o.tourguide.service.RewardsService     : Checking if the user 7b2b8fe2-9e69-474b-b415-7c5568a28c75 already get close from Texas Memorial Stadium
2023-09-27T16:51:39.422+02:00 DEBUG 7856 --- [pool-3-thread-1] c.o.tourguide.service.RewardsService     : Calculate distance between -97.732536/30.283682 and 121.958671/-62.099573
2023-09-27T16:51:39.422+02:00 DEBUG 7856 --- [pool-3-thread-1] c.o.tourguide.service.RewardsService     : Assign reward points to 7b2b8fe2-9e69-474b-b415-7c5568a28c75 for attraction Texas Memorial Stadium
2023-09-27T16:51:39.436+02:00  INFO 7856 --- [pool-2-thread-1] c.o.tourguide.service.TourGuideService   : Adding the current location to the user internalUser5145
2023-09-27T16:51:39.436+02:00 DEBUG 7856 --- [pool-2-thread-1] c.o.tourguide.service.RewardsService     : calculate reward for internalUser5145 on his 5 known locations
2023-09-27T16:51:39.447+02:00 DEBUG 7856 --- [pool-2-thread-1] c.o.tourguide.service.RewardsService     : Checking if the user df4416cd-8697-417f-9745-577d0ad770d1 already get close from Disneyland
2023-09-27T16:51:39.447+02:00 DEBUG 7856 --- [pool-2-thread-1] c.o.tourguide.service.RewardsService     : Calculate distance between -117.922008/33.817595 and 106.50823816729343/-30.660086770949043
2023-09-27T16:51:39.447+02:00 DEBUG 7856 --- [pool-2-thread-1] c.o.tourguide.service.RewardsService     : Checking if the user df4416cd-8697-417f-9745-577d0ad770d1 already get close from Jackson Hole
2023-09-27T16:51:39.447+02:00 DEBUG 7856 --- [pool-2-thread-1] c.o.tourguide.service.RewardsService     : Calculate distance between -110.821999/43.582767 and 106.50823816729343/-30.660086770949043
2023-09-27T16:51:39.447+02:00 DEBUG 7856 --- [pool-2-thread-1] c.o.tourguide.service.RewardsService     : Checking if the user df4416cd-8697-417f-9745-577d0ad770d1 already get close from Mojave National Preserve
2023-09-27T16:51:39.447+02:00 DEBUG 7856 --- [pool-2-thread-1] c.o.tourguide.service.RewardsService     : Calculate distance between -115.510399/35.141689 and 106.50823816729343/-30.660086770949043
2023-09-27T16:51:39.447+02:00 DEBUG 7856 --- [pool-2-thread-1] c.o.tourguide.service.RewardsService     : Checking if the user df4416cd-8697-417f-9745-577d0ad770d1 already get close from Joshua Tree National Park
2023-09-27T16:51:39.447+02:00 DEBUG 7856 --- [pool-2-thread-1] c.o.tourguide.service.RewardsService     : Calculate distance between -115.90065/33.881866 and 106.50823816729343/-30.660086770949043
2023-09-27T16:51:39.447+02:00 DEBUG 7856 --- [pool-2-thread-1] c.o.tourguide.service.RewardsService     : Checking if the user df4416cd-8697-417f-9745-577d0ad770d1 already get close from Buffalo National River
2023-09-27T16:51:39.447+02:00 DEBUG 7856 --- [pool-2-thread-1] c.o.tourguide.service.RewardsService     : Calculate distance between -92.757652/35.985512 and 106.50823816729343/-30.660086770949043
2023-09-27T16:51:39.447+02:00 DEBUG 7856 --- [pool-2-thread-1] c.o.tourguide.service.RewardsService     : Checking if the user df4416cd-8697-417f-9745-577d0ad770d1 already get close from Hot Springs National Park
2023-09-27T16:51:39.447+02:00 DEBUG 7856 --- [pool-2-thread-1] c.o.tourguide.service.RewardsService     : Calculate distance between -93.042267/34.52153 and 106.50823816729343/-30.660086770949043
2023-09-27T16:51:39.447+02:00 DEBUG 7856 --- [pool-2-thread-1] c.o.tourguide.service.RewardsService     : Checking if the user df4416cd-8697-417f-9745-577d0ad770d1 already get close from Kartchner Caverns State Park
2023-09-27T16:51:39.447+02:00 DEBUG 7856 --- [pool-2-thread-1] c.o.tourguide.service.RewardsService     : Calculate distance between -110.347382/31.837551 and 106.50823816729343/-30.660086770949043
2023-09-27T16:51:39.447+02:00 DEBUG 7856 --- [pool-2-thread-1] c.o.tourguide.service.RewardsService     : Checking if the user df4416cd-8697-417f-9745-577d0ad770d1 already get close from Legend Valley
2023-09-27T16:51:39.447+02:00 DEBUG 7856 --- [pool-2-thread-1] c.o.tourguide.service.RewardsService     : Calculate distance between -82.40667/39.937778 and 106.50823816729343/-30.660086770949043
2023-09-27T16:51:39.447+02:00 DEBUG 7856 --- [pool-2-thread-1] c.o.tourguide.service.RewardsService     : Checking if the user df4416cd-8697-417f-9745-577d0ad770d1 already get close from Flowers Bakery of London
2023-09-27T16:51:39.447+02:00 DEBUG 7856 --- [pool-2-thread-1] c.o.tourguide.service.RewardsService     : Calculate distance between -84.07486/37.131527 and 106.50823816729343/-30.660086770949043
2023-09-27T16:51:39.447+02:00 DEBUG 7856 --- [pool-2-thread-1] c.o.tourguide.service.RewardsService     : Checking if the user df4416cd-8697-417f-9745-577d0ad770d1 already get close from McKinley Tower
2023-09-27T16:51:39.447+02:00 DEBUG 7856 --- [pool-2-thread-1] c.o.tourguide.service.RewardsService     : Calculate distance between -149.877502/61.218887 and 106.50823816729343/-30.660086770949043
2023-09-27T16:51:39.447+02:00 DEBUG 7856 --- [pool-2-thread-1] c.o.tourguide.service.RewardsService     : Checking if the user df4416cd-8697-417f-9745-577d0ad770d1 already get close from Flatiron Building
2023-09-27T16:51:39.447+02:00 DEBUG 7856 --- [pool-2-thread-1] c.o.tourguide.service.RewardsService     : Calculate distance between -73.989723/40.741112 and 106.50823816729343/-30.660086770949043
2023-09-27T16:51:39.447+02:00 DEBUG 7856 --- [pool-2-thread-1] c.o.tourguide.service.RewardsService     : Checking if the user df4416cd-8697-417f-9745-577d0ad770d1 already get close from Fallingwater
2023-09-27T16:51:39.447+02:00 DEBUG 7856 --- [pool-2-thread-1] c.o.tourguide.service.RewardsService     : Calculate distance between -79.468056/39.906113 and 106.50823816729343/-30.660086770949043
2023-09-27T16:51:39.447+02:00 DEBUG 7856 --- [pool-2-thread-1] c.o.tourguide.service.RewardsService     : Checking if the user df4416cd-8697-417f-9745-577d0ad770d1 already get close from Union Station
2023-09-27T16:51:39.448+02:00 DEBUG 7856 --- [pool-2-thread-1] c.o.tourguide.service.RewardsService     : Calculate distance between -77.006332/38.897095 and 106.50823816729343/-30.660086770949043
2023-09-27T16:51:39.448+02:00 DEBUG 7856 --- [pool-2-thread-1] c.o.tourguide.service.RewardsService     : Checking if the user df4416cd-8697-417f-9745-577d0ad770d1 already get close from Roger Dean Stadium
2023-09-27T16:51:39.448+02:00 DEBUG 7856 --- [pool-2-thread-1] c.o.tourguide.service.RewardsService     : Calculate distance between -80.116577/26.890959 and 106.50823816729343/-30.660086770949043
2023-09-27T16:51:39.448+02:00 DEBUG 7856 --- [pool-2-thread-1] c.o.tourguide.service.RewardsService     : Checking if the user df4416cd-8697-417f-9745-577d0ad770d1 already get close from Texas Memorial Stadium
2023-09-27T16:51:39.448+02:00 DEBUG 7856 --- [pool-2-thread-1] c.o.tourguide.service.RewardsService     : Calculate distance between -97.732536/30.283682 and 106.50823816729343/-30.660086770949043
2023-09-27T16:51:39.448+02:00 DEBUG 7856 --- [pool-2-thread-1] c.o.tourguide.service.RewardsService     : Checking if the user df4416cd-8697-417f-9745-577d0ad770d1 already get close from Bryant-Denny Stadium
2023-09-27T16:51:39.448+02:00 DEBUG 7856 --- [pool-2-thread-1] c.o.tourguide.service.RewardsService     : Calculate distance between -87.550438/33.208973 and 106.50823816729343/-30.660086770949043
2023-09-27T16:51:39.448+02:00 DEBUG 7856 --- [pool-2-thread-1] c.o.tourguide.service.RewardsService     : Checking if the user df4416cd-8697-417f-9745-577d0ad770d1 already get close from Tiger Stadium
2023-09-27T16:51:39.448+02:00 DEBUG 7856 --- [pool-2-thread-1] c.o.tourguide.service.RewardsService     : Calculate distance between -91.183815/30.412035 and 106.50823816729343/-30.660086770949043
2023-09-27T16:51:39.448+02:00 DEBUG 7856 --- [pool-2-thread-1] c.o.tourguide.service.RewardsService     : Checking if the user df4416cd-8697-417f-9745-577d0ad770d1 already get close from Neyland Stadium
2023-09-27T16:51:39.448+02:00 DEBUG 7856 --- [pool-2-thread-1] c.o.tourguide.service.RewardsService     : Calculate distance between -83.925011/35.955013 and 106.50823816729343/-30.660086770949043
2023-09-27T16:51:39.448+02:00 DEBUG 7856 --- [pool-2-thread-1] c.o.tourguide.service.RewardsService     : Checking if the user df4416cd-8697-417f-9745-577d0ad770d1 already get close from Kyle Field
2023-09-27T16:51:39.448+02:00 DEBUG 7856 --- [pool-2-thread-1] c.o.tourguide.service.RewardsService     : Calculate distance between -96.339844/30.61025 and 106.50823816729343/-30.660086770949043
2023-09-27T16:51:39.448+02:00 DEBUG 7856 --- [pool-2-thread-1] c.o.tourguide.service.RewardsService     : Checking if the user df4416cd-8697-417f-9745-577d0ad770d1 already get close from San Diego Zoo
2023-09-27T16:51:39.448+02:00 DEBUG 7856 --- [pool-2-thread-1] c.o.tourguide.service.RewardsService     : Calculate distance between -117.149048/32.735317 and 106.50823816729343/-30.660086770949043
2023-09-27T16:51:39.448+02:00 DEBUG 7856 --- [pool-2-thread-1] c.o.tourguide.service.RewardsService     : Checking if the user df4416cd-8697-417f-9745-577d0ad770d1 already get close from Zoo Tampa at Lowry Park
2023-09-27T16:51:39.448+02:00 DEBUG 7856 --- [pool-2-thread-1] c.o.tourguide.service.RewardsService     : Calculate distance between -82.469269/28.012804 and 106.50823816729343/-30.660086770949043
2023-09-27T16:51:39.448+02:00 DEBUG 7856 --- [pool-2-thread-1] c.o.tourguide.service.RewardsService     : Checking if the user df4416cd-8697-417f-9745-577d0ad770d1 already get close from Franklin Park Zoo
2023-09-27T16:51:39.448+02:00 DEBUG 7856 --- [pool-2-thread-1] c.o.tourguide.service.RewardsService     : Calculate distance between -71.086731/42.302601 and 106.50823816729343/-30.660086770949043
2023-09-27T16:51:39.448+02:00 DEBUG 7856 --- [pool-2-thread-1] c.o.tourguide.service.RewardsService     : Checking if the user df4416cd-8697-417f-9745-577d0ad770d1 already get close from El Paso Zoo
2023-09-27T16:51:39.448+02:00 DEBUG 7856 --- [pool-2-thread-1] c.o.tourguide.service.RewardsService     : Calculate distance between -106.44487/31.769125 and 106.50823816729343/-30.660086770949043
2023-09-27T16:51:39.448+02:00 DEBUG 7856 --- [pool-2-thread-1] c.o.tourguide.service.RewardsService     : Checking if the user df4416cd-8697-417f-9745-577d0ad770d1 already get close from Kansas City Zoo
2023-09-27T16:51:39.448+02:00 DEBUG 7856 --- [pool-2-thread-1] c.o.tourguide.service.RewardsService     : Calculate distance between -94.529625/39.007504 and 106.50823816729343/-30.660086770949043
2023-09-27T16:51:39.448+02:00 DEBUG 7856 --- [pool-2-thread-1] c.o.tourguide.service.RewardsService     : Checking if the user df4416cd-8697-417f-9745-577d0ad770d1 already get close from Bronx Zoo
2023-09-27T16:51:39.448+02:00 DEBUG 7856 --- [pool-2-thread-1] c.o.tourguide.service.RewardsService     : Calculate distance between -73.872971/40.852905 and 106.50823816729343/-30.660086770949043
2023-09-27T16:51:39.448+02:00 DEBUG 7856 --- [pool-2-thread-1] c.o.tourguide.service.RewardsService     : Checking if the user df4416cd-8697-417f-9745-577d0ad770d1 already get close from Cinderella Castle
2023-09-27T16:51:39.448+02:00 DEBUG 7856 --- [pool-2-thread-1] c.o.tourguide.service.RewardsService     : Calculate distance between -81.5812/28.419411 and 106.50823816729343/-30.660086770949043
2023-09-27T16:51:39.448+02:00 DEBUG 7856 --- [pool-2-thread-1] c.o.tourguide.service.RewardsService     : Checking if the user df4416cd-8697-417f-9745-577d0ad770d1 already get close from Disneyland
2023-09-27T16:51:39.448+02:00 DEBUG 7856 --- [pool-2-thread-1] c.o.tourguide.service.RewardsService     : Calculate distance between -117.922008/33.817595 and 90.98157003441088/39.975558810883925
2023-09-27T16:51:39.448+02:00 DEBUG 7856 --- [pool-2-thread-1] c.o.tourguide.service.RewardsService     : Checking if the user df4416cd-8697-417f-9745-577d0ad770d1 already get close from Jackson Hole
2023-09-27T16:51:39.448+02:00 DEBUG 7856 --- [pool-2-thread-1] c.o.tourguide.service.RewardsService     : Calculate distance between -110.821999/43.582767 and 90.98157003441088/39.975558810883925
2023-09-27T16:51:39.449+02:00 DEBUG 7856 --- [pool-2-thread-1] c.o.tourguide.service.RewardsService     : Checking if the user df4416cd-8697-417f-9745-577d0ad770d1 already get close from Mojave National Preserve
2023-09-27T16:51:39.449+02:00 DEBUG 7856 --- [pool-2-thread-1] c.o.tourguide.service.RewardsService     : Calculate distance between -115.510399/35.141689 and 90.98157003441088/39.975558810883925
2023-09-27T16:51:39.449+02:00 DEBUG 7856 --- [pool-2-thread-1] c.o.tourguide.service.RewardsService     : Checking if the user df4416cd-8697-417f-9745-577d0ad770d1 already get close from Joshua Tree National Park
2023-09-27T16:51:39.449+02:00 DEBUG 7856 --- [pool-2-thread-1] c.o.tourguide.service.RewardsService     : Calculate distance between -115.90065/33.881866 and 90.98157003441088/39.975558810883925
2023-09-27T16:51:39.449+02:00 DEBUG 7856 --- [pool-2-thread-1] c.o.tourguide.service.RewardsService     : Checking if the user df4416cd-8697-417f-9745-577d0ad770d1 already get close from Buffalo National River
2023-09-27T16:51:39.449+02:00 DEBUG 7856 --- [pool-2-thread-1] c.o.tourguide.service.RewardsService     : Calculate distance between -92.757652/35.985512 and 90.98157003441088/39.975558810883925
2023-09-27T16:51:39.449+02:00 DEBUG 7856 --- [pool-2-thread-1] c.o.tourguide.service.RewardsService     : Checking if the user df4416cd-8697-417f-9745-577d0ad770d1 already get close from Hot Springs National Park
2023-09-27T16:51:39.449+02:00 DEBUG 7856 --- [pool-2-thread-1] c.o.tourguide.service.RewardsService     : Calculate distance between -93.042267/34.52153 and 90.98157003441088/39.975558810883925
2023-09-27T16:51:39.449+02:00 DEBUG 7856 --- [pool-2-thread-1] c.o.tourguide.service.RewardsService     : Checking if the user df4416cd-8697-417f-9745-577d0ad770d1 already get close from Kartchner Caverns State Park
2023-09-27T16:51:39.449+02:00 DEBUG 7856 --- [pool-2-thread-1] c.o.tourguide.service.RewardsService     : Calculate distance between -110.347382/31.837551 and 90.98157003441088/39.975558810883925
2023-09-27T16:51:39.449+02:00 DEBUG 7856 --- [pool-2-thread-1] c.o.tourguide.service.RewardsService     : Checking if the user df4416cd-8697-417f-9745-577d0ad770d1 already get close from Legend Valley
2023-09-27T16:51:39.449+02:00 DEBUG 7856 --- [pool-2-thread-1] c.o.tourguide.service.RewardsService     : Calculate distance between -82.40667/39.937778 and 90.98157003441088/39.975558810883925
2023-09-27T16:51:39.449+02:00 DEBUG 7856 --- [pool-2-thread-1] c.o.tourguide.service.RewardsService     : Checking if the user df4416cd-8697-417f-9745-577d0ad770d1 already get close from Flowers Bakery of London
2023-09-27T16:51:39.449+02:00 DEBUG 7856 --- [pool-2-thread-1] c.o.tourguide.service.RewardsService     : Calculate distance between -84.07486/37.131527 and 90.98157003441088/39.975558810883925
2023-09-27T16:51:39.449+02:00 DEBUG 7856 --- [pool-2-thread-1] c.o.tourguide.service.RewardsService     : Checking if the user df4416cd-8697-417f-9745-577d0ad770d1 already get close from McKinley Tower
2023-09-27T16:51:39.449+02:00 DEBUG 7856 --- [pool-2-thread-1] c.o.tourguide.service.RewardsService     : Calculate distance between -149.877502/61.218887 and 90.98157003441088/39.975558810883925
2023-09-27T16:51:39.449+02:00 DEBUG 7856 --- [pool-2-thread-1] c.o.tourguide.service.RewardsService     : Checking if the user df4416cd-8697-417f-9745-577d0ad770d1 already get close from Flatiron Building
2023-09-27T16:51:39.449+02:00 DEBUG 7856 --- [pool-2-thread-1] c.o.tourguide.service.RewardsService     : Calculate distance between -73.989723/40.741112 and 90.98157003441088/39.975558810883925
2023-09-27T16:51:39.449+02:00 DEBUG 7856 --- [pool-2-thread-1] c.o.tourguide.service.RewardsService     : Checking if the user df4416cd-8697-417f-9745-577d0ad770d1 already get close from Fallingwater
2023-09-27T16:51:39.449+02:00 DEBUG 7856 --- [pool-2-thread-1] c.o.tourguide.service.RewardsService     : Calculate distance between -79.468056/39.906113 and 90.98157003441088/39.975558810883925
2023-09-27T16:51:39.449+02:00 DEBUG 7856 --- [pool-2-thread-1] c.o.tourguide.service.RewardsService     : Checking if the user df4416cd-8697-417f-9745-577d0ad770d1 already get close from Union Station
2023-09-27T16:51:39.449+02:00 DEBUG 7856 --- [pool-2-thread-1] c.o.tourguide.service.RewardsService     : Calculate distance between -77.006332/38.897095 and 90.98157003441088/39.975558810883925
2023-09-27T16:51:39.449+02:00 DEBUG 7856 --- [pool-2-thread-1] c.o.tourguide.service.RewardsService     : Checking if the user df4416cd-8697-417f-9745-577d0ad770d1 already get close from Roger Dean Stadium
2023-09-27T16:51:39.449+02:00 DEBUG 7856 --- [pool-2-thread-1] c.o.tourguide.service.RewardsService     : Calculate distance between -80.116577/26.890959 and 90.98157003441088/39.975558810883925
2023-09-27T16:51:39.449+02:00 DEBUG 7856 --- [pool-2-thread-1] c.o.tourguide.service.RewardsService     : Checking if the user df4416cd-8697-417f-9745-577d0ad770d1 already get close from Texas Memorial Stadium
2023-09-27T16:51:39.449+02:00 DEBUG 7856 --- [pool-2-thread-1] c.o.tourguide.service.RewardsService     : Calculate distance between -97.732536/30.283682 and 90.98157003441088/39.975558810883925
2023-09-27T16:51:39.449+02:00 DEBUG 7856 --- [pool-2-thread-1] c.o.tourguide.service.RewardsService     : Checking if the user df4416cd-8697-417f-9745-577d0ad770d1 already get close from Bryant-Denny Stadium
2023-09-27T16:51:39.450+02:00 DEBUG 7856 --- [pool-2-thread-1] c.o.tourguide.service.RewardsService     : Calculate distance between -87.550438/33.208973 and 90.98157003441088/39.975558810883925
2023-09-27T16:51:39.450+02:00 DEBUG 7856 --- [pool-2-thread-1] c.o.tourguide.service.RewardsService     : Checking if the user df4416cd-8697-417f-9745-577d0ad770d1 already get close from Tiger Stadium
2023-09-27T16:51:39.450+02:00 DEBUG 7856 --- [pool-2-thread-1] c.o.tourguide.service.RewardsService     : Calculate distance between -91.183815/30.412035 and 90.98157003441088/39.975558810883925
2023-09-27T16:51:39.450+02:00 DEBUG 7856 --- [pool-2-thread-1] c.o.tourguide.service.RewardsService     : Checking if the user df4416cd-8697-417f-9745-577d0ad770d1 already get close from Neyland Stadium
2023-09-27T16:51:39.450+02:00 DEBUG 7856 --- [pool-2-thread-1] c.o.tourguide.service.RewardsService     : Calculate distance between -83.925011/35.955013 and 90.98157003441088/39.975558810883925
2023-09-27T16:51:39.450+02:00 DEBUG 7856 --- [pool-2-thread-1] c.o.tourguide.service.RewardsService     : Checking if the user df4416cd-8697-417f-9745-577d0ad770d1 already get close from Kyle Field
2023-09-27T16:51:39.450+02:00 DEBUG 7856 --- [pool-2-thread-1] c.o.tourguide.service.RewardsService     : Calculate distance between -96.339844/30.61025 and 90.98157003441088/39.975558810883925
2023-09-27T16:51:39.450+02:00 DEBUG 7856 --- [pool-2-thread-1] c.o.tourguide.service.RewardsService     : Checking if the user df4416cd-8697-417f-9745-577d0ad770d1 already get close from San Diego Zoo
2023-09-27T16:51:39.450+02:00 DEBUG 7856 --- [pool-2-thread-1] c.o.tourguide.service.RewardsService     : Calculate distance between -117.149048/32.735317 and 90.98157003441088/39.975558810883925
2023-09-27T16:51:39.450+02:00 DEBUG 7856 --- [pool-2-thread-1] c.o.tourguide.service.RewardsService     : Checking if the user df4416cd-8697-417f-9745-577d0ad770d1 already get close from Zoo Tampa at Lowry Park
2023-09-27T16:51:39.450+02:00 DEBUG 7856 --- [pool-2-thread-1] c.o.tourguide.service.RewardsService     : Calculate distance between -82.469269/28.012804 and 90.98157003441088/39.975558810883925
2023-09-27T16:51:39.450+02:00 DEBUG 7856 --- [pool-2-thread-1] c.o.tourguide.service.RewardsService     : Checking if the user df4416cd-8697-417f-9745-577d0ad770d1 already get close from Franklin Park Zoo
2023-09-27T16:51:39.450+02:00 DEBUG 7856 --- [pool-2-thread-1] c.o.tourguide.service.RewardsService     : Calculate distance between -71.086731/42.302601 and 90.98157003441088/39.975558810883925
2023-09-27T16:51:39.450+02:00 DEBUG 7856 --- [pool-2-thread-1] c.o.tourguide.service.RewardsService     : Checking if the user df4416cd-8697-417f-9745-577d0ad770d1 already get close from El Paso Zoo
2023-09-27T16:51:39.450+02:00 DEBUG 7856 --- [pool-2-thread-1] c.o.tourguide.service.RewardsService     : Calculate distance between -106.44487/31.769125 and 90.98157003441088/39.975558810883925
2023-09-27T16:51:39.450+02:00 DEBUG 7856 --- [pool-2-thread-1] c.o.tourguide.service.RewardsService     : Checking if the user df4416cd-8697-417f-9745-577d0ad770d1 already get close from Kansas City Zoo
2023-09-27T16:51:39.450+02:00 DEBUG 7856 --- [pool-2-thread-1] c.o.tourguide.service.RewardsService     : Calculate distance between -94.529625/39.007504 and 90.98157003441088/39.975558810883925
2023-09-27T16:51:39.450+02:00 DEBUG 7856 --- [pool-2-thread-1] c.o.tourguide.service.RewardsService     : Checking if the user df4416cd-8697-417f-9745-577d0ad770d1 already get close from Bronx Zoo
2023-09-27T16:51:39.450+02:00 DEBUG 7856 --- [pool-2-thread-1] c.o.tourguide.service.RewardsService     : Calculate distance between -73.872971/40.852905 and 90.98157003441088/39.975558810883925
2023-09-27T16:51:39.450+02:00 DEBUG 7856 --- [pool-2-thread-1] c.o.tourguide.service.RewardsService     : Checking if the user df4416cd-8697-417f-9745-577d0ad770d1 already get close from Cinderella Castle
2023-09-27T16:51:39.450+02:00 DEBUG 7856 --- [pool-2-thread-1] c.o.tourguide.service.RewardsService     : Calculate distance between -81.5812/28.419411 and 90.98157003441088/39.975558810883925
2023-09-27T16:51:39.450+02:00 DEBUG 7856 --- [pool-2-thread-1] c.o.tourguide.service.RewardsService     : Checking if the user df4416cd-8697-417f-9745-577d0ad770d1 already get close from Disneyland
2023-09-27T16:51:39.450+02:00 DEBUG 7856 --- [pool-2-thread-1] c.o.tourguide.service.RewardsService     : Calculate distance between -117.922008/33.817595 and 179.47979070450214/-19.541181209866465
2023-09-27T16:51:39.450+02:00 DEBUG 7856 --- [pool-2-thread-1] c.o.tourguide.service.RewardsService     : Checking if the user df4416cd-8697-417f-9745-577d0ad770d1 already get close from Jackson Hole
2023-09-27T16:51:39.450+02:00 DEBUG 7856 --- [pool-2-thread-1] c.o.tourguide.service.RewardsService     : Calculate distance between -110.821999/43.582767 and 179.47979070450214/-19.541181209866465
2023-09-27T16:51:39.450+02:00 DEBUG 7856 --- [pool-2-thread-1] c.o.tourguide.service.RewardsService     : Checking if the user df4416cd-8697-417f-9745-577d0ad770d1 already get close from Mojave National Preserve
2023-09-27T16:51:39.450+02:00 DEBUG 7856 --- [pool-2-thread-1] c.o.tourguide.service.RewardsService     : Calculate distance between -115.510399/35.141689 and 179.47979070450214/-19.541181209866465
2023-09-27T16:51:39.450+02:00 DEBUG 7856 --- [pool-2-thread-1] c.o.tourguide.service.RewardsService     : Checking if the user df4416cd-8697-417f-9745-577d0ad770d1 already get close from Joshua Tree National Park
2023-09-27T16:51:39.450+02:00 DEBUG 7856 --- [pool-2-thread-1] c.o.tourguide.service.RewardsService     : Calculate distance between -115.90065/33.881866 and 179.47979070450214/-19.541181209866465
2023-09-27T16:51:39.450+02:00 DEBUG 7856 --- [pool-2-thread-1] c.o.tourguide.service.RewardsService     : Checking if the user df4416cd-8697-417f-9745-577d0ad770d1 already get close from Buffalo National River
2023-09-27T16:51:39.450+02:00 DEBUG 7856 --- [pool-2-thread-1] c.o.tourguide.service.RewardsService     : Calculate distance between -92.757652/35.985512 and 179.47979070450214/-19.541181209866465
2023-09-27T16:51:39.450+02:00 DEBUG 7856 --- [pool-2-thread-1] c.o.tourguide.service.RewardsService     : Checking if the user df4416cd-8697-417f-9745-577d0ad770d1 already get close from Hot Springs National Park
2023-09-27T16:51:39.450+02:00 DEBUG 7856 --- [pool-2-thread-1] c.o.tourguide.service.RewardsService     : Calculate distance between -93.042267/34.52153 and 179.47979070450214/-19.541181209866465
2023-09-27T16:51:39.450+02:00 DEBUG 7856 --- [pool-2-thread-1] c.o.tourguide.service.RewardsService     : Checking if the user df4416cd-8697-417f-9745-577d0ad770d1 already get close from Kartchner Caverns State Park
2023-09-27T16:51:39.450+02:00 DEBUG 7856 --- [pool-2-thread-1] c.o.tourguide.service.RewardsService     : Calculate distance between -110.347382/31.837551 and 179.47979070450214/-19.541181209866465
2023-09-27T16:51:39.450+02:00 DEBUG 7856 --- [pool-2-thread-1] c.o.tourguide.service.RewardsService     : Checking if the user df4416cd-8697-417f-9745-577d0ad770d1 already get close from Legend Valley
2023-09-27T16:51:39.451+02:00 DEBUG 7856 --- [pool-2-thread-1] c.o.tourguide.service.RewardsService     : Calculate distance between -82.40667/39.937778 and 179.47979070450214/-19.541181209866465
2023-09-27T16:51:39.451+02:00 DEBUG 7856 --- [pool-2-thread-1] c.o.tourguide.service.RewardsService     : Checking if the user df4416cd-8697-417f-9745-577d0ad770d1 already get close from Flowers Bakery of London
2023-09-27T16:51:39.451+02:00 DEBUG 7856 --- [pool-2-thread-1] c.o.tourguide.service.RewardsService     : Calculate distance between -84.07486/37.131527 and 179.47979070450214/-19.541181209866465
2023-09-27T16:51:39.451+02:00 DEBUG 7856 --- [pool-2-thread-1] c.o.tourguide.service.RewardsService     : Checking if the user df4416cd-8697-417f-9745-577d0ad770d1 already get close from McKinley Tower
2023-09-27T16:51:39.451+02:00 DEBUG 7856 --- [pool-2-thread-1] c.o.tourguide.service.RewardsService     : Calculate distance between -149.877502/61.218887 and 179.47979070450214/-19.541181209866465
2023-09-27T16:51:39.451+02:00 DEBUG 7856 --- [pool-2-thread-1] c.o.tourguide.service.RewardsService     : Checking if the user df4416cd-8697-417f-9745-577d0ad770d1 already get close from Flatiron Building
2023-09-27T16:51:39.451+02:00 DEBUG 7856 --- [pool-2-thread-1] c.o.tourguide.service.RewardsService     : Calculate distance between -73.989723/40.741112 and 179.47979070450214/-19.541181209866465
2023-09-27T16:51:39.451+02:00 DEBUG 7856 --- [pool-2-thread-1] c.o.tourguide.service.RewardsService     : Checking if the user df4416cd-8697-417f-9745-577d0ad770d1 already get close from Fallingwater
2023-09-27T16:51:39.451+02:00 DEBUG 7856 --- [pool-2-thread-1] c.o.tourguide.service.RewardsService     : Calculate distance between -79.468056/39.906113 and 179.47979070450214/-19.541181209866465
2023-09-27T16:51:39.451+02:00 DEBUG 7856 --- [pool-2-thread-1] c.o.tourguide.service.RewardsService     : Checking if the user df4416cd-8697-417f-9745-577d0ad770d1 already get close from Union Station
2023-09-27T16:51:39.451+02:00 DEBUG 7856 --- [pool-2-thread-1] c.o.tourguide.service.RewardsService     : Calculate distance between -77.006332/38.897095 and 179.47979070450214/-19.541181209866465
2023-09-27T16:51:39.451+02:00 DEBUG 7856 --- [pool-2-thread-1] c.o.tourguide.service.RewardsService     : Checking if the user df4416cd-8697-417f-9745-577d0ad770d1 already get close from Roger Dean Stadium
2023-09-27T16:51:39.451+02:00 DEBUG 7856 --- [pool-2-thread-1] c.o.tourguide.service.RewardsService     : Calculate distance between -80.116577/26.890959 and 179.47979070450214/-19.541181209866465
2023-09-27T16:51:39.451+02:00 DEBUG 7856 --- [pool-2-thread-1] c.o.tourguide.service.RewardsService     : Checking if the user df4416cd-8697-417f-9745-577d0ad770d1 already get close from Texas Memorial Stadium
2023-09-27T16:51:39.451+02:00 DEBUG 7856 --- [pool-2-thread-1] c.o.tourguide.service.RewardsService     : Calculate distance between -97.732536/30.283682 and 179.47979070450214/-19.541181209866465
2023-09-27T16:51:39.451+02:00 DEBUG 7856 --- [pool-2-thread-1] c.o.tourguide.service.RewardsService     : Checking if the user df4416cd-8697-417f-9745-577d0ad770d1 already get close from Bryant-Denny Stadium
2023-09-27T16:51:39.451+02:00 DEBUG 7856 --- [pool-2-thread-1] c.o.tourguide.service.RewardsService     : Calculate distance between -87.550438/33.208973 and 179.47979070450214/-19.541181209866465
2023-09-27T16:51:39.451+02:00 DEBUG 7856 --- [pool-2-thread-1] c.o.tourguide.service.RewardsService     : Checking if the user df4416cd-8697-417f-9745-577d0ad770d1 already get close from Tiger Stadium
2023-09-27T16:51:39.451+02:00 DEBUG 7856 --- [pool-2-thread-1] c.o.tourguide.service.RewardsService     : Calculate distance between -91.183815/30.412035 and 179.47979070450214/-19.541181209866465
2023-09-27T16:51:39.451+02:00 DEBUG 7856 --- [pool-2-thread-1] c.o.tourguide.service.RewardsService     : Checking if the user df4416cd-8697-417f-9745-577d0ad770d1 already get close from Neyland Stadium
2023-09-27T16:51:39.451+02:00 DEBUG 7856 --- [pool-2-thread-1] c.o.tourguide.service.RewardsService     : Calculate distance between -83.925011/35.955013 and 179.47979070450214/-19.541181209866465
2023-09-27T16:51:39.451+02:00 DEBUG 7856 --- [pool-2-thread-1] c.o.tourguide.service.RewardsService     : Checking if the user df4416cd-8697-417f-9745-577d0ad770d1 already get close from Kyle Field
2023-09-27T16:51:39.451+02:00 DEBUG 7856 --- [pool-2-thread-1] c.o.tourguide.service.RewardsService     : Calculate distance between -96.339844/30.61025 and 179.47979070450214/-19.541181209866465
2023-09-27T16:51:39.451+02:00 DEBUG 7856 --- [pool-2-thread-1] c.o.tourguide.service.RewardsService     : Checking if the user df4416cd-8697-417f-9745-577d0ad770d1 already get close from San Diego Zoo
2023-09-27T16:51:39.451+02:00 DEBUG 7856 --- [pool-2-thread-1] c.o.tourguide.service.RewardsService     : Calculate distance between -117.149048/32.735317 and 179.47979070450214/-19.541181209866465
2023-09-27T16:51:39.451+02:00 DEBUG 7856 --- [pool-2-thread-1] c.o.tourguide.service.RewardsService     : Checking if the user df4416cd-8697-417f-9745-577d0ad770d1 already get close from Zoo Tampa at Lowry Park
2023-09-27T16:51:39.451+02:00 DEBUG 7856 --- [pool-2-thread-1] c.o.tourguide.service.RewardsService     : Calculate distance between -82.469269/28.012804 and 179.47979070450214/-19.541181209866465
2023-09-27T16:51:39.451+02:00 DEBUG 7856 --- [pool-2-thread-1] c.o.tourguide.service.RewardsService     : Checking if the user df4416cd-8697-417f-9745-577d0ad770d1 already get close from Franklin Park Zoo
2023-09-27T16:51:39.451+02:00 DEBUG 7856 --- [pool-2-thread-1] c.o.tourguide.service.RewardsService     : Calculate distance between -71.086731/42.302601 and 179.47979070450214/-19.541181209866465
2023-09-27T16:51:39.451+02:00 DEBUG 7856 --- [pool-2-thread-1] c.o.tourguide.service.RewardsService     : Checking if the user df4416cd-8697-417f-9745-577d0ad770d1 already get close from El Paso Zoo
2023-09-27T16:51:39.451+02:00 DEBUG 7856 --- [pool-2-thread-1] c.o.tourguide.service.RewardsService     : Calculate distance between -106.44487/31.769125 and 179.47979070450214/-19.541181209866465
2023-09-27T16:51:39.451+02:00 DEBUG 7856 --- [pool-2-thread-1] c.o.tourguide.service.RewardsService     : Checking if the user df4416cd-8697-417f-9745-577d0ad770d1 already get close from Kansas City Zoo
2023-09-27T16:51:39.451+02:00 DEBUG 7856 --- [pool-2-thread-1] c.o.tourguide.service.RewardsService     : Calculate distance between -94.529625/39.007504 and 179.47979070450214/-19.541181209866465
2023-09-27T16:51:39.451+02:00 DEBUG 7856 --- [pool-2-thread-1] c.o.tourguide.service.RewardsService     : Checking if the user df4416cd-8697-417f-9745-577d0ad770d1 already get close from Bronx Zoo
2023-09-27T16:51:39.451+02:00 DEBUG 7856 --- [pool-2-thread-1] c.o.tourguide.service.RewardsService     : Calculate distance between -73.872971/40.852905 and 179.47979070450214/-19.541181209866465
2023-09-27T16:51:39.451+02:00 DEBUG 7856 --- [pool-2-thread-1] c.o.tourguide.service.RewardsService     : Checking if the user df4416cd-8697-417f-9745-577d0ad770d1 already get close from Cinderella Castle
2023-09-27T16:51:39.451+02:00 DEBUG 7856 --- [pool-2-thread-1] c.o.tourguide.service.RewardsService     : Calculate distance between -81.5812/28.419411 and 179.47979070450214/-19.541181209866465
2023-09-27T16:51:39.451+02:00 DEBUG 7856 --- [pool-2-thread-1] c.o.tourguide.service.RewardsService     : Checking if the user df4416cd-8697-417f-9745-577d0ad770d1 already get close from Disneyland
2023-09-27T16:51:39.451+02:00 DEBUG 7856 --- [pool-2-thread-1] c.o.tourguide.service.RewardsService     : Calculate distance between -117.922008/33.817595 and -117.855854/9.475352
2023-09-27T16:51:39.451+02:00 DEBUG 7856 --- [pool-2-thread-1] c.o.tourguide.service.RewardsService     : Checking if the user df4416cd-8697-417f-9745-577d0ad770d1 already get close from Jackson Hole
2023-09-27T16:51:39.451+02:00 DEBUG 7856 --- [pool-2-thread-1] c.o.tourguide.service.RewardsService     : Calculate distance between -110.821999/43.582767 and -117.855854/9.475352
2023-09-27T16:51:39.451+02:00 DEBUG 7856 --- [pool-2-thread-1] c.o.tourguide.service.RewardsService     : Checking if the user df4416cd-8697-417f-9745-577d0ad770d1 already get close from Mojave National Preserve
2023-09-27T16:51:39.452+02:00 DEBUG 7856 --- [pool-2-thread-1] c.o.tourguide.service.RewardsService     : Calculate distance between -115.510399/35.141689 and -117.855854/9.475352
2023-09-27T16:51:39.452+02:00 DEBUG 7856 --- [pool-2-thread-1] c.o.tourguide.service.RewardsService     : Checking if the user df4416cd-8697-417f-9745-577d0ad770d1 already get close from Joshua Tree National Park
2023-09-27T16:51:39.452+02:00 DEBUG 7856 --- [pool-2-thread-1] c.o.tourguide.service.RewardsService     : Calculate distance between -115.90065/33.881866 and -117.855854/9.475352
2023-09-27T16:51:39.452+02:00 DEBUG 7856 --- [pool-2-thread-1] c.o.tourguide.service.RewardsService     : Checking if the user df4416cd-8697-417f-9745-577d0ad770d1 already get close from Buffalo National River
2023-09-27T16:51:39.452+02:00 DEBUG 7856 --- [pool-2-thread-1] c.o.tourguide.service.RewardsService     : Calculate distance between -92.757652/35.985512 and -117.855854/9.475352
2023-09-27T16:51:39.452+02:00 DEBUG 7856 --- [pool-2-thread-1] c.o.tourguide.service.RewardsService     : Checking if the user df4416cd-8697-417f-9745-577d0ad770d1 already get close from Hot Springs National Park
2023-09-27T16:51:39.452+02:00 DEBUG 7856 --- [pool-2-thread-1] c.o.tourguide.service.RewardsService     : Calculate distance between -93.042267/34.52153 and -117.855854/9.475352
2023-09-27T16:51:39.452+02:00 DEBUG 7856 --- [pool-2-thread-1] c.o.tourguide.service.RewardsService     : Checking if the user df4416cd-8697-417f-9745-577d0ad770d1 already get close from Kartchner Caverns State Park
2023-09-27T16:51:39.452+02:00 DEBUG 7856 --- [pool-2-thread-1] c.o.tourguide.service.RewardsService     : Calculate distance between -110.347382/31.837551 and -117.855854/9.475352
2023-09-27T16:51:39.452+02:00 DEBUG 7856 --- [pool-2-thread-1] c.o.tourguide.service.RewardsService     : Checking if the user df4416cd-8697-417f-9745-577d0ad770d1 already get close from Legend Valley
2023-09-27T16:51:39.452+02:00 DEBUG 7856 --- [pool-2-thread-1] c.o.tourguide.service.RewardsService     : Calculate distance between -82.40667/39.937778 and -117.855854/9.475352
2023-09-27T16:51:39.452+02:00 DEBUG 7856 --- [pool-2-thread-1] c.o.tourguide.service.RewardsService     : Checking if the user df4416cd-8697-417f-9745-577d0ad770d1 already get close from Flowers Bakery of London
2023-09-27T16:51:39.452+02:00 DEBUG 7856 --- [pool-2-thread-1] c.o.tourguide.service.RewardsService     : Calculate distance between -84.07486/37.131527 and -117.855854/9.475352
2023-09-27T16:51:39.452+02:00 DEBUG 7856 --- [pool-2-thread-1] c.o.tourguide.service.RewardsService     : Checking if the user df4416cd-8697-417f-9745-577d0ad770d1 already get close from McKinley Tower
2023-09-27T16:51:39.452+02:00 DEBUG 7856 --- [pool-2-thread-1] c.o.tourguide.service.RewardsService     : Calculate distance between -149.877502/61.218887 and -117.855854/9.475352
2023-09-27T16:51:39.452+02:00 DEBUG 7856 --- [pool-2-thread-1] c.o.tourguide.service.RewardsService     : Checking if the user df4416cd-8697-417f-9745-577d0ad770d1 already get close from Flatiron Building
2023-09-27T16:51:39.452+02:00 DEBUG 7856 --- [pool-2-thread-1] c.o.tourguide.service.RewardsService     : Calculate distance between -73.989723/40.741112 and -117.855854/9.475352
2023-09-27T16:51:39.452+02:00 DEBUG 7856 --- [pool-2-thread-1] c.o.tourguide.service.RewardsService     : Checking if the user df4416cd-8697-417f-9745-577d0ad770d1 already get close from Fallingwater
2023-09-27T16:51:39.452+02:00 DEBUG 7856 --- [pool-2-thread-1] c.o.tourguide.service.RewardsService     : Calculate distance between -79.468056/39.906113 and -117.855854/9.475352
2023-09-27T16:51:39.452+02:00 DEBUG 7856 --- [pool-2-thread-1] c.o.tourguide.service.RewardsService     : Checking if the user df4416cd-8697-417f-9745-577d0ad770d1 already get close from Union Station
2023-09-27T16:51:39.452+02:00 DEBUG 7856 --- [pool-2-thread-1] c.o.tourguide.service.RewardsService     : Calculate distance between -77.006332/38.897095 and -117.855854/9.475352
2023-09-27T16:51:39.452+02:00 DEBUG 7856 --- [pool-2-thread-1] c.o.tourguide.service.RewardsService     : Checking if the user df4416cd-8697-417f-9745-577d0ad770d1 already get close from Roger Dean Stadium
2023-09-27T16:51:39.452+02:00 DEBUG 7856 --- [pool-2-thread-1] c.o.tourguide.service.RewardsService     : Calculate distance between -80.116577/26.890959 and -117.855854/9.475352
2023-09-27T16:51:39.452+02:00 DEBUG 7856 --- [pool-2-thread-1] c.o.tourguide.service.RewardsService     : Checking if the user df4416cd-8697-417f-9745-577d0ad770d1 already get close from Texas Memorial Stadium
2023-09-27T16:51:39.452+02:00 DEBUG 7856 --- [pool-2-thread-1] c.o.tourguide.service.RewardsService     : Calculate distance between -97.732536/30.283682 and -117.855854/9.475352
2023-09-27T16:51:39.452+02:00 DEBUG 7856 --- [pool-2-thread-1] c.o.tourguide.service.RewardsService     : Checking if the user df4416cd-8697-417f-9745-577d0ad770d1 already get close from Bryant-Denny Stadium
2023-09-27T16:51:39.452+02:00 DEBUG 7856 --- [pool-2-thread-1] c.o.tourguide.service.RewardsService     : Calculate distance between -87.550438/33.208973 and -117.855854/9.475352
2023-09-27T16:51:39.452+02:00 DEBUG 7856 --- [pool-2-thread-1] c.o.tourguide.service.RewardsService     : Checking if the user df4416cd-8697-417f-9745-577d0ad770d1 already get close from Tiger Stadium
2023-09-27T16:51:39.452+02:00 DEBUG 7856 --- [pool-2-thread-1] c.o.tourguide.service.RewardsService     : Calculate distance between -91.183815/30.412035 and -117.855854/9.475352
2023-09-27T16:51:39.452+02:00 DEBUG 7856 --- [pool-2-thread-1] c.o.tourguide.service.RewardsService     : Checking if the user df4416cd-8697-417f-9745-577d0ad770d1 already get close from Neyland Stadium
2023-09-27T16:51:39.452+02:00 DEBUG 7856 --- [pool-2-thread-1] c.o.tourguide.service.RewardsService     : Calculate distance between -83.925011/35.955013 and -117.855854/9.475352
2023-09-27T16:51:39.452+02:00 DEBUG 7856 --- [pool-2-thread-1] c.o.tourguide.service.RewardsService     : Checking if the user df4416cd-8697-417f-9745-577d0ad770d1 already get close from Kyle Field
2023-09-27T16:51:39.452+02:00 DEBUG 7856 --- [pool-2-thread-1] c.o.tourguide.service.RewardsService     : Calculate distance between -96.339844/30.61025 and -117.855854/9.475352
2023-09-27T16:51:39.452+02:00 DEBUG 7856 --- [pool-2-thread-1] c.o.tourguide.service.RewardsService     : Checking if the user df4416cd-8697-417f-9745-577d0ad770d1 already get close from San Diego Zoo
2023-09-27T16:51:39.452+02:00 DEBUG 7856 --- [pool-2-thread-1] c.o.tourguide.service.RewardsService     : Calculate distance between -117.149048/32.735317 and -117.855854/9.475352
2023-09-27T16:51:39.452+02:00 DEBUG 7856 --- [pool-2-thread-1] c.o.tourguide.service.RewardsService     : Checking if the user df4416cd-8697-417f-9745-577d0ad770d1 already get close from Zoo Tampa at Lowry Park
2023-09-27T16:51:39.452+02:00 DEBUG 7856 --- [pool-2-thread-1] c.o.tourguide.service.RewardsService     : Calculate distance between -82.469269/28.012804 and -117.855854/9.475352
2023-09-27T16:51:39.452+02:00 DEBUG 7856 --- [pool-2-thread-1] c.o.tourguide.service.RewardsService     : Checking if the user df4416cd-8697-417f-9745-577d0ad770d1 already get close from Franklin Park Zoo
2023-09-27T16:51:39.452+02:00 DEBUG 7856 --- [pool-2-thread-1] c.o.tourguide.service.RewardsService     : Calculate distance between -71.086731/42.302601 and -117.855854/9.475352
2023-09-27T16:51:39.452+02:00 DEBUG 7856 --- [pool-2-thread-1] c.o.tourguide.service.RewardsService     : Checking if the user df4416cd-8697-417f-9745-577d0ad770d1 already get close from El Paso Zoo
2023-09-27T16:51:39.452+02:00 DEBUG 7856 --- [pool-2-thread-1] c.o.tourguide.service.RewardsService     : Calculate distance between -106.44487/31.769125 and -117.855854/9.475352
2023-09-27T16:51:39.452+02:00 DEBUG 7856 --- [pool-2-thread-1] c.o.tourguide.service.RewardsService     : Checking if the user df4416cd-8697-417f-9745-577d0ad770d1 already get close from Kansas City Zoo
2023-09-27T16:51:39.452+02:00 DEBUG 7856 --- [pool-2-thread-1] c.o.tourguide.service.RewardsService     : Calculate distance between -94.529625/39.007504 and -117.855854/9.475352
2023-09-27T16:51:39.452+02:00 DEBUG 7856 --- [pool-2-thread-1] c.o.tourguide.service.RewardsService     : Checking if the user df4416cd-8697-417f-9745-577d0ad770d1 already get close from Bronx Zoo
2023-09-27T16:51:39.452+02:00 DEBUG 7856 --- [pool-2-thread-1] c.o.tourguide.service.RewardsService     : Calculate distance between -73.872971/40.852905 and -117.855854/9.475352
2023-09-27T16:51:39.452+02:00 DEBUG 7856 --- [pool-2-thread-1] c.o.tourguide.service.RewardsService     : Checking if the user df4416cd-8697-417f-9745-577d0ad770d1 already get close from Cinderella Castle
2023-09-27T16:51:39.452+02:00 DEBUG 7856 --- [pool-2-thread-1] c.o.tourguide.service.RewardsService     : Calculate distance between -81.5812/28.419411 and -117.855854/9.475352
2023-09-27T16:51:39.452+02:00 DEBUG 7856 --- [pool-2-thread-1] c.o.tourguide.service.RewardsService     : Checking if the user df4416cd-8697-417f-9745-577d0ad770d1 already get close from Disneyland
2023-09-27T16:51:39.452+02:00 DEBUG 7856 --- [pool-2-thread-1] c.o.tourguide.service.RewardsService     : Calculate distance between -117.922008/33.817595 and 107.809729/68.566938
2023-09-27T16:51:39.453+02:00 DEBUG 7856 --- [pool-2-thread-1] c.o.tourguide.service.RewardsService     : Checking if the user df4416cd-8697-417f-9745-577d0ad770d1 already get close from Jackson Hole
2023-09-27T16:51:39.453+02:00 DEBUG 7856 --- [pool-2-thread-1] c.o.tourguide.service.RewardsService     : Calculate distance between -110.821999/43.582767 and 107.809729/68.566938
2023-09-27T16:51:39.453+02:00 DEBUG 7856 --- [pool-2-thread-1] c.o.tourguide.service.RewardsService     : Checking if the user df4416cd-8697-417f-9745-577d0ad770d1 already get close from Mojave National Preserve
2023-09-27T16:51:39.453+02:00 DEBUG 7856 --- [pool-2-thread-1] c.o.tourguide.service.RewardsService     : Calculate distance between -115.510399/35.141689 and 107.809729/68.566938
2023-09-27T16:51:39.453+02:00 DEBUG 7856 --- [pool-2-thread-1] c.o.tourguide.service.RewardsService     : Checking if the user df4416cd-8697-417f-9745-577d0ad770d1 already get close from Joshua Tree National Park
2023-09-27T16:51:39.453+02:00 DEBUG 7856 --- [pool-2-thread-1] c.o.tourguide.service.RewardsService     : Calculate distance between -115.90065/33.881866 and 107.809729/68.566938
2023-09-27T16:51:39.453+02:00 DEBUG 7856 --- [pool-2-thread-1] c.o.tourguide.service.RewardsService     : Checking if the user df4416cd-8697-417f-9745-577d0ad770d1 already get close from Buffalo National River
2023-09-27T16:51:39.453+02:00 DEBUG 7856 --- [pool-2-thread-1] c.o.tourguide.service.RewardsService     : Calculate distance between -92.757652/35.985512 and 107.809729/68.566938
2023-09-27T16:51:39.453+02:00 DEBUG 7856 --- [pool-2-thread-1] c.o.tourguide.service.RewardsService     : Checking if the user df4416cd-8697-417f-9745-577d0ad770d1 already get close from Hot Springs National Park
2023-09-27T16:51:39.453+02:00 DEBUG 7856 --- [pool-2-thread-1] c.o.tourguide.service.RewardsService     : Calculate distance between -93.042267/34.52153 and 107.809729/68.566938
2023-09-27T16:51:39.453+02:00 DEBUG 7856 --- [pool-2-thread-1] c.o.tourguide.service.RewardsService     : Checking if the user df4416cd-8697-417f-9745-577d0ad770d1 already get close from Kartchner Caverns State Park
2023-09-27T16:51:39.453+02:00 DEBUG 7856 --- [pool-2-thread-1] c.o.tourguide.service.RewardsService     : Calculate distance between -110.347382/31.837551 and 107.809729/68.566938
2023-09-27T16:51:39.453+02:00 DEBUG 7856 --- [pool-2-thread-1] c.o.tourguide.service.RewardsService     : Checking if the user df4416cd-8697-417f-9745-577d0ad770d1 already get close from Legend Valley
2023-09-27T16:51:39.453+02:00 DEBUG 7856 --- [pool-2-thread-1] c.o.tourguide.service.RewardsService     : Calculate distance between -82.40667/39.937778 and 107.809729/68.566938
2023-09-27T16:51:39.453+02:00 DEBUG 7856 --- [pool-2-thread-1] c.o.tourguide.service.RewardsService     : Checking if the user df4416cd-8697-417f-9745-577d0ad770d1 already get close from Flowers Bakery of London
2023-09-27T16:51:39.453+02:00 DEBUG 7856 --- [pool-2-thread-1] c.o.tourguide.service.RewardsService     : Calculate distance between -84.07486/37.131527 and 107.809729/68.566938
2023-09-27T16:51:39.453+02:00 DEBUG 7856 --- [pool-2-thread-1] c.o.tourguide.service.RewardsService     : Checking if the user df4416cd-8697-417f-9745-577d0ad770d1 already get close from McKinley Tower
2023-09-27T16:51:39.453+02:00 DEBUG 7856 --- [pool-2-thread-1] c.o.tourguide.service.RewardsService     : Calculate distance between -149.877502/61.218887 and 107.809729/68.566938
2023-09-27T16:51:39.453+02:00 DEBUG 7856 --- [pool-2-thread-1] c.o.tourguide.service.RewardsService     : Checking if the user df4416cd-8697-417f-9745-577d0ad770d1 already get close from Flatiron Building
2023-09-27T16:51:39.453+02:00 DEBUG 7856 --- [pool-2-thread-1] c.o.tourguide.service.RewardsService     : Calculate distance between -73.989723/40.741112 and 107.809729/68.566938
2023-09-27T16:51:39.453+02:00 DEBUG 7856 --- [pool-2-thread-1] c.o.tourguide.service.RewardsService     : Checking if the user df4416cd-8697-417f-9745-577d0ad770d1 already get close from Fallingwater
2023-09-27T16:51:39.453+02:00 DEBUG 7856 --- [pool-2-thread-1] c.o.tourguide.service.RewardsService     : Calculate distance between -79.468056/39.906113 and 107.809729/68.566938
2023-09-27T16:51:39.453+02:00 DEBUG 7856 --- [pool-2-thread-1] c.o.tourguide.service.RewardsService     : Checking if the user df4416cd-8697-417f-9745-577d0ad770d1 already get close from Union Station
2023-09-27T16:51:39.453+02:00 DEBUG 7856 --- [pool-2-thread-1] c.o.tourguide.service.RewardsService     : Calculate distance between -77.006332/38.897095 and 107.809729/68.566938
2023-09-27T16:51:39.453+02:00 DEBUG 7856 --- [pool-2-thread-1] c.o.tourguide.service.RewardsService     : Checking if the user df4416cd-8697-417f-9745-577d0ad770d1 already get close from Roger Dean Stadium
2023-09-27T16:51:39.453+02:00 DEBUG 7856 --- [pool-2-thread-1] c.o.tourguide.service.RewardsService     : Calculate distance between -80.116577/26.890959 and 107.809729/68.566938
2023-09-27T16:51:39.453+02:00 DEBUG 7856 --- [pool-2-thread-1] c.o.tourguide.service.RewardsService     : Checking if the user df4416cd-8697-417f-9745-577d0ad770d1 already get close from Texas Memorial Stadium
2023-09-27T16:51:39.454+02:00 DEBUG 7856 --- [pool-2-thread-1] c.o.tourguide.service.RewardsService     : Calculate distance between -97.732536/30.283682 and 107.809729/68.566938
2023-09-27T16:51:39.454+02:00 DEBUG 7856 --- [pool-2-thread-1] c.o.tourguide.service.RewardsService     : Checking if the user df4416cd-8697-417f-9745-577d0ad770d1 already get close from Bryant-Denny Stadium
2023-09-27T16:51:39.454+02:00 DEBUG 7856 --- [pool-2-thread-1] c.o.tourguide.service.RewardsService     : Calculate distance between -87.550438/33.208973 and 107.809729/68.566938
2023-09-27T16:51:39.454+02:00 DEBUG 7856 --- [pool-2-thread-1] c.o.tourguide.service.RewardsService     : Checking if the user df4416cd-8697-417f-9745-577d0ad770d1 already get close from Tiger Stadium
2023-09-27T16:51:39.454+02:00 DEBUG 7856 --- [pool-2-thread-1] c.o.tourguide.service.RewardsService     : Calculate distance between -91.183815/30.412035 and 107.809729/68.566938
2023-09-27T16:51:39.454+02:00 DEBUG 7856 --- [pool-2-thread-1] c.o.tourguide.service.RewardsService     : Checking if the user df4416cd-8697-417f-9745-577d0ad770d1 already get close from Neyland Stadium
2023-09-27T16:51:39.454+02:00 DEBUG 7856 --- [pool-2-thread-1] c.o.tourguide.service.RewardsService     : Calculate distance between -83.925011/35.955013 and 107.809729/68.566938
2023-09-27T16:51:39.454+02:00 DEBUG 7856 --- [pool-2-thread-1] c.o.tourguide.service.RewardsService     : Checking if the user df4416cd-8697-417f-9745-577d0ad770d1 already get close from Kyle Field
2023-09-27T16:51:39.454+02:00 DEBUG 7856 --- [pool-2-thread-1] c.o.tourguide.service.RewardsService     : Calculate distance between -96.339844/30.61025 and 107.809729/68.566938
2023-09-27T16:51:39.454+02:00 DEBUG 7856 --- [pool-2-thread-1] c.o.tourguide.service.RewardsService     : Checking if the user df4416cd-8697-417f-9745-577d0ad770d1 already get close from San Diego Zoo
2023-09-27T16:51:39.454+02:00 DEBUG 7856 --- [pool-2-thread-1] c.o.tourguide.service.RewardsService     : Calculate distance between -117.149048/32.735317 and 107.809729/68.566938
2023-09-27T16:51:39.454+02:00 DEBUG 7856 --- [pool-2-thread-1] c.o.tourguide.service.RewardsService     : Checking if the user df4416cd-8697-417f-9745-577d0ad770d1 already get close from Zoo Tampa at Lowry Park
2023-09-27T16:51:39.454+02:00 DEBUG 7856 --- [pool-2-thread-1] c.o.tourguide.service.RewardsService     : Calculate distance between -82.469269/28.012804 and 107.809729/68.566938
2023-09-27T16:51:39.454+02:00 DEBUG 7856 --- [pool-2-thread-1] c.o.tourguide.service.RewardsService     : Checking if the user df4416cd-8697-417f-9745-577d0ad770d1 already get close from Franklin Park Zoo
2023-09-27T16:51:39.454+02:00 DEBUG 7856 --- [pool-2-thread-1] c.o.tourguide.service.RewardsService     : Calculate distance between -71.086731/42.302601 and 107.809729/68.566938
2023-09-27T16:51:39.454+02:00 DEBUG 7856 --- [pool-2-thread-1] c.o.tourguide.service.RewardsService     : Checking if the user df4416cd-8697-417f-9745-577d0ad770d1 already get close from El Paso Zoo
2023-09-27T16:51:39.454+02:00 DEBUG 7856 --- [pool-2-thread-1] c.o.tourguide.service.RewardsService     : Calculate distance between -106.44487/31.769125 and 107.809729/68.566938
2023-09-27T16:51:39.454+02:00 DEBUG 7856 --- [pool-2-thread-1] c.o.tourguide.service.RewardsService     : Checking if the user df4416cd-8697-417f-9745-577d0ad770d1 already get close from Kansas City Zoo
2023-09-27T16:51:39.454+02:00 DEBUG 7856 --- [pool-2-thread-1] c.o.tourguide.service.RewardsService     : Calculate distance between -94.529625/39.007504 and 107.809729/68.566938
2023-09-27T16:51:39.454+02:00 DEBUG 7856 --- [pool-2-thread-1] c.o.tourguide.service.RewardsService     : Checking if the user df4416cd-8697-417f-9745-577d0ad770d1 already get close from Bronx Zoo
2023-09-27T16:51:39.454+02:00 DEBUG 7856 --- [pool-2-thread-1] c.o.tourguide.service.RewardsService     : Calculate distance between -73.872971/40.852905 and 107.809729/68.566938
2023-09-27T16:51:39.454+02:00 DEBUG 7856 --- [pool-2-thread-1] c.o.tourguide.service.RewardsService     : Checking if the user df4416cd-8697-417f-9745-577d0ad770d1 already get close from Cinderella Castle
2023-09-27T16:51:39.454+02:00 DEBUG 7856 --- [pool-2-thread-1] c.o.tourguide.service.RewardsService     : Calculate distance between -81.5812/28.419411 and 107.809729/68.566938
2023-09-27T16:51:39.454+02:00 DEBUG 7856 --- [pool-2-thread-1] c.o.tourguide.service.RewardsService     : Trying to add 0 rewards
2023-09-27T16:51:39.508+02:00  INFO 7856 --- [pool-2-thread-1] c.o.tourguide.service.TourGuideService   : Adding the current location to the user internalUser6476
2023-09-27T16:51:39.508+02:00 DEBUG 7856 --- [pool-2-thread-1] c.o.tourguide.service.RewardsService     : calculate reward for internalUser6476 on his 5 known locations
2023-09-27T16:51:39.520+02:00 DEBUG 7856 --- [pool-2-thread-1] c.o.tourguide.service.RewardsService     : Checking if the user cfc64a5c-1af3-4a68-99c5-ee645781c8f5 already get close from Disneyland
2023-09-27T16:51:39.520+02:00 DEBUG 7856 --- [pool-2-thread-1] c.o.tourguide.service.RewardsService     : Calculate distance between -117.922008/33.817595 and -102.44384020483162/78.7120921155792
2023-09-27T16:51:39.520+02:00 DEBUG 7856 --- [pool-2-thread-1] c.o.tourguide.service.RewardsService     : Checking if the user cfc64a5c-1af3-4a68-99c5-ee645781c8f5 already get close from Jackson Hole
2023-09-27T16:51:39.520+02:00 DEBUG 7856 --- [pool-2-thread-1] c.o.tourguide.service.RewardsService     : Calculate distance between -110.821999/43.582767 and -102.44384020483162/78.7120921155792
2023-09-27T16:51:39.520+02:00 DEBUG 7856 --- [pool-2-thread-1] c.o.tourguide.service.RewardsService     : Checking if the user cfc64a5c-1af3-4a68-99c5-ee645781c8f5 already get close from Mojave National Preserve
2023-09-27T16:51:39.520+02:00 DEBUG 7856 --- [pool-2-thread-1] c.o.tourguide.service.RewardsService     : Calculate distance between -115.510399/35.141689 and -102.44384020483162/78.7120921155792
2023-09-27T16:51:39.520+02:00 DEBUG 7856 --- [pool-2-thread-1] c.o.tourguide.service.RewardsService     : Checking if the user cfc64a5c-1af3-4a68-99c5-ee645781c8f5 already get close from Joshua Tree National Park
2023-09-27T16:51:39.521+02:00 DEBUG 7856 --- [pool-2-thread-1] c.o.tourguide.service.RewardsService     : Calculate distance between -115.90065/33.881866 and -102.44384020483162/78.7120921155792
2023-09-27T16:51:39.521+02:00 DEBUG 7856 --- [pool-2-thread-1] c.o.tourguide.service.RewardsService     : Checking if the user cfc64a5c-1af3-4a68-99c5-ee645781c8f5 already get close from Buffalo National River
2023-09-27T16:51:39.521+02:00 DEBUG 7856 --- [pool-2-thread-1] c.o.tourguide.service.RewardsService     : Calculate distance between -92.757652/35.985512 and -102.44384020483162/78.7120921155792
2023-09-27T16:51:39.521+02:00 DEBUG 7856 --- [pool-2-thread-1] c.o.tourguide.service.RewardsService     : Checking if the user cfc64a5c-1af3-4a68-99c5-ee645781c8f5 already get close from Hot Springs National Park
2023-09-27T16:51:39.521+02:00 DEBUG 7856 --- [pool-2-thread-1] c.o.tourguide.service.RewardsService     : Calculate distance between -93.042267/34.52153 and -102.44384020483162/78.7120921155792
2023-09-27T16:51:39.521+02:00 DEBUG 7856 --- [pool-2-thread-1] c.o.tourguide.service.RewardsService     : Checking if the user cfc64a5c-1af3-4a68-99c5-ee645781c8f5 already get close from Kartchner Caverns State Park
2023-09-27T16:51:39.521+02:00 DEBUG 7856 --- [pool-2-thread-1] c.o.tourguide.service.RewardsService     : Calculate distance between -110.347382/31.837551 and -102.44384020483162/78.7120921155792
2023-09-27T16:51:39.521+02:00 DEBUG 7856 --- [pool-2-thread-1] c.o.tourguide.service.RewardsService     : Checking if the user cfc64a5c-1af3-4a68-99c5-ee645781c8f5 already get close from Legend Valley
2023-09-27T16:51:39.521+02:00 DEBUG 7856 --- [pool-2-thread-1] c.o.tourguide.service.RewardsService     : Calculate distance between -82.40667/39.937778 and -102.44384020483162/78.7120921155792
2023-09-27T16:51:39.521+02:00 DEBUG 7856 --- [pool-2-thread-1] c.o.tourguide.service.RewardsService     : Checking if the user cfc64a5c-1af3-4a68-99c5-ee645781c8f5 already get close from Flowers Bakery of London
2023-09-27T16:51:39.521+02:00 DEBUG 7856 --- [pool-2-thread-1] c.o.tourguide.service.RewardsService     : Calculate distance between -84.07486/37.131527 and -102.44384020483162/78.7120921155792
2023-09-27T16:51:39.521+02:00 DEBUG 7856 --- [pool-2-thread-1] c.o.tourguide.service.RewardsService     : Checking if the user cfc64a5c-1af3-4a68-99c5-ee645781c8f5 already get close from McKinley Tower
2023-09-27T16:51:39.521+02:00 DEBUG 7856 --- [pool-2-thread-1] c.o.tourguide.service.RewardsService     : Calculate distance between -149.877502/61.218887 and -102.44384020483162/78.7120921155792
2023-09-27T16:51:39.521+02:00 DEBUG 7856 --- [pool-2-thread-1] c.o.tourguide.service.RewardsService     : Checking if the user cfc64a5c-1af3-4a68-99c5-ee645781c8f5 already get close from Flatiron Building
2023-09-27T16:51:39.521+02:00 DEBUG 7856 --- [pool-2-thread-1] c.o.tourguide.service.RewardsService     : Calculate distance between -73.989723/40.741112 and -102.44384020483162/78.7120921155792
2023-09-27T16:51:39.521+02:00 DEBUG 7856 --- [pool-2-thread-1] c.o.tourguide.service.RewardsService     : Checking if the user cfc64a5c-1af3-4a68-99c5-ee645781c8f5 already get close from Fallingwater
2023-09-27T16:51:39.521+02:00 DEBUG 7856 --- [pool-2-thread-1] c.o.tourguide.service.RewardsService     : Calculate distance between -79.468056/39.906113 and -102.44384020483162/78.7120921155792
2023-09-27T16:51:39.521+02:00 DEBUG 7856 --- [pool-2-thread-1] c.o.tourguide.service.RewardsService     : Checking if the user cfc64a5c-1af3-4a68-99c5-ee645781c8f5 already get close from Union Station
2023-09-27T16:51:39.521+02:00 DEBUG 7856 --- [pool-2-thread-1] c.o.tourguide.service.RewardsService     : Calculate distance between -77.006332/38.897095 and -102.44384020483162/78.7120921155792
2023-09-27T16:51:39.521+02:00 DEBUG 7856 --- [pool-2-thread-1] c.o.tourguide.service.RewardsService     : Checking if the user cfc64a5c-1af3-4a68-99c5-ee645781c8f5 already get close from Roger Dean Stadium
2023-09-27T16:51:39.521+02:00 DEBUG 7856 --- [pool-2-thread-1] c.o.tourguide.service.RewardsService     : Calculate distance between -80.116577/26.890959 and -102.44384020483162/78.7120921155792
2023-09-27T16:51:39.521+02:00 DEBUG 7856 --- [pool-2-thread-1] c.o.tourguide.service.RewardsService     : Checking if the user cfc64a5c-1af3-4a68-99c5-ee645781c8f5 already get close from Texas Memorial Stadium
2023-09-27T16:51:39.521+02:00 DEBUG 7856 --- [pool-2-thread-1] c.o.tourguide.service.RewardsService     : Calculate distance between -97.732536/30.283682 and -102.44384020483162/78.7120921155792
2023-09-27T16:51:39.521+02:00 DEBUG 7856 --- [pool-2-thread-1] c.o.tourguide.service.RewardsService     : Checking if the user cfc64a5c-1af3-4a68-99c5-ee645781c8f5 already get close from Bryant-Denny Stadium
2023-09-27T16:51:39.521+02:00 DEBUG 7856 --- [pool-2-thread-1] c.o.tourguide.service.RewardsService     : Calculate distance between -87.550438/33.208973 and -102.44384020483162/78.7120921155792
2023-09-27T16:51:39.521+02:00 DEBUG 7856 --- [pool-2-thread-1] c.o.tourguide.service.RewardsService     : Checking if the user cfc64a5c-1af3-4a68-99c5-ee645781c8f5 already get close from Tiger Stadium
2023-09-27T16:51:39.521+02:00 DEBUG 7856 --- [pool-2-thread-1] c.o.tourguide.service.RewardsService     : Calculate distance between -91.183815/30.412035 and -102.44384020483162/78.7120921155792
2023-09-27T16:51:39.521+02:00 DEBUG 7856 --- [pool-2-thread-1] c.o.tourguide.service.RewardsService     : Checking if the user cfc64a5c-1af3-4a68-99c5-ee645781c8f5 already get close from Neyland Stadium
2023-09-27T16:51:39.521+02:00 DEBUG 7856 --- [pool-2-thread-1] c.o.tourguide.service.RewardsService     : Calculate distance between -83.925011/35.955013 and -102.44384020483162/78.7120921155792
2023-09-27T16:51:39.521+02:00 DEBUG 7856 --- [pool-2-thread-1] c.o.tourguide.service.RewardsService     : Checking if the user cfc64a5c-1af3-4a68-99c5-ee645781c8f5 already get close from Kyle Field
2023-09-27T16:51:39.521+02:00 DEBUG 7856 --- [pool-2-thread-1] c.o.tourguide.service.RewardsService     : Calculate distance between -96.339844/30.61025 and -102.44384020483162/78.7120921155792
2023-09-27T16:51:39.521+02:00 DEBUG 7856 --- [pool-2-thread-1] c.o.tourguide.service.RewardsService     : Checking if the user cfc64a5c-1af3-4a68-99c5-ee645781c8f5 already get close from San Diego Zoo
2023-09-27T16:51:39.521+02:00 DEBUG 7856 --- [pool-2-thread-1] c.o.tourguide.service.RewardsService     : Calculate distance between -117.149048/32.735317 and -102.44384020483162/78.7120921155792
2023-09-27T16:51:39.521+02:00 DEBUG 7856 --- [pool-2-thread-1] c.o.tourguide.service.RewardsService     : Checking if the user cfc64a5c-1af3-4a68-99c5-ee645781c8f5 already get close from Zoo Tampa at Lowry Park
2023-09-27T16:51:39.521+02:00 DEBUG 7856 --- [pool-2-thread-1] c.o.tourguide.service.RewardsService     : Calculate distance between -82.469269/28.012804 and -102.44384020483162/78.7120921155792
2023-09-27T16:51:39.522+02:00 DEBUG 7856 --- [pool-2-thread-1] c.o.tourguide.service.RewardsService     : Checking if the user cfc64a5c-1af3-4a68-99c5-ee645781c8f5 already get close from Franklin Park Zoo
2023-09-27T16:51:39.522+02:00 DEBUG 7856 --- [pool-2-thread-1] c.o.tourguide.service.RewardsService     : Calculate distance between -71.086731/42.302601 and -102.44384020483162/78.7120921155792
2023-09-27T16:51:39.522+02:00 DEBUG 7856 --- [pool-2-thread-1] c.o.tourguide.service.RewardsService     : Checking if the user cfc64a5c-1af3-4a68-99c5-ee645781c8f5 already get close from El Paso Zoo
2023-09-27T16:51:39.522+02:00 DEBUG 7856 --- [pool-2-thread-1] c.o.tourguide.service.RewardsService     : Calculate distance between -106.44487/31.769125 and -102.44384020483162/78.7120921155792
2023-09-27T16:51:39.522+02:00 DEBUG 7856 --- [pool-2-thread-1] c.o.tourguide.service.RewardsService     : Checking if the user cfc64a5c-1af3-4a68-99c5-ee645781c8f5 already get close from Kansas City Zoo
2023-09-27T16:51:39.522+02:00 DEBUG 7856 --- [pool-2-thread-1] c.o.tourguide.service.RewardsService     : Calculate distance between -94.529625/39.007504 and -102.44384020483162/78.7120921155792
2023-09-27T16:51:39.522+02:00 DEBUG 7856 --- [pool-2-thread-1] c.o.tourguide.service.RewardsService     : Checking if the user cfc64a5c-1af3-4a68-99c5-ee645781c8f5 already get close from Bronx Zoo
2023-09-27T16:51:39.522+02:00 DEBUG 7856 --- [pool-2-thread-1] c.o.tourguide.service.RewardsService     : Calculate distance between -73.872971/40.852905 and -102.44384020483162/78.7120921155792
2023-09-27T16:51:39.522+02:00 DEBUG 7856 --- [pool-2-thread-1] c.o.tourguide.service.RewardsService     : Checking if the user cfc64a5c-1af3-4a68-99c5-ee645781c8f5 already get close from Cinderella Castle
2023-09-27T16:51:39.522+02:00 DEBUG 7856 --- [pool-2-thread-1] c.o.tourguide.service.RewardsService     : Calculate distance between -81.5812/28.419411 and -102.44384020483162/78.7120921155792
2023-09-27T16:51:39.522+02:00 DEBUG 7856 --- [pool-2-thread-1] c.o.tourguide.service.RewardsService     : Checking if the user cfc64a5c-1af3-4a68-99c5-ee645781c8f5 already get close from Disneyland
2023-09-27T16:51:39.522+02:00 DEBUG 7856 --- [pool-2-thread-1] c.o.tourguide.service.RewardsService     : Calculate distance between -117.922008/33.817595 and -109.05924526399083/-25.51205458250069
2023-09-27T16:51:39.522+02:00 DEBUG 7856 --- [pool-2-thread-1] c.o.tourguide.service.RewardsService     : Checking if the user cfc64a5c-1af3-4a68-99c5-ee645781c8f5 already get close from Jackson Hole
2023-09-27T16:51:39.522+02:00 DEBUG 7856 --- [pool-2-thread-1] c.o.tourguide.service.RewardsService     : Calculate distance between -110.821999/43.582767 and -109.05924526399083/-25.51205458250069
2023-09-27T16:51:39.522+02:00 DEBUG 7856 --- [pool-2-thread-1] c.o.tourguide.service.RewardsService     : Checking if the user cfc64a5c-1af3-4a68-99c5-ee645781c8f5 already get close from Mojave National Preserve
2023-09-27T16:51:39.522+02:00 DEBUG 7856 --- [pool-2-thread-1] c.o.tourguide.service.RewardsService     : Calculate distance between -115.510399/35.141689 and -109.05924526399083/-25.51205458250069
2023-09-27T16:51:39.522+02:00 DEBUG 7856 --- [pool-2-thread-1] c.o.tourguide.service.RewardsService     : Checking if the user cfc64a5c-1af3-4a68-99c5-ee645781c8f5 already get close from Joshua Tree National Park
2023-09-27T16:51:39.522+02:00 DEBUG 7856 --- [pool-2-thread-1] c.o.tourguide.service.RewardsService     : Calculate distance between -115.90065/33.881866 and -109.05924526399083/-25.51205458250069
2023-09-27T16:51:39.522+02:00 DEBUG 7856 --- [pool-2-thread-1] c.o.tourguide.service.RewardsService     : Checking if the user cfc64a5c-1af3-4a68-99c5-ee645781c8f5 already get close from Buffalo National River
2023-09-27T16:51:39.522+02:00 DEBUG 7856 --- [pool-2-thread-1] c.o.tourguide.service.RewardsService     : Calculate distance between -92.757652/35.985512 and -109.05924526399083/-25.51205458250069
2023-09-27T16:51:39.522+02:00 DEBUG 7856 --- [pool-2-thread-1] c.o.tourguide.service.RewardsService     : Checking if the user cfc64a5c-1af3-4a68-99c5-ee645781c8f5 already get close from Hot Springs National Park
2023-09-27T16:51:39.522+02:00 DEBUG 7856 --- [pool-2-thread-1] c.o.tourguide.service.RewardsService     : Calculate distance between -93.042267/34.52153 and -109.05924526399083/-25.51205458250069
2023-09-27T16:51:39.522+02:00 DEBUG 7856 --- [pool-2-thread-1] c.o.tourguide.service.RewardsService     : Checking if the user cfc64a5c-1af3-4a68-99c5-ee645781c8f5 already get close from Kartchner Caverns State Park
2023-09-27T16:51:39.522+02:00 DEBUG 7856 --- [pool-2-thread-1] c.o.tourguide.service.RewardsService     : Calculate distance between -110.347382/31.837551 and -109.05924526399083/-25.51205458250069
2023-09-27T16:51:39.522+02:00 DEBUG 7856 --- [pool-2-thread-1] c.o.tourguide.service.RewardsService     : Checking if the user cfc64a5c-1af3-4a68-99c5-ee645781c8f5 already get close from Legend Valley
2023-09-27T16:51:39.522+02:00 DEBUG 7856 --- [pool-2-thread-1] c.o.tourguide.service.RewardsService     : Calculate distance between -82.40667/39.937778 and -109.05924526399083/-25.51205458250069
2023-09-27T16:51:39.522+02:00 DEBUG 7856 --- [pool-2-thread-1] c.o.tourguide.service.RewardsService     : Checking if the user cfc64a5c-1af3-4a68-99c5-ee645781c8f5 already get close from Flowers Bakery of London
2023-09-27T16:51:39.522+02:00 DEBUG 7856 --- [pool-2-thread-1] c.o.tourguide.service.RewardsService     : Calculate distance between -84.07486/37.131527 and -109.05924526399083/-25.51205458250069
2023-09-27T16:51:39.522+02:00 DEBUG 7856 --- [pool-2-thread-1] c.o.tourguide.service.RewardsService     : Checking if the user cfc64a5c-1af3-4a68-99c5-ee645781c8f5 already get close from McKinley Tower
2023-09-27T16:51:39.522+02:00 DEBUG 7856 --- [pool-2-thread-1] c.o.tourguide.service.RewardsService     : Calculate distance between -149.877502/61.218887 and -109.05924526399083/-25.51205458250069
2023-09-27T16:51:39.522+02:00 DEBUG 7856 --- [pool-2-thread-1] c.o.tourguide.service.RewardsService     : Checking if the user cfc64a5c-1af3-4a68-99c5-ee645781c8f5 already get close from Flatiron Building
2023-09-27T16:51:39.522+02:00 DEBUG 7856 --- [pool-2-thread-1] c.o.tourguide.service.RewardsService     : Calculate distance between -73.989723/40.741112 and -109.05924526399083/-25.51205458250069
2023-09-27T16:51:39.522+02:00 DEBUG 7856 --- [pool-2-thread-1] c.o.tourguide.service.RewardsService     : Checking if the user cfc64a5c-1af3-4a68-99c5-ee645781c8f5 already get close from Fallingwater
2023-09-27T16:51:39.522+02:00 DEBUG 7856 --- [pool-2-thread-1] c.o.tourguide.service.RewardsService     : Calculate distance between -79.468056/39.906113 and -109.05924526399083/-25.51205458250069
2023-09-27T16:51:39.522+02:00 DEBUG 7856 --- [pool-2-thread-1] c.o.tourguide.service.RewardsService     : Checking if the user cfc64a5c-1af3-4a68-99c5-ee645781c8f5 already get close from Union Station
2023-09-27T16:51:39.522+02:00 DEBUG 7856 --- [pool-2-thread-1] c.o.tourguide.service.RewardsService     : Calculate distance between -77.006332/38.897095 and -109.05924526399083/-25.51205458250069
2023-09-27T16:51:39.522+02:00 DEBUG 7856 --- [pool-2-thread-1] c.o.tourguide.service.RewardsService     : Checking if the user cfc64a5c-1af3-4a68-99c5-ee645781c8f5 already get close from Roger Dean Stadium
2023-09-27T16:51:39.522+02:00 DEBUG 7856 --- [pool-2-thread-1] c.o.tourguide.service.RewardsService     : Calculate distance between -80.116577/26.890959 and -109.05924526399083/-25.51205458250069
2023-09-27T16:51:39.522+02:00 DEBUG 7856 --- [pool-2-thread-1] c.o.tourguide.service.RewardsService     : Checking if the user cfc64a5c-1af3-4a68-99c5-ee645781c8f5 already get close from Texas Memorial Stadium
2023-09-27T16:51:39.522+02:00 DEBUG 7856 --- [pool-2-thread-1] c.o.tourguide.service.RewardsService     : Calculate distance between -97.732536/30.283682 and -109.05924526399083/-25.51205458250069
2023-09-27T16:51:39.522+02:00 DEBUG 7856 --- [pool-2-thread-1] c.o.tourguide.service.RewardsService     : Checking if the user cfc64a5c-1af3-4a68-99c5-ee645781c8f5 already get close from Bryant-Denny Stadium
2023-09-27T16:51:39.522+02:00 DEBUG 7856 --- [pool-2-thread-1] c.o.tourguide.service.RewardsService     : Calculate distance between -87.550438/33.208973 and -109.05924526399083/-25.51205458250069
2023-09-27T16:51:39.522+02:00 DEBUG 7856 --- [pool-2-thread-1] c.o.tourguide.service.RewardsService     : Checking if the user cfc64a5c-1af3-4a68-99c5-ee645781c8f5 already get close from Tiger Stadium
2023-09-27T16:51:39.522+02:00 DEBUG 7856 --- [pool-2-thread-1] c.o.tourguide.service.RewardsService     : Calculate distance between -91.183815/30.412035 and -109.05924526399083/-25.51205458250069
2023-09-27T16:51:39.522+02:00 DEBUG 7856 --- [pool-2-thread-1] c.o.tourguide.service.RewardsService     : Checking if the user cfc64a5c-1af3-4a68-99c5-ee645781c8f5 already get close from Neyland Stadium
2023-09-27T16:51:39.522+02:00 DEBUG 7856 --- [pool-2-thread-1] c.o.tourguide.service.RewardsService     : Calculate distance between -83.925011/35.955013 and -109.05924526399083/-25.51205458250069
2023-09-27T16:51:39.522+02:00 DEBUG 7856 --- [pool-2-thread-1] c.o.tourguide.service.RewardsService     : Checking if the user cfc64a5c-1af3-4a68-99c5-ee645781c8f5 already get close from Kyle Field
2023-09-27T16:51:39.522+02:00 DEBUG 7856 --- [pool-2-thread-1] c.o.tourguide.service.RewardsService     : Calculate distance between -96.339844/30.61025 and -109.05924526399083/-25.51205458250069
2023-09-27T16:51:39.522+02:00 DEBUG 7856 --- [pool-2-thread-1] c.o.tourguide.service.RewardsService     : Checking if the user cfc64a5c-1af3-4a68-99c5-ee645781c8f5 already get close from San Diego Zoo
2023-09-27T16:51:39.522+02:00 DEBUG 7856 --- [pool-2-thread-1] c.o.tourguide.service.RewardsService     : Calculate distance between -117.149048/32.735317 and -109.05924526399083/-25.51205458250069
2023-09-27T16:51:39.522+02:00 DEBUG 7856 --- [pool-2-thread-1] c.o.tourguide.service.RewardsService     : Checking if the user cfc64a5c-1af3-4a68-99c5-ee645781c8f5 already get close from Zoo Tampa at Lowry Park
2023-09-27T16:51:39.522+02:00 DEBUG 7856 --- [pool-2-thread-1] c.o.tourguide.service.RewardsService     : Calculate distance between -82.469269/28.012804 and -109.05924526399083/-25.51205458250069
2023-09-27T16:51:39.522+02:00 DEBUG 7856 --- [pool-2-thread-1] c.o.tourguide.service.RewardsService     : Checking if the user cfc64a5c-1af3-4a68-99c5-ee645781c8f5 already get close from Franklin Park Zoo
2023-09-27T16:51:39.522+02:00 DEBUG 7856 --- [pool-2-thread-1] c.o.tourguide.service.RewardsService     : Calculate distance between -71.086731/42.302601 and -109.05924526399083/-25.51205458250069
2023-09-27T16:51:39.522+02:00 DEBUG 7856 --- [pool-2-thread-1] c.o.tourguide.service.RewardsService     : Checking if the user cfc64a5c-1af3-4a68-99c5-ee645781c8f5 already get close from El Paso Zoo
2023-09-27T16:51:39.522+02:00 DEBUG 7856 --- [pool-2-thread-1] c.o.tourguide.service.RewardsService     : Calculate distance between -106.44487/31.769125 and -109.05924526399083/-25.51205458250069
2023-09-27T16:51:39.522+02:00 DEBUG 7856 --- [pool-2-thread-1] c.o.tourguide.service.RewardsService     : Checking if the user cfc64a5c-1af3-4a68-99c5-ee645781c8f5 already get close from Kansas City Zoo
2023-09-27T16:51:39.522+02:00 DEBUG 7856 --- [pool-2-thread-1] c.o.tourguide.service.RewardsService     : Calculate distance between -94.529625/39.007504 and -109.05924526399083/-25.51205458250069
2023-09-27T16:51:39.522+02:00 DEBUG 7856 --- [pool-2-thread-1] c.o.tourguide.service.RewardsService     : Checking if the user cfc64a5c-1af3-4a68-99c5-ee645781c8f5 already get close from Bronx Zoo
2023-09-27T16:51:39.522+02:00 DEBUG 7856 --- [pool-2-thread-1] c.o.tourguide.service.RewardsService     : Calculate distance between -73.872971/40.852905 and -109.05924526399083/-25.51205458250069
2023-09-27T16:51:39.523+02:00 DEBUG 7856 --- [pool-2-thread-1] c.o.tourguide.service.RewardsService     : Checking if the user cfc64a5c-1af3-4a68-99c5-ee645781c8f5 already get close from Cinderella Castle
2023-09-27T16:51:39.523+02:00 DEBUG 7856 --- [pool-2-thread-1] c.o.tourguide.service.RewardsService     : Calculate distance between -81.5812/28.419411 and -109.05924526399083/-25.51205458250069
2023-09-27T16:51:39.523+02:00 DEBUG 7856 --- [pool-2-thread-1] c.o.tourguide.service.RewardsService     : Checking if the user cfc64a5c-1af3-4a68-99c5-ee645781c8f5 already get close from Disneyland
2023-09-27T16:51:39.523+02:00 DEBUG 7856 --- [pool-2-thread-1] c.o.tourguide.service.RewardsService     : Calculate distance between -117.922008/33.817595 and -82.27849460509765/-32.79502702025248
2023-09-27T16:51:39.523+02:00 DEBUG 7856 --- [pool-2-thread-1] c.o.tourguide.service.RewardsService     : Checking if the user cfc64a5c-1af3-4a68-99c5-ee645781c8f5 already get close from Jackson Hole
2023-09-27T16:51:39.523+02:00 DEBUG 7856 --- [pool-2-thread-1] c.o.tourguide.service.RewardsService     : Calculate distance between -110.821999/43.582767 and -82.27849460509765/-32.79502702025248
2023-09-27T16:51:39.523+02:00 DEBUG 7856 --- [pool-2-thread-1] c.o.tourguide.service.RewardsService     : Checking if the user cfc64a5c-1af3-4a68-99c5-ee645781c8f5 already get close from Mojave National Preserve
2023-09-27T16:51:39.523+02:00 DEBUG 7856 --- [pool-2-thread-1] c.o.tourguide.service.RewardsService     : Calculate distance between -115.510399/35.141689 and -82.27849460509765/-32.79502702025248
2023-09-27T16:51:39.523+02:00 DEBUG 7856 --- [pool-2-thread-1] c.o.tourguide.service.RewardsService     : Checking if the user cfc64a5c-1af3-4a68-99c5-ee645781c8f5 already get close from Joshua Tree National Park
2023-09-27T16:51:39.523+02:00 DEBUG 7856 --- [pool-2-thread-1] c.o.tourguide.service.RewardsService     : Calculate distance between -115.90065/33.881866 and -82.27849460509765/-32.79502702025248
2023-09-27T16:51:39.523+02:00 DEBUG 7856 --- [pool-2-thread-1] c.o.tourguide.service.RewardsService     : Checking if the user cfc64a5c-1af3-4a68-99c5-ee645781c8f5 already get close from Buffalo National River
2023-09-27T16:51:39.523+02:00 DEBUG 7856 --- [pool-2-thread-1] c.o.tourguide.service.RewardsService     : Calculate distance between -92.757652/35.985512 and -82.27849460509765/-32.79502702025248
2023-09-27T16:51:39.523+02:00 DEBUG 7856 --- [pool-2-thread-1] c.o.tourguide.service.RewardsService     : Checking if the user cfc64a5c-1af3-4a68-99c5-ee645781c8f5 already get close from Hot Springs National Park
2023-09-27T16:51:39.523+02:00 DEBUG 7856 --- [pool-2-thread-1] c.o.tourguide.service.RewardsService     : Calculate distance between -93.042267/34.52153 and -82.27849460509765/-32.79502702025248
2023-09-27T16:51:39.523+02:00 DEBUG 7856 --- [pool-2-thread-1] c.o.tourguide.service.RewardsService     : Checking if the user cfc64a5c-1af3-4a68-99c5-ee645781c8f5 already get close from Kartchner Caverns State Park
2023-09-27T16:51:39.523+02:00 DEBUG 7856 --- [pool-2-thread-1] c.o.tourguide.service.RewardsService     : Calculate distance between -110.347382/31.837551 and -82.27849460509765/-32.79502702025248
2023-09-27T16:51:39.523+02:00 DEBUG 7856 --- [pool-2-thread-1] c.o.tourguide.service.RewardsService     : Checking if the user cfc64a5c-1af3-4a68-99c5-ee645781c8f5 already get close from Legend Valley
2023-09-27T16:51:39.523+02:00 DEBUG 7856 --- [pool-2-thread-1] c.o.tourguide.service.RewardsService     : Calculate distance between -82.40667/39.937778 and -82.27849460509765/-32.79502702025248
2023-09-27T16:51:39.523+02:00 DEBUG 7856 --- [pool-2-thread-1] c.o.tourguide.service.RewardsService     : Checking if the user cfc64a5c-1af3-4a68-99c5-ee645781c8f5 already get close from Flowers Bakery of London
2023-09-27T16:51:39.523+02:00 DEBUG 7856 --- [pool-2-thread-1] c.o.tourguide.service.RewardsService     : Calculate distance between -84.07486/37.131527 and -82.27849460509765/-32.79502702025248
2023-09-27T16:51:39.523+02:00 DEBUG 7856 --- [pool-2-thread-1] c.o.tourguide.service.RewardsService     : Checking if the user cfc64a5c-1af3-4a68-99c5-ee645781c8f5 already get close from McKinley Tower
2023-09-27T16:51:39.523+02:00 DEBUG 7856 --- [pool-2-thread-1] c.o.tourguide.service.RewardsService     : Calculate distance between -149.877502/61.218887 and -82.27849460509765/-32.79502702025248
2023-09-27T16:51:39.523+02:00 DEBUG 7856 --- [pool-2-thread-1] c.o.tourguide.service.RewardsService     : Checking if the user cfc64a5c-1af3-4a68-99c5-ee645781c8f5 already get close from Flatiron Building
2023-09-27T16:51:39.523+02:00 DEBUG 7856 --- [pool-2-thread-1] c.o.tourguide.service.RewardsService     : Calculate distance between -73.989723/40.741112 and -82.27849460509765/-32.79502702025248
2023-09-27T16:51:39.523+02:00 DEBUG 7856 --- [pool-2-thread-1] c.o.tourguide.service.RewardsService     : Checking if the user cfc64a5c-1af3-4a68-99c5-ee645781c8f5 already get close from Fallingwater
2023-09-27T16:51:39.523+02:00 DEBUG 7856 --- [pool-2-thread-1] c.o.tourguide.service.RewardsService     : Calculate distance between -79.468056/39.906113 and -82.27849460509765/-32.79502702025248
2023-09-27T16:51:39.523+02:00 DEBUG 7856 --- [pool-2-thread-1] c.o.tourguide.service.RewardsService     : Checking if the user cfc64a5c-1af3-4a68-99c5-ee645781c8f5 already get close from Union Station
2023-09-27T16:51:39.523+02:00 DEBUG 7856 --- [pool-2-thread-1] c.o.tourguide.service.RewardsService     : Calculate distance between -77.006332/38.897095 and -82.27849460509765/-32.79502702025248
2023-09-27T16:51:39.523+02:00 DEBUG 7856 --- [pool-2-thread-1] c.o.tourguide.service.RewardsService     : Checking if the user cfc64a5c-1af3-4a68-99c5-ee645781c8f5 already get close from Roger Dean Stadium
2023-09-27T16:51:39.523+02:00 DEBUG 7856 --- [pool-2-thread-1] c.o.tourguide.service.RewardsService     : Calculate distance between -80.116577/26.890959 and -82.27849460509765/-32.79502702025248
2023-09-27T16:51:39.523+02:00 DEBUG 7856 --- [pool-2-thread-1] c.o.tourguide.service.RewardsService     : Checking if the user cfc64a5c-1af3-4a68-99c5-ee645781c8f5 already get close from Texas Memorial Stadium
2023-09-27T16:51:39.523+02:00 DEBUG 7856 --- [pool-2-thread-1] c.o.tourguide.service.RewardsService     : Calculate distance between -97.732536/30.283682 and -82.27849460509765/-32.79502702025248
2023-09-27T16:51:39.523+02:00 DEBUG 7856 --- [pool-2-thread-1] c.o.tourguide.service.RewardsService     : Checking if the user cfc64a5c-1af3-4a68-99c5-ee645781c8f5 already get close from Bryant-Denny Stadium
2023-09-27T16:51:39.523+02:00 DEBUG 7856 --- [pool-2-thread-1] c.o.tourguide.service.RewardsService     : Calculate distance between -87.550438/33.208973 and -82.27849460509765/-32.79502702025248
2023-09-27T16:51:39.523+02:00 DEBUG 7856 --- [pool-2-thread-1] c.o.tourguide.service.RewardsService     : Checking if the user cfc64a5c-1af3-4a68-99c5-ee645781c8f5 already get close from Tiger Stadium
2023-09-27T16:51:39.523+02:00 DEBUG 7856 --- [pool-2-thread-1] c.o.tourguide.service.RewardsService     : Calculate distance between -91.183815/30.412035 and -82.27849460509765/-32.79502702025248
2023-09-27T16:51:39.523+02:00 DEBUG 7856 --- [pool-2-thread-1] c.o.tourguide.service.RewardsService     : Checking if the user cfc64a5c-1af3-4a68-99c5-ee645781c8f5 already get close from Neyland Stadium
2023-09-27T16:51:39.523+02:00 DEBUG 7856 --- [pool-2-thread-1] c.o.tourguide.service.RewardsService     : Calculate distance between -83.925011/35.955013 and -82.27849460509765/-32.79502702025248
2023-09-27T16:51:39.523+02:00 DEBUG 7856 --- [pool-2-thread-1] c.o.tourguide.service.RewardsService     : Checking if the user cfc64a5c-1af3-4a68-99c5-ee645781c8f5 already get close from Kyle Field
2023-09-27T16:51:39.523+02:00 DEBUG 7856 --- [pool-2-thread-1] c.o.tourguide.service.RewardsService     : Calculate distance between -96.339844/30.61025 and -82.27849460509765/-32.79502702025248
2023-09-27T16:51:39.523+02:00 DEBUG 7856 --- [pool-2-thread-1] c.o.tourguide.service.RewardsService     : Checking if the user cfc64a5c-1af3-4a68-99c5-ee645781c8f5 already get close from San Diego Zoo
2023-09-27T16:51:39.523+02:00 DEBUG 7856 --- [pool-2-thread-1] c.o.tourguide.service.RewardsService     : Calculate distance between -117.149048/32.735317 and -82.27849460509765/-32.79502702025248
2023-09-27T16:51:39.523+02:00 DEBUG 7856 --- [pool-2-thread-1] c.o.tourguide.service.RewardsService     : Checking if the user cfc64a5c-1af3-4a68-99c5-ee645781c8f5 already get close from Zoo Tampa at Lowry Park
2023-09-27T16:51:39.523+02:00 DEBUG 7856 --- [pool-2-thread-1] c.o.tourguide.service.RewardsService     : Calculate distance between -82.469269/28.012804 and -82.27849460509765/-32.79502702025248
2023-09-27T16:51:39.523+02:00 DEBUG 7856 --- [pool-2-thread-1] c.o.tourguide.service.RewardsService     : Checking if the user cfc64a5c-1af3-4a68-99c5-ee645781c8f5 already get close from Franklin Park Zoo
2023-09-27T16:51:39.523+02:00 DEBUG 7856 --- [pool-2-thread-1] c.o.tourguide.service.RewardsService     : Calculate distance between -71.086731/42.302601 and -82.27849460509765/-32.79502702025248
2023-09-27T16:51:39.523+02:00 DEBUG 7856 --- [pool-2-thread-1] c.o.tourguide.service.RewardsService     : Checking if the user cfc64a5c-1af3-4a68-99c5-ee645781c8f5 already get close from El Paso Zoo
2023-09-27T16:51:39.523+02:00 DEBUG 7856 --- [pool-2-thread-1] c.o.tourguide.service.RewardsService     : Calculate distance between -106.44487/31.769125 and -82.27849460509765/-32.79502702025248
2023-09-27T16:51:39.523+02:00 DEBUG 7856 --- [pool-2-thread-1] c.o.tourguide.service.RewardsService     : Checking if the user cfc64a5c-1af3-4a68-99c5-ee645781c8f5 already get close from Kansas City Zoo
2023-09-27T16:51:39.523+02:00 DEBUG 7856 --- [pool-2-thread-1] c.o.tourguide.service.RewardsService     : Calculate distance between -94.529625/39.007504 and -82.27849460509765/-32.79502702025248
2023-09-27T16:51:39.523+02:00 DEBUG 7856 --- [pool-2-thread-1] c.o.tourguide.service.RewardsService     : Checking if the user cfc64a5c-1af3-4a68-99c5-ee645781c8f5 already get close from Bronx Zoo
2023-09-27T16:51:39.523+02:00 DEBUG 7856 --- [pool-2-thread-1] c.o.tourguide.service.RewardsService     : Calculate distance between -73.872971/40.852905 and -82.27849460509765/-32.79502702025248
2023-09-27T16:51:39.523+02:00 DEBUG 7856 --- [pool-2-thread-1] c.o.tourguide.service.RewardsService     : Checking if the user cfc64a5c-1af3-4a68-99c5-ee645781c8f5 already get close from Cinderella Castle
2023-09-27T16:51:39.523+02:00 DEBUG 7856 --- [pool-2-thread-1] c.o.tourguide.service.RewardsService     : Calculate distance between -81.5812/28.419411 and -82.27849460509765/-32.79502702025248
2023-09-27T16:51:39.523+02:00 DEBUG 7856 --- [pool-2-thread-1] c.o.tourguide.service.RewardsService     : Checking if the user cfc64a5c-1af3-4a68-99c5-ee645781c8f5 already get close from Disneyland
2023-09-27T16:51:39.523+02:00 DEBUG 7856 --- [pool-2-thread-1] c.o.tourguide.service.RewardsService     : Calculate distance between -117.922008/33.817595 and -99.848708/54.363982
2023-09-27T16:51:39.523+02:00 DEBUG 7856 --- [pool-2-thread-1] c.o.tourguide.service.RewardsService     : Checking if the user cfc64a5c-1af3-4a68-99c5-ee645781c8f5 already get close from Jackson Hole
2023-09-27T16:51:39.523+02:00 DEBUG 7856 --- [pool-2-thread-1] c.o.tourguide.service.RewardsService     : Calculate distance between -110.821999/43.582767 and -99.848708/54.363982
2023-09-27T16:51:39.523+02:00 DEBUG 7856 --- [pool-2-thread-1] c.o.tourguide.service.RewardsService     : Checking if the user cfc64a5c-1af3-4a68-99c5-ee645781c8f5 already get close from Mojave National Preserve
2023-09-27T16:51:39.523+02:00 DEBUG 7856 --- [pool-2-thread-1] c.o.tourguide.service.RewardsService     : Calculate distance between -115.510399/35.141689 and -99.848708/54.363982
2023-09-27T16:51:39.523+02:00 DEBUG 7856 --- [pool-2-thread-1] c.o.tourguide.service.RewardsService     : Checking if the user cfc64a5c-1af3-4a68-99c5-ee645781c8f5 already get close from Joshua Tree National Park
2023-09-27T16:51:39.523+02:00 DEBUG 7856 --- [pool-2-thread-1] c.o.tourguide.service.RewardsService     : Calculate distance between -115.90065/33.881866 and -99.848708/54.363982
2023-09-27T16:51:39.523+02:00 DEBUG 7856 --- [pool-2-thread-1] c.o.tourguide.service.RewardsService     : Checking if the user cfc64a5c-1af3-4a68-99c5-ee645781c8f5 already get close from Buffalo National River
2023-09-27T16:51:39.523+02:00 DEBUG 7856 --- [pool-2-thread-1] c.o.tourguide.service.RewardsService     : Calculate distance between -92.757652/35.985512 and -99.848708/54.363982
2023-09-27T16:51:39.524+02:00 DEBUG 7856 --- [pool-2-thread-1] c.o.tourguide.service.RewardsService     : Checking if the user cfc64a5c-1af3-4a68-99c5-ee645781c8f5 already get close from Hot Springs National Park
2023-09-27T16:51:39.524+02:00 DEBUG 7856 --- [pool-2-thread-1] c.o.tourguide.service.RewardsService     : Calculate distance between -93.042267/34.52153 and -99.848708/54.363982
2023-09-27T16:51:39.524+02:00 DEBUG 7856 --- [pool-2-thread-1] c.o.tourguide.service.RewardsService     : Checking if the user cfc64a5c-1af3-4a68-99c5-ee645781c8f5 already get close from Kartchner Caverns State Park
2023-09-27T16:51:39.524+02:00 DEBUG 7856 --- [pool-2-thread-1] c.o.tourguide.service.RewardsService     : Calculate distance between -110.347382/31.837551 and -99.848708/54.363982
2023-09-27T16:51:39.524+02:00 DEBUG 7856 --- [pool-2-thread-1] c.o.tourguide.service.RewardsService     : Checking if the user cfc64a5c-1af3-4a68-99c5-ee645781c8f5 already get close from Legend Valley
2023-09-27T16:51:39.524+02:00 DEBUG 7856 --- [pool-2-thread-1] c.o.tourguide.service.RewardsService     : Calculate distance between -82.40667/39.937778 and -99.848708/54.363982
2023-09-27T16:51:39.524+02:00 DEBUG 7856 --- [pool-2-thread-1] c.o.tourguide.service.RewardsService     : Checking if the user cfc64a5c-1af3-4a68-99c5-ee645781c8f5 already get close from Flowers Bakery of London
2023-09-27T16:51:39.524+02:00 DEBUG 7856 --- [pool-2-thread-1] c.o.tourguide.service.RewardsService     : Calculate distance between -84.07486/37.131527 and -99.848708/54.363982
2023-09-27T16:51:39.524+02:00 DEBUG 7856 --- [pool-2-thread-1] c.o.tourguide.service.RewardsService     : Checking if the user cfc64a5c-1af3-4a68-99c5-ee645781c8f5 already get close from McKinley Tower
2023-09-27T16:51:39.524+02:00 DEBUG 7856 --- [pool-2-thread-1] c.o.tourguide.service.RewardsService     : Calculate distance between -149.877502/61.218887 and -99.848708/54.363982
2023-09-27T16:51:39.524+02:00 DEBUG 7856 --- [pool-2-thread-1] c.o.tourguide.service.RewardsService     : Checking if the user cfc64a5c-1af3-4a68-99c5-ee645781c8f5 already get close from Flatiron Building
2023-09-27T16:51:39.524+02:00 DEBUG 7856 --- [pool-2-thread-1] c.o.tourguide.service.RewardsService     : Calculate distance between -73.989723/40.741112 and -99.848708/54.363982
2023-09-27T16:51:39.524+02:00 DEBUG 7856 --- [pool-2-thread-1] c.o.tourguide.service.RewardsService     : Checking if the user cfc64a5c-1af3-4a68-99c5-ee645781c8f5 already get close from Fallingwater
2023-09-27T16:51:39.524+02:00 DEBUG 7856 --- [pool-2-thread-1] c.o.tourguide.service.RewardsService     : Calculate distance between -79.468056/39.906113 and -99.848708/54.363982
2023-09-27T16:51:39.524+02:00 DEBUG 7856 --- [pool-2-thread-1] c.o.tourguide.service.RewardsService     : Checking if the user cfc64a5c-1af3-4a68-99c5-ee645781c8f5 already get close from Union Station
2023-09-27T16:51:39.524+02:00 DEBUG 7856 --- [pool-2-thread-1] c.o.tourguide.service.RewardsService     : Calculate distance between -77.006332/38.897095 and -99.848708/54.363982
2023-09-27T16:51:39.524+02:00 DEBUG 7856 --- [pool-2-thread-1] c.o.tourguide.service.RewardsService     : Checking if the user cfc64a5c-1af3-4a68-99c5-ee645781c8f5 already get close from Roger Dean Stadium
2023-09-27T16:51:39.524+02:00 DEBUG 7856 --- [pool-2-thread-1] c.o.tourguide.service.RewardsService     : Calculate distance between -80.116577/26.890959 and -99.848708/54.363982
2023-09-27T16:51:39.524+02:00 DEBUG 7856 --- [pool-2-thread-1] c.o.tourguide.service.RewardsService     : Checking if the user cfc64a5c-1af3-4a68-99c5-ee645781c8f5 already get close from Texas Memorial Stadium
2023-09-27T16:51:39.524+02:00 DEBUG 7856 --- [pool-2-thread-1] c.o.tourguide.service.RewardsService     : Calculate distance between -97.732536/30.283682 and -99.848708/54.363982
2023-09-27T16:51:39.524+02:00 DEBUG 7856 --- [pool-2-thread-1] c.o.tourguide.service.RewardsService     : Checking if the user cfc64a5c-1af3-4a68-99c5-ee645781c8f5 already get close from Bryant-Denny Stadium
2023-09-27T16:51:39.524+02:00 DEBUG 7856 --- [pool-2-thread-1] c.o.tourguide.service.RewardsService     : Calculate distance between -87.550438/33.208973 and -99.848708/54.363982
2023-09-27T16:51:39.524+02:00 DEBUG 7856 --- [pool-2-thread-1] c.o.tourguide.service.RewardsService     : Checking if the user cfc64a5c-1af3-4a68-99c5-ee645781c8f5 already get close from Tiger Stadium
2023-09-27T16:51:39.524+02:00 DEBUG 7856 --- [pool-2-thread-1] c.o.tourguide.service.RewardsService     : Calculate distance between -91.183815/30.412035 and -99.848708/54.363982
2023-09-27T16:51:39.524+02:00 DEBUG 7856 --- [pool-2-thread-1] c.o.tourguide.service.RewardsService     : Checking if the user cfc64a5c-1af3-4a68-99c5-ee645781c8f5 already get close from Neyland Stadium
2023-09-27T16:51:39.524+02:00 DEBUG 7856 --- [pool-2-thread-1] c.o.tourguide.service.RewardsService     : Calculate distance between -83.925011/35.955013 and -99.848708/54.363982
2023-09-27T16:51:39.524+02:00 DEBUG 7856 --- [pool-2-thread-1] c.o.tourguide.service.RewardsService     : Checking if the user cfc64a5c-1af3-4a68-99c5-ee645781c8f5 already get close from Kyle Field
2023-09-27T16:51:39.524+02:00 DEBUG 7856 --- [pool-2-thread-1] c.o.tourguide.service.RewardsService     : Calculate distance between -96.339844/30.61025 and -99.848708/54.363982
2023-09-27T16:51:39.524+02:00 DEBUG 7856 --- [pool-2-thread-1] c.o.tourguide.service.RewardsService     : Checking if the user cfc64a5c-1af3-4a68-99c5-ee645781c8f5 already get close from San Diego Zoo
2023-09-27T16:51:39.524+02:00 DEBUG 7856 --- [pool-2-thread-1] c.o.tourguide.service.RewardsService     : Calculate distance between -117.149048/32.735317 and -99.848708/54.363982
2023-09-27T16:51:39.524+02:00 DEBUG 7856 --- [pool-2-thread-1] c.o.tourguide.service.RewardsService     : Checking if the user cfc64a5c-1af3-4a68-99c5-ee645781c8f5 already get close from Zoo Tampa at Lowry Park
2023-09-27T16:51:39.524+02:00 DEBUG 7856 --- [pool-2-thread-1] c.o.tourguide.service.RewardsService     : Calculate distance between -82.469269/28.012804 and -99.848708/54.363982
2023-09-27T16:51:39.524+02:00 DEBUG 7856 --- [pool-2-thread-1] c.o.tourguide.service.RewardsService     : Checking if the user cfc64a5c-1af3-4a68-99c5-ee645781c8f5 already get close from Franklin Park Zoo
2023-09-27T16:51:39.524+02:00 DEBUG 7856 --- [pool-2-thread-1] c.o.tourguide.service.RewardsService     : Calculate distance between -71.086731/42.302601 and -99.848708/54.363982
2023-09-27T16:51:39.524+02:00 DEBUG 7856 --- [pool-2-thread-1] c.o.tourguide.service.RewardsService     : Checking if the user cfc64a5c-1af3-4a68-99c5-ee645781c8f5 already get close from El Paso Zoo
2023-09-27T16:51:39.524+02:00 DEBUG 7856 --- [pool-2-thread-1] c.o.tourguide.service.RewardsService     : Calculate distance between -106.44487/31.769125 and -99.848708/54.363982
2023-09-27T16:51:39.524+02:00 DEBUG 7856 --- [pool-2-thread-1] c.o.tourguide.service.RewardsService     : Checking if the user cfc64a5c-1af3-4a68-99c5-ee645781c8f5 already get close from Kansas City Zoo
2023-09-27T16:51:39.524+02:00 DEBUG 7856 --- [pool-2-thread-1] c.o.tourguide.service.RewardsService     : Calculate distance between -94.529625/39.007504 and -99.848708/54.363982
2023-09-27T16:51:39.524+02:00 DEBUG 7856 --- [pool-2-thread-1] c.o.tourguide.service.RewardsService     : Checking if the user cfc64a5c-1af3-4a68-99c5-ee645781c8f5 already get close from Bronx Zoo
2023-09-27T16:51:39.524+02:00 DEBUG 7856 --- [pool-2-thread-1] c.o.tourguide.service.RewardsService     : Calculate distance between -73.872971/40.852905 and -99.848708/54.363982
2023-09-27T16:51:39.524+02:00 DEBUG 7856 --- [pool-2-thread-1] c.o.tourguide.service.RewardsService     : Checking if the user cfc64a5c-1af3-4a68-99c5-ee645781c8f5 already get close from Cinderella Castle
2023-09-27T16:51:39.524+02:00 DEBUG 7856 --- [pool-2-thread-1] c.o.tourguide.service.RewardsService     : Calculate distance between -81.5812/28.419411 and -99.848708/54.363982
2023-09-27T16:51:39.524+02:00 DEBUG 7856 --- [pool-2-thread-1] c.o.tourguide.service.RewardsService     : Checking if the user cfc64a5c-1af3-4a68-99c5-ee645781c8f5 already get close from Disneyland
2023-09-27T16:51:39.524+02:00 DEBUG 7856 --- [pool-2-thread-1] c.o.tourguide.service.RewardsService     : Calculate distance between -117.922008/33.817595 and 36.711575/-24.087782
2023-09-27T16:51:39.524+02:00 DEBUG 7856 --- [pool-2-thread-1] c.o.tourguide.service.RewardsService     : Checking if the user cfc64a5c-1af3-4a68-99c5-ee645781c8f5 already get close from Jackson Hole
2023-09-27T16:51:39.524+02:00 DEBUG 7856 --- [pool-2-thread-1] c.o.tourguide.service.RewardsService     : Calculate distance between -110.821999/43.582767 and 36.711575/-24.087782
2023-09-27T16:51:39.524+02:00 DEBUG 7856 --- [pool-2-thread-1] c.o.tourguide.service.RewardsService     : Checking if the user cfc64a5c-1af3-4a68-99c5-ee645781c8f5 already get close from Mojave National Preserve
2023-09-27T16:51:39.524+02:00 DEBUG 7856 --- [pool-2-thread-1] c.o.tourguide.service.RewardsService     : Calculate distance between -115.510399/35.141689 and 36.711575/-24.087782
2023-09-27T16:51:39.524+02:00 DEBUG 7856 --- [pool-2-thread-1] c.o.tourguide.service.RewardsService     : Checking if the user cfc64a5c-1af3-4a68-99c5-ee645781c8f5 already get close from Joshua Tree National Park
2023-09-27T16:51:39.524+02:00 DEBUG 7856 --- [pool-2-thread-1] c.o.tourguide.service.RewardsService     : Calculate distance between -115.90065/33.881866 and 36.711575/-24.087782
2023-09-27T16:51:39.524+02:00 DEBUG 7856 --- [pool-2-thread-1] c.o.tourguide.service.RewardsService     : Checking if the user cfc64a5c-1af3-4a68-99c5-ee645781c8f5 already get close from Buffalo National River
2023-09-27T16:51:39.524+02:00 DEBUG 7856 --- [pool-2-thread-1] c.o.tourguide.service.RewardsService     : Calculate distance between -92.757652/35.985512 and 36.711575/-24.087782
2023-09-27T16:51:39.524+02:00 DEBUG 7856 --- [pool-2-thread-1] c.o.tourguide.service.RewardsService     : Checking if the user cfc64a5c-1af3-4a68-99c5-ee645781c8f5 already get close from Hot Springs National Park
2023-09-27T16:51:39.524+02:00 DEBUG 7856 --- [pool-2-thread-1] c.o.tourguide.service.RewardsService     : Calculate distance between -93.042267/34.52153 and 36.711575/-24.087782
2023-09-27T16:51:39.524+02:00 DEBUG 7856 --- [pool-2-thread-1] c.o.tourguide.service.RewardsService     : Checking if the user cfc64a5c-1af3-4a68-99c5-ee645781c8f5 already get close from Kartchner Caverns State Park
2023-09-27T16:51:39.524+02:00 DEBUG 7856 --- [pool-2-thread-1] c.o.tourguide.service.RewardsService     : Calculate distance between -110.347382/31.837551 and 36.711575/-24.087782
2023-09-27T16:51:39.525+02:00 DEBUG 7856 --- [pool-2-thread-1] c.o.tourguide.service.RewardsService     : Checking if the user cfc64a5c-1af3-4a68-99c5-ee645781c8f5 already get close from Legend Valley
2023-09-27T16:51:39.525+02:00 DEBUG 7856 --- [pool-2-thread-1] c.o.tourguide.service.RewardsService     : Calculate distance between -82.40667/39.937778 and 36.711575/-24.087782
2023-09-27T16:51:39.525+02:00 DEBUG 7856 --- [pool-2-thread-1] c.o.tourguide.service.RewardsService     : Checking if the user cfc64a5c-1af3-4a68-99c5-ee645781c8f5 already get close from Flowers Bakery of London
2023-09-27T16:51:39.525+02:00 DEBUG 7856 --- [pool-2-thread-1] c.o.tourguide.service.RewardsService     : Calculate distance between -84.07486/37.131527 and 36.711575/-24.087782
2023-09-27T16:51:39.525+02:00 DEBUG 7856 --- [pool-2-thread-1] c.o.tourguide.service.RewardsService     : Checking if the user cfc64a5c-1af3-4a68-99c5-ee645781c8f5 already get close from McKinley Tower
2023-09-27T16:51:39.525+02:00 DEBUG 7856 --- [pool-2-thread-1] c.o.tourguide.service.RewardsService     : Calculate distance between -149.877502/61.218887 and 36.711575/-24.087782
2023-09-27T16:51:39.525+02:00 DEBUG 7856 --- [pool-2-thread-1] c.o.tourguide.service.RewardsService     : Checking if the user cfc64a5c-1af3-4a68-99c5-ee645781c8f5 already get close from Flatiron Building
2023-09-27T16:51:39.525+02:00 DEBUG 7856 --- [pool-2-thread-1] c.o.tourguide.service.RewardsService     : Calculate distance between -73.989723/40.741112 and 36.711575/-24.087782
2023-09-27T16:51:39.525+02:00 DEBUG 7856 --- [pool-2-thread-1] c.o.tourguide.service.RewardsService     : Checking if the user cfc64a5c-1af3-4a68-99c5-ee645781c8f5 already get close from Fallingwater
2023-09-27T16:51:39.525+02:00 DEBUG 7856 --- [pool-2-thread-1] c.o.tourguide.service.RewardsService     : Calculate distance between -79.468056/39.906113 and 36.711575/-24.087782
2023-09-27T16:51:39.525+02:00 DEBUG 7856 --- [pool-2-thread-1] c.o.tourguide.service.RewardsService     : Checking if the user cfc64a5c-1af3-4a68-99c5-ee645781c8f5 already get close from Union Station
2023-09-27T16:51:39.525+02:00 DEBUG 7856 --- [pool-2-thread-1] c.o.tourguide.service.RewardsService     : Calculate distance between -77.006332/38.897095 and 36.711575/-24.087782
2023-09-27T16:51:39.525+02:00 DEBUG 7856 --- [pool-2-thread-1] c.o.tourguide.service.RewardsService     : Checking if the user cfc64a5c-1af3-4a68-99c5-ee645781c8f5 already get close from Roger Dean Stadium
2023-09-27T16:51:39.525+02:00 DEBUG 7856 --- [pool-2-thread-1] c.o.tourguide.service.RewardsService     : Calculate distance between -80.116577/26.890959 and 36.711575/-24.087782
2023-09-27T16:51:39.525+02:00 DEBUG 7856 --- [pool-2-thread-1] c.o.tourguide.service.RewardsService     : Checking if the user cfc64a5c-1af3-4a68-99c5-ee645781c8f5 already get close from Texas Memorial Stadium
2023-09-27T16:51:39.525+02:00 DEBUG 7856 --- [pool-2-thread-1] c.o.tourguide.service.RewardsService     : Calculate distance between -97.732536/30.283682 and 36.711575/-24.087782
2023-09-27T16:51:39.525+02:00 DEBUG 7856 --- [pool-2-thread-1] c.o.tourguide.service.RewardsService     : Checking if the user cfc64a5c-1af3-4a68-99c5-ee645781c8f5 already get close from Bryant-Denny Stadium
2023-09-27T16:51:39.525+02:00 DEBUG 7856 --- [pool-2-thread-1] c.o.tourguide.service.RewardsService     : Calculate distance between -87.550438/33.208973 and 36.711575/-24.087782
2023-09-27T16:51:39.525+02:00 DEBUG 7856 --- [pool-2-thread-1] c.o.tourguide.service.RewardsService     : Checking if the user cfc64a5c-1af3-4a68-99c5-ee645781c8f5 already get close from Tiger Stadium
2023-09-27T16:51:39.525+02:00 DEBUG 7856 --- [pool-2-thread-1] c.o.tourguide.service.RewardsService     : Calculate distance between -91.183815/30.412035 and 36.711575/-24.087782
2023-09-27T16:51:39.525+02:00 DEBUG 7856 --- [pool-2-thread-1] c.o.tourguide.service.RewardsService     : Checking if the user cfc64a5c-1af3-4a68-99c5-ee645781c8f5 already get close from Neyland Stadium
2023-09-27T16:51:39.525+02:00 DEBUG 7856 --- [pool-2-thread-1] c.o.tourguide.service.RewardsService     : Calculate distance between -83.925011/35.955013 and 36.711575/-24.087782
2023-09-27T16:51:39.525+02:00 DEBUG 7856 --- [pool-2-thread-1] c.o.tourguide.service.RewardsService     : Checking if the user cfc64a5c-1af3-4a68-99c5-ee645781c8f5 already get close from Kyle Field
2023-09-27T16:51:39.525+02:00 DEBUG 7856 --- [pool-2-thread-1] c.o.tourguide.service.RewardsService     : Calculate distance between -96.339844/30.61025 and 36.711575/-24.087782
2023-09-27T16:51:39.525+02:00 DEBUG 7856 --- [pool-2-thread-1] c.o.tourguide.service.RewardsService     : Checking if the user cfc64a5c-1af3-4a68-99c5-ee645781c8f5 already get close from San Diego Zoo
2023-09-27T16:51:39.525+02:00 DEBUG 7856 --- [pool-2-thread-1] c.o.tourguide.service.RewardsService     : Calculate distance between -117.149048/32.735317 and 36.711575/-24.087782
2023-09-27T16:51:39.525+02:00 DEBUG 7856 --- [pool-2-thread-1] c.o.tourguide.service.RewardsService     : Checking if the user cfc64a5c-1af3-4a68-99c5-ee645781c8f5 already get close from Zoo Tampa at Lowry Park
2023-09-27T16:51:39.525+02:00 DEBUG 7856 --- [pool-2-thread-1] c.o.tourguide.service.RewardsService     : Calculate distance between -82.469269/28.012804 and 36.711575/-24.087782
2023-09-27T16:51:39.525+02:00 DEBUG 7856 --- [pool-2-thread-1] c.o.tourguide.service.RewardsService     : Checking if the user cfc64a5c-1af3-4a68-99c5-ee645781c8f5 already get close from Franklin Park Zoo
2023-09-27T16:51:39.525+02:00 DEBUG 7856 --- [pool-2-thread-1] c.o.tourguide.service.RewardsService     : Calculate distance between -71.086731/42.302601 and 36.711575/-24.087782
2023-09-27T16:51:39.525+02:00 DEBUG 7856 --- [pool-2-thread-1] c.o.tourguide.service.RewardsService     : Checking if the user cfc64a5c-1af3-4a68-99c5-ee645781c8f5 already get close from El Paso Zoo
2023-09-27T16:51:39.525+02:00 DEBUG 7856 --- [pool-2-thread-1] c.o.tourguide.service.RewardsService     : Calculate distance between -106.44487/31.769125 and 36.711575/-24.087782
2023-09-27T16:51:39.525+02:00 DEBUG 7856 --- [pool-2-thread-1] c.o.tourguide.service.RewardsService     : Checking if the user cfc64a5c-1af3-4a68-99c5-ee645781c8f5 already get close from Kansas City Zoo
2023-09-27T16:51:39.525+02:00 DEBUG 7856 --- [pool-2-thread-1] c.o.tourguide.service.RewardsService     : Calculate distance between -94.529625/39.007504 and 36.711575/-24.087782
2023-09-27T16:51:39.525+02:00 DEBUG 7856 --- [pool-2-thread-1] c.o.tourguide.service.RewardsService     : Checking if the user cfc64a5c-1af3-4a68-99c5-ee645781c8f5 already get close from Bronx Zoo
2023-09-27T16:51:39.525+02:00 DEBUG 7856 --- [pool-2-thread-1] c.o.tourguide.service.RewardsService     : Calculate distance between -73.872971/40.852905 and 36.711575/-24.087782
2023-09-27T16:51:39.525+02:00 DEBUG 7856 --- [pool-2-thread-1] c.o.tourguide.service.RewardsService     : Checking if the user cfc64a5c-1af3-4a68-99c5-ee645781c8f5 already get close from Cinderella Castle
2023-09-27T16:51:39.525+02:00 DEBUG 7856 --- [pool-2-thread-1] c.o.tourguide.service.RewardsService     : Calculate distance between -81.5812/28.419411 and 36.711575/-24.087782
2023-09-27T16:51:39.525+02:00 DEBUG 7856 --- [pool-2-thread-1] c.o.tourguide.service.RewardsService     : Trying to add 0 rewards
2023-09-27T16:51:39.615+02:00  INFO 7856 --- [pool-2-thread-1] c.o.tourguide.service.TourGuideService   : Adding the current location to the user internalUser5144
2023-09-27T16:51:39.615+02:00 DEBUG 7856 --- [pool-2-thread-1] c.o.tourguide.service.RewardsService     : calculate reward for internalUser5144 on his 5 known locations
2023-09-27T16:51:39.628+02:00 DEBUG 7856 --- [pool-2-thread-1] c.o.tourguide.service.RewardsService     : Checking if the user a35408d6-e51a-42fe-a791-e774fd5a2fc1 already get close from Disneyland
2023-09-27T16:51:39.628+02:00 DEBUG 7856 --- [pool-2-thread-1] c.o.tourguide.service.RewardsService     : Calculate distance between -117.922008/33.817595 and -153.83831117582682/25.004739223299424
2023-09-27T16:51:39.628+02:00 DEBUG 7856 --- [pool-2-thread-1] c.o.tourguide.service.RewardsService     : Checking if the user a35408d6-e51a-42fe-a791-e774fd5a2fc1 already get close from Jackson Hole
2023-09-27T16:51:39.628+02:00 DEBUG 7856 --- [pool-2-thread-1] c.o.tourguide.service.RewardsService     : Calculate distance between -110.821999/43.582767 and -153.83831117582682/25.004739223299424
2023-09-27T16:51:39.628+02:00 DEBUG 7856 --- [pool-2-thread-1] c.o.tourguide.service.RewardsService     : Checking if the user a35408d6-e51a-42fe-a791-e774fd5a2fc1 already get close from Mojave National Preserve
2023-09-27T16:51:39.628+02:00 DEBUG 7856 --- [pool-2-thread-1] c.o.tourguide.service.RewardsService     : Calculate distance between -115.510399/35.141689 and -153.83831117582682/25.004739223299424
2023-09-27T16:51:39.628+02:00 DEBUG 7856 --- [pool-2-thread-1] c.o.tourguide.service.RewardsService     : Checking if the user a35408d6-e51a-42fe-a791-e774fd5a2fc1 already get close from Joshua Tree National Park
2023-09-27T16:51:39.628+02:00 DEBUG 7856 --- [pool-2-thread-1] c.o.tourguide.service.RewardsService     : Calculate distance between -115.90065/33.881866 and -153.83831117582682/25.004739223299424
2023-09-27T16:51:39.628+02:00 DEBUG 7856 --- [pool-2-thread-1] c.o.tourguide.service.RewardsService     : Checking if the user a35408d6-e51a-42fe-a791-e774fd5a2fc1 already get close from Buffalo National River
2023-09-27T16:51:39.628+02:00 DEBUG 7856 --- [pool-2-thread-1] c.o.tourguide.service.RewardsService     : Calculate distance between -92.757652/35.985512 and -153.83831117582682/25.004739223299424
2023-09-27T16:51:39.628+02:00 DEBUG 7856 --- [pool-2-thread-1] c.o.tourguide.service.RewardsService     : Checking if the user a35408d6-e51a-42fe-a791-e774fd5a2fc1 already get close from Hot Springs National Park
2023-09-27T16:51:39.628+02:00 DEBUG 7856 --- [pool-2-thread-1] c.o.tourguide.service.RewardsService     : Calculate distance between -93.042267/34.52153 and -153.83831117582682/25.004739223299424
2023-09-27T16:51:39.628+02:00 DEBUG 7856 --- [pool-2-thread-1] c.o.tourguide.service.RewardsService     : Checking if the user a35408d6-e51a-42fe-a791-e774fd5a2fc1 already get close from Kartchner Caverns State Park
2023-09-27T16:51:39.628+02:00 DEBUG 7856 --- [pool-2-thread-1] c.o.tourguide.service.RewardsService     : Calculate distance between -110.347382/31.837551 and -153.83831117582682/25.004739223299424
2023-09-27T16:51:39.628+02:00 DEBUG 7856 --- [pool-2-thread-1] c.o.tourguide.service.RewardsService     : Checking if the user a35408d6-e51a-42fe-a791-e774fd5a2fc1 already get close from Legend Valley
2023-09-27T16:51:39.628+02:00 DEBUG 7856 --- [pool-2-thread-1] c.o.tourguide.service.RewardsService     : Calculate distance between -82.40667/39.937778 and -153.83831117582682/25.004739223299424
2023-09-27T16:51:39.628+02:00 DEBUG 7856 --- [pool-2-thread-1] c.o.tourguide.service.RewardsService     : Checking if the user a35408d6-e51a-42fe-a791-e774fd5a2fc1 already get close from Flowers Bakery of London
2023-09-27T16:51:39.629+02:00 DEBUG 7856 --- [pool-2-thread-1] c.o.tourguide.service.RewardsService     : Calculate distance between -84.07486/37.131527 and -153.83831117582682/25.004739223299424
2023-09-27T16:51:39.629+02:00 DEBUG 7856 --- [pool-2-thread-1] c.o.tourguide.service.RewardsService     : Checking if the user a35408d6-e51a-42fe-a791-e774fd5a2fc1 already get close from McKinley Tower
2023-09-27T16:51:39.629+02:00 DEBUG 7856 --- [pool-2-thread-1] c.o.tourguide.service.RewardsService     : Calculate distance between -149.877502/61.218887 and -153.83831117582682/25.004739223299424
2023-09-27T16:51:39.629+02:00 DEBUG 7856 --- [pool-2-thread-1] c.o.tourguide.service.RewardsService     : Checking if the user a35408d6-e51a-42fe-a791-e774fd5a2fc1 already get close from Flatiron Building
2023-09-27T16:51:39.629+02:00 DEBUG 7856 --- [pool-2-thread-1] c.o.tourguide.service.RewardsService     : Calculate distance between -73.989723/40.741112 and -153.83831117582682/25.004739223299424
2023-09-27T16:51:39.629+02:00 DEBUG 7856 --- [pool-2-thread-1] c.o.tourguide.service.RewardsService     : Checking if the user a35408d6-e51a-42fe-a791-e774fd5a2fc1 already get close from Fallingwater
2023-09-27T16:51:39.629+02:00 DEBUG 7856 --- [pool-2-thread-1] c.o.tourguide.service.RewardsService     : Calculate distance between -79.468056/39.906113 and -153.83831117582682/25.004739223299424
2023-09-27T16:51:39.629+02:00 DEBUG 7856 --- [pool-2-thread-1] c.o.tourguide.service.RewardsService     : Checking if the user a35408d6-e51a-42fe-a791-e774fd5a2fc1 already get close from Union Station
2023-09-27T16:51:39.629+02:00 DEBUG 7856 --- [pool-2-thread-1] c.o.tourguide.service.RewardsService     : Calculate distance between -77.006332/38.897095 and -153.83831117582682/25.004739223299424
2023-09-27T16:51:39.629+02:00 DEBUG 7856 --- [pool-2-thread-1] c.o.tourguide.service.RewardsService     : Checking if the user a35408d6-e51a-42fe-a791-e774fd5a2fc1 already get close from Roger Dean Stadium
2023-09-27T16:51:39.629+02:00 DEBUG 7856 --- [pool-2-thread-1] c.o.tourguide.service.RewardsService     : Calculate distance between -80.116577/26.890959 and -153.83831117582682/25.004739223299424
2023-09-27T16:51:39.629+02:00 DEBUG 7856 --- [pool-2-thread-1] c.o.tourguide.service.RewardsService     : Checking if the user a35408d6-e51a-42fe-a791-e774fd5a2fc1 already get close from Texas Memorial Stadium
2023-09-27T16:51:39.629+02:00 DEBUG 7856 --- [pool-2-thread-1] c.o.tourguide.service.RewardsService     : Calculate distance between -97.732536/30.283682 and -153.83831117582682/25.004739223299424
2023-09-27T16:51:39.629+02:00 DEBUG 7856 --- [pool-2-thread-1] c.o.tourguide.service.RewardsService     : Checking if the user a35408d6-e51a-42fe-a791-e774fd5a2fc1 already get close from Bryant-Denny Stadium
2023-09-27T16:51:39.629+02:00 DEBUG 7856 --- [pool-2-thread-1] c.o.tourguide.service.RewardsService     : Calculate distance between -87.550438/33.208973 and -153.83831117582682/25.004739223299424
2023-09-27T16:51:39.629+02:00 DEBUG 7856 --- [pool-2-thread-1] c.o.tourguide.service.RewardsService     : Checking if the user a35408d6-e51a-42fe-a791-e774fd5a2fc1 already get close from Tiger Stadium
2023-09-27T16:51:39.629+02:00 DEBUG 7856 --- [pool-2-thread-1] c.o.tourguide.service.RewardsService     : Calculate distance between -91.183815/30.412035 and -153.83831117582682/25.004739223299424
2023-09-27T16:51:39.629+02:00 DEBUG 7856 --- [pool-2-thread-1] c.o.tourguide.service.RewardsService     : Checking if the user a35408d6-e51a-42fe-a791-e774fd5a2fc1 already get close from Neyland Stadium
2023-09-27T16:51:39.629+02:00 DEBUG 7856 --- [pool-2-thread-1] c.o.tourguide.service.RewardsService     : Calculate distance between -83.925011/35.955013 and -153.83831117582682/25.004739223299424
2023-09-27T16:51:39.629+02:00 DEBUG 7856 --- [pool-2-thread-1] c.o.tourguide.service.RewardsService     : Checking if the user a35408d6-e51a-42fe-a791-e774fd5a2fc1 already get close from Kyle Field
2023-09-27T16:51:39.629+02:00 DEBUG 7856 --- [pool-2-thread-1] c.o.tourguide.service.RewardsService     : Calculate distance between -96.339844/30.61025 and -153.83831117582682/25.004739223299424
2023-09-27T16:51:39.629+02:00 DEBUG 7856 --- [pool-2-thread-1] c.o.tourguide.service.RewardsService     : Checking if the user a35408d6-e51a-42fe-a791-e774fd5a2fc1 already get close from San Diego Zoo
2023-09-27T16:51:39.629+02:00 DEBUG 7856 --- [pool-2-thread-1] c.o.tourguide.service.RewardsService     : Calculate distance between -117.149048/32.735317 and -153.83831117582682/25.004739223299424
2023-09-27T16:51:39.629+02:00 DEBUG 7856 --- [pool-2-thread-1] c.o.tourguide.service.RewardsService     : Checking if the user a35408d6-e51a-42fe-a791-e774fd5a2fc1 already get close from Zoo Tampa at Lowry Park
2023-09-27T16:51:39.629+02:00 DEBUG 7856 --- [pool-2-thread-1] c.o.tourguide.service.RewardsService     : Calculate distance between -82.469269/28.012804 and -153.83831117582682/25.004739223299424
2023-09-27T16:51:39.629+02:00 DEBUG 7856 --- [pool-2-thread-1] c.o.tourguide.service.RewardsService     : Checking if the user a35408d6-e51a-42fe-a791-e774fd5a2fc1 already get close from Franklin Park Zoo
2023-09-27T16:51:39.629+02:00 DEBUG 7856 --- [pool-2-thread-1] c.o.tourguide.service.RewardsService     : Calculate distance between -71.086731/42.302601 and -153.83831117582682/25.004739223299424
2023-09-27T16:51:39.629+02:00 DEBUG 7856 --- [pool-2-thread-1] c.o.tourguide.service.RewardsService     : Checking if the user a35408d6-e51a-42fe-a791-e774fd5a2fc1 already get close from El Paso Zoo
2023-09-27T16:51:39.629+02:00 DEBUG 7856 --- [pool-2-thread-1] c.o.tourguide.service.RewardsService     : Calculate distance between -106.44487/31.769125 and -153.83831117582682/25.004739223299424
2023-09-27T16:51:39.629+02:00 DEBUG 7856 --- [pool-2-thread-1] c.o.tourguide.service.RewardsService     : Checking if the user a35408d6-e51a-42fe-a791-e774fd5a2fc1 already get close from Kansas City Zoo
2023-09-27T16:51:39.629+02:00 DEBUG 7856 --- [pool-2-thread-1] c.o.tourguide.service.RewardsService     : Calculate distance between -94.529625/39.007504 and -153.83831117582682/25.004739223299424
2023-09-27T16:51:39.629+02:00 DEBUG 7856 --- [pool-2-thread-1] c.o.tourguide.service.RewardsService     : Checking if the user a35408d6-e51a-42fe-a791-e774fd5a2fc1 already get close from Bronx Zoo
2023-09-27T16:51:39.629+02:00 DEBUG 7856 --- [pool-2-thread-1] c.o.tourguide.service.RewardsService     : Calculate distance between -73.872971/40.852905 and -153.83831117582682/25.004739223299424
2023-09-27T16:51:39.629+02:00 DEBUG 7856 --- [pool-2-thread-1] c.o.tourguide.service.RewardsService     : Checking if the user a35408d6-e51a-42fe-a791-e774fd5a2fc1 already get close from Cinderella Castle
2023-09-27T16:51:39.629+02:00 DEBUG 7856 --- [pool-2-thread-1] c.o.tourguide.service.RewardsService     : Calculate distance between -81.5812/28.419411 and -153.83831117582682/25.004739223299424
2023-09-27T16:51:39.629+02:00 DEBUG 7856 --- [pool-2-thread-1] c.o.tourguide.service.RewardsService     : Checking if the user a35408d6-e51a-42fe-a791-e774fd5a2fc1 already get close from Disneyland
2023-09-27T16:51:39.629+02:00 DEBUG 7856 --- [pool-2-thread-1] c.o.tourguide.service.RewardsService     : Calculate distance between -117.922008/33.817595 and 94.70550683340616/-26.18276265885204
2023-09-27T16:51:39.629+02:00 DEBUG 7856 --- [pool-2-thread-1] c.o.tourguide.service.RewardsService     : Checking if the user a35408d6-e51a-42fe-a791-e774fd5a2fc1 already get close from Jackson Hole
2023-09-27T16:51:39.629+02:00 DEBUG 7856 --- [pool-2-thread-1] c.o.tourguide.service.RewardsService     : Calculate distance between -110.821999/43.582767 and 94.70550683340616/-26.18276265885204
2023-09-27T16:51:39.629+02:00 DEBUG 7856 --- [pool-2-thread-1] c.o.tourguide.service.RewardsService     : Checking if the user a35408d6-e51a-42fe-a791-e774fd5a2fc1 already get close from Mojave National Preserve
2023-09-27T16:51:39.629+02:00 DEBUG 7856 --- [pool-2-thread-1] c.o.tourguide.service.RewardsService     : Calculate distance between -115.510399/35.141689 and 94.70550683340616/-26.18276265885204
2023-09-27T16:51:39.629+02:00 DEBUG 7856 --- [pool-2-thread-1] c.o.tourguide.service.RewardsService     : Checking if the user a35408d6-e51a-42fe-a791-e774fd5a2fc1 already get close from Joshua Tree National Park
2023-09-27T16:51:39.629+02:00 DEBUG 7856 --- [pool-2-thread-1] c.o.tourguide.service.RewardsService     : Calculate distance between -115.90065/33.881866 and 94.70550683340616/-26.18276265885204
2023-09-27T16:51:39.629+02:00 DEBUG 7856 --- [pool-2-thread-1] c.o.tourguide.service.RewardsService     : Checking if the user a35408d6-e51a-42fe-a791-e774fd5a2fc1 already get close from Buffalo National River
2023-09-27T16:51:39.629+02:00 DEBUG 7856 --- [pool-2-thread-1] c.o.tourguide.service.RewardsService     : Calculate distance between -92.757652/35.985512 and 94.70550683340616/-26.18276265885204
2023-09-27T16:51:39.629+02:00 DEBUG 7856 --- [pool-2-thread-1] c.o.tourguide.service.RewardsService     : Checking if the user a35408d6-e51a-42fe-a791-e774fd5a2fc1 already get close from Hot Springs National Park
2023-09-27T16:51:39.629+02:00 DEBUG 7856 --- [pool-2-thread-1] c.o.tourguide.service.RewardsService     : Calculate distance between -93.042267/34.52153 and 94.70550683340616/-26.18276265885204
2023-09-27T16:51:39.629+02:00 DEBUG 7856 --- [pool-2-thread-1] c.o.tourguide.service.RewardsService     : Checking if the user a35408d6-e51a-42fe-a791-e774fd5a2fc1 already get close from Kartchner Caverns State Park
2023-09-27T16:51:39.629+02:00 DEBUG 7856 --- [pool-2-thread-1] c.o.tourguide.service.RewardsService     : Calculate distance between -110.347382/31.837551 and 94.70550683340616/-26.18276265885204
2023-09-27T16:51:39.629+02:00 DEBUG 7856 --- [pool-2-thread-1] c.o.tourguide.service.RewardsService     : Checking if the user a35408d6-e51a-42fe-a791-e774fd5a2fc1 already get close from Legend Valley
2023-09-27T16:51:39.629+02:00 DEBUG 7856 --- [pool-2-thread-1] c.o.tourguide.service.RewardsService     : Calculate distance between -82.40667/39.937778 and 94.70550683340616/-26.18276265885204
2023-09-27T16:51:39.629+02:00 DEBUG 7856 --- [pool-2-thread-1] c.o.tourguide.service.RewardsService     : Checking if the user a35408d6-e51a-42fe-a791-e774fd5a2fc1 already get close from Flowers Bakery of London
2023-09-27T16:51:39.629+02:00 DEBUG 7856 --- [pool-2-thread-1] c.o.tourguide.service.RewardsService     : Calculate distance between -84.07486/37.131527 and 94.70550683340616/-26.18276265885204
2023-09-27T16:51:39.629+02:00 DEBUG 7856 --- [pool-2-thread-1] c.o.tourguide.service.RewardsService     : Checking if the user a35408d6-e51a-42fe-a791-e774fd5a2fc1 already get close from McKinley Tower
2023-09-27T16:51:39.630+02:00 DEBUG 7856 --- [pool-2-thread-1] c.o.tourguide.service.RewardsService     : Calculate distance between -149.877502/61.218887 and 94.70550683340616/-26.18276265885204
2023-09-27T16:51:39.630+02:00 DEBUG 7856 --- [pool-2-thread-1] c.o.tourguide.service.RewardsService     : Checking if the user a35408d6-e51a-42fe-a791-e774fd5a2fc1 already get close from Flatiron Building
2023-09-27T16:51:39.630+02:00 DEBUG 7856 --- [pool-2-thread-1] c.o.tourguide.service.RewardsService     : Calculate distance between -73.989723/40.741112 and 94.70550683340616/-26.18276265885204
2023-09-27T16:51:39.630+02:00 DEBUG 7856 --- [pool-2-thread-1] c.o.tourguide.service.RewardsService     : Checking if the user a35408d6-e51a-42fe-a791-e774fd5a2fc1 already get close from Fallingwater
2023-09-27T16:51:39.630+02:00 DEBUG 7856 --- [pool-2-thread-1] c.o.tourguide.service.RewardsService     : Calculate distance between -79.468056/39.906113 and 94.70550683340616/-26.18276265885204
2023-09-27T16:51:39.630+02:00 DEBUG 7856 --- [pool-2-thread-1] c.o.tourguide.service.RewardsService     : Checking if the user a35408d6-e51a-42fe-a791-e774fd5a2fc1 already get close from Union Station
2023-09-27T16:51:39.630+02:00 DEBUG 7856 --- [pool-2-thread-1] c.o.tourguide.service.RewardsService     : Calculate distance between -77.006332/38.897095 and 94.70550683340616/-26.18276265885204
2023-09-27T16:51:39.630+02:00 DEBUG 7856 --- [pool-2-thread-1] c.o.tourguide.service.RewardsService     : Checking if the user a35408d6-e51a-42fe-a791-e774fd5a2fc1 already get close from Roger Dean Stadium
2023-09-27T16:51:39.630+02:00 DEBUG 7856 --- [pool-2-thread-1] c.o.tourguide.service.RewardsService     : Calculate distance between -80.116577/26.890959 and 94.70550683340616/-26.18276265885204
2023-09-27T16:51:39.630+02:00 DEBUG 7856 --- [pool-2-thread-1] c.o.tourguide.service.RewardsService     : Checking if the user a35408d6-e51a-42fe-a791-e774fd5a2fc1 already get close from Texas Memorial Stadium
2023-09-27T16:51:39.630+02:00 DEBUG 7856 --- [pool-2-thread-1] c.o.tourguide.service.RewardsService     : Calculate distance between -97.732536/30.283682 and 94.70550683340616/-26.18276265885204
2023-09-27T16:51:39.630+02:00 DEBUG 7856 --- [pool-2-thread-1] c.o.tourguide.service.RewardsService     : Checking if the user a35408d6-e51a-42fe-a791-e774fd5a2fc1 already get close from Bryant-Denny Stadium
2023-09-27T16:51:39.630+02:00 DEBUG 7856 --- [pool-2-thread-1] c.o.tourguide.service.RewardsService     : Calculate distance between -87.550438/33.208973 and 94.70550683340616/-26.18276265885204
2023-09-27T16:51:39.630+02:00 DEBUG 7856 --- [pool-2-thread-1] c.o.tourguide.service.RewardsService     : Checking if the user a35408d6-e51a-42fe-a791-e774fd5a2fc1 already get close from Tiger Stadium
2023-09-27T16:51:39.630+02:00 DEBUG 7856 --- [pool-2-thread-1] c.o.tourguide.service.RewardsService     : Calculate distance between -91.183815/30.412035 and 94.70550683340616/-26.18276265885204
2023-09-27T16:51:39.630+02:00 DEBUG 7856 --- [pool-2-thread-1] c.o.tourguide.service.RewardsService     : Checking if the user a35408d6-e51a-42fe-a791-e774fd5a2fc1 already get close from Neyland Stadium
2023-09-27T16:51:39.630+02:00 DEBUG 7856 --- [pool-2-thread-1] c.o.tourguide.service.RewardsService     : Calculate distance between -83.925011/35.955013 and 94.70550683340616/-26.18276265885204
2023-09-27T16:51:39.630+02:00 DEBUG 7856 --- [pool-2-thread-1] c.o.tourguide.service.RewardsService     : Checking if the user a35408d6-e51a-42fe-a791-e774fd5a2fc1 already get close from Kyle Field
2023-09-27T16:51:39.630+02:00 DEBUG 7856 --- [pool-2-thread-1] c.o.tourguide.service.RewardsService     : Calculate distance between -96.339844/30.61025 and 94.70550683340616/-26.18276265885204
2023-09-27T16:51:39.630+02:00 DEBUG 7856 --- [pool-2-thread-1] c.o.tourguide.service.RewardsService     : Checking if the user a35408d6-e51a-42fe-a791-e774fd5a2fc1 already get close from San Diego Zoo
2023-09-27T16:51:39.630+02:00 DEBUG 7856 --- [pool-2-thread-1] c.o.tourguide.service.RewardsService     : Calculate distance between -117.149048/32.735317 and 94.70550683340616/-26.18276265885204
2023-09-27T16:51:39.630+02:00 DEBUG 7856 --- [pool-2-thread-1] c.o.tourguide.service.RewardsService     : Checking if the user a35408d6-e51a-42fe-a791-e774fd5a2fc1 already get close from Zoo Tampa at Lowry Park
2023-09-27T16:51:39.630+02:00 DEBUG 7856 --- [pool-2-thread-1] c.o.tourguide.service.RewardsService     : Calculate distance between -82.469269/28.012804 and 94.70550683340616/-26.18276265885204
2023-09-27T16:51:39.630+02:00 DEBUG 7856 --- [pool-2-thread-1] c.o.tourguide.service.RewardsService     : Checking if the user a35408d6-e51a-42fe-a791-e774fd5a2fc1 already get close from Franklin Park Zoo
2023-09-27T16:51:39.630+02:00 DEBUG 7856 --- [pool-2-thread-1] c.o.tourguide.service.RewardsService     : Calculate distance between -71.086731/42.302601 and 94.70550683340616/-26.18276265885204
2023-09-27T16:51:39.630+02:00 DEBUG 7856 --- [pool-2-thread-1] c.o.tourguide.service.RewardsService     : Checking if the user a35408d6-e51a-42fe-a791-e774fd5a2fc1 already get close from El Paso Zoo
2023-09-27T16:51:39.630+02:00 DEBUG 7856 --- [pool-2-thread-1] c.o.tourguide.service.RewardsService     : Calculate distance between -106.44487/31.769125 and 94.70550683340616/-26.18276265885204
2023-09-27T16:51:39.630+02:00 DEBUG 7856 --- [pool-2-thread-1] c.o.tourguide.service.RewardsService     : Checking if the user a35408d6-e51a-42fe-a791-e774fd5a2fc1 already get close from Kansas City Zoo
2023-09-27T16:51:39.630+02:00 DEBUG 7856 --- [pool-2-thread-1] c.o.tourguide.service.RewardsService     : Calculate distance between -94.529625/39.007504 and 94.70550683340616/-26.18276265885204
2023-09-27T16:51:39.630+02:00 DEBUG 7856 --- [pool-2-thread-1] c.o.tourguide.service.RewardsService     : Checking if the user a35408d6-e51a-42fe-a791-e774fd5a2fc1 already get close from Bronx Zoo
2023-09-27T16:51:39.630+02:00 DEBUG 7856 --- [pool-2-thread-1] c.o.tourguide.service.RewardsService     : Calculate distance between -73.872971/40.852905 and 94.70550683340616/-26.18276265885204
2023-09-27T16:51:39.630+02:00 DEBUG 7856 --- [pool-2-thread-1] c.o.tourguide.service.RewardsService     : Checking if the user a35408d6-e51a-42fe-a791-e774fd5a2fc1 already get close from Cinderella Castle
2023-09-27T16:51:39.630+02:00 DEBUG 7856 --- [pool-2-thread-1] c.o.tourguide.service.RewardsService     : Calculate distance between -81.5812/28.419411 and 94.70550683340616/-26.18276265885204
2023-09-27T16:51:39.630+02:00 DEBUG 7856 --- [pool-2-thread-1] c.o.tourguide.service.RewardsService     : Checking if the user a35408d6-e51a-42fe-a791-e774fd5a2fc1 already get close from Disneyland
2023-09-27T16:51:39.630+02:00 DEBUG 7856 --- [pool-2-thread-1] c.o.tourguide.service.RewardsService     : Calculate distance between -117.922008/33.817595 and 162.52679559857694/-38.40907811480788
2023-09-27T16:51:39.630+02:00 DEBUG 7856 --- [pool-2-thread-1] c.o.tourguide.service.RewardsService     : Checking if the user a35408d6-e51a-42fe-a791-e774fd5a2fc1 already get close from Jackson Hole
2023-09-27T16:51:39.630+02:00 DEBUG 7856 --- [pool-2-thread-1] c.o.tourguide.service.RewardsService     : Calculate distance between -110.821999/43.582767 and 162.52679559857694/-38.40907811480788
2023-09-27T16:51:39.630+02:00 DEBUG 7856 --- [pool-2-thread-1] c.o.tourguide.service.RewardsService     : Checking if the user a35408d6-e51a-42fe-a791-e774fd5a2fc1 already get close from Mojave National Preserve
2023-09-27T16:51:39.630+02:00 DEBUG 7856 --- [pool-2-thread-1] c.o.tourguide.service.RewardsService     : Calculate distance between -115.510399/35.141689 and 162.52679559857694/-38.40907811480788
2023-09-27T16:51:39.630+02:00 DEBUG 7856 --- [pool-2-thread-1] c.o.tourguide.service.RewardsService     : Checking if the user a35408d6-e51a-42fe-a791-e774fd5a2fc1 already get close from Joshua Tree National Park
2023-09-27T16:51:39.630+02:00 DEBUG 7856 --- [pool-2-thread-1] c.o.tourguide.service.RewardsService     : Calculate distance between -115.90065/33.881866 and 162.52679559857694/-38.40907811480788
2023-09-27T16:51:39.630+02:00 DEBUG 7856 --- [pool-2-thread-1] c.o.tourguide.service.RewardsService     : Checking if the user a35408d6-e51a-42fe-a791-e774fd5a2fc1 already get close from Buffalo National River
2023-09-27T16:51:39.630+02:00 DEBUG 7856 --- [pool-2-thread-1] c.o.tourguide.service.RewardsService     : Calculate distance between -92.757652/35.985512 and 162.52679559857694/-38.40907811480788
2023-09-27T16:51:39.630+02:00 DEBUG 7856 --- [pool-2-thread-1] c.o.tourguide.service.RewardsService     : Checking if the user a35408d6-e51a-42fe-a791-e774fd5a2fc1 already get close from Hot Springs National Park
2023-09-27T16:51:39.630+02:00 DEBUG 7856 --- [pool-2-thread-1] c.o.tourguide.service.RewardsService     : Calculate distance between -93.042267/34.52153 and 162.52679559857694/-38.40907811480788
2023-09-27T16:51:39.630+02:00 DEBUG 7856 --- [pool-2-thread-1] c.o.tourguide.service.RewardsService     : Checking if the user a35408d6-e51a-42fe-a791-e774fd5a2fc1 already get close from Kartchner Caverns State Park
2023-09-27T16:51:39.630+02:00 DEBUG 7856 --- [pool-2-thread-1] c.o.tourguide.service.RewardsService     : Calculate distance between -110.347382/31.837551 and 162.52679559857694/-38.40907811480788
2023-09-27T16:51:39.630+02:00 DEBUG 7856 --- [pool-2-thread-1] c.o.tourguide.service.RewardsService     : Checking if the user a35408d6-e51a-42fe-a791-e774fd5a2fc1 already get close from Legend Valley
2023-09-27T16:51:39.630+02:00 DEBUG 7856 --- [pool-2-thread-1] c.o.tourguide.service.RewardsService     : Calculate distance between -82.40667/39.937778 and 162.52679559857694/-38.40907811480788
2023-09-27T16:51:39.630+02:00 DEBUG 7856 --- [pool-2-thread-1] c.o.tourguide.service.RewardsService     : Checking if the user a35408d6-e51a-42fe-a791-e774fd5a2fc1 already get close from Flowers Bakery of London
2023-09-27T16:51:39.630+02:00 DEBUG 7856 --- [pool-2-thread-1] c.o.tourguide.service.RewardsService     : Calculate distance between -84.07486/37.131527 and 162.52679559857694/-38.40907811480788
2023-09-27T16:51:39.630+02:00 DEBUG 7856 --- [pool-2-thread-1] c.o.tourguide.service.RewardsService     : Checking if the user a35408d6-e51a-42fe-a791-e774fd5a2fc1 already get close from McKinley Tower
2023-09-27T16:51:39.630+02:00 DEBUG 7856 --- [pool-2-thread-1] c.o.tourguide.service.RewardsService     : Calculate distance between -149.877502/61.218887 and 162.52679559857694/-38.40907811480788
2023-09-27T16:51:39.630+02:00 DEBUG 7856 --- [pool-2-thread-1] c.o.tourguide.service.RewardsService     : Checking if the user a35408d6-e51a-42fe-a791-e774fd5a2fc1 already get close from Flatiron Building
2023-09-27T16:51:39.630+02:00 DEBUG 7856 --- [pool-2-thread-1] c.o.tourguide.service.RewardsService     : Calculate distance between -73.989723/40.741112 and 162.52679559857694/-38.40907811480788
2023-09-27T16:51:39.634+02:00 DEBUG 7856 --- [pool-2-thread-1] c.o.tourguide.service.RewardsService     : Checking if the user a35408d6-e51a-42fe-a791-e774fd5a2fc1 already get close from Fallingwater
2023-09-27T16:51:39.634+02:00 DEBUG 7856 --- [pool-2-thread-1] c.o.tourguide.service.RewardsService     : Calculate distance between -79.468056/39.906113 and 162.52679559857694/-38.40907811480788
2023-09-27T16:51:39.634+02:00 DEBUG 7856 --- [pool-2-thread-1] c.o.tourguide.service.RewardsService     : Checking if the user a35408d6-e51a-42fe-a791-e774fd5a2fc1 already get close from Union Station
2023-09-27T16:51:39.634+02:00 DEBUG 7856 --- [pool-2-thread-1] c.o.tourguide.service.RewardsService     : Calculate distance between -77.006332/38.897095 and 162.52679559857694/-38.40907811480788
2023-09-27T16:51:39.634+02:00 DEBUG 7856 --- [pool-2-thread-1] c.o.tourguide.service.RewardsService     : Checking if the user a35408d6-e51a-42fe-a791-e774fd5a2fc1 already get close from Roger Dean Stadium
2023-09-27T16:51:39.634+02:00 DEBUG 7856 --- [pool-2-thread-1] c.o.tourguide.service.RewardsService     : Calculate distance between -80.116577/26.890959 and 162.52679559857694/-38.40907811480788
2023-09-27T16:51:39.634+02:00 DEBUG 7856 --- [pool-2-thread-1] c.o.tourguide.service.RewardsService     : Checking if the user a35408d6-e51a-42fe-a791-e774fd5a2fc1 already get close from Texas Memorial Stadium
2023-09-27T16:51:39.634+02:00 DEBUG 7856 --- [pool-2-thread-1] c.o.tourguide.service.RewardsService     : Calculate distance between -97.732536/30.283682 and 162.52679559857694/-38.40907811480788
2023-09-27T16:51:39.634+02:00 DEBUG 7856 --- [pool-2-thread-1] c.o.tourguide.service.RewardsService     : Checking if the user a35408d6-e51a-42fe-a791-e774fd5a2fc1 already get close from Bryant-Denny Stadium
2023-09-27T16:51:39.634+02:00 DEBUG 7856 --- [pool-2-thread-1] c.o.tourguide.service.RewardsService     : Calculate distance between -87.550438/33.208973 and 162.52679559857694/-38.40907811480788
2023-09-27T16:51:39.634+02:00 DEBUG 7856 --- [pool-2-thread-1] c.o.tourguide.service.RewardsService     : Checking if the user a35408d6-e51a-42fe-a791-e774fd5a2fc1 already get close from Tiger Stadium
2023-09-27T16:51:39.634+02:00 DEBUG 7856 --- [pool-2-thread-1] c.o.tourguide.service.RewardsService     : Calculate distance between -91.183815/30.412035 and 162.52679559857694/-38.40907811480788
2023-09-27T16:51:39.634+02:00 DEBUG 7856 --- [pool-2-thread-1] c.o.tourguide.service.RewardsService     : Checking if the user a35408d6-e51a-42fe-a791-e774fd5a2fc1 already get close from Neyland Stadium
2023-09-27T16:51:39.634+02:00 DEBUG 7856 --- [pool-2-thread-1] c.o.tourguide.service.RewardsService     : Calculate distance between -83.925011/35.955013 and 162.52679559857694/-38.40907811480788
2023-09-27T16:51:39.634+02:00 DEBUG 7856 --- [pool-2-thread-1] c.o.tourguide.service.RewardsService     : Checking if the user a35408d6-e51a-42fe-a791-e774fd5a2fc1 already get close from Kyle Field
2023-09-27T16:51:39.634+02:00 DEBUG 7856 --- [pool-2-thread-1] c.o.tourguide.service.RewardsService     : Calculate distance between -96.339844/30.61025 and 162.52679559857694/-38.40907811480788
2023-09-27T16:51:39.634+02:00 DEBUG 7856 --- [pool-2-thread-1] c.o.tourguide.service.RewardsService     : Checking if the user a35408d6-e51a-42fe-a791-e774fd5a2fc1 already get close from San Diego Zoo
2023-09-27T16:51:39.634+02:00 DEBUG 7856 --- [pool-2-thread-1] c.o.tourguide.service.RewardsService     : Calculate distance between -117.149048/32.735317 and 162.52679559857694/-38.40907811480788
2023-09-27T16:51:39.634+02:00 DEBUG 7856 --- [pool-2-thread-1] c.o.tourguide.service.RewardsService     : Checking if the user a35408d6-e51a-42fe-a791-e774fd5a2fc1 already get close from Zoo Tampa at Lowry Park
2023-09-27T16:51:39.634+02:00 DEBUG 7856 --- [pool-2-thread-1] c.o.tourguide.service.RewardsService     : Calculate distance between -82.469269/28.012804 and 162.52679559857694/-38.40907811480788
2023-09-27T16:51:39.634+02:00 DEBUG 7856 --- [pool-2-thread-1] c.o.tourguide.service.RewardsService     : Checking if the user a35408d6-e51a-42fe-a791-e774fd5a2fc1 already get close from Franklin Park Zoo
2023-09-27T16:51:39.634+02:00 DEBUG 7856 --- [pool-2-thread-1] c.o.tourguide.service.RewardsService     : Calculate distance between -71.086731/42.302601 and 162.52679559857694/-38.40907811480788
2023-09-27T16:51:39.634+02:00 DEBUG 7856 --- [pool-2-thread-1] c.o.tourguide.service.RewardsService     : Checking if the user a35408d6-e51a-42fe-a791-e774fd5a2fc1 already get close from El Paso Zoo
2023-09-27T16:51:39.634+02:00 DEBUG 7856 --- [pool-2-thread-1] c.o.tourguide.service.RewardsService     : Calculate distance between -106.44487/31.769125 and 162.52679559857694/-38.40907811480788
2023-09-27T16:51:39.634+02:00 DEBUG 7856 --- [pool-2-thread-1] c.o.tourguide.service.RewardsService     : Checking if the user a35408d6-e51a-42fe-a791-e774fd5a2fc1 already get close from Kansas City Zoo
2023-09-27T16:51:39.634+02:00 DEBUG 7856 --- [pool-2-thread-1] c.o.tourguide.service.RewardsService     : Calculate distance between -94.529625/39.007504 and 162.52679559857694/-38.40907811480788
2023-09-27T16:51:39.634+02:00 DEBUG 7856 --- [pool-2-thread-1] c.o.tourguide.service.RewardsService     : Checking if the user a35408d6-e51a-42fe-a791-e774fd5a2fc1 already get close from Bronx Zoo
2023-09-27T16:51:39.634+02:00 DEBUG 7856 --- [pool-2-thread-1] c.o.tourguide.service.RewardsService     : Calculate distance between -73.872971/40.852905 and 162.52679559857694/-38.40907811480788
2023-09-27T16:51:39.634+02:00 DEBUG 7856 --- [pool-2-thread-1] c.o.tourguide.service.RewardsService     : Checking if the user a35408d6-e51a-42fe-a791-e774fd5a2fc1 already get close from Cinderella Castle
2023-09-27T16:51:39.634+02:00 DEBUG 7856 --- [pool-2-thread-1] c.o.tourguide.service.RewardsService     : Calculate distance between -81.5812/28.419411 and 162.52679559857694/-38.40907811480788
2023-09-27T16:51:39.634+02:00 DEBUG 7856 --- [pool-2-thread-1] c.o.tourguide.service.RewardsService     : Checking if the user a35408d6-e51a-42fe-a791-e774fd5a2fc1 already get close from Disneyland
2023-09-27T16:51:39.634+02:00 DEBUG 7856 --- [pool-2-thread-1] c.o.tourguide.service.RewardsService     : Calculate distance between -117.922008/33.817595 and 18.392706/27.459725
2023-09-27T16:51:39.634+02:00 DEBUG 7856 --- [pool-2-thread-1] c.o.tourguide.service.RewardsService     : Checking if the user a35408d6-e51a-42fe-a791-e774fd5a2fc1 already get close from Jackson Hole
2023-09-27T16:51:39.634+02:00 DEBUG 7856 --- [pool-2-thread-1] c.o.tourguide.service.RewardsService     : Calculate distance between -110.821999/43.582767 and 18.392706/27.459725
2023-09-27T16:51:39.634+02:00 DEBUG 7856 --- [pool-2-thread-1] c.o.tourguide.service.RewardsService     : Checking if the user a35408d6-e51a-42fe-a791-e774fd5a2fc1 already get close from Mojave National Preserve
2023-09-27T16:51:39.634+02:00 DEBUG 7856 --- [pool-2-thread-1] c.o.tourguide.service.RewardsService     : Calculate distance between -115.510399/35.141689 and 18.392706/27.459725
2023-09-27T16:51:39.634+02:00 DEBUG 7856 --- [pool-2-thread-1] c.o.tourguide.service.RewardsService     : Checking if the user a35408d6-e51a-42fe-a791-e774fd5a2fc1 already get close from Joshua Tree National Park
2023-09-27T16:51:39.634+02:00 DEBUG 7856 --- [pool-2-thread-1] c.o.tourguide.service.RewardsService     : Calculate distance between -115.90065/33.881866 and 18.392706/27.459725
2023-09-27T16:51:39.634+02:00 DEBUG 7856 --- [pool-2-thread-1] c.o.tourguide.service.RewardsService     : Checking if the user a35408d6-e51a-42fe-a791-e774fd5a2fc1 already get close from Buffalo National River
2023-09-27T16:51:39.634+02:00 DEBUG 7856 --- [pool-2-thread-1] c.o.tourguide.service.RewardsService     : Calculate distance between -92.757652/35.985512 and 18.392706/27.459725
2023-09-27T16:51:39.634+02:00 DEBUG 7856 --- [pool-2-thread-1] c.o.tourguide.service.RewardsService     : Checking if the user a35408d6-e51a-42fe-a791-e774fd5a2fc1 already get close from Hot Springs National Park
2023-09-27T16:51:39.634+02:00 DEBUG 7856 --- [pool-2-thread-1] c.o.tourguide.service.RewardsService     : Calculate distance between -93.042267/34.52153 and 18.392706/27.459725
2023-09-27T16:51:39.634+02:00 DEBUG 7856 --- [pool-2-thread-1] c.o.tourguide.service.RewardsService     : Checking if the user a35408d6-e51a-42fe-a791-e774fd5a2fc1 already get close from Kartchner Caverns State Park
2023-09-27T16:51:39.634+02:00 DEBUG 7856 --- [pool-2-thread-1] c.o.tourguide.service.RewardsService     : Calculate distance between -110.347382/31.837551 and 18.392706/27.459725
2023-09-27T16:51:39.634+02:00 DEBUG 7856 --- [pool-2-thread-1] c.o.tourguide.service.RewardsService     : Checking if the user a35408d6-e51a-42fe-a791-e774fd5a2fc1 already get close from Legend Valley
2023-09-27T16:51:39.634+02:00 DEBUG 7856 --- [pool-2-thread-1] c.o.tourguide.service.RewardsService     : Calculate distance between -82.40667/39.937778 and 18.392706/27.459725
2023-09-27T16:51:39.634+02:00 DEBUG 7856 --- [pool-2-thread-1] c.o.tourguide.service.RewardsService     : Checking if the user a35408d6-e51a-42fe-a791-e774fd5a2fc1 already get close from Flowers Bakery of London
2023-09-27T16:51:39.634+02:00 DEBUG 7856 --- [pool-2-thread-1] c.o.tourguide.service.RewardsService     : Calculate distance between -84.07486/37.131527 and 18.392706/27.459725
2023-09-27T16:51:39.634+02:00 DEBUG 7856 --- [pool-2-thread-1] c.o.tourguide.service.RewardsService     : Checking if the user a35408d6-e51a-42fe-a791-e774fd5a2fc1 already get close from McKinley Tower
2023-09-27T16:51:39.634+02:00 DEBUG 7856 --- [pool-2-thread-1] c.o.tourguide.service.RewardsService     : Calculate distance between -149.877502/61.218887 and 18.392706/27.459725
2023-09-27T16:51:39.634+02:00 DEBUG 7856 --- [pool-2-thread-1] c.o.tourguide.service.RewardsService     : Checking if the user a35408d6-e51a-42fe-a791-e774fd5a2fc1 already get close from Flatiron Building
2023-09-27T16:51:39.634+02:00 DEBUG 7856 --- [pool-2-thread-1] c.o.tourguide.service.RewardsService     : Calculate distance between -73.989723/40.741112 and 18.392706/27.459725
2023-09-27T16:51:39.634+02:00 DEBUG 7856 --- [pool-2-thread-1] c.o.tourguide.service.RewardsService     : Checking if the user a35408d6-e51a-42fe-a791-e774fd5a2fc1 already get close from Fallingwater
2023-09-27T16:51:39.634+02:00 DEBUG 7856 --- [pool-2-thread-1] c.o.tourguide.service.RewardsService     : Calculate distance between -79.468056/39.906113 and 18.392706/27.459725
2023-09-27T16:51:39.634+02:00 DEBUG 7856 --- [pool-2-thread-1] c.o.tourguide.service.RewardsService     : Checking if the user a35408d6-e51a-42fe-a791-e774fd5a2fc1 already get close from Union Station
2023-09-27T16:51:39.634+02:00 DEBUG 7856 --- [pool-2-thread-1] c.o.tourguide.service.RewardsService     : Calculate distance between -77.006332/38.897095 and 18.392706/27.459725
2023-09-27T16:51:39.634+02:00 DEBUG 7856 --- [pool-2-thread-1] c.o.tourguide.service.RewardsService     : Checking if the user a35408d6-e51a-42fe-a791-e774fd5a2fc1 already get close from Roger Dean Stadium
2023-09-27T16:51:39.634+02:00 DEBUG 7856 --- [pool-2-thread-1] c.o.tourguide.service.RewardsService     : Calculate distance between -80.116577/26.890959 and 18.392706/27.459725
2023-09-27T16:51:39.634+02:00 DEBUG 7856 --- [pool-2-thread-1] c.o.tourguide.service.RewardsService     : Checking if the user a35408d6-e51a-42fe-a791-e774fd5a2fc1 already get close from Texas Memorial Stadium
2023-09-27T16:51:39.634+02:00 DEBUG 7856 --- [pool-2-thread-1] c.o.tourguide.service.RewardsService     : Calculate distance between -97.732536/30.283682 and 18.392706/27.459725
2023-09-27T16:51:39.634+02:00 DEBUG 7856 --- [pool-2-thread-1] c.o.tourguide.service.RewardsService     : Checking if the user a35408d6-e51a-42fe-a791-e774fd5a2fc1 already get close from Bryant-Denny Stadium
2023-09-27T16:51:39.634+02:00 DEBUG 7856 --- [pool-2-thread-1] c.o.tourguide.service.RewardsService     : Calculate distance between -87.550438/33.208973 and 18.392706/27.459725
2023-09-27T16:51:39.634+02:00 DEBUG 7856 --- [pool-2-thread-1] c.o.tourguide.service.RewardsService     : Checking if the user a35408d6-e51a-42fe-a791-e774fd5a2fc1 already get close from Tiger Stadium
2023-09-27T16:51:39.634+02:00 DEBUG 7856 --- [pool-2-thread-1] c.o.tourguide.service.RewardsService     : Calculate distance between -91.183815/30.412035 and 18.392706/27.459725
2023-09-27T16:51:39.634+02:00 DEBUG 7856 --- [pool-2-thread-1] c.o.tourguide.service.RewardsService     : Checking if the user a35408d6-e51a-42fe-a791-e774fd5a2fc1 already get close from Neyland Stadium
2023-09-27T16:51:39.634+02:00 DEBUG 7856 --- [pool-2-thread-1] c.o.tourguide.service.RewardsService     : Calculate distance between -83.925011/35.955013 and 18.392706/27.459725
2023-09-27T16:51:39.634+02:00 DEBUG 7856 --- [pool-2-thread-1] c.o.tourguide.service.RewardsService     : Checking if the user a35408d6-e51a-42fe-a791-e774fd5a2fc1 already get close from Kyle Field
2023-09-27T16:51:39.634+02:00 DEBUG 7856 --- [pool-2-thread-1] c.o.tourguide.service.RewardsService     : Calculate distance between -96.339844/30.61025 and 18.392706/27.459725
2023-09-27T16:51:39.636+02:00 DEBUG 7856 --- [pool-2-thread-1] c.o.tourguide.service.RewardsService     : Checking if the user a35408d6-e51a-42fe-a791-e774fd5a2fc1 already get close from San Diego Zoo
2023-09-27T16:51:39.636+02:00 DEBUG 7856 --- [pool-2-thread-1] c.o.tourguide.service.RewardsService     : Calculate distance between -117.149048/32.735317 and 18.392706/27.459725
2023-09-27T16:51:39.636+02:00 DEBUG 7856 --- [pool-2-thread-1] c.o.tourguide.service.RewardsService     : Checking if the user a35408d6-e51a-42fe-a791-e774fd5a2fc1 already get close from Zoo Tampa at Lowry Park
2023-09-27T16:51:39.636+02:00 DEBUG 7856 --- [pool-2-thread-1] c.o.tourguide.service.RewardsService     : Calculate distance between -82.469269/28.012804 and 18.392706/27.459725
2023-09-27T16:51:39.636+02:00 DEBUG 7856 --- [pool-2-thread-1] c.o.tourguide.service.RewardsService     : Checking if the user a35408d6-e51a-42fe-a791-e774fd5a2fc1 already get close from Franklin Park Zoo
2023-09-27T16:51:39.636+02:00 DEBUG 7856 --- [pool-2-thread-1] c.o.tourguide.service.RewardsService     : Calculate distance between -71.086731/42.302601 and 18.392706/27.459725
2023-09-27T16:51:39.636+02:00 DEBUG 7856 --- [pool-2-thread-1] c.o.tourguide.service.RewardsService     : Checking if the user a35408d6-e51a-42fe-a791-e774fd5a2fc1 already get close from El Paso Zoo
2023-09-27T16:51:39.636+02:00 DEBUG 7856 --- [pool-2-thread-1] c.o.tourguide.service.RewardsService     : Calculate distance between -106.44487/31.769125 and 18.392706/27.459725
2023-09-27T16:51:39.636+02:00 DEBUG 7856 --- [pool-2-thread-1] c.o.tourguide.service.RewardsService     : Checking if the user a35408d6-e51a-42fe-a791-e774fd5a2fc1 already get close from Kansas City Zoo
2023-09-27T16:51:39.636+02:00 DEBUG 7856 --- [pool-2-thread-1] c.o.tourguide.service.RewardsService     : Calculate distance between -94.529625/39.007504 and 18.392706/27.459725
2023-09-27T16:51:39.636+02:00 DEBUG 7856 --- [pool-2-thread-1] c.o.tourguide.service.RewardsService     : Checking if the user a35408d6-e51a-42fe-a791-e774fd5a2fc1 already get close from Bronx Zoo
2023-09-27T16:51:39.636+02:00 DEBUG 7856 --- [pool-2-thread-1] c.o.tourguide.service.RewardsService     : Calculate distance between -73.872971/40.852905 and 18.392706/27.459725
2023-09-27T16:51:39.636+02:00 DEBUG 7856 --- [pool-2-thread-1] c.o.tourguide.service.RewardsService     : Checking if the user a35408d6-e51a-42fe-a791-e774fd5a2fc1 already get close from Cinderella Castle
2023-09-27T16:51:39.636+02:00 DEBUG 7856 --- [pool-2-thread-1] c.o.tourguide.service.RewardsService     : Calculate distance between -81.5812/28.419411 and 18.392706/27.459725
2023-09-27T16:51:39.636+02:00 DEBUG 7856 --- [pool-2-thread-1] c.o.tourguide.service.RewardsService     : Checking if the user a35408d6-e51a-42fe-a791-e774fd5a2fc1 already get close from Disneyland
2023-09-27T16:51:39.636+02:00 DEBUG 7856 --- [pool-2-thread-1] c.o.tourguide.service.RewardsService     : Calculate distance between -117.922008/33.817595 and 19.160314/43.841285
2023-09-27T16:51:39.636+02:00 DEBUG 7856 --- [pool-2-thread-1] c.o.tourguide.service.RewardsService     : Checking if the user a35408d6-e51a-42fe-a791-e774fd5a2fc1 already get close from Jackson Hole
2023-09-27T16:51:39.636+02:00 DEBUG 7856 --- [pool-2-thread-1] c.o.tourguide.service.RewardsService     : Calculate distance between -110.821999/43.582767 and 19.160314/43.841285
2023-09-27T16:51:39.636+02:00 DEBUG 7856 --- [pool-2-thread-1] c.o.tourguide.service.RewardsService     : Checking if the user a35408d6-e51a-42fe-a791-e774fd5a2fc1 already get close from Mojave National Preserve
2023-09-27T16:51:39.636+02:00 DEBUG 7856 --- [pool-2-thread-1] c.o.tourguide.service.RewardsService     : Calculate distance between -115.510399/35.141689 and 19.160314/43.841285
2023-09-27T16:51:39.636+02:00 DEBUG 7856 --- [pool-2-thread-1] c.o.tourguide.service.RewardsService     : Checking if the user a35408d6-e51a-42fe-a791-e774fd5a2fc1 already get close from Joshua Tree National Park
2023-09-27T16:51:39.636+02:00 DEBUG 7856 --- [pool-2-thread-1] c.o.tourguide.service.RewardsService     : Calculate distance between -115.90065/33.881866 and 19.160314/43.841285
2023-09-27T16:51:39.636+02:00 DEBUG 7856 --- [pool-2-thread-1] c.o.tourguide.service.RewardsService     : Checking if the user a35408d6-e51a-42fe-a791-e774fd5a2fc1 already get close from Buffalo National River
2023-09-27T16:51:39.636+02:00 DEBUG 7856 --- [pool-2-thread-1] c.o.tourguide.service.RewardsService     : Calculate distance between -92.757652/35.985512 and 19.160314/43.841285
2023-09-27T16:51:39.636+02:00 DEBUG 7856 --- [pool-2-thread-1] c.o.tourguide.service.RewardsService     : Checking if the user a35408d6-e51a-42fe-a791-e774fd5a2fc1 already get close from Hot Springs National Park
2023-09-27T16:51:39.636+02:00 DEBUG 7856 --- [pool-2-thread-1] c.o.tourguide.service.RewardsService     : Calculate distance between -93.042267/34.52153 and 19.160314/43.841285
2023-09-27T16:51:39.636+02:00 DEBUG 7856 --- [pool-2-thread-1] c.o.tourguide.service.RewardsService     : Checking if the user a35408d6-e51a-42fe-a791-e774fd5a2fc1 already get close from Kartchner Caverns State Park
2023-09-27T16:51:39.636+02:00 DEBUG 7856 --- [pool-2-thread-1] c.o.tourguide.service.RewardsService     : Calculate distance between -110.347382/31.837551 and 19.160314/43.841285
2023-09-27T16:51:39.636+02:00 DEBUG 7856 --- [pool-2-thread-1] c.o.tourguide.service.RewardsService     : Checking if the user a35408d6-e51a-42fe-a791-e774fd5a2fc1 already get close from Legend Valley
2023-09-27T16:51:39.636+02:00 DEBUG 7856 --- [pool-2-thread-1] c.o.tourguide.service.RewardsService     : Calculate distance between -82.40667/39.937778 and 19.160314/43.841285
2023-09-27T16:51:39.636+02:00 DEBUG 7856 --- [pool-2-thread-1] c.o.tourguide.service.RewardsService     : Checking if the user a35408d6-e51a-42fe-a791-e774fd5a2fc1 already get close from Flowers Bakery of London
2023-09-27T16:51:39.636+02:00 DEBUG 7856 --- [pool-2-thread-1] c.o.tourguide.service.RewardsService     : Calculate distance between -84.07486/37.131527 and 19.160314/43.841285
2023-09-27T16:51:39.636+02:00 DEBUG 7856 --- [pool-2-thread-1] c.o.tourguide.service.RewardsService     : Checking if the user a35408d6-e51a-42fe-a791-e774fd5a2fc1 already get close from McKinley Tower
2023-09-27T16:51:39.636+02:00 DEBUG 7856 --- [pool-2-thread-1] c.o.tourguide.service.RewardsService     : Calculate distance between -149.877502/61.218887 and 19.160314/43.841285
2023-09-27T16:51:39.636+02:00 DEBUG 7856 --- [pool-2-thread-1] c.o.tourguide.service.RewardsService     : Checking if the user a35408d6-e51a-42fe-a791-e774fd5a2fc1 already get close from Flatiron Building
2023-09-27T16:51:39.636+02:00 DEBUG 7856 --- [pool-2-thread-1] c.o.tourguide.service.RewardsService     : Calculate distance between -73.989723/40.741112 and 19.160314/43.841285
2023-09-27T16:51:39.636+02:00 DEBUG 7856 --- [pool-2-thread-1] c.o.tourguide.service.RewardsService     : Checking if the user a35408d6-e51a-42fe-a791-e774fd5a2fc1 already get close from Fallingwater
2023-09-27T16:51:39.636+02:00 DEBUG 7856 --- [pool-2-thread-1] c.o.tourguide.service.RewardsService     : Calculate distance between -79.468056/39.906113 and 19.160314/43.841285
2023-09-27T16:51:39.636+02:00 DEBUG 7856 --- [pool-2-thread-1] c.o.tourguide.service.RewardsService     : Checking if the user a35408d6-e51a-42fe-a791-e774fd5a2fc1 already get close from Union Station
2023-09-27T16:51:39.636+02:00 DEBUG 7856 --- [pool-2-thread-1] c.o.tourguide.service.RewardsService     : Calculate distance between -77.006332/38.897095 and 19.160314/43.841285
2023-09-27T16:51:39.636+02:00 DEBUG 7856 --- [pool-2-thread-1] c.o.tourguide.service.RewardsService     : Checking if the user a35408d6-e51a-42fe-a791-e774fd5a2fc1 already get close from Roger Dean Stadium
2023-09-27T16:51:39.636+02:00 DEBUG 7856 --- [pool-2-thread-1] c.o.tourguide.service.RewardsService     : Calculate distance between -80.116577/26.890959 and 19.160314/43.841285
2023-09-27T16:51:39.636+02:00 DEBUG 7856 --- [pool-2-thread-1] c.o.tourguide.service.RewardsService     : Checking if the user a35408d6-e51a-42fe-a791-e774fd5a2fc1 already get close from Texas Memorial Stadium
2023-09-27T16:51:39.636+02:00 DEBUG 7856 --- [pool-2-thread-1] c.o.tourguide.service.RewardsService     : Calculate distance between -97.732536/30.283682 and 19.160314/43.841285
2023-09-27T16:51:39.636+02:00 DEBUG 7856 --- [pool-2-thread-1] c.o.tourguide.service.RewardsService     : Checking if the user a35408d6-e51a-42fe-a791-e774fd5a2fc1 already get close from Bryant-Denny Stadium
2023-09-27T16:51:39.636+02:00 DEBUG 7856 --- [pool-2-thread-1] c.o.tourguide.service.RewardsService     : Calculate distance between -87.550438/33.208973 and 19.160314/43.841285
2023-09-27T16:51:39.636+02:00 DEBUG 7856 --- [pool-2-thread-1] c.o.tourguide.service.RewardsService     : Checking if the user a35408d6-e51a-42fe-a791-e774fd5a2fc1 already get close from Tiger Stadium
2023-09-27T16:51:39.636+02:00 DEBUG 7856 --- [pool-2-thread-1] c.o.tourguide.service.RewardsService     : Calculate distance between -91.183815/30.412035 and 19.160314/43.841285
2023-09-27T16:51:39.636+02:00 DEBUG 7856 --- [pool-2-thread-1] c.o.tourguide.service.RewardsService     : Checking if the user a35408d6-e51a-42fe-a791-e774fd5a2fc1 already get close from Neyland Stadium
2023-09-27T16:51:39.636+02:00 DEBUG 7856 --- [pool-2-thread-1] c.o.tourguide.service.RewardsService     : Calculate distance between -83.925011/35.955013 and 19.160314/43.841285
2023-09-27T16:51:39.636+02:00 DEBUG 7856 --- [pool-2-thread-1] c.o.tourguide.service.RewardsService     : Checking if the user a35408d6-e51a-42fe-a791-e774fd5a2fc1 already get close from Kyle Field
2023-09-27T16:51:39.636+02:00 DEBUG 7856 --- [pool-2-thread-1] c.o.tourguide.service.RewardsService     : Calculate distance between -96.339844/30.61025 and 19.160314/43.841285
2023-09-27T16:51:39.636+02:00 DEBUG 7856 --- [pool-2-thread-1] c.o.tourguide.service.RewardsService     : Checking if the user a35408d6-e51a-42fe-a791-e774fd5a2fc1 already get close from San Diego Zoo
2023-09-27T16:51:39.636+02:00 DEBUG 7856 --- [pool-2-thread-1] c.o.tourguide.service.RewardsService     : Calculate distance between -117.149048/32.735317 and 19.160314/43.841285
2023-09-27T16:51:39.636+02:00 DEBUG 7856 --- [pool-2-thread-1] c.o.tourguide.service.RewardsService     : Checking if the user a35408d6-e51a-42fe-a791-e774fd5a2fc1 already get close from Zoo Tampa at Lowry Park
2023-09-27T16:51:39.636+02:00 DEBUG 7856 --- [pool-2-thread-1] c.o.tourguide.service.RewardsService     : Calculate distance between -82.469269/28.012804 and 19.160314/43.841285
2023-09-27T16:51:39.636+02:00 DEBUG 7856 --- [pool-2-thread-1] c.o.tourguide.service.RewardsService     : Checking if the user a35408d6-e51a-42fe-a791-e774fd5a2fc1 already get close from Franklin Park Zoo
2023-09-27T16:51:39.636+02:00 DEBUG 7856 --- [pool-2-thread-1] c.o.tourguide.service.RewardsService     : Calculate distance between -71.086731/42.302601 and 19.160314/43.841285
2023-09-27T16:51:39.636+02:00 DEBUG 7856 --- [pool-2-thread-1] c.o.tourguide.service.RewardsService     : Checking if the user a35408d6-e51a-42fe-a791-e774fd5a2fc1 already get close from El Paso Zoo
2023-09-27T16:51:39.636+02:00 DEBUG 7856 --- [pool-2-thread-1] c.o.tourguide.service.RewardsService     : Calculate distance between -106.44487/31.769125 and 19.160314/43.841285
2023-09-27T16:51:39.636+02:00 DEBUG 7856 --- [pool-2-thread-1] c.o.tourguide.service.RewardsService     : Checking if the user a35408d6-e51a-42fe-a791-e774fd5a2fc1 already get close from Kansas City Zoo
2023-09-27T16:51:39.636+02:00 DEBUG 7856 --- [pool-2-thread-1] c.o.tourguide.service.RewardsService     : Calculate distance between -94.529625/39.007504 and 19.160314/43.841285
2023-09-27T16:51:39.636+02:00 DEBUG 7856 --- [pool-2-thread-1] c.o.tourguide.service.RewardsService     : Checking if the user a35408d6-e51a-42fe-a791-e774fd5a2fc1 already get close from Bronx Zoo
2023-09-27T16:51:39.636+02:00 DEBUG 7856 --- [pool-2-thread-1] c.o.tourguide.service.RewardsService     : Calculate distance between -73.872971/40.852905 and 19.160314/43.841285
2023-09-27T16:51:39.636+02:00 DEBUG 7856 --- [pool-2-thread-1] c.o.tourguide.service.RewardsService     : Checking if the user a35408d6-e51a-42fe-a791-e774fd5a2fc1 already get close from Cinderella Castle
2023-09-27T16:51:39.636+02:00 DEBUG 7856 --- [pool-2-thread-1] c.o.tourguide.service.RewardsService     : Calculate distance between -81.5812/28.419411 and 19.160314/43.841285
2023-09-27T16:51:39.636+02:00 DEBUG 7856 --- [pool-2-thread-1] c.o.tourguide.service.RewardsService     : Trying to add 0 rewards
2023-09-27T16:51:39.698+02:00  INFO 7856 --- [pool-2-thread-1] c.o.tourguide.service.TourGuideService   : Adding the current location to the user internalUser6475
2023-09-27T16:51:39.698+02:00 DEBUG 7856 --- [pool-2-thread-1] c.o.tourguide.service.RewardsService     : calculate reward for internalUser6475 on his 5 known locations
2023-09-27T16:51:39.710+02:00 DEBUG 7856 --- [pool-2-thread-1] c.o.tourguide.service.RewardsService     : Checking if the user fcb8afc0-ac8f-4725-b052-08cd4d22a4cc already get close from Disneyland
2023-09-27T16:51:39.710+02:00 DEBUG 7856 --- [pool-2-thread-1] c.o.tourguide.service.RewardsService     : Calculate distance between -117.922008/33.817595 and 10.478483229535641/-0.8086710187683934
2023-09-27T16:51:39.710+02:00 DEBUG 7856 --- [pool-2-thread-1] c.o.tourguide.service.RewardsService     : Checking if the user fcb8afc0-ac8f-4725-b052-08cd4d22a4cc already get close from Jackson Hole
2023-09-27T16:51:39.710+02:00 DEBUG 7856 --- [pool-2-thread-1] c.o.tourguide.service.RewardsService     : Calculate distance between -110.821999/43.582767 and 10.478483229535641/-0.8086710187683934
2023-09-27T16:51:39.710+02:00 DEBUG 7856 --- [pool-2-thread-1] c.o.tourguide.service.RewardsService     : Checking if the user fcb8afc0-ac8f-4725-b052-08cd4d22a4cc already get close from Mojave National Preserve
2023-09-27T16:51:39.710+02:00 DEBUG 7856 --- [pool-2-thread-1] c.o.tourguide.service.RewardsService     : Calculate distance between -115.510399/35.141689 and 10.478483229535641/-0.8086710187683934
2023-09-27T16:51:39.710+02:00 DEBUG 7856 --- [pool-2-thread-1] c.o.tourguide.service.RewardsService     : Checking if the user fcb8afc0-ac8f-4725-b052-08cd4d22a4cc already get close from Joshua Tree National Park
2023-09-27T16:51:39.710+02:00 DEBUG 7856 --- [pool-2-thread-1] c.o.tourguide.service.RewardsService     : Calculate distance between -115.90065/33.881866 and 10.478483229535641/-0.8086710187683934
2023-09-27T16:51:39.710+02:00 DEBUG 7856 --- [pool-2-thread-1] c.o.tourguide.service.RewardsService     : Checking if the user fcb8afc0-ac8f-4725-b052-08cd4d22a4cc already get close from Buffalo National River
2023-09-27T16:51:39.710+02:00 DEBUG 7856 --- [pool-2-thread-1] c.o.tourguide.service.RewardsService     : Calculate distance between -92.757652/35.985512 and 10.478483229535641/-0.8086710187683934
2023-09-27T16:51:39.710+02:00 DEBUG 7856 --- [pool-2-thread-1] c.o.tourguide.service.RewardsService     : Checking if the user fcb8afc0-ac8f-4725-b052-08cd4d22a4cc already get close from Hot Springs National Park
2023-09-27T16:51:39.710+02:00 DEBUG 7856 --- [pool-2-thread-1] c.o.tourguide.service.RewardsService     : Calculate distance between -93.042267/34.52153 and 10.478483229535641/-0.8086710187683934
2023-09-27T16:51:39.710+02:00 DEBUG 7856 --- [pool-2-thread-1] c.o.tourguide.service.RewardsService     : Checking if the user fcb8afc0-ac8f-4725-b052-08cd4d22a4cc already get close from Kartchner Caverns State Park
2023-09-27T16:51:39.710+02:00 DEBUG 7856 --- [pool-2-thread-1] c.o.tourguide.service.RewardsService     : Calculate distance between -110.347382/31.837551 and 10.478483229535641/-0.8086710187683934
2023-09-27T16:51:39.710+02:00 DEBUG 7856 --- [pool-2-thread-1] c.o.tourguide.service.RewardsService     : Checking if the user fcb8afc0-ac8f-4725-b052-08cd4d22a4cc already get close from Legend Valley
2023-09-27T16:51:39.710+02:00 DEBUG 7856 --- [pool-2-thread-1] c.o.tourguide.service.RewardsService     : Calculate distance between -82.40667/39.937778 and 10.478483229535641/-0.8086710187683934
2023-09-27T16:51:39.710+02:00 DEBUG 7856 --- [pool-2-thread-1] c.o.tourguide.service.RewardsService     : Checking if the user fcb8afc0-ac8f-4725-b052-08cd4d22a4cc already get close from Flowers Bakery of London
2023-09-27T16:51:39.710+02:00 DEBUG 7856 --- [pool-2-thread-1] c.o.tourguide.service.RewardsService     : Calculate distance between -84.07486/37.131527 and 10.478483229535641/-0.8086710187683934
2023-09-27T16:51:39.710+02:00 DEBUG 7856 --- [pool-2-thread-1] c.o.tourguide.service.RewardsService     : Checking if the user fcb8afc0-ac8f-4725-b052-08cd4d22a4cc already get close from McKinley Tower
2023-09-27T16:51:39.710+02:00 DEBUG 7856 --- [pool-2-thread-1] c.o.tourguide.service.RewardsService     : Calculate distance between -149.877502/61.218887 and 10.478483229535641/-0.8086710187683934
2023-09-27T16:51:39.710+02:00 DEBUG 7856 --- [pool-2-thread-1] c.o.tourguide.service.RewardsService     : Checking if the user fcb8afc0-ac8f-4725-b052-08cd4d22a4cc already get close from Flatiron Building
2023-09-27T16:51:39.710+02:00 DEBUG 7856 --- [pool-2-thread-1] c.o.tourguide.service.RewardsService     : Calculate distance between -73.989723/40.741112 and 10.478483229535641/-0.8086710187683934
2023-09-27T16:51:39.710+02:00 DEBUG 7856 --- [pool-2-thread-1] c.o.tourguide.service.RewardsService     : Checking if the user fcb8afc0-ac8f-4725-b052-08cd4d22a4cc already get close from Fallingwater
2023-09-27T16:51:39.710+02:00 DEBUG 7856 --- [pool-2-thread-1] c.o.tourguide.service.RewardsService     : Calculate distance between -79.468056/39.906113 and 10.478483229535641/-0.8086710187683934
2023-09-27T16:51:39.710+02:00 DEBUG 7856 --- [pool-2-thread-1] c.o.tourguide.service.RewardsService     : Checking if the user fcb8afc0-ac8f-4725-b052-08cd4d22a4cc already get close from Union Station
2023-09-27T16:51:39.710+02:00 DEBUG 7856 --- [pool-2-thread-1] c.o.tourguide.service.RewardsService     : Calculate distance between -77.006332/38.897095 and 10.478483229535641/-0.8086710187683934
2023-09-27T16:51:39.710+02:00 DEBUG 7856 --- [pool-2-thread-1] c.o.tourguide.service.RewardsService     : Checking if the user fcb8afc0-ac8f-4725-b052-08cd4d22a4cc already get close from Roger Dean Stadium
2023-09-27T16:51:39.710+02:00 DEBUG 7856 --- [pool-2-thread-1] c.o.tourguide.service.RewardsService     : Calculate distance between -80.116577/26.890959 and 10.478483229535641/-0.8086710187683934
2023-09-27T16:51:39.710+02:00 DEBUG 7856 --- [pool-2-thread-1] c.o.tourguide.service.RewardsService     : Checking if the user fcb8afc0-ac8f-4725-b052-08cd4d22a4cc already get close from Texas Memorial Stadium
2023-09-27T16:51:39.710+02:00 DEBUG 7856 --- [pool-2-thread-1] c.o.tourguide.service.RewardsService     : Calculate distance between -97.732536/30.283682 and 10.478483229535641/-0.8086710187683934
2023-09-27T16:51:39.710+02:00 DEBUG 7856 --- [pool-2-thread-1] c.o.tourguide.service.RewardsService     : Checking if the user fcb8afc0-ac8f-4725-b052-08cd4d22a4cc already get close from Bryant-Denny Stadium
2023-09-27T16:51:39.710+02:00 DEBUG 7856 --- [pool-2-thread-1] c.o.tourguide.service.RewardsService     : Calculate distance between -87.550438/33.208973 and 10.478483229535641/-0.8086710187683934
2023-09-27T16:51:39.710+02:00 DEBUG 7856 --- [pool-2-thread-1] c.o.tourguide.service.RewardsService     : Checking if the user fcb8afc0-ac8f-4725-b052-08cd4d22a4cc already get close from Tiger Stadium
2023-09-27T16:51:39.710+02:00 DEBUG 7856 --- [pool-2-thread-1] c.o.tourguide.service.RewardsService     : Calculate distance between -91.183815/30.412035 and 10.478483229535641/-0.8086710187683934
2023-09-27T16:51:39.710+02:00 DEBUG 7856 --- [pool-2-thread-1] c.o.tourguide.service.RewardsService     : Checking if the user fcb8afc0-ac8f-4725-b052-08cd4d22a4cc already get close from Neyland Stadium
2023-09-27T16:51:39.710+02:00 DEBUG 7856 --- [pool-2-thread-1] c.o.tourguide.service.RewardsService     : Calculate distance between -83.925011/35.955013 and 10.478483229535641/-0.8086710187683934
2023-09-27T16:51:39.710+02:00 DEBUG 7856 --- [pool-2-thread-1] c.o.tourguide.service.RewardsService     : Checking if the user fcb8afc0-ac8f-4725-b052-08cd4d22a4cc already get close from Kyle Field
2023-09-27T16:51:39.710+02:00 DEBUG 7856 --- [pool-2-thread-1] c.o.tourguide.service.RewardsService     : Calculate distance between -96.339844/30.61025 and 10.478483229535641/-0.8086710187683934
2023-09-27T16:51:39.710+02:00 DEBUG 7856 --- [pool-2-thread-1] c.o.tourguide.service.RewardsService     : Checking if the user fcb8afc0-ac8f-4725-b052-08cd4d22a4cc already get close from San Diego Zoo
2023-09-27T16:51:39.710+02:00 DEBUG 7856 --- [pool-2-thread-1] c.o.tourguide.service.RewardsService     : Calculate distance between -117.149048/32.735317 and 10.478483229535641/-0.8086710187683934
2023-09-27T16:51:39.710+02:00 DEBUG 7856 --- [pool-2-thread-1] c.o.tourguide.service.RewardsService     : Checking if the user fcb8afc0-ac8f-4725-b052-08cd4d22a4cc already get close from Zoo Tampa at Lowry Park
2023-09-27T16:51:39.710+02:00 DEBUG 7856 --- [pool-2-thread-1] c.o.tourguide.service.RewardsService     : Calculate distance between -82.469269/28.012804 and 10.478483229535641/-0.8086710187683934
2023-09-27T16:51:39.710+02:00 DEBUG 7856 --- [pool-2-thread-1] c.o.tourguide.service.RewardsService     : Checking if the user fcb8afc0-ac8f-4725-b052-08cd4d22a4cc already get close from Franklin Park Zoo
2023-09-27T16:51:39.710+02:00 DEBUG 7856 --- [pool-2-thread-1] c.o.tourguide.service.RewardsService     : Calculate distance between -71.086731/42.302601 and 10.478483229535641/-0.8086710187683934
2023-09-27T16:51:39.710+02:00 DEBUG 7856 --- [pool-2-thread-1] c.o.tourguide.service.RewardsService     : Checking if the user fcb8afc0-ac8f-4725-b052-08cd4d22a4cc already get close from El Paso Zoo
2023-09-27T16:51:39.710+02:00 DEBUG 7856 --- [pool-2-thread-1] c.o.tourguide.service.RewardsService     : Calculate distance between -106.44487/31.769125 and 10.478483229535641/-0.8086710187683934
2023-09-27T16:51:39.710+02:00 DEBUG 7856 --- [pool-2-thread-1] c.o.tourguide.service.RewardsService     : Checking if the user fcb8afc0-ac8f-4725-b052-08cd4d22a4cc already get close from Kansas City Zoo
2023-09-27T16:51:39.710+02:00 DEBUG 7856 --- [pool-2-thread-1] c.o.tourguide.service.RewardsService     : Calculate distance between -94.529625/39.007504 and 10.478483229535641/-0.8086710187683934
2023-09-27T16:51:39.710+02:00 DEBUG 7856 --- [pool-2-thread-1] c.o.tourguide.service.RewardsService     : Checking if the user fcb8afc0-ac8f-4725-b052-08cd4d22a4cc already get close from Bronx Zoo
2023-09-27T16:51:39.710+02:00 DEBUG 7856 --- [pool-2-thread-1] c.o.tourguide.service.RewardsService     : Calculate distance between -73.872971/40.852905 and 10.478483229535641/-0.8086710187683934
2023-09-27T16:51:39.710+02:00 DEBUG 7856 --- [pool-2-thread-1] c.o.tourguide.service.RewardsService     : Checking if the user fcb8afc0-ac8f-4725-b052-08cd4d22a4cc already get close from Cinderella Castle
2023-09-27T16:51:39.710+02:00 DEBUG 7856 --- [pool-2-thread-1] c.o.tourguide.service.RewardsService     : Calculate distance between -81.5812/28.419411 and 10.478483229535641/-0.8086710187683934
2023-09-27T16:51:39.710+02:00 DEBUG 7856 --- [pool-2-thread-1] c.o.tourguide.service.RewardsService     : Checking if the user fcb8afc0-ac8f-4725-b052-08cd4d22a4cc already get close from Disneyland
2023-09-27T16:51:39.710+02:00 DEBUG 7856 --- [pool-2-thread-1] c.o.tourguide.service.RewardsService     : Calculate distance between -117.922008/33.817595 and -74.06661981684786/46.03012024991543
2023-09-27T16:51:39.710+02:00 DEBUG 7856 --- [pool-2-thread-1] c.o.tourguide.service.RewardsService     : Checking if the user fcb8afc0-ac8f-4725-b052-08cd4d22a4cc already get close from Jackson Hole
2023-09-27T16:51:39.710+02:00 DEBUG 7856 --- [pool-2-thread-1] c.o.tourguide.service.RewardsService     : Calculate distance between -110.821999/43.582767 and -74.06661981684786/46.03012024991543
2023-09-27T16:51:39.710+02:00 DEBUG 7856 --- [pool-2-thread-1] c.o.tourguide.service.RewardsService     : Checking if the user fcb8afc0-ac8f-4725-b052-08cd4d22a4cc already get close from Mojave National Preserve
2023-09-27T16:51:39.710+02:00 DEBUG 7856 --- [pool-2-thread-1] c.o.tourguide.service.RewardsService     : Calculate distance between -115.510399/35.141689 and -74.06661981684786/46.03012024991543
2023-09-27T16:51:39.710+02:00 DEBUG 7856 --- [pool-2-thread-1] c.o.tourguide.service.RewardsService     : Checking if the user fcb8afc0-ac8f-4725-b052-08cd4d22a4cc already get close from Joshua Tree National Park
2023-09-27T16:51:39.710+02:00 DEBUG 7856 --- [pool-2-thread-1] c.o.tourguide.service.RewardsService     : Calculate distance between -115.90065/33.881866 and -74.06661981684786/46.03012024991543
2023-09-27T16:51:39.710+02:00 DEBUG 7856 --- [pool-2-thread-1] c.o.tourguide.service.RewardsService     : Checking if the user fcb8afc0-ac8f-4725-b052-08cd4d22a4cc already get close from Buffalo National River
2023-09-27T16:51:39.710+02:00 DEBUG 7856 --- [pool-2-thread-1] c.o.tourguide.service.RewardsService     : Calculate distance between -92.757652/35.985512 and -74.06661981684786/46.03012024991543
2023-09-27T16:51:39.710+02:00 DEBUG 7856 --- [pool-2-thread-1] c.o.tourguide.service.RewardsService     : Checking if the user fcb8afc0-ac8f-4725-b052-08cd4d22a4cc already get close from Hot Springs National Park
2023-09-27T16:51:39.710+02:00 DEBUG 7856 --- [pool-2-thread-1] c.o.tourguide.service.RewardsService     : Calculate distance between -93.042267/34.52153 and -74.06661981684786/46.03012024991543
2023-09-27T16:51:39.710+02:00 DEBUG 7856 --- [pool-2-thread-1] c.o.tourguide.service.RewardsService     : Checking if the user fcb8afc0-ac8f-4725-b052-08cd4d22a4cc already get close from Kartchner Caverns State Park
2023-09-27T16:51:39.710+02:00 DEBUG 7856 --- [pool-2-thread-1] c.o.tourguide.service.RewardsService     : Calculate distance between -110.347382/31.837551 and -74.06661981684786/46.03012024991543
2023-09-27T16:51:39.710+02:00 DEBUG 7856 --- [pool-2-thread-1] c.o.tourguide.service.RewardsService     : Checking if the user fcb8afc0-ac8f-4725-b052-08cd4d22a4cc already get close from Legend Valley
2023-09-27T16:51:39.710+02:00 DEBUG 7856 --- [pool-2-thread-1] c.o.tourguide.service.RewardsService     : Calculate distance between -82.40667/39.937778 and -74.06661981684786/46.03012024991543
2023-09-27T16:51:39.710+02:00 DEBUG 7856 --- [pool-2-thread-1] c.o.tourguide.service.RewardsService     : Checking if the user fcb8afc0-ac8f-4725-b052-08cd4d22a4cc already get close from Flowers Bakery of London
2023-09-27T16:51:39.710+02:00 DEBUG 7856 --- [pool-2-thread-1] c.o.tourguide.service.RewardsService     : Calculate distance between -84.07486/37.131527 and -74.06661981684786/46.03012024991543
2023-09-27T16:51:39.710+02:00 DEBUG 7856 --- [pool-2-thread-1] c.o.tourguide.service.RewardsService     : Checking if the user fcb8afc0-ac8f-4725-b052-08cd4d22a4cc already get close from McKinley Tower
2023-09-27T16:51:39.710+02:00 DEBUG 7856 --- [pool-2-thread-1] c.o.tourguide.service.RewardsService     : Calculate distance between -149.877502/61.218887 and -74.06661981684786/46.03012024991543
2023-09-27T16:51:39.710+02:00 DEBUG 7856 --- [pool-2-thread-1] c.o.tourguide.service.RewardsService     : Checking if the user fcb8afc0-ac8f-4725-b052-08cd4d22a4cc already get close from Flatiron Building
2023-09-27T16:51:39.710+02:00 DEBUG 7856 --- [pool-2-thread-1] c.o.tourguide.service.RewardsService     : Calculate distance between -73.989723/40.741112 and -74.06661981684786/46.03012024991543
2023-09-27T16:51:39.710+02:00 DEBUG 7856 --- [pool-2-thread-1] c.o.tourguide.service.RewardsService     : Checking if the user fcb8afc0-ac8f-4725-b052-08cd4d22a4cc already get close from Fallingwater
2023-09-27T16:51:39.711+02:00 DEBUG 7856 --- [pool-2-thread-1] c.o.tourguide.service.RewardsService     : Calculate distance between -79.468056/39.906113 and -74.06661981684786/46.03012024991543
2023-09-27T16:51:39.711+02:00 DEBUG 7856 --- [pool-2-thread-1] c.o.tourguide.service.RewardsService     : Checking if the user fcb8afc0-ac8f-4725-b052-08cd4d22a4cc already get close from Union Station
2023-09-27T16:51:39.711+02:00 DEBUG 7856 --- [pool-2-thread-1] c.o.tourguide.service.RewardsService     : Calculate distance between -77.006332/38.897095 and -74.06661981684786/46.03012024991543
2023-09-27T16:51:39.711+02:00 DEBUG 7856 --- [pool-2-thread-1] c.o.tourguide.service.RewardsService     : Checking if the user fcb8afc0-ac8f-4725-b052-08cd4d22a4cc already get close from Roger Dean Stadium
2023-09-27T16:51:39.711+02:00 DEBUG 7856 --- [pool-2-thread-1] c.o.tourguide.service.RewardsService     : Calculate distance between -80.116577/26.890959 and -74.06661981684786/46.03012024991543
2023-09-27T16:51:39.711+02:00 DEBUG 7856 --- [pool-2-thread-1] c.o.tourguide.service.RewardsService     : Checking if the user fcb8afc0-ac8f-4725-b052-08cd4d22a4cc already get close from Texas Memorial Stadium
2023-09-27T16:51:39.711+02:00 DEBUG 7856 --- [pool-2-thread-1] c.o.tourguide.service.RewardsService     : Calculate distance between -97.732536/30.283682 and -74.06661981684786/46.03012024991543
2023-09-27T16:51:39.711+02:00 DEBUG 7856 --- [pool-2-thread-1] c.o.tourguide.service.RewardsService     : Checking if the user fcb8afc0-ac8f-4725-b052-08cd4d22a4cc already get close from Bryant-Denny Stadium
2023-09-27T16:51:39.711+02:00 DEBUG 7856 --- [pool-2-thread-1] c.o.tourguide.service.RewardsService     : Calculate distance between -87.550438/33.208973 and -74.06661981684786/46.03012024991543
2023-09-27T16:51:39.711+02:00 DEBUG 7856 --- [pool-2-thread-1] c.o.tourguide.service.RewardsService     : Checking if the user fcb8afc0-ac8f-4725-b052-08cd4d22a4cc already get close from Tiger Stadium
2023-09-27T16:51:39.711+02:00 DEBUG 7856 --- [pool-2-thread-1] c.o.tourguide.service.RewardsService     : Calculate distance between -91.183815/30.412035 and -74.06661981684786/46.03012024991543
2023-09-27T16:51:39.711+02:00 DEBUG 7856 --- [pool-2-thread-1] c.o.tourguide.service.RewardsService     : Checking if the user fcb8afc0-ac8f-4725-b052-08cd4d22a4cc already get close from Neyland Stadium
2023-09-27T16:51:39.711+02:00 DEBUG 7856 --- [pool-2-thread-1] c.o.tourguide.service.RewardsService     : Calculate distance between -83.925011/35.955013 and -74.06661981684786/46.03012024991543
2023-09-27T16:51:39.711+02:00 DEBUG 7856 --- [pool-2-thread-1] c.o.tourguide.service.RewardsService     : Checking if the user fcb8afc0-ac8f-4725-b052-08cd4d22a4cc already get close from Kyle Field
2023-09-27T16:51:39.711+02:00 DEBUG 7856 --- [pool-2-thread-1] c.o.tourguide.service.RewardsService     : Calculate distance between -96.339844/30.61025 and -74.06661981684786/46.03012024991543
2023-09-27T16:51:39.711+02:00 DEBUG 7856 --- [pool-2-thread-1] c.o.tourguide.service.RewardsService     : Checking if the user fcb8afc0-ac8f-4725-b052-08cd4d22a4cc already get close from San Diego Zoo
2023-09-27T16:51:39.711+02:00 DEBUG 7856 --- [pool-2-thread-1] c.o.tourguide.service.RewardsService     : Calculate distance between -117.149048/32.735317 and -74.06661981684786/46.03012024991543
2023-09-27T16:51:39.711+02:00 DEBUG 7856 --- [pool-2-thread-1] c.o.tourguide.service.RewardsService     : Checking if the user fcb8afc0-ac8f-4725-b052-08cd4d22a4cc already get close from Zoo Tampa at Lowry Park
2023-09-27T16:51:39.711+02:00 DEBUG 7856 --- [pool-2-thread-1] c.o.tourguide.service.RewardsService     : Calculate distance between -82.469269/28.012804 and -74.06661981684786/46.03012024991543
2023-09-27T16:51:39.711+02:00 DEBUG 7856 --- [pool-2-thread-1] c.o.tourguide.service.RewardsService     : Checking if the user fcb8afc0-ac8f-4725-b052-08cd4d22a4cc already get close from Franklin Park Zoo
2023-09-27T16:51:39.711+02:00 DEBUG 7856 --- [pool-2-thread-1] c.o.tourguide.service.RewardsService     : Calculate distance between -71.086731/42.302601 and -74.06661981684786/46.03012024991543
2023-09-27T16:51:39.711+02:00 DEBUG 7856 --- [pool-2-thread-1] c.o.tourguide.service.RewardsService     : Checking if the user fcb8afc0-ac8f-4725-b052-08cd4d22a4cc already get close from El Paso Zoo
2023-09-27T16:51:39.711+02:00 DEBUG 7856 --- [pool-2-thread-1] c.o.tourguide.service.RewardsService     : Calculate distance between -106.44487/31.769125 and -74.06661981684786/46.03012024991543
2023-09-27T16:51:39.711+02:00 DEBUG 7856 --- [pool-2-thread-1] c.o.tourguide.service.RewardsService     : Checking if the user fcb8afc0-ac8f-4725-b052-08cd4d22a4cc already get close from Kansas City Zoo
2023-09-27T16:51:39.711+02:00 DEBUG 7856 --- [pool-2-thread-1] c.o.tourguide.service.RewardsService     : Calculate distance between -94.529625/39.007504 and -74.06661981684786/46.03012024991543
2023-09-27T16:51:39.711+02:00 DEBUG 7856 --- [pool-2-thread-1] c.o.tourguide.service.RewardsService     : Checking if the user fcb8afc0-ac8f-4725-b052-08cd4d22a4cc already get close from Bronx Zoo
2023-09-27T16:51:39.711+02:00 DEBUG 7856 --- [pool-2-thread-1] c.o.tourguide.service.RewardsService     : Calculate distance between -73.872971/40.852905 and -74.06661981684786/46.03012024991543
2023-09-27T16:51:39.711+02:00 DEBUG 7856 --- [pool-2-thread-1] c.o.tourguide.service.RewardsService     : Checking if the user fcb8afc0-ac8f-4725-b052-08cd4d22a4cc already get close from Cinderella Castle
2023-09-27T16:51:39.711+02:00 DEBUG 7856 --- [pool-2-thread-1] c.o.tourguide.service.RewardsService     : Calculate distance between -81.5812/28.419411 and -74.06661981684786/46.03012024991543
2023-09-27T16:51:39.711+02:00 DEBUG 7856 --- [pool-2-thread-1] c.o.tourguide.service.RewardsService     : Checking if the user fcb8afc0-ac8f-4725-b052-08cd4d22a4cc already get close from Disneyland
2023-09-27T16:51:39.711+02:00 DEBUG 7856 --- [pool-2-thread-1] c.o.tourguide.service.RewardsService     : Calculate distance between -117.922008/33.817595 and 63.37543878015515/-67.19083807132756
2023-09-27T16:51:39.711+02:00 DEBUG 7856 --- [pool-2-thread-1] c.o.tourguide.service.RewardsService     : Checking if the user fcb8afc0-ac8f-4725-b052-08cd4d22a4cc already get close from Jackson Hole
2023-09-27T16:51:39.711+02:00 DEBUG 7856 --- [pool-2-thread-1] c.o.tourguide.service.RewardsService     : Calculate distance between -110.821999/43.582767 and 63.37543878015515/-67.19083807132756
2023-09-27T16:51:39.711+02:00 DEBUG 7856 --- [pool-2-thread-1] c.o.tourguide.service.RewardsService     : Checking if the user fcb8afc0-ac8f-4725-b052-08cd4d22a4cc already get close from Mojave National Preserve
2023-09-27T16:51:39.711+02:00 DEBUG 7856 --- [pool-2-thread-1] c.o.tourguide.service.RewardsService     : Calculate distance between -115.510399/35.141689 and 63.37543878015515/-67.19083807132756
2023-09-27T16:51:39.711+02:00 DEBUG 7856 --- [pool-2-thread-1] c.o.tourguide.service.RewardsService     : Checking if the user fcb8afc0-ac8f-4725-b052-08cd4d22a4cc already get close from Joshua Tree National Park
2023-09-27T16:51:39.711+02:00 DEBUG 7856 --- [pool-2-thread-1] c.o.tourguide.service.RewardsService     : Calculate distance between -115.90065/33.881866 and 63.37543878015515/-67.19083807132756
2023-09-27T16:51:39.711+02:00 DEBUG 7856 --- [pool-2-thread-1] c.o.tourguide.service.RewardsService     : Checking if the user fcb8afc0-ac8f-4725-b052-08cd4d22a4cc already get close from Buffalo National River
2023-09-27T16:51:39.711+02:00 DEBUG 7856 --- [pool-2-thread-1] c.o.tourguide.service.RewardsService     : Calculate distance between -92.757652/35.985512 and 63.37543878015515/-67.19083807132756
2023-09-27T16:51:39.711+02:00 DEBUG 7856 --- [pool-2-thread-1] c.o.tourguide.service.RewardsService     : Checking if the user fcb8afc0-ac8f-4725-b052-08cd4d22a4cc already get close from Hot Springs National Park
2023-09-27T16:51:39.711+02:00 DEBUG 7856 --- [pool-2-thread-1] c.o.tourguide.service.RewardsService     : Calculate distance between -93.042267/34.52153 and 63.37543878015515/-67.19083807132756
2023-09-27T16:51:39.711+02:00 DEBUG 7856 --- [pool-2-thread-1] c.o.tourguide.service.RewardsService     : Checking if the user fcb8afc0-ac8f-4725-b052-08cd4d22a4cc already get close from Kartchner Caverns State Park
2023-09-27T16:51:39.711+02:00 DEBUG 7856 --- [pool-2-thread-1] c.o.tourguide.service.RewardsService     : Calculate distance between -110.347382/31.837551 and 63.37543878015515/-67.19083807132756
2023-09-27T16:51:39.711+02:00 DEBUG 7856 --- [pool-2-thread-1] c.o.tourguide.service.RewardsService     : Checking if the user fcb8afc0-ac8f-4725-b052-08cd4d22a4cc already get close from Legend Valley
2023-09-27T16:51:39.711+02:00 DEBUG 7856 --- [pool-2-thread-1] c.o.tourguide.service.RewardsService     : Calculate distance between -82.40667/39.937778 and 63.37543878015515/-67.19083807132756
2023-09-27T16:51:39.711+02:00 DEBUG 7856 --- [pool-2-thread-1] c.o.tourguide.service.RewardsService     : Checking if the user fcb8afc0-ac8f-4725-b052-08cd4d22a4cc already get close from Flowers Bakery of London
2023-09-27T16:51:39.711+02:00 DEBUG 7856 --- [pool-2-thread-1] c.o.tourguide.service.RewardsService     : Calculate distance between -84.07486/37.131527 and 63.37543878015515/-67.19083807132756
2023-09-27T16:51:39.711+02:00 DEBUG 7856 --- [pool-2-thread-1] c.o.tourguide.service.RewardsService     : Checking if the user fcb8afc0-ac8f-4725-b052-08cd4d22a4cc already get close from McKinley Tower
2023-09-27T16:51:39.711+02:00 DEBUG 7856 --- [pool-2-thread-1] c.o.tourguide.service.RewardsService     : Calculate distance between -149.877502/61.218887 and 63.37543878015515/-67.19083807132756
2023-09-27T16:51:39.711+02:00 DEBUG 7856 --- [pool-2-thread-1] c.o.tourguide.service.RewardsService     : Checking if the user fcb8afc0-ac8f-4725-b052-08cd4d22a4cc already get close from Flatiron Building
2023-09-27T16:51:39.711+02:00 DEBUG 7856 --- [pool-2-thread-1] c.o.tourguide.service.RewardsService     : Calculate distance between -73.989723/40.741112 and 63.37543878015515/-67.19083807132756
2023-09-27T16:51:39.711+02:00 DEBUG 7856 --- [pool-2-thread-1] c.o.tourguide.service.RewardsService     : Checking if the user fcb8afc0-ac8f-4725-b052-08cd4d22a4cc already get close from Fallingwater
2023-09-27T16:51:39.711+02:00 DEBUG 7856 --- [pool-2-thread-1] c.o.tourguide.service.RewardsService     : Calculate distance between -79.468056/39.906113 and 63.37543878015515/-67.19083807132756
2023-09-27T16:51:39.711+02:00 DEBUG 7856 --- [pool-2-thread-1] c.o.tourguide.service.RewardsService     : Checking if the user fcb8afc0-ac8f-4725-b052-08cd4d22a4cc already get close from Union Station
2023-09-27T16:51:39.711+02:00 DEBUG 7856 --- [pool-2-thread-1] c.o.tourguide.service.RewardsService     : Calculate distance between -77.006332/38.897095 and 63.37543878015515/-67.19083807132756
2023-09-27T16:51:39.711+02:00 DEBUG 7856 --- [pool-2-thread-1] c.o.tourguide.service.RewardsService     : Checking if the user fcb8afc0-ac8f-4725-b052-08cd4d22a4cc already get close from Roger Dean Stadium
2023-09-27T16:51:39.711+02:00 DEBUG 7856 --- [pool-2-thread-1] c.o.tourguide.service.RewardsService     : Calculate distance between -80.116577/26.890959 and 63.37543878015515/-67.19083807132756
2023-09-27T16:51:39.711+02:00 DEBUG 7856 --- [pool-2-thread-1] c.o.tourguide.service.RewardsService     : Checking if the user fcb8afc0-ac8f-4725-b052-08cd4d22a4cc already get close from Texas Memorial Stadium
2023-09-27T16:51:39.711+02:00 DEBUG 7856 --- [pool-2-thread-1] c.o.tourguide.service.RewardsService     : Calculate distance between -97.732536/30.283682 and 63.37543878015515/-67.19083807132756
2023-09-27T16:51:39.711+02:00 DEBUG 7856 --- [pool-2-thread-1] c.o.tourguide.service.RewardsService     : Checking if the user fcb8afc0-ac8f-4725-b052-08cd4d22a4cc already get close from Bryant-Denny Stadium
2023-09-27T16:51:39.711+02:00 DEBUG 7856 --- [pool-2-thread-1] c.o.tourguide.service.RewardsService     : Calculate distance between -87.550438/33.208973 and 63.37543878015515/-67.19083807132756
2023-09-27T16:51:39.711+02:00 DEBUG 7856 --- [pool-2-thread-1] c.o.tourguide.service.RewardsService     : Checking if the user fcb8afc0-ac8f-4725-b052-08cd4d22a4cc already get close from Tiger Stadium
2023-09-27T16:51:39.711+02:00 DEBUG 7856 --- [pool-2-thread-1] c.o.tourguide.service.RewardsService     : Calculate distance between -91.183815/30.412035 and 63.37543878015515/-67.19083807132756
2023-09-27T16:51:39.711+02:00 DEBUG 7856 --- [pool-2-thread-1] c.o.tourguide.service.RewardsService     : Checking if the user fcb8afc0-ac8f-4725-b052-08cd4d22a4cc already get close from Neyland Stadium
2023-09-27T16:51:39.711+02:00 DEBUG 7856 --- [pool-2-thread-1] c.o.tourguide.service.RewardsService     : Calculate distance between -83.925011/35.955013 and 63.37543878015515/-67.19083807132756
2023-09-27T16:51:39.711+02:00 DEBUG 7856 --- [pool-2-thread-1] c.o.tourguide.service.RewardsService     : Checking if the user fcb8afc0-ac8f-4725-b052-08cd4d22a4cc already get close from Kyle Field
2023-09-27T16:51:39.711+02:00 DEBUG 7856 --- [pool-2-thread-1] c.o.tourguide.service.RewardsService     : Calculate distance between -96.339844/30.61025 and 63.37543878015515/-67.19083807132756
2023-09-27T16:51:39.711+02:00 DEBUG 7856 --- [pool-2-thread-1] c.o.tourguide.service.RewardsService     : Checking if the user fcb8afc0-ac8f-4725-b052-08cd4d22a4cc already get close from San Diego Zoo
2023-09-27T16:51:39.711+02:00 DEBUG 7856 --- [pool-2-thread-1] c.o.tourguide.service.RewardsService     : Calculate distance between -117.149048/32.735317 and 63.37543878015515/-67.19083807132756
2023-09-27T16:51:39.711+02:00 DEBUG 7856 --- [pool-2-thread-1] c.o.tourguide.service.RewardsService     : Checking if the user fcb8afc0-ac8f-4725-b052-08cd4d22a4cc already get close from Zoo Tampa at Lowry Park
2023-09-27T16:51:39.711+02:00 DEBUG 7856 --- [pool-2-thread-1] c.o.tourguide.service.RewardsService     : Calculate distance between -82.469269/28.012804 and 63.37543878015515/-67.19083807132756
2023-09-27T16:51:39.711+02:00 DEBUG 7856 --- [pool-2-thread-1] c.o.tourguide.service.RewardsService     : Checking if the user fcb8afc0-ac8f-4725-b052-08cd4d22a4cc already get close from Franklin Park Zoo
2023-09-27T16:51:39.711+02:00 DEBUG 7856 --- [pool-2-thread-1] c.o.tourguide.service.RewardsService     : Calculate distance between -71.086731/42.302601 and 63.37543878015515/-67.19083807132756
2023-09-27T16:51:39.711+02:00 DEBUG 7856 --- [pool-2-thread-1] c.o.tourguide.service.RewardsService     : Checking if the user fcb8afc0-ac8f-4725-b052-08cd4d22a4cc already get close from El Paso Zoo
2023-09-27T16:51:39.711+02:00 DEBUG 7856 --- [pool-2-thread-1] c.o.tourguide.service.RewardsService     : Calculate distance between -106.44487/31.769125 and 63.37543878015515/-67.19083807132756
2023-09-27T16:51:39.711+02:00 DEBUG 7856 --- [pool-2-thread-1] c.o.tourguide.service.RewardsService     : Checking if the user fcb8afc0-ac8f-4725-b052-08cd4d22a4cc already get close from Kansas City Zoo
2023-09-27T16:51:39.711+02:00 DEBUG 7856 --- [pool-2-thread-1] c.o.tourguide.service.RewardsService     : Calculate distance between -94.529625/39.007504 and 63.37543878015515/-67.19083807132756
2023-09-27T16:51:39.711+02:00 DEBUG 7856 --- [pool-2-thread-1] c.o.tourguide.service.RewardsService     : Checking if the user fcb8afc0-ac8f-4725-b052-08cd4d22a4cc already get close from Bronx Zoo
2023-09-27T16:51:39.711+02:00 DEBUG 7856 --- [pool-2-thread-1] c.o.tourguide.service.RewardsService     : Calculate distance between -73.872971/40.852905 and 63.37543878015515/-67.19083807132756
2023-09-27T16:51:39.711+02:00 DEBUG 7856 --- [pool-2-thread-1] c.o.tourguide.service.RewardsService     : Checking if the user fcb8afc0-ac8f-4725-b052-08cd4d22a4cc already get close from Cinderella Castle
2023-09-27T16:51:39.711+02:00 DEBUG 7856 --- [pool-2-thread-1] c.o.tourguide.service.RewardsService     : Calculate distance between -81.5812/28.419411 and 63.37543878015515/-67.19083807132756
2023-09-27T16:51:39.711+02:00 DEBUG 7856 --- [pool-2-thread-1] c.o.tourguide.service.RewardsService     : Checking if the user fcb8afc0-ac8f-4725-b052-08cd4d22a4cc already get close from Disneyland
2023-09-27T16:51:39.711+02:00 DEBUG 7856 --- [pool-2-thread-1] c.o.tourguide.service.RewardsService     : Calculate distance between -117.922008/33.817595 and -109.805144/-25.293319
2023-09-27T16:51:39.711+02:00 DEBUG 7856 --- [pool-2-thread-1] c.o.tourguide.service.RewardsService     : Checking if the user fcb8afc0-ac8f-4725-b052-08cd4d22a4cc already get close from Jackson Hole
2023-09-27T16:51:39.711+02:00 DEBUG 7856 --- [pool-2-thread-1] c.o.tourguide.service.RewardsService     : Calculate distance between -110.821999/43.582767 and -109.805144/-25.293319
2023-09-27T16:51:39.711+02:00 DEBUG 7856 --- [pool-2-thread-1] c.o.tourguide.service.RewardsService     : Checking if the user fcb8afc0-ac8f-4725-b052-08cd4d22a4cc already get close from Mojave National Preserve
2023-09-27T16:51:39.711+02:00 DEBUG 7856 --- [pool-2-thread-1] c.o.tourguide.service.RewardsService     : Calculate distance between -115.510399/35.141689 and -109.805144/-25.293319
2023-09-27T16:51:39.711+02:00 DEBUG 7856 --- [pool-2-thread-1] c.o.tourguide.service.RewardsService     : Checking if the user fcb8afc0-ac8f-4725-b052-08cd4d22a4cc already get close from Joshua Tree National Park
2023-09-27T16:51:39.711+02:00 DEBUG 7856 --- [pool-2-thread-1] c.o.tourguide.service.RewardsService     : Calculate distance between -115.90065/33.881866 and -109.805144/-25.293319
2023-09-27T16:51:39.711+02:00 DEBUG 7856 --- [pool-2-thread-1] c.o.tourguide.service.RewardsService     : Checking if the user fcb8afc0-ac8f-4725-b052-08cd4d22a4cc already get close from Buffalo National River
2023-09-27T16:51:39.711+02:00 DEBUG 7856 --- [pool-2-thread-1] c.o.tourguide.service.RewardsService     : Calculate distance between -92.757652/35.985512 and -109.805144/-25.293319
2023-09-27T16:51:39.711+02:00 DEBUG 7856 --- [pool-2-thread-1] c.o.tourguide.service.RewardsService     : Checking if the user fcb8afc0-ac8f-4725-b052-08cd4d22a4cc already get close from Hot Springs National Park
2023-09-27T16:51:39.711+02:00 DEBUG 7856 --- [pool-2-thread-1] c.o.tourguide.service.RewardsService     : Calculate distance between -93.042267/34.52153 and -109.805144/-25.293319
2023-09-27T16:51:39.711+02:00 DEBUG 7856 --- [pool-2-thread-1] c.o.tourguide.service.RewardsService     : Checking if the user fcb8afc0-ac8f-4725-b052-08cd4d22a4cc already get close from Kartchner Caverns State Park
2023-09-27T16:51:39.711+02:00 DEBUG 7856 --- [pool-2-thread-1] c.o.tourguide.service.RewardsService     : Calculate distance between -110.347382/31.837551 and -109.805144/-25.293319
2023-09-27T16:51:39.711+02:00 DEBUG 7856 --- [pool-2-thread-1] c.o.tourguide.service.RewardsService     : Checking if the user fcb8afc0-ac8f-4725-b052-08cd4d22a4cc already get close from Legend Valley
2023-09-27T16:51:39.712+02:00 DEBUG 7856 --- [pool-2-thread-1] c.o.tourguide.service.RewardsService     : Calculate distance between -82.40667/39.937778 and -109.805144/-25.293319
2023-09-27T16:51:39.712+02:00 DEBUG 7856 --- [pool-2-thread-1] c.o.tourguide.service.RewardsService     : Checking if the user fcb8afc0-ac8f-4725-b052-08cd4d22a4cc already get close from Flowers Bakery of London
2023-09-27T16:51:39.712+02:00 DEBUG 7856 --- [pool-2-thread-1] c.o.tourguide.service.RewardsService     : Calculate distance between -84.07486/37.131527 and -109.805144/-25.293319
2023-09-27T16:51:39.712+02:00 DEBUG 7856 --- [pool-2-thread-1] c.o.tourguide.service.RewardsService     : Checking if the user fcb8afc0-ac8f-4725-b052-08cd4d22a4cc already get close from McKinley Tower
2023-09-27T16:51:39.712+02:00 DEBUG 7856 --- [pool-2-thread-1] c.o.tourguide.service.RewardsService     : Calculate distance between -149.877502/61.218887 and -109.805144/-25.293319
2023-09-27T16:51:39.712+02:00 DEBUG 7856 --- [pool-2-thread-1] c.o.tourguide.service.RewardsService     : Checking if the user fcb8afc0-ac8f-4725-b052-08cd4d22a4cc already get close from Flatiron Building
2023-09-27T16:51:39.712+02:00 DEBUG 7856 --- [pool-2-thread-1] c.o.tourguide.service.RewardsService     : Calculate distance between -73.989723/40.741112 and -109.805144/-25.293319
2023-09-27T16:51:39.712+02:00 DEBUG 7856 --- [pool-2-thread-1] c.o.tourguide.service.RewardsService     : Checking if the user fcb8afc0-ac8f-4725-b052-08cd4d22a4cc already get close from Fallingwater
2023-09-27T16:51:39.712+02:00 DEBUG 7856 --- [pool-2-thread-1] c.o.tourguide.service.RewardsService     : Calculate distance between -79.468056/39.906113 and -109.805144/-25.293319
2023-09-27T16:51:39.712+02:00 DEBUG 7856 --- [pool-2-thread-1] c.o.tourguide.service.RewardsService     : Checking if the user fcb8afc0-ac8f-4725-b052-08cd4d22a4cc already get close from Union Station
2023-09-27T16:51:39.712+02:00 DEBUG 7856 --- [pool-2-thread-1] c.o.tourguide.service.RewardsService     : Calculate distance between -77.006332/38.897095 and -109.805144/-25.293319
2023-09-27T16:51:39.712+02:00 DEBUG 7856 --- [pool-2-thread-1] c.o.tourguide.service.RewardsService     : Checking if the user fcb8afc0-ac8f-4725-b052-08cd4d22a4cc already get close from Roger Dean Stadium
2023-09-27T16:51:39.712+02:00 DEBUG 7856 --- [pool-2-thread-1] c.o.tourguide.service.RewardsService     : Calculate distance between -80.116577/26.890959 and -109.805144/-25.293319
2023-09-27T16:51:39.712+02:00 DEBUG 7856 --- [pool-2-thread-1] c.o.tourguide.service.RewardsService     : Checking if the user fcb8afc0-ac8f-4725-b052-08cd4d22a4cc already get close from Texas Memorial Stadium
2023-09-27T16:51:39.712+02:00 DEBUG 7856 --- [pool-2-thread-1] c.o.tourguide.service.RewardsService     : Calculate distance between -97.732536/30.283682 and -109.805144/-25.293319
2023-09-27T16:51:39.712+02:00 DEBUG 7856 --- [pool-2-thread-1] c.o.tourguide.service.RewardsService     : Checking if the user fcb8afc0-ac8f-4725-b052-08cd4d22a4cc already get close from Bryant-Denny Stadium
2023-09-27T16:51:39.712+02:00 DEBUG 7856 --- [pool-2-thread-1] c.o.tourguide.service.RewardsService     : Calculate distance between -87.550438/33.208973 and -109.805144/-25.293319
2023-09-27T16:51:39.712+02:00 DEBUG 7856 --- [pool-2-thread-1] c.o.tourguide.service.RewardsService     : Checking if the user fcb8afc0-ac8f-4725-b052-08cd4d22a4cc already get close from Tiger Stadium
2023-09-27T16:51:39.712+02:00 DEBUG 7856 --- [pool-2-thread-1] c.o.tourguide.service.RewardsService     : Calculate distance between -91.183815/30.412035 and -109.805144/-25.293319
2023-09-27T16:51:39.712+02:00 DEBUG 7856 --- [pool-2-thread-1] c.o.tourguide.service.RewardsService     : Checking if the user fcb8afc0-ac8f-4725-b052-08cd4d22a4cc already get close from Neyland Stadium
2023-09-27T16:51:39.712+02:00 DEBUG 7856 --- [pool-2-thread-1] c.o.tourguide.service.RewardsService     : Calculate distance between -83.925011/35.955013 and -109.805144/-25.293319
2023-09-27T16:51:39.712+02:00 DEBUG 7856 --- [pool-2-thread-1] c.o.tourguide.service.RewardsService     : Checking if the user fcb8afc0-ac8f-4725-b052-08cd4d22a4cc already get close from Kyle Field
2023-09-27T16:51:39.712+02:00 DEBUG 7856 --- [pool-2-thread-1] c.o.tourguide.service.RewardsService     : Calculate distance between -96.339844/30.61025 and -109.805144/-25.293319
2023-09-27T16:51:39.712+02:00 DEBUG 7856 --- [pool-2-thread-1] c.o.tourguide.service.RewardsService     : Checking if the user fcb8afc0-ac8f-4725-b052-08cd4d22a4cc already get close from San Diego Zoo
2023-09-27T16:51:39.712+02:00 DEBUG 7856 --- [pool-2-thread-1] c.o.tourguide.service.RewardsService     : Calculate distance between -117.149048/32.735317 and -109.805144/-25.293319
2023-09-27T16:51:39.712+02:00 DEBUG 7856 --- [pool-2-thread-1] c.o.tourguide.service.RewardsService     : Checking if the user fcb8afc0-ac8f-4725-b052-08cd4d22a4cc already get close from Zoo Tampa at Lowry Park
2023-09-27T16:51:39.712+02:00 DEBUG 7856 --- [pool-2-thread-1] c.o.tourguide.service.RewardsService     : Calculate distance between -82.469269/28.012804 and -109.805144/-25.293319
2023-09-27T16:51:39.712+02:00 DEBUG 7856 --- [pool-2-thread-1] c.o.tourguide.service.RewardsService     : Checking if the user fcb8afc0-ac8f-4725-b052-08cd4d22a4cc already get close from Franklin Park Zoo
2023-09-27T16:51:39.712+02:00 DEBUG 7856 --- [pool-2-thread-1] c.o.tourguide.service.RewardsService     : Calculate distance between -71.086731/42.302601 and -109.805144/-25.293319
2023-09-27T16:51:39.712+02:00 DEBUG 7856 --- [pool-2-thread-1] c.o.tourguide.service.RewardsService     : Checking if the user fcb8afc0-ac8f-4725-b052-08cd4d22a4cc already get close from El Paso Zoo
2023-09-27T16:51:39.712+02:00 DEBUG 7856 --- [pool-2-thread-1] c.o.tourguide.service.RewardsService     : Calculate distance between -106.44487/31.769125 and -109.805144/-25.293319
2023-09-27T16:51:39.712+02:00 DEBUG 7856 --- [pool-2-thread-1] c.o.tourguide.service.RewardsService     : Checking if the user fcb8afc0-ac8f-4725-b052-08cd4d22a4cc already get close from Kansas City Zoo
2023-09-27T16:51:39.712+02:00 DEBUG 7856 --- [pool-2-thread-1] c.o.tourguide.service.RewardsService     : Calculate distance between -94.529625/39.007504 and -109.805144/-25.293319
2023-09-27T16:51:39.712+02:00 DEBUG 7856 --- [pool-2-thread-1] c.o.tourguide.service.RewardsService     : Checking if the user fcb8afc0-ac8f-4725-b052-08cd4d22a4cc already get close from Bronx Zoo
2023-09-27T16:51:39.712+02:00 DEBUG 7856 --- [pool-2-thread-1] c.o.tourguide.service.RewardsService     : Calculate distance between -73.872971/40.852905 and -109.805144/-25.293319
2023-09-27T16:51:39.712+02:00 DEBUG 7856 --- [pool-2-thread-1] c.o.tourguide.service.RewardsService     : Checking if the user fcb8afc0-ac8f-4725-b052-08cd4d22a4cc already get close from Cinderella Castle
2023-09-27T16:51:39.712+02:00 DEBUG 7856 --- [pool-2-thread-1] c.o.tourguide.service.RewardsService     : Calculate distance between -81.5812/28.419411 and -109.805144/-25.293319
2023-09-27T16:51:39.712+02:00 DEBUG 7856 --- [pool-2-thread-1] c.o.tourguide.service.RewardsService     : Checking if the user fcb8afc0-ac8f-4725-b052-08cd4d22a4cc already get close from Disneyland
2023-09-27T16:51:39.712+02:00 DEBUG 7856 --- [pool-2-thread-1] c.o.tourguide.service.RewardsService     : Calculate distance between -117.922008/33.817595 and -51.834679/16.115225
2023-09-27T16:51:39.712+02:00 DEBUG 7856 --- [pool-2-thread-1] c.o.tourguide.service.RewardsService     : Checking if the user fcb8afc0-ac8f-4725-b052-08cd4d22a4cc already get close from Jackson Hole
2023-09-27T16:51:39.712+02:00 DEBUG 7856 --- [pool-2-thread-1] c.o.tourguide.service.RewardsService     : Calculate distance between -110.821999/43.582767 and -51.834679/16.115225
2023-09-27T16:51:39.712+02:00 DEBUG 7856 --- [pool-2-thread-1] c.o.tourguide.service.RewardsService     : Checking if the user fcb8afc0-ac8f-4725-b052-08cd4d22a4cc already get close from Mojave National Preserve
2023-09-27T16:51:39.712+02:00 DEBUG 7856 --- [pool-2-thread-1] c.o.tourguide.service.RewardsService     : Calculate distance between -115.510399/35.141689 and -51.834679/16.115225
2023-09-27T16:51:39.712+02:00 DEBUG 7856 --- [pool-2-thread-1] c.o.tourguide.service.RewardsService     : Checking if the user fcb8afc0-ac8f-4725-b052-08cd4d22a4cc already get close from Joshua Tree National Park
2023-09-27T16:51:39.712+02:00 DEBUG 7856 --- [pool-2-thread-1] c.o.tourguide.service.RewardsService     : Calculate distance between -115.90065/33.881866 and -51.834679/16.115225
2023-09-27T16:51:39.712+02:00 DEBUG 7856 --- [pool-2-thread-1] c.o.tourguide.service.RewardsService     : Checking if the user fcb8afc0-ac8f-4725-b052-08cd4d22a4cc already get close from Buffalo National River
2023-09-27T16:51:39.712+02:00 DEBUG 7856 --- [pool-2-thread-1] c.o.tourguide.service.RewardsService     : Calculate distance between -92.757652/35.985512 and -51.834679/16.115225
2023-09-27T16:51:39.712+02:00 DEBUG 7856 --- [pool-2-thread-1] c.o.tourguide.service.RewardsService     : Checking if the user fcb8afc0-ac8f-4725-b052-08cd4d22a4cc already get close from Hot Springs National Park
2023-09-27T16:51:39.712+02:00 DEBUG 7856 --- [pool-2-thread-1] c.o.tourguide.service.RewardsService     : Calculate distance between -93.042267/34.52153 and -51.834679/16.115225
2023-09-27T16:51:39.712+02:00 DEBUG 7856 --- [pool-2-thread-1] c.o.tourguide.service.RewardsService     : Checking if the user fcb8afc0-ac8f-4725-b052-08cd4d22a4cc already get close from Kartchner Caverns State Park
2023-09-27T16:51:39.712+02:00 DEBUG 7856 --- [pool-2-thread-1] c.o.tourguide.service.RewardsService     : Calculate distance between -110.347382/31.837551 and -51.834679/16.115225
2023-09-27T16:51:39.712+02:00 DEBUG 7856 --- [pool-2-thread-1] c.o.tourguide.service.RewardsService     : Checking if the user fcb8afc0-ac8f-4725-b052-08cd4d22a4cc already get close from Legend Valley
2023-09-27T16:51:39.712+02:00 DEBUG 7856 --- [pool-2-thread-1] c.o.tourguide.service.RewardsService     : Calculate distance between -82.40667/39.937778 and -51.834679/16.115225
2023-09-27T16:51:39.712+02:00 DEBUG 7856 --- [pool-2-thread-1] c.o.tourguide.service.RewardsService     : Checking if the user fcb8afc0-ac8f-4725-b052-08cd4d22a4cc already get close from Flowers Bakery of London
2023-09-27T16:51:39.712+02:00 DEBUG 7856 --- [pool-2-thread-1] c.o.tourguide.service.RewardsService     : Calculate distance between -84.07486/37.131527 and -51.834679/16.115225
2023-09-27T16:51:39.712+02:00 DEBUG 7856 --- [pool-2-thread-1] c.o.tourguide.service.RewardsService     : Checking if the user fcb8afc0-ac8f-4725-b052-08cd4d22a4cc already get close from McKinley Tower
2023-09-27T16:51:39.712+02:00 DEBUG 7856 --- [pool-2-thread-1] c.o.tourguide.service.RewardsService     : Calculate distance between -149.877502/61.218887 and -51.834679/16.115225
2023-09-27T16:51:39.712+02:00 DEBUG 7856 --- [pool-2-thread-1] c.o.tourguide.service.RewardsService     : Checking if the user fcb8afc0-ac8f-4725-b052-08cd4d22a4cc already get close from Flatiron Building
2023-09-27T16:51:39.712+02:00 DEBUG 7856 --- [pool-2-thread-1] c.o.tourguide.service.RewardsService     : Calculate distance between -73.989723/40.741112 and -51.834679/16.115225
2023-09-27T16:51:39.712+02:00 DEBUG 7856 --- [pool-2-thread-1] c.o.tourguide.service.RewardsService     : Checking if the user fcb8afc0-ac8f-4725-b052-08cd4d22a4cc already get close from Fallingwater
2023-09-27T16:51:39.712+02:00 DEBUG 7856 --- [pool-2-thread-1] c.o.tourguide.service.RewardsService     : Calculate distance between -79.468056/39.906113 and -51.834679/16.115225
2023-09-27T16:51:39.712+02:00 DEBUG 7856 --- [pool-2-thread-1] c.o.tourguide.service.RewardsService     : Checking if the user fcb8afc0-ac8f-4725-b052-08cd4d22a4cc already get close from Union Station
2023-09-27T16:51:39.712+02:00 DEBUG 7856 --- [pool-2-thread-1] c.o.tourguide.service.RewardsService     : Calculate distance between -77.006332/38.897095 and -51.834679/16.115225
2023-09-27T16:51:39.712+02:00 DEBUG 7856 --- [pool-2-thread-1] c.o.tourguide.service.RewardsService     : Checking if the user fcb8afc0-ac8f-4725-b052-08cd4d22a4cc already get close from Roger Dean Stadium
2023-09-27T16:51:39.712+02:00 DEBUG 7856 --- [pool-2-thread-1] c.o.tourguide.service.RewardsService     : Calculate distance between -80.116577/26.890959 and -51.834679/16.115225
2023-09-27T16:51:39.712+02:00 DEBUG 7856 --- [pool-2-thread-1] c.o.tourguide.service.RewardsService     : Checking if the user fcb8afc0-ac8f-4725-b052-08cd4d22a4cc already get close from Texas Memorial Stadium
2023-09-27T16:51:39.712+02:00 DEBUG 7856 --- [pool-2-thread-1] c.o.tourguide.service.RewardsService     : Calculate distance between -97.732536/30.283682 and -51.834679/16.115225
2023-09-27T16:51:39.712+02:00 DEBUG 7856 --- [pool-2-thread-1] c.o.tourguide.service.RewardsService     : Checking if the user fcb8afc0-ac8f-4725-b052-08cd4d22a4cc already get close from Bryant-Denny Stadium
2023-09-27T16:51:39.712+02:00 DEBUG 7856 --- [pool-2-thread-1] c.o.tourguide.service.RewardsService     : Calculate distance between -87.550438/33.208973 and -51.834679/16.115225
2023-09-27T16:51:39.712+02:00 DEBUG 7856 --- [pool-2-thread-1] c.o.tourguide.service.RewardsService     : Checking if the user fcb8afc0-ac8f-4725-b052-08cd4d22a4cc already get close from Tiger Stadium
2023-09-27T16:51:39.713+02:00 DEBUG 7856 --- [pool-2-thread-1] c.o.tourguide.service.RewardsService     : Calculate distance between -91.183815/30.412035 and -51.834679/16.115225
2023-09-27T16:51:39.713+02:00 DEBUG 7856 --- [pool-2-thread-1] c.o.tourguide.service.RewardsService     : Checking if the user fcb8afc0-ac8f-4725-b052-08cd4d22a4cc already get close from Neyland Stadium
2023-09-27T16:51:39.713+02:00 DEBUG 7856 --- [pool-2-thread-1] c.o.tourguide.service.RewardsService     : Calculate distance between -83.925011/35.955013 and -51.834679/16.115225
2023-09-27T16:51:39.713+02:00 DEBUG 7856 --- [pool-2-thread-1] c.o.tourguide.service.RewardsService     : Checking if the user fcb8afc0-ac8f-4725-b052-08cd4d22a4cc already get close from Kyle Field
2023-09-27T16:51:39.713+02:00 DEBUG 7856 --- [pool-2-thread-1] c.o.tourguide.service.RewardsService     : Calculate distance between -96.339844/30.61025 and -51.834679/16.115225
2023-09-27T16:51:39.713+02:00 DEBUG 7856 --- [pool-2-thread-1] c.o.tourguide.service.RewardsService     : Checking if the user fcb8afc0-ac8f-4725-b052-08cd4d22a4cc already get close from San Diego Zoo
2023-09-27T16:51:39.713+02:00 DEBUG 7856 --- [pool-2-thread-1] c.o.tourguide.service.RewardsService     : Calculate distance between -117.149048/32.735317 and -51.834679/16.115225
2023-09-27T16:51:39.713+02:00 DEBUG 7856 --- [pool-2-thread-1] c.o.tourguide.service.RewardsService     : Checking if the user fcb8afc0-ac8f-4725-b052-08cd4d22a4cc already get close from Zoo Tampa at Lowry Park
2023-09-27T16:51:39.713+02:00 DEBUG 7856 --- [pool-2-thread-1] c.o.tourguide.service.RewardsService     : Calculate distance between -82.469269/28.012804 and -51.834679/16.115225
2023-09-27T16:51:39.713+02:00 DEBUG 7856 --- [pool-2-thread-1] c.o.tourguide.service.RewardsService     : Checking if the user fcb8afc0-ac8f-4725-b052-08cd4d22a4cc already get close from Franklin Park Zoo
2023-09-27T16:51:39.713+02:00 DEBUG 7856 --- [pool-2-thread-1] c.o.tourguide.service.RewardsService     : Calculate distance between -71.086731/42.302601 and -51.834679/16.115225
2023-09-27T16:51:39.713+02:00 DEBUG 7856 --- [pool-2-thread-1] c.o.tourguide.service.RewardsService     : Checking if the user fcb8afc0-ac8f-4725-b052-08cd4d22a4cc already get close from El Paso Zoo
2023-09-27T16:51:39.713+02:00 DEBUG 7856 --- [pool-2-thread-1] c.o.tourguide.service.RewardsService     : Calculate distance between -106.44487/31.769125 and -51.834679/16.115225
2023-09-27T16:51:39.713+02:00 DEBUG 7856 --- [pool-2-thread-1] c.o.tourguide.service.RewardsService     : Checking if the user fcb8afc0-ac8f-4725-b052-08cd4d22a4cc already get close from Kansas City Zoo
2023-09-27T16:51:39.713+02:00 DEBUG 7856 --- [pool-2-thread-1] c.o.tourguide.service.RewardsService     : Calculate distance between -94.529625/39.007504 and -51.834679/16.115225
2023-09-27T16:51:39.713+02:00 DEBUG 7856 --- [pool-2-thread-1] c.o.tourguide.service.RewardsService     : Checking if the user fcb8afc0-ac8f-4725-b052-08cd4d22a4cc already get close from Bronx Zoo
2023-09-27T16:51:39.713+02:00 DEBUG 7856 --- [pool-2-thread-1] c.o.tourguide.service.RewardsService     : Calculate distance between -73.872971/40.852905 and -51.834679/16.115225
2023-09-27T16:51:39.713+02:00 DEBUG 7856 --- [pool-2-thread-1] c.o.tourguide.service.RewardsService     : Checking if the user fcb8afc0-ac8f-4725-b052-08cd4d22a4cc already get close from Cinderella Castle
2023-09-27T16:51:39.713+02:00 DEBUG 7856 --- [pool-2-thread-1] c.o.tourguide.service.RewardsService     : Calculate distance between -81.5812/28.419411 and -51.834679/16.115225
2023-09-27T16:51:39.713+02:00 DEBUG 7856 --- [pool-2-thread-1] c.o.tourguide.service.RewardsService     : Trying to add 0 rewards
2023-09-27T16:51:39.769+02:00  INFO 7856 --- [pool-2-thread-1] c.o.tourguide.service.TourGuideService   : Adding the current location to the user internalUser5147
2023-09-27T16:51:39.769+02:00 DEBUG 7856 --- [pool-2-thread-1] c.o.tourguide.service.RewardsService     : calculate reward for internalUser5147 on his 5 known locations
2023-09-27T16:51:39.770+02:00 DEBUG 7856 --- [pool-3-thread-1] c.o.tourguide.service.RewardsService     : Checking if the user 7b2b8fe2-9e69-474b-b415-7c5568a28c75 already get close from Bryant-Denny Stadium
2023-09-27T16:51:39.770+02:00 DEBUG 7856 --- [pool-3-thread-1] c.o.tourguide.service.RewardsService     : Calculate distance between -87.550438/33.208973 and 121.958671/-62.099573
2023-09-27T16:51:39.770+02:00 DEBUG 7856 --- [pool-3-thread-1] c.o.tourguide.service.RewardsService     : Assign reward points to 7b2b8fe2-9e69-474b-b415-7c5568a28c75 for attraction Bryant-Denny Stadium
2023-09-27T16:51:39.779+02:00 DEBUG 7856 --- [pool-2-thread-1] c.o.tourguide.service.RewardsService     : Checking if the user 37c34f79-a28d-4243-8ab7-1438590b02d3 already get close from Disneyland
2023-09-27T16:51:39.779+02:00 DEBUG 7856 --- [pool-2-thread-1] c.o.tourguide.service.RewardsService     : Calculate distance between -117.922008/33.817595 and -60.00275043614167/-42.39540893489321
2023-09-27T16:51:39.779+02:00 DEBUG 7856 --- [pool-2-thread-1] c.o.tourguide.service.RewardsService     : Checking if the user 37c34f79-a28d-4243-8ab7-1438590b02d3 already get close from Jackson Hole
2023-09-27T16:51:39.779+02:00 DEBUG 7856 --- [pool-2-thread-1] c.o.tourguide.service.RewardsService     : Calculate distance between -110.821999/43.582767 and -60.00275043614167/-42.39540893489321
2023-09-27T16:51:39.779+02:00 DEBUG 7856 --- [pool-2-thread-1] c.o.tourguide.service.RewardsService     : Checking if the user 37c34f79-a28d-4243-8ab7-1438590b02d3 already get close from Mojave National Preserve
2023-09-27T16:51:39.779+02:00 DEBUG 7856 --- [pool-2-thread-1] c.o.tourguide.service.RewardsService     : Calculate distance between -115.510399/35.141689 and -60.00275043614167/-42.39540893489321
2023-09-27T16:51:39.779+02:00 DEBUG 7856 --- [pool-2-thread-1] c.o.tourguide.service.RewardsService     : Checking if the user 37c34f79-a28d-4243-8ab7-1438590b02d3 already get close from Joshua Tree National Park
2023-09-27T16:51:39.779+02:00 DEBUG 7856 --- [pool-2-thread-1] c.o.tourguide.service.RewardsService     : Calculate distance between -115.90065/33.881866 and -60.00275043614167/-42.39540893489321
2023-09-27T16:51:39.779+02:00 DEBUG 7856 --- [pool-2-thread-1] c.o.tourguide.service.RewardsService     : Checking if the user 37c34f79-a28d-4243-8ab7-1438590b02d3 already get close from Buffalo National River
2023-09-27T16:51:39.779+02:00 DEBUG 7856 --- [pool-2-thread-1] c.o.tourguide.service.RewardsService     : Calculate distance between -92.757652/35.985512 and -60.00275043614167/-42.39540893489321
2023-09-27T16:51:39.779+02:00 DEBUG 7856 --- [pool-2-thread-1] c.o.tourguide.service.RewardsService     : Checking if the user 37c34f79-a28d-4243-8ab7-1438590b02d3 already get close from Hot Springs National Park
2023-09-27T16:51:39.779+02:00 DEBUG 7856 --- [pool-2-thread-1] c.o.tourguide.service.RewardsService     : Calculate distance between -93.042267/34.52153 and -60.00275043614167/-42.39540893489321
2023-09-27T16:51:39.779+02:00 DEBUG 7856 --- [pool-2-thread-1] c.o.tourguide.service.RewardsService     : Checking if the user 37c34f79-a28d-4243-8ab7-1438590b02d3 already get close from Kartchner Caverns State Park
2023-09-27T16:51:39.779+02:00 DEBUG 7856 --- [pool-2-thread-1] c.o.tourguide.service.RewardsService     : Calculate distance between -110.347382/31.837551 and -60.00275043614167/-42.39540893489321
2023-09-27T16:51:39.779+02:00 DEBUG 7856 --- [pool-2-thread-1] c.o.tourguide.service.RewardsService     : Checking if the user 37c34f79-a28d-4243-8ab7-1438590b02d3 already get close from Legend Valley
2023-09-27T16:51:39.779+02:00 DEBUG 7856 --- [pool-2-thread-1] c.o.tourguide.service.RewardsService     : Calculate distance between -82.40667/39.937778 and -60.00275043614167/-42.39540893489321
2023-09-27T16:51:39.779+02:00 DEBUG 7856 --- [pool-2-thread-1] c.o.tourguide.service.RewardsService     : Checking if the user 37c34f79-a28d-4243-8ab7-1438590b02d3 already get close from Flowers Bakery of London
2023-09-27T16:51:39.779+02:00 DEBUG 7856 --- [pool-2-thread-1] c.o.tourguide.service.RewardsService     : Calculate distance between -84.07486/37.131527 and -60.00275043614167/-42.39540893489321
2023-09-27T16:51:39.779+02:00 DEBUG 7856 --- [pool-2-thread-1] c.o.tourguide.service.RewardsService     : Checking if the user 37c34f79-a28d-4243-8ab7-1438590b02d3 already get close from McKinley Tower
2023-09-27T16:51:39.779+02:00 DEBUG 7856 --- [pool-2-thread-1] c.o.tourguide.service.RewardsService     : Calculate distance between -149.877502/61.218887 and -60.00275043614167/-42.39540893489321
2023-09-27T16:51:39.779+02:00 DEBUG 7856 --- [pool-2-thread-1] c.o.tourguide.service.RewardsService     : Checking if the user 37c34f79-a28d-4243-8ab7-1438590b02d3 already get close from Flatiron Building
2023-09-27T16:51:39.779+02:00 DEBUG 7856 --- [pool-2-thread-1] c.o.tourguide.service.RewardsService     : Calculate distance between -73.989723/40.741112 and -60.00275043614167/-42.39540893489321
2023-09-27T16:51:39.779+02:00 DEBUG 7856 --- [pool-2-thread-1] c.o.tourguide.service.RewardsService     : Checking if the user 37c34f79-a28d-4243-8ab7-1438590b02d3 already get close from Fallingwater
2023-09-27T16:51:39.779+02:00 DEBUG 7856 --- [pool-2-thread-1] c.o.tourguide.service.RewardsService     : Calculate distance between -79.468056/39.906113 and -60.00275043614167/-42.39540893489321
2023-09-27T16:51:39.779+02:00 DEBUG 7856 --- [pool-2-thread-1] c.o.tourguide.service.RewardsService     : Checking if the user 37c34f79-a28d-4243-8ab7-1438590b02d3 already get close from Union Station
2023-09-27T16:51:39.779+02:00 DEBUG 7856 --- [pool-2-thread-1] c.o.tourguide.service.RewardsService     : Calculate distance between -77.006332/38.897095 and -60.00275043614167/-42.39540893489321
2023-09-27T16:51:39.779+02:00 DEBUG 7856 --- [pool-2-thread-1] c.o.tourguide.service.RewardsService     : Checking if the user 37c34f79-a28d-4243-8ab7-1438590b02d3 already get close from Roger Dean Stadium
2023-09-27T16:51:39.779+02:00 DEBUG 7856 --- [pool-2-thread-1] c.o.tourguide.service.RewardsService     : Calculate distance between -80.116577/26.890959 and -60.00275043614167/-42.39540893489321
2023-09-27T16:51:39.779+02:00 DEBUG 7856 --- [pool-2-thread-1] c.o.tourguide.service.RewardsService     : Checking if the user 37c34f79-a28d-4243-8ab7-1438590b02d3 already get close from Texas Memorial Stadium
2023-09-27T16:51:39.779+02:00 DEBUG 7856 --- [pool-2-thread-1] c.o.tourguide.service.RewardsService     : Calculate distance between -97.732536/30.283682 and -60.00275043614167/-42.39540893489321
2023-09-27T16:51:39.779+02:00 DEBUG 7856 --- [pool-2-thread-1] c.o.tourguide.service.RewardsService     : Checking if the user 37c34f79-a28d-4243-8ab7-1438590b02d3 already get close from Bryant-Denny Stadium
2023-09-27T16:51:39.779+02:00 DEBUG 7856 --- [pool-2-thread-1] c.o.tourguide.service.RewardsService     : Calculate distance between -87.550438/33.208973 and -60.00275043614167/-42.39540893489321
2023-09-27T16:51:39.779+02:00 DEBUG 7856 --- [pool-2-thread-1] c.o.tourguide.service.RewardsService     : Checking if the user 37c34f79-a28d-4243-8ab7-1438590b02d3 already get close from Tiger Stadium
2023-09-27T16:51:39.779+02:00 DEBUG 7856 --- [pool-2-thread-1] c.o.tourguide.service.RewardsService     : Calculate distance between -91.183815/30.412035 and -60.00275043614167/-42.39540893489321
2023-09-27T16:51:39.779+02:00 DEBUG 7856 --- [pool-2-thread-1] c.o.tourguide.service.RewardsService     : Checking if the user 37c34f79-a28d-4243-8ab7-1438590b02d3 already get close from Neyland Stadium
2023-09-27T16:51:39.779+02:00 DEBUG 7856 --- [pool-2-thread-1] c.o.tourguide.service.RewardsService     : Calculate distance between -83.925011/35.955013 and -60.00275043614167/-42.39540893489321
2023-09-27T16:51:39.779+02:00 DEBUG 7856 --- [pool-2-thread-1] c.o.tourguide.service.RewardsService     : Checking if the user 37c34f79-a28d-4243-8ab7-1438590b02d3 already get close from Kyle Field
2023-09-27T16:51:39.779+02:00 DEBUG 7856 --- [pool-2-thread-1] c.o.tourguide.service.RewardsService     : Calculate distance between -96.339844/30.61025 and -60.00275043614167/-42.39540893489321
2023-09-27T16:51:39.779+02:00 DEBUG 7856 --- [pool-2-thread-1] c.o.tourguide.service.RewardsService     : Checking if the user 37c34f79-a28d-4243-8ab7-1438590b02d3 already get close from San Diego Zoo
2023-09-27T16:51:39.779+02:00 DEBUG 7856 --- [pool-2-thread-1] c.o.tourguide.service.RewardsService     : Calculate distance between -117.149048/32.735317 and -60.00275043614167/-42.39540893489321
2023-09-27T16:51:39.779+02:00 DEBUG 7856 --- [pool-2-thread-1] c.o.tourguide.service.RewardsService     : Checking if the user 37c34f79-a28d-4243-8ab7-1438590b02d3 already get close from Zoo Tampa at Lowry Park
2023-09-27T16:51:39.779+02:00 DEBUG 7856 --- [pool-2-thread-1] c.o.tourguide.service.RewardsService     : Calculate distance between -82.469269/28.012804 and -60.00275043614167/-42.39540893489321
2023-09-27T16:51:39.779+02:00 DEBUG 7856 --- [pool-2-thread-1] c.o.tourguide.service.RewardsService     : Checking if the user 37c34f79-a28d-4243-8ab7-1438590b02d3 already get close from Franklin Park Zoo
2023-09-27T16:51:39.779+02:00 DEBUG 7856 --- [pool-2-thread-1] c.o.tourguide.service.RewardsService     : Calculate distance between -71.086731/42.302601 and -60.00275043614167/-42.39540893489321
2023-09-27T16:51:39.779+02:00 DEBUG 7856 --- [pool-2-thread-1] c.o.tourguide.service.RewardsService     : Checking if the user 37c34f79-a28d-4243-8ab7-1438590b02d3 already get close from El Paso Zoo
2023-09-27T16:51:39.779+02:00 DEBUG 7856 --- [pool-2-thread-1] c.o.tourguide.service.RewardsService     : Calculate distance between -106.44487/31.769125 and -60.00275043614167/-42.39540893489321
2023-09-27T16:51:39.779+02:00 DEBUG 7856 --- [pool-2-thread-1] c.o.tourguide.service.RewardsService     : Checking if the user 37c34f79-a28d-4243-8ab7-1438590b02d3 already get close from Kansas City Zoo
2023-09-27T16:51:39.779+02:00 DEBUG 7856 --- [pool-2-thread-1] c.o.tourguide.service.RewardsService     : Calculate distance between -94.529625/39.007504 and -60.00275043614167/-42.39540893489321
2023-09-27T16:51:39.779+02:00 DEBUG 7856 --- [pool-2-thread-1] c.o.tourguide.service.RewardsService     : Checking if the user 37c34f79-a28d-4243-8ab7-1438590b02d3 already get close from Bronx Zoo
2023-09-27T16:51:39.779+02:00 DEBUG 7856 --- [pool-2-thread-1] c.o.tourguide.service.RewardsService     : Calculate distance between -73.872971/40.852905 and -60.00275043614167/-42.39540893489321
2023-09-27T16:51:39.779+02:00 DEBUG 7856 --- [pool-2-thread-1] c.o.tourguide.service.RewardsService     : Checking if the user 37c34f79-a28d-4243-8ab7-1438590b02d3 already get close from Cinderella Castle
2023-09-27T16:51:39.779+02:00 DEBUG 7856 --- [pool-2-thread-1] c.o.tourguide.service.RewardsService     : Calculate distance between -81.5812/28.419411 and -60.00275043614167/-42.39540893489321
2023-09-27T16:51:39.779+02:00 DEBUG 7856 --- [pool-2-thread-1] c.o.tourguide.service.RewardsService     : Checking if the user 37c34f79-a28d-4243-8ab7-1438590b02d3 already get close from Disneyland
2023-09-27T16:51:39.779+02:00 DEBUG 7856 --- [pool-2-thread-1] c.o.tourguide.service.RewardsService     : Calculate distance between -117.922008/33.817595 and -66.76513825538305/-31.251051206584826
2023-09-27T16:51:39.779+02:00 DEBUG 7856 --- [pool-2-thread-1] c.o.tourguide.service.RewardsService     : Checking if the user 37c34f79-a28d-4243-8ab7-1438590b02d3 already get close from Jackson Hole
2023-09-27T16:51:39.779+02:00 DEBUG 7856 --- [pool-2-thread-1] c.o.tourguide.service.RewardsService     : Calculate distance between -110.821999/43.582767 and -66.76513825538305/-31.251051206584826
2023-09-27T16:51:39.779+02:00 DEBUG 7856 --- [pool-2-thread-1] c.o.tourguide.service.RewardsService     : Checking if the user 37c34f79-a28d-4243-8ab7-1438590b02d3 already get close from Mojave National Preserve
2023-09-27T16:51:39.779+02:00 DEBUG 7856 --- [pool-2-thread-1] c.o.tourguide.service.RewardsService     : Calculate distance between -115.510399/35.141689 and -66.76513825538305/-31.251051206584826
2023-09-27T16:51:39.779+02:00 DEBUG 7856 --- [pool-2-thread-1] c.o.tourguide.service.RewardsService     : Checking if the user 37c34f79-a28d-4243-8ab7-1438590b02d3 already get close from Joshua Tree National Park
2023-09-27T16:51:39.779+02:00 DEBUG 7856 --- [pool-2-thread-1] c.o.tourguide.service.RewardsService     : Calculate distance between -115.90065/33.881866 and -66.76513825538305/-31.251051206584826
2023-09-27T16:51:39.779+02:00 DEBUG 7856 --- [pool-2-thread-1] c.o.tourguide.service.RewardsService     : Checking if the user 37c34f79-a28d-4243-8ab7-1438590b02d3 already get close from Buffalo National River
2023-09-27T16:51:39.779+02:00 DEBUG 7856 --- [pool-2-thread-1] c.o.tourguide.service.RewardsService     : Calculate distance between -92.757652/35.985512 and -66.76513825538305/-31.251051206584826
2023-09-27T16:51:39.779+02:00 DEBUG 7856 --- [pool-2-thread-1] c.o.tourguide.service.RewardsService     : Checking if the user 37c34f79-a28d-4243-8ab7-1438590b02d3 already get close from Hot Springs National Park
2023-09-27T16:51:39.779+02:00 DEBUG 7856 --- [pool-2-thread-1] c.o.tourguide.service.RewardsService     : Calculate distance between -93.042267/34.52153 and -66.76513825538305/-31.251051206584826
2023-09-27T16:51:39.779+02:00 DEBUG 7856 --- [pool-2-thread-1] c.o.tourguide.service.RewardsService     : Checking if the user 37c34f79-a28d-4243-8ab7-1438590b02d3 already get close from Kartchner Caverns State Park
2023-09-27T16:51:39.779+02:00 DEBUG 7856 --- [pool-2-thread-1] c.o.tourguide.service.RewardsService     : Calculate distance between -110.347382/31.837551 and -66.76513825538305/-31.251051206584826
2023-09-27T16:51:39.779+02:00 DEBUG 7856 --- [pool-2-thread-1] c.o.tourguide.service.RewardsService     : Checking if the user 37c34f79-a28d-4243-8ab7-1438590b02d3 already get close from Legend Valley
2023-09-27T16:51:39.779+02:00 DEBUG 7856 --- [pool-2-thread-1] c.o.tourguide.service.RewardsService     : Calculate distance between -82.40667/39.937778 and -66.76513825538305/-31.251051206584826
2023-09-27T16:51:39.779+02:00 DEBUG 7856 --- [pool-2-thread-1] c.o.tourguide.service.RewardsService     : Checking if the user 37c34f79-a28d-4243-8ab7-1438590b02d3 already get close from Flowers Bakery of London
2023-09-27T16:51:39.779+02:00 DEBUG 7856 --- [pool-2-thread-1] c.o.tourguide.service.RewardsService     : Calculate distance between -84.07486/37.131527 and -66.76513825538305/-31.251051206584826
2023-09-27T16:51:39.779+02:00 DEBUG 7856 --- [pool-2-thread-1] c.o.tourguide.service.RewardsService     : Checking if the user 37c34f79-a28d-4243-8ab7-1438590b02d3 already get close from McKinley Tower
2023-09-27T16:51:39.779+02:00 DEBUG 7856 --- [pool-2-thread-1] c.o.tourguide.service.RewardsService     : Calculate distance between -149.877502/61.218887 and -66.76513825538305/-31.251051206584826
2023-09-27T16:51:39.779+02:00 DEBUG 7856 --- [pool-2-thread-1] c.o.tourguide.service.RewardsService     : Checking if the user 37c34f79-a28d-4243-8ab7-1438590b02d3 already get close from Flatiron Building
2023-09-27T16:51:39.779+02:00 DEBUG 7856 --- [pool-2-thread-1] c.o.tourguide.service.RewardsService     : Calculate distance between -73.989723/40.741112 and -66.76513825538305/-31.251051206584826
2023-09-27T16:51:39.779+02:00 DEBUG 7856 --- [pool-2-thread-1] c.o.tourguide.service.RewardsService     : Checking if the user 37c34f79-a28d-4243-8ab7-1438590b02d3 already get close from Fallingwater
2023-09-27T16:51:39.779+02:00 DEBUG 7856 --- [pool-2-thread-1] c.o.tourguide.service.RewardsService     : Calculate distance between -79.468056/39.906113 and -66.76513825538305/-31.251051206584826
2023-09-27T16:51:39.779+02:00 DEBUG 7856 --- [pool-2-thread-1] c.o.tourguide.service.RewardsService     : Checking if the user 37c34f79-a28d-4243-8ab7-1438590b02d3 already get close from Union Station
2023-09-27T16:51:39.779+02:00 DEBUG 7856 --- [pool-2-thread-1] c.o.tourguide.service.RewardsService     : Calculate distance between -77.006332/38.897095 and -66.76513825538305/-31.251051206584826
2023-09-27T16:51:39.779+02:00 DEBUG 7856 --- [pool-2-thread-1] c.o.tourguide.service.RewardsService     : Checking if the user 37c34f79-a28d-4243-8ab7-1438590b02d3 already get close from Roger Dean Stadium
2023-09-27T16:51:39.779+02:00 DEBUG 7856 --- [pool-2-thread-1] c.o.tourguide.service.RewardsService     : Calculate distance between -80.116577/26.890959 and -66.76513825538305/-31.251051206584826
2023-09-27T16:51:39.779+02:00 DEBUG 7856 --- [pool-2-thread-1] c.o.tourguide.service.RewardsService     : Checking if the user 37c34f79-a28d-4243-8ab7-1438590b02d3 already get close from Texas Memorial Stadium
2023-09-27T16:51:39.779+02:00 DEBUG 7856 --- [pool-2-thread-1] c.o.tourguide.service.RewardsService     : Calculate distance between -97.732536/30.283682 and -66.76513825538305/-31.251051206584826
2023-09-27T16:51:39.779+02:00 DEBUG 7856 --- [pool-2-thread-1] c.o.tourguide.service.RewardsService     : Checking if the user 37c34f79-a28d-4243-8ab7-1438590b02d3 already get close from Bryant-Denny Stadium
2023-09-27T16:51:39.779+02:00 DEBUG 7856 --- [pool-2-thread-1] c.o.tourguide.service.RewardsService     : Calculate distance between -87.550438/33.208973 and -66.76513825538305/-31.251051206584826
2023-09-27T16:51:39.779+02:00 DEBUG 7856 --- [pool-2-thread-1] c.o.tourguide.service.RewardsService     : Checking if the user 37c34f79-a28d-4243-8ab7-1438590b02d3 already get close from Tiger Stadium
2023-09-27T16:51:39.779+02:00 DEBUG 7856 --- [pool-2-thread-1] c.o.tourguide.service.RewardsService     : Calculate distance between -91.183815/30.412035 and -66.76513825538305/-31.251051206584826
2023-09-27T16:51:39.779+02:00 DEBUG 7856 --- [pool-2-thread-1] c.o.tourguide.service.RewardsService     : Checking if the user 37c34f79-a28d-4243-8ab7-1438590b02d3 already get close from Neyland Stadium
2023-09-27T16:51:39.779+02:00 DEBUG 7856 --- [pool-2-thread-1] c.o.tourguide.service.RewardsService     : Calculate distance between -83.925011/35.955013 and -66.76513825538305/-31.251051206584826
2023-09-27T16:51:39.779+02:00 DEBUG 7856 --- [pool-2-thread-1] c.o.tourguide.service.RewardsService     : Checking if the user 37c34f79-a28d-4243-8ab7-1438590b02d3 already get close from Kyle Field
2023-09-27T16:51:39.779+02:00 DEBUG 7856 --- [pool-2-thread-1] c.o.tourguide.service.RewardsService     : Calculate distance between -96.339844/30.61025 and -66.76513825538305/-31.251051206584826
2023-09-27T16:51:39.779+02:00 DEBUG 7856 --- [pool-2-thread-1] c.o.tourguide.service.RewardsService     : Checking if the user 37c34f79-a28d-4243-8ab7-1438590b02d3 already get close from San Diego Zoo
2023-09-27T16:51:39.780+02:00 DEBUG 7856 --- [pool-2-thread-1] c.o.tourguide.service.RewardsService     : Calculate distance between -117.149048/32.735317 and -66.76513825538305/-31.251051206584826
2023-09-27T16:51:39.780+02:00 DEBUG 7856 --- [pool-2-thread-1] c.o.tourguide.service.RewardsService     : Checking if the user 37c34f79-a28d-4243-8ab7-1438590b02d3 already get close from Zoo Tampa at Lowry Park
2023-09-27T16:51:39.780+02:00 DEBUG 7856 --- [pool-2-thread-1] c.o.tourguide.service.RewardsService     : Calculate distance between -82.469269/28.012804 and -66.76513825538305/-31.251051206584826
2023-09-27T16:51:39.780+02:00 DEBUG 7856 --- [pool-2-thread-1] c.o.tourguide.service.RewardsService     : Checking if the user 37c34f79-a28d-4243-8ab7-1438590b02d3 already get close from Franklin Park Zoo
2023-09-27T16:51:39.780+02:00 DEBUG 7856 --- [pool-2-thread-1] c.o.tourguide.service.RewardsService     : Calculate distance between -71.086731/42.302601 and -66.76513825538305/-31.251051206584826
2023-09-27T16:51:39.780+02:00 DEBUG 7856 --- [pool-2-thread-1] c.o.tourguide.service.RewardsService     : Checking if the user 37c34f79-a28d-4243-8ab7-1438590b02d3 already get close from El Paso Zoo
2023-09-27T16:51:39.780+02:00 DEBUG 7856 --- [pool-2-thread-1] c.o.tourguide.service.RewardsService     : Calculate distance between -106.44487/31.769125 and -66.76513825538305/-31.251051206584826
2023-09-27T16:51:39.780+02:00 DEBUG 7856 --- [pool-2-thread-1] c.o.tourguide.service.RewardsService     : Checking if the user 37c34f79-a28d-4243-8ab7-1438590b02d3 already get close from Kansas City Zoo
2023-09-27T16:51:39.784+02:00 DEBUG 7856 --- [pool-2-thread-1] c.o.tourguide.service.RewardsService     : Calculate distance between -94.529625/39.007504 and -66.76513825538305/-31.251051206584826
2023-09-27T16:51:39.784+02:00 DEBUG 7856 --- [pool-2-thread-1] c.o.tourguide.service.RewardsService     : Checking if the user 37c34f79-a28d-4243-8ab7-1438590b02d3 already get close from Bronx Zoo
2023-09-27T16:51:39.784+02:00 DEBUG 7856 --- [pool-2-thread-1] c.o.tourguide.service.RewardsService     : Calculate distance between -73.872971/40.852905 and -66.76513825538305/-31.251051206584826
2023-09-27T16:51:39.784+02:00 DEBUG 7856 --- [pool-2-thread-1] c.o.tourguide.service.RewardsService     : Checking if the user 37c34f79-a28d-4243-8ab7-1438590b02d3 already get close from Cinderella Castle
2023-09-27T16:51:39.784+02:00 DEBUG 7856 --- [pool-2-thread-1] c.o.tourguide.service.RewardsService     : Calculate distance between -81.5812/28.419411 and -66.76513825538305/-31.251051206584826
2023-09-27T16:51:39.784+02:00 DEBUG 7856 --- [pool-2-thread-1] c.o.tourguide.service.RewardsService     : Checking if the user 37c34f79-a28d-4243-8ab7-1438590b02d3 already get close from Disneyland
2023-09-27T16:51:39.784+02:00 DEBUG 7856 --- [pool-2-thread-1] c.o.tourguide.service.RewardsService     : Calculate distance between -117.922008/33.817595 and 166.55734031729583/72.18087327811665
2023-09-27T16:51:39.784+02:00 DEBUG 7856 --- [pool-2-thread-1] c.o.tourguide.service.RewardsService     : Checking if the user 37c34f79-a28d-4243-8ab7-1438590b02d3 already get close from Jackson Hole
2023-09-27T16:51:39.784+02:00 DEBUG 7856 --- [pool-2-thread-1] c.o.tourguide.service.RewardsService     : Calculate distance between -110.821999/43.582767 and 166.55734031729583/72.18087327811665
2023-09-27T16:51:39.784+02:00 DEBUG 7856 --- [pool-2-thread-1] c.o.tourguide.service.RewardsService     : Checking if the user 37c34f79-a28d-4243-8ab7-1438590b02d3 already get close from Mojave National Preserve
2023-09-27T16:51:39.784+02:00 DEBUG 7856 --- [pool-2-thread-1] c.o.tourguide.service.RewardsService     : Calculate distance between -115.510399/35.141689 and 166.55734031729583/72.18087327811665
2023-09-27T16:51:39.784+02:00 DEBUG 7856 --- [pool-2-thread-1] c.o.tourguide.service.RewardsService     : Checking if the user 37c34f79-a28d-4243-8ab7-1438590b02d3 already get close from Joshua Tree National Park
2023-09-27T16:51:39.784+02:00 DEBUG 7856 --- [pool-2-thread-1] c.o.tourguide.service.RewardsService     : Calculate distance between -115.90065/33.881866 and 166.55734031729583/72.18087327811665
2023-09-27T16:51:39.784+02:00 DEBUG 7856 --- [pool-2-thread-1] c.o.tourguide.service.RewardsService     : Checking if the user 37c34f79-a28d-4243-8ab7-1438590b02d3 already get close from Buffalo National River
2023-09-27T16:51:39.784+02:00 DEBUG 7856 --- [pool-2-thread-1] c.o.tourguide.service.RewardsService     : Calculate distance between -92.757652/35.985512 and 166.55734031729583/72.18087327811665
2023-09-27T16:51:39.784+02:00 DEBUG 7856 --- [pool-2-thread-1] c.o.tourguide.service.RewardsService     : Checking if the user 37c34f79-a28d-4243-8ab7-1438590b02d3 already get close from Hot Springs National Park
2023-09-27T16:51:39.784+02:00 DEBUG 7856 --- [pool-2-thread-1] c.o.tourguide.service.RewardsService     : Calculate distance between -93.042267/34.52153 and 166.55734031729583/72.18087327811665
2023-09-27T16:51:39.784+02:00 DEBUG 7856 --- [pool-2-thread-1] c.o.tourguide.service.RewardsService     : Checking if the user 37c34f79-a28d-4243-8ab7-1438590b02d3 already get close from Kartchner Caverns State Park
2023-09-27T16:51:39.784+02:00 DEBUG 7856 --- [pool-2-thread-1] c.o.tourguide.service.RewardsService     : Calculate distance between -110.347382/31.837551 and 166.55734031729583/72.18087327811665
2023-09-27T16:51:39.784+02:00 DEBUG 7856 --- [pool-2-thread-1] c.o.tourguide.service.RewardsService     : Checking if the user 37c34f79-a28d-4243-8ab7-1438590b02d3 already get close from Legend Valley
2023-09-27T16:51:39.784+02:00 DEBUG 7856 --- [pool-2-thread-1] c.o.tourguide.service.RewardsService     : Calculate distance between -82.40667/39.937778 and 166.55734031729583/72.18087327811665
2023-09-27T16:51:39.784+02:00 DEBUG 7856 --- [pool-2-thread-1] c.o.tourguide.service.RewardsService     : Checking if the user 37c34f79-a28d-4243-8ab7-1438590b02d3 already get close from Flowers Bakery of London
2023-09-27T16:51:39.784+02:00 DEBUG 7856 --- [pool-2-thread-1] c.o.tourguide.service.RewardsService     : Calculate distance between -84.07486/37.131527 and 166.55734031729583/72.18087327811665
2023-09-27T16:51:39.784+02:00 DEBUG 7856 --- [pool-2-thread-1] c.o.tourguide.service.RewardsService     : Checking if the user 37c34f79-a28d-4243-8ab7-1438590b02d3 already get close from McKinley Tower
2023-09-27T16:51:39.784+02:00 DEBUG 7856 --- [pool-2-thread-1] c.o.tourguide.service.RewardsService     : Calculate distance between -149.877502/61.218887 and 166.55734031729583/72.18087327811665
2023-09-27T16:51:39.784+02:00 DEBUG 7856 --- [pool-2-thread-1] c.o.tourguide.service.RewardsService     : Checking if the user 37c34f79-a28d-4243-8ab7-1438590b02d3 already get close from Flatiron Building
2023-09-27T16:51:39.784+02:00 DEBUG 7856 --- [pool-2-thread-1] c.o.tourguide.service.RewardsService     : Calculate distance between -73.989723/40.741112 and 166.55734031729583/72.18087327811665
2023-09-27T16:51:39.784+02:00 DEBUG 7856 --- [pool-2-thread-1] c.o.tourguide.service.RewardsService     : Checking if the user 37c34f79-a28d-4243-8ab7-1438590b02d3 already get close from Fallingwater
2023-09-27T16:51:39.784+02:00 DEBUG 7856 --- [pool-2-thread-1] c.o.tourguide.service.RewardsService     : Calculate distance between -79.468056/39.906113 and 166.55734031729583/72.18087327811665
2023-09-27T16:51:39.784+02:00 DEBUG 7856 --- [pool-2-thread-1] c.o.tourguide.service.RewardsService     : Checking if the user 37c34f79-a28d-4243-8ab7-1438590b02d3 already get close from Union Station
2023-09-27T16:51:39.784+02:00 DEBUG 7856 --- [pool-2-thread-1] c.o.tourguide.service.RewardsService     : Calculate distance between -77.006332/38.897095 and 166.55734031729583/72.18087327811665
2023-09-27T16:51:39.784+02:00 DEBUG 7856 --- [pool-2-thread-1] c.o.tourguide.service.RewardsService     : Checking if the user 37c34f79-a28d-4243-8ab7-1438590b02d3 already get close from Roger Dean Stadium
2023-09-27T16:51:39.784+02:00 DEBUG 7856 --- [pool-2-thread-1] c.o.tourguide.service.RewardsService     : Calculate distance between -80.116577/26.890959 and 166.55734031729583/72.18087327811665
2023-09-27T16:51:39.784+02:00 DEBUG 7856 --- [pool-2-thread-1] c.o.tourguide.service.RewardsService     : Checking if the user 37c34f79-a28d-4243-8ab7-1438590b02d3 already get close from Texas Memorial Stadium
2023-09-27T16:51:39.784+02:00 DEBUG 7856 --- [pool-2-thread-1] c.o.tourguide.service.RewardsService     : Calculate distance between -97.732536/30.283682 and 166.55734031729583/72.18087327811665
2023-09-27T16:51:39.784+02:00 DEBUG 7856 --- [pool-2-thread-1] c.o.tourguide.service.RewardsService     : Checking if the user 37c34f79-a28d-4243-8ab7-1438590b02d3 already get close from Bryant-Denny Stadium
2023-09-27T16:51:39.784+02:00 DEBUG 7856 --- [pool-2-thread-1] c.o.tourguide.service.RewardsService     : Calculate distance between -87.550438/33.208973 and 166.55734031729583/72.18087327811665
2023-09-27T16:51:39.784+02:00 DEBUG 7856 --- [pool-2-thread-1] c.o.tourguide.service.RewardsService     : Checking if the user 37c34f79-a28d-4243-8ab7-1438590b02d3 already get close from Tiger Stadium
2023-09-27T16:51:39.784+02:00 DEBUG 7856 --- [pool-2-thread-1] c.o.tourguide.service.RewardsService     : Calculate distance between -91.183815/30.412035 and 166.55734031729583/72.18087327811665
2023-09-27T16:51:39.784+02:00 DEBUG 7856 --- [pool-2-thread-1] c.o.tourguide.service.RewardsService     : Checking if the user 37c34f79-a28d-4243-8ab7-1438590b02d3 already get close from Neyland Stadium
2023-09-27T16:51:39.784+02:00 DEBUG 7856 --- [pool-2-thread-1] c.o.tourguide.service.RewardsService     : Calculate distance between -83.925011/35.955013 and 166.55734031729583/72.18087327811665
2023-09-27T16:51:39.784+02:00 DEBUG 7856 --- [pool-2-thread-1] c.o.tourguide.service.RewardsService     : Checking if the user 37c34f79-a28d-4243-8ab7-1438590b02d3 already get close from Kyle Field
2023-09-27T16:51:39.784+02:00 DEBUG 7856 --- [pool-2-thread-1] c.o.tourguide.service.RewardsService     : Calculate distance between -96.339844/30.61025 and 166.55734031729583/72.18087327811665
2023-09-27T16:51:39.784+02:00 DEBUG 7856 --- [pool-2-thread-1] c.o.tourguide.service.RewardsService     : Checking if the user 37c34f79-a28d-4243-8ab7-1438590b02d3 already get close from San Diego Zoo
2023-09-27T16:51:39.784+02:00 DEBUG 7856 --- [pool-2-thread-1] c.o.tourguide.service.RewardsService     : Calculate distance between -117.149048/32.735317 and 166.55734031729583/72.18087327811665
2023-09-27T16:51:39.784+02:00 DEBUG 7856 --- [pool-2-thread-1] c.o.tourguide.service.RewardsService     : Checking if the user 37c34f79-a28d-4243-8ab7-1438590b02d3 already get close from Zoo Tampa at Lowry Park
2023-09-27T16:51:39.784+02:00 DEBUG 7856 --- [pool-2-thread-1] c.o.tourguide.service.RewardsService     : Calculate distance between -82.469269/28.012804 and 166.55734031729583/72.18087327811665
2023-09-27T16:51:39.784+02:00 DEBUG 7856 --- [pool-2-thread-1] c.o.tourguide.service.RewardsService     : Checking if the user 37c34f79-a28d-4243-8ab7-1438590b02d3 already get close from Franklin Park Zoo
2023-09-27T16:51:39.784+02:00 DEBUG 7856 --- [pool-2-thread-1] c.o.tourguide.service.RewardsService     : Calculate distance between -71.086731/42.302601 and 166.55734031729583/72.18087327811665
2023-09-27T16:51:39.784+02:00 DEBUG 7856 --- [pool-2-thread-1] c.o.tourguide.service.RewardsService     : Checking if the user 37c34f79-a28d-4243-8ab7-1438590b02d3 already get close from El Paso Zoo
2023-09-27T16:51:39.784+02:00 DEBUG 7856 --- [pool-2-thread-1] c.o.tourguide.service.RewardsService     : Calculate distance between -106.44487/31.769125 and 166.55734031729583/72.18087327811665
2023-09-27T16:51:39.784+02:00 DEBUG 7856 --- [pool-2-thread-1] c.o.tourguide.service.RewardsService     : Checking if the user 37c34f79-a28d-4243-8ab7-1438590b02d3 already get close from Kansas City Zoo
2023-09-27T16:51:39.784+02:00 DEBUG 7856 --- [pool-2-thread-1] c.o.tourguide.service.RewardsService     : Calculate distance between -94.529625/39.007504 and 166.55734031729583/72.18087327811665
2023-09-27T16:51:39.784+02:00 DEBUG 7856 --- [pool-2-thread-1] c.o.tourguide.service.RewardsService     : Checking if the user 37c34f79-a28d-4243-8ab7-1438590b02d3 already get close from Bronx Zoo
2023-09-27T16:51:39.784+02:00 DEBUG 7856 --- [pool-2-thread-1] c.o.tourguide.service.RewardsService     : Calculate distance between -73.872971/40.852905 and 166.55734031729583/72.18087327811665
2023-09-27T16:51:39.784+02:00 DEBUG 7856 --- [pool-2-thread-1] c.o.tourguide.service.RewardsService     : Checking if the user 37c34f79-a28d-4243-8ab7-1438590b02d3 already get close from Cinderella Castle
2023-09-27T16:51:39.784+02:00 DEBUG 7856 --- [pool-2-thread-1] c.o.tourguide.service.RewardsService     : Calculate distance between -81.5812/28.419411 and 166.55734031729583/72.18087327811665
2023-09-27T16:51:39.784+02:00 DEBUG 7856 --- [pool-2-thread-1] c.o.tourguide.service.RewardsService     : Checking if the user 37c34f79-a28d-4243-8ab7-1438590b02d3 already get close from Disneyland
2023-09-27T16:51:39.784+02:00 DEBUG 7856 --- [pool-2-thread-1] c.o.tourguide.service.RewardsService     : Calculate distance between -117.922008/33.817595 and -170.017775/48.013508
2023-09-27T16:51:39.784+02:00 DEBUG 7856 --- [pool-2-thread-1] c.o.tourguide.service.RewardsService     : Checking if the user 37c34f79-a28d-4243-8ab7-1438590b02d3 already get close from Jackson Hole
2023-09-27T16:51:39.784+02:00 DEBUG 7856 --- [pool-2-thread-1] c.o.tourguide.service.RewardsService     : Calculate distance between -110.821999/43.582767 and -170.017775/48.013508
2023-09-27T16:51:39.784+02:00 DEBUG 7856 --- [pool-2-thread-1] c.o.tourguide.service.RewardsService     : Checking if the user 37c34f79-a28d-4243-8ab7-1438590b02d3 already get close from Mojave National Preserve
2023-09-27T16:51:39.784+02:00 DEBUG 7856 --- [pool-2-thread-1] c.o.tourguide.service.RewardsService     : Calculate distance between -115.510399/35.141689 and -170.017775/48.013508
2023-09-27T16:51:39.784+02:00 DEBUG 7856 --- [pool-2-thread-1] c.o.tourguide.service.RewardsService     : Checking if the user 37c34f79-a28d-4243-8ab7-1438590b02d3 already get close from Joshua Tree National Park
2023-09-27T16:51:39.784+02:00 DEBUG 7856 --- [pool-2-thread-1] c.o.tourguide.service.RewardsService     : Calculate distance between -115.90065/33.881866 and -170.017775/48.013508
2023-09-27T16:51:39.784+02:00 DEBUG 7856 --- [pool-2-thread-1] c.o.tourguide.service.RewardsService     : Checking if the user 37c34f79-a28d-4243-8ab7-1438590b02d3 already get close from Buffalo National River
2023-09-27T16:51:39.784+02:00 DEBUG 7856 --- [pool-2-thread-1] c.o.tourguide.service.RewardsService     : Calculate distance between -92.757652/35.985512 and -170.017775/48.013508
2023-09-27T16:51:39.784+02:00 DEBUG 7856 --- [pool-2-thread-1] c.o.tourguide.service.RewardsService     : Checking if the user 37c34f79-a28d-4243-8ab7-1438590b02d3 already get close from Hot Springs National Park
2023-09-27T16:51:39.785+02:00 DEBUG 7856 --- [pool-2-thread-1] c.o.tourguide.service.RewardsService     : Calculate distance between -93.042267/34.52153 and -170.017775/48.013508
2023-09-27T16:51:39.785+02:00 DEBUG 7856 --- [pool-2-thread-1] c.o.tourguide.service.RewardsService     : Checking if the user 37c34f79-a28d-4243-8ab7-1438590b02d3 already get close from Kartchner Caverns State Park
2023-09-27T16:51:39.785+02:00 DEBUG 7856 --- [pool-2-thread-1] c.o.tourguide.service.RewardsService     : Calculate distance between -110.347382/31.837551 and -170.017775/48.013508
2023-09-27T16:51:39.785+02:00 DEBUG 7856 --- [pool-2-thread-1] c.o.tourguide.service.RewardsService     : Checking if the user 37c34f79-a28d-4243-8ab7-1438590b02d3 already get close from Legend Valley
2023-09-27T16:51:39.785+02:00 DEBUG 7856 --- [pool-2-thread-1] c.o.tourguide.service.RewardsService     : Calculate distance between -82.40667/39.937778 and -170.017775/48.013508
2023-09-27T16:51:39.785+02:00 DEBUG 7856 --- [pool-2-thread-1] c.o.tourguide.service.RewardsService     : Checking if the user 37c34f79-a28d-4243-8ab7-1438590b02d3 already get close from Flowers Bakery of London
2023-09-27T16:51:39.785+02:00 DEBUG 7856 --- [pool-2-thread-1] c.o.tourguide.service.RewardsService     : Calculate distance between -84.07486/37.131527 and -170.017775/48.013508
2023-09-27T16:51:39.785+02:00 DEBUG 7856 --- [pool-2-thread-1] c.o.tourguide.service.RewardsService     : Checking if the user 37c34f79-a28d-4243-8ab7-1438590b02d3 already get close from McKinley Tower
2023-09-27T16:51:39.785+02:00 DEBUG 7856 --- [pool-2-thread-1] c.o.tourguide.service.RewardsService     : Calculate distance between -149.877502/61.218887 and -170.017775/48.013508
2023-09-27T16:51:39.785+02:00 DEBUG 7856 --- [pool-2-thread-1] c.o.tourguide.service.RewardsService     : Checking if the user 37c34f79-a28d-4243-8ab7-1438590b02d3 already get close from Flatiron Building
2023-09-27T16:51:39.785+02:00 DEBUG 7856 --- [pool-2-thread-1] c.o.tourguide.service.RewardsService     : Calculate distance between -73.989723/40.741112 and -170.017775/48.013508
2023-09-27T16:51:39.785+02:00 DEBUG 7856 --- [pool-2-thread-1] c.o.tourguide.service.RewardsService     : Checking if the user 37c34f79-a28d-4243-8ab7-1438590b02d3 already get close from Fallingwater
2023-09-27T16:51:39.785+02:00 DEBUG 7856 --- [pool-2-thread-1] c.o.tourguide.service.RewardsService     : Calculate distance between -79.468056/39.906113 and -170.017775/48.013508
2023-09-27T16:51:39.785+02:00 DEBUG 7856 --- [pool-2-thread-1] c.o.tourguide.service.RewardsService     : Checking if the user 37c34f79-a28d-4243-8ab7-1438590b02d3 already get close from Union Station
2023-09-27T16:51:39.785+02:00 DEBUG 7856 --- [pool-2-thread-1] c.o.tourguide.service.RewardsService     : Calculate distance between -77.006332/38.897095 and -170.017775/48.013508
2023-09-27T16:51:39.785+02:00 DEBUG 7856 --- [pool-2-thread-1] c.o.tourguide.service.RewardsService     : Checking if the user 37c34f79-a28d-4243-8ab7-1438590b02d3 already get close from Roger Dean Stadium
2023-09-27T16:51:39.785+02:00 DEBUG 7856 --- [pool-2-thread-1] c.o.tourguide.service.RewardsService     : Calculate distance between -80.116577/26.890959 and -170.017775/48.013508
2023-09-27T16:51:39.785+02:00 DEBUG 7856 --- [pool-2-thread-1] c.o.tourguide.service.RewardsService     : Checking if the user 37c34f79-a28d-4243-8ab7-1438590b02d3 already get close from Texas Memorial Stadium
2023-09-27T16:51:39.785+02:00 DEBUG 7856 --- [pool-2-thread-1] c.o.tourguide.service.RewardsService     : Calculate distance between -97.732536/30.283682 and -170.017775/48.013508
2023-09-27T16:51:39.785+02:00 DEBUG 7856 --- [pool-2-thread-1] c.o.tourguide.service.RewardsService     : Checking if the user 37c34f79-a28d-4243-8ab7-1438590b02d3 already get close from Bryant-Denny Stadium
2023-09-27T16:51:39.785+02:00 DEBUG 7856 --- [pool-2-thread-1] c.o.tourguide.service.RewardsService     : Calculate distance between -87.550438/33.208973 and -170.017775/48.013508
2023-09-27T16:51:39.785+02:00 DEBUG 7856 --- [pool-2-thread-1] c.o.tourguide.service.RewardsService     : Checking if the user 37c34f79-a28d-4243-8ab7-1438590b02d3 already get close from Tiger Stadium
2023-09-27T16:51:39.785+02:00 DEBUG 7856 --- [pool-2-thread-1] c.o.tourguide.service.RewardsService     : Calculate distance between -91.183815/30.412035 and -170.017775/48.013508
2023-09-27T16:51:39.785+02:00 DEBUG 7856 --- [pool-2-thread-1] c.o.tourguide.service.RewardsService     : Checking if the user 37c34f79-a28d-4243-8ab7-1438590b02d3 already get close from Neyland Stadium
2023-09-27T16:51:39.785+02:00 DEBUG 7856 --- [pool-2-thread-1] c.o.tourguide.service.RewardsService     : Calculate distance between -83.925011/35.955013 and -170.017775/48.013508
2023-09-27T16:51:39.785+02:00 DEBUG 7856 --- [pool-2-thread-1] c.o.tourguide.service.RewardsService     : Checking if the user 37c34f79-a28d-4243-8ab7-1438590b02d3 already get close from Kyle Field
2023-09-27T16:51:39.785+02:00 DEBUG 7856 --- [pool-2-thread-1] c.o.tourguide.service.RewardsService     : Calculate distance between -96.339844/30.61025 and -170.017775/48.013508
2023-09-27T16:51:39.785+02:00 DEBUG 7856 --- [pool-2-thread-1] c.o.tourguide.service.RewardsService     : Checking if the user 37c34f79-a28d-4243-8ab7-1438590b02d3 already get close from San Diego Zoo
2023-09-27T16:51:39.785+02:00 DEBUG 7856 --- [pool-2-thread-1] c.o.tourguide.service.RewardsService     : Calculate distance between -117.149048/32.735317 and -170.017775/48.013508
2023-09-27T16:51:39.785+02:00 DEBUG 7856 --- [pool-2-thread-1] c.o.tourguide.service.RewardsService     : Checking if the user 37c34f79-a28d-4243-8ab7-1438590b02d3 already get close from Zoo Tampa at Lowry Park
2023-09-27T16:51:39.785+02:00 DEBUG 7856 --- [pool-2-thread-1] c.o.tourguide.service.RewardsService     : Calculate distance between -82.469269/28.012804 and -170.017775/48.013508
2023-09-27T16:51:39.785+02:00 DEBUG 7856 --- [pool-2-thread-1] c.o.tourguide.service.RewardsService     : Checking if the user 37c34f79-a28d-4243-8ab7-1438590b02d3 already get close from Franklin Park Zoo
2023-09-27T16:51:39.785+02:00 DEBUG 7856 --- [pool-2-thread-1] c.o.tourguide.service.RewardsService     : Calculate distance between -71.086731/42.302601 and -170.017775/48.013508
2023-09-27T16:51:39.785+02:00 DEBUG 7856 --- [pool-2-thread-1] c.o.tourguide.service.RewardsService     : Checking if the user 37c34f79-a28d-4243-8ab7-1438590b02d3 already get close from El Paso Zoo
2023-09-27T16:51:39.785+02:00 DEBUG 7856 --- [pool-2-thread-1] c.o.tourguide.service.RewardsService     : Calculate distance between -106.44487/31.769125 and -170.017775/48.013508
2023-09-27T16:51:39.785+02:00 DEBUG 7856 --- [pool-2-thread-1] c.o.tourguide.service.RewardsService     : Checking if the user 37c34f79-a28d-4243-8ab7-1438590b02d3 already get close from Kansas City Zoo
2023-09-27T16:51:39.785+02:00 DEBUG 7856 --- [pool-2-thread-1] c.o.tourguide.service.RewardsService     : Calculate distance between -94.529625/39.007504 and -170.017775/48.013508
2023-09-27T16:51:39.785+02:00 DEBUG 7856 --- [pool-2-thread-1] c.o.tourguide.service.RewardsService     : Checking if the user 37c34f79-a28d-4243-8ab7-1438590b02d3 already get close from Bronx Zoo
2023-09-27T16:51:39.785+02:00 DEBUG 7856 --- [pool-2-thread-1] c.o.tourguide.service.RewardsService     : Calculate distance between -73.872971/40.852905 and -170.017775/48.013508
2023-09-27T16:51:39.785+02:00 DEBUG 7856 --- [pool-2-thread-1] c.o.tourguide.service.RewardsService     : Checking if the user 37c34f79-a28d-4243-8ab7-1438590b02d3 already get close from Cinderella Castle
2023-09-27T16:51:39.785+02:00 DEBUG 7856 --- [pool-2-thread-1] c.o.tourguide.service.RewardsService     : Calculate distance between -81.5812/28.419411 and -170.017775/48.013508
2023-09-27T16:51:39.785+02:00 DEBUG 7856 --- [pool-2-thread-1] c.o.tourguide.service.RewardsService     : Checking if the user 37c34f79-a28d-4243-8ab7-1438590b02d3 already get close from Disneyland
2023-09-27T16:51:39.785+02:00 DEBUG 7856 --- [pool-2-thread-1] c.o.tourguide.service.RewardsService     : Calculate distance between -117.922008/33.817595 and -20.48565/37.447537
2023-09-27T16:51:39.785+02:00 DEBUG 7856 --- [pool-2-thread-1] c.o.tourguide.service.RewardsService     : Checking if the user 37c34f79-a28d-4243-8ab7-1438590b02d3 already get close from Jackson Hole
2023-09-27T16:51:39.785+02:00 DEBUG 7856 --- [pool-2-thread-1] c.o.tourguide.service.RewardsService     : Calculate distance between -110.821999/43.582767 and -20.48565/37.447537
2023-09-27T16:51:39.785+02:00 DEBUG 7856 --- [pool-2-thread-1] c.o.tourguide.service.RewardsService     : Checking if the user 37c34f79-a28d-4243-8ab7-1438590b02d3 already get close from Mojave National Preserve
2023-09-27T16:51:39.785+02:00 DEBUG 7856 --- [pool-2-thread-1] c.o.tourguide.service.RewardsService     : Calculate distance between -115.510399/35.141689 and -20.48565/37.447537
2023-09-27T16:51:39.785+02:00 DEBUG 7856 --- [pool-2-thread-1] c.o.tourguide.service.RewardsService     : Checking if the user 37c34f79-a28d-4243-8ab7-1438590b02d3 already get close from Joshua Tree National Park
2023-09-27T16:51:39.785+02:00 DEBUG 7856 --- [pool-2-thread-1] c.o.tourguide.service.RewardsService     : Calculate distance between -115.90065/33.881866 and -20.48565/37.447537
2023-09-27T16:51:39.785+02:00 DEBUG 7856 --- [pool-2-thread-1] c.o.tourguide.service.RewardsService     : Checking if the user 37c34f79-a28d-4243-8ab7-1438590b02d3 already get close from Buffalo National River
2023-09-27T16:51:39.785+02:00 DEBUG 7856 --- [pool-2-thread-1] c.o.tourguide.service.RewardsService     : Calculate distance between -92.757652/35.985512 and -20.48565/37.447537
2023-09-27T16:51:39.785+02:00 DEBUG 7856 --- [pool-2-thread-1] c.o.tourguide.service.RewardsService     : Checking if the user 37c34f79-a28d-4243-8ab7-1438590b02d3 already get close from Hot Springs National Park
2023-09-27T16:51:39.785+02:00 DEBUG 7856 --- [pool-2-thread-1] c.o.tourguide.service.RewardsService     : Calculate distance between -93.042267/34.52153 and -20.48565/37.447537
2023-09-27T16:51:39.785+02:00 DEBUG 7856 --- [pool-2-thread-1] c.o.tourguide.service.RewardsService     : Checking if the user 37c34f79-a28d-4243-8ab7-1438590b02d3 already get close from Kartchner Caverns State Park
2023-09-27T16:51:39.785+02:00 DEBUG 7856 --- [pool-2-thread-1] c.o.tourguide.service.RewardsService     : Calculate distance between -110.347382/31.837551 and -20.48565/37.447537
2023-09-27T16:51:39.785+02:00 DEBUG 7856 --- [pool-2-thread-1] c.o.tourguide.service.RewardsService     : Checking if the user 37c34f79-a28d-4243-8ab7-1438590b02d3 already get close from Legend Valley
2023-09-27T16:51:39.785+02:00 DEBUG 7856 --- [pool-2-thread-1] c.o.tourguide.service.RewardsService     : Calculate distance between -82.40667/39.937778 and -20.48565/37.447537
2023-09-27T16:51:39.785+02:00 DEBUG 7856 --- [pool-2-thread-1] c.o.tourguide.service.RewardsService     : Checking if the user 37c34f79-a28d-4243-8ab7-1438590b02d3 already get close from Flowers Bakery of London
2023-09-27T16:51:39.785+02:00 DEBUG 7856 --- [pool-2-thread-1] c.o.tourguide.service.RewardsService     : Calculate distance between -84.07486/37.131527 and -20.48565/37.447537
2023-09-27T16:51:39.785+02:00 DEBUG 7856 --- [pool-2-thread-1] c.o.tourguide.service.RewardsService     : Checking if the user 37c34f79-a28d-4243-8ab7-1438590b02d3 already get close from McKinley Tower
2023-09-27T16:51:39.785+02:00 DEBUG 7856 --- [pool-2-thread-1] c.o.tourguide.service.RewardsService     : Calculate distance between -149.877502/61.218887 and -20.48565/37.447537
2023-09-27T16:51:39.785+02:00 DEBUG 7856 --- [pool-2-thread-1] c.o.tourguide.service.RewardsService     : Checking if the user 37c34f79-a28d-4243-8ab7-1438590b02d3 already get close from Flatiron Building
2023-09-27T16:51:39.785+02:00 DEBUG 7856 --- [pool-2-thread-1] c.o.tourguide.service.RewardsService     : Calculate distance between -73.989723/40.741112 and -20.48565/37.447537
2023-09-27T16:51:39.785+02:00 DEBUG 7856 --- [pool-2-thread-1] c.o.tourguide.service.RewardsService     : Checking if the user 37c34f79-a28d-4243-8ab7-1438590b02d3 already get close from Fallingwater
2023-09-27T16:51:39.785+02:00 DEBUG 7856 --- [pool-2-thread-1] c.o.tourguide.service.RewardsService     : Calculate distance between -79.468056/39.906113 and -20.48565/37.447537
2023-09-27T16:51:39.785+02:00 DEBUG 7856 --- [pool-2-thread-1] c.o.tourguide.service.RewardsService     : Checking if the user 37c34f79-a28d-4243-8ab7-1438590b02d3 already get close from Union Station
2023-09-27T16:51:39.785+02:00 DEBUG 7856 --- [pool-2-thread-1] c.o.tourguide.service.RewardsService     : Calculate distance between -77.006332/38.897095 and -20.48565/37.447537
2023-09-27T16:51:39.785+02:00 DEBUG 7856 --- [pool-2-thread-1] c.o.tourguide.service.RewardsService     : Checking if the user 37c34f79-a28d-4243-8ab7-1438590b02d3 already get close from Roger Dean Stadium
2023-09-27T16:51:39.785+02:00 DEBUG 7856 --- [pool-2-thread-1] c.o.tourguide.service.RewardsService     : Calculate distance between -80.116577/26.890959 and -20.48565/37.447537
2023-09-27T16:51:39.785+02:00 DEBUG 7856 --- [pool-2-thread-1] c.o.tourguide.service.RewardsService     : Checking if the user 37c34f79-a28d-4243-8ab7-1438590b02d3 already get close from Texas Memorial Stadium
2023-09-27T16:51:39.785+02:00 DEBUG 7856 --- [pool-2-thread-1] c.o.tourguide.service.RewardsService     : Calculate distance between -97.732536/30.283682 and -20.48565/37.447537
2023-09-27T16:51:39.785+02:00 DEBUG 7856 --- [pool-2-thread-1] c.o.tourguide.service.RewardsService     : Checking if the user 37c34f79-a28d-4243-8ab7-1438590b02d3 already get close from Bryant-Denny Stadium
2023-09-27T16:51:39.785+02:00 DEBUG 7856 --- [pool-2-thread-1] c.o.tourguide.service.RewardsService     : Calculate distance between -87.550438/33.208973 and -20.48565/37.447537
2023-09-27T16:51:39.785+02:00 DEBUG 7856 --- [pool-2-thread-1] c.o.tourguide.service.RewardsService     : Checking if the user 37c34f79-a28d-4243-8ab7-1438590b02d3 already get close from Tiger Stadium
2023-09-27T16:51:39.785+02:00 DEBUG 7856 --- [pool-2-thread-1] c.o.tourguide.service.RewardsService     : Calculate distance between -91.183815/30.412035 and -20.48565/37.447537
2023-09-27T16:51:39.785+02:00 DEBUG 7856 --- [pool-2-thread-1] c.o.tourguide.service.RewardsService     : Checking if the user 37c34f79-a28d-4243-8ab7-1438590b02d3 already get close from Neyland Stadium
2023-09-27T16:51:39.785+02:00 DEBUG 7856 --- [pool-2-thread-1] c.o.tourguide.service.RewardsService     : Calculate distance between -83.925011/35.955013 and -20.48565/37.447537
2023-09-27T16:51:39.785+02:00 DEBUG 7856 --- [pool-2-thread-1] c.o.tourguide.service.RewardsService     : Checking if the user 37c34f79-a28d-4243-8ab7-1438590b02d3 already get close from Kyle Field
2023-09-27T16:51:39.785+02:00 DEBUG 7856 --- [pool-2-thread-1] c.o.tourguide.service.RewardsService     : Calculate distance between -96.339844/30.61025 and -20.48565/37.447537
2023-09-27T16:51:39.785+02:00 DEBUG 7856 --- [pool-2-thread-1] c.o.tourguide.service.RewardsService     : Checking if the user 37c34f79-a28d-4243-8ab7-1438590b02d3 already get close from San Diego Zoo
2023-09-27T16:51:39.785+02:00 DEBUG 7856 --- [pool-2-thread-1] c.o.tourguide.service.RewardsService     : Calculate distance between -117.149048/32.735317 and -20.48565/37.447537
2023-09-27T16:51:39.785+02:00 DEBUG 7856 --- [pool-2-thread-1] c.o.tourguide.service.RewardsService     : Checking if the user 37c34f79-a28d-4243-8ab7-1438590b02d3 already get close from Zoo Tampa at Lowry Park
2023-09-27T16:51:39.785+02:00 DEBUG 7856 --- [pool-2-thread-1] c.o.tourguide.service.RewardsService     : Calculate distance between -82.469269/28.012804 and -20.48565/37.447537
2023-09-27T16:51:39.785+02:00 DEBUG 7856 --- [pool-2-thread-1] c.o.tourguide.service.RewardsService     : Checking if the user 37c34f79-a28d-4243-8ab7-1438590b02d3 already get close from Franklin Park Zoo
2023-09-27T16:51:39.785+02:00 DEBUG 7856 --- [pool-2-thread-1] c.o.tourguide.service.RewardsService     : Calculate distance between -71.086731/42.302601 and -20.48565/37.447537
2023-09-27T16:51:39.785+02:00 DEBUG 7856 --- [pool-2-thread-1] c.o.tourguide.service.RewardsService     : Checking if the user 37c34f79-a28d-4243-8ab7-1438590b02d3 already get close from El Paso Zoo
2023-09-27T16:51:39.785+02:00 DEBUG 7856 --- [pool-2-thread-1] c.o.tourguide.service.RewardsService     : Calculate distance between -106.44487/31.769125 and -20.48565/37.447537
2023-09-27T16:51:39.785+02:00 DEBUG 7856 --- [pool-2-thread-1] c.o.tourguide.service.RewardsService     : Checking if the user 37c34f79-a28d-4243-8ab7-1438590b02d3 already get close from Kansas City Zoo
2023-09-27T16:51:39.785+02:00 DEBUG 7856 --- [pool-2-thread-1] c.o.tourguide.service.RewardsService     : Calculate distance between -94.529625/39.007504 and -20.48565/37.447537
2023-09-27T16:51:39.785+02:00 DEBUG 7856 --- [pool-2-thread-1] c.o.tourguide.service.RewardsService     : Checking if the user 37c34f79-a28d-4243-8ab7-1438590b02d3 already get close from Bronx Zoo
2023-09-27T16:51:39.785+02:00 DEBUG 7856 --- [pool-2-thread-1] c.o.tourguide.service.RewardsService     : Calculate distance between -73.872971/40.852905 and -20.48565/37.447537
2023-09-27T16:51:39.785+02:00 DEBUG 7856 --- [pool-2-thread-1] c.o.tourguide.service.RewardsService     : Checking if the user 37c34f79-a28d-4243-8ab7-1438590b02d3 already get close from Cinderella Castle
2023-09-27T16:51:39.785+02:00 DEBUG 7856 --- [pool-2-thread-1] c.o.tourguide.service.RewardsService     : Calculate distance between -81.5812/28.419411 and -20.48565/37.447537
2023-09-27T16:51:39.785+02:00 DEBUG 7856 --- [pool-2-thread-1] c.o.tourguide.service.RewardsService     : Trying to add 0 rewards
2023-09-27T16:51:39.829+02:00  INFO 7856 --- [pool-2-thread-1] c.o.tourguide.service.TourGuideService   : Adding the current location to the user internalUser6478
2023-09-27T16:51:39.829+02:00 DEBUG 7856 --- [pool-2-thread-1] c.o.tourguide.service.RewardsService     : calculate reward for internalUser6478 on his 5 known locations
2023-09-27T16:51:39.842+02:00 DEBUG 7856 --- [pool-2-thread-1] c.o.tourguide.service.RewardsService     : Checking if the user ffc1b6be-8397-4049-9653-6f79da6cce36 already get close from Disneyland
2023-09-27T16:51:39.842+02:00 DEBUG 7856 --- [pool-2-thread-1] c.o.tourguide.service.RewardsService     : Calculate distance between -117.922008/33.817595 and -26.5216840355709/-3.1461917859627277
2023-09-27T16:51:39.842+02:00 DEBUG 7856 --- [pool-2-thread-1] c.o.tourguide.service.RewardsService     : Checking if the user ffc1b6be-8397-4049-9653-6f79da6cce36 already get close from Jackson Hole
2023-09-27T16:51:39.842+02:00 DEBUG 7856 --- [pool-2-thread-1] c.o.tourguide.service.RewardsService     : Calculate distance between -110.821999/43.582767 and -26.5216840355709/-3.1461917859627277
2023-09-27T16:51:39.842+02:00 DEBUG 7856 --- [pool-2-thread-1] c.o.tourguide.service.RewardsService     : Checking if the user ffc1b6be-8397-4049-9653-6f79da6cce36 already get close from Mojave National Preserve
2023-09-27T16:51:39.842+02:00 DEBUG 7856 --- [pool-2-thread-1] c.o.tourguide.service.RewardsService     : Calculate distance between -115.510399/35.141689 and -26.5216840355709/-3.1461917859627277
2023-09-27T16:51:39.842+02:00 DEBUG 7856 --- [pool-2-thread-1] c.o.tourguide.service.RewardsService     : Checking if the user ffc1b6be-8397-4049-9653-6f79da6cce36 already get close from Joshua Tree National Park
2023-09-27T16:51:39.842+02:00 DEBUG 7856 --- [pool-2-thread-1] c.o.tourguide.service.RewardsService     : Calculate distance between -115.90065/33.881866 and -26.5216840355709/-3.1461917859627277
2023-09-27T16:51:39.842+02:00 DEBUG 7856 --- [pool-2-thread-1] c.o.tourguide.service.RewardsService     : Checking if the user ffc1b6be-8397-4049-9653-6f79da6cce36 already get close from Buffalo National River
2023-09-27T16:51:39.842+02:00 DEBUG 7856 --- [pool-2-thread-1] c.o.tourguide.service.RewardsService     : Calculate distance between -92.757652/35.985512 and -26.5216840355709/-3.1461917859627277
2023-09-27T16:51:39.842+02:00 DEBUG 7856 --- [pool-2-thread-1] c.o.tourguide.service.RewardsService     : Checking if the user ffc1b6be-8397-4049-9653-6f79da6cce36 already get close from Hot Springs National Park
2023-09-27T16:51:39.842+02:00 DEBUG 7856 --- [pool-2-thread-1] c.o.tourguide.service.RewardsService     : Calculate distance between -93.042267/34.52153 and -26.5216840355709/-3.1461917859627277
2023-09-27T16:51:39.842+02:00 DEBUG 7856 --- [pool-2-thread-1] c.o.tourguide.service.RewardsService     : Checking if the user ffc1b6be-8397-4049-9653-6f79da6cce36 already get close from Kartchner Caverns State Park
2023-09-27T16:51:39.842+02:00 DEBUG 7856 --- [pool-2-thread-1] c.o.tourguide.service.RewardsService     : Calculate distance between -110.347382/31.837551 and -26.5216840355709/-3.1461917859627277
2023-09-27T16:51:39.842+02:00 DEBUG 7856 --- [pool-2-thread-1] c.o.tourguide.service.RewardsService     : Checking if the user ffc1b6be-8397-4049-9653-6f79da6cce36 already get close from Legend Valley
2023-09-27T16:51:39.842+02:00 DEBUG 7856 --- [pool-2-thread-1] c.o.tourguide.service.RewardsService     : Calculate distance between -82.40667/39.937778 and -26.5216840355709/-3.1461917859627277
2023-09-27T16:51:39.842+02:00 DEBUG 7856 --- [pool-2-thread-1] c.o.tourguide.service.RewardsService     : Checking if the user ffc1b6be-8397-4049-9653-6f79da6cce36 already get close from Flowers Bakery of London
2023-09-27T16:51:39.842+02:00 DEBUG 7856 --- [pool-2-thread-1] c.o.tourguide.service.RewardsService     : Calculate distance between -84.07486/37.131527 and -26.5216840355709/-3.1461917859627277
2023-09-27T16:51:39.842+02:00 DEBUG 7856 --- [pool-2-thread-1] c.o.tourguide.service.RewardsService     : Checking if the user ffc1b6be-8397-4049-9653-6f79da6cce36 already get close from McKinley Tower
2023-09-27T16:51:39.842+02:00 DEBUG 7856 --- [pool-2-thread-1] c.o.tourguide.service.RewardsService     : Calculate distance between -149.877502/61.218887 and -26.5216840355709/-3.1461917859627277
2023-09-27T16:51:39.842+02:00 DEBUG 7856 --- [pool-2-thread-1] c.o.tourguide.service.RewardsService     : Checking if the user ffc1b6be-8397-4049-9653-6f79da6cce36 already get close from Flatiron Building
2023-09-27T16:51:39.842+02:00 DEBUG 7856 --- [pool-2-thread-1] c.o.tourguide.service.RewardsService     : Calculate distance between -73.989723/40.741112 and -26.5216840355709/-3.1461917859627277
2023-09-27T16:51:39.842+02:00 DEBUG 7856 --- [pool-2-thread-1] c.o.tourguide.service.RewardsService     : Checking if the user ffc1b6be-8397-4049-9653-6f79da6cce36 already get close from Fallingwater
2023-09-27T16:51:39.842+02:00 DEBUG 7856 --- [pool-2-thread-1] c.o.tourguide.service.RewardsService     : Calculate distance between -79.468056/39.906113 and -26.5216840355709/-3.1461917859627277
2023-09-27T16:51:39.842+02:00 DEBUG 7856 --- [pool-2-thread-1] c.o.tourguide.service.RewardsService     : Checking if the user ffc1b6be-8397-4049-9653-6f79da6cce36 already get close from Union Station
2023-09-27T16:51:39.842+02:00 DEBUG 7856 --- [pool-2-thread-1] c.o.tourguide.service.RewardsService     : Calculate distance between -77.006332/38.897095 and -26.5216840355709/-3.1461917859627277
2023-09-27T16:51:39.842+02:00 DEBUG 7856 --- [pool-2-thread-1] c.o.tourguide.service.RewardsService     : Checking if the user ffc1b6be-8397-4049-9653-6f79da6cce36 already get close from Roger Dean Stadium
2023-09-27T16:51:39.842+02:00 DEBUG 7856 --- [pool-2-thread-1] c.o.tourguide.service.RewardsService     : Calculate distance between -80.116577/26.890959 and -26.5216840355709/-3.1461917859627277
2023-09-27T16:51:39.842+02:00 DEBUG 7856 --- [pool-2-thread-1] c.o.tourguide.service.RewardsService     : Checking if the user ffc1b6be-8397-4049-9653-6f79da6cce36 already get close from Texas Memorial Stadium
2023-09-27T16:51:39.842+02:00 DEBUG 7856 --- [pool-2-thread-1] c.o.tourguide.service.RewardsService     : Calculate distance between -97.732536/30.283682 and -26.5216840355709/-3.1461917859627277
2023-09-27T16:51:39.842+02:00 DEBUG 7856 --- [pool-2-thread-1] c.o.tourguide.service.RewardsService     : Checking if the user ffc1b6be-8397-4049-9653-6f79da6cce36 already get close from Bryant-Denny Stadium
2023-09-27T16:51:39.842+02:00 DEBUG 7856 --- [pool-2-thread-1] c.o.tourguide.service.RewardsService     : Calculate distance between -87.550438/33.208973 and -26.5216840355709/-3.1461917859627277
2023-09-27T16:51:39.842+02:00 DEBUG 7856 --- [pool-2-thread-1] c.o.tourguide.service.RewardsService     : Checking if the user ffc1b6be-8397-4049-9653-6f79da6cce36 already get close from Tiger Stadium
2023-09-27T16:51:39.842+02:00 DEBUG 7856 --- [pool-2-thread-1] c.o.tourguide.service.RewardsService     : Calculate distance between -91.183815/30.412035 and -26.5216840355709/-3.1461917859627277
2023-09-27T16:51:39.842+02:00 DEBUG 7856 --- [pool-2-thread-1] c.o.tourguide.service.RewardsService     : Checking if the user ffc1b6be-8397-4049-9653-6f79da6cce36 already get close from Neyland Stadium
2023-09-27T16:51:39.842+02:00 DEBUG 7856 --- [pool-2-thread-1] c.o.tourguide.service.RewardsService     : Calculate distance between -83.925011/35.955013 and -26.5216840355709/-3.1461917859627277
2023-09-27T16:51:39.842+02:00 DEBUG 7856 --- [pool-2-thread-1] c.o.tourguide.service.RewardsService     : Checking if the user ffc1b6be-8397-4049-9653-6f79da6cce36 already get close from Kyle Field
2023-09-27T16:51:39.842+02:00 DEBUG 7856 --- [pool-2-thread-1] c.o.tourguide.service.RewardsService     : Calculate distance between -96.339844/30.61025 and -26.5216840355709/-3.1461917859627277
2023-09-27T16:51:39.842+02:00 DEBUG 7856 --- [pool-2-thread-1] c.o.tourguide.service.RewardsService     : Checking if the user ffc1b6be-8397-4049-9653-6f79da6cce36 already get close from San Diego Zoo
2023-09-27T16:51:39.842+02:00 DEBUG 7856 --- [pool-2-thread-1] c.o.tourguide.service.RewardsService     : Calculate distance between -117.149048/32.735317 and -26.5216840355709/-3.1461917859627277
2023-09-27T16:51:39.842+02:00 DEBUG 7856 --- [pool-2-thread-1] c.o.tourguide.service.RewardsService     : Checking if the user ffc1b6be-8397-4049-9653-6f79da6cce36 already get close from Zoo Tampa at Lowry Park
2023-09-27T16:51:39.842+02:00 DEBUG 7856 --- [pool-2-thread-1] c.o.tourguide.service.RewardsService     : Calculate distance between -82.469269/28.012804 and -26.5216840355709/-3.1461917859627277
2023-09-27T16:51:39.842+02:00 DEBUG 7856 --- [pool-2-thread-1] c.o.tourguide.service.RewardsService     : Checking if the user ffc1b6be-8397-4049-9653-6f79da6cce36 already get close from Franklin Park Zoo
2023-09-27T16:51:39.842+02:00 DEBUG 7856 --- [pool-2-thread-1] c.o.tourguide.service.RewardsService     : Calculate distance between -71.086731/42.302601 and -26.5216840355709/-3.1461917859627277
2023-09-27T16:51:39.842+02:00 DEBUG 7856 --- [pool-2-thread-1] c.o.tourguide.service.RewardsService     : Checking if the user ffc1b6be-8397-4049-9653-6f79da6cce36 already get close from El Paso Zoo
2023-09-27T16:51:39.842+02:00 DEBUG 7856 --- [pool-2-thread-1] c.o.tourguide.service.RewardsService     : Calculate distance between -106.44487/31.769125 and -26.5216840355709/-3.1461917859627277
2023-09-27T16:51:39.842+02:00 DEBUG 7856 --- [pool-2-thread-1] c.o.tourguide.service.RewardsService     : Checking if the user ffc1b6be-8397-4049-9653-6f79da6cce36 already get close from Kansas City Zoo
2023-09-27T16:51:39.842+02:00 DEBUG 7856 --- [pool-2-thread-1] c.o.tourguide.service.RewardsService     : Calculate distance between -94.529625/39.007504 and -26.5216840355709/-3.1461917859627277
2023-09-27T16:51:39.842+02:00 DEBUG 7856 --- [pool-2-thread-1] c.o.tourguide.service.RewardsService     : Checking if the user ffc1b6be-8397-4049-9653-6f79da6cce36 already get close from Bronx Zoo
2023-09-27T16:51:39.842+02:00 DEBUG 7856 --- [pool-2-thread-1] c.o.tourguide.service.RewardsService     : Calculate distance between -73.872971/40.852905 and -26.5216840355709/-3.1461917859627277
2023-09-27T16:51:39.842+02:00 DEBUG 7856 --- [pool-2-thread-1] c.o.tourguide.service.RewardsService     : Checking if the user ffc1b6be-8397-4049-9653-6f79da6cce36 already get close from Cinderella Castle
2023-09-27T16:51:39.842+02:00 DEBUG 7856 --- [pool-2-thread-1] c.o.tourguide.service.RewardsService     : Calculate distance between -81.5812/28.419411 and -26.5216840355709/-3.1461917859627277
2023-09-27T16:51:39.842+02:00 DEBUG 7856 --- [pool-2-thread-1] c.o.tourguide.service.RewardsService     : Checking if the user ffc1b6be-8397-4049-9653-6f79da6cce36 already get close from Disneyland
2023-09-27T16:51:39.842+02:00 DEBUG 7856 --- [pool-2-thread-1] c.o.tourguide.service.RewardsService     : Calculate distance between -117.922008/33.817595 and 43.91084406103357/1.2321021478874883
2023-09-27T16:51:39.842+02:00 DEBUG 7856 --- [pool-2-thread-1] c.o.tourguide.service.RewardsService     : Checking if the user ffc1b6be-8397-4049-9653-6f79da6cce36 already get close from Jackson Hole
2023-09-27T16:51:39.842+02:00 DEBUG 7856 --- [pool-2-thread-1] c.o.tourguide.service.RewardsService     : Calculate distance between -110.821999/43.582767 and 43.91084406103357/1.2321021478874883
2023-09-27T16:51:39.842+02:00 DEBUG 7856 --- [pool-2-thread-1] c.o.tourguide.service.RewardsService     : Checking if the user ffc1b6be-8397-4049-9653-6f79da6cce36 already get close from Mojave National Preserve
2023-09-27T16:51:39.842+02:00 DEBUG 7856 --- [pool-2-thread-1] c.o.tourguide.service.RewardsService     : Calculate distance between -115.510399/35.141689 and 43.91084406103357/1.2321021478874883
2023-09-27T16:51:39.842+02:00 DEBUG 7856 --- [pool-2-thread-1] c.o.tourguide.service.RewardsService     : Checking if the user ffc1b6be-8397-4049-9653-6f79da6cce36 already get close from Joshua Tree National Park
2023-09-27T16:51:39.842+02:00 DEBUG 7856 --- [pool-2-thread-1] c.o.tourguide.service.RewardsService     : Calculate distance between -115.90065/33.881866 and 43.91084406103357/1.2321021478874883
2023-09-27T16:51:39.842+02:00 DEBUG 7856 --- [pool-2-thread-1] c.o.tourguide.service.RewardsService     : Checking if the user ffc1b6be-8397-4049-9653-6f79da6cce36 already get close from Buffalo National River
2023-09-27T16:51:39.842+02:00 DEBUG 7856 --- [pool-2-thread-1] c.o.tourguide.service.RewardsService     : Calculate distance between -92.757652/35.985512 and 43.91084406103357/1.2321021478874883
2023-09-27T16:51:39.842+02:00 DEBUG 7856 --- [pool-2-thread-1] c.o.tourguide.service.RewardsService     : Checking if the user ffc1b6be-8397-4049-9653-6f79da6cce36 already get close from Hot Springs National Park
2023-09-27T16:51:39.842+02:00 DEBUG 7856 --- [pool-2-thread-1] c.o.tourguide.service.RewardsService     : Calculate distance between -93.042267/34.52153 and 43.91084406103357/1.2321021478874883
2023-09-27T16:51:39.842+02:00 DEBUG 7856 --- [pool-2-thread-1] c.o.tourguide.service.RewardsService     : Checking if the user ffc1b6be-8397-4049-9653-6f79da6cce36 already get close from Kartchner Caverns State Park
2023-09-27T16:51:39.842+02:00 DEBUG 7856 --- [pool-2-thread-1] c.o.tourguide.service.RewardsService     : Calculate distance between -110.347382/31.837551 and 43.91084406103357/1.2321021478874883
2023-09-27T16:51:39.842+02:00 DEBUG 7856 --- [pool-2-thread-1] c.o.tourguide.service.RewardsService     : Checking if the user ffc1b6be-8397-4049-9653-6f79da6cce36 already get close from Legend Valley
2023-09-27T16:51:39.842+02:00 DEBUG 7856 --- [pool-2-thread-1] c.o.tourguide.service.RewardsService     : Calculate distance between -82.40667/39.937778 and 43.91084406103357/1.2321021478874883
2023-09-27T16:51:39.842+02:00 DEBUG 7856 --- [pool-2-thread-1] c.o.tourguide.service.RewardsService     : Checking if the user ffc1b6be-8397-4049-9653-6f79da6cce36 already get close from Flowers Bakery of London
2023-09-27T16:51:39.842+02:00 DEBUG 7856 --- [pool-2-thread-1] c.o.tourguide.service.RewardsService     : Calculate distance between -84.07486/37.131527 and 43.91084406103357/1.2321021478874883
2023-09-27T16:51:39.842+02:00 DEBUG 7856 --- [pool-2-thread-1] c.o.tourguide.service.RewardsService     : Checking if the user ffc1b6be-8397-4049-9653-6f79da6cce36 already get close from McKinley Tower
2023-09-27T16:51:39.842+02:00 DEBUG 7856 --- [pool-2-thread-1] c.o.tourguide.service.RewardsService     : Calculate distance between -149.877502/61.218887 and 43.91084406103357/1.2321021478874883
2023-09-27T16:51:39.842+02:00 DEBUG 7856 --- [pool-2-thread-1] c.o.tourguide.service.RewardsService     : Checking if the user ffc1b6be-8397-4049-9653-6f79da6cce36 already get close from Flatiron Building
2023-09-27T16:51:39.842+02:00 DEBUG 7856 --- [pool-2-thread-1] c.o.tourguide.service.RewardsService     : Calculate distance between -73.989723/40.741112 and 43.91084406103357/1.2321021478874883
2023-09-27T16:51:39.842+02:00 DEBUG 7856 --- [pool-2-thread-1] c.o.tourguide.service.RewardsService     : Checking if the user ffc1b6be-8397-4049-9653-6f79da6cce36 already get close from Fallingwater
2023-09-27T16:51:39.842+02:00 DEBUG 7856 --- [pool-2-thread-1] c.o.tourguide.service.RewardsService     : Calculate distance between -79.468056/39.906113 and 43.91084406103357/1.2321021478874883
2023-09-27T16:51:39.842+02:00 DEBUG 7856 --- [pool-2-thread-1] c.o.tourguide.service.RewardsService     : Checking if the user ffc1b6be-8397-4049-9653-6f79da6cce36 already get close from Union Station
2023-09-27T16:51:39.842+02:00 DEBUG 7856 --- [pool-2-thread-1] c.o.tourguide.service.RewardsService     : Calculate distance between -77.006332/38.897095 and 43.91084406103357/1.2321021478874883
2023-09-27T16:51:39.842+02:00 DEBUG 7856 --- [pool-2-thread-1] c.o.tourguide.service.RewardsService     : Checking if the user ffc1b6be-8397-4049-9653-6f79da6cce36 already get close from Roger Dean Stadium
2023-09-27T16:51:39.842+02:00 DEBUG 7856 --- [pool-2-thread-1] c.o.tourguide.service.RewardsService     : Calculate distance between -80.116577/26.890959 and 43.91084406103357/1.2321021478874883
2023-09-27T16:51:39.842+02:00 DEBUG 7856 --- [pool-2-thread-1] c.o.tourguide.service.RewardsService     : Checking if the user ffc1b6be-8397-4049-9653-6f79da6cce36 already get close from Texas Memorial Stadium
2023-09-27T16:51:39.842+02:00 DEBUG 7856 --- [pool-2-thread-1] c.o.tourguide.service.RewardsService     : Calculate distance between -97.732536/30.283682 and 43.91084406103357/1.2321021478874883
2023-09-27T16:51:39.842+02:00 DEBUG 7856 --- [pool-2-thread-1] c.o.tourguide.service.RewardsService     : Checking if the user ffc1b6be-8397-4049-9653-6f79da6cce36 already get close from Bryant-Denny Stadium
2023-09-27T16:51:39.842+02:00 DEBUG 7856 --- [pool-2-thread-1] c.o.tourguide.service.RewardsService     : Calculate distance between -87.550438/33.208973 and 43.91084406103357/1.2321021478874883
2023-09-27T16:51:39.843+02:00 DEBUG 7856 --- [pool-2-thread-1] c.o.tourguide.service.RewardsService     : Checking if the user ffc1b6be-8397-4049-9653-6f79da6cce36 already get close from Tiger Stadium
2023-09-27T16:51:39.843+02:00 DEBUG 7856 --- [pool-2-thread-1] c.o.tourguide.service.RewardsService     : Calculate distance between -91.183815/30.412035 and 43.91084406103357/1.2321021478874883
2023-09-27T16:51:39.843+02:00 DEBUG 7856 --- [pool-2-thread-1] c.o.tourguide.service.RewardsService     : Checking if the user ffc1b6be-8397-4049-9653-6f79da6cce36 already get close from Neyland Stadium
2023-09-27T16:51:39.843+02:00 DEBUG 7856 --- [pool-2-thread-1] c.o.tourguide.service.RewardsService     : Calculate distance between -83.925011/35.955013 and 43.91084406103357/1.2321021478874883
2023-09-27T16:51:39.843+02:00 DEBUG 7856 --- [pool-2-thread-1] c.o.tourguide.service.RewardsService     : Checking if the user ffc1b6be-8397-4049-9653-6f79da6cce36 already get close from Kyle Field
2023-09-27T16:51:39.843+02:00 DEBUG 7856 --- [pool-2-thread-1] c.o.tourguide.service.RewardsService     : Calculate distance between -96.339844/30.61025 and 43.91084406103357/1.2321021478874883
2023-09-27T16:51:39.843+02:00 DEBUG 7856 --- [pool-2-thread-1] c.o.tourguide.service.RewardsService     : Checking if the user ffc1b6be-8397-4049-9653-6f79da6cce36 already get close from San Diego Zoo
2023-09-27T16:51:39.843+02:00 DEBUG 7856 --- [pool-2-thread-1] c.o.tourguide.service.RewardsService     : Calculate distance between -117.149048/32.735317 and 43.91084406103357/1.2321021478874883
2023-09-27T16:51:39.843+02:00 DEBUG 7856 --- [pool-2-thread-1] c.o.tourguide.service.RewardsService     : Checking if the user ffc1b6be-8397-4049-9653-6f79da6cce36 already get close from Zoo Tampa at Lowry Park
2023-09-27T16:51:39.843+02:00 DEBUG 7856 --- [pool-2-thread-1] c.o.tourguide.service.RewardsService     : Calculate distance between -82.469269/28.012804 and 43.91084406103357/1.2321021478874883
2023-09-27T16:51:39.843+02:00 DEBUG 7856 --- [pool-2-thread-1] c.o.tourguide.service.RewardsService     : Checking if the user ffc1b6be-8397-4049-9653-6f79da6cce36 already get close from Franklin Park Zoo
2023-09-27T16:51:39.843+02:00 DEBUG 7856 --- [pool-2-thread-1] c.o.tourguide.service.RewardsService     : Calculate distance between -71.086731/42.302601 and 43.91084406103357/1.2321021478874883
2023-09-27T16:51:39.843+02:00 DEBUG 7856 --- [pool-2-thread-1] c.o.tourguide.service.RewardsService     : Checking if the user ffc1b6be-8397-4049-9653-6f79da6cce36 already get close from El Paso Zoo
2023-09-27T16:51:39.843+02:00 DEBUG 7856 --- [pool-2-thread-1] c.o.tourguide.service.RewardsService     : Calculate distance between -106.44487/31.769125 and 43.91084406103357/1.2321021478874883
2023-09-27T16:51:39.843+02:00 DEBUG 7856 --- [pool-2-thread-1] c.o.tourguide.service.RewardsService     : Checking if the user ffc1b6be-8397-4049-9653-6f79da6cce36 already get close from Kansas City Zoo
2023-09-27T16:51:39.843+02:00 DEBUG 7856 --- [pool-2-thread-1] c.o.tourguide.service.RewardsService     : Calculate distance between -94.529625/39.007504 and 43.91084406103357/1.2321021478874883
2023-09-27T16:51:39.843+02:00 DEBUG 7856 --- [pool-2-thread-1] c.o.tourguide.service.RewardsService     : Checking if the user ffc1b6be-8397-4049-9653-6f79da6cce36 already get close from Bronx Zoo
2023-09-27T16:51:39.843+02:00 DEBUG 7856 --- [pool-2-thread-1] c.o.tourguide.service.RewardsService     : Calculate distance between -73.872971/40.852905 and 43.91084406103357/1.2321021478874883
2023-09-27T16:51:39.843+02:00 DEBUG 7856 --- [pool-2-thread-1] c.o.tourguide.service.RewardsService     : Checking if the user ffc1b6be-8397-4049-9653-6f79da6cce36 already get close from Cinderella Castle
2023-09-27T16:51:39.843+02:00 DEBUG 7856 --- [pool-2-thread-1] c.o.tourguide.service.RewardsService     : Calculate distance between -81.5812/28.419411 and 43.91084406103357/1.2321021478874883
2023-09-27T16:51:39.843+02:00 DEBUG 7856 --- [pool-2-thread-1] c.o.tourguide.service.RewardsService     : Checking if the user ffc1b6be-8397-4049-9653-6f79da6cce36 already get close from Disneyland
2023-09-27T16:51:39.843+02:00 DEBUG 7856 --- [pool-2-thread-1] c.o.tourguide.service.RewardsService     : Calculate distance between -117.922008/33.817595 and 122.82470407849746/37.367107667569044
2023-09-27T16:51:39.843+02:00 DEBUG 7856 --- [pool-2-thread-1] c.o.tourguide.service.RewardsService     : Checking if the user ffc1b6be-8397-4049-9653-6f79da6cce36 already get close from Jackson Hole
2023-09-27T16:51:39.843+02:00 DEBUG 7856 --- [pool-2-thread-1] c.o.tourguide.service.RewardsService     : Calculate distance between -110.821999/43.582767 and 122.82470407849746/37.367107667569044
2023-09-27T16:51:39.843+02:00 DEBUG 7856 --- [pool-2-thread-1] c.o.tourguide.service.RewardsService     : Checking if the user ffc1b6be-8397-4049-9653-6f79da6cce36 already get close from Mojave National Preserve
2023-09-27T16:51:39.843+02:00 DEBUG 7856 --- [pool-2-thread-1] c.o.tourguide.service.RewardsService     : Calculate distance between -115.510399/35.141689 and 122.82470407849746/37.367107667569044
2023-09-27T16:51:39.843+02:00 DEBUG 7856 --- [pool-2-thread-1] c.o.tourguide.service.RewardsService     : Checking if the user ffc1b6be-8397-4049-9653-6f79da6cce36 already get close from Joshua Tree National Park
2023-09-27T16:51:39.843+02:00 DEBUG 7856 --- [pool-2-thread-1] c.o.tourguide.service.RewardsService     : Calculate distance between -115.90065/33.881866 and 122.82470407849746/37.367107667569044
2023-09-27T16:51:39.843+02:00 DEBUG 7856 --- [pool-2-thread-1] c.o.tourguide.service.RewardsService     : Checking if the user ffc1b6be-8397-4049-9653-6f79da6cce36 already get close from Buffalo National River
2023-09-27T16:51:39.843+02:00 DEBUG 7856 --- [pool-2-thread-1] c.o.tourguide.service.RewardsService     : Calculate distance between -92.757652/35.985512 and 122.82470407849746/37.367107667569044
2023-09-27T16:51:39.843+02:00 DEBUG 7856 --- [pool-2-thread-1] c.o.tourguide.service.RewardsService     : Checking if the user ffc1b6be-8397-4049-9653-6f79da6cce36 already get close from Hot Springs National Park
2023-09-27T16:51:39.843+02:00 DEBUG 7856 --- [pool-2-thread-1] c.o.tourguide.service.RewardsService     : Calculate distance between -93.042267/34.52153 and 122.82470407849746/37.367107667569044
2023-09-27T16:51:39.843+02:00 DEBUG 7856 --- [pool-2-thread-1] c.o.tourguide.service.RewardsService     : Checking if the user ffc1b6be-8397-4049-9653-6f79da6cce36 already get close from Kartchner Caverns State Park
2023-09-27T16:51:39.843+02:00 DEBUG 7856 --- [pool-2-thread-1] c.o.tourguide.service.RewardsService     : Calculate distance between -110.347382/31.837551 and 122.82470407849746/37.367107667569044
2023-09-27T16:51:39.843+02:00 DEBUG 7856 --- [pool-2-thread-1] c.o.tourguide.service.RewardsService     : Checking if the user ffc1b6be-8397-4049-9653-6f79da6cce36 already get close from Legend Valley
2023-09-27T16:51:39.843+02:00 DEBUG 7856 --- [pool-2-thread-1] c.o.tourguide.service.RewardsService     : Calculate distance between -82.40667/39.937778 and 122.82470407849746/37.367107667569044
2023-09-27T16:51:39.843+02:00 DEBUG 7856 --- [pool-2-thread-1] c.o.tourguide.service.RewardsService     : Checking if the user ffc1b6be-8397-4049-9653-6f79da6cce36 already get close from Flowers Bakery of London
2023-09-27T16:51:39.843+02:00 DEBUG 7856 --- [pool-2-thread-1] c.o.tourguide.service.RewardsService     : Calculate distance between -84.07486/37.131527 and 122.82470407849746/37.367107667569044
2023-09-27T16:51:39.843+02:00 DEBUG 7856 --- [pool-2-thread-1] c.o.tourguide.service.RewardsService     : Checking if the user ffc1b6be-8397-4049-9653-6f79da6cce36 already get close from McKinley Tower
2023-09-27T16:51:39.843+02:00 DEBUG 7856 --- [pool-2-thread-1] c.o.tourguide.service.RewardsService     : Calculate distance between -149.877502/61.218887 and 122.82470407849746/37.367107667569044
2023-09-27T16:51:39.843+02:00 DEBUG 7856 --- [pool-2-thread-1] c.o.tourguide.service.RewardsService     : Checking if the user ffc1b6be-8397-4049-9653-6f79da6cce36 already get close from Flatiron Building
2023-09-27T16:51:39.843+02:00 DEBUG 7856 --- [pool-2-thread-1] c.o.tourguide.service.RewardsService     : Calculate distance between -73.989723/40.741112 and 122.82470407849746/37.367107667569044
2023-09-27T16:51:39.843+02:00 DEBUG 7856 --- [pool-2-thread-1] c.o.tourguide.service.RewardsService     : Checking if the user ffc1b6be-8397-4049-9653-6f79da6cce36 already get close from Fallingwater
2023-09-27T16:51:39.843+02:00 DEBUG 7856 --- [pool-2-thread-1] c.o.tourguide.service.RewardsService     : Calculate distance between -79.468056/39.906113 and 122.82470407849746/37.367107667569044
2023-09-27T16:51:39.843+02:00 DEBUG 7856 --- [pool-2-thread-1] c.o.tourguide.service.RewardsService     : Checking if the user ffc1b6be-8397-4049-9653-6f79da6cce36 already get close from Union Station
2023-09-27T16:51:39.843+02:00 DEBUG 7856 --- [pool-2-thread-1] c.o.tourguide.service.RewardsService     : Calculate distance between -77.006332/38.897095 and 122.82470407849746/37.367107667569044
2023-09-27T16:51:39.843+02:00 DEBUG 7856 --- [pool-2-thread-1] c.o.tourguide.service.RewardsService     : Checking if the user ffc1b6be-8397-4049-9653-6f79da6cce36 already get close from Roger Dean Stadium
2023-09-27T16:51:39.843+02:00 DEBUG 7856 --- [pool-2-thread-1] c.o.tourguide.service.RewardsService     : Calculate distance between -80.116577/26.890959 and 122.82470407849746/37.367107667569044
2023-09-27T16:51:39.843+02:00 DEBUG 7856 --- [pool-2-thread-1] c.o.tourguide.service.RewardsService     : Checking if the user ffc1b6be-8397-4049-9653-6f79da6cce36 already get close from Texas Memorial Stadium
2023-09-27T16:51:39.843+02:00 DEBUG 7856 --- [pool-2-thread-1] c.o.tourguide.service.RewardsService     : Calculate distance between -97.732536/30.283682 and 122.82470407849746/37.367107667569044
2023-09-27T16:51:39.843+02:00 DEBUG 7856 --- [pool-2-thread-1] c.o.tourguide.service.RewardsService     : Checking if the user ffc1b6be-8397-4049-9653-6f79da6cce36 already get close from Bryant-Denny Stadium
2023-09-27T16:51:39.843+02:00 DEBUG 7856 --- [pool-2-thread-1] c.o.tourguide.service.RewardsService     : Calculate distance between -87.550438/33.208973 and 122.82470407849746/37.367107667569044
2023-09-27T16:51:39.843+02:00 DEBUG 7856 --- [pool-2-thread-1] c.o.tourguide.service.RewardsService     : Checking if the user ffc1b6be-8397-4049-9653-6f79da6cce36 already get close from Tiger Stadium
2023-09-27T16:51:39.843+02:00 DEBUG 7856 --- [pool-2-thread-1] c.o.tourguide.service.RewardsService     : Calculate distance between -91.183815/30.412035 and 122.82470407849746/37.367107667569044
2023-09-27T16:51:39.843+02:00 DEBUG 7856 --- [pool-2-thread-1] c.o.tourguide.service.RewardsService     : Checking if the user ffc1b6be-8397-4049-9653-6f79da6cce36 already get close from Neyland Stadium
2023-09-27T16:51:39.843+02:00 DEBUG 7856 --- [pool-2-thread-1] c.o.tourguide.service.RewardsService     : Calculate distance between -83.925011/35.955013 and 122.82470407849746/37.367107667569044
2023-09-27T16:51:39.843+02:00 DEBUG 7856 --- [pool-2-thread-1] c.o.tourguide.service.RewardsService     : Checking if the user ffc1b6be-8397-4049-9653-6f79da6cce36 already get close from Kyle Field
2023-09-27T16:51:39.843+02:00 DEBUG 7856 --- [pool-2-thread-1] c.o.tourguide.service.RewardsService     : Calculate distance between -96.339844/30.61025 and 122.82470407849746/37.367107667569044
2023-09-27T16:51:39.843+02:00 DEBUG 7856 --- [pool-2-thread-1] c.o.tourguide.service.RewardsService     : Checking if the user ffc1b6be-8397-4049-9653-6f79da6cce36 already get close from San Diego Zoo
2023-09-27T16:51:39.843+02:00 DEBUG 7856 --- [pool-2-thread-1] c.o.tourguide.service.RewardsService     : Calculate distance between -117.149048/32.735317 and 122.82470407849746/37.367107667569044
2023-09-27T16:51:39.843+02:00 DEBUG 7856 --- [pool-2-thread-1] c.o.tourguide.service.RewardsService     : Checking if the user ffc1b6be-8397-4049-9653-6f79da6cce36 already get close from Zoo Tampa at Lowry Park
2023-09-27T16:51:39.843+02:00 DEBUG 7856 --- [pool-2-thread-1] c.o.tourguide.service.RewardsService     : Calculate distance between -82.469269/28.012804 and 122.82470407849746/37.367107667569044
2023-09-27T16:51:39.843+02:00 DEBUG 7856 --- [pool-2-thread-1] c.o.tourguide.service.RewardsService     : Checking if the user ffc1b6be-8397-4049-9653-6f79da6cce36 already get close from Franklin Park Zoo
2023-09-27T16:51:39.843+02:00 DEBUG 7856 --- [pool-2-thread-1] c.o.tourguide.service.RewardsService     : Calculate distance between -71.086731/42.302601 and 122.82470407849746/37.367107667569044
2023-09-27T16:51:39.843+02:00 DEBUG 7856 --- [pool-2-thread-1] c.o.tourguide.service.RewardsService     : Checking if the user ffc1b6be-8397-4049-9653-6f79da6cce36 already get close from El Paso Zoo
2023-09-27T16:51:39.843+02:00 DEBUG 7856 --- [pool-2-thread-1] c.o.tourguide.service.RewardsService     : Calculate distance between -106.44487/31.769125 and 122.82470407849746/37.367107667569044
2023-09-27T16:51:39.843+02:00 DEBUG 7856 --- [pool-2-thread-1] c.o.tourguide.service.RewardsService     : Checking if the user ffc1b6be-8397-4049-9653-6f79da6cce36 already get close from Kansas City Zoo
2023-09-27T16:51:39.843+02:00 DEBUG 7856 --- [pool-2-thread-1] c.o.tourguide.service.RewardsService     : Calculate distance between -94.529625/39.007504 and 122.82470407849746/37.367107667569044
2023-09-27T16:51:39.843+02:00 DEBUG 7856 --- [pool-2-thread-1] c.o.tourguide.service.RewardsService     : Checking if the user ffc1b6be-8397-4049-9653-6f79da6cce36 already get close from Bronx Zoo
2023-09-27T16:51:39.843+02:00 DEBUG 7856 --- [pool-2-thread-1] c.o.tourguide.service.RewardsService     : Calculate distance between -73.872971/40.852905 and 122.82470407849746/37.367107667569044
2023-09-27T16:51:39.843+02:00 DEBUG 7856 --- [pool-2-thread-1] c.o.tourguide.service.RewardsService     : Checking if the user ffc1b6be-8397-4049-9653-6f79da6cce36 already get close from Cinderella Castle
2023-09-27T16:51:39.843+02:00 DEBUG 7856 --- [pool-2-thread-1] c.o.tourguide.service.RewardsService     : Calculate distance between -81.5812/28.419411 and 122.82470407849746/37.367107667569044
2023-09-27T16:51:39.843+02:00 DEBUG 7856 --- [pool-2-thread-1] c.o.tourguide.service.RewardsService     : Checking if the user ffc1b6be-8397-4049-9653-6f79da6cce36 already get close from Disneyland
2023-09-27T16:51:39.843+02:00 DEBUG 7856 --- [pool-2-thread-1] c.o.tourguide.service.RewardsService     : Calculate distance between -117.922008/33.817595 and -156.967432/80.878837
2023-09-27T16:51:39.843+02:00 DEBUG 7856 --- [pool-2-thread-1] c.o.tourguide.service.RewardsService     : Checking if the user ffc1b6be-8397-4049-9653-6f79da6cce36 already get close from Jackson Hole
2023-09-27T16:51:39.843+02:00 DEBUG 7856 --- [pool-2-thread-1] c.o.tourguide.service.RewardsService     : Calculate distance between -110.821999/43.582767 and -156.967432/80.878837
2023-09-27T16:51:39.843+02:00 DEBUG 7856 --- [pool-2-thread-1] c.o.tourguide.service.RewardsService     : Checking if the user ffc1b6be-8397-4049-9653-6f79da6cce36 already get close from Mojave National Preserve
2023-09-27T16:51:39.843+02:00 DEBUG 7856 --- [pool-2-thread-1] c.o.tourguide.service.RewardsService     : Calculate distance between -115.510399/35.141689 and -156.967432/80.878837
2023-09-27T16:51:39.843+02:00 DEBUG 7856 --- [pool-2-thread-1] c.o.tourguide.service.RewardsService     : Checking if the user ffc1b6be-8397-4049-9653-6f79da6cce36 already get close from Joshua Tree National Park
2023-09-27T16:51:39.843+02:00 DEBUG 7856 --- [pool-2-thread-1] c.o.tourguide.service.RewardsService     : Calculate distance between -115.90065/33.881866 and -156.967432/80.878837
2023-09-27T16:51:39.843+02:00 DEBUG 7856 --- [pool-2-thread-1] c.o.tourguide.service.RewardsService     : Checking if the user ffc1b6be-8397-4049-9653-6f79da6cce36 already get close from Buffalo National River
2023-09-27T16:51:39.843+02:00 DEBUG 7856 --- [pool-2-thread-1] c.o.tourguide.service.RewardsService     : Calculate distance between -92.757652/35.985512 and -156.967432/80.878837
2023-09-27T16:51:39.843+02:00 DEBUG 7856 --- [pool-2-thread-1] c.o.tourguide.service.RewardsService     : Checking if the user ffc1b6be-8397-4049-9653-6f79da6cce36 already get close from Hot Springs National Park
2023-09-27T16:51:39.843+02:00 DEBUG 7856 --- [pool-2-thread-1] c.o.tourguide.service.RewardsService     : Calculate distance between -93.042267/34.52153 and -156.967432/80.878837
2023-09-27T16:51:39.843+02:00 DEBUG 7856 --- [pool-2-thread-1] c.o.tourguide.service.RewardsService     : Checking if the user ffc1b6be-8397-4049-9653-6f79da6cce36 already get close from Kartchner Caverns State Park
2023-09-27T16:51:39.843+02:00 DEBUG 7856 --- [pool-2-thread-1] c.o.tourguide.service.RewardsService     : Calculate distance between -110.347382/31.837551 and -156.967432/80.878837
2023-09-27T16:51:39.843+02:00 DEBUG 7856 --- [pool-2-thread-1] c.o.tourguide.service.RewardsService     : Checking if the user ffc1b6be-8397-4049-9653-6f79da6cce36 already get close from Legend Valley
2023-09-27T16:51:39.843+02:00 DEBUG 7856 --- [pool-2-thread-1] c.o.tourguide.service.RewardsService     : Calculate distance between -82.40667/39.937778 and -156.967432/80.878837
2023-09-27T16:51:39.843+02:00 DEBUG 7856 --- [pool-2-thread-1] c.o.tourguide.service.RewardsService     : Checking if the user ffc1b6be-8397-4049-9653-6f79da6cce36 already get close from Flowers Bakery of London
2023-09-27T16:51:39.843+02:00 DEBUG 7856 --- [pool-2-thread-1] c.o.tourguide.service.RewardsService     : Calculate distance between -84.07486/37.131527 and -156.967432/80.878837
2023-09-27T16:51:39.843+02:00 DEBUG 7856 --- [pool-2-thread-1] c.o.tourguide.service.RewardsService     : Checking if the user ffc1b6be-8397-4049-9653-6f79da6cce36 already get close from McKinley Tower
2023-09-27T16:51:39.843+02:00 DEBUG 7856 --- [pool-2-thread-1] c.o.tourguide.service.RewardsService     : Calculate distance between -149.877502/61.218887 and -156.967432/80.878837
2023-09-27T16:51:39.843+02:00 DEBUG 7856 --- [pool-2-thread-1] c.o.tourguide.service.RewardsService     : Checking if the user ffc1b6be-8397-4049-9653-6f79da6cce36 already get close from Flatiron Building
2023-09-27T16:51:39.843+02:00 DEBUG 7856 --- [pool-2-thread-1] c.o.tourguide.service.RewardsService     : Calculate distance between -73.989723/40.741112 and -156.967432/80.878837
2023-09-27T16:51:39.843+02:00 DEBUG 7856 --- [pool-2-thread-1] c.o.tourguide.service.RewardsService     : Checking if the user ffc1b6be-8397-4049-9653-6f79da6cce36 already get close from Fallingwater
2023-09-27T16:51:39.843+02:00 DEBUG 7856 --- [pool-2-thread-1] c.o.tourguide.service.RewardsService     : Calculate distance between -79.468056/39.906113 and -156.967432/80.878837
2023-09-27T16:51:39.843+02:00 DEBUG 7856 --- [pool-2-thread-1] c.o.tourguide.service.RewardsService     : Checking if the user ffc1b6be-8397-4049-9653-6f79da6cce36 already get close from Union Station
2023-09-27T16:51:39.844+02:00 DEBUG 7856 --- [pool-2-thread-1] c.o.tourguide.service.RewardsService     : Calculate distance between -77.006332/38.897095 and -156.967432/80.878837
2023-09-27T16:51:39.844+02:00 DEBUG 7856 --- [pool-2-thread-1] c.o.tourguide.service.RewardsService     : Checking if the user ffc1b6be-8397-4049-9653-6f79da6cce36 already get close from Roger Dean Stadium
2023-09-27T16:51:39.844+02:00 DEBUG 7856 --- [pool-2-thread-1] c.o.tourguide.service.RewardsService     : Calculate distance between -80.116577/26.890959 and -156.967432/80.878837
2023-09-27T16:51:39.844+02:00 DEBUG 7856 --- [pool-2-thread-1] c.o.tourguide.service.RewardsService     : Checking if the user ffc1b6be-8397-4049-9653-6f79da6cce36 already get close from Texas Memorial Stadium
2023-09-27T16:51:39.844+02:00 DEBUG 7856 --- [pool-2-thread-1] c.o.tourguide.service.RewardsService     : Calculate distance between -97.732536/30.283682 and -156.967432/80.878837
2023-09-27T16:51:39.844+02:00 DEBUG 7856 --- [pool-2-thread-1] c.o.tourguide.service.RewardsService     : Checking if the user ffc1b6be-8397-4049-9653-6f79da6cce36 already get close from Bryant-Denny Stadium
2023-09-27T16:51:39.844+02:00 DEBUG 7856 --- [pool-2-thread-1] c.o.tourguide.service.RewardsService     : Calculate distance between -87.550438/33.208973 and -156.967432/80.878837
2023-09-27T16:51:39.844+02:00 DEBUG 7856 --- [pool-2-thread-1] c.o.tourguide.service.RewardsService     : Checking if the user ffc1b6be-8397-4049-9653-6f79da6cce36 already get close from Tiger Stadium
2023-09-27T16:51:39.844+02:00 DEBUG 7856 --- [pool-2-thread-1] c.o.tourguide.service.RewardsService     : Calculate distance between -91.183815/30.412035 and -156.967432/80.878837
2023-09-27T16:51:39.844+02:00 DEBUG 7856 --- [pool-2-thread-1] c.o.tourguide.service.RewardsService     : Checking if the user ffc1b6be-8397-4049-9653-6f79da6cce36 already get close from Neyland Stadium
2023-09-27T16:51:39.844+02:00 DEBUG 7856 --- [pool-2-thread-1] c.o.tourguide.service.RewardsService     : Calculate distance between -83.925011/35.955013 and -156.967432/80.878837
2023-09-27T16:51:39.844+02:00 DEBUG 7856 --- [pool-2-thread-1] c.o.tourguide.service.RewardsService     : Checking if the user ffc1b6be-8397-4049-9653-6f79da6cce36 already get close from Kyle Field
2023-09-27T16:51:39.844+02:00 DEBUG 7856 --- [pool-2-thread-1] c.o.tourguide.service.RewardsService     : Calculate distance between -96.339844/30.61025 and -156.967432/80.878837
2023-09-27T16:51:39.844+02:00 DEBUG 7856 --- [pool-2-thread-1] c.o.tourguide.service.RewardsService     : Checking if the user ffc1b6be-8397-4049-9653-6f79da6cce36 already get close from San Diego Zoo
2023-09-27T16:51:39.844+02:00 DEBUG 7856 --- [pool-2-thread-1] c.o.tourguide.service.RewardsService     : Calculate distance between -117.149048/32.735317 and -156.967432/80.878837
2023-09-27T16:51:39.844+02:00 DEBUG 7856 --- [pool-2-thread-1] c.o.tourguide.service.RewardsService     : Checking if the user ffc1b6be-8397-4049-9653-6f79da6cce36 already get close from Zoo Tampa at Lowry Park
2023-09-27T16:51:39.844+02:00 DEBUG 7856 --- [pool-2-thread-1] c.o.tourguide.service.RewardsService     : Calculate distance between -82.469269/28.012804 and -156.967432/80.878837
2023-09-27T16:51:39.844+02:00 DEBUG 7856 --- [pool-2-thread-1] c.o.tourguide.service.RewardsService     : Checking if the user ffc1b6be-8397-4049-9653-6f79da6cce36 already get close from Franklin Park Zoo
2023-09-27T16:51:39.844+02:00 DEBUG 7856 --- [pool-2-thread-1] c.o.tourguide.service.RewardsService     : Calculate distance between -71.086731/42.302601 and -156.967432/80.878837
2023-09-27T16:51:39.844+02:00 DEBUG 7856 --- [pool-2-thread-1] c.o.tourguide.service.RewardsService     : Checking if the user ffc1b6be-8397-4049-9653-6f79da6cce36 already get close from El Paso Zoo
2023-09-27T16:51:39.844+02:00 DEBUG 7856 --- [pool-2-thread-1] c.o.tourguide.service.RewardsService     : Calculate distance between -106.44487/31.769125 and -156.967432/80.878837
2023-09-27T16:51:39.844+02:00 DEBUG 7856 --- [pool-2-thread-1] c.o.tourguide.service.RewardsService     : Checking if the user ffc1b6be-8397-4049-9653-6f79da6cce36 already get close from Kansas City Zoo
2023-09-27T16:51:39.844+02:00 DEBUG 7856 --- [pool-2-thread-1] c.o.tourguide.service.RewardsService     : Calculate distance between -94.529625/39.007504 and -156.967432/80.878837
2023-09-27T16:51:39.844+02:00 DEBUG 7856 --- [pool-2-thread-1] c.o.tourguide.service.RewardsService     : Checking if the user ffc1b6be-8397-4049-9653-6f79da6cce36 already get close from Bronx Zoo
2023-09-27T16:51:39.844+02:00 DEBUG 7856 --- [pool-2-thread-1] c.o.tourguide.service.RewardsService     : Calculate distance between -73.872971/40.852905 and -156.967432/80.878837
2023-09-27T16:51:39.844+02:00 DEBUG 7856 --- [pool-2-thread-1] c.o.tourguide.service.RewardsService     : Checking if the user ffc1b6be-8397-4049-9653-6f79da6cce36 already get close from Cinderella Castle
2023-09-27T16:51:39.844+02:00 DEBUG 7856 --- [pool-2-thread-1] c.o.tourguide.service.RewardsService     : Calculate distance between -81.5812/28.419411 and -156.967432/80.878837
2023-09-27T16:51:39.844+02:00 DEBUG 7856 --- [pool-2-thread-1] c.o.tourguide.service.RewardsService     : Checking if the user ffc1b6be-8397-4049-9653-6f79da6cce36 already get close from Disneyland
2023-09-27T16:51:39.844+02:00 DEBUG 7856 --- [pool-2-thread-1] c.o.tourguide.service.RewardsService     : Calculate distance between -117.922008/33.817595 and -177.952644/-55.886937
2023-09-27T16:51:39.844+02:00 DEBUG 7856 --- [pool-2-thread-1] c.o.tourguide.service.RewardsService     : Checking if the user ffc1b6be-8397-4049-9653-6f79da6cce36 already get close from Jackson Hole
2023-09-27T16:51:39.844+02:00 DEBUG 7856 --- [pool-2-thread-1] c.o.tourguide.service.RewardsService     : Calculate distance between -110.821999/43.582767 and -177.952644/-55.886937
2023-09-27T16:51:39.844+02:00 DEBUG 7856 --- [pool-2-thread-1] c.o.tourguide.service.RewardsService     : Checking if the user ffc1b6be-8397-4049-9653-6f79da6cce36 already get close from Mojave National Preserve
2023-09-27T16:51:39.844+02:00 DEBUG 7856 --- [pool-2-thread-1] c.o.tourguide.service.RewardsService     : Calculate distance between -115.510399/35.141689 and -177.952644/-55.886937
2023-09-27T16:51:39.844+02:00 DEBUG 7856 --- [pool-2-thread-1] c.o.tourguide.service.RewardsService     : Checking if the user ffc1b6be-8397-4049-9653-6f79da6cce36 already get close from Joshua Tree National Park
2023-09-27T16:51:39.844+02:00 DEBUG 7856 --- [pool-2-thread-1] c.o.tourguide.service.RewardsService     : Calculate distance between -115.90065/33.881866 and -177.952644/-55.886937
2023-09-27T16:51:39.844+02:00 DEBUG 7856 --- [pool-2-thread-1] c.o.tourguide.service.RewardsService     : Checking if the user ffc1b6be-8397-4049-9653-6f79da6cce36 already get close from Buffalo National River
2023-09-27T16:51:39.844+02:00 DEBUG 7856 --- [pool-2-thread-1] c.o.tourguide.service.RewardsService     : Calculate distance between -92.757652/35.985512 and -177.952644/-55.886937
2023-09-27T16:51:39.844+02:00 DEBUG 7856 --- [pool-2-thread-1] c.o.tourguide.service.RewardsService     : Checking if the user ffc1b6be-8397-4049-9653-6f79da6cce36 already get close from Hot Springs National Park
2023-09-27T16:51:39.844+02:00 DEBUG 7856 --- [pool-2-thread-1] c.o.tourguide.service.RewardsService     : Calculate distance between -93.042267/34.52153 and -177.952644/-55.886937
2023-09-27T16:51:39.844+02:00 DEBUG 7856 --- [pool-2-thread-1] c.o.tourguide.service.RewardsService     : Checking if the user ffc1b6be-8397-4049-9653-6f79da6cce36 already get close from Kartchner Caverns State Park
2023-09-27T16:51:39.844+02:00 DEBUG 7856 --- [pool-2-thread-1] c.o.tourguide.service.RewardsService     : Calculate distance between -110.347382/31.837551 and -177.952644/-55.886937
2023-09-27T16:51:39.844+02:00 DEBUG 7856 --- [pool-2-thread-1] c.o.tourguide.service.RewardsService     : Checking if the user ffc1b6be-8397-4049-9653-6f79da6cce36 already get close from Legend Valley
2023-09-27T16:51:39.844+02:00 DEBUG 7856 --- [pool-2-thread-1] c.o.tourguide.service.RewardsService     : Calculate distance between -82.40667/39.937778 and -177.952644/-55.886937
2023-09-27T16:51:39.844+02:00 DEBUG 7856 --- [pool-2-thread-1] c.o.tourguide.service.RewardsService     : Checking if the user ffc1b6be-8397-4049-9653-6f79da6cce36 already get close from Flowers Bakery of London
2023-09-27T16:51:39.844+02:00 DEBUG 7856 --- [pool-2-thread-1] c.o.tourguide.service.RewardsService     : Calculate distance between -84.07486/37.131527 and -177.952644/-55.886937
2023-09-27T16:51:39.844+02:00 DEBUG 7856 --- [pool-2-thread-1] c.o.tourguide.service.RewardsService     : Checking if the user ffc1b6be-8397-4049-9653-6f79da6cce36 already get close from McKinley Tower
2023-09-27T16:51:39.844+02:00 DEBUG 7856 --- [pool-2-thread-1] c.o.tourguide.service.RewardsService     : Calculate distance between -149.877502/61.218887 and -177.952644/-55.886937
2023-09-27T16:51:39.844+02:00 DEBUG 7856 --- [pool-2-thread-1] c.o.tourguide.service.RewardsService     : Checking if the user ffc1b6be-8397-4049-9653-6f79da6cce36 already get close from Flatiron Building
2023-09-27T16:51:39.844+02:00 DEBUG 7856 --- [pool-2-thread-1] c.o.tourguide.service.RewardsService     : Calculate distance between -73.989723/40.741112 and -177.952644/-55.886937
2023-09-27T16:51:39.844+02:00 DEBUG 7856 --- [pool-2-thread-1] c.o.tourguide.service.RewardsService     : Checking if the user ffc1b6be-8397-4049-9653-6f79da6cce36 already get close from Fallingwater
2023-09-27T16:51:39.844+02:00 DEBUG 7856 --- [pool-2-thread-1] c.o.tourguide.service.RewardsService     : Calculate distance between -79.468056/39.906113 and -177.952644/-55.886937
2023-09-27T16:51:39.844+02:00 DEBUG 7856 --- [pool-2-thread-1] c.o.tourguide.service.RewardsService     : Checking if the user ffc1b6be-8397-4049-9653-6f79da6cce36 already get close from Union Station
2023-09-27T16:51:39.844+02:00 DEBUG 7856 --- [pool-2-thread-1] c.o.tourguide.service.RewardsService     : Calculate distance between -77.006332/38.897095 and -177.952644/-55.886937
2023-09-27T16:51:39.844+02:00 DEBUG 7856 --- [pool-2-thread-1] c.o.tourguide.service.RewardsService     : Checking if the user ffc1b6be-8397-4049-9653-6f79da6cce36 already get close from Roger Dean Stadium
2023-09-27T16:51:39.844+02:00 DEBUG 7856 --- [pool-2-thread-1] c.o.tourguide.service.RewardsService     : Calculate distance between -80.116577/26.890959 and -177.952644/-55.886937
2023-09-27T16:51:39.844+02:00 DEBUG 7856 --- [pool-2-thread-1] c.o.tourguide.service.RewardsService     : Checking if the user ffc1b6be-8397-4049-9653-6f79da6cce36 already get close from Texas Memorial Stadium
2023-09-27T16:51:39.844+02:00 DEBUG 7856 --- [pool-2-thread-1] c.o.tourguide.service.RewardsService     : Calculate distance between -97.732536/30.283682 and -177.952644/-55.886937
2023-09-27T16:51:39.844+02:00 DEBUG 7856 --- [pool-2-thread-1] c.o.tourguide.service.RewardsService     : Checking if the user ffc1b6be-8397-4049-9653-6f79da6cce36 already get close from Bryant-Denny Stadium
2023-09-27T16:51:39.844+02:00 DEBUG 7856 --- [pool-2-thread-1] c.o.tourguide.service.RewardsService     : Calculate distance between -87.550438/33.208973 and -177.952644/-55.886937
2023-09-27T16:51:39.844+02:00 DEBUG 7856 --- [pool-2-thread-1] c.o.tourguide.service.RewardsService     : Checking if the user ffc1b6be-8397-4049-9653-6f79da6cce36 already get close from Tiger Stadium
2023-09-27T16:51:39.844+02:00 DEBUG 7856 --- [pool-2-thread-1] c.o.tourguide.service.RewardsService     : Calculate distance between -91.183815/30.412035 and -177.952644/-55.886937
2023-09-27T16:51:39.844+02:00 DEBUG 7856 --- [pool-2-thread-1] c.o.tourguide.service.RewardsService     : Checking if the user ffc1b6be-8397-4049-9653-6f79da6cce36 already get close from Neyland Stadium
2023-09-27T16:51:39.844+02:00 DEBUG 7856 --- [pool-2-thread-1] c.o.tourguide.service.RewardsService     : Calculate distance between -83.925011/35.955013 and -177.952644/-55.886937
2023-09-27T16:51:39.844+02:00 DEBUG 7856 --- [pool-2-thread-1] c.o.tourguide.service.RewardsService     : Checking if the user ffc1b6be-8397-4049-9653-6f79da6cce36 already get close from Kyle Field
2023-09-27T16:51:39.844+02:00 DEBUG 7856 --- [pool-2-thread-1] c.o.tourguide.service.RewardsService     : Calculate distance between -96.339844/30.61025 and -177.952644/-55.886937
2023-09-27T16:51:39.844+02:00 DEBUG 7856 --- [pool-2-thread-1] c.o.tourguide.service.RewardsService     : Checking if the user ffc1b6be-8397-4049-9653-6f79da6cce36 already get close from San Diego Zoo
2023-09-27T16:51:39.844+02:00 DEBUG 7856 --- [pool-2-thread-1] c.o.tourguide.service.RewardsService     : Calculate distance between -117.149048/32.735317 and -177.952644/-55.886937
2023-09-27T16:51:39.844+02:00 DEBUG 7856 --- [pool-2-thread-1] c.o.tourguide.service.RewardsService     : Checking if the user ffc1b6be-8397-4049-9653-6f79da6cce36 already get close from Zoo Tampa at Lowry Park
2023-09-27T16:51:39.844+02:00 DEBUG 7856 --- [pool-2-thread-1] c.o.tourguide.service.RewardsService     : Calculate distance between -82.469269/28.012804 and -177.952644/-55.886937
2023-09-27T16:51:39.844+02:00 DEBUG 7856 --- [pool-2-thread-1] c.o.tourguide.service.RewardsService     : Checking if the user ffc1b6be-8397-4049-9653-6f79da6cce36 already get close from Franklin Park Zoo
2023-09-27T16:51:39.844+02:00 DEBUG 7856 --- [pool-2-thread-1] c.o.tourguide.service.RewardsService     : Calculate distance between -71.086731/42.302601 and -177.952644/-55.886937
2023-09-27T16:51:39.844+02:00 DEBUG 7856 --- [pool-2-thread-1] c.o.tourguide.service.RewardsService     : Checking if the user ffc1b6be-8397-4049-9653-6f79da6cce36 already get close from El Paso Zoo
2023-09-27T16:51:39.844+02:00 DEBUG 7856 --- [pool-2-thread-1] c.o.tourguide.service.RewardsService     : Calculate distance between -106.44487/31.769125 and -177.952644/-55.886937
2023-09-27T16:51:39.844+02:00 DEBUG 7856 --- [pool-2-thread-1] c.o.tourguide.service.RewardsService     : Checking if the user ffc1b6be-8397-4049-9653-6f79da6cce36 already get close from Kansas City Zoo
2023-09-27T16:51:39.844+02:00 DEBUG 7856 --- [pool-2-thread-1] c.o.tourguide.service.RewardsService     : Calculate distance between -94.529625/39.007504 and -177.952644/-55.886937
2023-09-27T16:51:39.844+02:00 DEBUG 7856 --- [pool-2-thread-1] c.o.tourguide.service.RewardsService     : Checking if the user ffc1b6be-8397-4049-9653-6f79da6cce36 already get close from Bronx Zoo
2023-09-27T16:51:39.844+02:00 DEBUG 7856 --- [pool-2-thread-1] c.o.tourguide.service.RewardsService     : Calculate distance between -73.872971/40.852905 and -177.952644/-55.886937
2023-09-27T16:51:39.844+02:00 DEBUG 7856 --- [pool-2-thread-1] c.o.tourguide.service.RewardsService     : Checking if the user ffc1b6be-8397-4049-9653-6f79da6cce36 already get close from Cinderella Castle
2023-09-27T16:51:39.844+02:00 DEBUG 7856 --- [pool-2-thread-1] c.o.tourguide.service.RewardsService     : Calculate distance between -81.5812/28.419411 and -177.952644/-55.886937
2023-09-27T16:51:39.844+02:00 DEBUG 7856 --- [pool-2-thread-1] c.o.tourguide.service.RewardsService     : Trying to add 0 rewards
2023-09-27T16:51:39.917+02:00  INFO 7856 --- [pool-2-thread-1] c.o.tourguide.service.TourGuideService   : Adding the current location to the user internalUser5146
2023-09-27T16:51:39.917+02:00 DEBUG 7856 --- [pool-2-thread-1] c.o.tourguide.service.RewardsService     : calculate reward for internalUser5146 on his 5 known locations
2023-09-27T16:51:39.930+02:00 DEBUG 7856 --- [pool-2-thread-1] c.o.tourguide.service.RewardsService     : Checking if the user d9fafaa9-d548-4f17-b42c-1c9f9c0216f6 already get close from Disneyland
2023-09-27T16:51:39.930+02:00 DEBUG 7856 --- [pool-2-thread-1] c.o.tourguide.service.RewardsService     : Calculate distance between -117.922008/33.817595 and -8.947956249772176/41.926861808202645
2023-09-27T16:51:39.930+02:00 DEBUG 7856 --- [pool-2-thread-1] c.o.tourguide.service.RewardsService     : Checking if the user d9fafaa9-d548-4f17-b42c-1c9f9c0216f6 already get close from Jackson Hole
2023-09-27T16:51:39.930+02:00 DEBUG 7856 --- [pool-2-thread-1] c.o.tourguide.service.RewardsService     : Calculate distance between -110.821999/43.582767 and -8.947956249772176/41.926861808202645
2023-09-27T16:51:39.930+02:00 DEBUG 7856 --- [pool-2-thread-1] c.o.tourguide.service.RewardsService     : Checking if the user d9fafaa9-d548-4f17-b42c-1c9f9c0216f6 already get close from Mojave National Preserve
2023-09-27T16:51:39.930+02:00 DEBUG 7856 --- [pool-2-thread-1] c.o.tourguide.service.RewardsService     : Calculate distance between -115.510399/35.141689 and -8.947956249772176/41.926861808202645
2023-09-27T16:51:39.930+02:00 DEBUG 7856 --- [pool-2-thread-1] c.o.tourguide.service.RewardsService     : Checking if the user d9fafaa9-d548-4f17-b42c-1c9f9c0216f6 already get close from Joshua Tree National Park
2023-09-27T16:51:39.930+02:00 DEBUG 7856 --- [pool-2-thread-1] c.o.tourguide.service.RewardsService     : Calculate distance between -115.90065/33.881866 and -8.947956249772176/41.926861808202645
2023-09-27T16:51:39.930+02:00 DEBUG 7856 --- [pool-2-thread-1] c.o.tourguide.service.RewardsService     : Checking if the user d9fafaa9-d548-4f17-b42c-1c9f9c0216f6 already get close from Buffalo National River
2023-09-27T16:51:39.930+02:00 DEBUG 7856 --- [pool-2-thread-1] c.o.tourguide.service.RewardsService     : Calculate distance between -92.757652/35.985512 and -8.947956249772176/41.926861808202645
2023-09-27T16:51:39.930+02:00 DEBUG 7856 --- [pool-2-thread-1] c.o.tourguide.service.RewardsService     : Checking if the user d9fafaa9-d548-4f17-b42c-1c9f9c0216f6 already get close from Hot Springs National Park
2023-09-27T16:51:39.930+02:00 DEBUG 7856 --- [pool-2-thread-1] c.o.tourguide.service.RewardsService     : Calculate distance between -93.042267/34.52153 and -8.947956249772176/41.926861808202645
2023-09-27T16:51:39.930+02:00 DEBUG 7856 --- [pool-2-thread-1] c.o.tourguide.service.RewardsService     : Checking if the user d9fafaa9-d548-4f17-b42c-1c9f9c0216f6 already get close from Kartchner Caverns State Park
2023-09-27T16:51:39.930+02:00 DEBUG 7856 --- [pool-2-thread-1] c.o.tourguide.service.RewardsService     : Calculate distance between -110.347382/31.837551 and -8.947956249772176/41.926861808202645
2023-09-27T16:51:39.930+02:00 DEBUG 7856 --- [pool-2-thread-1] c.o.tourguide.service.RewardsService     : Checking if the user d9fafaa9-d548-4f17-b42c-1c9f9c0216f6 already get close from Legend Valley
2023-09-27T16:51:39.930+02:00 DEBUG 7856 --- [pool-2-thread-1] c.o.tourguide.service.RewardsService     : Calculate distance between -82.40667/39.937778 and -8.947956249772176/41.926861808202645
2023-09-27T16:51:39.930+02:00 DEBUG 7856 --- [pool-2-thread-1] c.o.tourguide.service.RewardsService     : Checking if the user d9fafaa9-d548-4f17-b42c-1c9f9c0216f6 already get close from Flowers Bakery of London
2023-09-27T16:51:39.930+02:00 DEBUG 7856 --- [pool-2-thread-1] c.o.tourguide.service.RewardsService     : Calculate distance between -84.07486/37.131527 and -8.947956249772176/41.926861808202645
2023-09-27T16:51:39.930+02:00 DEBUG 7856 --- [pool-2-thread-1] c.o.tourguide.service.RewardsService     : Checking if the user d9fafaa9-d548-4f17-b42c-1c9f9c0216f6 already get close from McKinley Tower
2023-09-27T16:51:39.930+02:00 DEBUG 7856 --- [pool-2-thread-1] c.o.tourguide.service.RewardsService     : Calculate distance between -149.877502/61.218887 and -8.947956249772176/41.926861808202645
2023-09-27T16:51:39.930+02:00 DEBUG 7856 --- [pool-2-thread-1] c.o.tourguide.service.RewardsService     : Checking if the user d9fafaa9-d548-4f17-b42c-1c9f9c0216f6 already get close from Flatiron Building
2023-09-27T16:51:39.930+02:00 DEBUG 7856 --- [pool-2-thread-1] c.o.tourguide.service.RewardsService     : Calculate distance between -73.989723/40.741112 and -8.947956249772176/41.926861808202645
2023-09-27T16:51:39.930+02:00 DEBUG 7856 --- [pool-2-thread-1] c.o.tourguide.service.RewardsService     : Checking if the user d9fafaa9-d548-4f17-b42c-1c9f9c0216f6 already get close from Fallingwater
2023-09-27T16:51:39.930+02:00 DEBUG 7856 --- [pool-2-thread-1] c.o.tourguide.service.RewardsService     : Calculate distance between -79.468056/39.906113 and -8.947956249772176/41.926861808202645
2023-09-27T16:51:39.930+02:00 DEBUG 7856 --- [pool-2-thread-1] c.o.tourguide.service.RewardsService     : Checking if the user d9fafaa9-d548-4f17-b42c-1c9f9c0216f6 already get close from Union Station
2023-09-27T16:51:39.930+02:00 DEBUG 7856 --- [pool-2-thread-1] c.o.tourguide.service.RewardsService     : Calculate distance between -77.006332/38.897095 and -8.947956249772176/41.926861808202645
2023-09-27T16:51:39.930+02:00 DEBUG 7856 --- [pool-2-thread-1] c.o.tourguide.service.RewardsService     : Checking if the user d9fafaa9-d548-4f17-b42c-1c9f9c0216f6 already get close from Roger Dean Stadium
2023-09-27T16:51:39.930+02:00 DEBUG 7856 --- [pool-2-thread-1] c.o.tourguide.service.RewardsService     : Calculate distance between -80.116577/26.890959 and -8.947956249772176/41.926861808202645
2023-09-27T16:51:39.930+02:00 DEBUG 7856 --- [pool-2-thread-1] c.o.tourguide.service.RewardsService     : Checking if the user d9fafaa9-d548-4f17-b42c-1c9f9c0216f6 already get close from Texas Memorial Stadium
2023-09-27T16:51:39.930+02:00 DEBUG 7856 --- [pool-2-thread-1] c.o.tourguide.service.RewardsService     : Calculate distance between -97.732536/30.283682 and -8.947956249772176/41.926861808202645
2023-09-27T16:51:39.930+02:00 DEBUG 7856 --- [pool-2-thread-1] c.o.tourguide.service.RewardsService     : Checking if the user d9fafaa9-d548-4f17-b42c-1c9f9c0216f6 already get close from Bryant-Denny Stadium
2023-09-27T16:51:39.930+02:00 DEBUG 7856 --- [pool-2-thread-1] c.o.tourguide.service.RewardsService     : Calculate distance between -87.550438/33.208973 and -8.947956249772176/41.926861808202645
2023-09-27T16:51:39.930+02:00 DEBUG 7856 --- [pool-2-thread-1] c.o.tourguide.service.RewardsService     : Checking if the user d9fafaa9-d548-4f17-b42c-1c9f9c0216f6 already get close from Tiger Stadium
2023-09-27T16:51:39.930+02:00 DEBUG 7856 --- [pool-2-thread-1] c.o.tourguide.service.RewardsService     : Calculate distance between -91.183815/30.412035 and -8.947956249772176/41.926861808202645
2023-09-27T16:51:39.930+02:00 DEBUG 7856 --- [pool-2-thread-1] c.o.tourguide.service.RewardsService     : Checking if the user d9fafaa9-d548-4f17-b42c-1c9f9c0216f6 already get close from Neyland Stadium
2023-09-27T16:51:39.930+02:00 DEBUG 7856 --- [pool-2-thread-1] c.o.tourguide.service.RewardsService     : Calculate distance between -83.925011/35.955013 and -8.947956249772176/41.926861808202645
2023-09-27T16:51:39.930+02:00 DEBUG 7856 --- [pool-2-thread-1] c.o.tourguide.service.RewardsService     : Checking if the user d9fafaa9-d548-4f17-b42c-1c9f9c0216f6 already get close from Kyle Field
2023-09-27T16:51:39.930+02:00 DEBUG 7856 --- [pool-2-thread-1] c.o.tourguide.service.RewardsService     : Calculate distance between -96.339844/30.61025 and -8.947956249772176/41.926861808202645
2023-09-27T16:51:39.930+02:00 DEBUG 7856 --- [pool-2-thread-1] c.o.tourguide.service.RewardsService     : Checking if the user d9fafaa9-d548-4f17-b42c-1c9f9c0216f6 already get close from San Diego Zoo
2023-09-27T16:51:39.930+02:00 DEBUG 7856 --- [pool-2-thread-1] c.o.tourguide.service.RewardsService     : Calculate distance between -117.149048/32.735317 and -8.947956249772176/41.926861808202645
2023-09-27T16:51:39.930+02:00 DEBUG 7856 --- [pool-2-thread-1] c.o.tourguide.service.RewardsService     : Checking if the user d9fafaa9-d548-4f17-b42c-1c9f9c0216f6 already get close from Zoo Tampa at Lowry Park
2023-09-27T16:51:39.930+02:00 DEBUG 7856 --- [pool-2-thread-1] c.o.tourguide.service.RewardsService     : Calculate distance between -82.469269/28.012804 and -8.947956249772176/41.926861808202645
2023-09-27T16:51:39.930+02:00 DEBUG 7856 --- [pool-2-thread-1] c.o.tourguide.service.RewardsService     : Checking if the user d9fafaa9-d548-4f17-b42c-1c9f9c0216f6 already get close from Franklin Park Zoo
2023-09-27T16:51:39.930+02:00 DEBUG 7856 --- [pool-2-thread-1] c.o.tourguide.service.RewardsService     : Calculate distance between -71.086731/42.302601 and -8.947956249772176/41.926861808202645
2023-09-27T16:51:39.930+02:00 DEBUG 7856 --- [pool-2-thread-1] c.o.tourguide.service.RewardsService     : Checking if the user d9fafaa9-d548-4f17-b42c-1c9f9c0216f6 already get close from El Paso Zoo
2023-09-27T16:51:39.930+02:00 DEBUG 7856 --- [pool-2-thread-1] c.o.tourguide.service.RewardsService     : Calculate distance between -106.44487/31.769125 and -8.947956249772176/41.926861808202645
2023-09-27T16:51:39.930+02:00 DEBUG 7856 --- [pool-2-thread-1] c.o.tourguide.service.RewardsService     : Checking if the user d9fafaa9-d548-4f17-b42c-1c9f9c0216f6 already get close from Kansas City Zoo
2023-09-27T16:51:39.930+02:00 DEBUG 7856 --- [pool-2-thread-1] c.o.tourguide.service.RewardsService     : Calculate distance between -94.529625/39.007504 and -8.947956249772176/41.926861808202645
2023-09-27T16:51:39.930+02:00 DEBUG 7856 --- [pool-2-thread-1] c.o.tourguide.service.RewardsService     : Checking if the user d9fafaa9-d548-4f17-b42c-1c9f9c0216f6 already get close from Bronx Zoo
2023-09-27T16:51:39.930+02:00 DEBUG 7856 --- [pool-2-thread-1] c.o.tourguide.service.RewardsService     : Calculate distance between -73.872971/40.852905 and -8.947956249772176/41.926861808202645
2023-09-27T16:51:39.930+02:00 DEBUG 7856 --- [pool-2-thread-1] c.o.tourguide.service.RewardsService     : Checking if the user d9fafaa9-d548-4f17-b42c-1c9f9c0216f6 already get close from Cinderella Castle
2023-09-27T16:51:39.930+02:00 DEBUG 7856 --- [pool-2-thread-1] c.o.tourguide.service.RewardsService     : Calculate distance between -81.5812/28.419411 and -8.947956249772176/41.926861808202645
2023-09-27T16:51:39.930+02:00 DEBUG 7856 --- [pool-2-thread-1] c.o.tourguide.service.RewardsService     : Checking if the user d9fafaa9-d548-4f17-b42c-1c9f9c0216f6 already get close from Disneyland
2023-09-27T16:51:39.930+02:00 DEBUG 7856 --- [pool-2-thread-1] c.o.tourguide.service.RewardsService     : Calculate distance between -117.922008/33.817595 and -5.67070827533135/7.375732650375994
2023-09-27T16:51:39.930+02:00 DEBUG 7856 --- [pool-2-thread-1] c.o.tourguide.service.RewardsService     : Checking if the user d9fafaa9-d548-4f17-b42c-1c9f9c0216f6 already get close from Jackson Hole
2023-09-27T16:51:39.930+02:00 DEBUG 7856 --- [pool-2-thread-1] c.o.tourguide.service.RewardsService     : Calculate distance between -110.821999/43.582767 and -5.67070827533135/7.375732650375994
2023-09-27T16:51:39.930+02:00 DEBUG 7856 --- [pool-2-thread-1] c.o.tourguide.service.RewardsService     : Checking if the user d9fafaa9-d548-4f17-b42c-1c9f9c0216f6 already get close from Mojave National Preserve
2023-09-27T16:51:39.930+02:00 DEBUG 7856 --- [pool-2-thread-1] c.o.tourguide.service.RewardsService     : Calculate distance between -115.510399/35.141689 and -5.67070827533135/7.375732650375994
2023-09-27T16:51:39.930+02:00 DEBUG 7856 --- [pool-2-thread-1] c.o.tourguide.service.RewardsService     : Checking if the user d9fafaa9-d548-4f17-b42c-1c9f9c0216f6 already get close from Joshua Tree National Park
2023-09-27T16:51:39.930+02:00 DEBUG 7856 --- [pool-2-thread-1] c.o.tourguide.service.RewardsService     : Calculate distance between -115.90065/33.881866 and -5.67070827533135/7.375732650375994
2023-09-27T16:51:39.930+02:00 DEBUG 7856 --- [pool-2-thread-1] c.o.tourguide.service.RewardsService     : Checking if the user d9fafaa9-d548-4f17-b42c-1c9f9c0216f6 already get close from Buffalo National River
2023-09-27T16:51:39.930+02:00 DEBUG 7856 --- [pool-2-thread-1] c.o.tourguide.service.RewardsService     : Calculate distance between -92.757652/35.985512 and -5.67070827533135/7.375732650375994
2023-09-27T16:51:39.930+02:00 DEBUG 7856 --- [pool-2-thread-1] c.o.tourguide.service.RewardsService     : Checking if the user d9fafaa9-d548-4f17-b42c-1c9f9c0216f6 already get close from Hot Springs National Park
2023-09-27T16:51:39.930+02:00 DEBUG 7856 --- [pool-2-thread-1] c.o.tourguide.service.RewardsService     : Calculate distance between -93.042267/34.52153 and -5.67070827533135/7.375732650375994
2023-09-27T16:51:39.930+02:00 DEBUG 7856 --- [pool-2-thread-1] c.o.tourguide.service.RewardsService     : Checking if the user d9fafaa9-d548-4f17-b42c-1c9f9c0216f6 already get close from Kartchner Caverns State Park
2023-09-27T16:51:39.930+02:00 DEBUG 7856 --- [pool-2-thread-1] c.o.tourguide.service.RewardsService     : Calculate distance between -110.347382/31.837551 and -5.67070827533135/7.375732650375994
2023-09-27T16:51:39.930+02:00 DEBUG 7856 --- [pool-2-thread-1] c.o.tourguide.service.RewardsService     : Checking if the user d9fafaa9-d548-4f17-b42c-1c9f9c0216f6 already get close from Legend Valley
2023-09-27T16:51:39.930+02:00 DEBUG 7856 --- [pool-2-thread-1] c.o.tourguide.service.RewardsService     : Calculate distance between -82.40667/39.937778 and -5.67070827533135/7.375732650375994
2023-09-27T16:51:39.930+02:00 DEBUG 7856 --- [pool-2-thread-1] c.o.tourguide.service.RewardsService     : Checking if the user d9fafaa9-d548-4f17-b42c-1c9f9c0216f6 already get close from Flowers Bakery of London
2023-09-27T16:51:39.930+02:00 DEBUG 7856 --- [pool-2-thread-1] c.o.tourguide.service.RewardsService     : Calculate distance between -84.07486/37.131527 and -5.67070827533135/7.375732650375994
2023-09-27T16:51:39.930+02:00 DEBUG 7856 --- [pool-2-thread-1] c.o.tourguide.service.RewardsService     : Checking if the user d9fafaa9-d548-4f17-b42c-1c9f9c0216f6 already get close from McKinley Tower
2023-09-27T16:51:39.930+02:00 DEBUG 7856 --- [pool-2-thread-1] c.o.tourguide.service.RewardsService     : Calculate distance between -149.877502/61.218887 and -5.67070827533135/7.375732650375994
2023-09-27T16:51:39.930+02:00 DEBUG 7856 --- [pool-2-thread-1] c.o.tourguide.service.RewardsService     : Checking if the user d9fafaa9-d548-4f17-b42c-1c9f9c0216f6 already get close from Flatiron Building
2023-09-27T16:51:39.930+02:00 DEBUG 7856 --- [pool-2-thread-1] c.o.tourguide.service.RewardsService     : Calculate distance between -73.989723/40.741112 and -5.67070827533135/7.375732650375994
2023-09-27T16:51:39.930+02:00 DEBUG 7856 --- [pool-2-thread-1] c.o.tourguide.service.RewardsService     : Checking if the user d9fafaa9-d548-4f17-b42c-1c9f9c0216f6 already get close from Fallingwater
2023-09-27T16:51:39.930+02:00 DEBUG 7856 --- [pool-2-thread-1] c.o.tourguide.service.RewardsService     : Calculate distance between -79.468056/39.906113 and -5.67070827533135/7.375732650375994
2023-09-27T16:51:39.930+02:00 DEBUG 7856 --- [pool-2-thread-1] c.o.tourguide.service.RewardsService     : Checking if the user d9fafaa9-d548-4f17-b42c-1c9f9c0216f6 already get close from Union Station
2023-09-27T16:51:39.930+02:00 DEBUG 7856 --- [pool-2-thread-1] c.o.tourguide.service.RewardsService     : Calculate distance between -77.006332/38.897095 and -5.67070827533135/7.375732650375994
2023-09-27T16:51:39.930+02:00 DEBUG 7856 --- [pool-2-thread-1] c.o.tourguide.service.RewardsService     : Checking if the user d9fafaa9-d548-4f17-b42c-1c9f9c0216f6 already get close from Roger Dean Stadium
2023-09-27T16:51:39.930+02:00 DEBUG 7856 --- [pool-2-thread-1] c.o.tourguide.service.RewardsService     : Calculate distance between -80.116577/26.890959 and -5.67070827533135/7.375732650375994
2023-09-27T16:51:39.930+02:00 DEBUG 7856 --- [pool-2-thread-1] c.o.tourguide.service.RewardsService     : Checking if the user d9fafaa9-d548-4f17-b42c-1c9f9c0216f6 already get close from Texas Memorial Stadium
2023-09-27T16:51:39.930+02:00 DEBUG 7856 --- [pool-2-thread-1] c.o.tourguide.service.RewardsService     : Calculate distance between -97.732536/30.283682 and -5.67070827533135/7.375732650375994
2023-09-27T16:51:39.930+02:00 DEBUG 7856 --- [pool-2-thread-1] c.o.tourguide.service.RewardsService     : Checking if the user d9fafaa9-d548-4f17-b42c-1c9f9c0216f6 already get close from Bryant-Denny Stadium
2023-09-27T16:51:39.930+02:00 DEBUG 7856 --- [pool-2-thread-1] c.o.tourguide.service.RewardsService     : Calculate distance between -87.550438/33.208973 and -5.67070827533135/7.375732650375994
2023-09-27T16:51:39.930+02:00 DEBUG 7856 --- [pool-2-thread-1] c.o.tourguide.service.RewardsService     : Checking if the user d9fafaa9-d548-4f17-b42c-1c9f9c0216f6 already get close from Tiger Stadium
2023-09-27T16:51:39.930+02:00 DEBUG 7856 --- [pool-2-thread-1] c.o.tourguide.service.RewardsService     : Calculate distance between -91.183815/30.412035 and -5.67070827533135/7.375732650375994
2023-09-27T16:51:39.930+02:00 DEBUG 7856 --- [pool-2-thread-1] c.o.tourguide.service.RewardsService     : Checking if the user d9fafaa9-d548-4f17-b42c-1c9f9c0216f6 already get close from Neyland Stadium
2023-09-27T16:51:39.930+02:00 DEBUG 7856 --- [pool-2-thread-1] c.o.tourguide.service.RewardsService     : Calculate distance between -83.925011/35.955013 and -5.67070827533135/7.375732650375994
2023-09-27T16:51:39.930+02:00 DEBUG 7856 --- [pool-2-thread-1] c.o.tourguide.service.RewardsService     : Checking if the user d9fafaa9-d548-4f17-b42c-1c9f9c0216f6 already get close from Kyle Field
2023-09-27T16:51:39.930+02:00 DEBUG 7856 --- [pool-2-thread-1] c.o.tourguide.service.RewardsService     : Calculate distance between -96.339844/30.61025 and -5.67070827533135/7.375732650375994
2023-09-27T16:51:39.930+02:00 DEBUG 7856 --- [pool-2-thread-1] c.o.tourguide.service.RewardsService     : Checking if the user d9fafaa9-d548-4f17-b42c-1c9f9c0216f6 already get close from San Diego Zoo
2023-09-27T16:51:39.930+02:00 DEBUG 7856 --- [pool-2-thread-1] c.o.tourguide.service.RewardsService     : Calculate distance between -117.149048/32.735317 and -5.67070827533135/7.375732650375994
2023-09-27T16:51:39.930+02:00 DEBUG 7856 --- [pool-2-thread-1] c.o.tourguide.service.RewardsService     : Checking if the user d9fafaa9-d548-4f17-b42c-1c9f9c0216f6 already get close from Zoo Tampa at Lowry Park
2023-09-27T16:51:39.930+02:00 DEBUG 7856 --- [pool-2-thread-1] c.o.tourguide.service.RewardsService     : Calculate distance between -82.469269/28.012804 and -5.67070827533135/7.375732650375994
2023-09-27T16:51:39.930+02:00 DEBUG 7856 --- [pool-2-thread-1] c.o.tourguide.service.RewardsService     : Checking if the user d9fafaa9-d548-4f17-b42c-1c9f9c0216f6 already get close from Franklin Park Zoo
2023-09-27T16:51:39.930+02:00 DEBUG 7856 --- [pool-2-thread-1] c.o.tourguide.service.RewardsService     : Calculate distance between -71.086731/42.302601 and -5.67070827533135/7.375732650375994
2023-09-27T16:51:39.930+02:00 DEBUG 7856 --- [pool-2-thread-1] c.o.tourguide.service.RewardsService     : Checking if the user d9fafaa9-d548-4f17-b42c-1c9f9c0216f6 already get close from El Paso Zoo
2023-09-27T16:51:39.931+02:00 DEBUG 7856 --- [pool-2-thread-1] c.o.tourguide.service.RewardsService     : Calculate distance between -106.44487/31.769125 and -5.67070827533135/7.375732650375994
2023-09-27T16:51:39.931+02:00 DEBUG 7856 --- [pool-2-thread-1] c.o.tourguide.service.RewardsService     : Checking if the user d9fafaa9-d548-4f17-b42c-1c9f9c0216f6 already get close from Kansas City Zoo
2023-09-27T16:51:39.931+02:00 DEBUG 7856 --- [pool-2-thread-1] c.o.tourguide.service.RewardsService     : Calculate distance between -94.529625/39.007504 and -5.67070827533135/7.375732650375994
2023-09-27T16:51:39.931+02:00 DEBUG 7856 --- [pool-2-thread-1] c.o.tourguide.service.RewardsService     : Checking if the user d9fafaa9-d548-4f17-b42c-1c9f9c0216f6 already get close from Bronx Zoo
2023-09-27T16:51:39.931+02:00 DEBUG 7856 --- [pool-2-thread-1] c.o.tourguide.service.RewardsService     : Calculate distance between -73.872971/40.852905 and -5.67070827533135/7.375732650375994
2023-09-27T16:51:39.931+02:00 DEBUG 7856 --- [pool-2-thread-1] c.o.tourguide.service.RewardsService     : Checking if the user d9fafaa9-d548-4f17-b42c-1c9f9c0216f6 already get close from Cinderella Castle
2023-09-27T16:51:39.931+02:00 DEBUG 7856 --- [pool-2-thread-1] c.o.tourguide.service.RewardsService     : Calculate distance between -81.5812/28.419411 and -5.67070827533135/7.375732650375994
2023-09-27T16:51:39.931+02:00 DEBUG 7856 --- [pool-2-thread-1] c.o.tourguide.service.RewardsService     : Checking if the user d9fafaa9-d548-4f17-b42c-1c9f9c0216f6 already get close from Disneyland
2023-09-27T16:51:39.931+02:00 DEBUG 7856 --- [pool-2-thread-1] c.o.tourguide.service.RewardsService     : Calculate distance between -117.922008/33.817595 and 128.5115606012149/31.70671087996901
2023-09-27T16:51:39.931+02:00 DEBUG 7856 --- [pool-2-thread-1] c.o.tourguide.service.RewardsService     : Checking if the user d9fafaa9-d548-4f17-b42c-1c9f9c0216f6 already get close from Jackson Hole
2023-09-27T16:51:39.931+02:00 DEBUG 7856 --- [pool-2-thread-1] c.o.tourguide.service.RewardsService     : Calculate distance between -110.821999/43.582767 and 128.5115606012149/31.70671087996901
2023-09-27T16:51:39.931+02:00 DEBUG 7856 --- [pool-2-thread-1] c.o.tourguide.service.RewardsService     : Checking if the user d9fafaa9-d548-4f17-b42c-1c9f9c0216f6 already get close from Mojave National Preserve
2023-09-27T16:51:39.931+02:00 DEBUG 7856 --- [pool-2-thread-1] c.o.tourguide.service.RewardsService     : Calculate distance between -115.510399/35.141689 and 128.5115606012149/31.70671087996901
2023-09-27T16:51:39.931+02:00 DEBUG 7856 --- [pool-2-thread-1] c.o.tourguide.service.RewardsService     : Checking if the user d9fafaa9-d548-4f17-b42c-1c9f9c0216f6 already get close from Joshua Tree National Park
2023-09-27T16:51:39.931+02:00 DEBUG 7856 --- [pool-2-thread-1] c.o.tourguide.service.RewardsService     : Calculate distance between -115.90065/33.881866 and 128.5115606012149/31.70671087996901
2023-09-27T16:51:39.931+02:00 DEBUG 7856 --- [pool-2-thread-1] c.o.tourguide.service.RewardsService     : Checking if the user d9fafaa9-d548-4f17-b42c-1c9f9c0216f6 already get close from Buffalo National River
2023-09-27T16:51:39.931+02:00 DEBUG 7856 --- [pool-2-thread-1] c.o.tourguide.service.RewardsService     : Calculate distance between -92.757652/35.985512 and 128.5115606012149/31.70671087996901
2023-09-27T16:51:39.931+02:00 DEBUG 7856 --- [pool-2-thread-1] c.o.tourguide.service.RewardsService     : Checking if the user d9fafaa9-d548-4f17-b42c-1c9f9c0216f6 already get close from Hot Springs National Park
2023-09-27T16:51:39.931+02:00 DEBUG 7856 --- [pool-2-thread-1] c.o.tourguide.service.RewardsService     : Calculate distance between -93.042267/34.52153 and 128.5115606012149/31.70671087996901
2023-09-27T16:51:39.931+02:00 DEBUG 7856 --- [pool-2-thread-1] c.o.tourguide.service.RewardsService     : Checking if the user d9fafaa9-d548-4f17-b42c-1c9f9c0216f6 already get close from Kartchner Caverns State Park
2023-09-27T16:51:39.931+02:00 DEBUG 7856 --- [pool-2-thread-1] c.o.tourguide.service.RewardsService     : Calculate distance between -110.347382/31.837551 and 128.5115606012149/31.70671087996901
2023-09-27T16:51:39.931+02:00 DEBUG 7856 --- [pool-2-thread-1] c.o.tourguide.service.RewardsService     : Checking if the user d9fafaa9-d548-4f17-b42c-1c9f9c0216f6 already get close from Legend Valley
2023-09-27T16:51:39.931+02:00 DEBUG 7856 --- [pool-2-thread-1] c.o.tourguide.service.RewardsService     : Calculate distance between -82.40667/39.937778 and 128.5115606012149/31.70671087996901
2023-09-27T16:51:39.931+02:00 DEBUG 7856 --- [pool-2-thread-1] c.o.tourguide.service.RewardsService     : Checking if the user d9fafaa9-d548-4f17-b42c-1c9f9c0216f6 already get close from Flowers Bakery of London
2023-09-27T16:51:39.931+02:00 DEBUG 7856 --- [pool-2-thread-1] c.o.tourguide.service.RewardsService     : Calculate distance between -84.07486/37.131527 and 128.5115606012149/31.70671087996901
2023-09-27T16:51:39.931+02:00 DEBUG 7856 --- [pool-2-thread-1] c.o.tourguide.service.RewardsService     : Checking if the user d9fafaa9-d548-4f17-b42c-1c9f9c0216f6 already get close from McKinley Tower
2023-09-27T16:51:39.931+02:00 DEBUG 7856 --- [pool-2-thread-1] c.o.tourguide.service.RewardsService     : Calculate distance between -149.877502/61.218887 and 128.5115606012149/31.70671087996901
2023-09-27T16:51:39.931+02:00 DEBUG 7856 --- [pool-2-thread-1] c.o.tourguide.service.RewardsService     : Checking if the user d9fafaa9-d548-4f17-b42c-1c9f9c0216f6 already get close from Flatiron Building
2023-09-27T16:51:39.931+02:00 DEBUG 7856 --- [pool-2-thread-1] c.o.tourguide.service.RewardsService     : Calculate distance between -73.989723/40.741112 and 128.5115606012149/31.70671087996901
2023-09-27T16:51:39.931+02:00 DEBUG 7856 --- [pool-2-thread-1] c.o.tourguide.service.RewardsService     : Checking if the user d9fafaa9-d548-4f17-b42c-1c9f9c0216f6 already get close from Fallingwater
2023-09-27T16:51:39.931+02:00 DEBUG 7856 --- [pool-2-thread-1] c.o.tourguide.service.RewardsService     : Calculate distance between -79.468056/39.906113 and 128.5115606012149/31.70671087996901
2023-09-27T16:51:39.931+02:00 DEBUG 7856 --- [pool-2-thread-1] c.o.tourguide.service.RewardsService     : Checking if the user d9fafaa9-d548-4f17-b42c-1c9f9c0216f6 already get close from Union Station
2023-09-27T16:51:39.931+02:00 DEBUG 7856 --- [pool-2-thread-1] c.o.tourguide.service.RewardsService     : Calculate distance between -77.006332/38.897095 and 128.5115606012149/31.70671087996901
2023-09-27T16:51:39.931+02:00 DEBUG 7856 --- [pool-2-thread-1] c.o.tourguide.service.RewardsService     : Checking if the user d9fafaa9-d548-4f17-b42c-1c9f9c0216f6 already get close from Roger Dean Stadium
2023-09-27T16:51:39.931+02:00 DEBUG 7856 --- [pool-2-thread-1] c.o.tourguide.service.RewardsService     : Calculate distance between -80.116577/26.890959 and 128.5115606012149/31.70671087996901
2023-09-27T16:51:39.931+02:00 DEBUG 7856 --- [pool-2-thread-1] c.o.tourguide.service.RewardsService     : Checking if the user d9fafaa9-d548-4f17-b42c-1c9f9c0216f6 already get close from Texas Memorial Stadium
2023-09-27T16:51:39.931+02:00 DEBUG 7856 --- [pool-2-thread-1] c.o.tourguide.service.RewardsService     : Calculate distance between -97.732536/30.283682 and 128.5115606012149/31.70671087996901
2023-09-27T16:51:39.931+02:00 DEBUG 7856 --- [pool-2-thread-1] c.o.tourguide.service.RewardsService     : Checking if the user d9fafaa9-d548-4f17-b42c-1c9f9c0216f6 already get close from Bryant-Denny Stadium
2023-09-27T16:51:39.931+02:00 DEBUG 7856 --- [pool-2-thread-1] c.o.tourguide.service.RewardsService     : Calculate distance between -87.550438/33.208973 and 128.5115606012149/31.70671087996901
2023-09-27T16:51:39.931+02:00 DEBUG 7856 --- [pool-2-thread-1] c.o.tourguide.service.RewardsService     : Checking if the user d9fafaa9-d548-4f17-b42c-1c9f9c0216f6 already get close from Tiger Stadium
2023-09-27T16:51:39.931+02:00 DEBUG 7856 --- [pool-2-thread-1] c.o.tourguide.service.RewardsService     : Calculate distance between -91.183815/30.412035 and 128.5115606012149/31.70671087996901
2023-09-27T16:51:39.931+02:00 DEBUG 7856 --- [pool-2-thread-1] c.o.tourguide.service.RewardsService     : Checking if the user d9fafaa9-d548-4f17-b42c-1c9f9c0216f6 already get close from Neyland Stadium
2023-09-27T16:51:39.931+02:00 DEBUG 7856 --- [pool-2-thread-1] c.o.tourguide.service.RewardsService     : Calculate distance between -83.925011/35.955013 and 128.5115606012149/31.70671087996901
2023-09-27T16:51:39.931+02:00 DEBUG 7856 --- [pool-2-thread-1] c.o.tourguide.service.RewardsService     : Checking if the user d9fafaa9-d548-4f17-b42c-1c9f9c0216f6 already get close from Kyle Field
2023-09-27T16:51:39.931+02:00 DEBUG 7856 --- [pool-2-thread-1] c.o.tourguide.service.RewardsService     : Calculate distance between -96.339844/30.61025 and 128.5115606012149/31.70671087996901
2023-09-27T16:51:39.931+02:00 DEBUG 7856 --- [pool-2-thread-1] c.o.tourguide.service.RewardsService     : Checking if the user d9fafaa9-d548-4f17-b42c-1c9f9c0216f6 already get close from San Diego Zoo
2023-09-27T16:51:39.931+02:00 DEBUG 7856 --- [pool-2-thread-1] c.o.tourguide.service.RewardsService     : Calculate distance between -117.149048/32.735317 and 128.5115606012149/31.70671087996901
2023-09-27T16:51:39.931+02:00 DEBUG 7856 --- [pool-2-thread-1] c.o.tourguide.service.RewardsService     : Checking if the user d9fafaa9-d548-4f17-b42c-1c9f9c0216f6 already get close from Zoo Tampa at Lowry Park
2023-09-27T16:51:39.931+02:00 DEBUG 7856 --- [pool-2-thread-1] c.o.tourguide.service.RewardsService     : Calculate distance between -82.469269/28.012804 and 128.5115606012149/31.70671087996901
2023-09-27T16:51:39.931+02:00 DEBUG 7856 --- [pool-2-thread-1] c.o.tourguide.service.RewardsService     : Checking if the user d9fafaa9-d548-4f17-b42c-1c9f9c0216f6 already get close from Franklin Park Zoo
2023-09-27T16:51:39.931+02:00 DEBUG 7856 --- [pool-2-thread-1] c.o.tourguide.service.RewardsService     : Calculate distance between -71.086731/42.302601 and 128.5115606012149/31.70671087996901
2023-09-27T16:51:39.931+02:00 DEBUG 7856 --- [pool-2-thread-1] c.o.tourguide.service.RewardsService     : Checking if the user d9fafaa9-d548-4f17-b42c-1c9f9c0216f6 already get close from El Paso Zoo
2023-09-27T16:51:39.931+02:00 DEBUG 7856 --- [pool-2-thread-1] c.o.tourguide.service.RewardsService     : Calculate distance between -106.44487/31.769125 and 128.5115606012149/31.70671087996901
2023-09-27T16:51:39.931+02:00 DEBUG 7856 --- [pool-2-thread-1] c.o.tourguide.service.RewardsService     : Checking if the user d9fafaa9-d548-4f17-b42c-1c9f9c0216f6 already get close from Kansas City Zoo
2023-09-27T16:51:39.931+02:00 DEBUG 7856 --- [pool-2-thread-1] c.o.tourguide.service.RewardsService     : Calculate distance between -94.529625/39.007504 and 128.5115606012149/31.70671087996901
2023-09-27T16:51:39.931+02:00 DEBUG 7856 --- [pool-2-thread-1] c.o.tourguide.service.RewardsService     : Checking if the user d9fafaa9-d548-4f17-b42c-1c9f9c0216f6 already get close from Bronx Zoo
2023-09-27T16:51:39.931+02:00 DEBUG 7856 --- [pool-2-thread-1] c.o.tourguide.service.RewardsService     : Calculate distance between -73.872971/40.852905 and 128.5115606012149/31.70671087996901
2023-09-27T16:51:39.931+02:00 DEBUG 7856 --- [pool-2-thread-1] c.o.tourguide.service.RewardsService     : Checking if the user d9fafaa9-d548-4f17-b42c-1c9f9c0216f6 already get close from Cinderella Castle
2023-09-27T16:51:39.931+02:00 DEBUG 7856 --- [pool-2-thread-1] c.o.tourguide.service.RewardsService     : Calculate distance between -81.5812/28.419411 and 128.5115606012149/31.70671087996901
2023-09-27T16:51:39.931+02:00 DEBUG 7856 --- [pool-2-thread-1] c.o.tourguide.service.RewardsService     : Checking if the user d9fafaa9-d548-4f17-b42c-1c9f9c0216f6 already get close from Disneyland
2023-09-27T16:51:39.931+02:00 DEBUG 7856 --- [pool-2-thread-1] c.o.tourguide.service.RewardsService     : Calculate distance between -117.922008/33.817595 and -102.448362/4.980394
2023-09-27T16:51:39.931+02:00 DEBUG 7856 --- [pool-2-thread-1] c.o.tourguide.service.RewardsService     : Checking if the user d9fafaa9-d548-4f17-b42c-1c9f9c0216f6 already get close from Jackson Hole
2023-09-27T16:51:39.931+02:00 DEBUG 7856 --- [pool-2-thread-1] c.o.tourguide.service.RewardsService     : Calculate distance between -110.821999/43.582767 and -102.448362/4.980394
2023-09-27T16:51:39.931+02:00 DEBUG 7856 --- [pool-2-thread-1] c.o.tourguide.service.RewardsService     : Checking if the user d9fafaa9-d548-4f17-b42c-1c9f9c0216f6 already get close from Mojave National Preserve
2023-09-27T16:51:39.931+02:00 DEBUG 7856 --- [pool-2-thread-1] c.o.tourguide.service.RewardsService     : Calculate distance between -115.510399/35.141689 and -102.448362/4.980394
2023-09-27T16:51:39.931+02:00 DEBUG 7856 --- [pool-2-thread-1] c.o.tourguide.service.RewardsService     : Checking if the user d9fafaa9-d548-4f17-b42c-1c9f9c0216f6 already get close from Joshua Tree National Park
2023-09-27T16:51:39.931+02:00 DEBUG 7856 --- [pool-2-thread-1] c.o.tourguide.service.RewardsService     : Calculate distance between -115.90065/33.881866 and -102.448362/4.980394
2023-09-27T16:51:39.931+02:00 DEBUG 7856 --- [pool-2-thread-1] c.o.tourguide.service.RewardsService     : Checking if the user d9fafaa9-d548-4f17-b42c-1c9f9c0216f6 already get close from Buffalo National River
2023-09-27T16:51:39.931+02:00 DEBUG 7856 --- [pool-2-thread-1] c.o.tourguide.service.RewardsService     : Calculate distance between -92.757652/35.985512 and -102.448362/4.980394
2023-09-27T16:51:39.931+02:00 DEBUG 7856 --- [pool-2-thread-1] c.o.tourguide.service.RewardsService     : Checking if the user d9fafaa9-d548-4f17-b42c-1c9f9c0216f6 already get close from Hot Springs National Park
2023-09-27T16:51:39.931+02:00 DEBUG 7856 --- [pool-2-thread-1] c.o.tourguide.service.RewardsService     : Calculate distance between -93.042267/34.52153 and -102.448362/4.980394
2023-09-27T16:51:39.931+02:00 DEBUG 7856 --- [pool-2-thread-1] c.o.tourguide.service.RewardsService     : Checking if the user d9fafaa9-d548-4f17-b42c-1c9f9c0216f6 already get close from Kartchner Caverns State Park
2023-09-27T16:51:39.931+02:00 DEBUG 7856 --- [pool-2-thread-1] c.o.tourguide.service.RewardsService     : Calculate distance between -110.347382/31.837551 and -102.448362/4.980394
2023-09-27T16:51:39.931+02:00 DEBUG 7856 --- [pool-2-thread-1] c.o.tourguide.service.RewardsService     : Checking if the user d9fafaa9-d548-4f17-b42c-1c9f9c0216f6 already get close from Legend Valley
2023-09-27T16:51:39.931+02:00 DEBUG 7856 --- [pool-2-thread-1] c.o.tourguide.service.RewardsService     : Calculate distance between -82.40667/39.937778 and -102.448362/4.980394
2023-09-27T16:51:39.931+02:00 DEBUG 7856 --- [pool-2-thread-1] c.o.tourguide.service.RewardsService     : Checking if the user d9fafaa9-d548-4f17-b42c-1c9f9c0216f6 already get close from Flowers Bakery of London
2023-09-27T16:51:39.931+02:00 DEBUG 7856 --- [pool-2-thread-1] c.o.tourguide.service.RewardsService     : Calculate distance between -84.07486/37.131527 and -102.448362/4.980394
2023-09-27T16:51:39.931+02:00 DEBUG 7856 --- [pool-2-thread-1] c.o.tourguide.service.RewardsService     : Checking if the user d9fafaa9-d548-4f17-b42c-1c9f9c0216f6 already get close from McKinley Tower
2023-09-27T16:51:39.931+02:00 DEBUG 7856 --- [pool-2-thread-1] c.o.tourguide.service.RewardsService     : Calculate distance between -149.877502/61.218887 and -102.448362/4.980394
2023-09-27T16:51:39.931+02:00 DEBUG 7856 --- [pool-2-thread-1] c.o.tourguide.service.RewardsService     : Checking if the user d9fafaa9-d548-4f17-b42c-1c9f9c0216f6 already get close from Flatiron Building
2023-09-27T16:51:39.931+02:00 DEBUG 7856 --- [pool-2-thread-1] c.o.tourguide.service.RewardsService     : Calculate distance between -73.989723/40.741112 and -102.448362/4.980394
2023-09-27T16:51:39.931+02:00 DEBUG 7856 --- [pool-2-thread-1] c.o.tourguide.service.RewardsService     : Checking if the user d9fafaa9-d548-4f17-b42c-1c9f9c0216f6 already get close from Fallingwater
2023-09-27T16:51:39.931+02:00 DEBUG 7856 --- [pool-2-thread-1] c.o.tourguide.service.RewardsService     : Calculate distance between -79.468056/39.906113 and -102.448362/4.980394
2023-09-27T16:51:39.931+02:00 DEBUG 7856 --- [pool-2-thread-1] c.o.tourguide.service.RewardsService     : Checking if the user d9fafaa9-d548-4f17-b42c-1c9f9c0216f6 already get close from Union Station
2023-09-27T16:51:39.931+02:00 DEBUG 7856 --- [pool-2-thread-1] c.o.tourguide.service.RewardsService     : Calculate distance between -77.006332/38.897095 and -102.448362/4.980394
2023-09-27T16:51:39.931+02:00 DEBUG 7856 --- [pool-2-thread-1] c.o.tourguide.service.RewardsService     : Checking if the user d9fafaa9-d548-4f17-b42c-1c9f9c0216f6 already get close from Roger Dean Stadium
2023-09-27T16:51:39.931+02:00 DEBUG 7856 --- [pool-2-thread-1] c.o.tourguide.service.RewardsService     : Calculate distance between -80.116577/26.890959 and -102.448362/4.980394
2023-09-27T16:51:39.931+02:00 DEBUG 7856 --- [pool-2-thread-1] c.o.tourguide.service.RewardsService     : Checking if the user d9fafaa9-d548-4f17-b42c-1c9f9c0216f6 already get close from Texas Memorial Stadium
2023-09-27T16:51:39.931+02:00 DEBUG 7856 --- [pool-2-thread-1] c.o.tourguide.service.RewardsService     : Calculate distance between -97.732536/30.283682 and -102.448362/4.980394
2023-09-27T16:51:39.931+02:00 DEBUG 7856 --- [pool-2-thread-1] c.o.tourguide.service.RewardsService     : Checking if the user d9fafaa9-d548-4f17-b42c-1c9f9c0216f6 already get close from Bryant-Denny Stadium
2023-09-27T16:51:39.931+02:00 DEBUG 7856 --- [pool-2-thread-1] c.o.tourguide.service.RewardsService     : Calculate distance between -87.550438/33.208973 and -102.448362/4.980394
2023-09-27T16:51:39.931+02:00 DEBUG 7856 --- [pool-2-thread-1] c.o.tourguide.service.RewardsService     : Checking if the user d9fafaa9-d548-4f17-b42c-1c9f9c0216f6 already get close from Tiger Stadium
2023-09-27T16:51:39.931+02:00 DEBUG 7856 --- [pool-2-thread-1] c.o.tourguide.service.RewardsService     : Calculate distance between -91.183815/30.412035 and -102.448362/4.980394
2023-09-27T16:51:39.931+02:00 DEBUG 7856 --- [pool-2-thread-1] c.o.tourguide.service.RewardsService     : Checking if the user d9fafaa9-d548-4f17-b42c-1c9f9c0216f6 already get close from Neyland Stadium
2023-09-27T16:51:39.932+02:00 DEBUG 7856 --- [pool-2-thread-1] c.o.tourguide.service.RewardsService     : Calculate distance between -83.925011/35.955013 and -102.448362/4.980394
2023-09-27T16:51:39.932+02:00 DEBUG 7856 --- [pool-2-thread-1] c.o.tourguide.service.RewardsService     : Checking if the user d9fafaa9-d548-4f17-b42c-1c9f9c0216f6 already get close from Kyle Field
2023-09-27T16:51:39.932+02:00 DEBUG 7856 --- [pool-2-thread-1] c.o.tourguide.service.RewardsService     : Calculate distance between -96.339844/30.61025 and -102.448362/4.980394
2023-09-27T16:51:39.932+02:00 DEBUG 7856 --- [pool-2-thread-1] c.o.tourguide.service.RewardsService     : Checking if the user d9fafaa9-d548-4f17-b42c-1c9f9c0216f6 already get close from San Diego Zoo
2023-09-27T16:51:39.932+02:00 DEBUG 7856 --- [pool-2-thread-1] c.o.tourguide.service.RewardsService     : Calculate distance between -117.149048/32.735317 and -102.448362/4.980394
2023-09-27T16:51:39.932+02:00 DEBUG 7856 --- [pool-2-thread-1] c.o.tourguide.service.RewardsService     : Checking if the user d9fafaa9-d548-4f17-b42c-1c9f9c0216f6 already get close from Zoo Tampa at Lowry Park
2023-09-27T16:51:39.932+02:00 DEBUG 7856 --- [pool-2-thread-1] c.o.tourguide.service.RewardsService     : Calculate distance between -82.469269/28.012804 and -102.448362/4.980394
2023-09-27T16:51:39.932+02:00 DEBUG 7856 --- [pool-2-thread-1] c.o.tourguide.service.RewardsService     : Checking if the user d9fafaa9-d548-4f17-b42c-1c9f9c0216f6 already get close from Franklin Park Zoo
2023-09-27T16:51:39.932+02:00 DEBUG 7856 --- [pool-2-thread-1] c.o.tourguide.service.RewardsService     : Calculate distance between -71.086731/42.302601 and -102.448362/4.980394
2023-09-27T16:51:39.932+02:00 DEBUG 7856 --- [pool-2-thread-1] c.o.tourguide.service.RewardsService     : Checking if the user d9fafaa9-d548-4f17-b42c-1c9f9c0216f6 already get close from El Paso Zoo
2023-09-27T16:51:39.932+02:00 DEBUG 7856 --- [pool-2-thread-1] c.o.tourguide.service.RewardsService     : Calculate distance between -106.44487/31.769125 and -102.448362/4.980394
2023-09-27T16:51:39.932+02:00 DEBUG 7856 --- [pool-2-thread-1] c.o.tourguide.service.RewardsService     : Checking if the user d9fafaa9-d548-4f17-b42c-1c9f9c0216f6 already get close from Kansas City Zoo
2023-09-27T16:51:39.932+02:00 DEBUG 7856 --- [pool-2-thread-1] c.o.tourguide.service.RewardsService     : Calculate distance between -94.529625/39.007504 and -102.448362/4.980394
2023-09-27T16:51:39.932+02:00 DEBUG 7856 --- [pool-2-thread-1] c.o.tourguide.service.RewardsService     : Checking if the user d9fafaa9-d548-4f17-b42c-1c9f9c0216f6 already get close from Bronx Zoo
2023-09-27T16:51:39.932+02:00 DEBUG 7856 --- [pool-2-thread-1] c.o.tourguide.service.RewardsService     : Calculate distance between -73.872971/40.852905 and -102.448362/4.980394
2023-09-27T16:51:39.932+02:00 DEBUG 7856 --- [pool-2-thread-1] c.o.tourguide.service.RewardsService     : Checking if the user d9fafaa9-d548-4f17-b42c-1c9f9c0216f6 already get close from Cinderella Castle
2023-09-27T16:51:39.932+02:00 DEBUG 7856 --- [pool-2-thread-1] c.o.tourguide.service.RewardsService     : Calculate distance between -81.5812/28.419411 and -102.448362/4.980394
2023-09-27T16:51:39.932+02:00 DEBUG 7856 --- [pool-2-thread-1] c.o.tourguide.service.RewardsService     : Checking if the user d9fafaa9-d548-4f17-b42c-1c9f9c0216f6 already get close from Disneyland
2023-09-27T16:51:39.932+02:00 DEBUG 7856 --- [pool-2-thread-1] c.o.tourguide.service.RewardsService     : Calculate distance between -117.922008/33.817595 and 18.777751/61.190953
2023-09-27T16:51:39.932+02:00 DEBUG 7856 --- [pool-2-thread-1] c.o.tourguide.service.RewardsService     : Checking if the user d9fafaa9-d548-4f17-b42c-1c9f9c0216f6 already get close from Jackson Hole
2023-09-27T16:51:39.932+02:00 DEBUG 7856 --- [pool-2-thread-1] c.o.tourguide.service.RewardsService     : Calculate distance between -110.821999/43.582767 and 18.777751/61.190953
2023-09-27T16:51:39.932+02:00 DEBUG 7856 --- [pool-2-thread-1] c.o.tourguide.service.RewardsService     : Checking if the user d9fafaa9-d548-4f17-b42c-1c9f9c0216f6 already get close from Mojave National Preserve
2023-09-27T16:51:39.932+02:00 DEBUG 7856 --- [pool-2-thread-1] c.o.tourguide.service.RewardsService     : Calculate distance between -115.510399/35.141689 and 18.777751/61.190953
2023-09-27T16:51:39.932+02:00 DEBUG 7856 --- [pool-2-thread-1] c.o.tourguide.service.RewardsService     : Checking if the user d9fafaa9-d548-4f17-b42c-1c9f9c0216f6 already get close from Joshua Tree National Park
2023-09-27T16:51:39.932+02:00 DEBUG 7856 --- [pool-2-thread-1] c.o.tourguide.service.RewardsService     : Calculate distance between -115.90065/33.881866 and 18.777751/61.190953
2023-09-27T16:51:39.932+02:00 DEBUG 7856 --- [pool-2-thread-1] c.o.tourguide.service.RewardsService     : Checking if the user d9fafaa9-d548-4f17-b42c-1c9f9c0216f6 already get close from Buffalo National River
2023-09-27T16:51:39.932+02:00 DEBUG 7856 --- [pool-2-thread-1] c.o.tourguide.service.RewardsService     : Calculate distance between -92.757652/35.985512 and 18.777751/61.190953
2023-09-27T16:51:39.932+02:00 DEBUG 7856 --- [pool-2-thread-1] c.o.tourguide.service.RewardsService     : Checking if the user d9fafaa9-d548-4f17-b42c-1c9f9c0216f6 already get close from Hot Springs National Park
2023-09-27T16:51:39.932+02:00 DEBUG 7856 --- [pool-2-thread-1] c.o.tourguide.service.RewardsService     : Calculate distance between -93.042267/34.52153 and 18.777751/61.190953
2023-09-27T16:51:39.932+02:00 DEBUG 7856 --- [pool-2-thread-1] c.o.tourguide.service.RewardsService     : Checking if the user d9fafaa9-d548-4f17-b42c-1c9f9c0216f6 already get close from Kartchner Caverns State Park
2023-09-27T16:51:39.932+02:00 DEBUG 7856 --- [pool-2-thread-1] c.o.tourguide.service.RewardsService     : Calculate distance between -110.347382/31.837551 and 18.777751/61.190953
2023-09-27T16:51:39.932+02:00 DEBUG 7856 --- [pool-2-thread-1] c.o.tourguide.service.RewardsService     : Checking if the user d9fafaa9-d548-4f17-b42c-1c9f9c0216f6 already get close from Legend Valley
2023-09-27T16:51:39.932+02:00 DEBUG 7856 --- [pool-2-thread-1] c.o.tourguide.service.RewardsService     : Calculate distance between -82.40667/39.937778 and 18.777751/61.190953
2023-09-27T16:51:39.932+02:00 DEBUG 7856 --- [pool-2-thread-1] c.o.tourguide.service.RewardsService     : Checking if the user d9fafaa9-d548-4f17-b42c-1c9f9c0216f6 already get close from Flowers Bakery of London
2023-09-27T16:51:39.932+02:00 DEBUG 7856 --- [pool-2-thread-1] c.o.tourguide.service.RewardsService     : Calculate distance between -84.07486/37.131527 and 18.777751/61.190953
2023-09-27T16:51:39.932+02:00 DEBUG 7856 --- [pool-2-thread-1] c.o.tourguide.service.RewardsService     : Checking if the user d9fafaa9-d548-4f17-b42c-1c9f9c0216f6 already get close from McKinley Tower
2023-09-27T16:51:39.932+02:00 DEBUG 7856 --- [pool-2-thread-1] c.o.tourguide.service.RewardsService     : Calculate distance between -149.877502/61.218887 and 18.777751/61.190953
2023-09-27T16:51:39.932+02:00 DEBUG 7856 --- [pool-2-thread-1] c.o.tourguide.service.RewardsService     : Checking if the user d9fafaa9-d548-4f17-b42c-1c9f9c0216f6 already get close from Flatiron Building
2023-09-27T16:51:39.932+02:00 DEBUG 7856 --- [pool-2-thread-1] c.o.tourguide.service.RewardsService     : Calculate distance between -73.989723/40.741112 and 18.777751/61.190953
2023-09-27T16:51:39.932+02:00 DEBUG 7856 --- [pool-2-thread-1] c.o.tourguide.service.RewardsService     : Checking if the user d9fafaa9-d548-4f17-b42c-1c9f9c0216f6 already get close from Fallingwater
2023-09-27T16:51:39.932+02:00 DEBUG 7856 --- [pool-2-thread-1] c.o.tourguide.service.RewardsService     : Calculate distance between -79.468056/39.906113 and 18.777751/61.190953
2023-09-27T16:51:39.932+02:00 DEBUG 7856 --- [pool-2-thread-1] c.o.tourguide.service.RewardsService     : Checking if the user d9fafaa9-d548-4f17-b42c-1c9f9c0216f6 already get close from Union Station
2023-09-27T16:51:39.932+02:00 DEBUG 7856 --- [pool-2-thread-1] c.o.tourguide.service.RewardsService     : Calculate distance between -77.006332/38.897095 and 18.777751/61.190953
2023-09-27T16:51:39.932+02:00 DEBUG 7856 --- [pool-2-thread-1] c.o.tourguide.service.RewardsService     : Checking if the user d9fafaa9-d548-4f17-b42c-1c9f9c0216f6 already get close from Roger Dean Stadium
2023-09-27T16:51:39.932+02:00 DEBUG 7856 --- [pool-2-thread-1] c.o.tourguide.service.RewardsService     : Calculate distance between -80.116577/26.890959 and 18.777751/61.190953
2023-09-27T16:51:39.932+02:00 DEBUG 7856 --- [pool-2-thread-1] c.o.tourguide.service.RewardsService     : Checking if the user d9fafaa9-d548-4f17-b42c-1c9f9c0216f6 already get close from Texas Memorial Stadium
2023-09-27T16:51:39.932+02:00 DEBUG 7856 --- [pool-2-thread-1] c.o.tourguide.service.RewardsService     : Calculate distance between -97.732536/30.283682 and 18.777751/61.190953
2023-09-27T16:51:39.932+02:00 DEBUG 7856 --- [pool-2-thread-1] c.o.tourguide.service.RewardsService     : Checking if the user d9fafaa9-d548-4f17-b42c-1c9f9c0216f6 already get close from Bryant-Denny Stadium
2023-09-27T16:51:39.932+02:00 DEBUG 7856 --- [pool-2-thread-1] c.o.tourguide.service.RewardsService     : Calculate distance between -87.550438/33.208973 and 18.777751/61.190953
2023-09-27T16:51:39.932+02:00 DEBUG 7856 --- [pool-2-thread-1] c.o.tourguide.service.RewardsService     : Checking if the user d9fafaa9-d548-4f17-b42c-1c9f9c0216f6 already get close from Tiger Stadium
2023-09-27T16:51:39.932+02:00 DEBUG 7856 --- [pool-2-thread-1] c.o.tourguide.service.RewardsService     : Calculate distance between -91.183815/30.412035 and 18.777751/61.190953
2023-09-27T16:51:39.932+02:00 DEBUG 7856 --- [pool-2-thread-1] c.o.tourguide.service.RewardsService     : Checking if the user d9fafaa9-d548-4f17-b42c-1c9f9c0216f6 already get close from Neyland Stadium
2023-09-27T16:51:39.932+02:00 DEBUG 7856 --- [pool-2-thread-1] c.o.tourguide.service.RewardsService     : Calculate distance between -83.925011/35.955013 and 18.777751/61.190953
2023-09-27T16:51:39.932+02:00 DEBUG 7856 --- [pool-2-thread-1] c.o.tourguide.service.RewardsService     : Checking if the user d9fafaa9-d548-4f17-b42c-1c9f9c0216f6 already get close from Kyle Field
2023-09-27T16:51:39.932+02:00 DEBUG 7856 --- [pool-2-thread-1] c.o.tourguide.service.RewardsService     : Calculate distance between -96.339844/30.61025 and 18.777751/61.190953
2023-09-27T16:51:39.932+02:00 DEBUG 7856 --- [pool-2-thread-1] c.o.tourguide.service.RewardsService     : Checking if the user d9fafaa9-d548-4f17-b42c-1c9f9c0216f6 already get close from San Diego Zoo
2023-09-27T16:51:39.932+02:00 DEBUG 7856 --- [pool-2-thread-1] c.o.tourguide.service.RewardsService     : Calculate distance between -117.149048/32.735317 and 18.777751/61.190953
2023-09-27T16:51:39.932+02:00 DEBUG 7856 --- [pool-2-thread-1] c.o.tourguide.service.RewardsService     : Checking if the user d9fafaa9-d548-4f17-b42c-1c9f9c0216f6 already get close from Zoo Tampa at Lowry Park
2023-09-27T16:51:39.932+02:00 DEBUG 7856 --- [pool-2-thread-1] c.o.tourguide.service.RewardsService     : Calculate distance between -82.469269/28.012804 and 18.777751/61.190953
2023-09-27T16:51:39.932+02:00 DEBUG 7856 --- [pool-2-thread-1] c.o.tourguide.service.RewardsService     : Checking if the user d9fafaa9-d548-4f17-b42c-1c9f9c0216f6 already get close from Franklin Park Zoo
2023-09-27T16:51:39.932+02:00 DEBUG 7856 --- [pool-2-thread-1] c.o.tourguide.service.RewardsService     : Calculate distance between -71.086731/42.302601 and 18.777751/61.190953
2023-09-27T16:51:39.932+02:00 DEBUG 7856 --- [pool-2-thread-1] c.o.tourguide.service.RewardsService     : Checking if the user d9fafaa9-d548-4f17-b42c-1c9f9c0216f6 already get close from El Paso Zoo
2023-09-27T16:51:39.932+02:00 DEBUG 7856 --- [pool-2-thread-1] c.o.tourguide.service.RewardsService     : Calculate distance between -106.44487/31.769125 and 18.777751/61.190953
2023-09-27T16:51:39.932+02:00 DEBUG 7856 --- [pool-2-thread-1] c.o.tourguide.service.RewardsService     : Checking if the user d9fafaa9-d548-4f17-b42c-1c9f9c0216f6 already get close from Kansas City Zoo
2023-09-27T16:51:39.932+02:00 DEBUG 7856 --- [pool-2-thread-1] c.o.tourguide.service.RewardsService     : Calculate distance between -94.529625/39.007504 and 18.777751/61.190953
2023-09-27T16:51:39.932+02:00 DEBUG 7856 --- [pool-2-thread-1] c.o.tourguide.service.RewardsService     : Checking if the user d9fafaa9-d548-4f17-b42c-1c9f9c0216f6 already get close from Bronx Zoo
2023-09-27T16:51:39.932+02:00 DEBUG 7856 --- [pool-2-thread-1] c.o.tourguide.service.RewardsService     : Calculate distance between -73.872971/40.852905 and 18.777751/61.190953
2023-09-27T16:51:39.932+02:00 DEBUG 7856 --- [pool-2-thread-1] c.o.tourguide.service.RewardsService     : Checking if the user d9fafaa9-d548-4f17-b42c-1c9f9c0216f6 already get close from Cinderella Castle
2023-09-27T16:51:39.932+02:00 DEBUG 7856 --- [pool-2-thread-1] c.o.tourguide.service.RewardsService     : Calculate distance between -81.5812/28.419411 and 18.777751/61.190953
2023-09-27T16:51:39.932+02:00 DEBUG 7856 --- [pool-2-thread-1] c.o.tourguide.service.RewardsService     : Trying to add 0 rewards
2023-09-27T16:51:39.989+02:00  INFO 7856 --- [pool-2-thread-1] c.o.tourguide.service.TourGuideService   : Adding the current location to the user internalUser6477
2023-09-27T16:51:39.989+02:00 DEBUG 7856 --- [pool-2-thread-1] c.o.tourguide.service.RewardsService     : calculate reward for internalUser6477 on his 5 known locations
2023-09-27T16:51:40.000+02:00 DEBUG 7856 --- [pool-2-thread-1] c.o.tourguide.service.RewardsService     : Checking if the user 8db2fdee-72c3-421c-bcdb-c0c63bec1721 already get close from Disneyland
2023-09-27T16:51:40.000+02:00 DEBUG 7856 --- [pool-2-thread-1] c.o.tourguide.service.RewardsService     : Calculate distance between -117.922008/33.817595 and 113.68588873047946/13.064156224857186
2023-09-27T16:51:40.000+02:00 DEBUG 7856 --- [pool-2-thread-1] c.o.tourguide.service.RewardsService     : Checking if the user 8db2fdee-72c3-421c-bcdb-c0c63bec1721 already get close from Jackson Hole
2023-09-27T16:51:40.000+02:00 DEBUG 7856 --- [pool-2-thread-1] c.o.tourguide.service.RewardsService     : Calculate distance between -110.821999/43.582767 and 113.68588873047946/13.064156224857186
2023-09-27T16:51:40.000+02:00 DEBUG 7856 --- [pool-2-thread-1] c.o.tourguide.service.RewardsService     : Checking if the user 8db2fdee-72c3-421c-bcdb-c0c63bec1721 already get close from Mojave National Preserve
2023-09-27T16:51:40.000+02:00 DEBUG 7856 --- [pool-2-thread-1] c.o.tourguide.service.RewardsService     : Calculate distance between -115.510399/35.141689 and 113.68588873047946/13.064156224857186
2023-09-27T16:51:40.000+02:00 DEBUG 7856 --- [pool-2-thread-1] c.o.tourguide.service.RewardsService     : Checking if the user 8db2fdee-72c3-421c-bcdb-c0c63bec1721 already get close from Joshua Tree National Park
2023-09-27T16:51:40.000+02:00 DEBUG 7856 --- [pool-2-thread-1] c.o.tourguide.service.RewardsService     : Calculate distance between -115.90065/33.881866 and 113.68588873047946/13.064156224857186
2023-09-27T16:51:40.000+02:00 DEBUG 7856 --- [pool-2-thread-1] c.o.tourguide.service.RewardsService     : Checking if the user 8db2fdee-72c3-421c-bcdb-c0c63bec1721 already get close from Buffalo National River
2023-09-27T16:51:40.000+02:00 DEBUG 7856 --- [pool-2-thread-1] c.o.tourguide.service.RewardsService     : Calculate distance between -92.757652/35.985512 and 113.68588873047946/13.064156224857186
2023-09-27T16:51:40.000+02:00 DEBUG 7856 --- [pool-2-thread-1] c.o.tourguide.service.RewardsService     : Checking if the user 8db2fdee-72c3-421c-bcdb-c0c63bec1721 already get close from Hot Springs National Park
2023-09-27T16:51:40.000+02:00 DEBUG 7856 --- [pool-2-thread-1] c.o.tourguide.service.RewardsService     : Calculate distance between -93.042267/34.52153 and 113.68588873047946/13.064156224857186
2023-09-27T16:51:40.000+02:00 DEBUG 7856 --- [pool-2-thread-1] c.o.tourguide.service.RewardsService     : Checking if the user 8db2fdee-72c3-421c-bcdb-c0c63bec1721 already get close from Kartchner Caverns State Park
2023-09-27T16:51:40.000+02:00 DEBUG 7856 --- [pool-2-thread-1] c.o.tourguide.service.RewardsService     : Calculate distance between -110.347382/31.837551 and 113.68588873047946/13.064156224857186
2023-09-27T16:51:40.000+02:00 DEBUG 7856 --- [pool-2-thread-1] c.o.tourguide.service.RewardsService     : Checking if the user 8db2fdee-72c3-421c-bcdb-c0c63bec1721 already get close from Legend Valley
2023-09-27T16:51:40.000+02:00 DEBUG 7856 --- [pool-2-thread-1] c.o.tourguide.service.RewardsService     : Calculate distance between -82.40667/39.937778 and 113.68588873047946/13.064156224857186
2023-09-27T16:51:40.000+02:00 DEBUG 7856 --- [pool-2-thread-1] c.o.tourguide.service.RewardsService     : Checking if the user 8db2fdee-72c3-421c-bcdb-c0c63bec1721 already get close from Flowers Bakery of London
2023-09-27T16:51:40.000+02:00 DEBUG 7856 --- [pool-2-thread-1] c.o.tourguide.service.RewardsService     : Calculate distance between -84.07486/37.131527 and 113.68588873047946/13.064156224857186
2023-09-27T16:51:40.000+02:00 DEBUG 7856 --- [pool-2-thread-1] c.o.tourguide.service.RewardsService     : Checking if the user 8db2fdee-72c3-421c-bcdb-c0c63bec1721 already get close from McKinley Tower
2023-09-27T16:51:40.000+02:00 DEBUG 7856 --- [pool-2-thread-1] c.o.tourguide.service.RewardsService     : Calculate distance between -149.877502/61.218887 and 113.68588873047946/13.064156224857186
2023-09-27T16:51:40.000+02:00 DEBUG 7856 --- [pool-2-thread-1] c.o.tourguide.service.RewardsService     : Checking if the user 8db2fdee-72c3-421c-bcdb-c0c63bec1721 already get close from Flatiron Building
2023-09-27T16:51:40.000+02:00 DEBUG 7856 --- [pool-2-thread-1] c.o.tourguide.service.RewardsService     : Calculate distance between -73.989723/40.741112 and 113.68588873047946/13.064156224857186
2023-09-27T16:51:40.000+02:00 DEBUG 7856 --- [pool-2-thread-1] c.o.tourguide.service.RewardsService     : Checking if the user 8db2fdee-72c3-421c-bcdb-c0c63bec1721 already get close from Fallingwater
2023-09-27T16:51:40.000+02:00 DEBUG 7856 --- [pool-2-thread-1] c.o.tourguide.service.RewardsService     : Calculate distance between -79.468056/39.906113 and 113.68588873047946/13.064156224857186
2023-09-27T16:51:40.000+02:00 DEBUG 7856 --- [pool-2-thread-1] c.o.tourguide.service.RewardsService     : Checking if the user 8db2fdee-72c3-421c-bcdb-c0c63bec1721 already get close from Union Station
2023-09-27T16:51:40.000+02:00 DEBUG 7856 --- [pool-2-thread-1] c.o.tourguide.service.RewardsService     : Calculate distance between -77.006332/38.897095 and 113.68588873047946/13.064156224857186
2023-09-27T16:51:40.000+02:00 DEBUG 7856 --- [pool-2-thread-1] c.o.tourguide.service.RewardsService     : Checking if the user 8db2fdee-72c3-421c-bcdb-c0c63bec1721 already get close from Roger Dean Stadium
2023-09-27T16:51:40.000+02:00 DEBUG 7856 --- [pool-2-thread-1] c.o.tourguide.service.RewardsService     : Calculate distance between -80.116577/26.890959 and 113.68588873047946/13.064156224857186
2023-09-27T16:51:40.000+02:00 DEBUG 7856 --- [pool-2-thread-1] c.o.tourguide.service.RewardsService     : Checking if the user 8db2fdee-72c3-421c-bcdb-c0c63bec1721 already get close from Texas Memorial Stadium
2023-09-27T16:51:40.000+02:00 DEBUG 7856 --- [pool-2-thread-1] c.o.tourguide.service.RewardsService     : Calculate distance between -97.732536/30.283682 and 113.68588873047946/13.064156224857186
2023-09-27T16:51:40.000+02:00 DEBUG 7856 --- [pool-2-thread-1] c.o.tourguide.service.RewardsService     : Checking if the user 8db2fdee-72c3-421c-bcdb-c0c63bec1721 already get close from Bryant-Denny Stadium
2023-09-27T16:51:40.000+02:00 DEBUG 7856 --- [pool-2-thread-1] c.o.tourguide.service.RewardsService     : Calculate distance between -87.550438/33.208973 and 113.68588873047946/13.064156224857186
2023-09-27T16:51:40.000+02:00 DEBUG 7856 --- [pool-2-thread-1] c.o.tourguide.service.RewardsService     : Checking if the user 8db2fdee-72c3-421c-bcdb-c0c63bec1721 already get close from Tiger Stadium
2023-09-27T16:51:40.000+02:00 DEBUG 7856 --- [pool-2-thread-1] c.o.tourguide.service.RewardsService     : Calculate distance between -91.183815/30.412035 and 113.68588873047946/13.064156224857186
2023-09-27T16:51:40.000+02:00 DEBUG 7856 --- [pool-2-thread-1] c.o.tourguide.service.RewardsService     : Checking if the user 8db2fdee-72c3-421c-bcdb-c0c63bec1721 already get close from Neyland Stadium
2023-09-27T16:51:40.000+02:00 DEBUG 7856 --- [pool-2-thread-1] c.o.tourguide.service.RewardsService     : Calculate distance between -83.925011/35.955013 and 113.68588873047946/13.064156224857186
2023-09-27T16:51:40.000+02:00 DEBUG 7856 --- [pool-2-thread-1] c.o.tourguide.service.RewardsService     : Checking if the user 8db2fdee-72c3-421c-bcdb-c0c63bec1721 already get close from Kyle Field
2023-09-27T16:51:40.000+02:00 DEBUG 7856 --- [pool-2-thread-1] c.o.tourguide.service.RewardsService     : Calculate distance between -96.339844/30.61025 and 113.68588873047946/13.064156224857186
2023-09-27T16:51:40.000+02:00 DEBUG 7856 --- [pool-2-thread-1] c.o.tourguide.service.RewardsService     : Checking if the user 8db2fdee-72c3-421c-bcdb-c0c63bec1721 already get close from San Diego Zoo
2023-09-27T16:51:40.000+02:00 DEBUG 7856 --- [pool-2-thread-1] c.o.tourguide.service.RewardsService     : Calculate distance between -117.149048/32.735317 and 113.68588873047946/13.064156224857186
2023-09-27T16:51:40.000+02:00 DEBUG 7856 --- [pool-2-thread-1] c.o.tourguide.service.RewardsService     : Checking if the user 8db2fdee-72c3-421c-bcdb-c0c63bec1721 already get close from Zoo Tampa at Lowry Park
2023-09-27T16:51:40.000+02:00 DEBUG 7856 --- [pool-2-thread-1] c.o.tourguide.service.RewardsService     : Calculate distance between -82.469269/28.012804 and 113.68588873047946/13.064156224857186
2023-09-27T16:51:40.000+02:00 DEBUG 7856 --- [pool-2-thread-1] c.o.tourguide.service.RewardsService     : Checking if the user 8db2fdee-72c3-421c-bcdb-c0c63bec1721 already get close from Franklin Park Zoo
2023-09-27T16:51:40.000+02:00 DEBUG 7856 --- [pool-2-thread-1] c.o.tourguide.service.RewardsService     : Calculate distance between -71.086731/42.302601 and 113.68588873047946/13.064156224857186
2023-09-27T16:51:40.000+02:00 DEBUG 7856 --- [pool-2-thread-1] c.o.tourguide.service.RewardsService     : Checking if the user 8db2fdee-72c3-421c-bcdb-c0c63bec1721 already get close from El Paso Zoo
2023-09-27T16:51:40.000+02:00 DEBUG 7856 --- [pool-2-thread-1] c.o.tourguide.service.RewardsService     : Calculate distance between -106.44487/31.769125 and 113.68588873047946/13.064156224857186
2023-09-27T16:51:40.000+02:00 DEBUG 7856 --- [pool-2-thread-1] c.o.tourguide.service.RewardsService     : Checking if the user 8db2fdee-72c3-421c-bcdb-c0c63bec1721 already get close from Kansas City Zoo
2023-09-27T16:51:40.000+02:00 DEBUG 7856 --- [pool-2-thread-1] c.o.tourguide.service.RewardsService     : Calculate distance between -94.529625/39.007504 and 113.68588873047946/13.064156224857186
2023-09-27T16:51:40.000+02:00 DEBUG 7856 --- [pool-2-thread-1] c.o.tourguide.service.RewardsService     : Checking if the user 8db2fdee-72c3-421c-bcdb-c0c63bec1721 already get close from Bronx Zoo
2023-09-27T16:51:40.000+02:00 DEBUG 7856 --- [pool-2-thread-1] c.o.tourguide.service.RewardsService     : Calculate distance between -73.872971/40.852905 and 113.68588873047946/13.064156224857186
2023-09-27T16:51:40.000+02:00 DEBUG 7856 --- [pool-2-thread-1] c.o.tourguide.service.RewardsService     : Checking if the user 8db2fdee-72c3-421c-bcdb-c0c63bec1721 already get close from Cinderella Castle
2023-09-27T16:51:40.000+02:00 DEBUG 7856 --- [pool-2-thread-1] c.o.tourguide.service.RewardsService     : Calculate distance between -81.5812/28.419411 and 113.68588873047946/13.064156224857186
2023-09-27T16:51:40.000+02:00 DEBUG 7856 --- [pool-2-thread-1] c.o.tourguide.service.RewardsService     : Checking if the user 8db2fdee-72c3-421c-bcdb-c0c63bec1721 already get close from Disneyland
2023-09-27T16:51:40.000+02:00 DEBUG 7856 --- [pool-2-thread-1] c.o.tourguide.service.RewardsService     : Calculate distance between -117.922008/33.817595 and -32.03040282587523/-75.46541718818878
2023-09-27T16:51:40.000+02:00 DEBUG 7856 --- [pool-2-thread-1] c.o.tourguide.service.RewardsService     : Checking if the user 8db2fdee-72c3-421c-bcdb-c0c63bec1721 already get close from Jackson Hole
2023-09-27T16:51:40.000+02:00 DEBUG 7856 --- [pool-2-thread-1] c.o.tourguide.service.RewardsService     : Calculate distance between -110.821999/43.582767 and -32.03040282587523/-75.46541718818878
2023-09-27T16:51:40.000+02:00 DEBUG 7856 --- [pool-2-thread-1] c.o.tourguide.service.RewardsService     : Checking if the user 8db2fdee-72c3-421c-bcdb-c0c63bec1721 already get close from Mojave National Preserve
2023-09-27T16:51:40.000+02:00 DEBUG 7856 --- [pool-2-thread-1] c.o.tourguide.service.RewardsService     : Calculate distance between -115.510399/35.141689 and -32.03040282587523/-75.46541718818878
2023-09-27T16:51:40.000+02:00 DEBUG 7856 --- [pool-2-thread-1] c.o.tourguide.service.RewardsService     : Checking if the user 8db2fdee-72c3-421c-bcdb-c0c63bec1721 already get close from Joshua Tree National Park
2023-09-27T16:51:40.000+02:00 DEBUG 7856 --- [pool-2-thread-1] c.o.tourguide.service.RewardsService     : Calculate distance between -115.90065/33.881866 and -32.03040282587523/-75.46541718818878
2023-09-27T16:51:40.000+02:00 DEBUG 7856 --- [pool-2-thread-1] c.o.tourguide.service.RewardsService     : Checking if the user 8db2fdee-72c3-421c-bcdb-c0c63bec1721 already get close from Buffalo National River
2023-09-27T16:51:40.000+02:00 DEBUG 7856 --- [pool-2-thread-1] c.o.tourguide.service.RewardsService     : Calculate distance between -92.757652/35.985512 and -32.03040282587523/-75.46541718818878
2023-09-27T16:51:40.000+02:00 DEBUG 7856 --- [pool-2-thread-1] c.o.tourguide.service.RewardsService     : Checking if the user 8db2fdee-72c3-421c-bcdb-c0c63bec1721 already get close from Hot Springs National Park
2023-09-27T16:51:40.000+02:00 DEBUG 7856 --- [pool-2-thread-1] c.o.tourguide.service.RewardsService     : Calculate distance between -93.042267/34.52153 and -32.03040282587523/-75.46541718818878
2023-09-27T16:51:40.000+02:00 DEBUG 7856 --- [pool-2-thread-1] c.o.tourguide.service.RewardsService     : Checking if the user 8db2fdee-72c3-421c-bcdb-c0c63bec1721 already get close from Kartchner Caverns State Park
2023-09-27T16:51:40.000+02:00 DEBUG 7856 --- [pool-2-thread-1] c.o.tourguide.service.RewardsService     : Calculate distance between -110.347382/31.837551 and -32.03040282587523/-75.46541718818878
2023-09-27T16:51:40.000+02:00 DEBUG 7856 --- [pool-2-thread-1] c.o.tourguide.service.RewardsService     : Checking if the user 8db2fdee-72c3-421c-bcdb-c0c63bec1721 already get close from Legend Valley
2023-09-27T16:51:40.000+02:00 DEBUG 7856 --- [pool-2-thread-1] c.o.tourguide.service.RewardsService     : Calculate distance between -82.40667/39.937778 and -32.03040282587523/-75.46541718818878
2023-09-27T16:51:40.000+02:00 DEBUG 7856 --- [pool-2-thread-1] c.o.tourguide.service.RewardsService     : Checking if the user 8db2fdee-72c3-421c-bcdb-c0c63bec1721 already get close from Flowers Bakery of London
2023-09-27T16:51:40.000+02:00 DEBUG 7856 --- [pool-2-thread-1] c.o.tourguide.service.RewardsService     : Calculate distance between -84.07486/37.131527 and -32.03040282587523/-75.46541718818878
2023-09-27T16:51:40.000+02:00 DEBUG 7856 --- [pool-2-thread-1] c.o.tourguide.service.RewardsService     : Checking if the user 8db2fdee-72c3-421c-bcdb-c0c63bec1721 already get close from McKinley Tower
2023-09-27T16:51:40.000+02:00 DEBUG 7856 --- [pool-2-thread-1] c.o.tourguide.service.RewardsService     : Calculate distance between -149.877502/61.218887 and -32.03040282587523/-75.46541718818878
2023-09-27T16:51:40.000+02:00 DEBUG 7856 --- [pool-2-thread-1] c.o.tourguide.service.RewardsService     : Checking if the user 8db2fdee-72c3-421c-bcdb-c0c63bec1721 already get close from Flatiron Building
2023-09-27T16:51:40.000+02:00 DEBUG 7856 --- [pool-2-thread-1] c.o.tourguide.service.RewardsService     : Calculate distance between -73.989723/40.741112 and -32.03040282587523/-75.46541718818878
2023-09-27T16:51:40.000+02:00 DEBUG 7856 --- [pool-2-thread-1] c.o.tourguide.service.RewardsService     : Checking if the user 8db2fdee-72c3-421c-bcdb-c0c63bec1721 already get close from Fallingwater
2023-09-27T16:51:40.000+02:00 DEBUG 7856 --- [pool-2-thread-1] c.o.tourguide.service.RewardsService     : Calculate distance between -79.468056/39.906113 and -32.03040282587523/-75.46541718818878
2023-09-27T16:51:40.000+02:00 DEBUG 7856 --- [pool-2-thread-1] c.o.tourguide.service.RewardsService     : Checking if the user 8db2fdee-72c3-421c-bcdb-c0c63bec1721 already get close from Union Station
2023-09-27T16:51:40.000+02:00 DEBUG 7856 --- [pool-2-thread-1] c.o.tourguide.service.RewardsService     : Calculate distance between -77.006332/38.897095 and -32.03040282587523/-75.46541718818878
2023-09-27T16:51:40.000+02:00 DEBUG 7856 --- [pool-2-thread-1] c.o.tourguide.service.RewardsService     : Checking if the user 8db2fdee-72c3-421c-bcdb-c0c63bec1721 already get close from Roger Dean Stadium
2023-09-27T16:51:40.000+02:00 DEBUG 7856 --- [pool-2-thread-1] c.o.tourguide.service.RewardsService     : Calculate distance between -80.116577/26.890959 and -32.03040282587523/-75.46541718818878
2023-09-27T16:51:40.000+02:00 DEBUG 7856 --- [pool-2-thread-1] c.o.tourguide.service.RewardsService     : Checking if the user 8db2fdee-72c3-421c-bcdb-c0c63bec1721 already get close from Texas Memorial Stadium
2023-09-27T16:51:40.000+02:00 DEBUG 7856 --- [pool-2-thread-1] c.o.tourguide.service.RewardsService     : Calculate distance between -97.732536/30.283682 and -32.03040282587523/-75.46541718818878
2023-09-27T16:51:40.000+02:00 DEBUG 7856 --- [pool-2-thread-1] c.o.tourguide.service.RewardsService     : Checking if the user 8db2fdee-72c3-421c-bcdb-c0c63bec1721 already get close from Bryant-Denny Stadium
2023-09-27T16:51:40.000+02:00 DEBUG 7856 --- [pool-2-thread-1] c.o.tourguide.service.RewardsService     : Calculate distance between -87.550438/33.208973 and -32.03040282587523/-75.46541718818878
2023-09-27T16:51:40.000+02:00 DEBUG 7856 --- [pool-2-thread-1] c.o.tourguide.service.RewardsService     : Checking if the user 8db2fdee-72c3-421c-bcdb-c0c63bec1721 already get close from Tiger Stadium
2023-09-27T16:51:40.000+02:00 DEBUG 7856 --- [pool-2-thread-1] c.o.tourguide.service.RewardsService     : Calculate distance between -91.183815/30.412035 and -32.03040282587523/-75.46541718818878
2023-09-27T16:51:40.000+02:00 DEBUG 7856 --- [pool-2-thread-1] c.o.tourguide.service.RewardsService     : Checking if the user 8db2fdee-72c3-421c-bcdb-c0c63bec1721 already get close from Neyland Stadium
2023-09-27T16:51:40.000+02:00 DEBUG 7856 --- [pool-2-thread-1] c.o.tourguide.service.RewardsService     : Calculate distance between -83.925011/35.955013 and -32.03040282587523/-75.46541718818878
2023-09-27T16:51:40.000+02:00 DEBUG 7856 --- [pool-2-thread-1] c.o.tourguide.service.RewardsService     : Checking if the user 8db2fdee-72c3-421c-bcdb-c0c63bec1721 already get close from Kyle Field
2023-09-27T16:51:40.000+02:00 DEBUG 7856 --- [pool-2-thread-1] c.o.tourguide.service.RewardsService     : Calculate distance between -96.339844/30.61025 and -32.03040282587523/-75.46541718818878
2023-09-27T16:51:40.000+02:00 DEBUG 7856 --- [pool-2-thread-1] c.o.tourguide.service.RewardsService     : Checking if the user 8db2fdee-72c3-421c-bcdb-c0c63bec1721 already get close from San Diego Zoo
2023-09-27T16:51:40.000+02:00 DEBUG 7856 --- [pool-2-thread-1] c.o.tourguide.service.RewardsService     : Calculate distance between -117.149048/32.735317 and -32.03040282587523/-75.46541718818878
2023-09-27T16:51:40.000+02:00 DEBUG 7856 --- [pool-2-thread-1] c.o.tourguide.service.RewardsService     : Checking if the user 8db2fdee-72c3-421c-bcdb-c0c63bec1721 already get close from Zoo Tampa at Lowry Park
2023-09-27T16:51:40.000+02:00 DEBUG 7856 --- [pool-2-thread-1] c.o.tourguide.service.RewardsService     : Calculate distance between -82.469269/28.012804 and -32.03040282587523/-75.46541718818878
2023-09-27T16:51:40.000+02:00 DEBUG 7856 --- [pool-2-thread-1] c.o.tourguide.service.RewardsService     : Checking if the user 8db2fdee-72c3-421c-bcdb-c0c63bec1721 already get close from Franklin Park Zoo
2023-09-27T16:51:40.000+02:00 DEBUG 7856 --- [pool-2-thread-1] c.o.tourguide.service.RewardsService     : Calculate distance between -71.086731/42.302601 and -32.03040282587523/-75.46541718818878
2023-09-27T16:51:40.000+02:00 DEBUG 7856 --- [pool-2-thread-1] c.o.tourguide.service.RewardsService     : Checking if the user 8db2fdee-72c3-421c-bcdb-c0c63bec1721 already get close from El Paso Zoo
2023-09-27T16:51:40.000+02:00 DEBUG 7856 --- [pool-2-thread-1] c.o.tourguide.service.RewardsService     : Calculate distance between -106.44487/31.769125 and -32.03040282587523/-75.46541718818878
2023-09-27T16:51:40.000+02:00 DEBUG 7856 --- [pool-2-thread-1] c.o.tourguide.service.RewardsService     : Checking if the user 8db2fdee-72c3-421c-bcdb-c0c63bec1721 already get close from Kansas City Zoo
2023-09-27T16:51:40.000+02:00 DEBUG 7856 --- [pool-2-thread-1] c.o.tourguide.service.RewardsService     : Calculate distance between -94.529625/39.007504 and -32.03040282587523/-75.46541718818878
2023-09-27T16:51:40.000+02:00 DEBUG 7856 --- [pool-2-thread-1] c.o.tourguide.service.RewardsService     : Checking if the user 8db2fdee-72c3-421c-bcdb-c0c63bec1721 already get close from Bronx Zoo
2023-09-27T16:51:40.000+02:00 DEBUG 7856 --- [pool-2-thread-1] c.o.tourguide.service.RewardsService     : Calculate distance between -73.872971/40.852905 and -32.03040282587523/-75.46541718818878
2023-09-27T16:51:40.001+02:00 DEBUG 7856 --- [pool-2-thread-1] c.o.tourguide.service.RewardsService     : Checking if the user 8db2fdee-72c3-421c-bcdb-c0c63bec1721 already get close from Cinderella Castle
2023-09-27T16:51:40.001+02:00 DEBUG 7856 --- [pool-2-thread-1] c.o.tourguide.service.RewardsService     : Calculate distance between -81.5812/28.419411 and -32.03040282587523/-75.46541718818878
2023-09-27T16:51:40.001+02:00 DEBUG 7856 --- [pool-2-thread-1] c.o.tourguide.service.RewardsService     : Checking if the user 8db2fdee-72c3-421c-bcdb-c0c63bec1721 already get close from Disneyland
2023-09-27T16:51:40.001+02:00 DEBUG 7856 --- [pool-2-thread-1] c.o.tourguide.service.RewardsService     : Calculate distance between -117.922008/33.817595 and 91.197455611912/56.87134163902169
2023-09-27T16:51:40.001+02:00 DEBUG 7856 --- [pool-2-thread-1] c.o.tourguide.service.RewardsService     : Checking if the user 8db2fdee-72c3-421c-bcdb-c0c63bec1721 already get close from Jackson Hole
2023-09-27T16:51:40.001+02:00 DEBUG 7856 --- [pool-2-thread-1] c.o.tourguide.service.RewardsService     : Calculate distance between -110.821999/43.582767 and 91.197455611912/56.87134163902169
2023-09-27T16:51:40.001+02:00 DEBUG 7856 --- [pool-2-thread-1] c.o.tourguide.service.RewardsService     : Checking if the user 8db2fdee-72c3-421c-bcdb-c0c63bec1721 already get close from Mojave National Preserve
2023-09-27T16:51:40.001+02:00 DEBUG 7856 --- [pool-2-thread-1] c.o.tourguide.service.RewardsService     : Calculate distance between -115.510399/35.141689 and 91.197455611912/56.87134163902169
2023-09-27T16:51:40.001+02:00 DEBUG 7856 --- [pool-2-thread-1] c.o.tourguide.service.RewardsService     : Checking if the user 8db2fdee-72c3-421c-bcdb-c0c63bec1721 already get close from Joshua Tree National Park
2023-09-27T16:51:40.001+02:00 DEBUG 7856 --- [pool-2-thread-1] c.o.tourguide.service.RewardsService     : Calculate distance between -115.90065/33.881866 and 91.197455611912/56.87134163902169
2023-09-27T16:51:40.001+02:00 DEBUG 7856 --- [pool-2-thread-1] c.o.tourguide.service.RewardsService     : Checking if the user 8db2fdee-72c3-421c-bcdb-c0c63bec1721 already get close from Buffalo National River
2023-09-27T16:51:40.001+02:00 DEBUG 7856 --- [pool-2-thread-1] c.o.tourguide.service.RewardsService     : Calculate distance between -92.757652/35.985512 and 91.197455611912/56.87134163902169
2023-09-27T16:51:40.001+02:00 DEBUG 7856 --- [pool-2-thread-1] c.o.tourguide.service.RewardsService     : Checking if the user 8db2fdee-72c3-421c-bcdb-c0c63bec1721 already get close from Hot Springs National Park
2023-09-27T16:51:40.001+02:00 DEBUG 7856 --- [pool-2-thread-1] c.o.tourguide.service.RewardsService     : Calculate distance between -93.042267/34.52153 and 91.197455611912/56.87134163902169
2023-09-27T16:51:40.001+02:00 DEBUG 7856 --- [pool-2-thread-1] c.o.tourguide.service.RewardsService     : Checking if the user 8db2fdee-72c3-421c-bcdb-c0c63bec1721 already get close from Kartchner Caverns State Park
2023-09-27T16:51:40.001+02:00 DEBUG 7856 --- [pool-2-thread-1] c.o.tourguide.service.RewardsService     : Calculate distance between -110.347382/31.837551 and 91.197455611912/56.87134163902169
2023-09-27T16:51:40.001+02:00 DEBUG 7856 --- [pool-2-thread-1] c.o.tourguide.service.RewardsService     : Checking if the user 8db2fdee-72c3-421c-bcdb-c0c63bec1721 already get close from Legend Valley
2023-09-27T16:51:40.001+02:00 DEBUG 7856 --- [pool-2-thread-1] c.o.tourguide.service.RewardsService     : Calculate distance between -82.40667/39.937778 and 91.197455611912/56.87134163902169
2023-09-27T16:51:40.001+02:00 DEBUG 7856 --- [pool-2-thread-1] c.o.tourguide.service.RewardsService     : Checking if the user 8db2fdee-72c3-421c-bcdb-c0c63bec1721 already get close from Flowers Bakery of London
2023-09-27T16:51:40.001+02:00 DEBUG 7856 --- [pool-2-thread-1] c.o.tourguide.service.RewardsService     : Calculate distance between -84.07486/37.131527 and 91.197455611912/56.87134163902169
2023-09-27T16:51:40.001+02:00 DEBUG 7856 --- [pool-2-thread-1] c.o.tourguide.service.RewardsService     : Checking if the user 8db2fdee-72c3-421c-bcdb-c0c63bec1721 already get close from McKinley Tower
2023-09-27T16:51:40.001+02:00 DEBUG 7856 --- [pool-2-thread-1] c.o.tourguide.service.RewardsService     : Calculate distance between -149.877502/61.218887 and 91.197455611912/56.87134163902169
2023-09-27T16:51:40.001+02:00 DEBUG 7856 --- [pool-2-thread-1] c.o.tourguide.service.RewardsService     : Checking if the user 8db2fdee-72c3-421c-bcdb-c0c63bec1721 already get close from Flatiron Building
2023-09-27T16:51:40.001+02:00 DEBUG 7856 --- [pool-2-thread-1] c.o.tourguide.service.RewardsService     : Calculate distance between -73.989723/40.741112 and 91.197455611912/56.87134163902169
2023-09-27T16:51:40.001+02:00 DEBUG 7856 --- [pool-2-thread-1] c.o.tourguide.service.RewardsService     : Checking if the user 8db2fdee-72c3-421c-bcdb-c0c63bec1721 already get close from Fallingwater
2023-09-27T16:51:40.001+02:00 DEBUG 7856 --- [pool-2-thread-1] c.o.tourguide.service.RewardsService     : Calculate distance between -79.468056/39.906113 and 91.197455611912/56.87134163902169
2023-09-27T16:51:40.001+02:00 DEBUG 7856 --- [pool-2-thread-1] c.o.tourguide.service.RewardsService     : Checking if the user 8db2fdee-72c3-421c-bcdb-c0c63bec1721 already get close from Union Station
2023-09-27T16:51:40.001+02:00 DEBUG 7856 --- [pool-2-thread-1] c.o.tourguide.service.RewardsService     : Calculate distance between -77.006332/38.897095 and 91.197455611912/56.87134163902169
2023-09-27T16:51:40.001+02:00 DEBUG 7856 --- [pool-2-thread-1] c.o.tourguide.service.RewardsService     : Checking if the user 8db2fdee-72c3-421c-bcdb-c0c63bec1721 already get close from Roger Dean Stadium
2023-09-27T16:51:40.001+02:00 DEBUG 7856 --- [pool-2-thread-1] c.o.tourguide.service.RewardsService     : Calculate distance between -80.116577/26.890959 and 91.197455611912/56.87134163902169
2023-09-27T16:51:40.001+02:00 DEBUG 7856 --- [pool-2-thread-1] c.o.tourguide.service.RewardsService     : Checking if the user 8db2fdee-72c3-421c-bcdb-c0c63bec1721 already get close from Texas Memorial Stadium
2023-09-27T16:51:40.001+02:00 DEBUG 7856 --- [pool-2-thread-1] c.o.tourguide.service.RewardsService     : Calculate distance between -97.732536/30.283682 and 91.197455611912/56.87134163902169
2023-09-27T16:51:40.001+02:00 DEBUG 7856 --- [pool-2-thread-1] c.o.tourguide.service.RewardsService     : Checking if the user 8db2fdee-72c3-421c-bcdb-c0c63bec1721 already get close from Bryant-Denny Stadium
2023-09-27T16:51:40.001+02:00 DEBUG 7856 --- [pool-2-thread-1] c.o.tourguide.service.RewardsService     : Calculate distance between -87.550438/33.208973 and 91.197455611912/56.87134163902169
2023-09-27T16:51:40.001+02:00 DEBUG 7856 --- [pool-2-thread-1] c.o.tourguide.service.RewardsService     : Checking if the user 8db2fdee-72c3-421c-bcdb-c0c63bec1721 already get close from Tiger Stadium
2023-09-27T16:51:40.001+02:00 DEBUG 7856 --- [pool-2-thread-1] c.o.tourguide.service.RewardsService     : Calculate distance between -91.183815/30.412035 and 91.197455611912/56.87134163902169
2023-09-27T16:51:40.001+02:00 DEBUG 7856 --- [pool-2-thread-1] c.o.tourguide.service.RewardsService     : Checking if the user 8db2fdee-72c3-421c-bcdb-c0c63bec1721 already get close from Neyland Stadium
2023-09-27T16:51:40.001+02:00 DEBUG 7856 --- [pool-2-thread-1] c.o.tourguide.service.RewardsService     : Calculate distance between -83.925011/35.955013 and 91.197455611912/56.87134163902169
2023-09-27T16:51:40.001+02:00 DEBUG 7856 --- [pool-2-thread-1] c.o.tourguide.service.RewardsService     : Checking if the user 8db2fdee-72c3-421c-bcdb-c0c63bec1721 already get close from Kyle Field
2023-09-27T16:51:40.001+02:00 DEBUG 7856 --- [pool-2-thread-1] c.o.tourguide.service.RewardsService     : Calculate distance between -96.339844/30.61025 and 91.197455611912/56.87134163902169
2023-09-27T16:51:40.001+02:00 DEBUG 7856 --- [pool-2-thread-1] c.o.tourguide.service.RewardsService     : Checking if the user 8db2fdee-72c3-421c-bcdb-c0c63bec1721 already get close from San Diego Zoo
2023-09-27T16:51:40.001+02:00 DEBUG 7856 --- [pool-2-thread-1] c.o.tourguide.service.RewardsService     : Calculate distance between -117.149048/32.735317 and 91.197455611912/56.87134163902169
2023-09-27T16:51:40.001+02:00 DEBUG 7856 --- [pool-2-thread-1] c.o.tourguide.service.RewardsService     : Checking if the user 8db2fdee-72c3-421c-bcdb-c0c63bec1721 already get close from Zoo Tampa at Lowry Park
2023-09-27T16:51:40.001+02:00 DEBUG 7856 --- [pool-2-thread-1] c.o.tourguide.service.RewardsService     : Calculate distance between -82.469269/28.012804 and 91.197455611912/56.87134163902169
2023-09-27T16:51:40.001+02:00 DEBUG 7856 --- [pool-2-thread-1] c.o.tourguide.service.RewardsService     : Checking if the user 8db2fdee-72c3-421c-bcdb-c0c63bec1721 already get close from Franklin Park Zoo
2023-09-27T16:51:40.001+02:00 DEBUG 7856 --- [pool-2-thread-1] c.o.tourguide.service.RewardsService     : Calculate distance between -71.086731/42.302601 and 91.197455611912/56.87134163902169
2023-09-27T16:51:40.001+02:00 DEBUG 7856 --- [pool-2-thread-1] c.o.tourguide.service.RewardsService     : Checking if the user 8db2fdee-72c3-421c-bcdb-c0c63bec1721 already get close from El Paso Zoo
2023-09-27T16:51:40.001+02:00 DEBUG 7856 --- [pool-2-thread-1] c.o.tourguide.service.RewardsService     : Calculate distance between -106.44487/31.769125 and 91.197455611912/56.87134163902169
2023-09-27T16:51:40.001+02:00 DEBUG 7856 --- [pool-2-thread-1] c.o.tourguide.service.RewardsService     : Checking if the user 8db2fdee-72c3-421c-bcdb-c0c63bec1721 already get close from Kansas City Zoo
2023-09-27T16:51:40.001+02:00 DEBUG 7856 --- [pool-2-thread-1] c.o.tourguide.service.RewardsService     : Calculate distance between -94.529625/39.007504 and 91.197455611912/56.87134163902169
2023-09-27T16:51:40.001+02:00 DEBUG 7856 --- [pool-2-thread-1] c.o.tourguide.service.RewardsService     : Checking if the user 8db2fdee-72c3-421c-bcdb-c0c63bec1721 already get close from Bronx Zoo
2023-09-27T16:51:40.001+02:00 DEBUG 7856 --- [pool-2-thread-1] c.o.tourguide.service.RewardsService     : Calculate distance between -73.872971/40.852905 and 91.197455611912/56.87134163902169
2023-09-27T16:51:40.001+02:00 DEBUG 7856 --- [pool-2-thread-1] c.o.tourguide.service.RewardsService     : Checking if the user 8db2fdee-72c3-421c-bcdb-c0c63bec1721 already get close from Cinderella Castle
2023-09-27T16:51:40.001+02:00 DEBUG 7856 --- [pool-2-thread-1] c.o.tourguide.service.RewardsService     : Calculate distance between -81.5812/28.419411 and 91.197455611912/56.87134163902169
2023-09-27T16:51:40.001+02:00 DEBUG 7856 --- [pool-2-thread-1] c.o.tourguide.service.RewardsService     : Checking if the user 8db2fdee-72c3-421c-bcdb-c0c63bec1721 already get close from Disneyland
2023-09-27T16:51:40.001+02:00 DEBUG 7856 --- [pool-2-thread-1] c.o.tourguide.service.RewardsService     : Calculate distance between -117.922008/33.817595 and -144.970645/-37.874734
2023-09-27T16:51:40.001+02:00 DEBUG 7856 --- [pool-2-thread-1] c.o.tourguide.service.RewardsService     : Checking if the user 8db2fdee-72c3-421c-bcdb-c0c63bec1721 already get close from Jackson Hole
2023-09-27T16:51:40.001+02:00 DEBUG 7856 --- [pool-2-thread-1] c.o.tourguide.service.RewardsService     : Calculate distance between -110.821999/43.582767 and -144.970645/-37.874734
2023-09-27T16:51:40.001+02:00 DEBUG 7856 --- [pool-2-thread-1] c.o.tourguide.service.RewardsService     : Checking if the user 8db2fdee-72c3-421c-bcdb-c0c63bec1721 already get close from Mojave National Preserve
2023-09-27T16:51:40.001+02:00 DEBUG 7856 --- [pool-2-thread-1] c.o.tourguide.service.RewardsService     : Calculate distance between -115.510399/35.141689 and -144.970645/-37.874734
2023-09-27T16:51:40.001+02:00 DEBUG 7856 --- [pool-2-thread-1] c.o.tourguide.service.RewardsService     : Checking if the user 8db2fdee-72c3-421c-bcdb-c0c63bec1721 already get close from Joshua Tree National Park
2023-09-27T16:51:40.001+02:00 DEBUG 7856 --- [pool-2-thread-1] c.o.tourguide.service.RewardsService     : Calculate distance between -115.90065/33.881866 and -144.970645/-37.874734
2023-09-27T16:51:40.001+02:00 DEBUG 7856 --- [pool-2-thread-1] c.o.tourguide.service.RewardsService     : Checking if the user 8db2fdee-72c3-421c-bcdb-c0c63bec1721 already get close from Buffalo National River
2023-09-27T16:51:40.001+02:00 DEBUG 7856 --- [pool-2-thread-1] c.o.tourguide.service.RewardsService     : Calculate distance between -92.757652/35.985512 and -144.970645/-37.874734
2023-09-27T16:51:40.001+02:00 DEBUG 7856 --- [pool-2-thread-1] c.o.tourguide.service.RewardsService     : Checking if the user 8db2fdee-72c3-421c-bcdb-c0c63bec1721 already get close from Hot Springs National Park
2023-09-27T16:51:40.001+02:00 DEBUG 7856 --- [pool-2-thread-1] c.o.tourguide.service.RewardsService     : Calculate distance between -93.042267/34.52153 and -144.970645/-37.874734
2023-09-27T16:51:40.001+02:00 DEBUG 7856 --- [pool-2-thread-1] c.o.tourguide.service.RewardsService     : Checking if the user 8db2fdee-72c3-421c-bcdb-c0c63bec1721 already get close from Kartchner Caverns State Park
2023-09-27T16:51:40.001+02:00 DEBUG 7856 --- [pool-2-thread-1] c.o.tourguide.service.RewardsService     : Calculate distance between -110.347382/31.837551 and -144.970645/-37.874734
2023-09-27T16:51:40.001+02:00 DEBUG 7856 --- [pool-2-thread-1] c.o.tourguide.service.RewardsService     : Checking if the user 8db2fdee-72c3-421c-bcdb-c0c63bec1721 already get close from Legend Valley
2023-09-27T16:51:40.001+02:00 DEBUG 7856 --- [pool-2-thread-1] c.o.tourguide.service.RewardsService     : Calculate distance between -82.40667/39.937778 and -144.970645/-37.874734
2023-09-27T16:51:40.001+02:00 DEBUG 7856 --- [pool-2-thread-1] c.o.tourguide.service.RewardsService     : Checking if the user 8db2fdee-72c3-421c-bcdb-c0c63bec1721 already get close from Flowers Bakery of London
2023-09-27T16:51:40.001+02:00 DEBUG 7856 --- [pool-2-thread-1] c.o.tourguide.service.RewardsService     : Calculate distance between -84.07486/37.131527 and -144.970645/-37.874734
2023-09-27T16:51:40.001+02:00 DEBUG 7856 --- [pool-2-thread-1] c.o.tourguide.service.RewardsService     : Checking if the user 8db2fdee-72c3-421c-bcdb-c0c63bec1721 already get close from McKinley Tower
2023-09-27T16:51:40.001+02:00 DEBUG 7856 --- [pool-2-thread-1] c.o.tourguide.service.RewardsService     : Calculate distance between -149.877502/61.218887 and -144.970645/-37.874734
2023-09-27T16:51:40.001+02:00 DEBUG 7856 --- [pool-2-thread-1] c.o.tourguide.service.RewardsService     : Checking if the user 8db2fdee-72c3-421c-bcdb-c0c63bec1721 already get close from Flatiron Building
2023-09-27T16:51:40.001+02:00 DEBUG 7856 --- [pool-2-thread-1] c.o.tourguide.service.RewardsService     : Calculate distance between -73.989723/40.741112 and -144.970645/-37.874734
2023-09-27T16:51:40.001+02:00 DEBUG 7856 --- [pool-2-thread-1] c.o.tourguide.service.RewardsService     : Checking if the user 8db2fdee-72c3-421c-bcdb-c0c63bec1721 already get close from Fallingwater
2023-09-27T16:51:40.001+02:00 DEBUG 7856 --- [pool-2-thread-1] c.o.tourguide.service.RewardsService     : Calculate distance between -79.468056/39.906113 and -144.970645/-37.874734
2023-09-27T16:51:40.001+02:00 DEBUG 7856 --- [pool-2-thread-1] c.o.tourguide.service.RewardsService     : Checking if the user 8db2fdee-72c3-421c-bcdb-c0c63bec1721 already get close from Union Station
2023-09-27T16:51:40.001+02:00 DEBUG 7856 --- [pool-2-thread-1] c.o.tourguide.service.RewardsService     : Calculate distance between -77.006332/38.897095 and -144.970645/-37.874734
2023-09-27T16:51:40.001+02:00 DEBUG 7856 --- [pool-2-thread-1] c.o.tourguide.service.RewardsService     : Checking if the user 8db2fdee-72c3-421c-bcdb-c0c63bec1721 already get close from Roger Dean Stadium
2023-09-27T16:51:40.001+02:00 DEBUG 7856 --- [pool-2-thread-1] c.o.tourguide.service.RewardsService     : Calculate distance between -80.116577/26.890959 and -144.970645/-37.874734
2023-09-27T16:51:40.001+02:00 DEBUG 7856 --- [pool-2-thread-1] c.o.tourguide.service.RewardsService     : Checking if the user 8db2fdee-72c3-421c-bcdb-c0c63bec1721 already get close from Texas Memorial Stadium
2023-09-27T16:51:40.001+02:00 DEBUG 7856 --- [pool-2-thread-1] c.o.tourguide.service.RewardsService     : Calculate distance between -97.732536/30.283682 and -144.970645/-37.874734
2023-09-27T16:51:40.001+02:00 DEBUG 7856 --- [pool-2-thread-1] c.o.tourguide.service.RewardsService     : Checking if the user 8db2fdee-72c3-421c-bcdb-c0c63bec1721 already get close from Bryant-Denny Stadium
2023-09-27T16:51:40.001+02:00 DEBUG 7856 --- [pool-2-thread-1] c.o.tourguide.service.RewardsService     : Calculate distance between -87.550438/33.208973 and -144.970645/-37.874734
2023-09-27T16:51:40.001+02:00 DEBUG 7856 --- [pool-2-thread-1] c.o.tourguide.service.RewardsService     : Checking if the user 8db2fdee-72c3-421c-bcdb-c0c63bec1721 already get close from Tiger Stadium
2023-09-27T16:51:40.001+02:00 DEBUG 7856 --- [pool-2-thread-1] c.o.tourguide.service.RewardsService     : Calculate distance between -91.183815/30.412035 and -144.970645/-37.874734
2023-09-27T16:51:40.001+02:00 DEBUG 7856 --- [pool-2-thread-1] c.o.tourguide.service.RewardsService     : Checking if the user 8db2fdee-72c3-421c-bcdb-c0c63bec1721 already get close from Neyland Stadium
2023-09-27T16:51:40.001+02:00 DEBUG 7856 --- [pool-2-thread-1] c.o.tourguide.service.RewardsService     : Calculate distance between -83.925011/35.955013 and -144.970645/-37.874734
2023-09-27T16:51:40.001+02:00 DEBUG 7856 --- [pool-2-thread-1] c.o.tourguide.service.RewardsService     : Checking if the user 8db2fdee-72c3-421c-bcdb-c0c63bec1721 already get close from Kyle Field
2023-09-27T16:51:40.002+02:00 DEBUG 7856 --- [pool-2-thread-1] c.o.tourguide.service.RewardsService     : Calculate distance between -96.339844/30.61025 and -144.970645/-37.874734
2023-09-27T16:51:40.002+02:00 DEBUG 7856 --- [pool-2-thread-1] c.o.tourguide.service.RewardsService     : Checking if the user 8db2fdee-72c3-421c-bcdb-c0c63bec1721 already get close from San Diego Zoo
2023-09-27T16:51:40.002+02:00 DEBUG 7856 --- [pool-2-thread-1] c.o.tourguide.service.RewardsService     : Calculate distance between -117.149048/32.735317 and -144.970645/-37.874734
2023-09-27T16:51:40.002+02:00 DEBUG 7856 --- [pool-2-thread-1] c.o.tourguide.service.RewardsService     : Checking if the user 8db2fdee-72c3-421c-bcdb-c0c63bec1721 already get close from Zoo Tampa at Lowry Park
2023-09-27T16:51:40.002+02:00 DEBUG 7856 --- [pool-2-thread-1] c.o.tourguide.service.RewardsService     : Calculate distance between -82.469269/28.012804 and -144.970645/-37.874734
2023-09-27T16:51:40.002+02:00 DEBUG 7856 --- [pool-2-thread-1] c.o.tourguide.service.RewardsService     : Checking if the user 8db2fdee-72c3-421c-bcdb-c0c63bec1721 already get close from Franklin Park Zoo
2023-09-27T16:51:40.002+02:00 DEBUG 7856 --- [pool-2-thread-1] c.o.tourguide.service.RewardsService     : Calculate distance between -71.086731/42.302601 and -144.970645/-37.874734
2023-09-27T16:51:40.002+02:00 DEBUG 7856 --- [pool-2-thread-1] c.o.tourguide.service.RewardsService     : Checking if the user 8db2fdee-72c3-421c-bcdb-c0c63bec1721 already get close from El Paso Zoo
2023-09-27T16:51:40.002+02:00 DEBUG 7856 --- [pool-2-thread-1] c.o.tourguide.service.RewardsService     : Calculate distance between -106.44487/31.769125 and -144.970645/-37.874734
2023-09-27T16:51:40.002+02:00 DEBUG 7856 --- [pool-2-thread-1] c.o.tourguide.service.RewardsService     : Checking if the user 8db2fdee-72c3-421c-bcdb-c0c63bec1721 already get close from Kansas City Zoo
2023-09-27T16:51:40.002+02:00 DEBUG 7856 --- [pool-2-thread-1] c.o.tourguide.service.RewardsService     : Calculate distance between -94.529625/39.007504 and -144.970645/-37.874734
2023-09-27T16:51:40.002+02:00 DEBUG 7856 --- [pool-2-thread-1] c.o.tourguide.service.RewardsService     : Checking if the user 8db2fdee-72c3-421c-bcdb-c0c63bec1721 already get close from Bronx Zoo
2023-09-27T16:51:40.002+02:00 DEBUG 7856 --- [pool-2-thread-1] c.o.tourguide.service.RewardsService     : Calculate distance between -73.872971/40.852905 and -144.970645/-37.874734
2023-09-27T16:51:40.002+02:00 DEBUG 7856 --- [pool-2-thread-1] c.o.tourguide.service.RewardsService     : Checking if the user 8db2fdee-72c3-421c-bcdb-c0c63bec1721 already get close from Cinderella Castle
2023-09-27T16:51:40.002+02:00 DEBUG 7856 --- [pool-2-thread-1] c.o.tourguide.service.RewardsService     : Calculate distance between -81.5812/28.419411 and -144.970645/-37.874734
2023-09-27T16:51:40.002+02:00 DEBUG 7856 --- [pool-2-thread-1] c.o.tourguide.service.RewardsService     : Checking if the user 8db2fdee-72c3-421c-bcdb-c0c63bec1721 already get close from Disneyland
2023-09-27T16:51:40.002+02:00 DEBUG 7856 --- [pool-2-thread-1] c.o.tourguide.service.RewardsService     : Calculate distance between -117.922008/33.817595 and -146.357544/-72.541311
2023-09-27T16:51:40.002+02:00 DEBUG 7856 --- [pool-2-thread-1] c.o.tourguide.service.RewardsService     : Checking if the user 8db2fdee-72c3-421c-bcdb-c0c63bec1721 already get close from Jackson Hole
2023-09-27T16:51:40.002+02:00 DEBUG 7856 --- [pool-2-thread-1] c.o.tourguide.service.RewardsService     : Calculate distance between -110.821999/43.582767 and -146.357544/-72.541311
2023-09-27T16:51:40.002+02:00 DEBUG 7856 --- [pool-2-thread-1] c.o.tourguide.service.RewardsService     : Checking if the user 8db2fdee-72c3-421c-bcdb-c0c63bec1721 already get close from Mojave National Preserve
2023-09-27T16:51:40.002+02:00 DEBUG 7856 --- [pool-2-thread-1] c.o.tourguide.service.RewardsService     : Calculate distance between -115.510399/35.141689 and -146.357544/-72.541311
2023-09-27T16:51:40.002+02:00 DEBUG 7856 --- [pool-2-thread-1] c.o.tourguide.service.RewardsService     : Checking if the user 8db2fdee-72c3-421c-bcdb-c0c63bec1721 already get close from Joshua Tree National Park
2023-09-27T16:51:40.002+02:00 DEBUG 7856 --- [pool-2-thread-1] c.o.tourguide.service.RewardsService     : Calculate distance between -115.90065/33.881866 and -146.357544/-72.541311
2023-09-27T16:51:40.002+02:00 DEBUG 7856 --- [pool-2-thread-1] c.o.tourguide.service.RewardsService     : Checking if the user 8db2fdee-72c3-421c-bcdb-c0c63bec1721 already get close from Buffalo National River
2023-09-27T16:51:40.002+02:00 DEBUG 7856 --- [pool-2-thread-1] c.o.tourguide.service.RewardsService     : Calculate distance between -92.757652/35.985512 and -146.357544/-72.541311
2023-09-27T16:51:40.002+02:00 DEBUG 7856 --- [pool-2-thread-1] c.o.tourguide.service.RewardsService     : Checking if the user 8db2fdee-72c3-421c-bcdb-c0c63bec1721 already get close from Hot Springs National Park
2023-09-27T16:51:40.002+02:00 DEBUG 7856 --- [pool-2-thread-1] c.o.tourguide.service.RewardsService     : Calculate distance between -93.042267/34.52153 and -146.357544/-72.541311
2023-09-27T16:51:40.002+02:00 DEBUG 7856 --- [pool-2-thread-1] c.o.tourguide.service.RewardsService     : Checking if the user 8db2fdee-72c3-421c-bcdb-c0c63bec1721 already get close from Kartchner Caverns State Park
2023-09-27T16:51:40.002+02:00 DEBUG 7856 --- [pool-2-thread-1] c.o.tourguide.service.RewardsService     : Calculate distance between -110.347382/31.837551 and -146.357544/-72.541311
2023-09-27T16:51:40.002+02:00 DEBUG 7856 --- [pool-2-thread-1] c.o.tourguide.service.RewardsService     : Checking if the user 8db2fdee-72c3-421c-bcdb-c0c63bec1721 already get close from Legend Valley
2023-09-27T16:51:40.002+02:00 DEBUG 7856 --- [pool-2-thread-1] c.o.tourguide.service.RewardsService     : Calculate distance between -82.40667/39.937778 and -146.357544/-72.541311
2023-09-27T16:51:40.002+02:00 DEBUG 7856 --- [pool-2-thread-1] c.o.tourguide.service.RewardsService     : Checking if the user 8db2fdee-72c3-421c-bcdb-c0c63bec1721 already get close from Flowers Bakery of London
2023-09-27T16:51:40.002+02:00 DEBUG 7856 --- [pool-2-thread-1] c.o.tourguide.service.RewardsService     : Calculate distance between -84.07486/37.131527 and -146.357544/-72.541311
2023-09-27T16:51:40.002+02:00 DEBUG 7856 --- [pool-2-thread-1] c.o.tourguide.service.RewardsService     : Checking if the user 8db2fdee-72c3-421c-bcdb-c0c63bec1721 already get close from McKinley Tower
2023-09-27T16:51:40.002+02:00 DEBUG 7856 --- [pool-2-thread-1] c.o.tourguide.service.RewardsService     : Calculate distance between -149.877502/61.218887 and -146.357544/-72.541311
2023-09-27T16:51:40.002+02:00 DEBUG 7856 --- [pool-2-thread-1] c.o.tourguide.service.RewardsService     : Checking if the user 8db2fdee-72c3-421c-bcdb-c0c63bec1721 already get close from Flatiron Building
2023-09-27T16:51:40.002+02:00 DEBUG 7856 --- [pool-2-thread-1] c.o.tourguide.service.RewardsService     : Calculate distance between -73.989723/40.741112 and -146.357544/-72.541311
2023-09-27T16:51:40.002+02:00 DEBUG 7856 --- [pool-2-thread-1] c.o.tourguide.service.RewardsService     : Checking if the user 8db2fdee-72c3-421c-bcdb-c0c63bec1721 already get close from Fallingwater
2023-09-27T16:51:40.002+02:00 DEBUG 7856 --- [pool-2-thread-1] c.o.tourguide.service.RewardsService     : Calculate distance between -79.468056/39.906113 and -146.357544/-72.541311
2023-09-27T16:51:40.002+02:00 DEBUG 7856 --- [pool-2-thread-1] c.o.tourguide.service.RewardsService     : Checking if the user 8db2fdee-72c3-421c-bcdb-c0c63bec1721 already get close from Union Station
2023-09-27T16:51:40.002+02:00 DEBUG 7856 --- [pool-2-thread-1] c.o.tourguide.service.RewardsService     : Calculate distance between -77.006332/38.897095 and -146.357544/-72.541311
2023-09-27T16:51:40.002+02:00 DEBUG 7856 --- [pool-2-thread-1] c.o.tourguide.service.RewardsService     : Checking if the user 8db2fdee-72c3-421c-bcdb-c0c63bec1721 already get close from Roger Dean Stadium
2023-09-27T16:51:40.002+02:00 DEBUG 7856 --- [pool-2-thread-1] c.o.tourguide.service.RewardsService     : Calculate distance between -80.116577/26.890959 and -146.357544/-72.541311
2023-09-27T16:51:40.002+02:00 DEBUG 7856 --- [pool-2-thread-1] c.o.tourguide.service.RewardsService     : Checking if the user 8db2fdee-72c3-421c-bcdb-c0c63bec1721 already get close from Texas Memorial Stadium
2023-09-27T16:51:40.002+02:00 DEBUG 7856 --- [pool-2-thread-1] c.o.tourguide.service.RewardsService     : Calculate distance between -97.732536/30.283682 and -146.357544/-72.541311
2023-09-27T16:51:40.002+02:00 DEBUG 7856 --- [pool-2-thread-1] c.o.tourguide.service.RewardsService     : Checking if the user 8db2fdee-72c3-421c-bcdb-c0c63bec1721 already get close from Bryant-Denny Stadium
2023-09-27T16:51:40.002+02:00 DEBUG 7856 --- [pool-2-thread-1] c.o.tourguide.service.RewardsService     : Calculate distance between -87.550438/33.208973 and -146.357544/-72.541311
2023-09-27T16:51:40.002+02:00 DEBUG 7856 --- [pool-2-thread-1] c.o.tourguide.service.RewardsService     : Checking if the user 8db2fdee-72c3-421c-bcdb-c0c63bec1721 already get close from Tiger Stadium
2023-09-27T16:51:40.002+02:00 DEBUG 7856 --- [pool-2-thread-1] c.o.tourguide.service.RewardsService     : Calculate distance between -91.183815/30.412035 and -146.357544/-72.541311
2023-09-27T16:51:40.002+02:00 DEBUG 7856 --- [pool-2-thread-1] c.o.tourguide.service.RewardsService     : Checking if the user 8db2fdee-72c3-421c-bcdb-c0c63bec1721 already get close from Neyland Stadium
2023-09-27T16:51:40.002+02:00 DEBUG 7856 --- [pool-2-thread-1] c.o.tourguide.service.RewardsService     : Calculate distance between -83.925011/35.955013 and -146.357544/-72.541311
2023-09-27T16:51:40.002+02:00 DEBUG 7856 --- [pool-2-thread-1] c.o.tourguide.service.RewardsService     : Checking if the user 8db2fdee-72c3-421c-bcdb-c0c63bec1721 already get close from Kyle Field
2023-09-27T16:51:40.002+02:00 DEBUG 7856 --- [pool-2-thread-1] c.o.tourguide.service.RewardsService     : Calculate distance between -96.339844/30.61025 and -146.357544/-72.541311
2023-09-27T16:51:40.002+02:00 DEBUG 7856 --- [pool-2-thread-1] c.o.tourguide.service.RewardsService     : Checking if the user 8db2fdee-72c3-421c-bcdb-c0c63bec1721 already get close from San Diego Zoo
2023-09-27T16:51:40.002+02:00 DEBUG 7856 --- [pool-2-thread-1] c.o.tourguide.service.RewardsService     : Calculate distance between -117.149048/32.735317 and -146.357544/-72.541311
2023-09-27T16:51:40.002+02:00 DEBUG 7856 --- [pool-2-thread-1] c.o.tourguide.service.RewardsService     : Checking if the user 8db2fdee-72c3-421c-bcdb-c0c63bec1721 already get close from Zoo Tampa at Lowry Park
2023-09-27T16:51:40.002+02:00 DEBUG 7856 --- [pool-2-thread-1] c.o.tourguide.service.RewardsService     : Calculate distance between -82.469269/28.012804 and -146.357544/-72.541311
2023-09-27T16:51:40.002+02:00 DEBUG 7856 --- [pool-2-thread-1] c.o.tourguide.service.RewardsService     : Checking if the user 8db2fdee-72c3-421c-bcdb-c0c63bec1721 already get close from Franklin Park Zoo
2023-09-27T16:51:40.002+02:00 DEBUG 7856 --- [pool-2-thread-1] c.o.tourguide.service.RewardsService     : Calculate distance between -71.086731/42.302601 and -146.357544/-72.541311
2023-09-27T16:51:40.002+02:00 DEBUG 7856 --- [pool-2-thread-1] c.o.tourguide.service.RewardsService     : Checking if the user 8db2fdee-72c3-421c-bcdb-c0c63bec1721 already get close from El Paso Zoo
2023-09-27T16:51:40.002+02:00 DEBUG 7856 --- [pool-2-thread-1] c.o.tourguide.service.RewardsService     : Calculate distance between -106.44487/31.769125 and -146.357544/-72.541311
2023-09-27T16:51:40.002+02:00 DEBUG 7856 --- [pool-2-thread-1] c.o.tourguide.service.RewardsService     : Checking if the user 8db2fdee-72c3-421c-bcdb-c0c63bec1721 already get close from Kansas City Zoo
2023-09-27T16:51:40.002+02:00 DEBUG 7856 --- [pool-2-thread-1] c.o.tourguide.service.RewardsService     : Calculate distance between -94.529625/39.007504 and -146.357544/-72.541311
2023-09-27T16:51:40.002+02:00 DEBUG 7856 --- [pool-2-thread-1] c.o.tourguide.service.RewardsService     : Checking if the user 8db2fdee-72c3-421c-bcdb-c0c63bec1721 already get close from Bronx Zoo
2023-09-27T16:51:40.002+02:00 DEBUG 7856 --- [pool-2-thread-1] c.o.tourguide.service.RewardsService     : Calculate distance between -73.872971/40.852905 and -146.357544/-72.541311
2023-09-27T16:51:40.002+02:00 DEBUG 7856 --- [pool-2-thread-1] c.o.tourguide.service.RewardsService     : Checking if the user 8db2fdee-72c3-421c-bcdb-c0c63bec1721 already get close from Cinderella Castle
2023-09-27T16:51:40.002+02:00 DEBUG 7856 --- [pool-2-thread-1] c.o.tourguide.service.RewardsService     : Calculate distance between -81.5812/28.419411 and -146.357544/-72.541311
2023-09-27T16:51:40.002+02:00 DEBUG 7856 --- [pool-2-thread-1] c.o.tourguide.service.RewardsService     : Trying to add 0 rewards
2023-09-27T16:51:40.095+02:00  INFO 7856 --- [pool-2-thread-1] c.o.tourguide.service.TourGuideService   : Adding the current location to the user internalUser5150
2023-09-27T16:51:40.095+02:00 DEBUG 7856 --- [pool-2-thread-1] c.o.tourguide.service.RewardsService     : calculate reward for internalUser5150 on his 5 known locations
2023-09-27T16:51:40.106+02:00 DEBUG 7856 --- [pool-2-thread-1] c.o.tourguide.service.RewardsService     : Checking if the user a480abae-9b16-4789-b147-fa96729842fd already get close from Disneyland
2023-09-27T16:51:40.106+02:00 DEBUG 7856 --- [pool-2-thread-1] c.o.tourguide.service.RewardsService     : Calculate distance between -117.922008/33.817595 and 122.51426831745545/77.65327773078022
2023-09-27T16:51:40.106+02:00 DEBUG 7856 --- [pool-2-thread-1] c.o.tourguide.service.RewardsService     : Checking if the user a480abae-9b16-4789-b147-fa96729842fd already get close from Jackson Hole
2023-09-27T16:51:40.106+02:00 DEBUG 7856 --- [pool-2-thread-1] c.o.tourguide.service.RewardsService     : Calculate distance between -110.821999/43.582767 and 122.51426831745545/77.65327773078022
2023-09-27T16:51:40.106+02:00 DEBUG 7856 --- [pool-2-thread-1] c.o.tourguide.service.RewardsService     : Checking if the user a480abae-9b16-4789-b147-fa96729842fd already get close from Mojave National Preserve
2023-09-27T16:51:40.106+02:00 DEBUG 7856 --- [pool-2-thread-1] c.o.tourguide.service.RewardsService     : Calculate distance between -115.510399/35.141689 and 122.51426831745545/77.65327773078022
2023-09-27T16:51:40.106+02:00 DEBUG 7856 --- [pool-2-thread-1] c.o.tourguide.service.RewardsService     : Checking if the user a480abae-9b16-4789-b147-fa96729842fd already get close from Joshua Tree National Park
2023-09-27T16:51:40.106+02:00 DEBUG 7856 --- [pool-2-thread-1] c.o.tourguide.service.RewardsService     : Calculate distance between -115.90065/33.881866 and 122.51426831745545/77.65327773078022
2023-09-27T16:51:40.106+02:00 DEBUG 7856 --- [pool-2-thread-1] c.o.tourguide.service.RewardsService     : Checking if the user a480abae-9b16-4789-b147-fa96729842fd already get close from Buffalo National River
2023-09-27T16:51:40.106+02:00 DEBUG 7856 --- [pool-2-thread-1] c.o.tourguide.service.RewardsService     : Calculate distance between -92.757652/35.985512 and 122.51426831745545/77.65327773078022
2023-09-27T16:51:40.106+02:00 DEBUG 7856 --- [pool-2-thread-1] c.o.tourguide.service.RewardsService     : Checking if the user a480abae-9b16-4789-b147-fa96729842fd already get close from Hot Springs National Park
2023-09-27T16:51:40.106+02:00 DEBUG 7856 --- [pool-2-thread-1] c.o.tourguide.service.RewardsService     : Calculate distance between -93.042267/34.52153 and 122.51426831745545/77.65327773078022
2023-09-27T16:51:40.106+02:00 DEBUG 7856 --- [pool-2-thread-1] c.o.tourguide.service.RewardsService     : Checking if the user a480abae-9b16-4789-b147-fa96729842fd already get close from Kartchner Caverns State Park
2023-09-27T16:51:40.106+02:00 DEBUG 7856 --- [pool-2-thread-1] c.o.tourguide.service.RewardsService     : Calculate distance between -110.347382/31.837551 and 122.51426831745545/77.65327773078022
2023-09-27T16:51:40.106+02:00 DEBUG 7856 --- [pool-2-thread-1] c.o.tourguide.service.RewardsService     : Checking if the user a480abae-9b16-4789-b147-fa96729842fd already get close from Legend Valley
2023-09-27T16:51:40.106+02:00 DEBUG 7856 --- [pool-2-thread-1] c.o.tourguide.service.RewardsService     : Calculate distance between -82.40667/39.937778 and 122.51426831745545/77.65327773078022
2023-09-27T16:51:40.106+02:00 DEBUG 7856 --- [pool-2-thread-1] c.o.tourguide.service.RewardsService     : Checking if the user a480abae-9b16-4789-b147-fa96729842fd already get close from Flowers Bakery of London
2023-09-27T16:51:40.106+02:00 DEBUG 7856 --- [pool-2-thread-1] c.o.tourguide.service.RewardsService     : Calculate distance between -84.07486/37.131527 and 122.51426831745545/77.65327773078022
2023-09-27T16:51:40.106+02:00 DEBUG 7856 --- [pool-2-thread-1] c.o.tourguide.service.RewardsService     : Checking if the user a480abae-9b16-4789-b147-fa96729842fd already get close from McKinley Tower
2023-09-27T16:51:40.106+02:00 DEBUG 7856 --- [pool-2-thread-1] c.o.tourguide.service.RewardsService     : Calculate distance between -149.877502/61.218887 and 122.51426831745545/77.65327773078022
2023-09-27T16:51:40.106+02:00 DEBUG 7856 --- [pool-2-thread-1] c.o.tourguide.service.RewardsService     : Checking if the user a480abae-9b16-4789-b147-fa96729842fd already get close from Flatiron Building
2023-09-27T16:51:40.106+02:00 DEBUG 7856 --- [pool-2-thread-1] c.o.tourguide.service.RewardsService     : Calculate distance between -73.989723/40.741112 and 122.51426831745545/77.65327773078022
2023-09-27T16:51:40.106+02:00 DEBUG 7856 --- [pool-2-thread-1] c.o.tourguide.service.RewardsService     : Checking if the user a480abae-9b16-4789-b147-fa96729842fd already get close from Fallingwater
2023-09-27T16:51:40.106+02:00 DEBUG 7856 --- [pool-2-thread-1] c.o.tourguide.service.RewardsService     : Calculate distance between -79.468056/39.906113 and 122.51426831745545/77.65327773078022
2023-09-27T16:51:40.106+02:00 DEBUG 7856 --- [pool-2-thread-1] c.o.tourguide.service.RewardsService     : Checking if the user a480abae-9b16-4789-b147-fa96729842fd already get close from Union Station
2023-09-27T16:51:40.106+02:00 DEBUG 7856 --- [pool-2-thread-1] c.o.tourguide.service.RewardsService     : Calculate distance between -77.006332/38.897095 and 122.51426831745545/77.65327773078022
2023-09-27T16:51:40.106+02:00 DEBUG 7856 --- [pool-2-thread-1] c.o.tourguide.service.RewardsService     : Checking if the user a480abae-9b16-4789-b147-fa96729842fd already get close from Roger Dean Stadium
2023-09-27T16:51:40.106+02:00 DEBUG 7856 --- [pool-2-thread-1] c.o.tourguide.service.RewardsService     : Calculate distance between -80.116577/26.890959 and 122.51426831745545/77.65327773078022
2023-09-27T16:51:40.106+02:00 DEBUG 7856 --- [pool-2-thread-1] c.o.tourguide.service.RewardsService     : Checking if the user a480abae-9b16-4789-b147-fa96729842fd already get close from Texas Memorial Stadium
2023-09-27T16:51:40.106+02:00 DEBUG 7856 --- [pool-2-thread-1] c.o.tourguide.service.RewardsService     : Calculate distance between -97.732536/30.283682 and 122.51426831745545/77.65327773078022
2023-09-27T16:51:40.106+02:00 DEBUG 7856 --- [pool-2-thread-1] c.o.tourguide.service.RewardsService     : Checking if the user a480abae-9b16-4789-b147-fa96729842fd already get close from Bryant-Denny Stadium
2023-09-27T16:51:40.106+02:00 DEBUG 7856 --- [pool-2-thread-1] c.o.tourguide.service.RewardsService     : Calculate distance between -87.550438/33.208973 and 122.51426831745545/77.65327773078022
2023-09-27T16:51:40.106+02:00 DEBUG 7856 --- [pool-2-thread-1] c.o.tourguide.service.RewardsService     : Checking if the user a480abae-9b16-4789-b147-fa96729842fd already get close from Tiger Stadium
2023-09-27T16:51:40.106+02:00 DEBUG 7856 --- [pool-2-thread-1] c.o.tourguide.service.RewardsService     : Calculate distance between -91.183815/30.412035 and 122.51426831745545/77.65327773078022
2023-09-27T16:51:40.106+02:00 DEBUG 7856 --- [pool-2-thread-1] c.o.tourguide.service.RewardsService     : Checking if the user a480abae-9b16-4789-b147-fa96729842fd already get close from Neyland Stadium
2023-09-27T16:51:40.106+02:00 DEBUG 7856 --- [pool-2-thread-1] c.o.tourguide.service.RewardsService     : Calculate distance between -83.925011/35.955013 and 122.51426831745545/77.65327773078022
2023-09-27T16:51:40.106+02:00 DEBUG 7856 --- [pool-2-thread-1] c.o.tourguide.service.RewardsService     : Checking if the user a480abae-9b16-4789-b147-fa96729842fd already get close from Kyle Field
2023-09-27T16:51:40.106+02:00 DEBUG 7856 --- [pool-2-thread-1] c.o.tourguide.service.RewardsService     : Calculate distance between -96.339844/30.61025 and 122.51426831745545/77.65327773078022
2023-09-27T16:51:40.106+02:00 DEBUG 7856 --- [pool-2-thread-1] c.o.tourguide.service.RewardsService     : Checking if the user a480abae-9b16-4789-b147-fa96729842fd already get close from San Diego Zoo
2023-09-27T16:51:40.106+02:00 DEBUG 7856 --- [pool-2-thread-1] c.o.tourguide.service.RewardsService     : Calculate distance between -117.149048/32.735317 and 122.51426831745545/77.65327773078022
2023-09-27T16:51:40.106+02:00 DEBUG 7856 --- [pool-2-thread-1] c.o.tourguide.service.RewardsService     : Checking if the user a480abae-9b16-4789-b147-fa96729842fd already get close from Zoo Tampa at Lowry Park
2023-09-27T16:51:40.106+02:00 DEBUG 7856 --- [pool-2-thread-1] c.o.tourguide.service.RewardsService     : Calculate distance between -82.469269/28.012804 and 122.51426831745545/77.65327773078022
2023-09-27T16:51:40.106+02:00 DEBUG 7856 --- [pool-2-thread-1] c.o.tourguide.service.RewardsService     : Checking if the user a480abae-9b16-4789-b147-fa96729842fd already get close from Franklin Park Zoo
2023-09-27T16:51:40.106+02:00 DEBUG 7856 --- [pool-2-thread-1] c.o.tourguide.service.RewardsService     : Calculate distance between -71.086731/42.302601 and 122.51426831745545/77.65327773078022
2023-09-27T16:51:40.106+02:00 DEBUG 7856 --- [pool-2-thread-1] c.o.tourguide.service.RewardsService     : Checking if the user a480abae-9b16-4789-b147-fa96729842fd already get close from El Paso Zoo
2023-09-27T16:51:40.106+02:00 DEBUG 7856 --- [pool-2-thread-1] c.o.tourguide.service.RewardsService     : Calculate distance between -106.44487/31.769125 and 122.51426831745545/77.65327773078022
2023-09-27T16:51:40.106+02:00 DEBUG 7856 --- [pool-2-thread-1] c.o.tourguide.service.RewardsService     : Checking if the user a480abae-9b16-4789-b147-fa96729842fd already get close from Kansas City Zoo
2023-09-27T16:51:40.106+02:00 DEBUG 7856 --- [pool-2-thread-1] c.o.tourguide.service.RewardsService     : Calculate distance between -94.529625/39.007504 and 122.51426831745545/77.65327773078022
2023-09-27T16:51:40.106+02:00 DEBUG 7856 --- [pool-2-thread-1] c.o.tourguide.service.RewardsService     : Checking if the user a480abae-9b16-4789-b147-fa96729842fd already get close from Bronx Zoo
2023-09-27T16:51:40.106+02:00 DEBUG 7856 --- [pool-2-thread-1] c.o.tourguide.service.RewardsService     : Calculate distance between -73.872971/40.852905 and 122.51426831745545/77.65327773078022
2023-09-27T16:51:40.106+02:00 DEBUG 7856 --- [pool-2-thread-1] c.o.tourguide.service.RewardsService     : Checking if the user a480abae-9b16-4789-b147-fa96729842fd already get close from Cinderella Castle
2023-09-27T16:51:40.106+02:00 DEBUG 7856 --- [pool-2-thread-1] c.o.tourguide.service.RewardsService     : Calculate distance between -81.5812/28.419411 and 122.51426831745545/77.65327773078022
2023-09-27T16:51:40.106+02:00 DEBUG 7856 --- [pool-2-thread-1] c.o.tourguide.service.RewardsService     : Checking if the user a480abae-9b16-4789-b147-fa96729842fd already get close from Disneyland
2023-09-27T16:51:40.106+02:00 DEBUG 7856 --- [pool-2-thread-1] c.o.tourguide.service.RewardsService     : Calculate distance between -117.922008/33.817595 and 23.032366528509073/9.681523193505583
2023-09-27T16:51:40.106+02:00 DEBUG 7856 --- [pool-2-thread-1] c.o.tourguide.service.RewardsService     : Checking if the user a480abae-9b16-4789-b147-fa96729842fd already get close from Jackson Hole
2023-09-27T16:51:40.106+02:00 DEBUG 7856 --- [pool-2-thread-1] c.o.tourguide.service.RewardsService     : Calculate distance between -110.821999/43.582767 and 23.032366528509073/9.681523193505583
2023-09-27T16:51:40.106+02:00 DEBUG 7856 --- [pool-2-thread-1] c.o.tourguide.service.RewardsService     : Checking if the user a480abae-9b16-4789-b147-fa96729842fd already get close from Mojave National Preserve
2023-09-27T16:51:40.106+02:00 DEBUG 7856 --- [pool-2-thread-1] c.o.tourguide.service.RewardsService     : Calculate distance between -115.510399/35.141689 and 23.032366528509073/9.681523193505583
2023-09-27T16:51:40.106+02:00 DEBUG 7856 --- [pool-2-thread-1] c.o.tourguide.service.RewardsService     : Checking if the user a480abae-9b16-4789-b147-fa96729842fd already get close from Joshua Tree National Park
2023-09-27T16:51:40.106+02:00 DEBUG 7856 --- [pool-2-thread-1] c.o.tourguide.service.RewardsService     : Calculate distance between -115.90065/33.881866 and 23.032366528509073/9.681523193505583
2023-09-27T16:51:40.106+02:00 DEBUG 7856 --- [pool-2-thread-1] c.o.tourguide.service.RewardsService     : Checking if the user a480abae-9b16-4789-b147-fa96729842fd already get close from Buffalo National River
2023-09-27T16:51:40.106+02:00 DEBUG 7856 --- [pool-2-thread-1] c.o.tourguide.service.RewardsService     : Calculate distance between -92.757652/35.985512 and 23.032366528509073/9.681523193505583
2023-09-27T16:51:40.106+02:00 DEBUG 7856 --- [pool-2-thread-1] c.o.tourguide.service.RewardsService     : Checking if the user a480abae-9b16-4789-b147-fa96729842fd already get close from Hot Springs National Park
2023-09-27T16:51:40.106+02:00 DEBUG 7856 --- [pool-2-thread-1] c.o.tourguide.service.RewardsService     : Calculate distance between -93.042267/34.52153 and 23.032366528509073/9.681523193505583
2023-09-27T16:51:40.106+02:00 DEBUG 7856 --- [pool-2-thread-1] c.o.tourguide.service.RewardsService     : Checking if the user a480abae-9b16-4789-b147-fa96729842fd already get close from Kartchner Caverns State Park
2023-09-27T16:51:40.106+02:00 DEBUG 7856 --- [pool-2-thread-1] c.o.tourguide.service.RewardsService     : Calculate distance between -110.347382/31.837551 and 23.032366528509073/9.681523193505583
2023-09-27T16:51:40.106+02:00 DEBUG 7856 --- [pool-2-thread-1] c.o.tourguide.service.RewardsService     : Checking if the user a480abae-9b16-4789-b147-fa96729842fd already get close from Legend Valley
2023-09-27T16:51:40.106+02:00 DEBUG 7856 --- [pool-2-thread-1] c.o.tourguide.service.RewardsService     : Calculate distance between -82.40667/39.937778 and 23.032366528509073/9.681523193505583
2023-09-27T16:51:40.106+02:00 DEBUG 7856 --- [pool-2-thread-1] c.o.tourguide.service.RewardsService     : Checking if the user a480abae-9b16-4789-b147-fa96729842fd already get close from Flowers Bakery of London
2023-09-27T16:51:40.106+02:00 DEBUG 7856 --- [pool-2-thread-1] c.o.tourguide.service.RewardsService     : Calculate distance between -84.07486/37.131527 and 23.032366528509073/9.681523193505583
2023-09-27T16:51:40.106+02:00 DEBUG 7856 --- [pool-2-thread-1] c.o.tourguide.service.RewardsService     : Checking if the user a480abae-9b16-4789-b147-fa96729842fd already get close from McKinley Tower
2023-09-27T16:51:40.106+02:00 DEBUG 7856 --- [pool-2-thread-1] c.o.tourguide.service.RewardsService     : Calculate distance between -149.877502/61.218887 and 23.032366528509073/9.681523193505583
2023-09-27T16:51:40.106+02:00 DEBUG 7856 --- [pool-2-thread-1] c.o.tourguide.service.RewardsService     : Checking if the user a480abae-9b16-4789-b147-fa96729842fd already get close from Flatiron Building
2023-09-27T16:51:40.106+02:00 DEBUG 7856 --- [pool-2-thread-1] c.o.tourguide.service.RewardsService     : Calculate distance between -73.989723/40.741112 and 23.032366528509073/9.681523193505583
2023-09-27T16:51:40.106+02:00 DEBUG 7856 --- [pool-2-thread-1] c.o.tourguide.service.RewardsService     : Checking if the user a480abae-9b16-4789-b147-fa96729842fd already get close from Fallingwater
2023-09-27T16:51:40.106+02:00 DEBUG 7856 --- [pool-2-thread-1] c.o.tourguide.service.RewardsService     : Calculate distance between -79.468056/39.906113 and 23.032366528509073/9.681523193505583
2023-09-27T16:51:40.106+02:00 DEBUG 7856 --- [pool-2-thread-1] c.o.tourguide.service.RewardsService     : Checking if the user a480abae-9b16-4789-b147-fa96729842fd already get close from Union Station
2023-09-27T16:51:40.106+02:00 DEBUG 7856 --- [pool-2-thread-1] c.o.tourguide.service.RewardsService     : Calculate distance between -77.006332/38.897095 and 23.032366528509073/9.681523193505583
2023-09-27T16:51:40.106+02:00 DEBUG 7856 --- [pool-2-thread-1] c.o.tourguide.service.RewardsService     : Checking if the user a480abae-9b16-4789-b147-fa96729842fd already get close from Roger Dean Stadium
2023-09-27T16:51:40.106+02:00 DEBUG 7856 --- [pool-2-thread-1] c.o.tourguide.service.RewardsService     : Calculate distance between -80.116577/26.890959 and 23.032366528509073/9.681523193505583
2023-09-27T16:51:40.106+02:00 DEBUG 7856 --- [pool-2-thread-1] c.o.tourguide.service.RewardsService     : Checking if the user a480abae-9b16-4789-b147-fa96729842fd already get close from Texas Memorial Stadium
2023-09-27T16:51:40.106+02:00 DEBUG 7856 --- [pool-2-thread-1] c.o.tourguide.service.RewardsService     : Calculate distance between -97.732536/30.283682 and 23.032366528509073/9.681523193505583
2023-09-27T16:51:40.106+02:00 DEBUG 7856 --- [pool-2-thread-1] c.o.tourguide.service.RewardsService     : Checking if the user a480abae-9b16-4789-b147-fa96729842fd already get close from Bryant-Denny Stadium
2023-09-27T16:51:40.106+02:00 DEBUG 7856 --- [pool-2-thread-1] c.o.tourguide.service.RewardsService     : Calculate distance between -87.550438/33.208973 and 23.032366528509073/9.681523193505583
2023-09-27T16:51:40.106+02:00 DEBUG 7856 --- [pool-2-thread-1] c.o.tourguide.service.RewardsService     : Checking if the user a480abae-9b16-4789-b147-fa96729842fd already get close from Tiger Stadium
2023-09-27T16:51:40.106+02:00 DEBUG 7856 --- [pool-2-thread-1] c.o.tourguide.service.RewardsService     : Calculate distance between -91.183815/30.412035 and 23.032366528509073/9.681523193505583
2023-09-27T16:51:40.106+02:00 DEBUG 7856 --- [pool-2-thread-1] c.o.tourguide.service.RewardsService     : Checking if the user a480abae-9b16-4789-b147-fa96729842fd already get close from Neyland Stadium
2023-09-27T16:51:40.106+02:00 DEBUG 7856 --- [pool-2-thread-1] c.o.tourguide.service.RewardsService     : Calculate distance between -83.925011/35.955013 and 23.032366528509073/9.681523193505583
2023-09-27T16:51:40.106+02:00 DEBUG 7856 --- [pool-2-thread-1] c.o.tourguide.service.RewardsService     : Checking if the user a480abae-9b16-4789-b147-fa96729842fd already get close from Kyle Field
2023-09-27T16:51:40.106+02:00 DEBUG 7856 --- [pool-2-thread-1] c.o.tourguide.service.RewardsService     : Calculate distance between -96.339844/30.61025 and 23.032366528509073/9.681523193505583
2023-09-27T16:51:40.106+02:00 DEBUG 7856 --- [pool-2-thread-1] c.o.tourguide.service.RewardsService     : Checking if the user a480abae-9b16-4789-b147-fa96729842fd already get close from San Diego Zoo
2023-09-27T16:51:40.106+02:00 DEBUG 7856 --- [pool-2-thread-1] c.o.tourguide.service.RewardsService     : Calculate distance between -117.149048/32.735317 and 23.032366528509073/9.681523193505583
2023-09-27T16:51:40.106+02:00 DEBUG 7856 --- [pool-2-thread-1] c.o.tourguide.service.RewardsService     : Checking if the user a480abae-9b16-4789-b147-fa96729842fd already get close from Zoo Tampa at Lowry Park
2023-09-27T16:51:40.107+02:00 DEBUG 7856 --- [pool-2-thread-1] c.o.tourguide.service.RewardsService     : Calculate distance between -82.469269/28.012804 and 23.032366528509073/9.681523193505583
2023-09-27T16:51:40.107+02:00 DEBUG 7856 --- [pool-2-thread-1] c.o.tourguide.service.RewardsService     : Checking if the user a480abae-9b16-4789-b147-fa96729842fd already get close from Franklin Park Zoo
2023-09-27T16:51:40.107+02:00 DEBUG 7856 --- [pool-2-thread-1] c.o.tourguide.service.RewardsService     : Calculate distance between -71.086731/42.302601 and 23.032366528509073/9.681523193505583
2023-09-27T16:51:40.107+02:00 DEBUG 7856 --- [pool-2-thread-1] c.o.tourguide.service.RewardsService     : Checking if the user a480abae-9b16-4789-b147-fa96729842fd already get close from El Paso Zoo
2023-09-27T16:51:40.107+02:00 DEBUG 7856 --- [pool-2-thread-1] c.o.tourguide.service.RewardsService     : Calculate distance between -106.44487/31.769125 and 23.032366528509073/9.681523193505583
2023-09-27T16:51:40.107+02:00 DEBUG 7856 --- [pool-2-thread-1] c.o.tourguide.service.RewardsService     : Checking if the user a480abae-9b16-4789-b147-fa96729842fd already get close from Kansas City Zoo
2023-09-27T16:51:40.107+02:00 DEBUG 7856 --- [pool-2-thread-1] c.o.tourguide.service.RewardsService     : Calculate distance between -94.529625/39.007504 and 23.032366528509073/9.681523193505583
2023-09-27T16:51:40.107+02:00 DEBUG 7856 --- [pool-2-thread-1] c.o.tourguide.service.RewardsService     : Checking if the user a480abae-9b16-4789-b147-fa96729842fd already get close from Bronx Zoo
2023-09-27T16:51:40.107+02:00 DEBUG 7856 --- [pool-2-thread-1] c.o.tourguide.service.RewardsService     : Calculate distance between -73.872971/40.852905 and 23.032366528509073/9.681523193505583
2023-09-27T16:51:40.107+02:00 DEBUG 7856 --- [pool-2-thread-1] c.o.tourguide.service.RewardsService     : Checking if the user a480abae-9b16-4789-b147-fa96729842fd already get close from Cinderella Castle
2023-09-27T16:51:40.107+02:00 DEBUG 7856 --- [pool-2-thread-1] c.o.tourguide.service.RewardsService     : Calculate distance between -81.5812/28.419411 and 23.032366528509073/9.681523193505583
2023-09-27T16:51:40.107+02:00 DEBUG 7856 --- [pool-2-thread-1] c.o.tourguide.service.RewardsService     : Checking if the user a480abae-9b16-4789-b147-fa96729842fd already get close from Disneyland
2023-09-27T16:51:40.107+02:00 DEBUG 7856 --- [pool-2-thread-1] c.o.tourguide.service.RewardsService     : Calculate distance between -117.922008/33.817595 and -80.11584724114479/-76.79983106662485
2023-09-27T16:51:40.107+02:00 DEBUG 7856 --- [pool-2-thread-1] c.o.tourguide.service.RewardsService     : Checking if the user a480abae-9b16-4789-b147-fa96729842fd already get close from Jackson Hole
2023-09-27T16:51:40.107+02:00 DEBUG 7856 --- [pool-2-thread-1] c.o.tourguide.service.RewardsService     : Calculate distance between -110.821999/43.582767 and -80.11584724114479/-76.79983106662485
2023-09-27T16:51:40.107+02:00 DEBUG 7856 --- [pool-2-thread-1] c.o.tourguide.service.RewardsService     : Checking if the user a480abae-9b16-4789-b147-fa96729842fd already get close from Mojave National Preserve
2023-09-27T16:51:40.107+02:00 DEBUG 7856 --- [pool-2-thread-1] c.o.tourguide.service.RewardsService     : Calculate distance between -115.510399/35.141689 and -80.11584724114479/-76.79983106662485
2023-09-27T16:51:40.107+02:00 DEBUG 7856 --- [pool-2-thread-1] c.o.tourguide.service.RewardsService     : Checking if the user a480abae-9b16-4789-b147-fa96729842fd already get close from Joshua Tree National Park
2023-09-27T16:51:40.107+02:00 DEBUG 7856 --- [pool-2-thread-1] c.o.tourguide.service.RewardsService     : Calculate distance between -115.90065/33.881866 and -80.11584724114479/-76.79983106662485
2023-09-27T16:51:40.107+02:00 DEBUG 7856 --- [pool-2-thread-1] c.o.tourguide.service.RewardsService     : Checking if the user a480abae-9b16-4789-b147-fa96729842fd already get close from Buffalo National River
2023-09-27T16:51:40.107+02:00 DEBUG 7856 --- [pool-2-thread-1] c.o.tourguide.service.RewardsService     : Calculate distance between -92.757652/35.985512 and -80.11584724114479/-76.79983106662485
2023-09-27T16:51:40.107+02:00 DEBUG 7856 --- [pool-2-thread-1] c.o.tourguide.service.RewardsService     : Checking if the user a480abae-9b16-4789-b147-fa96729842fd already get close from Hot Springs National Park
2023-09-27T16:51:40.107+02:00 DEBUG 7856 --- [pool-2-thread-1] c.o.tourguide.service.RewardsService     : Calculate distance between -93.042267/34.52153 and -80.11584724114479/-76.79983106662485
2023-09-27T16:51:40.107+02:00 DEBUG 7856 --- [pool-2-thread-1] c.o.tourguide.service.RewardsService     : Checking if the user a480abae-9b16-4789-b147-fa96729842fd already get close from Kartchner Caverns State Park
2023-09-27T16:51:40.107+02:00 DEBUG 7856 --- [pool-2-thread-1] c.o.tourguide.service.RewardsService     : Calculate distance between -110.347382/31.837551 and -80.11584724114479/-76.79983106662485
2023-09-27T16:51:40.107+02:00 DEBUG 7856 --- [pool-2-thread-1] c.o.tourguide.service.RewardsService     : Checking if the user a480abae-9b16-4789-b147-fa96729842fd already get close from Legend Valley
2023-09-27T16:51:40.107+02:00 DEBUG 7856 --- [pool-2-thread-1] c.o.tourguide.service.RewardsService     : Calculate distance between -82.40667/39.937778 and -80.11584724114479/-76.79983106662485
2023-09-27T16:51:40.107+02:00 DEBUG 7856 --- [pool-2-thread-1] c.o.tourguide.service.RewardsService     : Checking if the user a480abae-9b16-4789-b147-fa96729842fd already get close from Flowers Bakery of London
2023-09-27T16:51:40.107+02:00 DEBUG 7856 --- [pool-2-thread-1] c.o.tourguide.service.RewardsService     : Calculate distance between -84.07486/37.131527 and -80.11584724114479/-76.79983106662485
2023-09-27T16:51:40.107+02:00 DEBUG 7856 --- [pool-2-thread-1] c.o.tourguide.service.RewardsService     : Checking if the user a480abae-9b16-4789-b147-fa96729842fd already get close from McKinley Tower
2023-09-27T16:51:40.107+02:00 DEBUG 7856 --- [pool-2-thread-1] c.o.tourguide.service.RewardsService     : Calculate distance between -149.877502/61.218887 and -80.11584724114479/-76.79983106662485
2023-09-27T16:51:40.107+02:00 DEBUG 7856 --- [pool-2-thread-1] c.o.tourguide.service.RewardsService     : Checking if the user a480abae-9b16-4789-b147-fa96729842fd already get close from Flatiron Building
2023-09-27T16:51:40.107+02:00 DEBUG 7856 --- [pool-2-thread-1] c.o.tourguide.service.RewardsService     : Calculate distance between -73.989723/40.741112 and -80.11584724114479/-76.79983106662485
2023-09-27T16:51:40.107+02:00 DEBUG 7856 --- [pool-2-thread-1] c.o.tourguide.service.RewardsService     : Checking if the user a480abae-9b16-4789-b147-fa96729842fd already get close from Fallingwater
2023-09-27T16:51:40.107+02:00 DEBUG 7856 --- [pool-2-thread-1] c.o.tourguide.service.RewardsService     : Calculate distance between -79.468056/39.906113 and -80.11584724114479/-76.79983106662485
2023-09-27T16:51:40.107+02:00 DEBUG 7856 --- [pool-2-thread-1] c.o.tourguide.service.RewardsService     : Checking if the user a480abae-9b16-4789-b147-fa96729842fd already get close from Union Station
2023-09-27T16:51:40.107+02:00 DEBUG 7856 --- [pool-2-thread-1] c.o.tourguide.service.RewardsService     : Calculate distance between -77.006332/38.897095 and -80.11584724114479/-76.79983106662485
2023-09-27T16:51:40.107+02:00 DEBUG 7856 --- [pool-2-thread-1] c.o.tourguide.service.RewardsService     : Checking if the user a480abae-9b16-4789-b147-fa96729842fd already get close from Roger Dean Stadium
2023-09-27T16:51:40.107+02:00 DEBUG 7856 --- [pool-2-thread-1] c.o.tourguide.service.RewardsService     : Calculate distance between -80.116577/26.890959 and -80.11584724114479/-76.79983106662485
2023-09-27T16:51:40.107+02:00 DEBUG 7856 --- [pool-2-thread-1] c.o.tourguide.service.RewardsService     : Checking if the user a480abae-9b16-4789-b147-fa96729842fd already get close from Texas Memorial Stadium
2023-09-27T16:51:40.107+02:00 DEBUG 7856 --- [pool-2-thread-1] c.o.tourguide.service.RewardsService     : Calculate distance between -97.732536/30.283682 and -80.11584724114479/-76.79983106662485
2023-09-27T16:51:40.107+02:00 DEBUG 7856 --- [pool-2-thread-1] c.o.tourguide.service.RewardsService     : Checking if the user a480abae-9b16-4789-b147-fa96729842fd already get close from Bryant-Denny Stadium
2023-09-27T16:51:40.107+02:00 DEBUG 7856 --- [pool-2-thread-1] c.o.tourguide.service.RewardsService     : Calculate distance between -87.550438/33.208973 and -80.11584724114479/-76.79983106662485
2023-09-27T16:51:40.107+02:00 DEBUG 7856 --- [pool-2-thread-1] c.o.tourguide.service.RewardsService     : Checking if the user a480abae-9b16-4789-b147-fa96729842fd already get close from Tiger Stadium
2023-09-27T16:51:40.107+02:00 DEBUG 7856 --- [pool-2-thread-1] c.o.tourguide.service.RewardsService     : Calculate distance between -91.183815/30.412035 and -80.11584724114479/-76.79983106662485
2023-09-27T16:51:40.107+02:00 DEBUG 7856 --- [pool-2-thread-1] c.o.tourguide.service.RewardsService     : Checking if the user a480abae-9b16-4789-b147-fa96729842fd already get close from Neyland Stadium
2023-09-27T16:51:40.107+02:00 DEBUG 7856 --- [pool-2-thread-1] c.o.tourguide.service.RewardsService     : Calculate distance between -83.925011/35.955013 and -80.11584724114479/-76.79983106662485
2023-09-27T16:51:40.107+02:00 DEBUG 7856 --- [pool-2-thread-1] c.o.tourguide.service.RewardsService     : Checking if the user a480abae-9b16-4789-b147-fa96729842fd already get close from Kyle Field
2023-09-27T16:51:40.107+02:00 DEBUG 7856 --- [pool-2-thread-1] c.o.tourguide.service.RewardsService     : Calculate distance between -96.339844/30.61025 and -80.11584724114479/-76.79983106662485
2023-09-27T16:51:40.107+02:00 DEBUG 7856 --- [pool-2-thread-1] c.o.tourguide.service.RewardsService     : Checking if the user a480abae-9b16-4789-b147-fa96729842fd already get close from San Diego Zoo
2023-09-27T16:51:40.107+02:00 DEBUG 7856 --- [pool-2-thread-1] c.o.tourguide.service.RewardsService     : Calculate distance between -117.149048/32.735317 and -80.11584724114479/-76.79983106662485
2023-09-27T16:51:40.107+02:00 DEBUG 7856 --- [pool-2-thread-1] c.o.tourguide.service.RewardsService     : Checking if the user a480abae-9b16-4789-b147-fa96729842fd already get close from Zoo Tampa at Lowry Park
2023-09-27T16:51:40.107+02:00 DEBUG 7856 --- [pool-2-thread-1] c.o.tourguide.service.RewardsService     : Calculate distance between -82.469269/28.012804 and -80.11584724114479/-76.79983106662485
2023-09-27T16:51:40.107+02:00 DEBUG 7856 --- [pool-2-thread-1] c.o.tourguide.service.RewardsService     : Checking if the user a480abae-9b16-4789-b147-fa96729842fd already get close from Franklin Park Zoo
2023-09-27T16:51:40.107+02:00 DEBUG 7856 --- [pool-2-thread-1] c.o.tourguide.service.RewardsService     : Calculate distance between -71.086731/42.302601 and -80.11584724114479/-76.79983106662485
2023-09-27T16:51:40.107+02:00 DEBUG 7856 --- [pool-2-thread-1] c.o.tourguide.service.RewardsService     : Checking if the user a480abae-9b16-4789-b147-fa96729842fd already get close from El Paso Zoo
2023-09-27T16:51:40.107+02:00 DEBUG 7856 --- [pool-2-thread-1] c.o.tourguide.service.RewardsService     : Calculate distance between -106.44487/31.769125 and -80.11584724114479/-76.79983106662485
2023-09-27T16:51:40.107+02:00 DEBUG 7856 --- [pool-2-thread-1] c.o.tourguide.service.RewardsService     : Checking if the user a480abae-9b16-4789-b147-fa96729842fd already get close from Kansas City Zoo
2023-09-27T16:51:40.107+02:00 DEBUG 7856 --- [pool-2-thread-1] c.o.tourguide.service.RewardsService     : Calculate distance between -94.529625/39.007504 and -80.11584724114479/-76.79983106662485
2023-09-27T16:51:40.107+02:00 DEBUG 7856 --- [pool-2-thread-1] c.o.tourguide.service.RewardsService     : Checking if the user a480abae-9b16-4789-b147-fa96729842fd already get close from Bronx Zoo
2023-09-27T16:51:40.107+02:00 DEBUG 7856 --- [pool-2-thread-1] c.o.tourguide.service.RewardsService     : Calculate distance between -73.872971/40.852905 and -80.11584724114479/-76.79983106662485
2023-09-27T16:51:40.107+02:00 DEBUG 7856 --- [pool-2-thread-1] c.o.tourguide.service.RewardsService     : Checking if the user a480abae-9b16-4789-b147-fa96729842fd already get close from Cinderella Castle
2023-09-27T16:51:40.107+02:00 DEBUG 7856 --- [pool-2-thread-1] c.o.tourguide.service.RewardsService     : Calculate distance between -81.5812/28.419411 and -80.11584724114479/-76.79983106662485
2023-09-27T16:51:40.107+02:00 DEBUG 7856 --- [pool-2-thread-1] c.o.tourguide.service.RewardsService     : Checking if the user a480abae-9b16-4789-b147-fa96729842fd already get close from Disneyland
2023-09-27T16:51:40.107+02:00 DEBUG 7856 --- [pool-2-thread-1] c.o.tourguide.service.RewardsService     : Calculate distance between -117.922008/33.817595 and 21.580641/11.22286
2023-09-27T16:51:40.107+02:00 DEBUG 7856 --- [pool-2-thread-1] c.o.tourguide.service.RewardsService     : Checking if the user a480abae-9b16-4789-b147-fa96729842fd already get close from Jackson Hole
2023-09-27T16:51:40.107+02:00 DEBUG 7856 --- [pool-2-thread-1] c.o.tourguide.service.RewardsService     : Calculate distance between -110.821999/43.582767 and 21.580641/11.22286
2023-09-27T16:51:40.107+02:00 DEBUG 7856 --- [pool-2-thread-1] c.o.tourguide.service.RewardsService     : Checking if the user a480abae-9b16-4789-b147-fa96729842fd already get close from Mojave National Preserve
2023-09-27T16:51:40.107+02:00 DEBUG 7856 --- [pool-2-thread-1] c.o.tourguide.service.RewardsService     : Calculate distance between -115.510399/35.141689 and 21.580641/11.22286
2023-09-27T16:51:40.107+02:00 DEBUG 7856 --- [pool-2-thread-1] c.o.tourguide.service.RewardsService     : Checking if the user a480abae-9b16-4789-b147-fa96729842fd already get close from Joshua Tree National Park
2023-09-27T16:51:40.107+02:00 DEBUG 7856 --- [pool-2-thread-1] c.o.tourguide.service.RewardsService     : Calculate distance between -115.90065/33.881866 and 21.580641/11.22286
2023-09-27T16:51:40.107+02:00 DEBUG 7856 --- [pool-2-thread-1] c.o.tourguide.service.RewardsService     : Checking if the user a480abae-9b16-4789-b147-fa96729842fd already get close from Buffalo National River
2023-09-27T16:51:40.107+02:00 DEBUG 7856 --- [pool-2-thread-1] c.o.tourguide.service.RewardsService     : Calculate distance between -92.757652/35.985512 and 21.580641/11.22286
2023-09-27T16:51:40.107+02:00 DEBUG 7856 --- [pool-2-thread-1] c.o.tourguide.service.RewardsService     : Checking if the user a480abae-9b16-4789-b147-fa96729842fd already get close from Hot Springs National Park
2023-09-27T16:51:40.107+02:00 DEBUG 7856 --- [pool-2-thread-1] c.o.tourguide.service.RewardsService     : Calculate distance between -93.042267/34.52153 and 21.580641/11.22286
2023-09-27T16:51:40.107+02:00 DEBUG 7856 --- [pool-2-thread-1] c.o.tourguide.service.RewardsService     : Checking if the user a480abae-9b16-4789-b147-fa96729842fd already get close from Kartchner Caverns State Park
2023-09-27T16:51:40.107+02:00 DEBUG 7856 --- [pool-2-thread-1] c.o.tourguide.service.RewardsService     : Calculate distance between -110.347382/31.837551 and 21.580641/11.22286
2023-09-27T16:51:40.107+02:00 DEBUG 7856 --- [pool-2-thread-1] c.o.tourguide.service.RewardsService     : Checking if the user a480abae-9b16-4789-b147-fa96729842fd already get close from Legend Valley
2023-09-27T16:51:40.107+02:00 DEBUG 7856 --- [pool-2-thread-1] c.o.tourguide.service.RewardsService     : Calculate distance between -82.40667/39.937778 and 21.580641/11.22286
2023-09-27T16:51:40.107+02:00 DEBUG 7856 --- [pool-2-thread-1] c.o.tourguide.service.RewardsService     : Checking if the user a480abae-9b16-4789-b147-fa96729842fd already get close from Flowers Bakery of London
2023-09-27T16:51:40.107+02:00 DEBUG 7856 --- [pool-2-thread-1] c.o.tourguide.service.RewardsService     : Calculate distance between -84.07486/37.131527 and 21.580641/11.22286
2023-09-27T16:51:40.107+02:00 DEBUG 7856 --- [pool-2-thread-1] c.o.tourguide.service.RewardsService     : Checking if the user a480abae-9b16-4789-b147-fa96729842fd already get close from McKinley Tower
2023-09-27T16:51:40.107+02:00 DEBUG 7856 --- [pool-2-thread-1] c.o.tourguide.service.RewardsService     : Calculate distance between -149.877502/61.218887 and 21.580641/11.22286
2023-09-27T16:51:40.107+02:00 DEBUG 7856 --- [pool-2-thread-1] c.o.tourguide.service.RewardsService     : Checking if the user a480abae-9b16-4789-b147-fa96729842fd already get close from Flatiron Building
2023-09-27T16:51:40.107+02:00 DEBUG 7856 --- [pool-2-thread-1] c.o.tourguide.service.RewardsService     : Calculate distance between -73.989723/40.741112 and 21.580641/11.22286
2023-09-27T16:51:40.107+02:00 DEBUG 7856 --- [pool-2-thread-1] c.o.tourguide.service.RewardsService     : Checking if the user a480abae-9b16-4789-b147-fa96729842fd already get close from Fallingwater
2023-09-27T16:51:40.107+02:00 DEBUG 7856 --- [pool-2-thread-1] c.o.tourguide.service.RewardsService     : Calculate distance between -79.468056/39.906113 and 21.580641/11.22286
2023-09-27T16:51:40.107+02:00 DEBUG 7856 --- [pool-2-thread-1] c.o.tourguide.service.RewardsService     : Checking if the user a480abae-9b16-4789-b147-fa96729842fd already get close from Union Station
2023-09-27T16:51:40.107+02:00 DEBUG 7856 --- [pool-2-thread-1] c.o.tourguide.service.RewardsService     : Calculate distance between -77.006332/38.897095 and 21.580641/11.22286
2023-09-27T16:51:40.107+02:00 DEBUG 7856 --- [pool-2-thread-1] c.o.tourguide.service.RewardsService     : Checking if the user a480abae-9b16-4789-b147-fa96729842fd already get close from Roger Dean Stadium
2023-09-27T16:51:40.107+02:00 DEBUG 7856 --- [pool-2-thread-1] c.o.tourguide.service.RewardsService     : Calculate distance between -80.116577/26.890959 and 21.580641/11.22286
2023-09-27T16:51:40.107+02:00 DEBUG 7856 --- [pool-2-thread-1] c.o.tourguide.service.RewardsService     : Checking if the user a480abae-9b16-4789-b147-fa96729842fd already get close from Texas Memorial Stadium
2023-09-27T16:51:40.108+02:00 DEBUG 7856 --- [pool-2-thread-1] c.o.tourguide.service.RewardsService     : Calculate distance between -97.732536/30.283682 and 21.580641/11.22286
2023-09-27T16:51:40.108+02:00 DEBUG 7856 --- [pool-2-thread-1] c.o.tourguide.service.RewardsService     : Checking if the user a480abae-9b16-4789-b147-fa96729842fd already get close from Bryant-Denny Stadium
2023-09-27T16:51:40.108+02:00 DEBUG 7856 --- [pool-2-thread-1] c.o.tourguide.service.RewardsService     : Calculate distance between -87.550438/33.208973 and 21.580641/11.22286
2023-09-27T16:51:40.108+02:00 DEBUG 7856 --- [pool-2-thread-1] c.o.tourguide.service.RewardsService     : Checking if the user a480abae-9b16-4789-b147-fa96729842fd already get close from Tiger Stadium
2023-09-27T16:51:40.108+02:00 DEBUG 7856 --- [pool-2-thread-1] c.o.tourguide.service.RewardsService     : Calculate distance between -91.183815/30.412035 and 21.580641/11.22286
2023-09-27T16:51:40.108+02:00 DEBUG 7856 --- [pool-2-thread-1] c.o.tourguide.service.RewardsService     : Checking if the user a480abae-9b16-4789-b147-fa96729842fd already get close from Neyland Stadium
2023-09-27T16:51:40.108+02:00 DEBUG 7856 --- [pool-2-thread-1] c.o.tourguide.service.RewardsService     : Calculate distance between -83.925011/35.955013 and 21.580641/11.22286
2023-09-27T16:51:40.108+02:00 DEBUG 7856 --- [pool-2-thread-1] c.o.tourguide.service.RewardsService     : Checking if the user a480abae-9b16-4789-b147-fa96729842fd already get close from Kyle Field
2023-09-27T16:51:40.108+02:00 DEBUG 7856 --- [pool-2-thread-1] c.o.tourguide.service.RewardsService     : Calculate distance between -96.339844/30.61025 and 21.580641/11.22286
2023-09-27T16:51:40.108+02:00 DEBUG 7856 --- [pool-2-thread-1] c.o.tourguide.service.RewardsService     : Checking if the user a480abae-9b16-4789-b147-fa96729842fd already get close from San Diego Zoo
2023-09-27T16:51:40.108+02:00 DEBUG 7856 --- [pool-2-thread-1] c.o.tourguide.service.RewardsService     : Calculate distance between -117.149048/32.735317 and 21.580641/11.22286
2023-09-27T16:51:40.108+02:00 DEBUG 7856 --- [pool-2-thread-1] c.o.tourguide.service.RewardsService     : Checking if the user a480abae-9b16-4789-b147-fa96729842fd already get close from Zoo Tampa at Lowry Park
2023-09-27T16:51:40.108+02:00 DEBUG 7856 --- [pool-2-thread-1] c.o.tourguide.service.RewardsService     : Calculate distance between -82.469269/28.012804 and 21.580641/11.22286
2023-09-27T16:51:40.108+02:00 DEBUG 7856 --- [pool-2-thread-1] c.o.tourguide.service.RewardsService     : Checking if the user a480abae-9b16-4789-b147-fa96729842fd already get close from Franklin Park Zoo
2023-09-27T16:51:40.108+02:00 DEBUG 7856 --- [pool-2-thread-1] c.o.tourguide.service.RewardsService     : Calculate distance between -71.086731/42.302601 and 21.580641/11.22286
2023-09-27T16:51:40.108+02:00 DEBUG 7856 --- [pool-2-thread-1] c.o.tourguide.service.RewardsService     : Checking if the user a480abae-9b16-4789-b147-fa96729842fd already get close from El Paso Zoo
2023-09-27T16:51:40.108+02:00 DEBUG 7856 --- [pool-2-thread-1] c.o.tourguide.service.RewardsService     : Calculate distance between -106.44487/31.769125 and 21.580641/11.22286
2023-09-27T16:51:40.108+02:00 DEBUG 7856 --- [pool-2-thread-1] c.o.tourguide.service.RewardsService     : Checking if the user a480abae-9b16-4789-b147-fa96729842fd already get close from Kansas City Zoo
2023-09-27T16:51:40.108+02:00 DEBUG 7856 --- [pool-2-thread-1] c.o.tourguide.service.RewardsService     : Calculate distance between -94.529625/39.007504 and 21.580641/11.22286
2023-09-27T16:51:40.108+02:00 DEBUG 7856 --- [pool-2-thread-1] c.o.tourguide.service.RewardsService     : Checking if the user a480abae-9b16-4789-b147-fa96729842fd already get close from Bronx Zoo
2023-09-27T16:51:40.108+02:00 DEBUG 7856 --- [pool-2-thread-1] c.o.tourguide.service.RewardsService     : Calculate distance between -73.872971/40.852905 and 21.580641/11.22286
2023-09-27T16:51:40.108+02:00 DEBUG 7856 --- [pool-2-thread-1] c.o.tourguide.service.RewardsService     : Checking if the user a480abae-9b16-4789-b147-fa96729842fd already get close from Cinderella Castle
2023-09-27T16:51:40.108+02:00 DEBUG 7856 --- [pool-2-thread-1] c.o.tourguide.service.RewardsService     : Calculate distance between -81.5812/28.419411 and 21.580641/11.22286
2023-09-27T16:51:40.108+02:00 DEBUG 7856 --- [pool-2-thread-1] c.o.tourguide.service.RewardsService     : Checking if the user a480abae-9b16-4789-b147-fa96729842fd already get close from Disneyland
2023-09-27T16:51:40.108+02:00 DEBUG 7856 --- [pool-2-thread-1] c.o.tourguide.service.RewardsService     : Calculate distance between -117.922008/33.817595 and -100.073468/12.707388
2023-09-27T16:51:40.108+02:00 DEBUG 7856 --- [pool-2-thread-1] c.o.tourguide.service.RewardsService     : Checking if the user a480abae-9b16-4789-b147-fa96729842fd already get close from Jackson Hole
2023-09-27T16:51:40.108+02:00 DEBUG 7856 --- [pool-2-thread-1] c.o.tourguide.service.RewardsService     : Calculate distance between -110.821999/43.582767 and -100.073468/12.707388
2023-09-27T16:51:40.108+02:00 DEBUG 7856 --- [pool-2-thread-1] c.o.tourguide.service.RewardsService     : Checking if the user a480abae-9b16-4789-b147-fa96729842fd already get close from Mojave National Preserve
2023-09-27T16:51:40.108+02:00 DEBUG 7856 --- [pool-2-thread-1] c.o.tourguide.service.RewardsService     : Calculate distance between -115.510399/35.141689 and -100.073468/12.707388
2023-09-27T16:51:40.108+02:00 DEBUG 7856 --- [pool-2-thread-1] c.o.tourguide.service.RewardsService     : Checking if the user a480abae-9b16-4789-b147-fa96729842fd already get close from Joshua Tree National Park
2023-09-27T16:51:40.108+02:00 DEBUG 7856 --- [pool-2-thread-1] c.o.tourguide.service.RewardsService     : Calculate distance between -115.90065/33.881866 and -100.073468/12.707388
2023-09-27T16:51:40.108+02:00 DEBUG 7856 --- [pool-2-thread-1] c.o.tourguide.service.RewardsService     : Checking if the user a480abae-9b16-4789-b147-fa96729842fd already get close from Buffalo National River
2023-09-27T16:51:40.108+02:00 DEBUG 7856 --- [pool-2-thread-1] c.o.tourguide.service.RewardsService     : Calculate distance between -92.757652/35.985512 and -100.073468/12.707388
2023-09-27T16:51:40.108+02:00 DEBUG 7856 --- [pool-2-thread-1] c.o.tourguide.service.RewardsService     : Checking if the user a480abae-9b16-4789-b147-fa96729842fd already get close from Hot Springs National Park
2023-09-27T16:51:40.108+02:00 DEBUG 7856 --- [pool-2-thread-1] c.o.tourguide.service.RewardsService     : Calculate distance between -93.042267/34.52153 and -100.073468/12.707388
2023-09-27T16:51:40.108+02:00 DEBUG 7856 --- [pool-2-thread-1] c.o.tourguide.service.RewardsService     : Checking if the user a480abae-9b16-4789-b147-fa96729842fd already get close from Kartchner Caverns State Park
2023-09-27T16:51:40.108+02:00 DEBUG 7856 --- [pool-2-thread-1] c.o.tourguide.service.RewardsService     : Calculate distance between -110.347382/31.837551 and -100.073468/12.707388
2023-09-27T16:51:40.108+02:00 DEBUG 7856 --- [pool-2-thread-1] c.o.tourguide.service.RewardsService     : Checking if the user a480abae-9b16-4789-b147-fa96729842fd already get close from Legend Valley
2023-09-27T16:51:40.108+02:00 DEBUG 7856 --- [pool-2-thread-1] c.o.tourguide.service.RewardsService     : Calculate distance between -82.40667/39.937778 and -100.073468/12.707388
2023-09-27T16:51:40.108+02:00 DEBUG 7856 --- [pool-2-thread-1] c.o.tourguide.service.RewardsService     : Checking if the user a480abae-9b16-4789-b147-fa96729842fd already get close from Flowers Bakery of London
2023-09-27T16:51:40.108+02:00 DEBUG 7856 --- [pool-2-thread-1] c.o.tourguide.service.RewardsService     : Calculate distance between -84.07486/37.131527 and -100.073468/12.707388
2023-09-27T16:51:40.108+02:00 DEBUG 7856 --- [pool-2-thread-1] c.o.tourguide.service.RewardsService     : Checking if the user a480abae-9b16-4789-b147-fa96729842fd already get close from McKinley Tower
2023-09-27T16:51:40.108+02:00 DEBUG 7856 --- [pool-2-thread-1] c.o.tourguide.service.RewardsService     : Calculate distance between -149.877502/61.218887 and -100.073468/12.707388
2023-09-27T16:51:40.108+02:00 DEBUG 7856 --- [pool-2-thread-1] c.o.tourguide.service.RewardsService     : Checking if the user a480abae-9b16-4789-b147-fa96729842fd already get close from Flatiron Building
2023-09-27T16:51:40.108+02:00 DEBUG 7856 --- [pool-2-thread-1] c.o.tourguide.service.RewardsService     : Calculate distance between -73.989723/40.741112 and -100.073468/12.707388
2023-09-27T16:51:40.108+02:00 DEBUG 7856 --- [pool-2-thread-1] c.o.tourguide.service.RewardsService     : Checking if the user a480abae-9b16-4789-b147-fa96729842fd already get close from Fallingwater
2023-09-27T16:51:40.108+02:00 DEBUG 7856 --- [pool-2-thread-1] c.o.tourguide.service.RewardsService     : Calculate distance between -79.468056/39.906113 and -100.073468/12.707388
2023-09-27T16:51:40.108+02:00 DEBUG 7856 --- [pool-2-thread-1] c.o.tourguide.service.RewardsService     : Checking if the user a480abae-9b16-4789-b147-fa96729842fd already get close from Union Station
2023-09-27T16:51:40.108+02:00 DEBUG 7856 --- [pool-2-thread-1] c.o.tourguide.service.RewardsService     : Calculate distance between -77.006332/38.897095 and -100.073468/12.707388
2023-09-27T16:51:40.108+02:00 DEBUG 7856 --- [pool-2-thread-1] c.o.tourguide.service.RewardsService     : Checking if the user a480abae-9b16-4789-b147-fa96729842fd already get close from Roger Dean Stadium
2023-09-27T16:51:40.108+02:00 DEBUG 7856 --- [pool-2-thread-1] c.o.tourguide.service.RewardsService     : Calculate distance between -80.116577/26.890959 and -100.073468/12.707388
2023-09-27T16:51:40.108+02:00 DEBUG 7856 --- [pool-2-thread-1] c.o.tourguide.service.RewardsService     : Checking if the user a480abae-9b16-4789-b147-fa96729842fd already get close from Texas Memorial Stadium
2023-09-27T16:51:40.108+02:00 DEBUG 7856 --- [pool-2-thread-1] c.o.tourguide.service.RewardsService     : Calculate distance between -97.732536/30.283682 and -100.073468/12.707388
2023-09-27T16:51:40.108+02:00 DEBUG 7856 --- [pool-2-thread-1] c.o.tourguide.service.RewardsService     : Checking if the user a480abae-9b16-4789-b147-fa96729842fd already get close from Bryant-Denny Stadium
2023-09-27T16:51:40.108+02:00 DEBUG 7856 --- [pool-2-thread-1] c.o.tourguide.service.RewardsService     : Calculate distance between -87.550438/33.208973 and -100.073468/12.707388
2023-09-27T16:51:40.108+02:00 DEBUG 7856 --- [pool-2-thread-1] c.o.tourguide.service.RewardsService     : Checking if the user a480abae-9b16-4789-b147-fa96729842fd already get close from Tiger Stadium
2023-09-27T16:51:40.108+02:00 DEBUG 7856 --- [pool-2-thread-1] c.o.tourguide.service.RewardsService     : Calculate distance between -91.183815/30.412035 and -100.073468/12.707388
2023-09-27T16:51:40.108+02:00 DEBUG 7856 --- [pool-2-thread-1] c.o.tourguide.service.RewardsService     : Checking if the user a480abae-9b16-4789-b147-fa96729842fd already get close from Neyland Stadium
2023-09-27T16:51:40.108+02:00 DEBUG 7856 --- [pool-2-thread-1] c.o.tourguide.service.RewardsService     : Calculate distance between -83.925011/35.955013 and -100.073468/12.707388
2023-09-27T16:51:40.108+02:00 DEBUG 7856 --- [pool-2-thread-1] c.o.tourguide.service.RewardsService     : Checking if the user a480abae-9b16-4789-b147-fa96729842fd already get close from Kyle Field
2023-09-27T16:51:40.108+02:00 DEBUG 7856 --- [pool-2-thread-1] c.o.tourguide.service.RewardsService     : Calculate distance between -96.339844/30.61025 and -100.073468/12.707388
2023-09-27T16:51:40.108+02:00 DEBUG 7856 --- [pool-2-thread-1] c.o.tourguide.service.RewardsService     : Checking if the user a480abae-9b16-4789-b147-fa96729842fd already get close from San Diego Zoo
2023-09-27T16:51:40.108+02:00 DEBUG 7856 --- [pool-2-thread-1] c.o.tourguide.service.RewardsService     : Calculate distance between -117.149048/32.735317 and -100.073468/12.707388
2023-09-27T16:51:40.108+02:00 DEBUG 7856 --- [pool-2-thread-1] c.o.tourguide.service.RewardsService     : Checking if the user a480abae-9b16-4789-b147-fa96729842fd already get close from Zoo Tampa at Lowry Park
2023-09-27T16:51:40.108+02:00 DEBUG 7856 --- [pool-2-thread-1] c.o.tourguide.service.RewardsService     : Calculate distance between -82.469269/28.012804 and -100.073468/12.707388
2023-09-27T16:51:40.108+02:00 DEBUG 7856 --- [pool-2-thread-1] c.o.tourguide.service.RewardsService     : Checking if the user a480abae-9b16-4789-b147-fa96729842fd already get close from Franklin Park Zoo
2023-09-27T16:51:40.108+02:00 DEBUG 7856 --- [pool-2-thread-1] c.o.tourguide.service.RewardsService     : Calculate distance between -71.086731/42.302601 and -100.073468/12.707388
2023-09-27T16:51:40.108+02:00 DEBUG 7856 --- [pool-2-thread-1] c.o.tourguide.service.RewardsService     : Checking if the user a480abae-9b16-4789-b147-fa96729842fd already get close from El Paso Zoo
2023-09-27T16:51:40.108+02:00 DEBUG 7856 --- [pool-2-thread-1] c.o.tourguide.service.RewardsService     : Calculate distance between -106.44487/31.769125 and -100.073468/12.707388
2023-09-27T16:51:40.108+02:00 DEBUG 7856 --- [pool-2-thread-1] c.o.tourguide.service.RewardsService     : Checking if the user a480abae-9b16-4789-b147-fa96729842fd already get close from Kansas City Zoo
2023-09-27T16:51:40.108+02:00 DEBUG 7856 --- [pool-2-thread-1] c.o.tourguide.service.RewardsService     : Calculate distance between -94.529625/39.007504 and -100.073468/12.707388
2023-09-27T16:51:40.108+02:00 DEBUG 7856 --- [pool-2-thread-1] c.o.tourguide.service.RewardsService     : Checking if the user a480abae-9b16-4789-b147-fa96729842fd already get close from Bronx Zoo
2023-09-27T16:51:40.108+02:00 DEBUG 7856 --- [pool-2-thread-1] c.o.tourguide.service.RewardsService     : Calculate distance between -73.872971/40.852905 and -100.073468/12.707388
2023-09-27T16:51:40.108+02:00 DEBUG 7856 --- [pool-2-thread-1] c.o.tourguide.service.RewardsService     : Checking if the user a480abae-9b16-4789-b147-fa96729842fd already get close from Cinderella Castle
2023-09-27T16:51:40.108+02:00 DEBUG 7856 --- [pool-2-thread-1] c.o.tourguide.service.RewardsService     : Calculate distance between -81.5812/28.419411 and -100.073468/12.707388
2023-09-27T16:51:40.108+02:00 DEBUG 7856 --- [pool-2-thread-1] c.o.tourguide.service.RewardsService     : Trying to add 0 rewards
2023-09-27T16:51:40.126+02:00 DEBUG 7856 --- [pool-3-thread-1] c.o.tourguide.service.RewardsService     : Checking if the user 7b2b8fe2-9e69-474b-b415-7c5568a28c75 already get close from Tiger Stadium
2023-09-27T16:51:40.126+02:00 DEBUG 7856 --- [pool-3-thread-1] c.o.tourguide.service.RewardsService     : Calculate distance between -91.183815/30.412035 and 121.958671/-62.099573
2023-09-27T16:51:40.126+02:00 DEBUG 7856 --- [pool-3-thread-1] c.o.tourguide.service.RewardsService     : Assign reward points to 7b2b8fe2-9e69-474b-b415-7c5568a28c75 for attraction Tiger Stadium
2023-09-27T16:51:40.203+02:00  INFO 7856 --- [pool-2-thread-1] c.o.tourguide.service.TourGuideService   : Adding the current location to the user internalUser6481
2023-09-27T16:51:40.203+02:00 DEBUG 7856 --- [pool-2-thread-1] c.o.tourguide.service.RewardsService     : calculate reward for internalUser6481 on his 5 known locations
2023-09-27T16:51:40.213+02:00 DEBUG 7856 --- [pool-2-thread-1] c.o.tourguide.service.RewardsService     : Checking if the user 715b5a85-2427-4cbb-97ae-d0b67aa9da5e already get close from Disneyland
2023-09-27T16:51:40.213+02:00 DEBUG 7856 --- [pool-2-thread-1] c.o.tourguide.service.RewardsService     : Calculate distance between -117.922008/33.817595 and -61.03220151675332/-8.744848168768058
2023-09-27T16:51:40.213+02:00 DEBUG 7856 --- [pool-2-thread-1] c.o.tourguide.service.RewardsService     : Checking if the user 715b5a85-2427-4cbb-97ae-d0b67aa9da5e already get close from Jackson Hole
2023-09-27T16:51:40.213+02:00 DEBUG 7856 --- [pool-2-thread-1] c.o.tourguide.service.RewardsService     : Calculate distance between -110.821999/43.582767 and -61.03220151675332/-8.744848168768058
2023-09-27T16:51:40.213+02:00 DEBUG 7856 --- [pool-2-thread-1] c.o.tourguide.service.RewardsService     : Checking if the user 715b5a85-2427-4cbb-97ae-d0b67aa9da5e already get close from Mojave National Preserve
2023-09-27T16:51:40.213+02:00 DEBUG 7856 --- [pool-2-thread-1] c.o.tourguide.service.RewardsService     : Calculate distance between -115.510399/35.141689 and -61.03220151675332/-8.744848168768058
2023-09-27T16:51:40.213+02:00 DEBUG 7856 --- [pool-2-thread-1] c.o.tourguide.service.RewardsService     : Checking if the user 715b5a85-2427-4cbb-97ae-d0b67aa9da5e already get close from Joshua Tree National Park
2023-09-27T16:51:40.213+02:00 DEBUG 7856 --- [pool-2-thread-1] c.o.tourguide.service.RewardsService     : Calculate distance between -115.90065/33.881866 and -61.03220151675332/-8.744848168768058
2023-09-27T16:51:40.213+02:00 DEBUG 7856 --- [pool-2-thread-1] c.o.tourguide.service.RewardsService     : Checking if the user 715b5a85-2427-4cbb-97ae-d0b67aa9da5e already get close from Buffalo National River
2023-09-27T16:51:40.213+02:00 DEBUG 7856 --- [pool-2-thread-1] c.o.tourguide.service.RewardsService     : Calculate distance between -92.757652/35.985512 and -61.03220151675332/-8.744848168768058
2023-09-27T16:51:40.213+02:00 DEBUG 7856 --- [pool-2-thread-1] c.o.tourguide.service.RewardsService     : Checking if the user 715b5a85-2427-4cbb-97ae-d0b67aa9da5e already get close from Hot Springs National Park
2023-09-27T16:51:40.213+02:00 DEBUG 7856 --- [pool-2-thread-1] c.o.tourguide.service.RewardsService     : Calculate distance between -93.042267/34.52153 and -61.03220151675332/-8.744848168768058
2023-09-27T16:51:40.213+02:00 DEBUG 7856 --- [pool-2-thread-1] c.o.tourguide.service.RewardsService     : Checking if the user 715b5a85-2427-4cbb-97ae-d0b67aa9da5e already get close from Kartchner Caverns State Park
2023-09-27T16:51:40.213+02:00 DEBUG 7856 --- [pool-2-thread-1] c.o.tourguide.service.RewardsService     : Calculate distance between -110.347382/31.837551 and -61.03220151675332/-8.744848168768058
2023-09-27T16:51:40.213+02:00 DEBUG 7856 --- [pool-2-thread-1] c.o.tourguide.service.RewardsService     : Checking if the user 715b5a85-2427-4cbb-97ae-d0b67aa9da5e already get close from Legend Valley
2023-09-27T16:51:40.213+02:00 DEBUG 7856 --- [pool-2-thread-1] c.o.tourguide.service.RewardsService     : Calculate distance between -82.40667/39.937778 and -61.03220151675332/-8.744848168768058
2023-09-27T16:51:40.213+02:00 DEBUG 7856 --- [pool-2-thread-1] c.o.tourguide.service.RewardsService     : Checking if the user 715b5a85-2427-4cbb-97ae-d0b67aa9da5e already get close from Flowers Bakery of London
2023-09-27T16:51:40.213+02:00 DEBUG 7856 --- [pool-2-thread-1] c.o.tourguide.service.RewardsService     : Calculate distance between -84.07486/37.131527 and -61.03220151675332/-8.744848168768058
2023-09-27T16:51:40.213+02:00 DEBUG 7856 --- [pool-2-thread-1] c.o.tourguide.service.RewardsService     : Checking if the user 715b5a85-2427-4cbb-97ae-d0b67aa9da5e already get close from McKinley Tower
2023-09-27T16:51:40.213+02:00 DEBUG 7856 --- [pool-2-thread-1] c.o.tourguide.service.RewardsService     : Calculate distance between -149.877502/61.218887 and -61.03220151675332/-8.744848168768058
2023-09-27T16:51:40.213+02:00 DEBUG 7856 --- [pool-2-thread-1] c.o.tourguide.service.RewardsService     : Checking if the user 715b5a85-2427-4cbb-97ae-d0b67aa9da5e already get close from Flatiron Building
2023-09-27T16:51:40.213+02:00 DEBUG 7856 --- [pool-2-thread-1] c.o.tourguide.service.RewardsService     : Calculate distance between -73.989723/40.741112 and -61.03220151675332/-8.744848168768058
2023-09-27T16:51:40.213+02:00 DEBUG 7856 --- [pool-2-thread-1] c.o.tourguide.service.RewardsService     : Checking if the user 715b5a85-2427-4cbb-97ae-d0b67aa9da5e already get close from Fallingwater
2023-09-27T16:51:40.213+02:00 DEBUG 7856 --- [pool-2-thread-1] c.o.tourguide.service.RewardsService     : Calculate distance between -79.468056/39.906113 and -61.03220151675332/-8.744848168768058
2023-09-27T16:51:40.213+02:00 DEBUG 7856 --- [pool-2-thread-1] c.o.tourguide.service.RewardsService     : Checking if the user 715b5a85-2427-4cbb-97ae-d0b67aa9da5e already get close from Union Station
2023-09-27T16:51:40.213+02:00 DEBUG 7856 --- [pool-2-thread-1] c.o.tourguide.service.RewardsService     : Calculate distance between -77.006332/38.897095 and -61.03220151675332/-8.744848168768058
2023-09-27T16:51:40.213+02:00 DEBUG 7856 --- [pool-2-thread-1] c.o.tourguide.service.RewardsService     : Checking if the user 715b5a85-2427-4cbb-97ae-d0b67aa9da5e already get close from Roger Dean Stadium
2023-09-27T16:51:40.213+02:00 DEBUG 7856 --- [pool-2-thread-1] c.o.tourguide.service.RewardsService     : Calculate distance between -80.116577/26.890959 and -61.03220151675332/-8.744848168768058
2023-09-27T16:51:40.213+02:00 DEBUG 7856 --- [pool-2-thread-1] c.o.tourguide.service.RewardsService     : Checking if the user 715b5a85-2427-4cbb-97ae-d0b67aa9da5e already get close from Texas Memorial Stadium
2023-09-27T16:51:40.213+02:00 DEBUG 7856 --- [pool-2-thread-1] c.o.tourguide.service.RewardsService     : Calculate distance between -97.732536/30.283682 and -61.03220151675332/-8.744848168768058
2023-09-27T16:51:40.213+02:00 DEBUG 7856 --- [pool-2-thread-1] c.o.tourguide.service.RewardsService     : Checking if the user 715b5a85-2427-4cbb-97ae-d0b67aa9da5e already get close from Bryant-Denny Stadium
2023-09-27T16:51:40.213+02:00 DEBUG 7856 --- [pool-2-thread-1] c.o.tourguide.service.RewardsService     : Calculate distance between -87.550438/33.208973 and -61.03220151675332/-8.744848168768058
2023-09-27T16:51:40.213+02:00 DEBUG 7856 --- [pool-2-thread-1] c.o.tourguide.service.RewardsService     : Checking if the user 715b5a85-2427-4cbb-97ae-d0b67aa9da5e already get close from Tiger Stadium
2023-09-27T16:51:40.213+02:00 DEBUG 7856 --- [pool-2-thread-1] c.o.tourguide.service.RewardsService     : Calculate distance between -91.183815/30.412035 and -61.03220151675332/-8.744848168768058
2023-09-27T16:51:40.213+02:00 DEBUG 7856 --- [pool-2-thread-1] c.o.tourguide.service.RewardsService     : Checking if the user 715b5a85-2427-4cbb-97ae-d0b67aa9da5e already get close from Neyland Stadium
2023-09-27T16:51:40.213+02:00 DEBUG 7856 --- [pool-2-thread-1] c.o.tourguide.service.RewardsService     : Calculate distance between -83.925011/35.955013 and -61.03220151675332/-8.744848168768058
2023-09-27T16:51:40.213+02:00 DEBUG 7856 --- [pool-2-thread-1] c.o.tourguide.service.RewardsService     : Checking if the user 715b5a85-2427-4cbb-97ae-d0b67aa9da5e already get close from Kyle Field
2023-09-27T16:51:40.213+02:00 DEBUG 7856 --- [pool-2-thread-1] c.o.tourguide.service.RewardsService     : Calculate distance between -96.339844/30.61025 and -61.03220151675332/-8.744848168768058
2023-09-27T16:51:40.213+02:00 DEBUG 7856 --- [pool-2-thread-1] c.o.tourguide.service.RewardsService     : Checking if the user 715b5a85-2427-4cbb-97ae-d0b67aa9da5e already get close from San Diego Zoo
2023-09-27T16:51:40.213+02:00 DEBUG 7856 --- [pool-2-thread-1] c.o.tourguide.service.RewardsService     : Calculate distance between -117.149048/32.735317 and -61.03220151675332/-8.744848168768058
2023-09-27T16:51:40.213+02:00 DEBUG 7856 --- [pool-2-thread-1] c.o.tourguide.service.RewardsService     : Checking if the user 715b5a85-2427-4cbb-97ae-d0b67aa9da5e already get close from Zoo Tampa at Lowry Park
2023-09-27T16:51:40.213+02:00 DEBUG 7856 --- [pool-2-thread-1] c.o.tourguide.service.RewardsService     : Calculate distance between -82.469269/28.012804 and -61.03220151675332/-8.744848168768058
2023-09-27T16:51:40.213+02:00 DEBUG 7856 --- [pool-2-thread-1] c.o.tourguide.service.RewardsService     : Checking if the user 715b5a85-2427-4cbb-97ae-d0b67aa9da5e already get close from Franklin Park Zoo
2023-09-27T16:51:40.213+02:00 DEBUG 7856 --- [pool-2-thread-1] c.o.tourguide.service.RewardsService     : Calculate distance between -71.086731/42.302601 and -61.03220151675332/-8.744848168768058
2023-09-27T16:51:40.213+02:00 DEBUG 7856 --- [pool-2-thread-1] c.o.tourguide.service.RewardsService     : Checking if the user 715b5a85-2427-4cbb-97ae-d0b67aa9da5e already get close from El Paso Zoo
2023-09-27T16:51:40.213+02:00 DEBUG 7856 --- [pool-2-thread-1] c.o.tourguide.service.RewardsService     : Calculate distance between -106.44487/31.769125 and -61.03220151675332/-8.744848168768058
2023-09-27T16:51:40.213+02:00 DEBUG 7856 --- [pool-2-thread-1] c.o.tourguide.service.RewardsService     : Checking if the user 715b5a85-2427-4cbb-97ae-d0b67aa9da5e already get close from Kansas City Zoo
2023-09-27T16:51:40.213+02:00 DEBUG 7856 --- [pool-2-thread-1] c.o.tourguide.service.RewardsService     : Calculate distance between -94.529625/39.007504 and -61.03220151675332/-8.744848168768058
2023-09-27T16:51:40.213+02:00 DEBUG 7856 --- [pool-2-thread-1] c.o.tourguide.service.RewardsService     : Checking if the user 715b5a85-2427-4cbb-97ae-d0b67aa9da5e already get close from Bronx Zoo
2023-09-27T16:51:40.213+02:00 DEBUG 7856 --- [pool-2-thread-1] c.o.tourguide.service.RewardsService     : Calculate distance between -73.872971/40.852905 and -61.03220151675332/-8.744848168768058
2023-09-27T16:51:40.213+02:00 DEBUG 7856 --- [pool-2-thread-1] c.o.tourguide.service.RewardsService     : Checking if the user 715b5a85-2427-4cbb-97ae-d0b67aa9da5e already get close from Cinderella Castle
2023-09-27T16:51:40.213+02:00 DEBUG 7856 --- [pool-2-thread-1] c.o.tourguide.service.RewardsService     : Calculate distance between -81.5812/28.419411 and -61.03220151675332/-8.744848168768058
2023-09-27T16:51:40.213+02:00 DEBUG 7856 --- [pool-2-thread-1] c.o.tourguide.service.RewardsService     : Checking if the user 715b5a85-2427-4cbb-97ae-d0b67aa9da5e already get close from Disneyland
2023-09-27T16:51:40.213+02:00 DEBUG 7856 --- [pool-2-thread-1] c.o.tourguide.service.RewardsService     : Calculate distance between -117.922008/33.817595 and 169.06111499892268/12.68073675734199
2023-09-27T16:51:40.213+02:00 DEBUG 7856 --- [pool-2-thread-1] c.o.tourguide.service.RewardsService     : Checking if the user 715b5a85-2427-4cbb-97ae-d0b67aa9da5e already get close from Jackson Hole
2023-09-27T16:51:40.213+02:00 DEBUG 7856 --- [pool-2-thread-1] c.o.tourguide.service.RewardsService     : Calculate distance between -110.821999/43.582767 and 169.06111499892268/12.68073675734199
2023-09-27T16:51:40.213+02:00 DEBUG 7856 --- [pool-2-thread-1] c.o.tourguide.service.RewardsService     : Checking if the user 715b5a85-2427-4cbb-97ae-d0b67aa9da5e already get close from Mojave National Preserve
2023-09-27T16:51:40.213+02:00 DEBUG 7856 --- [pool-2-thread-1] c.o.tourguide.service.RewardsService     : Calculate distance between -115.510399/35.141689 and 169.06111499892268/12.68073675734199
2023-09-27T16:51:40.213+02:00 DEBUG 7856 --- [pool-2-thread-1] c.o.tourguide.service.RewardsService     : Checking if the user 715b5a85-2427-4cbb-97ae-d0b67aa9da5e already get close from Joshua Tree National Park
2023-09-27T16:51:40.213+02:00 DEBUG 7856 --- [pool-2-thread-1] c.o.tourguide.service.RewardsService     : Calculate distance between -115.90065/33.881866 and 169.06111499892268/12.68073675734199
2023-09-27T16:51:40.213+02:00 DEBUG 7856 --- [pool-2-thread-1] c.o.tourguide.service.RewardsService     : Checking if the user 715b5a85-2427-4cbb-97ae-d0b67aa9da5e already get close from Buffalo National River
2023-09-27T16:51:40.213+02:00 DEBUG 7856 --- [pool-2-thread-1] c.o.tourguide.service.RewardsService     : Calculate distance between -92.757652/35.985512 and 169.06111499892268/12.68073675734199
2023-09-27T16:51:40.213+02:00 DEBUG 7856 --- [pool-2-thread-1] c.o.tourguide.service.RewardsService     : Checking if the user 715b5a85-2427-4cbb-97ae-d0b67aa9da5e already get close from Hot Springs National Park
2023-09-27T16:51:40.213+02:00 DEBUG 7856 --- [pool-2-thread-1] c.o.tourguide.service.RewardsService     : Calculate distance between -93.042267/34.52153 and 169.06111499892268/12.68073675734199
2023-09-27T16:51:40.213+02:00 DEBUG 7856 --- [pool-2-thread-1] c.o.tourguide.service.RewardsService     : Checking if the user 715b5a85-2427-4cbb-97ae-d0b67aa9da5e already get close from Kartchner Caverns State Park
2023-09-27T16:51:40.213+02:00 DEBUG 7856 --- [pool-2-thread-1] c.o.tourguide.service.RewardsService     : Calculate distance between -110.347382/31.837551 and 169.06111499892268/12.68073675734199
2023-09-27T16:51:40.213+02:00 DEBUG 7856 --- [pool-2-thread-1] c.o.tourguide.service.RewardsService     : Checking if the user 715b5a85-2427-4cbb-97ae-d0b67aa9da5e already get close from Legend Valley
2023-09-27T16:51:40.213+02:00 DEBUG 7856 --- [pool-2-thread-1] c.o.tourguide.service.RewardsService     : Calculate distance between -82.40667/39.937778 and 169.06111499892268/12.68073675734199
2023-09-27T16:51:40.213+02:00 DEBUG 7856 --- [pool-2-thread-1] c.o.tourguide.service.RewardsService     : Checking if the user 715b5a85-2427-4cbb-97ae-d0b67aa9da5e already get close from Flowers Bakery of London
2023-09-27T16:51:40.213+02:00 DEBUG 7856 --- [pool-2-thread-1] c.o.tourguide.service.RewardsService     : Calculate distance between -84.07486/37.131527 and 169.06111499892268/12.68073675734199
2023-09-27T16:51:40.213+02:00 DEBUG 7856 --- [pool-2-thread-1] c.o.tourguide.service.RewardsService     : Checking if the user 715b5a85-2427-4cbb-97ae-d0b67aa9da5e already get close from McKinley Tower
2023-09-27T16:51:40.213+02:00 DEBUG 7856 --- [pool-2-thread-1] c.o.tourguide.service.RewardsService     : Calculate distance between -149.877502/61.218887 and 169.06111499892268/12.68073675734199
2023-09-27T16:51:40.213+02:00 DEBUG 7856 --- [pool-2-thread-1] c.o.tourguide.service.RewardsService     : Checking if the user 715b5a85-2427-4cbb-97ae-d0b67aa9da5e already get close from Flatiron Building
2023-09-27T16:51:40.213+02:00 DEBUG 7856 --- [pool-2-thread-1] c.o.tourguide.service.RewardsService     : Calculate distance between -73.989723/40.741112 and 169.06111499892268/12.68073675734199
2023-09-27T16:51:40.213+02:00 DEBUG 7856 --- [pool-2-thread-1] c.o.tourguide.service.RewardsService     : Checking if the user 715b5a85-2427-4cbb-97ae-d0b67aa9da5e already get close from Fallingwater
2023-09-27T16:51:40.213+02:00 DEBUG 7856 --- [pool-2-thread-1] c.o.tourguide.service.RewardsService     : Calculate distance between -79.468056/39.906113 and 169.06111499892268/12.68073675734199
2023-09-27T16:51:40.213+02:00 DEBUG 7856 --- [pool-2-thread-1] c.o.tourguide.service.RewardsService     : Checking if the user 715b5a85-2427-4cbb-97ae-d0b67aa9da5e already get close from Union Station
2023-09-27T16:51:40.213+02:00 DEBUG 7856 --- [pool-2-thread-1] c.o.tourguide.service.RewardsService     : Calculate distance between -77.006332/38.897095 and 169.06111499892268/12.68073675734199
2023-09-27T16:51:40.213+02:00 DEBUG 7856 --- [pool-2-thread-1] c.o.tourguide.service.RewardsService     : Checking if the user 715b5a85-2427-4cbb-97ae-d0b67aa9da5e already get close from Roger Dean Stadium
2023-09-27T16:51:40.213+02:00 DEBUG 7856 --- [pool-2-thread-1] c.o.tourguide.service.RewardsService     : Calculate distance between -80.116577/26.890959 and 169.06111499892268/12.68073675734199
2023-09-27T16:51:40.213+02:00 DEBUG 7856 --- [pool-2-thread-1] c.o.tourguide.service.RewardsService     : Checking if the user 715b5a85-2427-4cbb-97ae-d0b67aa9da5e already get close from Texas Memorial Stadium
2023-09-27T16:51:40.213+02:00 DEBUG 7856 --- [pool-2-thread-1] c.o.tourguide.service.RewardsService     : Calculate distance between -97.732536/30.283682 and 169.06111499892268/12.68073675734199
2023-09-27T16:51:40.213+02:00 DEBUG 7856 --- [pool-2-thread-1] c.o.tourguide.service.RewardsService     : Checking if the user 715b5a85-2427-4cbb-97ae-d0b67aa9da5e already get close from Bryant-Denny Stadium
2023-09-27T16:51:40.213+02:00 DEBUG 7856 --- [pool-2-thread-1] c.o.tourguide.service.RewardsService     : Calculate distance between -87.550438/33.208973 and 169.06111499892268/12.68073675734199
2023-09-27T16:51:40.213+02:00 DEBUG 7856 --- [pool-2-thread-1] c.o.tourguide.service.RewardsService     : Checking if the user 715b5a85-2427-4cbb-97ae-d0b67aa9da5e already get close from Tiger Stadium
2023-09-27T16:51:40.213+02:00 DEBUG 7856 --- [pool-2-thread-1] c.o.tourguide.service.RewardsService     : Calculate distance between -91.183815/30.412035 and 169.06111499892268/12.68073675734199
2023-09-27T16:51:40.213+02:00 DEBUG 7856 --- [pool-2-thread-1] c.o.tourguide.service.RewardsService     : Checking if the user 715b5a85-2427-4cbb-97ae-d0b67aa9da5e already get close from Neyland Stadium
2023-09-27T16:51:40.214+02:00 DEBUG 7856 --- [pool-2-thread-1] c.o.tourguide.service.RewardsService     : Calculate distance between -83.925011/35.955013 and 169.06111499892268/12.68073675734199
2023-09-27T16:51:40.214+02:00 DEBUG 7856 --- [pool-2-thread-1] c.o.tourguide.service.RewardsService     : Checking if the user 715b5a85-2427-4cbb-97ae-d0b67aa9da5e already get close from Kyle Field
2023-09-27T16:51:40.214+02:00 DEBUG 7856 --- [pool-2-thread-1] c.o.tourguide.service.RewardsService     : Calculate distance between -96.339844/30.61025 and 169.06111499892268/12.68073675734199
2023-09-27T16:51:40.214+02:00 DEBUG 7856 --- [pool-2-thread-1] c.o.tourguide.service.RewardsService     : Checking if the user 715b5a85-2427-4cbb-97ae-d0b67aa9da5e already get close from San Diego Zoo
2023-09-27T16:51:40.214+02:00 DEBUG 7856 --- [pool-2-thread-1] c.o.tourguide.service.RewardsService     : Calculate distance between -117.149048/32.735317 and 169.06111499892268/12.68073675734199
2023-09-27T16:51:40.214+02:00 DEBUG 7856 --- [pool-2-thread-1] c.o.tourguide.service.RewardsService     : Checking if the user 715b5a85-2427-4cbb-97ae-d0b67aa9da5e already get close from Zoo Tampa at Lowry Park
2023-09-27T16:51:40.214+02:00 DEBUG 7856 --- [pool-2-thread-1] c.o.tourguide.service.RewardsService     : Calculate distance between -82.469269/28.012804 and 169.06111499892268/12.68073675734199
2023-09-27T16:51:40.214+02:00 DEBUG 7856 --- [pool-2-thread-1] c.o.tourguide.service.RewardsService     : Checking if the user 715b5a85-2427-4cbb-97ae-d0b67aa9da5e already get close from Franklin Park Zoo
2023-09-27T16:51:40.214+02:00 DEBUG 7856 --- [pool-2-thread-1] c.o.tourguide.service.RewardsService     : Calculate distance between -71.086731/42.302601 and 169.06111499892268/12.68073675734199
2023-09-27T16:51:40.214+02:00 DEBUG 7856 --- [pool-2-thread-1] c.o.tourguide.service.RewardsService     : Checking if the user 715b5a85-2427-4cbb-97ae-d0b67aa9da5e already get close from El Paso Zoo
2023-09-27T16:51:40.214+02:00 DEBUG 7856 --- [pool-2-thread-1] c.o.tourguide.service.RewardsService     : Calculate distance between -106.44487/31.769125 and 169.06111499892268/12.68073675734199
2023-09-27T16:51:40.214+02:00 DEBUG 7856 --- [pool-2-thread-1] c.o.tourguide.service.RewardsService     : Checking if the user 715b5a85-2427-4cbb-97ae-d0b67aa9da5e already get close from Kansas City Zoo
2023-09-27T16:51:40.214+02:00 DEBUG 7856 --- [pool-2-thread-1] c.o.tourguide.service.RewardsService     : Calculate distance between -94.529625/39.007504 and 169.06111499892268/12.68073675734199
2023-09-27T16:51:40.214+02:00 DEBUG 7856 --- [pool-2-thread-1] c.o.tourguide.service.RewardsService     : Checking if the user 715b5a85-2427-4cbb-97ae-d0b67aa9da5e already get close from Bronx Zoo
2023-09-27T16:51:40.214+02:00 DEBUG 7856 --- [pool-2-thread-1] c.o.tourguide.service.RewardsService     : Calculate distance between -73.872971/40.852905 and 169.06111499892268/12.68073675734199
2023-09-27T16:51:40.214+02:00 DEBUG 7856 --- [pool-2-thread-1] c.o.tourguide.service.RewardsService     : Checking if the user 715b5a85-2427-4cbb-97ae-d0b67aa9da5e already get close from Cinderella Castle
2023-09-27T16:51:40.214+02:00 DEBUG 7856 --- [pool-2-thread-1] c.o.tourguide.service.RewardsService     : Calculate distance between -81.5812/28.419411 and 169.06111499892268/12.68073675734199
2023-09-27T16:51:40.214+02:00 DEBUG 7856 --- [pool-2-thread-1] c.o.tourguide.service.RewardsService     : Checking if the user 715b5a85-2427-4cbb-97ae-d0b67aa9da5e already get close from Disneyland
2023-09-27T16:51:40.214+02:00 DEBUG 7856 --- [pool-2-thread-1] c.o.tourguide.service.RewardsService     : Calculate distance between -117.922008/33.817595 and -10.053762154747233/64.35742349450354
2023-09-27T16:51:40.214+02:00 DEBUG 7856 --- [pool-2-thread-1] c.o.tourguide.service.RewardsService     : Checking if the user 715b5a85-2427-4cbb-97ae-d0b67aa9da5e already get close from Jackson Hole
2023-09-27T16:51:40.214+02:00 DEBUG 7856 --- [pool-2-thread-1] c.o.tourguide.service.RewardsService     : Calculate distance between -110.821999/43.582767 and -10.053762154747233/64.35742349450354
2023-09-27T16:51:40.214+02:00 DEBUG 7856 --- [pool-2-thread-1] c.o.tourguide.service.RewardsService     : Checking if the user 715b5a85-2427-4cbb-97ae-d0b67aa9da5e already get close from Mojave National Preserve
2023-09-27T16:51:40.214+02:00 DEBUG 7856 --- [pool-2-thread-1] c.o.tourguide.service.RewardsService     : Calculate distance between -115.510399/35.141689 and -10.053762154747233/64.35742349450354
2023-09-27T16:51:40.214+02:00 DEBUG 7856 --- [pool-2-thread-1] c.o.tourguide.service.RewardsService     : Checking if the user 715b5a85-2427-4cbb-97ae-d0b67aa9da5e already get close from Joshua Tree National Park
2023-09-27T16:51:40.214+02:00 DEBUG 7856 --- [pool-2-thread-1] c.o.tourguide.service.RewardsService     : Calculate distance between -115.90065/33.881866 and -10.053762154747233/64.35742349450354
2023-09-27T16:51:40.214+02:00 DEBUG 7856 --- [pool-2-thread-1] c.o.tourguide.service.RewardsService     : Checking if the user 715b5a85-2427-4cbb-97ae-d0b67aa9da5e already get close from Buffalo National River
2023-09-27T16:51:40.214+02:00 DEBUG 7856 --- [pool-2-thread-1] c.o.tourguide.service.RewardsService     : Calculate distance between -92.757652/35.985512 and -10.053762154747233/64.35742349450354
2023-09-27T16:51:40.214+02:00 DEBUG 7856 --- [pool-2-thread-1] c.o.tourguide.service.RewardsService     : Checking if the user 715b5a85-2427-4cbb-97ae-d0b67aa9da5e already get close from Hot Springs National Park
2023-09-27T16:51:40.214+02:00 DEBUG 7856 --- [pool-2-thread-1] c.o.tourguide.service.RewardsService     : Calculate distance between -93.042267/34.52153 and -10.053762154747233/64.35742349450354
2023-09-27T16:51:40.214+02:00 DEBUG 7856 --- [pool-2-thread-1] c.o.tourguide.service.RewardsService     : Checking if the user 715b5a85-2427-4cbb-97ae-d0b67aa9da5e already get close from Kartchner Caverns State Park
2023-09-27T16:51:40.214+02:00 DEBUG 7856 --- [pool-2-thread-1] c.o.tourguide.service.RewardsService     : Calculate distance between -110.347382/31.837551 and -10.053762154747233/64.35742349450354
2023-09-27T16:51:40.214+02:00 DEBUG 7856 --- [pool-2-thread-1] c.o.tourguide.service.RewardsService     : Checking if the user 715b5a85-2427-4cbb-97ae-d0b67aa9da5e already get close from Legend Valley
2023-09-27T16:51:40.214+02:00 DEBUG 7856 --- [pool-2-thread-1] c.o.tourguide.service.RewardsService     : Calculate distance between -82.40667/39.937778 and -10.053762154747233/64.35742349450354
2023-09-27T16:51:40.214+02:00 DEBUG 7856 --- [pool-2-thread-1] c.o.tourguide.service.RewardsService     : Checking if the user 715b5a85-2427-4cbb-97ae-d0b67aa9da5e already get close from Flowers Bakery of London
2023-09-27T16:51:40.214+02:00 DEBUG 7856 --- [pool-2-thread-1] c.o.tourguide.service.RewardsService     : Calculate distance between -84.07486/37.131527 and -10.053762154747233/64.35742349450354
2023-09-27T16:51:40.214+02:00 DEBUG 7856 --- [pool-2-thread-1] c.o.tourguide.service.RewardsService     : Checking if the user 715b5a85-2427-4cbb-97ae-d0b67aa9da5e already get close from McKinley Tower
2023-09-27T16:51:40.214+02:00 DEBUG 7856 --- [pool-2-thread-1] c.o.tourguide.service.RewardsService     : Calculate distance between -149.877502/61.218887 and -10.053762154747233/64.35742349450354
2023-09-27T16:51:40.214+02:00 DEBUG 7856 --- [pool-2-thread-1] c.o.tourguide.service.RewardsService     : Checking if the user 715b5a85-2427-4cbb-97ae-d0b67aa9da5e already get close from Flatiron Building
2023-09-27T16:51:40.214+02:00 DEBUG 7856 --- [pool-2-thread-1] c.o.tourguide.service.RewardsService     : Calculate distance between -73.989723/40.741112 and -10.053762154747233/64.35742349450354
2023-09-27T16:51:40.214+02:00 DEBUG 7856 --- [pool-2-thread-1] c.o.tourguide.service.RewardsService     : Checking if the user 715b5a85-2427-4cbb-97ae-d0b67aa9da5e already get close from Fallingwater
2023-09-27T16:51:40.214+02:00 DEBUG 7856 --- [pool-2-thread-1] c.o.tourguide.service.RewardsService     : Calculate distance between -79.468056/39.906113 and -10.053762154747233/64.35742349450354
2023-09-27T16:51:40.214+02:00 DEBUG 7856 --- [pool-2-thread-1] c.o.tourguide.service.RewardsService     : Checking if the user 715b5a85-2427-4cbb-97ae-d0b67aa9da5e already get close from Union Station
2023-09-27T16:51:40.214+02:00 DEBUG 7856 --- [pool-2-thread-1] c.o.tourguide.service.RewardsService     : Calculate distance between -77.006332/38.897095 and -10.053762154747233/64.35742349450354
2023-09-27T16:51:40.214+02:00 DEBUG 7856 --- [pool-2-thread-1] c.o.tourguide.service.RewardsService     : Checking if the user 715b5a85-2427-4cbb-97ae-d0b67aa9da5e already get close from Roger Dean Stadium
2023-09-27T16:51:40.214+02:00 DEBUG 7856 --- [pool-2-thread-1] c.o.tourguide.service.RewardsService     : Calculate distance between -80.116577/26.890959 and -10.053762154747233/64.35742349450354
2023-09-27T16:51:40.214+02:00 DEBUG 7856 --- [pool-2-thread-1] c.o.tourguide.service.RewardsService     : Checking if the user 715b5a85-2427-4cbb-97ae-d0b67aa9da5e already get close from Texas Memorial Stadium
2023-09-27T16:51:40.214+02:00 DEBUG 7856 --- [pool-2-thread-1] c.o.tourguide.service.RewardsService     : Calculate distance between -97.732536/30.283682 and -10.053762154747233/64.35742349450354
2023-09-27T16:51:40.214+02:00 DEBUG 7856 --- [pool-2-thread-1] c.o.tourguide.service.RewardsService     : Checking if the user 715b5a85-2427-4cbb-97ae-d0b67aa9da5e already get close from Bryant-Denny Stadium
2023-09-27T16:51:40.214+02:00 DEBUG 7856 --- [pool-2-thread-1] c.o.tourguide.service.RewardsService     : Calculate distance between -87.550438/33.208973 and -10.053762154747233/64.35742349450354
2023-09-27T16:51:40.214+02:00 DEBUG 7856 --- [pool-2-thread-1] c.o.tourguide.service.RewardsService     : Checking if the user 715b5a85-2427-4cbb-97ae-d0b67aa9da5e already get close from Tiger Stadium
2023-09-27T16:51:40.214+02:00 DEBUG 7856 --- [pool-2-thread-1] c.o.tourguide.service.RewardsService     : Calculate distance between -91.183815/30.412035 and -10.053762154747233/64.35742349450354
2023-09-27T16:51:40.214+02:00 DEBUG 7856 --- [pool-2-thread-1] c.o.tourguide.service.RewardsService     : Checking if the user 715b5a85-2427-4cbb-97ae-d0b67aa9da5e already get close from Neyland Stadium
2023-09-27T16:51:40.214+02:00 DEBUG 7856 --- [pool-2-thread-1] c.o.tourguide.service.RewardsService     : Calculate distance between -83.925011/35.955013 and -10.053762154747233/64.35742349450354
2023-09-27T16:51:40.214+02:00 DEBUG 7856 --- [pool-2-thread-1] c.o.tourguide.service.RewardsService     : Checking if the user 715b5a85-2427-4cbb-97ae-d0b67aa9da5e already get close from Kyle Field
2023-09-27T16:51:40.214+02:00 DEBUG 7856 --- [pool-2-thread-1] c.o.tourguide.service.RewardsService     : Calculate distance between -96.339844/30.61025 and -10.053762154747233/64.35742349450354
2023-09-27T16:51:40.214+02:00 DEBUG 7856 --- [pool-2-thread-1] c.o.tourguide.service.RewardsService     : Checking if the user 715b5a85-2427-4cbb-97ae-d0b67aa9da5e already get close from San Diego Zoo
2023-09-27T16:51:40.214+02:00 DEBUG 7856 --- [pool-2-thread-1] c.o.tourguide.service.RewardsService     : Calculate distance between -117.149048/32.735317 and -10.053762154747233/64.35742349450354
2023-09-27T16:51:40.214+02:00 DEBUG 7856 --- [pool-2-thread-1] c.o.tourguide.service.RewardsService     : Checking if the user 715b5a85-2427-4cbb-97ae-d0b67aa9da5e already get close from Zoo Tampa at Lowry Park
2023-09-27T16:51:40.214+02:00 DEBUG 7856 --- [pool-2-thread-1] c.o.tourguide.service.RewardsService     : Calculate distance between -82.469269/28.012804 and -10.053762154747233/64.35742349450354
2023-09-27T16:51:40.214+02:00 DEBUG 7856 --- [pool-2-thread-1] c.o.tourguide.service.RewardsService     : Checking if the user 715b5a85-2427-4cbb-97ae-d0b67aa9da5e already get close from Franklin Park Zoo
2023-09-27T16:51:40.214+02:00 DEBUG 7856 --- [pool-2-thread-1] c.o.tourguide.service.RewardsService     : Calculate distance between -71.086731/42.302601 and -10.053762154747233/64.35742349450354
2023-09-27T16:51:40.214+02:00 DEBUG 7856 --- [pool-2-thread-1] c.o.tourguide.service.RewardsService     : Checking if the user 715b5a85-2427-4cbb-97ae-d0b67aa9da5e already get close from El Paso Zoo
2023-09-27T16:51:40.214+02:00 DEBUG 7856 --- [pool-2-thread-1] c.o.tourguide.service.RewardsService     : Calculate distance between -106.44487/31.769125 and -10.053762154747233/64.35742349450354
2023-09-27T16:51:40.214+02:00 DEBUG 7856 --- [pool-2-thread-1] c.o.tourguide.service.RewardsService     : Checking if the user 715b5a85-2427-4cbb-97ae-d0b67aa9da5e already get close from Kansas City Zoo
2023-09-27T16:51:40.214+02:00 DEBUG 7856 --- [pool-2-thread-1] c.o.tourguide.service.RewardsService     : Calculate distance between -94.529625/39.007504 and -10.053762154747233/64.35742349450354
2023-09-27T16:51:40.214+02:00 DEBUG 7856 --- [pool-2-thread-1] c.o.tourguide.service.RewardsService     : Checking if the user 715b5a85-2427-4cbb-97ae-d0b67aa9da5e already get close from Bronx Zoo
2023-09-27T16:51:40.214+02:00 DEBUG 7856 --- [pool-2-thread-1] c.o.tourguide.service.RewardsService     : Calculate distance between -73.872971/40.852905 and -10.053762154747233/64.35742349450354
2023-09-27T16:51:40.214+02:00 DEBUG 7856 --- [pool-2-thread-1] c.o.tourguide.service.RewardsService     : Checking if the user 715b5a85-2427-4cbb-97ae-d0b67aa9da5e already get close from Cinderella Castle
2023-09-27T16:51:40.214+02:00 DEBUG 7856 --- [pool-2-thread-1] c.o.tourguide.service.RewardsService     : Calculate distance between -81.5812/28.419411 and -10.053762154747233/64.35742349450354
2023-09-27T16:51:40.214+02:00 DEBUG 7856 --- [pool-2-thread-1] c.o.tourguide.service.RewardsService     : Checking if the user 715b5a85-2427-4cbb-97ae-d0b67aa9da5e already get close from Disneyland
2023-09-27T16:51:40.214+02:00 DEBUG 7856 --- [pool-2-thread-1] c.o.tourguide.service.RewardsService     : Calculate distance between -117.922008/33.817595 and 67.723482/-64.324457
2023-09-27T16:51:40.214+02:00 DEBUG 7856 --- [pool-2-thread-1] c.o.tourguide.service.RewardsService     : Checking if the user 715b5a85-2427-4cbb-97ae-d0b67aa9da5e already get close from Jackson Hole
2023-09-27T16:51:40.214+02:00 DEBUG 7856 --- [pool-2-thread-1] c.o.tourguide.service.RewardsService     : Calculate distance between -110.821999/43.582767 and 67.723482/-64.324457
2023-09-27T16:51:40.214+02:00 DEBUG 7856 --- [pool-2-thread-1] c.o.tourguide.service.RewardsService     : Checking if the user 715b5a85-2427-4cbb-97ae-d0b67aa9da5e already get close from Mojave National Preserve
2023-09-27T16:51:40.214+02:00 DEBUG 7856 --- [pool-2-thread-1] c.o.tourguide.service.RewardsService     : Calculate distance between -115.510399/35.141689 and 67.723482/-64.324457
2023-09-27T16:51:40.214+02:00 DEBUG 7856 --- [pool-2-thread-1] c.o.tourguide.service.RewardsService     : Checking if the user 715b5a85-2427-4cbb-97ae-d0b67aa9da5e already get close from Joshua Tree National Park
2023-09-27T16:51:40.214+02:00 DEBUG 7856 --- [pool-2-thread-1] c.o.tourguide.service.RewardsService     : Calculate distance between -115.90065/33.881866 and 67.723482/-64.324457
2023-09-27T16:51:40.214+02:00 DEBUG 7856 --- [pool-2-thread-1] c.o.tourguide.service.RewardsService     : Checking if the user 715b5a85-2427-4cbb-97ae-d0b67aa9da5e already get close from Buffalo National River
2023-09-27T16:51:40.214+02:00 DEBUG 7856 --- [pool-2-thread-1] c.o.tourguide.service.RewardsService     : Calculate distance between -92.757652/35.985512 and 67.723482/-64.324457
2023-09-27T16:51:40.214+02:00 DEBUG 7856 --- [pool-2-thread-1] c.o.tourguide.service.RewardsService     : Checking if the user 715b5a85-2427-4cbb-97ae-d0b67aa9da5e already get close from Hot Springs National Park
2023-09-27T16:51:40.214+02:00 DEBUG 7856 --- [pool-2-thread-1] c.o.tourguide.service.RewardsService     : Calculate distance between -93.042267/34.52153 and 67.723482/-64.324457
2023-09-27T16:51:40.214+02:00 DEBUG 7856 --- [pool-2-thread-1] c.o.tourguide.service.RewardsService     : Checking if the user 715b5a85-2427-4cbb-97ae-d0b67aa9da5e already get close from Kartchner Caverns State Park
2023-09-27T16:51:40.214+02:00 DEBUG 7856 --- [pool-2-thread-1] c.o.tourguide.service.RewardsService     : Calculate distance between -110.347382/31.837551 and 67.723482/-64.324457
2023-09-27T16:51:40.214+02:00 DEBUG 7856 --- [pool-2-thread-1] c.o.tourguide.service.RewardsService     : Checking if the user 715b5a85-2427-4cbb-97ae-d0b67aa9da5e already get close from Legend Valley
2023-09-27T16:51:40.214+02:00 DEBUG 7856 --- [pool-2-thread-1] c.o.tourguide.service.RewardsService     : Calculate distance between -82.40667/39.937778 and 67.723482/-64.324457
2023-09-27T16:51:40.214+02:00 DEBUG 7856 --- [pool-2-thread-1] c.o.tourguide.service.RewardsService     : Checking if the user 715b5a85-2427-4cbb-97ae-d0b67aa9da5e already get close from Flowers Bakery of London
2023-09-27T16:51:40.214+02:00 DEBUG 7856 --- [pool-2-thread-1] c.o.tourguide.service.RewardsService     : Calculate distance between -84.07486/37.131527 and 67.723482/-64.324457
2023-09-27T16:51:40.214+02:00 DEBUG 7856 --- [pool-2-thread-1] c.o.tourguide.service.RewardsService     : Checking if the user 715b5a85-2427-4cbb-97ae-d0b67aa9da5e already get close from McKinley Tower
2023-09-27T16:51:40.214+02:00 DEBUG 7856 --- [pool-2-thread-1] c.o.tourguide.service.RewardsService     : Calculate distance between -149.877502/61.218887 and 67.723482/-64.324457
2023-09-27T16:51:40.214+02:00 DEBUG 7856 --- [pool-2-thread-1] c.o.tourguide.service.RewardsService     : Checking if the user 715b5a85-2427-4cbb-97ae-d0b67aa9da5e already get close from Flatiron Building
2023-09-27T16:51:40.214+02:00 DEBUG 7856 --- [pool-2-thread-1] c.o.tourguide.service.RewardsService     : Calculate distance between -73.989723/40.741112 and 67.723482/-64.324457
2023-09-27T16:51:40.214+02:00 DEBUG 7856 --- [pool-2-thread-1] c.o.tourguide.service.RewardsService     : Checking if the user 715b5a85-2427-4cbb-97ae-d0b67aa9da5e already get close from Fallingwater
2023-09-27T16:51:40.214+02:00 DEBUG 7856 --- [pool-2-thread-1] c.o.tourguide.service.RewardsService     : Calculate distance between -79.468056/39.906113 and 67.723482/-64.324457
2023-09-27T16:51:40.214+02:00 DEBUG 7856 --- [pool-2-thread-1] c.o.tourguide.service.RewardsService     : Checking if the user 715b5a85-2427-4cbb-97ae-d0b67aa9da5e already get close from Union Station
2023-09-27T16:51:40.214+02:00 DEBUG 7856 --- [pool-2-thread-1] c.o.tourguide.service.RewardsService     : Calculate distance between -77.006332/38.897095 and 67.723482/-64.324457
2023-09-27T16:51:40.214+02:00 DEBUG 7856 --- [pool-2-thread-1] c.o.tourguide.service.RewardsService     : Checking if the user 715b5a85-2427-4cbb-97ae-d0b67aa9da5e already get close from Roger Dean Stadium
2023-09-27T16:51:40.214+02:00 DEBUG 7856 --- [pool-2-thread-1] c.o.tourguide.service.RewardsService     : Calculate distance between -80.116577/26.890959 and 67.723482/-64.324457
2023-09-27T16:51:40.214+02:00 DEBUG 7856 --- [pool-2-thread-1] c.o.tourguide.service.RewardsService     : Checking if the user 715b5a85-2427-4cbb-97ae-d0b67aa9da5e already get close from Texas Memorial Stadium
2023-09-27T16:51:40.214+02:00 DEBUG 7856 --- [pool-2-thread-1] c.o.tourguide.service.RewardsService     : Calculate distance between -97.732536/30.283682 and 67.723482/-64.324457
2023-09-27T16:51:40.214+02:00 DEBUG 7856 --- [pool-2-thread-1] c.o.tourguide.service.RewardsService     : Checking if the user 715b5a85-2427-4cbb-97ae-d0b67aa9da5e already get close from Bryant-Denny Stadium
2023-09-27T16:51:40.214+02:00 DEBUG 7856 --- [pool-2-thread-1] c.o.tourguide.service.RewardsService     : Calculate distance between -87.550438/33.208973 and 67.723482/-64.324457
2023-09-27T16:51:40.214+02:00 DEBUG 7856 --- [pool-2-thread-1] c.o.tourguide.service.RewardsService     : Checking if the user 715b5a85-2427-4cbb-97ae-d0b67aa9da5e already get close from Tiger Stadium
2023-09-27T16:51:40.214+02:00 DEBUG 7856 --- [pool-2-thread-1] c.o.tourguide.service.RewardsService     : Calculate distance between -91.183815/30.412035 and 67.723482/-64.324457
2023-09-27T16:51:40.214+02:00 DEBUG 7856 --- [pool-2-thread-1] c.o.tourguide.service.RewardsService     : Checking if the user 715b5a85-2427-4cbb-97ae-d0b67aa9da5e already get close from Neyland Stadium
2023-09-27T16:51:40.214+02:00 DEBUG 7856 --- [pool-2-thread-1] c.o.tourguide.service.RewardsService     : Calculate distance between -83.925011/35.955013 and 67.723482/-64.324457
2023-09-27T16:51:40.214+02:00 DEBUG 7856 --- [pool-2-thread-1] c.o.tourguide.service.RewardsService     : Checking if the user 715b5a85-2427-4cbb-97ae-d0b67aa9da5e already get close from Kyle Field
2023-09-27T16:51:40.214+02:00 DEBUG 7856 --- [pool-2-thread-1] c.o.tourguide.service.RewardsService     : Calculate distance between -96.339844/30.61025 and 67.723482/-64.324457
2023-09-27T16:51:40.214+02:00 DEBUG 7856 --- [pool-2-thread-1] c.o.tourguide.service.RewardsService     : Checking if the user 715b5a85-2427-4cbb-97ae-d0b67aa9da5e already get close from San Diego Zoo
2023-09-27T16:51:40.214+02:00 DEBUG 7856 --- [pool-2-thread-1] c.o.tourguide.service.RewardsService     : Calculate distance between -117.149048/32.735317 and 67.723482/-64.324457
2023-09-27T16:51:40.214+02:00 DEBUG 7856 --- [pool-2-thread-1] c.o.tourguide.service.RewardsService     : Checking if the user 715b5a85-2427-4cbb-97ae-d0b67aa9da5e already get close from Zoo Tampa at Lowry Park
2023-09-27T16:51:40.214+02:00 DEBUG 7856 --- [pool-2-thread-1] c.o.tourguide.service.RewardsService     : Calculate distance between -82.469269/28.012804 and 67.723482/-64.324457
2023-09-27T16:51:40.214+02:00 DEBUG 7856 --- [pool-2-thread-1] c.o.tourguide.service.RewardsService     : Checking if the user 715b5a85-2427-4cbb-97ae-d0b67aa9da5e already get close from Franklin Park Zoo
2023-09-27T16:51:40.214+02:00 DEBUG 7856 --- [pool-2-thread-1] c.o.tourguide.service.RewardsService     : Calculate distance between -71.086731/42.302601 and 67.723482/-64.324457
2023-09-27T16:51:40.214+02:00 DEBUG 7856 --- [pool-2-thread-1] c.o.tourguide.service.RewardsService     : Checking if the user 715b5a85-2427-4cbb-97ae-d0b67aa9da5e already get close from El Paso Zoo
2023-09-27T16:51:40.214+02:00 DEBUG 7856 --- [pool-2-thread-1] c.o.tourguide.service.RewardsService     : Calculate distance between -106.44487/31.769125 and 67.723482/-64.324457
2023-09-27T16:51:40.214+02:00 DEBUG 7856 --- [pool-2-thread-1] c.o.tourguide.service.RewardsService     : Checking if the user 715b5a85-2427-4cbb-97ae-d0b67aa9da5e already get close from Kansas City Zoo
2023-09-27T16:51:40.214+02:00 DEBUG 7856 --- [pool-2-thread-1] c.o.tourguide.service.RewardsService     : Calculate distance between -94.529625/39.007504 and 67.723482/-64.324457
2023-09-27T16:51:40.214+02:00 DEBUG 7856 --- [pool-2-thread-1] c.o.tourguide.service.RewardsService     : Checking if the user 715b5a85-2427-4cbb-97ae-d0b67aa9da5e already get close from Bronx Zoo
2023-09-27T16:51:40.214+02:00 DEBUG 7856 --- [pool-2-thread-1] c.o.tourguide.service.RewardsService     : Calculate distance between -73.872971/40.852905 and 67.723482/-64.324457
2023-09-27T16:51:40.214+02:00 DEBUG 7856 --- [pool-2-thread-1] c.o.tourguide.service.RewardsService     : Checking if the user 715b5a85-2427-4cbb-97ae-d0b67aa9da5e already get close from Cinderella Castle
2023-09-27T16:51:40.214+02:00 DEBUG 7856 --- [pool-2-thread-1] c.o.tourguide.service.RewardsService     : Calculate distance between -81.5812/28.419411 and 67.723482/-64.324457
2023-09-27T16:51:40.214+02:00 DEBUG 7856 --- [pool-2-thread-1] c.o.tourguide.service.RewardsService     : Checking if the user 715b5a85-2427-4cbb-97ae-d0b67aa9da5e already get close from Disneyland
2023-09-27T16:51:40.214+02:00 DEBUG 7856 --- [pool-2-thread-1] c.o.tourguide.service.RewardsService     : Calculate distance between -117.922008/33.817595 and 7.400333/-38.743116
2023-09-27T16:51:40.214+02:00 DEBUG 7856 --- [pool-2-thread-1] c.o.tourguide.service.RewardsService     : Checking if the user 715b5a85-2427-4cbb-97ae-d0b67aa9da5e already get close from Jackson Hole
2023-09-27T16:51:40.214+02:00 DEBUG 7856 --- [pool-2-thread-1] c.o.tourguide.service.RewardsService     : Calculate distance between -110.821999/43.582767 and 7.400333/-38.743116
2023-09-27T16:51:40.214+02:00 DEBUG 7856 --- [pool-2-thread-1] c.o.tourguide.service.RewardsService     : Checking if the user 715b5a85-2427-4cbb-97ae-d0b67aa9da5e already get close from Mojave National Preserve
2023-09-27T16:51:40.214+02:00 DEBUG 7856 --- [pool-2-thread-1] c.o.tourguide.service.RewardsService     : Calculate distance between -115.510399/35.141689 and 7.400333/-38.743116
2023-09-27T16:51:40.214+02:00 DEBUG 7856 --- [pool-2-thread-1] c.o.tourguide.service.RewardsService     : Checking if the user 715b5a85-2427-4cbb-97ae-d0b67aa9da5e already get close from Joshua Tree National Park
2023-09-27T16:51:40.214+02:00 DEBUG 7856 --- [pool-2-thread-1] c.o.tourguide.service.RewardsService     : Calculate distance between -115.90065/33.881866 and 7.400333/-38.743116
2023-09-27T16:51:40.214+02:00 DEBUG 7856 --- [pool-2-thread-1] c.o.tourguide.service.RewardsService     : Checking if the user 715b5a85-2427-4cbb-97ae-d0b67aa9da5e already get close from Buffalo National River
2023-09-27T16:51:40.214+02:00 DEBUG 7856 --- [pool-2-thread-1] c.o.tourguide.service.RewardsService     : Calculate distance between -92.757652/35.985512 and 7.400333/-38.743116
2023-09-27T16:51:40.214+02:00 DEBUG 7856 --- [pool-2-thread-1] c.o.tourguide.service.RewardsService     : Checking if the user 715b5a85-2427-4cbb-97ae-d0b67aa9da5e already get close from Hot Springs National Park
2023-09-27T16:51:40.214+02:00 DEBUG 7856 --- [pool-2-thread-1] c.o.tourguide.service.RewardsService     : Calculate distance between -93.042267/34.52153 and 7.400333/-38.743116
2023-09-27T16:51:40.214+02:00 DEBUG 7856 --- [pool-2-thread-1] c.o.tourguide.service.RewardsService     : Checking if the user 715b5a85-2427-4cbb-97ae-d0b67aa9da5e already get close from Kartchner Caverns State Park
2023-09-27T16:51:40.214+02:00 DEBUG 7856 --- [pool-2-thread-1] c.o.tourguide.service.RewardsService     : Calculate distance between -110.347382/31.837551 and 7.400333/-38.743116
2023-09-27T16:51:40.214+02:00 DEBUG 7856 --- [pool-2-thread-1] c.o.tourguide.service.RewardsService     : Checking if the user 715b5a85-2427-4cbb-97ae-d0b67aa9da5e already get close from Legend Valley
2023-09-27T16:51:40.214+02:00 DEBUG 7856 --- [pool-2-thread-1] c.o.tourguide.service.RewardsService     : Calculate distance between -82.40667/39.937778 and 7.400333/-38.743116
2023-09-27T16:51:40.214+02:00 DEBUG 7856 --- [pool-2-thread-1] c.o.tourguide.service.RewardsService     : Checking if the user 715b5a85-2427-4cbb-97ae-d0b67aa9da5e already get close from Flowers Bakery of London
2023-09-27T16:51:40.214+02:00 DEBUG 7856 --- [pool-2-thread-1] c.o.tourguide.service.RewardsService     : Calculate distance between -84.07486/37.131527 and 7.400333/-38.743116
2023-09-27T16:51:40.214+02:00 DEBUG 7856 --- [pool-2-thread-1] c.o.tourguide.service.RewardsService     : Checking if the user 715b5a85-2427-4cbb-97ae-d0b67aa9da5e already get close from McKinley Tower
2023-09-27T16:51:40.214+02:00 DEBUG 7856 --- [pool-2-thread-1] c.o.tourguide.service.RewardsService     : Calculate distance between -149.877502/61.218887 and 7.400333/-38.743116
2023-09-27T16:51:40.214+02:00 DEBUG 7856 --- [pool-2-thread-1] c.o.tourguide.service.RewardsService     : Checking if the user 715b5a85-2427-4cbb-97ae-d0b67aa9da5e already get close from Flatiron Building
2023-09-27T16:51:40.214+02:00 DEBUG 7856 --- [pool-2-thread-1] c.o.tourguide.service.RewardsService     : Calculate distance between -73.989723/40.741112 and 7.400333/-38.743116
2023-09-27T16:51:40.214+02:00 DEBUG 7856 --- [pool-2-thread-1] c.o.tourguide.service.RewardsService     : Checking if the user 715b5a85-2427-4cbb-97ae-d0b67aa9da5e already get close from Fallingwater
2023-09-27T16:51:40.214+02:00 DEBUG 7856 --- [pool-2-thread-1] c.o.tourguide.service.RewardsService     : Calculate distance between -79.468056/39.906113 and 7.400333/-38.743116
2023-09-27T16:51:40.214+02:00 DEBUG 7856 --- [pool-2-thread-1] c.o.tourguide.service.RewardsService     : Checking if the user 715b5a85-2427-4cbb-97ae-d0b67aa9da5e already get close from Union Station
2023-09-27T16:51:40.214+02:00 DEBUG 7856 --- [pool-2-thread-1] c.o.tourguide.service.RewardsService     : Calculate distance between -77.006332/38.897095 and 7.400333/-38.743116
2023-09-27T16:51:40.214+02:00 DEBUG 7856 --- [pool-2-thread-1] c.o.tourguide.service.RewardsService     : Checking if the user 715b5a85-2427-4cbb-97ae-d0b67aa9da5e already get close from Roger Dean Stadium
2023-09-27T16:51:40.214+02:00 DEBUG 7856 --- [pool-2-thread-1] c.o.tourguide.service.RewardsService     : Calculate distance between -80.116577/26.890959 and 7.400333/-38.743116
2023-09-27T16:51:40.214+02:00 DEBUG 7856 --- [pool-2-thread-1] c.o.tourguide.service.RewardsService     : Checking if the user 715b5a85-2427-4cbb-97ae-d0b67aa9da5e already get close from Texas Memorial Stadium
2023-09-27T16:51:40.214+02:00 DEBUG 7856 --- [pool-2-thread-1] c.o.tourguide.service.RewardsService     : Calculate distance between -97.732536/30.283682 and 7.400333/-38.743116
2023-09-27T16:51:40.214+02:00 DEBUG 7856 --- [pool-2-thread-1] c.o.tourguide.service.RewardsService     : Checking if the user 715b5a85-2427-4cbb-97ae-d0b67aa9da5e already get close from Bryant-Denny Stadium
2023-09-27T16:51:40.214+02:00 DEBUG 7856 --- [pool-2-thread-1] c.o.tourguide.service.RewardsService     : Calculate distance between -87.550438/33.208973 and 7.400333/-38.743116
2023-09-27T16:51:40.214+02:00 DEBUG 7856 --- [pool-2-thread-1] c.o.tourguide.service.RewardsService     : Checking if the user 715b5a85-2427-4cbb-97ae-d0b67aa9da5e already get close from Tiger Stadium
2023-09-27T16:51:40.214+02:00 DEBUG 7856 --- [pool-2-thread-1] c.o.tourguide.service.RewardsService     : Calculate distance between -91.183815/30.412035 and 7.400333/-38.743116
2023-09-27T16:51:40.214+02:00 DEBUG 7856 --- [pool-2-thread-1] c.o.tourguide.service.RewardsService     : Checking if the user 715b5a85-2427-4cbb-97ae-d0b67aa9da5e already get close from Neyland Stadium
2023-09-27T16:51:40.214+02:00 DEBUG 7856 --- [pool-2-thread-1] c.o.tourguide.service.RewardsService     : Calculate distance between -83.925011/35.955013 and 7.400333/-38.743116
2023-09-27T16:51:40.214+02:00 DEBUG 7856 --- [pool-2-thread-1] c.o.tourguide.service.RewardsService     : Checking if the user 715b5a85-2427-4cbb-97ae-d0b67aa9da5e already get close from Kyle Field
2023-09-27T16:51:40.214+02:00 DEBUG 7856 --- [pool-2-thread-1] c.o.tourguide.service.RewardsService     : Calculate distance between -96.339844/30.61025 and 7.400333/-38.743116
2023-09-27T16:51:40.214+02:00 DEBUG 7856 --- [pool-2-thread-1] c.o.tourguide.service.RewardsService     : Checking if the user 715b5a85-2427-4cbb-97ae-d0b67aa9da5e already get close from San Diego Zoo
2023-09-27T16:51:40.214+02:00 DEBUG 7856 --- [pool-2-thread-1] c.o.tourguide.service.RewardsService     : Calculate distance between -117.149048/32.735317 and 7.400333/-38.743116
2023-09-27T16:51:40.214+02:00 DEBUG 7856 --- [pool-2-thread-1] c.o.tourguide.service.RewardsService     : Checking if the user 715b5a85-2427-4cbb-97ae-d0b67aa9da5e already get close from Zoo Tampa at Lowry Park
2023-09-27T16:51:40.214+02:00 DEBUG 7856 --- [pool-2-thread-1] c.o.tourguide.service.RewardsService     : Calculate distance between -82.469269/28.012804 and 7.400333/-38.743116
2023-09-27T16:51:40.214+02:00 DEBUG 7856 --- [pool-2-thread-1] c.o.tourguide.service.RewardsService     : Checking if the user 715b5a85-2427-4cbb-97ae-d0b67aa9da5e already get close from Franklin Park Zoo
2023-09-27T16:51:40.214+02:00 DEBUG 7856 --- [pool-2-thread-1] c.o.tourguide.service.RewardsService     : Calculate distance between -71.086731/42.302601 and 7.400333/-38.743116
2023-09-27T16:51:40.214+02:00 DEBUG 7856 --- [pool-2-thread-1] c.o.tourguide.service.RewardsService     : Checking if the user 715b5a85-2427-4cbb-97ae-d0b67aa9da5e already get close from El Paso Zoo
2023-09-27T16:51:40.214+02:00 DEBUG 7856 --- [pool-2-thread-1] c.o.tourguide.service.RewardsService     : Calculate distance between -106.44487/31.769125 and 7.400333/-38.743116
2023-09-27T16:51:40.214+02:00 DEBUG 7856 --- [pool-2-thread-1] c.o.tourguide.service.RewardsService     : Checking if the user 715b5a85-2427-4cbb-97ae-d0b67aa9da5e already get close from Kansas City Zoo
2023-09-27T16:51:40.214+02:00 DEBUG 7856 --- [pool-2-thread-1] c.o.tourguide.service.RewardsService     : Calculate distance between -94.529625/39.007504 and 7.400333/-38.743116
2023-09-27T16:51:40.214+02:00 DEBUG 7856 --- [pool-2-thread-1] c.o.tourguide.service.RewardsService     : Checking if the user 715b5a85-2427-4cbb-97ae-d0b67aa9da5e already get close from Bronx Zoo
2023-09-27T16:51:40.214+02:00 DEBUG 7856 --- [pool-2-thread-1] c.o.tourguide.service.RewardsService     : Calculate distance between -73.872971/40.852905 and 7.400333/-38.743116
2023-09-27T16:51:40.214+02:00 DEBUG 7856 --- [pool-2-thread-1] c.o.tourguide.service.RewardsService     : Checking if the user 715b5a85-2427-4cbb-97ae-d0b67aa9da5e already get close from Cinderella Castle
2023-09-27T16:51:40.214+02:00 DEBUG 7856 --- [pool-2-thread-1] c.o.tourguide.service.RewardsService     : Calculate distance between -81.5812/28.419411 and 7.400333/-38.743116
2023-09-27T16:51:40.214+02:00 DEBUG 7856 --- [pool-2-thread-1] c.o.tourguide.service.RewardsService     : Trying to add 0 rewards
2023-09-27T16:51:40.273+02:00  INFO 7856 --- [pool-2-thread-1] c.o.tourguide.service.TourGuideService   : Adding the current location to the user internalUser6480
2023-09-27T16:51:40.273+02:00 DEBUG 7856 --- [pool-2-thread-1] c.o.tourguide.service.RewardsService     : calculate reward for internalUser6480 on his 5 known locations
2023-09-27T16:51:40.285+02:00 DEBUG 7856 --- [pool-2-thread-1] c.o.tourguide.service.RewardsService     : Checking if the user b3c81218-654a-4375-b65b-1013ff03f044 already get close from Disneyland
2023-09-27T16:51:40.285+02:00 DEBUG 7856 --- [pool-2-thread-1] c.o.tourguide.service.RewardsService     : Calculate distance between -117.922008/33.817595 and -117.36764462928262/-7.196900532016045
2023-09-27T16:51:40.285+02:00 DEBUG 7856 --- [pool-2-thread-1] c.o.tourguide.service.RewardsService     : Checking if the user b3c81218-654a-4375-b65b-1013ff03f044 already get close from Jackson Hole
2023-09-27T16:51:40.285+02:00 DEBUG 7856 --- [pool-2-thread-1] c.o.tourguide.service.RewardsService     : Calculate distance between -110.821999/43.582767 and -117.36764462928262/-7.196900532016045
2023-09-27T16:51:40.285+02:00 DEBUG 7856 --- [pool-2-thread-1] c.o.tourguide.service.RewardsService     : Checking if the user b3c81218-654a-4375-b65b-1013ff03f044 already get close from Mojave National Preserve
2023-09-27T16:51:40.285+02:00 DEBUG 7856 --- [pool-2-thread-1] c.o.tourguide.service.RewardsService     : Calculate distance between -115.510399/35.141689 and -117.36764462928262/-7.196900532016045
2023-09-27T16:51:40.285+02:00 DEBUG 7856 --- [pool-2-thread-1] c.o.tourguide.service.RewardsService     : Checking if the user b3c81218-654a-4375-b65b-1013ff03f044 already get close from Joshua Tree National Park
2023-09-27T16:51:40.285+02:00 DEBUG 7856 --- [pool-2-thread-1] c.o.tourguide.service.RewardsService     : Calculate distance between -115.90065/33.881866 and -117.36764462928262/-7.196900532016045
2023-09-27T16:51:40.285+02:00 DEBUG 7856 --- [pool-2-thread-1] c.o.tourguide.service.RewardsService     : Checking if the user b3c81218-654a-4375-b65b-1013ff03f044 already get close from Buffalo National River
2023-09-27T16:51:40.285+02:00 DEBUG 7856 --- [pool-2-thread-1] c.o.tourguide.service.RewardsService     : Calculate distance between -92.757652/35.985512 and -117.36764462928262/-7.196900532016045
2023-09-27T16:51:40.285+02:00 DEBUG 7856 --- [pool-2-thread-1] c.o.tourguide.service.RewardsService     : Checking if the user b3c81218-654a-4375-b65b-1013ff03f044 already get close from Hot Springs National Park
2023-09-27T16:51:40.285+02:00 DEBUG 7856 --- [pool-2-thread-1] c.o.tourguide.service.RewardsService     : Calculate distance between -93.042267/34.52153 and -117.36764462928262/-7.196900532016045
2023-09-27T16:51:40.285+02:00 DEBUG 7856 --- [pool-2-thread-1] c.o.tourguide.service.RewardsService     : Checking if the user b3c81218-654a-4375-b65b-1013ff03f044 already get close from Kartchner Caverns State Park
2023-09-27T16:51:40.285+02:00 DEBUG 7856 --- [pool-2-thread-1] c.o.tourguide.service.RewardsService     : Calculate distance between -110.347382/31.837551 and -117.36764462928262/-7.196900532016045
2023-09-27T16:51:40.285+02:00 DEBUG 7856 --- [pool-2-thread-1] c.o.tourguide.service.RewardsService     : Checking if the user b3c81218-654a-4375-b65b-1013ff03f044 already get close from Legend Valley
2023-09-27T16:51:40.285+02:00 DEBUG 7856 --- [pool-2-thread-1] c.o.tourguide.service.RewardsService     : Calculate distance between -82.40667/39.937778 and -117.36764462928262/-7.196900532016045
2023-09-27T16:51:40.285+02:00 DEBUG 7856 --- [pool-2-thread-1] c.o.tourguide.service.RewardsService     : Checking if the user b3c81218-654a-4375-b65b-1013ff03f044 already get close from Flowers Bakery of London
2023-09-27T16:51:40.285+02:00 DEBUG 7856 --- [pool-2-thread-1] c.o.tourguide.service.RewardsService     : Calculate distance between -84.07486/37.131527 and -117.36764462928262/-7.196900532016045
2023-09-27T16:51:40.285+02:00 DEBUG 7856 --- [pool-2-thread-1] c.o.tourguide.service.RewardsService     : Checking if the user b3c81218-654a-4375-b65b-1013ff03f044 already get close from McKinley Tower
2023-09-27T16:51:40.285+02:00 DEBUG 7856 --- [pool-2-thread-1] c.o.tourguide.service.RewardsService     : Calculate distance between -149.877502/61.218887 and -117.36764462928262/-7.196900532016045
2023-09-27T16:51:40.285+02:00 DEBUG 7856 --- [pool-2-thread-1] c.o.tourguide.service.RewardsService     : Checking if the user b3c81218-654a-4375-b65b-1013ff03f044 already get close from Flatiron Building
2023-09-27T16:51:40.285+02:00 DEBUG 7856 --- [pool-2-thread-1] c.o.tourguide.service.RewardsService     : Calculate distance between -73.989723/40.741112 and -117.36764462928262/-7.196900532016045
2023-09-27T16:51:40.285+02:00 DEBUG 7856 --- [pool-2-thread-1] c.o.tourguide.service.RewardsService     : Checking if the user b3c81218-654a-4375-b65b-1013ff03f044 already get close from Fallingwater
2023-09-27T16:51:40.285+02:00 DEBUG 7856 --- [pool-2-thread-1] c.o.tourguide.service.RewardsService     : Calculate distance between -79.468056/39.906113 and -117.36764462928262/-7.196900532016045
2023-09-27T16:51:40.285+02:00 DEBUG 7856 --- [pool-2-thread-1] c.o.tourguide.service.RewardsService     : Checking if the user b3c81218-654a-4375-b65b-1013ff03f044 already get close from Union Station
2023-09-27T16:51:40.285+02:00 DEBUG 7856 --- [pool-2-thread-1] c.o.tourguide.service.RewardsService     : Calculate distance between -77.006332/38.897095 and -117.36764462928262/-7.196900532016045
2023-09-27T16:51:40.285+02:00 DEBUG 7856 --- [pool-2-thread-1] c.o.tourguide.service.RewardsService     : Checking if the user b3c81218-654a-4375-b65b-1013ff03f044 already get close from Roger Dean Stadium
2023-09-27T16:51:40.285+02:00 DEBUG 7856 --- [pool-2-thread-1] c.o.tourguide.service.RewardsService     : Calculate distance between -80.116577/26.890959 and -117.36764462928262/-7.196900532016045
2023-09-27T16:51:40.285+02:00 DEBUG 7856 --- [pool-2-thread-1] c.o.tourguide.service.RewardsService     : Checking if the user b3c81218-654a-4375-b65b-1013ff03f044 already get close from Texas Memorial Stadium
2023-09-27T16:51:40.285+02:00 DEBUG 7856 --- [pool-2-thread-1] c.o.tourguide.service.RewardsService     : Calculate distance between -97.732536/30.283682 and -117.36764462928262/-7.196900532016045
2023-09-27T16:51:40.285+02:00 DEBUG 7856 --- [pool-2-thread-1] c.o.tourguide.service.RewardsService     : Checking if the user b3c81218-654a-4375-b65b-1013ff03f044 already get close from Bryant-Denny Stadium
2023-09-27T16:51:40.285+02:00 DEBUG 7856 --- [pool-2-thread-1] c.o.tourguide.service.RewardsService     : Calculate distance between -87.550438/33.208973 and -117.36764462928262/-7.196900532016045
2023-09-27T16:51:40.285+02:00 DEBUG 7856 --- [pool-2-thread-1] c.o.tourguide.service.RewardsService     : Checking if the user b3c81218-654a-4375-b65b-1013ff03f044 already get close from Tiger Stadium
2023-09-27T16:51:40.285+02:00 DEBUG 7856 --- [pool-2-thread-1] c.o.tourguide.service.RewardsService     : Calculate distance between -91.183815/30.412035 and -117.36764462928262/-7.196900532016045
2023-09-27T16:51:40.285+02:00 DEBUG 7856 --- [pool-2-thread-1] c.o.tourguide.service.RewardsService     : Checking if the user b3c81218-654a-4375-b65b-1013ff03f044 already get close from Neyland Stadium
2023-09-27T16:51:40.285+02:00 DEBUG 7856 --- [pool-2-thread-1] c.o.tourguide.service.RewardsService     : Calculate distance between -83.925011/35.955013 and -117.36764462928262/-7.196900532016045
2023-09-27T16:51:40.285+02:00 DEBUG 7856 --- [pool-2-thread-1] c.o.tourguide.service.RewardsService     : Checking if the user b3c81218-654a-4375-b65b-1013ff03f044 already get close from Kyle Field
2023-09-27T16:51:40.285+02:00 DEBUG 7856 --- [pool-2-thread-1] c.o.tourguide.service.RewardsService     : Calculate distance between -96.339844/30.61025 and -117.36764462928262/-7.196900532016045
2023-09-27T16:51:40.285+02:00 DEBUG 7856 --- [pool-2-thread-1] c.o.tourguide.service.RewardsService     : Checking if the user b3c81218-654a-4375-b65b-1013ff03f044 already get close from San Diego Zoo
2023-09-27T16:51:40.285+02:00 DEBUG 7856 --- [pool-2-thread-1] c.o.tourguide.service.RewardsService     : Calculate distance between -117.149048/32.735317 and -117.36764462928262/-7.196900532016045
2023-09-27T16:51:40.285+02:00 DEBUG 7856 --- [pool-2-thread-1] c.o.tourguide.service.RewardsService     : Checking if the user b3c81218-654a-4375-b65b-1013ff03f044 already get close from Zoo Tampa at Lowry Park
2023-09-27T16:51:40.285+02:00 DEBUG 7856 --- [pool-2-thread-1] c.o.tourguide.service.RewardsService     : Calculate distance between -82.469269/28.012804 and -117.36764462928262/-7.196900532016045
2023-09-27T16:51:40.285+02:00 DEBUG 7856 --- [pool-2-thread-1] c.o.tourguide.service.RewardsService     : Checking if the user b3c81218-654a-4375-b65b-1013ff03f044 already get close from Franklin Park Zoo
2023-09-27T16:51:40.285+02:00 DEBUG 7856 --- [pool-2-thread-1] c.o.tourguide.service.RewardsService     : Calculate distance between -71.086731/42.302601 and -117.36764462928262/-7.196900532016045
2023-09-27T16:51:40.285+02:00 DEBUG 7856 --- [pool-2-thread-1] c.o.tourguide.service.RewardsService     : Checking if the user b3c81218-654a-4375-b65b-1013ff03f044 already get close from El Paso Zoo
2023-09-27T16:51:40.285+02:00 DEBUG 7856 --- [pool-2-thread-1] c.o.tourguide.service.RewardsService     : Calculate distance between -106.44487/31.769125 and -117.36764462928262/-7.196900532016045
2023-09-27T16:51:40.285+02:00 DEBUG 7856 --- [pool-2-thread-1] c.o.tourguide.service.RewardsService     : Checking if the user b3c81218-654a-4375-b65b-1013ff03f044 already get close from Kansas City Zoo
2023-09-27T16:51:40.285+02:00 DEBUG 7856 --- [pool-2-thread-1] c.o.tourguide.service.RewardsService     : Calculate distance between -94.529625/39.007504 and -117.36764462928262/-7.196900532016045
2023-09-27T16:51:40.285+02:00 DEBUG 7856 --- [pool-2-thread-1] c.o.tourguide.service.RewardsService     : Checking if the user b3c81218-654a-4375-b65b-1013ff03f044 already get close from Bronx Zoo
2023-09-27T16:51:40.285+02:00 DEBUG 7856 --- [pool-2-thread-1] c.o.tourguide.service.RewardsService     : Calculate distance between -73.872971/40.852905 and -117.36764462928262/-7.196900532016045
2023-09-27T16:51:40.285+02:00 DEBUG 7856 --- [pool-2-thread-1] c.o.tourguide.service.RewardsService     : Checking if the user b3c81218-654a-4375-b65b-1013ff03f044 already get close from Cinderella Castle
2023-09-27T16:51:40.285+02:00 DEBUG 7856 --- [pool-2-thread-1] c.o.tourguide.service.RewardsService     : Calculate distance between -81.5812/28.419411 and -117.36764462928262/-7.196900532016045
2023-09-27T16:51:40.285+02:00 DEBUG 7856 --- [pool-2-thread-1] c.o.tourguide.service.RewardsService     : Checking if the user b3c81218-654a-4375-b65b-1013ff03f044 already get close from Disneyland
2023-09-27T16:51:40.285+02:00 DEBUG 7856 --- [pool-2-thread-1] c.o.tourguide.service.RewardsService     : Calculate distance between -117.922008/33.817595 and 173.57456980557066/8.521338056417093
2023-09-27T16:51:40.285+02:00 DEBUG 7856 --- [pool-2-thread-1] c.o.tourguide.service.RewardsService     : Checking if the user b3c81218-654a-4375-b65b-1013ff03f044 already get close from Jackson Hole
2023-09-27T16:51:40.285+02:00 DEBUG 7856 --- [pool-2-thread-1] c.o.tourguide.service.RewardsService     : Calculate distance between -110.821999/43.582767 and 173.57456980557066/8.521338056417093
2023-09-27T16:51:40.285+02:00 DEBUG 7856 --- [pool-2-thread-1] c.o.tourguide.service.RewardsService     : Checking if the user b3c81218-654a-4375-b65b-1013ff03f044 already get close from Mojave National Preserve
2023-09-27T16:51:40.285+02:00 DEBUG 7856 --- [pool-2-thread-1] c.o.tourguide.service.RewardsService     : Calculate distance between -115.510399/35.141689 and 173.57456980557066/8.521338056417093
2023-09-27T16:51:40.285+02:00 DEBUG 7856 --- [pool-2-thread-1] c.o.tourguide.service.RewardsService     : Checking if the user b3c81218-654a-4375-b65b-1013ff03f044 already get close from Joshua Tree National Park
2023-09-27T16:51:40.285+02:00 DEBUG 7856 --- [pool-2-thread-1] c.o.tourguide.service.RewardsService     : Calculate distance between -115.90065/33.881866 and 173.57456980557066/8.521338056417093
2023-09-27T16:51:40.285+02:00 DEBUG 7856 --- [pool-2-thread-1] c.o.tourguide.service.RewardsService     : Checking if the user b3c81218-654a-4375-b65b-1013ff03f044 already get close from Buffalo National River
2023-09-27T16:51:40.285+02:00 DEBUG 7856 --- [pool-2-thread-1] c.o.tourguide.service.RewardsService     : Calculate distance between -92.757652/35.985512 and 173.57456980557066/8.521338056417093
2023-09-27T16:51:40.285+02:00 DEBUG 7856 --- [pool-2-thread-1] c.o.tourguide.service.RewardsService     : Checking if the user b3c81218-654a-4375-b65b-1013ff03f044 already get close from Hot Springs National Park
2023-09-27T16:51:40.285+02:00 DEBUG 7856 --- [pool-2-thread-1] c.o.tourguide.service.RewardsService     : Calculate distance between -93.042267/34.52153 and 173.57456980557066/8.521338056417093
2023-09-27T16:51:40.285+02:00 DEBUG 7856 --- [pool-2-thread-1] c.o.tourguide.service.RewardsService     : Checking if the user b3c81218-654a-4375-b65b-1013ff03f044 already get close from Kartchner Caverns State Park
2023-09-27T16:51:40.285+02:00 DEBUG 7856 --- [pool-2-thread-1] c.o.tourguide.service.RewardsService     : Calculate distance between -110.347382/31.837551 and 173.57456980557066/8.521338056417093
2023-09-27T16:51:40.285+02:00 DEBUG 7856 --- [pool-2-thread-1] c.o.tourguide.service.RewardsService     : Checking if the user b3c81218-654a-4375-b65b-1013ff03f044 already get close from Legend Valley
2023-09-27T16:51:40.285+02:00 DEBUG 7856 --- [pool-2-thread-1] c.o.tourguide.service.RewardsService     : Calculate distance between -82.40667/39.937778 and 173.57456980557066/8.521338056417093
2023-09-27T16:51:40.285+02:00 DEBUG 7856 --- [pool-2-thread-1] c.o.tourguide.service.RewardsService     : Checking if the user b3c81218-654a-4375-b65b-1013ff03f044 already get close from Flowers Bakery of London
2023-09-27T16:51:40.285+02:00 DEBUG 7856 --- [pool-2-thread-1] c.o.tourguide.service.RewardsService     : Calculate distance between -84.07486/37.131527 and 173.57456980557066/8.521338056417093
2023-09-27T16:51:40.285+02:00 DEBUG 7856 --- [pool-2-thread-1] c.o.tourguide.service.RewardsService     : Checking if the user b3c81218-654a-4375-b65b-1013ff03f044 already get close from McKinley Tower
2023-09-27T16:51:40.285+02:00 DEBUG 7856 --- [pool-2-thread-1] c.o.tourguide.service.RewardsService     : Calculate distance between -149.877502/61.218887 and 173.57456980557066/8.521338056417093
2023-09-27T16:51:40.285+02:00 DEBUG 7856 --- [pool-2-thread-1] c.o.tourguide.service.RewardsService     : Checking if the user b3c81218-654a-4375-b65b-1013ff03f044 already get close from Flatiron Building
2023-09-27T16:51:40.285+02:00 DEBUG 7856 --- [pool-2-thread-1] c.o.tourguide.service.RewardsService     : Calculate distance between -73.989723/40.741112 and 173.57456980557066/8.521338056417093
2023-09-27T16:51:40.285+02:00 DEBUG 7856 --- [pool-2-thread-1] c.o.tourguide.service.RewardsService     : Checking if the user b3c81218-654a-4375-b65b-1013ff03f044 already get close from Fallingwater
2023-09-27T16:51:40.285+02:00 DEBUG 7856 --- [pool-2-thread-1] c.o.tourguide.service.RewardsService     : Calculate distance between -79.468056/39.906113 and 173.57456980557066/8.521338056417093
2023-09-27T16:51:40.285+02:00 DEBUG 7856 --- [pool-2-thread-1] c.o.tourguide.service.RewardsService     : Checking if the user b3c81218-654a-4375-b65b-1013ff03f044 already get close from Union Station
2023-09-27T16:51:40.285+02:00 DEBUG 7856 --- [pool-2-thread-1] c.o.tourguide.service.RewardsService     : Calculate distance between -77.006332/38.897095 and 173.57456980557066/8.521338056417093
2023-09-27T16:51:40.285+02:00 DEBUG 7856 --- [pool-2-thread-1] c.o.tourguide.service.RewardsService     : Checking if the user b3c81218-654a-4375-b65b-1013ff03f044 already get close from Roger Dean Stadium
2023-09-27T16:51:40.285+02:00 DEBUG 7856 --- [pool-2-thread-1] c.o.tourguide.service.RewardsService     : Calculate distance between -80.116577/26.890959 and 173.57456980557066/8.521338056417093
2023-09-27T16:51:40.285+02:00 DEBUG 7856 --- [pool-2-thread-1] c.o.tourguide.service.RewardsService     : Checking if the user b3c81218-654a-4375-b65b-1013ff03f044 already get close from Texas Memorial Stadium
2023-09-27T16:51:40.285+02:00 DEBUG 7856 --- [pool-2-thread-1] c.o.tourguide.service.RewardsService     : Calculate distance between -97.732536/30.283682 and 173.57456980557066/8.521338056417093
2023-09-27T16:51:40.285+02:00 DEBUG 7856 --- [pool-2-thread-1] c.o.tourguide.service.RewardsService     : Checking if the user b3c81218-654a-4375-b65b-1013ff03f044 already get close from Bryant-Denny Stadium
2023-09-27T16:51:40.285+02:00 DEBUG 7856 --- [pool-2-thread-1] c.o.tourguide.service.RewardsService     : Calculate distance between -87.550438/33.208973 and 173.57456980557066/8.521338056417093
2023-09-27T16:51:40.285+02:00 DEBUG 7856 --- [pool-2-thread-1] c.o.tourguide.service.RewardsService     : Checking if the user b3c81218-654a-4375-b65b-1013ff03f044 already get close from Tiger Stadium
2023-09-27T16:51:40.285+02:00 DEBUG 7856 --- [pool-2-thread-1] c.o.tourguide.service.RewardsService     : Calculate distance between -91.183815/30.412035 and 173.57456980557066/8.521338056417093
2023-09-27T16:51:40.285+02:00 DEBUG 7856 --- [pool-2-thread-1] c.o.tourguide.service.RewardsService     : Checking if the user b3c81218-654a-4375-b65b-1013ff03f044 already get close from Neyland Stadium
2023-09-27T16:51:40.285+02:00 DEBUG 7856 --- [pool-2-thread-1] c.o.tourguide.service.RewardsService     : Calculate distance between -83.925011/35.955013 and 173.57456980557066/8.521338056417093
2023-09-27T16:51:40.285+02:00 DEBUG 7856 --- [pool-2-thread-1] c.o.tourguide.service.RewardsService     : Checking if the user b3c81218-654a-4375-b65b-1013ff03f044 already get close from Kyle Field
2023-09-27T16:51:40.285+02:00 DEBUG 7856 --- [pool-2-thread-1] c.o.tourguide.service.RewardsService     : Calculate distance between -96.339844/30.61025 and 173.57456980557066/8.521338056417093
2023-09-27T16:51:40.285+02:00 DEBUG 7856 --- [pool-2-thread-1] c.o.tourguide.service.RewardsService     : Checking if the user b3c81218-654a-4375-b65b-1013ff03f044 already get close from San Diego Zoo
2023-09-27T16:51:40.285+02:00 DEBUG 7856 --- [pool-2-thread-1] c.o.tourguide.service.RewardsService     : Calculate distance between -117.149048/32.735317 and 173.57456980557066/8.521338056417093
2023-09-27T16:51:40.285+02:00 DEBUG 7856 --- [pool-2-thread-1] c.o.tourguide.service.RewardsService     : Checking if the user b3c81218-654a-4375-b65b-1013ff03f044 already get close from Zoo Tampa at Lowry Park
2023-09-27T16:51:40.285+02:00 DEBUG 7856 --- [pool-2-thread-1] c.o.tourguide.service.RewardsService     : Calculate distance between -82.469269/28.012804 and 173.57456980557066/8.521338056417093
2023-09-27T16:51:40.285+02:00 DEBUG 7856 --- [pool-2-thread-1] c.o.tourguide.service.RewardsService     : Checking if the user b3c81218-654a-4375-b65b-1013ff03f044 already get close from Franklin Park Zoo
2023-09-27T16:51:40.285+02:00 DEBUG 7856 --- [pool-2-thread-1] c.o.tourguide.service.RewardsService     : Calculate distance between -71.086731/42.302601 and 173.57456980557066/8.521338056417093
2023-09-27T16:51:40.285+02:00 DEBUG 7856 --- [pool-2-thread-1] c.o.tourguide.service.RewardsService     : Checking if the user b3c81218-654a-4375-b65b-1013ff03f044 already get close from El Paso Zoo
2023-09-27T16:51:40.285+02:00 DEBUG 7856 --- [pool-2-thread-1] c.o.tourguide.service.RewardsService     : Calculate distance between -106.44487/31.769125 and 173.57456980557066/8.521338056417093
2023-09-27T16:51:40.285+02:00 DEBUG 7856 --- [pool-2-thread-1] c.o.tourguide.service.RewardsService     : Checking if the user b3c81218-654a-4375-b65b-1013ff03f044 already get close from Kansas City Zoo
2023-09-27T16:51:40.285+02:00 DEBUG 7856 --- [pool-2-thread-1] c.o.tourguide.service.RewardsService     : Calculate distance between -94.529625/39.007504 and 173.57456980557066/8.521338056417093
2023-09-27T16:51:40.285+02:00 DEBUG 7856 --- [pool-2-thread-1] c.o.tourguide.service.RewardsService     : Checking if the user b3c81218-654a-4375-b65b-1013ff03f044 already get close from Bronx Zoo
2023-09-27T16:51:40.286+02:00 DEBUG 7856 --- [pool-2-thread-1] c.o.tourguide.service.RewardsService     : Calculate distance between -73.872971/40.852905 and 173.57456980557066/8.521338056417093
2023-09-27T16:51:40.286+02:00 DEBUG 7856 --- [pool-2-thread-1] c.o.tourguide.service.RewardsService     : Checking if the user b3c81218-654a-4375-b65b-1013ff03f044 already get close from Cinderella Castle
2023-09-27T16:51:40.286+02:00 DEBUG 7856 --- [pool-2-thread-1] c.o.tourguide.service.RewardsService     : Calculate distance between -81.5812/28.419411 and 173.57456980557066/8.521338056417093
2023-09-27T16:51:40.286+02:00 DEBUG 7856 --- [pool-2-thread-1] c.o.tourguide.service.RewardsService     : Checking if the user b3c81218-654a-4375-b65b-1013ff03f044 already get close from Disneyland
2023-09-27T16:51:40.286+02:00 DEBUG 7856 --- [pool-2-thread-1] c.o.tourguide.service.RewardsService     : Calculate distance between -117.922008/33.817595 and 74.4373730831752/-61.798308680929885
2023-09-27T16:51:40.286+02:00 DEBUG 7856 --- [pool-2-thread-1] c.o.tourguide.service.RewardsService     : Checking if the user b3c81218-654a-4375-b65b-1013ff03f044 already get close from Jackson Hole
2023-09-27T16:51:40.286+02:00 DEBUG 7856 --- [pool-2-thread-1] c.o.tourguide.service.RewardsService     : Calculate distance between -110.821999/43.582767 and 74.4373730831752/-61.798308680929885
2023-09-27T16:51:40.286+02:00 DEBUG 7856 --- [pool-2-thread-1] c.o.tourguide.service.RewardsService     : Checking if the user b3c81218-654a-4375-b65b-1013ff03f044 already get close from Mojave National Preserve
2023-09-27T16:51:40.286+02:00 DEBUG 7856 --- [pool-2-thread-1] c.o.tourguide.service.RewardsService     : Calculate distance between -115.510399/35.141689 and 74.4373730831752/-61.798308680929885
2023-09-27T16:51:40.286+02:00 DEBUG 7856 --- [pool-2-thread-1] c.o.tourguide.service.RewardsService     : Checking if the user b3c81218-654a-4375-b65b-1013ff03f044 already get close from Joshua Tree National Park
2023-09-27T16:51:40.286+02:00 DEBUG 7856 --- [pool-2-thread-1] c.o.tourguide.service.RewardsService     : Calculate distance between -115.90065/33.881866 and 74.4373730831752/-61.798308680929885
2023-09-27T16:51:40.286+02:00 DEBUG 7856 --- [pool-2-thread-1] c.o.tourguide.service.RewardsService     : Checking if the user b3c81218-654a-4375-b65b-1013ff03f044 already get close from Buffalo National River
2023-09-27T16:51:40.286+02:00 DEBUG 7856 --- [pool-2-thread-1] c.o.tourguide.service.RewardsService     : Calculate distance between -92.757652/35.985512 and 74.4373730831752/-61.798308680929885
2023-09-27T16:51:40.286+02:00 DEBUG 7856 --- [pool-2-thread-1] c.o.tourguide.service.RewardsService     : Checking if the user b3c81218-654a-4375-b65b-1013ff03f044 already get close from Hot Springs National Park
2023-09-27T16:51:40.286+02:00 DEBUG 7856 --- [pool-2-thread-1] c.o.tourguide.service.RewardsService     : Calculate distance between -93.042267/34.52153 and 74.4373730831752/-61.798308680929885
2023-09-27T16:51:40.286+02:00 DEBUG 7856 --- [pool-2-thread-1] c.o.tourguide.service.RewardsService     : Checking if the user b3c81218-654a-4375-b65b-1013ff03f044 already get close from Kartchner Caverns State Park
2023-09-27T16:51:40.286+02:00 DEBUG 7856 --- [pool-2-thread-1] c.o.tourguide.service.RewardsService     : Calculate distance between -110.347382/31.837551 and 74.4373730831752/-61.798308680929885
2023-09-27T16:51:40.286+02:00 DEBUG 7856 --- [pool-2-thread-1] c.o.tourguide.service.RewardsService     : Checking if the user b3c81218-654a-4375-b65b-1013ff03f044 already get close from Legend Valley
2023-09-27T16:51:40.286+02:00 DEBUG 7856 --- [pool-2-thread-1] c.o.tourguide.service.RewardsService     : Calculate distance between -82.40667/39.937778 and 74.4373730831752/-61.798308680929885
2023-09-27T16:51:40.286+02:00 DEBUG 7856 --- [pool-2-thread-1] c.o.tourguide.service.RewardsService     : Checking if the user b3c81218-654a-4375-b65b-1013ff03f044 already get close from Flowers Bakery of London
2023-09-27T16:51:40.286+02:00 DEBUG 7856 --- [pool-2-thread-1] c.o.tourguide.service.RewardsService     : Calculate distance between -84.07486/37.131527 and 74.4373730831752/-61.798308680929885
2023-09-27T16:51:40.286+02:00 DEBUG 7856 --- [pool-2-thread-1] c.o.tourguide.service.RewardsService     : Checking if the user b3c81218-654a-4375-b65b-1013ff03f044 already get close from McKinley Tower
2023-09-27T16:51:40.286+02:00 DEBUG 7856 --- [pool-2-thread-1] c.o.tourguide.service.RewardsService     : Calculate distance between -149.877502/61.218887 and 74.4373730831752/-61.798308680929885
2023-09-27T16:51:40.286+02:00 DEBUG 7856 --- [pool-2-thread-1] c.o.tourguide.service.RewardsService     : Checking if the user b3c81218-654a-4375-b65b-1013ff03f044 already get close from Flatiron Building
2023-09-27T16:51:40.286+02:00 DEBUG 7856 --- [pool-2-thread-1] c.o.tourguide.service.RewardsService     : Calculate distance between -73.989723/40.741112 and 74.4373730831752/-61.798308680929885
2023-09-27T16:51:40.286+02:00 DEBUG 7856 --- [pool-2-thread-1] c.o.tourguide.service.RewardsService     : Checking if the user b3c81218-654a-4375-b65b-1013ff03f044 already get close from Fallingwater
2023-09-27T16:51:40.286+02:00 DEBUG 7856 --- [pool-2-thread-1] c.o.tourguide.service.RewardsService     : Calculate distance between -79.468056/39.906113 and 74.4373730831752/-61.798308680929885
2023-09-27T16:51:40.286+02:00 DEBUG 7856 --- [pool-2-thread-1] c.o.tourguide.service.RewardsService     : Checking if the user b3c81218-654a-4375-b65b-1013ff03f044 already get close from Union Station
2023-09-27T16:51:40.286+02:00 DEBUG 7856 --- [pool-2-thread-1] c.o.tourguide.service.RewardsService     : Calculate distance between -77.006332/38.897095 and 74.4373730831752/-61.798308680929885
2023-09-27T16:51:40.286+02:00 DEBUG 7856 --- [pool-2-thread-1] c.o.tourguide.service.RewardsService     : Checking if the user b3c81218-654a-4375-b65b-1013ff03f044 already get close from Roger Dean Stadium
2023-09-27T16:51:40.286+02:00 DEBUG 7856 --- [pool-2-thread-1] c.o.tourguide.service.RewardsService     : Calculate distance between -80.116577/26.890959 and 74.4373730831752/-61.798308680929885
2023-09-27T16:51:40.286+02:00 DEBUG 7856 --- [pool-2-thread-1] c.o.tourguide.service.RewardsService     : Checking if the user b3c81218-654a-4375-b65b-1013ff03f044 already get close from Texas Memorial Stadium
2023-09-27T16:51:40.286+02:00 DEBUG 7856 --- [pool-2-thread-1] c.o.tourguide.service.RewardsService     : Calculate distance between -97.732536/30.283682 and 74.4373730831752/-61.798308680929885
2023-09-27T16:51:40.286+02:00 DEBUG 7856 --- [pool-2-thread-1] c.o.tourguide.service.RewardsService     : Checking if the user b3c81218-654a-4375-b65b-1013ff03f044 already get close from Bryant-Denny Stadium
2023-09-27T16:51:40.286+02:00 DEBUG 7856 --- [pool-2-thread-1] c.o.tourguide.service.RewardsService     : Calculate distance between -87.550438/33.208973 and 74.4373730831752/-61.798308680929885
2023-09-27T16:51:40.286+02:00 DEBUG 7856 --- [pool-2-thread-1] c.o.tourguide.service.RewardsService     : Checking if the user b3c81218-654a-4375-b65b-1013ff03f044 already get close from Tiger Stadium
2023-09-27T16:51:40.286+02:00 DEBUG 7856 --- [pool-2-thread-1] c.o.tourguide.service.RewardsService     : Calculate distance between -91.183815/30.412035 and 74.4373730831752/-61.798308680929885
2023-09-27T16:51:40.286+02:00 DEBUG 7856 --- [pool-2-thread-1] c.o.tourguide.service.RewardsService     : Checking if the user b3c81218-654a-4375-b65b-1013ff03f044 already get close from Neyland Stadium
2023-09-27T16:51:40.286+02:00 DEBUG 7856 --- [pool-2-thread-1] c.o.tourguide.service.RewardsService     : Calculate distance between -83.925011/35.955013 and 74.4373730831752/-61.798308680929885
2023-09-27T16:51:40.286+02:00 DEBUG 7856 --- [pool-2-thread-1] c.o.tourguide.service.RewardsService     : Checking if the user b3c81218-654a-4375-b65b-1013ff03f044 already get close from Kyle Field
2023-09-27T16:51:40.286+02:00 DEBUG 7856 --- [pool-2-thread-1] c.o.tourguide.service.RewardsService     : Calculate distance between -96.339844/30.61025 and 74.4373730831752/-61.798308680929885
2023-09-27T16:51:40.286+02:00 DEBUG 7856 --- [pool-2-thread-1] c.o.tourguide.service.RewardsService     : Checking if the user b3c81218-654a-4375-b65b-1013ff03f044 already get close from San Diego Zoo
2023-09-27T16:51:40.286+02:00 DEBUG 7856 --- [pool-2-thread-1] c.o.tourguide.service.RewardsService     : Calculate distance between -117.149048/32.735317 and 74.4373730831752/-61.798308680929885
2023-09-27T16:51:40.286+02:00 DEBUG 7856 --- [pool-2-thread-1] c.o.tourguide.service.RewardsService     : Checking if the user b3c81218-654a-4375-b65b-1013ff03f044 already get close from Zoo Tampa at Lowry Park
2023-09-27T16:51:40.286+02:00 DEBUG 7856 --- [pool-2-thread-1] c.o.tourguide.service.RewardsService     : Calculate distance between -82.469269/28.012804 and 74.4373730831752/-61.798308680929885
2023-09-27T16:51:40.286+02:00 DEBUG 7856 --- [pool-2-thread-1] c.o.tourguide.service.RewardsService     : Checking if the user b3c81218-654a-4375-b65b-1013ff03f044 already get close from Franklin Park Zoo
2023-09-27T16:51:40.286+02:00 DEBUG 7856 --- [pool-2-thread-1] c.o.tourguide.service.RewardsService     : Calculate distance between -71.086731/42.302601 and 74.4373730831752/-61.798308680929885
2023-09-27T16:51:40.286+02:00 DEBUG 7856 --- [pool-2-thread-1] c.o.tourguide.service.RewardsService     : Checking if the user b3c81218-654a-4375-b65b-1013ff03f044 already get close from El Paso Zoo
2023-09-27T16:51:40.286+02:00 DEBUG 7856 --- [pool-2-thread-1] c.o.tourguide.service.RewardsService     : Calculate distance between -106.44487/31.769125 and 74.4373730831752/-61.798308680929885
2023-09-27T16:51:40.286+02:00 DEBUG 7856 --- [pool-2-thread-1] c.o.tourguide.service.RewardsService     : Checking if the user b3c81218-654a-4375-b65b-1013ff03f044 already get close from Kansas City Zoo
2023-09-27T16:51:40.286+02:00 DEBUG 7856 --- [pool-2-thread-1] c.o.tourguide.service.RewardsService     : Calculate distance between -94.529625/39.007504 and 74.4373730831752/-61.798308680929885
2023-09-27T16:51:40.286+02:00 DEBUG 7856 --- [pool-2-thread-1] c.o.tourguide.service.RewardsService     : Checking if the user b3c81218-654a-4375-b65b-1013ff03f044 already get close from Bronx Zoo
2023-09-27T16:51:40.286+02:00 DEBUG 7856 --- [pool-2-thread-1] c.o.tourguide.service.RewardsService     : Calculate distance between -73.872971/40.852905 and 74.4373730831752/-61.798308680929885
2023-09-27T16:51:40.286+02:00 DEBUG 7856 --- [pool-2-thread-1] c.o.tourguide.service.RewardsService     : Checking if the user b3c81218-654a-4375-b65b-1013ff03f044 already get close from Cinderella Castle
2023-09-27T16:51:40.286+02:00 DEBUG 7856 --- [pool-2-thread-1] c.o.tourguide.service.RewardsService     : Calculate distance between -81.5812/28.419411 and 74.4373730831752/-61.798308680929885
2023-09-27T16:51:40.286+02:00 DEBUG 7856 --- [pool-2-thread-1] c.o.tourguide.service.RewardsService     : Checking if the user b3c81218-654a-4375-b65b-1013ff03f044 already get close from Disneyland
2023-09-27T16:51:40.286+02:00 DEBUG 7856 --- [pool-2-thread-1] c.o.tourguide.service.RewardsService     : Calculate distance between -117.922008/33.817595 and 175.955037/-52.874742
2023-09-27T16:51:40.286+02:00 DEBUG 7856 --- [pool-2-thread-1] c.o.tourguide.service.RewardsService     : Checking if the user b3c81218-654a-4375-b65b-1013ff03f044 already get close from Jackson Hole
2023-09-27T16:51:40.286+02:00 DEBUG 7856 --- [pool-2-thread-1] c.o.tourguide.service.RewardsService     : Calculate distance between -110.821999/43.582767 and 175.955037/-52.874742
2023-09-27T16:51:40.286+02:00 DEBUG 7856 --- [pool-2-thread-1] c.o.tourguide.service.RewardsService     : Checking if the user b3c81218-654a-4375-b65b-1013ff03f044 already get close from Mojave National Preserve
2023-09-27T16:51:40.286+02:00 DEBUG 7856 --- [pool-2-thread-1] c.o.tourguide.service.RewardsService     : Calculate distance between -115.510399/35.141689 and 175.955037/-52.874742
2023-09-27T16:51:40.286+02:00 DEBUG 7856 --- [pool-2-thread-1] c.o.tourguide.service.RewardsService     : Checking if the user b3c81218-654a-4375-b65b-1013ff03f044 already get close from Joshua Tree National Park
2023-09-27T16:51:40.286+02:00 DEBUG 7856 --- [pool-2-thread-1] c.o.tourguide.service.RewardsService     : Calculate distance between -115.90065/33.881866 and 175.955037/-52.874742
2023-09-27T16:51:40.286+02:00 DEBUG 7856 --- [pool-2-thread-1] c.o.tourguide.service.RewardsService     : Checking if the user b3c81218-654a-4375-b65b-1013ff03f044 already get close from Buffalo National River
2023-09-27T16:51:40.286+02:00 DEBUG 7856 --- [pool-2-thread-1] c.o.tourguide.service.RewardsService     : Calculate distance between -92.757652/35.985512 and 175.955037/-52.874742
2023-09-27T16:51:40.286+02:00 DEBUG 7856 --- [pool-2-thread-1] c.o.tourguide.service.RewardsService     : Checking if the user b3c81218-654a-4375-b65b-1013ff03f044 already get close from Hot Springs National Park
2023-09-27T16:51:40.286+02:00 DEBUG 7856 --- [pool-2-thread-1] c.o.tourguide.service.RewardsService     : Calculate distance between -93.042267/34.52153 and 175.955037/-52.874742
2023-09-27T16:51:40.286+02:00 DEBUG 7856 --- [pool-2-thread-1] c.o.tourguide.service.RewardsService     : Checking if the user b3c81218-654a-4375-b65b-1013ff03f044 already get close from Kartchner Caverns State Park
2023-09-27T16:51:40.286+02:00 DEBUG 7856 --- [pool-2-thread-1] c.o.tourguide.service.RewardsService     : Calculate distance between -110.347382/31.837551 and 175.955037/-52.874742
2023-09-27T16:51:40.286+02:00 DEBUG 7856 --- [pool-2-thread-1] c.o.tourguide.service.RewardsService     : Checking if the user b3c81218-654a-4375-b65b-1013ff03f044 already get close from Legend Valley
2023-09-27T16:51:40.286+02:00 DEBUG 7856 --- [pool-2-thread-1] c.o.tourguide.service.RewardsService     : Calculate distance between -82.40667/39.937778 and 175.955037/-52.874742
2023-09-27T16:51:40.286+02:00 DEBUG 7856 --- [pool-2-thread-1] c.o.tourguide.service.RewardsService     : Checking if the user b3c81218-654a-4375-b65b-1013ff03f044 already get close from Flowers Bakery of London
2023-09-27T16:51:40.286+02:00 DEBUG 7856 --- [pool-2-thread-1] c.o.tourguide.service.RewardsService     : Calculate distance between -84.07486/37.131527 and 175.955037/-52.874742
2023-09-27T16:51:40.286+02:00 DEBUG 7856 --- [pool-2-thread-1] c.o.tourguide.service.RewardsService     : Checking if the user b3c81218-654a-4375-b65b-1013ff03f044 already get close from McKinley Tower
2023-09-27T16:51:40.286+02:00 DEBUG 7856 --- [pool-2-thread-1] c.o.tourguide.service.RewardsService     : Calculate distance between -149.877502/61.218887 and 175.955037/-52.874742
2023-09-27T16:51:40.286+02:00 DEBUG 7856 --- [pool-2-thread-1] c.o.tourguide.service.RewardsService     : Checking if the user b3c81218-654a-4375-b65b-1013ff03f044 already get close from Flatiron Building
2023-09-27T16:51:40.286+02:00 DEBUG 7856 --- [pool-2-thread-1] c.o.tourguide.service.RewardsService     : Calculate distance between -73.989723/40.741112 and 175.955037/-52.874742
2023-09-27T16:51:40.286+02:00 DEBUG 7856 --- [pool-2-thread-1] c.o.tourguide.service.RewardsService     : Checking if the user b3c81218-654a-4375-b65b-1013ff03f044 already get close from Fallingwater
2023-09-27T16:51:40.286+02:00 DEBUG 7856 --- [pool-2-thread-1] c.o.tourguide.service.RewardsService     : Calculate distance between -79.468056/39.906113 and 175.955037/-52.874742
2023-09-27T16:51:40.286+02:00 DEBUG 7856 --- [pool-2-thread-1] c.o.tourguide.service.RewardsService     : Checking if the user b3c81218-654a-4375-b65b-1013ff03f044 already get close from Union Station
2023-09-27T16:51:40.286+02:00 DEBUG 7856 --- [pool-2-thread-1] c.o.tourguide.service.RewardsService     : Calculate distance between -77.006332/38.897095 and 175.955037/-52.874742
2023-09-27T16:51:40.286+02:00 DEBUG 7856 --- [pool-2-thread-1] c.o.tourguide.service.RewardsService     : Checking if the user b3c81218-654a-4375-b65b-1013ff03f044 already get close from Roger Dean Stadium
2023-09-27T16:51:40.286+02:00 DEBUG 7856 --- [pool-2-thread-1] c.o.tourguide.service.RewardsService     : Calculate distance between -80.116577/26.890959 and 175.955037/-52.874742
2023-09-27T16:51:40.286+02:00 DEBUG 7856 --- [pool-2-thread-1] c.o.tourguide.service.RewardsService     : Checking if the user b3c81218-654a-4375-b65b-1013ff03f044 already get close from Texas Memorial Stadium
2023-09-27T16:51:40.286+02:00 DEBUG 7856 --- [pool-2-thread-1] c.o.tourguide.service.RewardsService     : Calculate distance between -97.732536/30.283682 and 175.955037/-52.874742
2023-09-27T16:51:40.286+02:00 DEBUG 7856 --- [pool-2-thread-1] c.o.tourguide.service.RewardsService     : Checking if the user b3c81218-654a-4375-b65b-1013ff03f044 already get close from Bryant-Denny Stadium
2023-09-27T16:51:40.286+02:00 DEBUG 7856 --- [pool-2-thread-1] c.o.tourguide.service.RewardsService     : Calculate distance between -87.550438/33.208973 and 175.955037/-52.874742
2023-09-27T16:51:40.286+02:00 DEBUG 7856 --- [pool-2-thread-1] c.o.tourguide.service.RewardsService     : Checking if the user b3c81218-654a-4375-b65b-1013ff03f044 already get close from Tiger Stadium
2023-09-27T16:51:40.286+02:00 DEBUG 7856 --- [pool-2-thread-1] c.o.tourguide.service.RewardsService     : Calculate distance between -91.183815/30.412035 and 175.955037/-52.874742
2023-09-27T16:51:40.286+02:00 DEBUG 7856 --- [pool-2-thread-1] c.o.tourguide.service.RewardsService     : Checking if the user b3c81218-654a-4375-b65b-1013ff03f044 already get close from Neyland Stadium
2023-09-27T16:51:40.286+02:00 DEBUG 7856 --- [pool-2-thread-1] c.o.tourguide.service.RewardsService     : Calculate distance between -83.925011/35.955013 and 175.955037/-52.874742
2023-09-27T16:51:40.286+02:00 DEBUG 7856 --- [pool-2-thread-1] c.o.tourguide.service.RewardsService     : Checking if the user b3c81218-654a-4375-b65b-1013ff03f044 already get close from Kyle Field
2023-09-27T16:51:40.286+02:00 DEBUG 7856 --- [pool-2-thread-1] c.o.tourguide.service.RewardsService     : Calculate distance between -96.339844/30.61025 and 175.955037/-52.874742
2023-09-27T16:51:40.286+02:00 DEBUG 7856 --- [pool-2-thread-1] c.o.tourguide.service.RewardsService     : Checking if the user b3c81218-654a-4375-b65b-1013ff03f044 already get close from San Diego Zoo
2023-09-27T16:51:40.286+02:00 DEBUG 7856 --- [pool-2-thread-1] c.o.tourguide.service.RewardsService     : Calculate distance between -117.149048/32.735317 and 175.955037/-52.874742
2023-09-27T16:51:40.286+02:00 DEBUG 7856 --- [pool-2-thread-1] c.o.tourguide.service.RewardsService     : Checking if the user b3c81218-654a-4375-b65b-1013ff03f044 already get close from Zoo Tampa at Lowry Park
2023-09-27T16:51:40.286+02:00 DEBUG 7856 --- [pool-2-thread-1] c.o.tourguide.service.RewardsService     : Calculate distance between -82.469269/28.012804 and 175.955037/-52.874742
2023-09-27T16:51:40.286+02:00 DEBUG 7856 --- [pool-2-thread-1] c.o.tourguide.service.RewardsService     : Checking if the user b3c81218-654a-4375-b65b-1013ff03f044 already get close from Franklin Park Zoo
2023-09-27T16:51:40.286+02:00 DEBUG 7856 --- [pool-2-thread-1] c.o.tourguide.service.RewardsService     : Calculate distance between -71.086731/42.302601 and 175.955037/-52.874742
2023-09-27T16:51:40.286+02:00 DEBUG 7856 --- [pool-2-thread-1] c.o.tourguide.service.RewardsService     : Checking if the user b3c81218-654a-4375-b65b-1013ff03f044 already get close from El Paso Zoo
2023-09-27T16:51:40.286+02:00 DEBUG 7856 --- [pool-2-thread-1] c.o.tourguide.service.RewardsService     : Calculate distance between -106.44487/31.769125 and 175.955037/-52.874742
2023-09-27T16:51:40.286+02:00 DEBUG 7856 --- [pool-2-thread-1] c.o.tourguide.service.RewardsService     : Checking if the user b3c81218-654a-4375-b65b-1013ff03f044 already get close from Kansas City Zoo
2023-09-27T16:51:40.286+02:00 DEBUG 7856 --- [pool-2-thread-1] c.o.tourguide.service.RewardsService     : Calculate distance between -94.529625/39.007504 and 175.955037/-52.874742
2023-09-27T16:51:40.286+02:00 DEBUG 7856 --- [pool-2-thread-1] c.o.tourguide.service.RewardsService     : Checking if the user b3c81218-654a-4375-b65b-1013ff03f044 already get close from Bronx Zoo
2023-09-27T16:51:40.286+02:00 DEBUG 7856 --- [pool-2-thread-1] c.o.tourguide.service.RewardsService     : Calculate distance between -73.872971/40.852905 and 175.955037/-52.874742
2023-09-27T16:51:40.286+02:00 DEBUG 7856 --- [pool-2-thread-1] c.o.tourguide.service.RewardsService     : Checking if the user b3c81218-654a-4375-b65b-1013ff03f044 already get close from Cinderella Castle
2023-09-27T16:51:40.286+02:00 DEBUG 7856 --- [pool-2-thread-1] c.o.tourguide.service.RewardsService     : Calculate distance between -81.5812/28.419411 and 175.955037/-52.874742
2023-09-27T16:51:40.286+02:00 DEBUG 7856 --- [pool-2-thread-1] c.o.tourguide.service.RewardsService     : Checking if the user b3c81218-654a-4375-b65b-1013ff03f044 already get close from Disneyland
2023-09-27T16:51:40.286+02:00 DEBUG 7856 --- [pool-2-thread-1] c.o.tourguide.service.RewardsService     : Calculate distance between -117.922008/33.817595 and 146.667223/-50.914448
2023-09-27T16:51:40.286+02:00 DEBUG 7856 --- [pool-2-thread-1] c.o.tourguide.service.RewardsService     : Checking if the user b3c81218-654a-4375-b65b-1013ff03f044 already get close from Jackson Hole
2023-09-27T16:51:40.286+02:00 DEBUG 7856 --- [pool-2-thread-1] c.o.tourguide.service.RewardsService     : Calculate distance between -110.821999/43.582767 and 146.667223/-50.914448
2023-09-27T16:51:40.286+02:00 DEBUG 7856 --- [pool-2-thread-1] c.o.tourguide.service.RewardsService     : Checking if the user b3c81218-654a-4375-b65b-1013ff03f044 already get close from Mojave National Preserve
2023-09-27T16:51:40.286+02:00 DEBUG 7856 --- [pool-2-thread-1] c.o.tourguide.service.RewardsService     : Calculate distance between -115.510399/35.141689 and 146.667223/-50.914448
2023-09-27T16:51:40.286+02:00 DEBUG 7856 --- [pool-2-thread-1] c.o.tourguide.service.RewardsService     : Checking if the user b3c81218-654a-4375-b65b-1013ff03f044 already get close from Joshua Tree National Park
2023-09-27T16:51:40.286+02:00 DEBUG 7856 --- [pool-2-thread-1] c.o.tourguide.service.RewardsService     : Calculate distance between -115.90065/33.881866 and 146.667223/-50.914448
2023-09-27T16:51:40.286+02:00 DEBUG 7856 --- [pool-2-thread-1] c.o.tourguide.service.RewardsService     : Checking if the user b3c81218-654a-4375-b65b-1013ff03f044 already get close from Buffalo National River
2023-09-27T16:51:40.286+02:00 DEBUG 7856 --- [pool-2-thread-1] c.o.tourguide.service.RewardsService     : Calculate distance between -92.757652/35.985512 and 146.667223/-50.914448
2023-09-27T16:51:40.286+02:00 DEBUG 7856 --- [pool-2-thread-1] c.o.tourguide.service.RewardsService     : Checking if the user b3c81218-654a-4375-b65b-1013ff03f044 already get close from Hot Springs National Park
2023-09-27T16:51:40.286+02:00 DEBUG 7856 --- [pool-2-thread-1] c.o.tourguide.service.RewardsService     : Calculate distance between -93.042267/34.52153 and 146.667223/-50.914448
2023-09-27T16:51:40.286+02:00 DEBUG 7856 --- [pool-2-thread-1] c.o.tourguide.service.RewardsService     : Checking if the user b3c81218-654a-4375-b65b-1013ff03f044 already get close from Kartchner Caverns State Park
2023-09-27T16:51:40.286+02:00 DEBUG 7856 --- [pool-2-thread-1] c.o.tourguide.service.RewardsService     : Calculate distance between -110.347382/31.837551 and 146.667223/-50.914448
2023-09-27T16:51:40.286+02:00 DEBUG 7856 --- [pool-2-thread-1] c.o.tourguide.service.RewardsService     : Checking if the user b3c81218-654a-4375-b65b-1013ff03f044 already get close from Legend Valley
2023-09-27T16:51:40.286+02:00 DEBUG 7856 --- [pool-2-thread-1] c.o.tourguide.service.RewardsService     : Calculate distance between -82.40667/39.937778 and 146.667223/-50.914448
2023-09-27T16:51:40.286+02:00 DEBUG 7856 --- [pool-2-thread-1] c.o.tourguide.service.RewardsService     : Checking if the user b3c81218-654a-4375-b65b-1013ff03f044 already get close from Flowers Bakery of London
2023-09-27T16:51:40.286+02:00 DEBUG 7856 --- [pool-2-thread-1] c.o.tourguide.service.RewardsService     : Calculate distance between -84.07486/37.131527 and 146.667223/-50.914448
2023-09-27T16:51:40.286+02:00 DEBUG 7856 --- [pool-2-thread-1] c.o.tourguide.service.RewardsService     : Checking if the user b3c81218-654a-4375-b65b-1013ff03f044 already get close from McKinley Tower
2023-09-27T16:51:40.286+02:00 DEBUG 7856 --- [pool-2-thread-1] c.o.tourguide.service.RewardsService     : Calculate distance between -149.877502/61.218887 and 146.667223/-50.914448
2023-09-27T16:51:40.286+02:00 DEBUG 7856 --- [pool-2-thread-1] c.o.tourguide.service.RewardsService     : Checking if the user b3c81218-654a-4375-b65b-1013ff03f044 already get close from Flatiron Building
2023-09-27T16:51:40.286+02:00 DEBUG 7856 --- [pool-2-thread-1] c.o.tourguide.service.RewardsService     : Calculate distance between -73.989723/40.741112 and 146.667223/-50.914448
2023-09-27T16:51:40.286+02:00 DEBUG 7856 --- [pool-2-thread-1] c.o.tourguide.service.RewardsService     : Checking if the user b3c81218-654a-4375-b65b-1013ff03f044 already get close from Fallingwater
2023-09-27T16:51:40.286+02:00 DEBUG 7856 --- [pool-2-thread-1] c.o.tourguide.service.RewardsService     : Calculate distance between -79.468056/39.906113 and 146.667223/-50.914448
2023-09-27T16:51:40.286+02:00 DEBUG 7856 --- [pool-2-thread-1] c.o.tourguide.service.RewardsService     : Checking if the user b3c81218-654a-4375-b65b-1013ff03f044 already get close from Union Station
2023-09-27T16:51:40.286+02:00 DEBUG 7856 --- [pool-2-thread-1] c.o.tourguide.service.RewardsService     : Calculate distance between -77.006332/38.897095 and 146.667223/-50.914448
2023-09-27T16:51:40.286+02:00 DEBUG 7856 --- [pool-2-thread-1] c.o.tourguide.service.RewardsService     : Checking if the user b3c81218-654a-4375-b65b-1013ff03f044 already get close from Roger Dean Stadium
2023-09-27T16:51:40.286+02:00 DEBUG 7856 --- [pool-2-thread-1] c.o.tourguide.service.RewardsService     : Calculate distance between -80.116577/26.890959 and 146.667223/-50.914448
2023-09-27T16:51:40.286+02:00 DEBUG 7856 --- [pool-2-thread-1] c.o.tourguide.service.RewardsService     : Checking if the user b3c81218-654a-4375-b65b-1013ff03f044 already get close from Texas Memorial Stadium
2023-09-27T16:51:40.286+02:00 DEBUG 7856 --- [pool-2-thread-1] c.o.tourguide.service.RewardsService     : Calculate distance between -97.732536/30.283682 and 146.667223/-50.914448
2023-09-27T16:51:40.286+02:00 DEBUG 7856 --- [pool-2-thread-1] c.o.tourguide.service.RewardsService     : Checking if the user b3c81218-654a-4375-b65b-1013ff03f044 already get close from Bryant-Denny Stadium
2023-09-27T16:51:40.286+02:00 DEBUG 7856 --- [pool-2-thread-1] c.o.tourguide.service.RewardsService     : Calculate distance between -87.550438/33.208973 and 146.667223/-50.914448
2023-09-27T16:51:40.286+02:00 DEBUG 7856 --- [pool-2-thread-1] c.o.tourguide.service.RewardsService     : Checking if the user b3c81218-654a-4375-b65b-1013ff03f044 already get close from Tiger Stadium
2023-09-27T16:51:40.286+02:00 DEBUG 7856 --- [pool-2-thread-1] c.o.tourguide.service.RewardsService     : Calculate distance between -91.183815/30.412035 and 146.667223/-50.914448
2023-09-27T16:51:40.287+02:00 DEBUG 7856 --- [pool-2-thread-1] c.o.tourguide.service.RewardsService     : Checking if the user b3c81218-654a-4375-b65b-1013ff03f044 already get close from Neyland Stadium
2023-09-27T16:51:40.287+02:00 DEBUG 7856 --- [pool-2-thread-1] c.o.tourguide.service.RewardsService     : Calculate distance between -83.925011/35.955013 and 146.667223/-50.914448
2023-09-27T16:51:40.287+02:00 DEBUG 7856 --- [pool-2-thread-1] c.o.tourguide.service.RewardsService     : Checking if the user b3c81218-654a-4375-b65b-1013ff03f044 already get close from Kyle Field
2023-09-27T16:51:40.287+02:00 DEBUG 7856 --- [pool-2-thread-1] c.o.tourguide.service.RewardsService     : Calculate distance between -96.339844/30.61025 and 146.667223/-50.914448
2023-09-27T16:51:40.287+02:00 DEBUG 7856 --- [pool-2-thread-1] c.o.tourguide.service.RewardsService     : Checking if the user b3c81218-654a-4375-b65b-1013ff03f044 already get close from San Diego Zoo
2023-09-27T16:51:40.287+02:00 DEBUG 7856 --- [pool-2-thread-1] c.o.tourguide.service.RewardsService     : Calculate distance between -117.149048/32.735317 and 146.667223/-50.914448
2023-09-27T16:51:40.287+02:00 DEBUG 7856 --- [pool-2-thread-1] c.o.tourguide.service.RewardsService     : Checking if the user b3c81218-654a-4375-b65b-1013ff03f044 already get close from Zoo Tampa at Lowry Park
2023-09-27T16:51:40.287+02:00 DEBUG 7856 --- [pool-2-thread-1] c.o.tourguide.service.RewardsService     : Calculate distance between -82.469269/28.012804 and 146.667223/-50.914448
2023-09-27T16:51:40.287+02:00 DEBUG 7856 --- [pool-2-thread-1] c.o.tourguide.service.RewardsService     : Checking if the user b3c81218-654a-4375-b65b-1013ff03f044 already get close from Franklin Park Zoo
2023-09-27T16:51:40.287+02:00 DEBUG 7856 --- [pool-2-thread-1] c.o.tourguide.service.RewardsService     : Calculate distance between -71.086731/42.302601 and 146.667223/-50.914448
2023-09-27T16:51:40.287+02:00 DEBUG 7856 --- [pool-2-thread-1] c.o.tourguide.service.RewardsService     : Checking if the user b3c81218-654a-4375-b65b-1013ff03f044 already get close from El Paso Zoo
2023-09-27T16:51:40.287+02:00 DEBUG 7856 --- [pool-2-thread-1] c.o.tourguide.service.RewardsService     : Calculate distance between -106.44487/31.769125 and 146.667223/-50.914448
2023-09-27T16:51:40.287+02:00 DEBUG 7856 --- [pool-2-thread-1] c.o.tourguide.service.RewardsService     : Checking if the user b3c81218-654a-4375-b65b-1013ff03f044 already get close from Kansas City Zoo
2023-09-27T16:51:40.287+02:00 DEBUG 7856 --- [pool-2-thread-1] c.o.tourguide.service.RewardsService     : Calculate distance between -94.529625/39.007504 and 146.667223/-50.914448
2023-09-27T16:51:40.287+02:00 DEBUG 7856 --- [pool-2-thread-1] c.o.tourguide.service.RewardsService     : Checking if the user b3c81218-654a-4375-b65b-1013ff03f044 already get close from Bronx Zoo
2023-09-27T16:51:40.287+02:00 DEBUG 7856 --- [pool-2-thread-1] c.o.tourguide.service.RewardsService     : Calculate distance between -73.872971/40.852905 and 146.667223/-50.914448
2023-09-27T16:51:40.287+02:00 DEBUG 7856 --- [pool-2-thread-1] c.o.tourguide.service.RewardsService     : Checking if the user b3c81218-654a-4375-b65b-1013ff03f044 already get close from Cinderella Castle
2023-09-27T16:51:40.287+02:00 DEBUG 7856 --- [pool-2-thread-1] c.o.tourguide.service.RewardsService     : Calculate distance between -81.5812/28.419411 and 146.667223/-50.914448
2023-09-27T16:51:40.287+02:00 DEBUG 7856 --- [pool-2-thread-1] c.o.tourguide.service.RewardsService     : Trying to add 0 rewards
2023-09-27T16:51:40.363+02:00  INFO 7856 --- [pool-2-thread-1] c.o.tourguide.service.TourGuideService   : Adding the current location to the user internalUser5159
2023-09-27T16:51:40.363+02:00 DEBUG 7856 --- [pool-2-thread-1] c.o.tourguide.service.RewardsService     : calculate reward for internalUser5159 on his 5 known locations
2023-09-27T16:51:40.374+02:00 DEBUG 7856 --- [pool-2-thread-1] c.o.tourguide.service.RewardsService     : Checking if the user 72376f74-9fd9-4498-843b-8722e563398c already get close from Disneyland
2023-09-27T16:51:40.374+02:00 DEBUG 7856 --- [pool-2-thread-1] c.o.tourguide.service.RewardsService     : Calculate distance between -117.922008/33.817595 and 171.09088978198736/4.258460842889207
2023-09-27T16:51:40.374+02:00 DEBUG 7856 --- [pool-2-thread-1] c.o.tourguide.service.RewardsService     : Checking if the user 72376f74-9fd9-4498-843b-8722e563398c already get close from Jackson Hole
2023-09-27T16:51:40.374+02:00 DEBUG 7856 --- [pool-2-thread-1] c.o.tourguide.service.RewardsService     : Calculate distance between -110.821999/43.582767 and 171.09088978198736/4.258460842889207
2023-09-27T16:51:40.374+02:00 DEBUG 7856 --- [pool-2-thread-1] c.o.tourguide.service.RewardsService     : Checking if the user 72376f74-9fd9-4498-843b-8722e563398c already get close from Mojave National Preserve
2023-09-27T16:51:40.374+02:00 DEBUG 7856 --- [pool-2-thread-1] c.o.tourguide.service.RewardsService     : Calculate distance between -115.510399/35.141689 and 171.09088978198736/4.258460842889207
2023-09-27T16:51:40.374+02:00 DEBUG 7856 --- [pool-2-thread-1] c.o.tourguide.service.RewardsService     : Checking if the user 72376f74-9fd9-4498-843b-8722e563398c already get close from Joshua Tree National Park
2023-09-27T16:51:40.374+02:00 DEBUG 7856 --- [pool-2-thread-1] c.o.tourguide.service.RewardsService     : Calculate distance between -115.90065/33.881866 and 171.09088978198736/4.258460842889207
2023-09-27T16:51:40.374+02:00 DEBUG 7856 --- [pool-2-thread-1] c.o.tourguide.service.RewardsService     : Checking if the user 72376f74-9fd9-4498-843b-8722e563398c already get close from Buffalo National River
2023-09-27T16:51:40.374+02:00 DEBUG 7856 --- [pool-2-thread-1] c.o.tourguide.service.RewardsService     : Calculate distance between -92.757652/35.985512 and 171.09088978198736/4.258460842889207
2023-09-27T16:51:40.374+02:00 DEBUG 7856 --- [pool-2-thread-1] c.o.tourguide.service.RewardsService     : Checking if the user 72376f74-9fd9-4498-843b-8722e563398c already get close from Hot Springs National Park
2023-09-27T16:51:40.374+02:00 DEBUG 7856 --- [pool-2-thread-1] c.o.tourguide.service.RewardsService     : Calculate distance between -93.042267/34.52153 and 171.09088978198736/4.258460842889207
2023-09-27T16:51:40.374+02:00 DEBUG 7856 --- [pool-2-thread-1] c.o.tourguide.service.RewardsService     : Checking if the user 72376f74-9fd9-4498-843b-8722e563398c already get close from Kartchner Caverns State Park
2023-09-27T16:51:40.374+02:00 DEBUG 7856 --- [pool-2-thread-1] c.o.tourguide.service.RewardsService     : Calculate distance between -110.347382/31.837551 and 171.09088978198736/4.258460842889207
2023-09-27T16:51:40.374+02:00 DEBUG 7856 --- [pool-2-thread-1] c.o.tourguide.service.RewardsService     : Checking if the user 72376f74-9fd9-4498-843b-8722e563398c already get close from Legend Valley
2023-09-27T16:51:40.374+02:00 DEBUG 7856 --- [pool-2-thread-1] c.o.tourguide.service.RewardsService     : Calculate distance between -82.40667/39.937778 and 171.09088978198736/4.258460842889207
2023-09-27T16:51:40.374+02:00 DEBUG 7856 --- [pool-2-thread-1] c.o.tourguide.service.RewardsService     : Checking if the user 72376f74-9fd9-4498-843b-8722e563398c already get close from Flowers Bakery of London
2023-09-27T16:51:40.374+02:00 DEBUG 7856 --- [pool-2-thread-1] c.o.tourguide.service.RewardsService     : Calculate distance between -84.07486/37.131527 and 171.09088978198736/4.258460842889207
2023-09-27T16:51:40.374+02:00 DEBUG 7856 --- [pool-2-thread-1] c.o.tourguide.service.RewardsService     : Checking if the user 72376f74-9fd9-4498-843b-8722e563398c already get close from McKinley Tower
2023-09-27T16:51:40.374+02:00 DEBUG 7856 --- [pool-2-thread-1] c.o.tourguide.service.RewardsService     : Calculate distance between -149.877502/61.218887 and 171.09088978198736/4.258460842889207
2023-09-27T16:51:40.374+02:00 DEBUG 7856 --- [pool-2-thread-1] c.o.tourguide.service.RewardsService     : Checking if the user 72376f74-9fd9-4498-843b-8722e563398c already get close from Flatiron Building
2023-09-27T16:51:40.374+02:00 DEBUG 7856 --- [pool-2-thread-1] c.o.tourguide.service.RewardsService     : Calculate distance between -73.989723/40.741112 and 171.09088978198736/4.258460842889207
2023-09-27T16:51:40.374+02:00 DEBUG 7856 --- [pool-2-thread-1] c.o.tourguide.service.RewardsService     : Checking if the user 72376f74-9fd9-4498-843b-8722e563398c already get close from Fallingwater
2023-09-27T16:51:40.374+02:00 DEBUG 7856 --- [pool-2-thread-1] c.o.tourguide.service.RewardsService     : Calculate distance between -79.468056/39.906113 and 171.09088978198736/4.258460842889207
2023-09-27T16:51:40.374+02:00 DEBUG 7856 --- [pool-2-thread-1] c.o.tourguide.service.RewardsService     : Checking if the user 72376f74-9fd9-4498-843b-8722e563398c already get close from Union Station
2023-09-27T16:51:40.374+02:00 DEBUG 7856 --- [pool-2-thread-1] c.o.tourguide.service.RewardsService     : Calculate distance between -77.006332/38.897095 and 171.09088978198736/4.258460842889207
2023-09-27T16:51:40.374+02:00 DEBUG 7856 --- [pool-2-thread-1] c.o.tourguide.service.RewardsService     : Checking if the user 72376f74-9fd9-4498-843b-8722e563398c already get close from Roger Dean Stadium
2023-09-27T16:51:40.374+02:00 DEBUG 7856 --- [pool-2-thread-1] c.o.tourguide.service.RewardsService     : Calculate distance between -80.116577/26.890959 and 171.09088978198736/4.258460842889207
2023-09-27T16:51:40.374+02:00 DEBUG 7856 --- [pool-2-thread-1] c.o.tourguide.service.RewardsService     : Checking if the user 72376f74-9fd9-4498-843b-8722e563398c already get close from Texas Memorial Stadium
2023-09-27T16:51:40.374+02:00 DEBUG 7856 --- [pool-2-thread-1] c.o.tourguide.service.RewardsService     : Calculate distance between -97.732536/30.283682 and 171.09088978198736/4.258460842889207
2023-09-27T16:51:40.374+02:00 DEBUG 7856 --- [pool-2-thread-1] c.o.tourguide.service.RewardsService     : Checking if the user 72376f74-9fd9-4498-843b-8722e563398c already get close from Bryant-Denny Stadium
2023-09-27T16:51:40.374+02:00 DEBUG 7856 --- [pool-2-thread-1] c.o.tourguide.service.RewardsService     : Calculate distance between -87.550438/33.208973 and 171.09088978198736/4.258460842889207
2023-09-27T16:51:40.374+02:00 DEBUG 7856 --- [pool-2-thread-1] c.o.tourguide.service.RewardsService     : Checking if the user 72376f74-9fd9-4498-843b-8722e563398c already get close from Tiger Stadium
2023-09-27T16:51:40.374+02:00 DEBUG 7856 --- [pool-2-thread-1] c.o.tourguide.service.RewardsService     : Calculate distance between -91.183815/30.412035 and 171.09088978198736/4.258460842889207
2023-09-27T16:51:40.374+02:00 DEBUG 7856 --- [pool-2-thread-1] c.o.tourguide.service.RewardsService     : Checking if the user 72376f74-9fd9-4498-843b-8722e563398c already get close from Neyland Stadium
2023-09-27T16:51:40.374+02:00 DEBUG 7856 --- [pool-2-thread-1] c.o.tourguide.service.RewardsService     : Calculate distance between -83.925011/35.955013 and 171.09088978198736/4.258460842889207
2023-09-27T16:51:40.374+02:00 DEBUG 7856 --- [pool-2-thread-1] c.o.tourguide.service.RewardsService     : Checking if the user 72376f74-9fd9-4498-843b-8722e563398c already get close from Kyle Field
2023-09-27T16:51:40.374+02:00 DEBUG 7856 --- [pool-2-thread-1] c.o.tourguide.service.RewardsService     : Calculate distance between -96.339844/30.61025 and 171.09088978198736/4.258460842889207
2023-09-27T16:51:40.374+02:00 DEBUG 7856 --- [pool-2-thread-1] c.o.tourguide.service.RewardsService     : Checking if the user 72376f74-9fd9-4498-843b-8722e563398c already get close from San Diego Zoo
2023-09-27T16:51:40.374+02:00 DEBUG 7856 --- [pool-2-thread-1] c.o.tourguide.service.RewardsService     : Calculate distance between -117.149048/32.735317 and 171.09088978198736/4.258460842889207
2023-09-27T16:51:40.374+02:00 DEBUG 7856 --- [pool-2-thread-1] c.o.tourguide.service.RewardsService     : Checking if the user 72376f74-9fd9-4498-843b-8722e563398c already get close from Zoo Tampa at Lowry Park
2023-09-27T16:51:40.374+02:00 DEBUG 7856 --- [pool-2-thread-1] c.o.tourguide.service.RewardsService     : Calculate distance between -82.469269/28.012804 and 171.09088978198736/4.258460842889207
2023-09-27T16:51:40.374+02:00 DEBUG 7856 --- [pool-2-thread-1] c.o.tourguide.service.RewardsService     : Checking if the user 72376f74-9fd9-4498-843b-8722e563398c already get close from Franklin Park Zoo
2023-09-27T16:51:40.374+02:00 DEBUG 7856 --- [pool-2-thread-1] c.o.tourguide.service.RewardsService     : Calculate distance between -71.086731/42.302601 and 171.09088978198736/4.258460842889207
2023-09-27T16:51:40.374+02:00 DEBUG 7856 --- [pool-2-thread-1] c.o.tourguide.service.RewardsService     : Checking if the user 72376f74-9fd9-4498-843b-8722e563398c already get close from El Paso Zoo
2023-09-27T16:51:40.374+02:00 DEBUG 7856 --- [pool-2-thread-1] c.o.tourguide.service.RewardsService     : Calculate distance between -106.44487/31.769125 and 171.09088978198736/4.258460842889207
2023-09-27T16:51:40.374+02:00 DEBUG 7856 --- [pool-2-thread-1] c.o.tourguide.service.RewardsService     : Checking if the user 72376f74-9fd9-4498-843b-8722e563398c already get close from Kansas City Zoo
2023-09-27T16:51:40.374+02:00 DEBUG 7856 --- [pool-2-thread-1] c.o.tourguide.service.RewardsService     : Calculate distance between -94.529625/39.007504 and 171.09088978198736/4.258460842889207
2023-09-27T16:51:40.374+02:00 DEBUG 7856 --- [pool-2-thread-1] c.o.tourguide.service.RewardsService     : Checking if the user 72376f74-9fd9-4498-843b-8722e563398c already get close from Bronx Zoo
2023-09-27T16:51:40.374+02:00 DEBUG 7856 --- [pool-2-thread-1] c.o.tourguide.service.RewardsService     : Calculate distance between -73.872971/40.852905 and 171.09088978198736/4.258460842889207
2023-09-27T16:51:40.374+02:00 DEBUG 7856 --- [pool-2-thread-1] c.o.tourguide.service.RewardsService     : Checking if the user 72376f74-9fd9-4498-843b-8722e563398c already get close from Cinderella Castle
2023-09-27T16:51:40.374+02:00 DEBUG 7856 --- [pool-2-thread-1] c.o.tourguide.service.RewardsService     : Calculate distance between -81.5812/28.419411 and 171.09088978198736/4.258460842889207
2023-09-27T16:51:40.374+02:00 DEBUG 7856 --- [pool-2-thread-1] c.o.tourguide.service.RewardsService     : Checking if the user 72376f74-9fd9-4498-843b-8722e563398c already get close from Disneyland
2023-09-27T16:51:40.374+02:00 DEBUG 7856 --- [pool-2-thread-1] c.o.tourguide.service.RewardsService     : Calculate distance between -117.922008/33.817595 and 134.14855405058086/-37.277020834228864
2023-09-27T16:51:40.374+02:00 DEBUG 7856 --- [pool-2-thread-1] c.o.tourguide.service.RewardsService     : Checking if the user 72376f74-9fd9-4498-843b-8722e563398c already get close from Jackson Hole
2023-09-27T16:51:40.374+02:00 DEBUG 7856 --- [pool-2-thread-1] c.o.tourguide.service.RewardsService     : Calculate distance between -110.821999/43.582767 and 134.14855405058086/-37.277020834228864
2023-09-27T16:51:40.374+02:00 DEBUG 7856 --- [pool-2-thread-1] c.o.tourguide.service.RewardsService     : Checking if the user 72376f74-9fd9-4498-843b-8722e563398c already get close from Mojave National Preserve
2023-09-27T16:51:40.375+02:00 DEBUG 7856 --- [pool-2-thread-1] c.o.tourguide.service.RewardsService     : Calculate distance between -115.510399/35.141689 and 134.14855405058086/-37.277020834228864
2023-09-27T16:51:40.375+02:00 DEBUG 7856 --- [pool-2-thread-1] c.o.tourguide.service.RewardsService     : Checking if the user 72376f74-9fd9-4498-843b-8722e563398c already get close from Joshua Tree National Park
2023-09-27T16:51:40.375+02:00 DEBUG 7856 --- [pool-2-thread-1] c.o.tourguide.service.RewardsService     : Calculate distance between -115.90065/33.881866 and 134.14855405058086/-37.277020834228864
2023-09-27T16:51:40.375+02:00 DEBUG 7856 --- [pool-2-thread-1] c.o.tourguide.service.RewardsService     : Checking if the user 72376f74-9fd9-4498-843b-8722e563398c already get close from Buffalo National River
2023-09-27T16:51:40.375+02:00 DEBUG 7856 --- [pool-2-thread-1] c.o.tourguide.service.RewardsService     : Calculate distance between -92.757652/35.985512 and 134.14855405058086/-37.277020834228864
2023-09-27T16:51:40.375+02:00 DEBUG 7856 --- [pool-2-thread-1] c.o.tourguide.service.RewardsService     : Checking if the user 72376f74-9fd9-4498-843b-8722e563398c already get close from Hot Springs National Park
2023-09-27T16:51:40.375+02:00 DEBUG 7856 --- [pool-2-thread-1] c.o.tourguide.service.RewardsService     : Calculate distance between -93.042267/34.52153 and 134.14855405058086/-37.277020834228864
2023-09-27T16:51:40.375+02:00 DEBUG 7856 --- [pool-2-thread-1] c.o.tourguide.service.RewardsService     : Checking if the user 72376f74-9fd9-4498-843b-8722e563398c already get close from Kartchner Caverns State Park
2023-09-27T16:51:40.375+02:00 DEBUG 7856 --- [pool-2-thread-1] c.o.tourguide.service.RewardsService     : Calculate distance between -110.347382/31.837551 and 134.14855405058086/-37.277020834228864
2023-09-27T16:51:40.375+02:00 DEBUG 7856 --- [pool-2-thread-1] c.o.tourguide.service.RewardsService     : Checking if the user 72376f74-9fd9-4498-843b-8722e563398c already get close from Legend Valley
2023-09-27T16:51:40.375+02:00 DEBUG 7856 --- [pool-2-thread-1] c.o.tourguide.service.RewardsService     : Calculate distance between -82.40667/39.937778 and 134.14855405058086/-37.277020834228864
2023-09-27T16:51:40.375+02:00 DEBUG 7856 --- [pool-2-thread-1] c.o.tourguide.service.RewardsService     : Checking if the user 72376f74-9fd9-4498-843b-8722e563398c already get close from Flowers Bakery of London
2023-09-27T16:51:40.375+02:00 DEBUG 7856 --- [pool-2-thread-1] c.o.tourguide.service.RewardsService     : Calculate distance between -84.07486/37.131527 and 134.14855405058086/-37.277020834228864
2023-09-27T16:51:40.375+02:00 DEBUG 7856 --- [pool-2-thread-1] c.o.tourguide.service.RewardsService     : Checking if the user 72376f74-9fd9-4498-843b-8722e563398c already get close from McKinley Tower
2023-09-27T16:51:40.375+02:00 DEBUG 7856 --- [pool-2-thread-1] c.o.tourguide.service.RewardsService     : Calculate distance between -149.877502/61.218887 and 134.14855405058086/-37.277020834228864
2023-09-27T16:51:40.375+02:00 DEBUG 7856 --- [pool-2-thread-1] c.o.tourguide.service.RewardsService     : Checking if the user 72376f74-9fd9-4498-843b-8722e563398c already get close from Flatiron Building
2023-09-27T16:51:40.375+02:00 DEBUG 7856 --- [pool-2-thread-1] c.o.tourguide.service.RewardsService     : Calculate distance between -73.989723/40.741112 and 134.14855405058086/-37.277020834228864
2023-09-27T16:51:40.375+02:00 DEBUG 7856 --- [pool-2-thread-1] c.o.tourguide.service.RewardsService     : Checking if the user 72376f74-9fd9-4498-843b-8722e563398c already get close from Fallingwater
2023-09-27T16:51:40.375+02:00 DEBUG 7856 --- [pool-2-thread-1] c.o.tourguide.service.RewardsService     : Calculate distance between -79.468056/39.906113 and 134.14855405058086/-37.277020834228864
2023-09-27T16:51:40.375+02:00 DEBUG 7856 --- [pool-2-thread-1] c.o.tourguide.service.RewardsService     : Checking if the user 72376f74-9fd9-4498-843b-8722e563398c already get close from Union Station
2023-09-27T16:51:40.375+02:00 DEBUG 7856 --- [pool-2-thread-1] c.o.tourguide.service.RewardsService     : Calculate distance between -77.006332/38.897095 and 134.14855405058086/-37.277020834228864
2023-09-27T16:51:40.375+02:00 DEBUG 7856 --- [pool-2-thread-1] c.o.tourguide.service.RewardsService     : Checking if the user 72376f74-9fd9-4498-843b-8722e563398c already get close from Roger Dean Stadium
2023-09-27T16:51:40.375+02:00 DEBUG 7856 --- [pool-2-thread-1] c.o.tourguide.service.RewardsService     : Calculate distance between -80.116577/26.890959 and 134.14855405058086/-37.277020834228864
2023-09-27T16:51:40.375+02:00 DEBUG 7856 --- [pool-2-thread-1] c.o.tourguide.service.RewardsService     : Checking if the user 72376f74-9fd9-4498-843b-8722e563398c already get close from Texas Memorial Stadium
2023-09-27T16:51:40.375+02:00 DEBUG 7856 --- [pool-2-thread-1] c.o.tourguide.service.RewardsService     : Calculate distance between -97.732536/30.283682 and 134.14855405058086/-37.277020834228864
2023-09-27T16:51:40.375+02:00 DEBUG 7856 --- [pool-2-thread-1] c.o.tourguide.service.RewardsService     : Checking if the user 72376f74-9fd9-4498-843b-8722e563398c already get close from Bryant-Denny Stadium
2023-09-27T16:51:40.375+02:00 DEBUG 7856 --- [pool-2-thread-1] c.o.tourguide.service.RewardsService     : Calculate distance between -87.550438/33.208973 and 134.14855405058086/-37.277020834228864
2023-09-27T16:51:40.375+02:00 DEBUG 7856 --- [pool-2-thread-1] c.o.tourguide.service.RewardsService     : Checking if the user 72376f74-9fd9-4498-843b-8722e563398c already get close from Tiger Stadium
2023-09-27T16:51:40.375+02:00 DEBUG 7856 --- [pool-2-thread-1] c.o.tourguide.service.RewardsService     : Calculate distance between -91.183815/30.412035 and 134.14855405058086/-37.277020834228864
2023-09-27T16:51:40.375+02:00 DEBUG 7856 --- [pool-2-thread-1] c.o.tourguide.service.RewardsService     : Checking if the user 72376f74-9fd9-4498-843b-8722e563398c already get close from Neyland Stadium
2023-09-27T16:51:40.375+02:00 DEBUG 7856 --- [pool-2-thread-1] c.o.tourguide.service.RewardsService     : Calculate distance between -83.925011/35.955013 and 134.14855405058086/-37.277020834228864
2023-09-27T16:51:40.375+02:00 DEBUG 7856 --- [pool-2-thread-1] c.o.tourguide.service.RewardsService     : Checking if the user 72376f74-9fd9-4498-843b-8722e563398c already get close from Kyle Field
2023-09-27T16:51:40.375+02:00 DEBUG 7856 --- [pool-2-thread-1] c.o.tourguide.service.RewardsService     : Calculate distance between -96.339844/30.61025 and 134.14855405058086/-37.277020834228864
2023-09-27T16:51:40.375+02:00 DEBUG 7856 --- [pool-2-thread-1] c.o.tourguide.service.RewardsService     : Checking if the user 72376f74-9fd9-4498-843b-8722e563398c already get close from San Diego Zoo
2023-09-27T16:51:40.375+02:00 DEBUG 7856 --- [pool-2-thread-1] c.o.tourguide.service.RewardsService     : Calculate distance between -117.149048/32.735317 and 134.14855405058086/-37.277020834228864
2023-09-27T16:51:40.375+02:00 DEBUG 7856 --- [pool-2-thread-1] c.o.tourguide.service.RewardsService     : Checking if the user 72376f74-9fd9-4498-843b-8722e563398c already get close from Zoo Tampa at Lowry Park
2023-09-27T16:51:40.375+02:00 DEBUG 7856 --- [pool-2-thread-1] c.o.tourguide.service.RewardsService     : Calculate distance between -82.469269/28.012804 and 134.14855405058086/-37.277020834228864
2023-09-27T16:51:40.375+02:00 DEBUG 7856 --- [pool-2-thread-1] c.o.tourguide.service.RewardsService     : Checking if the user 72376f74-9fd9-4498-843b-8722e563398c already get close from Franklin Park Zoo
2023-09-27T16:51:40.375+02:00 DEBUG 7856 --- [pool-2-thread-1] c.o.tourguide.service.RewardsService     : Calculate distance between -71.086731/42.302601 and 134.14855405058086/-37.277020834228864
2023-09-27T16:51:40.375+02:00 DEBUG 7856 --- [pool-2-thread-1] c.o.tourguide.service.RewardsService     : Checking if the user 72376f74-9fd9-4498-843b-8722e563398c already get close from El Paso Zoo
2023-09-27T16:51:40.375+02:00 DEBUG 7856 --- [pool-2-thread-1] c.o.tourguide.service.RewardsService     : Calculate distance between -106.44487/31.769125 and 134.14855405058086/-37.277020834228864
2023-09-27T16:51:40.375+02:00 DEBUG 7856 --- [pool-2-thread-1] c.o.tourguide.service.RewardsService     : Checking if the user 72376f74-9fd9-4498-843b-8722e563398c already get close from Kansas City Zoo
2023-09-27T16:51:40.375+02:00 DEBUG 7856 --- [pool-2-thread-1] c.o.tourguide.service.RewardsService     : Calculate distance between -94.529625/39.007504 and 134.14855405058086/-37.277020834228864
2023-09-27T16:51:40.375+02:00 DEBUG 7856 --- [pool-2-thread-1] c.o.tourguide.service.RewardsService     : Checking if the user 72376f74-9fd9-4498-843b-8722e563398c already get close from Bronx Zoo
2023-09-27T16:51:40.375+02:00 DEBUG 7856 --- [pool-2-thread-1] c.o.tourguide.service.RewardsService     : Calculate distance between -73.872971/40.852905 and 134.14855405058086/-37.277020834228864
2023-09-27T16:51:40.375+02:00 DEBUG 7856 --- [pool-2-thread-1] c.o.tourguide.service.RewardsService     : Checking if the user 72376f74-9fd9-4498-843b-8722e563398c already get close from Cinderella Castle
2023-09-27T16:51:40.375+02:00 DEBUG 7856 --- [pool-2-thread-1] c.o.tourguide.service.RewardsService     : Calculate distance between -81.5812/28.419411 and 134.14855405058086/-37.277020834228864
2023-09-27T16:51:40.375+02:00 DEBUG 7856 --- [pool-2-thread-1] c.o.tourguide.service.RewardsService     : Checking if the user 72376f74-9fd9-4498-843b-8722e563398c already get close from Disneyland
2023-09-27T16:51:40.375+02:00 DEBUG 7856 --- [pool-2-thread-1] c.o.tourguide.service.RewardsService     : Calculate distance between -117.922008/33.817595 and -56.46380106822136/81.65545030882174
2023-09-27T16:51:40.375+02:00 DEBUG 7856 --- [pool-2-thread-1] c.o.tourguide.service.RewardsService     : Checking if the user 72376f74-9fd9-4498-843b-8722e563398c already get close from Jackson Hole
2023-09-27T16:51:40.375+02:00 DEBUG 7856 --- [pool-2-thread-1] c.o.tourguide.service.RewardsService     : Calculate distance between -110.821999/43.582767 and -56.46380106822136/81.65545030882174
2023-09-27T16:51:40.375+02:00 DEBUG 7856 --- [pool-2-thread-1] c.o.tourguide.service.RewardsService     : Checking if the user 72376f74-9fd9-4498-843b-8722e563398c already get close from Mojave National Preserve
2023-09-27T16:51:40.375+02:00 DEBUG 7856 --- [pool-2-thread-1] c.o.tourguide.service.RewardsService     : Calculate distance between -115.510399/35.141689 and -56.46380106822136/81.65545030882174
2023-09-27T16:51:40.375+02:00 DEBUG 7856 --- [pool-2-thread-1] c.o.tourguide.service.RewardsService     : Checking if the user 72376f74-9fd9-4498-843b-8722e563398c already get close from Joshua Tree National Park
2023-09-27T16:51:40.375+02:00 DEBUG 7856 --- [pool-2-thread-1] c.o.tourguide.service.RewardsService     : Calculate distance between -115.90065/33.881866 and -56.46380106822136/81.65545030882174
2023-09-27T16:51:40.375+02:00 DEBUG 7856 --- [pool-2-thread-1] c.o.tourguide.service.RewardsService     : Checking if the user 72376f74-9fd9-4498-843b-8722e563398c already get close from Buffalo National River
2023-09-27T16:51:40.375+02:00 DEBUG 7856 --- [pool-2-thread-1] c.o.tourguide.service.RewardsService     : Calculate distance between -92.757652/35.985512 and -56.46380106822136/81.65545030882174
2023-09-27T16:51:40.375+02:00 DEBUG 7856 --- [pool-2-thread-1] c.o.tourguide.service.RewardsService     : Checking if the user 72376f74-9fd9-4498-843b-8722e563398c already get close from Hot Springs National Park
2023-09-27T16:51:40.375+02:00 DEBUG 7856 --- [pool-2-thread-1] c.o.tourguide.service.RewardsService     : Calculate distance between -93.042267/34.52153 and -56.46380106822136/81.65545030882174
2023-09-27T16:51:40.375+02:00 DEBUG 7856 --- [pool-2-thread-1] c.o.tourguide.service.RewardsService     : Checking if the user 72376f74-9fd9-4498-843b-8722e563398c already get close from Kartchner Caverns State Park
2023-09-27T16:51:40.375+02:00 DEBUG 7856 --- [pool-2-thread-1] c.o.tourguide.service.RewardsService     : Calculate distance between -110.347382/31.837551 and -56.46380106822136/81.65545030882174
2023-09-27T16:51:40.375+02:00 DEBUG 7856 --- [pool-2-thread-1] c.o.tourguide.service.RewardsService     : Checking if the user 72376f74-9fd9-4498-843b-8722e563398c already get close from Legend Valley
2023-09-27T16:51:40.375+02:00 DEBUG 7856 --- [pool-2-thread-1] c.o.tourguide.service.RewardsService     : Calculate distance between -82.40667/39.937778 and -56.46380106822136/81.65545030882174
2023-09-27T16:51:40.375+02:00 DEBUG 7856 --- [pool-2-thread-1] c.o.tourguide.service.RewardsService     : Checking if the user 72376f74-9fd9-4498-843b-8722e563398c already get close from Flowers Bakery of London
2023-09-27T16:51:40.375+02:00 DEBUG 7856 --- [pool-2-thread-1] c.o.tourguide.service.RewardsService     : Calculate distance between -84.07486/37.131527 and -56.46380106822136/81.65545030882174
2023-09-27T16:51:40.375+02:00 DEBUG 7856 --- [pool-2-thread-1] c.o.tourguide.service.RewardsService     : Checking if the user 72376f74-9fd9-4498-843b-8722e563398c already get close from McKinley Tower
2023-09-27T16:51:40.375+02:00 DEBUG 7856 --- [pool-2-thread-1] c.o.tourguide.service.RewardsService     : Calculate distance between -149.877502/61.218887 and -56.46380106822136/81.65545030882174
2023-09-27T16:51:40.375+02:00 DEBUG 7856 --- [pool-2-thread-1] c.o.tourguide.service.RewardsService     : Checking if the user 72376f74-9fd9-4498-843b-8722e563398c already get close from Flatiron Building
2023-09-27T16:51:40.375+02:00 DEBUG 7856 --- [pool-2-thread-1] c.o.tourguide.service.RewardsService     : Calculate distance between -73.989723/40.741112 and -56.46380106822136/81.65545030882174
2023-09-27T16:51:40.375+02:00 DEBUG 7856 --- [pool-2-thread-1] c.o.tourguide.service.RewardsService     : Checking if the user 72376f74-9fd9-4498-843b-8722e563398c already get close from Fallingwater
2023-09-27T16:51:40.375+02:00 DEBUG 7856 --- [pool-2-thread-1] c.o.tourguide.service.RewardsService     : Calculate distance between -79.468056/39.906113 and -56.46380106822136/81.65545030882174
2023-09-27T16:51:40.375+02:00 DEBUG 7856 --- [pool-2-thread-1] c.o.tourguide.service.RewardsService     : Checking if the user 72376f74-9fd9-4498-843b-8722e563398c already get close from Union Station
2023-09-27T16:51:40.375+02:00 DEBUG 7856 --- [pool-2-thread-1] c.o.tourguide.service.RewardsService     : Calculate distance between -77.006332/38.897095 and -56.46380106822136/81.65545030882174
2023-09-27T16:51:40.375+02:00 DEBUG 7856 --- [pool-2-thread-1] c.o.tourguide.service.RewardsService     : Checking if the user 72376f74-9fd9-4498-843b-8722e563398c already get close from Roger Dean Stadium
2023-09-27T16:51:40.375+02:00 DEBUG 7856 --- [pool-2-thread-1] c.o.tourguide.service.RewardsService     : Calculate distance between -80.116577/26.890959 and -56.46380106822136/81.65545030882174
2023-09-27T16:51:40.375+02:00 DEBUG 7856 --- [pool-2-thread-1] c.o.tourguide.service.RewardsService     : Checking if the user 72376f74-9fd9-4498-843b-8722e563398c already get close from Texas Memorial Stadium
2023-09-27T16:51:40.375+02:00 DEBUG 7856 --- [pool-2-thread-1] c.o.tourguide.service.RewardsService     : Calculate distance between -97.732536/30.283682 and -56.46380106822136/81.65545030882174
2023-09-27T16:51:40.375+02:00 DEBUG 7856 --- [pool-2-thread-1] c.o.tourguide.service.RewardsService     : Checking if the user 72376f74-9fd9-4498-843b-8722e563398c already get close from Bryant-Denny Stadium
2023-09-27T16:51:40.375+02:00 DEBUG 7856 --- [pool-2-thread-1] c.o.tourguide.service.RewardsService     : Calculate distance between -87.550438/33.208973 and -56.46380106822136/81.65545030882174
2023-09-27T16:51:40.375+02:00 DEBUG 7856 --- [pool-2-thread-1] c.o.tourguide.service.RewardsService     : Checking if the user 72376f74-9fd9-4498-843b-8722e563398c already get close from Tiger Stadium
2023-09-27T16:51:40.375+02:00 DEBUG 7856 --- [pool-2-thread-1] c.o.tourguide.service.RewardsService     : Calculate distance between -91.183815/30.412035 and -56.46380106822136/81.65545030882174
2023-09-27T16:51:40.375+02:00 DEBUG 7856 --- [pool-2-thread-1] c.o.tourguide.service.RewardsService     : Checking if the user 72376f74-9fd9-4498-843b-8722e563398c already get close from Neyland Stadium
2023-09-27T16:51:40.375+02:00 DEBUG 7856 --- [pool-2-thread-1] c.o.tourguide.service.RewardsService     : Calculate distance between -83.925011/35.955013 and -56.46380106822136/81.65545030882174
2023-09-27T16:51:40.375+02:00 DEBUG 7856 --- [pool-2-thread-1] c.o.tourguide.service.RewardsService     : Checking if the user 72376f74-9fd9-4498-843b-8722e563398c already get close from Kyle Field
2023-09-27T16:51:40.375+02:00 DEBUG 7856 --- [pool-2-thread-1] c.o.tourguide.service.RewardsService     : Calculate distance between -96.339844/30.61025 and -56.46380106822136/81.65545030882174
2023-09-27T16:51:40.375+02:00 DEBUG 7856 --- [pool-2-thread-1] c.o.tourguide.service.RewardsService     : Checking if the user 72376f74-9fd9-4498-843b-8722e563398c already get close from San Diego Zoo
2023-09-27T16:51:40.375+02:00 DEBUG 7856 --- [pool-2-thread-1] c.o.tourguide.service.RewardsService     : Calculate distance between -117.149048/32.735317 and -56.46380106822136/81.65545030882174
2023-09-27T16:51:40.375+02:00 DEBUG 7856 --- [pool-2-thread-1] c.o.tourguide.service.RewardsService     : Checking if the user 72376f74-9fd9-4498-843b-8722e563398c already get close from Zoo Tampa at Lowry Park
2023-09-27T16:51:40.375+02:00 DEBUG 7856 --- [pool-2-thread-1] c.o.tourguide.service.RewardsService     : Calculate distance between -82.469269/28.012804 and -56.46380106822136/81.65545030882174
2023-09-27T16:51:40.375+02:00 DEBUG 7856 --- [pool-2-thread-1] c.o.tourguide.service.RewardsService     : Checking if the user 72376f74-9fd9-4498-843b-8722e563398c already get close from Franklin Park Zoo
2023-09-27T16:51:40.375+02:00 DEBUG 7856 --- [pool-2-thread-1] c.o.tourguide.service.RewardsService     : Calculate distance between -71.086731/42.302601 and -56.46380106822136/81.65545030882174
2023-09-27T16:51:40.375+02:00 DEBUG 7856 --- [pool-2-thread-1] c.o.tourguide.service.RewardsService     : Checking if the user 72376f74-9fd9-4498-843b-8722e563398c already get close from El Paso Zoo
2023-09-27T16:51:40.375+02:00 DEBUG 7856 --- [pool-2-thread-1] c.o.tourguide.service.RewardsService     : Calculate distance between -106.44487/31.769125 and -56.46380106822136/81.65545030882174
2023-09-27T16:51:40.375+02:00 DEBUG 7856 --- [pool-2-thread-1] c.o.tourguide.service.RewardsService     : Checking if the user 72376f74-9fd9-4498-843b-8722e563398c already get close from Kansas City Zoo
2023-09-27T16:51:40.375+02:00 DEBUG 7856 --- [pool-2-thread-1] c.o.tourguide.service.RewardsService     : Calculate distance between -94.529625/39.007504 and -56.46380106822136/81.65545030882174
2023-09-27T16:51:40.375+02:00 DEBUG 7856 --- [pool-2-thread-1] c.o.tourguide.service.RewardsService     : Checking if the user 72376f74-9fd9-4498-843b-8722e563398c already get close from Bronx Zoo
2023-09-27T16:51:40.375+02:00 DEBUG 7856 --- [pool-2-thread-1] c.o.tourguide.service.RewardsService     : Calculate distance between -73.872971/40.852905 and -56.46380106822136/81.65545030882174
2023-09-27T16:51:40.375+02:00 DEBUG 7856 --- [pool-2-thread-1] c.o.tourguide.service.RewardsService     : Checking if the user 72376f74-9fd9-4498-843b-8722e563398c already get close from Cinderella Castle
2023-09-27T16:51:40.375+02:00 DEBUG 7856 --- [pool-2-thread-1] c.o.tourguide.service.RewardsService     : Calculate distance between -81.5812/28.419411 and -56.46380106822136/81.65545030882174
2023-09-27T16:51:40.377+02:00 DEBUG 7856 --- [pool-2-thread-1] c.o.tourguide.service.RewardsService     : Checking if the user 72376f74-9fd9-4498-843b-8722e563398c already get close from Disneyland
2023-09-27T16:51:40.377+02:00 DEBUG 7856 --- [pool-2-thread-1] c.o.tourguide.service.RewardsService     : Calculate distance between -117.922008/33.817595 and -61.511028/-20.928723
2023-09-27T16:51:40.377+02:00 DEBUG 7856 --- [pool-2-thread-1] c.o.tourguide.service.RewardsService     : Checking if the user 72376f74-9fd9-4498-843b-8722e563398c already get close from Jackson Hole
2023-09-27T16:51:40.377+02:00 DEBUG 7856 --- [pool-2-thread-1] c.o.tourguide.service.RewardsService     : Calculate distance between -110.821999/43.582767 and -61.511028/-20.928723
2023-09-27T16:51:40.377+02:00 DEBUG 7856 --- [pool-2-thread-1] c.o.tourguide.service.RewardsService     : Checking if the user 72376f74-9fd9-4498-843b-8722e563398c already get close from Mojave National Preserve
2023-09-27T16:51:40.377+02:00 DEBUG 7856 --- [pool-2-thread-1] c.o.tourguide.service.RewardsService     : Calculate distance between -115.510399/35.141689 and -61.511028/-20.928723
2023-09-27T16:51:40.377+02:00 DEBUG 7856 --- [pool-2-thread-1] c.o.tourguide.service.RewardsService     : Checking if the user 72376f74-9fd9-4498-843b-8722e563398c already get close from Joshua Tree National Park
2023-09-27T16:51:40.377+02:00 DEBUG 7856 --- [pool-2-thread-1] c.o.tourguide.service.RewardsService     : Calculate distance between -115.90065/33.881866 and -61.511028/-20.928723
2023-09-27T16:51:40.377+02:00 DEBUG 7856 --- [pool-2-thread-1] c.o.tourguide.service.RewardsService     : Checking if the user 72376f74-9fd9-4498-843b-8722e563398c already get close from Buffalo National River
2023-09-27T16:51:40.377+02:00 DEBUG 7856 --- [pool-2-thread-1] c.o.tourguide.service.RewardsService     : Calculate distance between -92.757652/35.985512 and -61.511028/-20.928723
2023-09-27T16:51:40.377+02:00 DEBUG 7856 --- [pool-2-thread-1] c.o.tourguide.service.RewardsService     : Checking if the user 72376f74-9fd9-4498-843b-8722e563398c already get close from Hot Springs National Park
2023-09-27T16:51:40.377+02:00 DEBUG 7856 --- [pool-2-thread-1] c.o.tourguide.service.RewardsService     : Calculate distance between -93.042267/34.52153 and -61.511028/-20.928723
2023-09-27T16:51:40.377+02:00 DEBUG 7856 --- [pool-2-thread-1] c.o.tourguide.service.RewardsService     : Checking if the user 72376f74-9fd9-4498-843b-8722e563398c already get close from Kartchner Caverns State Park
2023-09-27T16:51:40.377+02:00 DEBUG 7856 --- [pool-2-thread-1] c.o.tourguide.service.RewardsService     : Calculate distance between -110.347382/31.837551 and -61.511028/-20.928723
2023-09-27T16:51:40.377+02:00 DEBUG 7856 --- [pool-2-thread-1] c.o.tourguide.service.RewardsService     : Checking if the user 72376f74-9fd9-4498-843b-8722e563398c already get close from Legend Valley
2023-09-27T16:51:40.377+02:00 DEBUG 7856 --- [pool-2-thread-1] c.o.tourguide.service.RewardsService     : Calculate distance between -82.40667/39.937778 and -61.511028/-20.928723
2023-09-27T16:51:40.377+02:00 DEBUG 7856 --- [pool-2-thread-1] c.o.tourguide.service.RewardsService     : Checking if the user 72376f74-9fd9-4498-843b-8722e563398c already get close from Flowers Bakery of London
2023-09-27T16:51:40.377+02:00 DEBUG 7856 --- [pool-2-thread-1] c.o.tourguide.service.RewardsService     : Calculate distance between -84.07486/37.131527 and -61.511028/-20.928723
2023-09-27T16:51:40.377+02:00 DEBUG 7856 --- [pool-2-thread-1] c.o.tourguide.service.RewardsService     : Checking if the user 72376f74-9fd9-4498-843b-8722e563398c already get close from McKinley Tower
2023-09-27T16:51:40.377+02:00 DEBUG 7856 --- [pool-2-thread-1] c.o.tourguide.service.RewardsService     : Calculate distance between -149.877502/61.218887 and -61.511028/-20.928723
2023-09-27T16:51:40.377+02:00 DEBUG 7856 --- [pool-2-thread-1] c.o.tourguide.service.RewardsService     : Checking if the user 72376f74-9fd9-4498-843b-8722e563398c already get close from Flatiron Building
2023-09-27T16:51:40.377+02:00 DEBUG 7856 --- [pool-2-thread-1] c.o.tourguide.service.RewardsService     : Calculate distance between -73.989723/40.741112 and -61.511028/-20.928723
2023-09-27T16:51:40.377+02:00 DEBUG 7856 --- [pool-2-thread-1] c.o.tourguide.service.RewardsService     : Checking if the user 72376f74-9fd9-4498-843b-8722e563398c already get close from Fallingwater
2023-09-27T16:51:40.377+02:00 DEBUG 7856 --- [pool-2-thread-1] c.o.tourguide.service.RewardsService     : Calculate distance between -79.468056/39.906113 and -61.511028/-20.928723
2023-09-27T16:51:40.377+02:00 DEBUG 7856 --- [pool-2-thread-1] c.o.tourguide.service.RewardsService     : Checking if the user 72376f74-9fd9-4498-843b-8722e563398c already get close from Union Station
2023-09-27T16:51:40.377+02:00 DEBUG 7856 --- [pool-2-thread-1] c.o.tourguide.service.RewardsService     : Calculate distance between -77.006332/38.897095 and -61.511028/-20.928723
2023-09-27T16:51:40.377+02:00 DEBUG 7856 --- [pool-2-thread-1] c.o.tourguide.service.RewardsService     : Checking if the user 72376f74-9fd9-4498-843b-8722e563398c already get close from Roger Dean Stadium
2023-09-27T16:51:40.377+02:00 DEBUG 7856 --- [pool-2-thread-1] c.o.tourguide.service.RewardsService     : Calculate distance between -80.116577/26.890959 and -61.511028/-20.928723
2023-09-27T16:51:40.377+02:00 DEBUG 7856 --- [pool-2-thread-1] c.o.tourguide.service.RewardsService     : Checking if the user 72376f74-9fd9-4498-843b-8722e563398c already get close from Texas Memorial Stadium
2023-09-27T16:51:40.377+02:00 DEBUG 7856 --- [pool-2-thread-1] c.o.tourguide.service.RewardsService     : Calculate distance between -97.732536/30.283682 and -61.511028/-20.928723
2023-09-27T16:51:40.377+02:00 DEBUG 7856 --- [pool-2-thread-1] c.o.tourguide.service.RewardsService     : Checking if the user 72376f74-9fd9-4498-843b-8722e563398c already get close from Bryant-Denny Stadium
2023-09-27T16:51:40.377+02:00 DEBUG 7856 --- [pool-2-thread-1] c.o.tourguide.service.RewardsService     : Calculate distance between -87.550438/33.208973 and -61.511028/-20.928723
2023-09-27T16:51:40.377+02:00 DEBUG 7856 --- [pool-2-thread-1] c.o.tourguide.service.RewardsService     : Checking if the user 72376f74-9fd9-4498-843b-8722e563398c already get close from Tiger Stadium
2023-09-27T16:51:40.377+02:00 DEBUG 7856 --- [pool-2-thread-1] c.o.tourguide.service.RewardsService     : Calculate distance between -91.183815/30.412035 and -61.511028/-20.928723
2023-09-27T16:51:40.377+02:00 DEBUG 7856 --- [pool-2-thread-1] c.o.tourguide.service.RewardsService     : Checking if the user 72376f74-9fd9-4498-843b-8722e563398c already get close from Neyland Stadium
2023-09-27T16:51:40.377+02:00 DEBUG 7856 --- [pool-2-thread-1] c.o.tourguide.service.RewardsService     : Calculate distance between -83.925011/35.955013 and -61.511028/-20.928723
2023-09-27T16:51:40.377+02:00 DEBUG 7856 --- [pool-2-thread-1] c.o.tourguide.service.RewardsService     : Checking if the user 72376f74-9fd9-4498-843b-8722e563398c already get close from Kyle Field
2023-09-27T16:51:40.377+02:00 DEBUG 7856 --- [pool-2-thread-1] c.o.tourguide.service.RewardsService     : Calculate distance between -96.339844/30.61025 and -61.511028/-20.928723
2023-09-27T16:51:40.377+02:00 DEBUG 7856 --- [pool-2-thread-1] c.o.tourguide.service.RewardsService     : Checking if the user 72376f74-9fd9-4498-843b-8722e563398c already get close from San Diego Zoo
2023-09-27T16:51:40.377+02:00 DEBUG 7856 --- [pool-2-thread-1] c.o.tourguide.service.RewardsService     : Calculate distance between -117.149048/32.735317 and -61.511028/-20.928723
2023-09-27T16:51:40.377+02:00 DEBUG 7856 --- [pool-2-thread-1] c.o.tourguide.service.RewardsService     : Checking if the user 72376f74-9fd9-4498-843b-8722e563398c already get close from Zoo Tampa at Lowry Park
2023-09-27T16:51:40.377+02:00 DEBUG 7856 --- [pool-2-thread-1] c.o.tourguide.service.RewardsService     : Calculate distance between -82.469269/28.012804 and -61.511028/-20.928723
2023-09-27T16:51:40.377+02:00 DEBUG 7856 --- [pool-2-thread-1] c.o.tourguide.service.RewardsService     : Checking if the user 72376f74-9fd9-4498-843b-8722e563398c already get close from Franklin Park Zoo
2023-09-27T16:51:40.377+02:00 DEBUG 7856 --- [pool-2-thread-1] c.o.tourguide.service.RewardsService     : Calculate distance between -71.086731/42.302601 and -61.511028/-20.928723
2023-09-27T16:51:40.377+02:00 DEBUG 7856 --- [pool-2-thread-1] c.o.tourguide.service.RewardsService     : Checking if the user 72376f74-9fd9-4498-843b-8722e563398c already get close from El Paso Zoo
2023-09-27T16:51:40.377+02:00 DEBUG 7856 --- [pool-2-thread-1] c.o.tourguide.service.RewardsService     : Calculate distance between -106.44487/31.769125 and -61.511028/-20.928723
2023-09-27T16:51:40.377+02:00 DEBUG 7856 --- [pool-2-thread-1] c.o.tourguide.service.RewardsService     : Checking if the user 72376f74-9fd9-4498-843b-8722e563398c already get close from Kansas City Zoo
2023-09-27T16:51:40.377+02:00 DEBUG 7856 --- [pool-2-thread-1] c.o.tourguide.service.RewardsService     : Calculate distance between -94.529625/39.007504 and -61.511028/-20.928723
2023-09-27T16:51:40.377+02:00 DEBUG 7856 --- [pool-2-thread-1] c.o.tourguide.service.RewardsService     : Checking if the user 72376f74-9fd9-4498-843b-8722e563398c already get close from Bronx Zoo
2023-09-27T16:51:40.377+02:00 DEBUG 7856 --- [pool-2-thread-1] c.o.tourguide.service.RewardsService     : Calculate distance between -73.872971/40.852905 and -61.511028/-20.928723
2023-09-27T16:51:40.377+02:00 DEBUG 7856 --- [pool-2-thread-1] c.o.tourguide.service.RewardsService     : Checking if the user 72376f74-9fd9-4498-843b-8722e563398c already get close from Cinderella Castle
2023-09-27T16:51:40.377+02:00 DEBUG 7856 --- [pool-2-thread-1] c.o.tourguide.service.RewardsService     : Calculate distance between -81.5812/28.419411 and -61.511028/-20.928723
2023-09-27T16:51:40.377+02:00 DEBUG 7856 --- [pool-2-thread-1] c.o.tourguide.service.RewardsService     : Checking if the user 72376f74-9fd9-4498-843b-8722e563398c already get close from Disneyland
2023-09-27T16:51:40.377+02:00 DEBUG 7856 --- [pool-2-thread-1] c.o.tourguide.service.RewardsService     : Calculate distance between -117.922008/33.817595 and -64.856473/27.256465
2023-09-27T16:51:40.377+02:00 DEBUG 7856 --- [pool-2-thread-1] c.o.tourguide.service.RewardsService     : Checking if the user 72376f74-9fd9-4498-843b-8722e563398c already get close from Jackson Hole
2023-09-27T16:51:40.377+02:00 DEBUG 7856 --- [pool-2-thread-1] c.o.tourguide.service.RewardsService     : Calculate distance between -110.821999/43.582767 and -64.856473/27.256465
2023-09-27T16:51:40.377+02:00 DEBUG 7856 --- [pool-2-thread-1] c.o.tourguide.service.RewardsService     : Checking if the user 72376f74-9fd9-4498-843b-8722e563398c already get close from Mojave National Preserve
2023-09-27T16:51:40.377+02:00 DEBUG 7856 --- [pool-2-thread-1] c.o.tourguide.service.RewardsService     : Calculate distance between -115.510399/35.141689 and -64.856473/27.256465
2023-09-27T16:51:40.377+02:00 DEBUG 7856 --- [pool-2-thread-1] c.o.tourguide.service.RewardsService     : Checking if the user 72376f74-9fd9-4498-843b-8722e563398c already get close from Joshua Tree National Park
2023-09-27T16:51:40.377+02:00 DEBUG 7856 --- [pool-2-thread-1] c.o.tourguide.service.RewardsService     : Calculate distance between -115.90065/33.881866 and -64.856473/27.256465
2023-09-27T16:51:40.377+02:00 DEBUG 7856 --- [pool-2-thread-1] c.o.tourguide.service.RewardsService     : Checking if the user 72376f74-9fd9-4498-843b-8722e563398c already get close from Buffalo National River
2023-09-27T16:51:40.377+02:00 DEBUG 7856 --- [pool-2-thread-1] c.o.tourguide.service.RewardsService     : Calculate distance between -92.757652/35.985512 and -64.856473/27.256465
2023-09-27T16:51:40.377+02:00 DEBUG 7856 --- [pool-2-thread-1] c.o.tourguide.service.RewardsService     : Checking if the user 72376f74-9fd9-4498-843b-8722e563398c already get close from Hot Springs National Park
2023-09-27T16:51:40.377+02:00 DEBUG 7856 --- [pool-2-thread-1] c.o.tourguide.service.RewardsService     : Calculate distance between -93.042267/34.52153 and -64.856473/27.256465
2023-09-27T16:51:40.377+02:00 DEBUG 7856 --- [pool-2-thread-1] c.o.tourguide.service.RewardsService     : Checking if the user 72376f74-9fd9-4498-843b-8722e563398c already get close from Kartchner Caverns State Park
2023-09-27T16:51:40.377+02:00 DEBUG 7856 --- [pool-2-thread-1] c.o.tourguide.service.RewardsService     : Calculate distance between -110.347382/31.837551 and -64.856473/27.256465
2023-09-27T16:51:40.377+02:00 DEBUG 7856 --- [pool-2-thread-1] c.o.tourguide.service.RewardsService     : Checking if the user 72376f74-9fd9-4498-843b-8722e563398c already get close from Legend Valley
2023-09-27T16:51:40.377+02:00 DEBUG 7856 --- [pool-2-thread-1] c.o.tourguide.service.RewardsService     : Calculate distance between -82.40667/39.937778 and -64.856473/27.256465
2023-09-27T16:51:40.377+02:00 DEBUG 7856 --- [pool-2-thread-1] c.o.tourguide.service.RewardsService     : Checking if the user 72376f74-9fd9-4498-843b-8722e563398c already get close from Flowers Bakery of London
2023-09-27T16:51:40.377+02:00 DEBUG 7856 --- [pool-2-thread-1] c.o.tourguide.service.RewardsService     : Calculate distance between -84.07486/37.131527 and -64.856473/27.256465
2023-09-27T16:51:40.377+02:00 DEBUG 7856 --- [pool-2-thread-1] c.o.tourguide.service.RewardsService     : Checking if the user 72376f74-9fd9-4498-843b-8722e563398c already get close from McKinley Tower
2023-09-27T16:51:40.377+02:00 DEBUG 7856 --- [pool-2-thread-1] c.o.tourguide.service.RewardsService     : Calculate distance between -149.877502/61.218887 and -64.856473/27.256465
2023-09-27T16:51:40.377+02:00 DEBUG 7856 --- [pool-2-thread-1] c.o.tourguide.service.RewardsService     : Checking if the user 72376f74-9fd9-4498-843b-8722e563398c already get close from Flatiron Building
2023-09-27T16:51:40.377+02:00 DEBUG 7856 --- [pool-2-thread-1] c.o.tourguide.service.RewardsService     : Calculate distance between -73.989723/40.741112 and -64.856473/27.256465
2023-09-27T16:51:40.377+02:00 DEBUG 7856 --- [pool-2-thread-1] c.o.tourguide.service.RewardsService     : Checking if the user 72376f74-9fd9-4498-843b-8722e563398c already get close from Fallingwater
2023-09-27T16:51:40.377+02:00 DEBUG 7856 --- [pool-2-thread-1] c.o.tourguide.service.RewardsService     : Calculate distance between -79.468056/39.906113 and -64.856473/27.256465
2023-09-27T16:51:40.377+02:00 DEBUG 7856 --- [pool-2-thread-1] c.o.tourguide.service.RewardsService     : Checking if the user 72376f74-9fd9-4498-843b-8722e563398c already get close from Union Station
2023-09-27T16:51:40.377+02:00 DEBUG 7856 --- [pool-2-thread-1] c.o.tourguide.service.RewardsService     : Calculate distance between -77.006332/38.897095 and -64.856473/27.256465
2023-09-27T16:51:40.377+02:00 DEBUG 7856 --- [pool-2-thread-1] c.o.tourguide.service.RewardsService     : Checking if the user 72376f74-9fd9-4498-843b-8722e563398c already get close from Roger Dean Stadium
2023-09-27T16:51:40.377+02:00 DEBUG 7856 --- [pool-2-thread-1] c.o.tourguide.service.RewardsService     : Calculate distance between -80.116577/26.890959 and -64.856473/27.256465
2023-09-27T16:51:40.377+02:00 DEBUG 7856 --- [pool-2-thread-1] c.o.tourguide.service.RewardsService     : Checking if the user 72376f74-9fd9-4498-843b-8722e563398c already get close from Texas Memorial Stadium
2023-09-27T16:51:40.377+02:00 DEBUG 7856 --- [pool-2-thread-1] c.o.tourguide.service.RewardsService     : Calculate distance between -97.732536/30.283682 and -64.856473/27.256465
2023-09-27T16:51:40.377+02:00 DEBUG 7856 --- [pool-2-thread-1] c.o.tourguide.service.RewardsService     : Checking if the user 72376f74-9fd9-4498-843b-8722e563398c already get close from Bryant-Denny Stadium
2023-09-27T16:51:40.377+02:00 DEBUG 7856 --- [pool-2-thread-1] c.o.tourguide.service.RewardsService     : Calculate distance between -87.550438/33.208973 and -64.856473/27.256465
2023-09-27T16:51:40.377+02:00 DEBUG 7856 --- [pool-2-thread-1] c.o.tourguide.service.RewardsService     : Checking if the user 72376f74-9fd9-4498-843b-8722e563398c already get close from Tiger Stadium
2023-09-27T16:51:40.377+02:00 DEBUG 7856 --- [pool-2-thread-1] c.o.tourguide.service.RewardsService     : Calculate distance between -91.183815/30.412035 and -64.856473/27.256465
2023-09-27T16:51:40.377+02:00 DEBUG 7856 --- [pool-2-thread-1] c.o.tourguide.service.RewardsService     : Checking if the user 72376f74-9fd9-4498-843b-8722e563398c already get close from Neyland Stadium
2023-09-27T16:51:40.378+02:00 DEBUG 7856 --- [pool-2-thread-1] c.o.tourguide.service.RewardsService     : Calculate distance between -83.925011/35.955013 and -64.856473/27.256465
2023-09-27T16:51:40.378+02:00 DEBUG 7856 --- [pool-2-thread-1] c.o.tourguide.service.RewardsService     : Checking if the user 72376f74-9fd9-4498-843b-8722e563398c already get close from Kyle Field
2023-09-27T16:51:40.378+02:00 DEBUG 7856 --- [pool-2-thread-1] c.o.tourguide.service.RewardsService     : Calculate distance between -96.339844/30.61025 and -64.856473/27.256465
2023-09-27T16:51:40.378+02:00 DEBUG 7856 --- [pool-2-thread-1] c.o.tourguide.service.RewardsService     : Checking if the user 72376f74-9fd9-4498-843b-8722e563398c already get close from San Diego Zoo
2023-09-27T16:51:40.378+02:00 DEBUG 7856 --- [pool-2-thread-1] c.o.tourguide.service.RewardsService     : Calculate distance between -117.149048/32.735317 and -64.856473/27.256465
2023-09-27T16:51:40.378+02:00 DEBUG 7856 --- [pool-2-thread-1] c.o.tourguide.service.RewardsService     : Checking if the user 72376f74-9fd9-4498-843b-8722e563398c already get close from Zoo Tampa at Lowry Park
2023-09-27T16:51:40.378+02:00 DEBUG 7856 --- [pool-2-thread-1] c.o.tourguide.service.RewardsService     : Calculate distance between -82.469269/28.012804 and -64.856473/27.256465
2023-09-27T16:51:40.378+02:00 DEBUG 7856 --- [pool-2-thread-1] c.o.tourguide.service.RewardsService     : Checking if the user 72376f74-9fd9-4498-843b-8722e563398c already get close from Franklin Park Zoo
2023-09-27T16:51:40.378+02:00 DEBUG 7856 --- [pool-2-thread-1] c.o.tourguide.service.RewardsService     : Calculate distance between -71.086731/42.302601 and -64.856473/27.256465
2023-09-27T16:51:40.378+02:00 DEBUG 7856 --- [pool-2-thread-1] c.o.tourguide.service.RewardsService     : Checking if the user 72376f74-9fd9-4498-843b-8722e563398c already get close from El Paso Zoo
2023-09-27T16:51:40.378+02:00 DEBUG 7856 --- [pool-2-thread-1] c.o.tourguide.service.RewardsService     : Calculate distance between -106.44487/31.769125 and -64.856473/27.256465
2023-09-27T16:51:40.378+02:00 DEBUG 7856 --- [pool-2-thread-1] c.o.tourguide.service.RewardsService     : Checking if the user 72376f74-9fd9-4498-843b-8722e563398c already get close from Kansas City Zoo
2023-09-27T16:51:40.378+02:00 DEBUG 7856 --- [pool-2-thread-1] c.o.tourguide.service.RewardsService     : Calculate distance between -94.529625/39.007504 and -64.856473/27.256465
2023-09-27T16:51:40.378+02:00 DEBUG 7856 --- [pool-2-thread-1] c.o.tourguide.service.RewardsService     : Checking if the user 72376f74-9fd9-4498-843b-8722e563398c already get close from Bronx Zoo
2023-09-27T16:51:40.378+02:00 DEBUG 7856 --- [pool-2-thread-1] c.o.tourguide.service.RewardsService     : Calculate distance between -73.872971/40.852905 and -64.856473/27.256465
2023-09-27T16:51:40.378+02:00 DEBUG 7856 --- [pool-2-thread-1] c.o.tourguide.service.RewardsService     : Checking if the user 72376f74-9fd9-4498-843b-8722e563398c already get close from Cinderella Castle
2023-09-27T16:51:40.378+02:00 DEBUG 7856 --- [pool-2-thread-1] c.o.tourguide.service.RewardsService     : Calculate distance between -81.5812/28.419411 and -64.856473/27.256465
2023-09-27T16:51:40.378+02:00 DEBUG 7856 --- [pool-2-thread-1] c.o.tourguide.service.RewardsService     : Trying to add 0 rewards
2023-09-27T16:51:40.419+02:00  INFO 7856 --- [pool-2-thread-1] c.o.tourguide.service.TourGuideService   : Adding the current location to the user internalUser5152
2023-09-27T16:51:40.419+02:00 DEBUG 7856 --- [pool-2-thread-1] c.o.tourguide.service.RewardsService     : calculate reward for internalUser5152 on his 5 known locations
2023-09-27T16:51:40.429+02:00 DEBUG 7856 --- [pool-2-thread-1] c.o.tourguide.service.RewardsService     : Checking if the user c44598de-b9c6-4354-9509-20433863ca3f already get close from Disneyland
2023-09-27T16:51:40.429+02:00 DEBUG 7856 --- [pool-2-thread-1] c.o.tourguide.service.RewardsService     : Calculate distance between -117.922008/33.817595 and 141.5156208520786/76.14143636104365
2023-09-27T16:51:40.429+02:00 DEBUG 7856 --- [pool-2-thread-1] c.o.tourguide.service.RewardsService     : Checking if the user c44598de-b9c6-4354-9509-20433863ca3f already get close from Jackson Hole
2023-09-27T16:51:40.429+02:00 DEBUG 7856 --- [pool-2-thread-1] c.o.tourguide.service.RewardsService     : Calculate distance between -110.821999/43.582767 and 141.5156208520786/76.14143636104365
2023-09-27T16:51:40.429+02:00 DEBUG 7856 --- [pool-2-thread-1] c.o.tourguide.service.RewardsService     : Checking if the user c44598de-b9c6-4354-9509-20433863ca3f already get close from Mojave National Preserve
2023-09-27T16:51:40.429+02:00 DEBUG 7856 --- [pool-2-thread-1] c.o.tourguide.service.RewardsService     : Calculate distance between -115.510399/35.141689 and 141.5156208520786/76.14143636104365
2023-09-27T16:51:40.429+02:00 DEBUG 7856 --- [pool-2-thread-1] c.o.tourguide.service.RewardsService     : Checking if the user c44598de-b9c6-4354-9509-20433863ca3f already get close from Joshua Tree National Park
2023-09-27T16:51:40.429+02:00 DEBUG 7856 --- [pool-2-thread-1] c.o.tourguide.service.RewardsService     : Calculate distance between -115.90065/33.881866 and 141.5156208520786/76.14143636104365
2023-09-27T16:51:40.429+02:00 DEBUG 7856 --- [pool-2-thread-1] c.o.tourguide.service.RewardsService     : Checking if the user c44598de-b9c6-4354-9509-20433863ca3f already get close from Buffalo National River
2023-09-27T16:51:40.429+02:00 DEBUG 7856 --- [pool-2-thread-1] c.o.tourguide.service.RewardsService     : Calculate distance between -92.757652/35.985512 and 141.5156208520786/76.14143636104365
2023-09-27T16:51:40.429+02:00 DEBUG 7856 --- [pool-2-thread-1] c.o.tourguide.service.RewardsService     : Checking if the user c44598de-b9c6-4354-9509-20433863ca3f already get close from Hot Springs National Park
2023-09-27T16:51:40.429+02:00 DEBUG 7856 --- [pool-2-thread-1] c.o.tourguide.service.RewardsService     : Calculate distance between -93.042267/34.52153 and 141.5156208520786/76.14143636104365
2023-09-27T16:51:40.429+02:00 DEBUG 7856 --- [pool-2-thread-1] c.o.tourguide.service.RewardsService     : Checking if the user c44598de-b9c6-4354-9509-20433863ca3f already get close from Kartchner Caverns State Park
2023-09-27T16:51:40.429+02:00 DEBUG 7856 --- [pool-2-thread-1] c.o.tourguide.service.RewardsService     : Calculate distance between -110.347382/31.837551 and 141.5156208520786/76.14143636104365
2023-09-27T16:51:40.429+02:00 DEBUG 7856 --- [pool-2-thread-1] c.o.tourguide.service.RewardsService     : Checking if the user c44598de-b9c6-4354-9509-20433863ca3f already get close from Legend Valley
2023-09-27T16:51:40.429+02:00 DEBUG 7856 --- [pool-2-thread-1] c.o.tourguide.service.RewardsService     : Calculate distance between -82.40667/39.937778 and 141.5156208520786/76.14143636104365
2023-09-27T16:51:40.429+02:00 DEBUG 7856 --- [pool-2-thread-1] c.o.tourguide.service.RewardsService     : Checking if the user c44598de-b9c6-4354-9509-20433863ca3f already get close from Flowers Bakery of London
2023-09-27T16:51:40.429+02:00 DEBUG 7856 --- [pool-2-thread-1] c.o.tourguide.service.RewardsService     : Calculate distance between -84.07486/37.131527 and 141.5156208520786/76.14143636104365
2023-09-27T16:51:40.429+02:00 DEBUG 7856 --- [pool-2-thread-1] c.o.tourguide.service.RewardsService     : Checking if the user c44598de-b9c6-4354-9509-20433863ca3f already get close from McKinley Tower
2023-09-27T16:51:40.429+02:00 DEBUG 7856 --- [pool-2-thread-1] c.o.tourguide.service.RewardsService     : Calculate distance between -149.877502/61.218887 and 141.5156208520786/76.14143636104365
2023-09-27T16:51:40.429+02:00 DEBUG 7856 --- [pool-2-thread-1] c.o.tourguide.service.RewardsService     : Checking if the user c44598de-b9c6-4354-9509-20433863ca3f already get close from Flatiron Building
2023-09-27T16:51:40.429+02:00 DEBUG 7856 --- [pool-2-thread-1] c.o.tourguide.service.RewardsService     : Calculate distance between -73.989723/40.741112 and 141.5156208520786/76.14143636104365
2023-09-27T16:51:40.429+02:00 DEBUG 7856 --- [pool-2-thread-1] c.o.tourguide.service.RewardsService     : Checking if the user c44598de-b9c6-4354-9509-20433863ca3f already get close from Fallingwater
2023-09-27T16:51:40.429+02:00 DEBUG 7856 --- [pool-2-thread-1] c.o.tourguide.service.RewardsService     : Calculate distance between -79.468056/39.906113 and 141.5156208520786/76.14143636104365
2023-09-27T16:51:40.429+02:00 DEBUG 7856 --- [pool-2-thread-1] c.o.tourguide.service.RewardsService     : Checking if the user c44598de-b9c6-4354-9509-20433863ca3f already get close from Union Station
2023-09-27T16:51:40.429+02:00 DEBUG 7856 --- [pool-2-thread-1] c.o.tourguide.service.RewardsService     : Calculate distance between -77.006332/38.897095 and 141.5156208520786/76.14143636104365
2023-09-27T16:51:40.429+02:00 DEBUG 7856 --- [pool-2-thread-1] c.o.tourguide.service.RewardsService     : Checking if the user c44598de-b9c6-4354-9509-20433863ca3f already get close from Roger Dean Stadium
2023-09-27T16:51:40.429+02:00 DEBUG 7856 --- [pool-2-thread-1] c.o.tourguide.service.RewardsService     : Calculate distance between -80.116577/26.890959 and 141.5156208520786/76.14143636104365
2023-09-27T16:51:40.429+02:00 DEBUG 7856 --- [pool-2-thread-1] c.o.tourguide.service.RewardsService     : Checking if the user c44598de-b9c6-4354-9509-20433863ca3f already get close from Texas Memorial Stadium
2023-09-27T16:51:40.429+02:00 DEBUG 7856 --- [pool-2-thread-1] c.o.tourguide.service.RewardsService     : Calculate distance between -97.732536/30.283682 and 141.5156208520786/76.14143636104365
2023-09-27T16:51:40.429+02:00 DEBUG 7856 --- [pool-2-thread-1] c.o.tourguide.service.RewardsService     : Checking if the user c44598de-b9c6-4354-9509-20433863ca3f already get close from Bryant-Denny Stadium
2023-09-27T16:51:40.429+02:00 DEBUG 7856 --- [pool-2-thread-1] c.o.tourguide.service.RewardsService     : Calculate distance between -87.550438/33.208973 and 141.5156208520786/76.14143636104365
2023-09-27T16:51:40.429+02:00 DEBUG 7856 --- [pool-2-thread-1] c.o.tourguide.service.RewardsService     : Checking if the user c44598de-b9c6-4354-9509-20433863ca3f already get close from Tiger Stadium
2023-09-27T16:51:40.429+02:00 DEBUG 7856 --- [pool-2-thread-1] c.o.tourguide.service.RewardsService     : Calculate distance between -91.183815/30.412035 and 141.5156208520786/76.14143636104365
2023-09-27T16:51:40.429+02:00 DEBUG 7856 --- [pool-2-thread-1] c.o.tourguide.service.RewardsService     : Checking if the user c44598de-b9c6-4354-9509-20433863ca3f already get close from Neyland Stadium
2023-09-27T16:51:40.429+02:00 DEBUG 7856 --- [pool-2-thread-1] c.o.tourguide.service.RewardsService     : Calculate distance between -83.925011/35.955013 and 141.5156208520786/76.14143636104365
2023-09-27T16:51:40.429+02:00 DEBUG 7856 --- [pool-2-thread-1] c.o.tourguide.service.RewardsService     : Checking if the user c44598de-b9c6-4354-9509-20433863ca3f already get close from Kyle Field
2023-09-27T16:51:40.429+02:00 DEBUG 7856 --- [pool-2-thread-1] c.o.tourguide.service.RewardsService     : Calculate distance between -96.339844/30.61025 and 141.5156208520786/76.14143636104365
2023-09-27T16:51:40.429+02:00 DEBUG 7856 --- [pool-2-thread-1] c.o.tourguide.service.RewardsService     : Checking if the user c44598de-b9c6-4354-9509-20433863ca3f already get close from San Diego Zoo
2023-09-27T16:51:40.429+02:00 DEBUG 7856 --- [pool-2-thread-1] c.o.tourguide.service.RewardsService     : Calculate distance between -117.149048/32.735317 and 141.5156208520786/76.14143636104365
2023-09-27T16:51:40.429+02:00 DEBUG 7856 --- [pool-2-thread-1] c.o.tourguide.service.RewardsService     : Checking if the user c44598de-b9c6-4354-9509-20433863ca3f already get close from Zoo Tampa at Lowry Park
2023-09-27T16:51:40.429+02:00 DEBUG 7856 --- [pool-2-thread-1] c.o.tourguide.service.RewardsService     : Calculate distance between -82.469269/28.012804 and 141.5156208520786/76.14143636104365
2023-09-27T16:51:40.429+02:00 DEBUG 7856 --- [pool-2-thread-1] c.o.tourguide.service.RewardsService     : Checking if the user c44598de-b9c6-4354-9509-20433863ca3f already get close from Franklin Park Zoo
2023-09-27T16:51:40.429+02:00 DEBUG 7856 --- [pool-2-thread-1] c.o.tourguide.service.RewardsService     : Calculate distance between -71.086731/42.302601 and 141.5156208520786/76.14143636104365
2023-09-27T16:51:40.429+02:00 DEBUG 7856 --- [pool-2-thread-1] c.o.tourguide.service.RewardsService     : Checking if the user c44598de-b9c6-4354-9509-20433863ca3f already get close from El Paso Zoo
2023-09-27T16:51:40.429+02:00 DEBUG 7856 --- [pool-2-thread-1] c.o.tourguide.service.RewardsService     : Calculate distance between -106.44487/31.769125 and 141.5156208520786/76.14143636104365
2023-09-27T16:51:40.429+02:00 DEBUG 7856 --- [pool-2-thread-1] c.o.tourguide.service.RewardsService     : Checking if the user c44598de-b9c6-4354-9509-20433863ca3f already get close from Kansas City Zoo
2023-09-27T16:51:40.429+02:00 DEBUG 7856 --- [pool-2-thread-1] c.o.tourguide.service.RewardsService     : Calculate distance between -94.529625/39.007504 and 141.5156208520786/76.14143636104365
2023-09-27T16:51:40.429+02:00 DEBUG 7856 --- [pool-2-thread-1] c.o.tourguide.service.RewardsService     : Checking if the user c44598de-b9c6-4354-9509-20433863ca3f already get close from Bronx Zoo
2023-09-27T16:51:40.429+02:00 DEBUG 7856 --- [pool-2-thread-1] c.o.tourguide.service.RewardsService     : Calculate distance between -73.872971/40.852905 and 141.5156208520786/76.14143636104365
2023-09-27T16:51:40.429+02:00 DEBUG 7856 --- [pool-2-thread-1] c.o.tourguide.service.RewardsService     : Checking if the user c44598de-b9c6-4354-9509-20433863ca3f already get close from Cinderella Castle
2023-09-27T16:51:40.429+02:00 DEBUG 7856 --- [pool-2-thread-1] c.o.tourguide.service.RewardsService     : Calculate distance between -81.5812/28.419411 and 141.5156208520786/76.14143636104365
2023-09-27T16:51:40.429+02:00 DEBUG 7856 --- [pool-2-thread-1] c.o.tourguide.service.RewardsService     : Checking if the user c44598de-b9c6-4354-9509-20433863ca3f already get close from Disneyland
2023-09-27T16:51:40.429+02:00 DEBUG 7856 --- [pool-2-thread-1] c.o.tourguide.service.RewardsService     : Calculate distance between -117.922008/33.817595 and -170.84024306602421/-52.59756000702921
2023-09-27T16:51:40.429+02:00 DEBUG 7856 --- [pool-2-thread-1] c.o.tourguide.service.RewardsService     : Checking if the user c44598de-b9c6-4354-9509-20433863ca3f already get close from Jackson Hole
2023-09-27T16:51:40.429+02:00 DEBUG 7856 --- [pool-2-thread-1] c.o.tourguide.service.RewardsService     : Calculate distance between -110.821999/43.582767 and -170.84024306602421/-52.59756000702921
2023-09-27T16:51:40.429+02:00 DEBUG 7856 --- [pool-2-thread-1] c.o.tourguide.service.RewardsService     : Checking if the user c44598de-b9c6-4354-9509-20433863ca3f already get close from Mojave National Preserve
2023-09-27T16:51:40.429+02:00 DEBUG 7856 --- [pool-2-thread-1] c.o.tourguide.service.RewardsService     : Calculate distance between -115.510399/35.141689 and -170.84024306602421/-52.59756000702921
2023-09-27T16:51:40.429+02:00 DEBUG 7856 --- [pool-2-thread-1] c.o.tourguide.service.RewardsService     : Checking if the user c44598de-b9c6-4354-9509-20433863ca3f already get close from Joshua Tree National Park
2023-09-27T16:51:40.429+02:00 DEBUG 7856 --- [pool-2-thread-1] c.o.tourguide.service.RewardsService     : Calculate distance between -115.90065/33.881866 and -170.84024306602421/-52.59756000702921
2023-09-27T16:51:40.429+02:00 DEBUG 7856 --- [pool-2-thread-1] c.o.tourguide.service.RewardsService     : Checking if the user c44598de-b9c6-4354-9509-20433863ca3f already get close from Buffalo National River
2023-09-27T16:51:40.429+02:00 DEBUG 7856 --- [pool-2-thread-1] c.o.tourguide.service.RewardsService     : Calculate distance between -92.757652/35.985512 and -170.84024306602421/-52.59756000702921
2023-09-27T16:51:40.429+02:00 DEBUG 7856 --- [pool-2-thread-1] c.o.tourguide.service.RewardsService     : Checking if the user c44598de-b9c6-4354-9509-20433863ca3f already get close from Hot Springs National Park
2023-09-27T16:51:40.429+02:00 DEBUG 7856 --- [pool-2-thread-1] c.o.tourguide.service.RewardsService     : Calculate distance between -93.042267/34.52153 and -170.84024306602421/-52.59756000702921
2023-09-27T16:51:40.429+02:00 DEBUG 7856 --- [pool-2-thread-1] c.o.tourguide.service.RewardsService     : Checking if the user c44598de-b9c6-4354-9509-20433863ca3f already get close from Kartchner Caverns State Park
2023-09-27T16:51:40.429+02:00 DEBUG 7856 --- [pool-2-thread-1] c.o.tourguide.service.RewardsService     : Calculate distance between -110.347382/31.837551 and -170.84024306602421/-52.59756000702921
2023-09-27T16:51:40.429+02:00 DEBUG 7856 --- [pool-2-thread-1] c.o.tourguide.service.RewardsService     : Checking if the user c44598de-b9c6-4354-9509-20433863ca3f already get close from Legend Valley
2023-09-27T16:51:40.429+02:00 DEBUG 7856 --- [pool-2-thread-1] c.o.tourguide.service.RewardsService     : Calculate distance between -82.40667/39.937778 and -170.84024306602421/-52.59756000702921
2023-09-27T16:51:40.429+02:00 DEBUG 7856 --- [pool-2-thread-1] c.o.tourguide.service.RewardsService     : Checking if the user c44598de-b9c6-4354-9509-20433863ca3f already get close from Flowers Bakery of London
2023-09-27T16:51:40.429+02:00 DEBUG 7856 --- [pool-2-thread-1] c.o.tourguide.service.RewardsService     : Calculate distance between -84.07486/37.131527 and -170.84024306602421/-52.59756000702921
2023-09-27T16:51:40.429+02:00 DEBUG 7856 --- [pool-2-thread-1] c.o.tourguide.service.RewardsService     : Checking if the user c44598de-b9c6-4354-9509-20433863ca3f already get close from McKinley Tower
2023-09-27T16:51:40.429+02:00 DEBUG 7856 --- [pool-2-thread-1] c.o.tourguide.service.RewardsService     : Calculate distance between -149.877502/61.218887 and -170.84024306602421/-52.59756000702921
2023-09-27T16:51:40.429+02:00 DEBUG 7856 --- [pool-2-thread-1] c.o.tourguide.service.RewardsService     : Checking if the user c44598de-b9c6-4354-9509-20433863ca3f already get close from Flatiron Building
2023-09-27T16:51:40.429+02:00 DEBUG 7856 --- [pool-2-thread-1] c.o.tourguide.service.RewardsService     : Calculate distance between -73.989723/40.741112 and -170.84024306602421/-52.59756000702921
2023-09-27T16:51:40.429+02:00 DEBUG 7856 --- [pool-2-thread-1] c.o.tourguide.service.RewardsService     : Checking if the user c44598de-b9c6-4354-9509-20433863ca3f already get close from Fallingwater
2023-09-27T16:51:40.429+02:00 DEBUG 7856 --- [pool-2-thread-1] c.o.tourguide.service.RewardsService     : Calculate distance between -79.468056/39.906113 and -170.84024306602421/-52.59756000702921
2023-09-27T16:51:40.429+02:00 DEBUG 7856 --- [pool-2-thread-1] c.o.tourguide.service.RewardsService     : Checking if the user c44598de-b9c6-4354-9509-20433863ca3f already get close from Union Station
2023-09-27T16:51:40.429+02:00 DEBUG 7856 --- [pool-2-thread-1] c.o.tourguide.service.RewardsService     : Calculate distance between -77.006332/38.897095 and -170.84024306602421/-52.59756000702921
2023-09-27T16:51:40.429+02:00 DEBUG 7856 --- [pool-2-thread-1] c.o.tourguide.service.RewardsService     : Checking if the user c44598de-b9c6-4354-9509-20433863ca3f already get close from Roger Dean Stadium
2023-09-27T16:51:40.429+02:00 DEBUG 7856 --- [pool-2-thread-1] c.o.tourguide.service.RewardsService     : Calculate distance between -80.116577/26.890959 and -170.84024306602421/-52.59756000702921
2023-09-27T16:51:40.429+02:00 DEBUG 7856 --- [pool-2-thread-1] c.o.tourguide.service.RewardsService     : Checking if the user c44598de-b9c6-4354-9509-20433863ca3f already get close from Texas Memorial Stadium
2023-09-27T16:51:40.429+02:00 DEBUG 7856 --- [pool-2-thread-1] c.o.tourguide.service.RewardsService     : Calculate distance between -97.732536/30.283682 and -170.84024306602421/-52.59756000702921
2023-09-27T16:51:40.429+02:00 DEBUG 7856 --- [pool-2-thread-1] c.o.tourguide.service.RewardsService     : Checking if the user c44598de-b9c6-4354-9509-20433863ca3f already get close from Bryant-Denny Stadium
2023-09-27T16:51:40.429+02:00 DEBUG 7856 --- [pool-2-thread-1] c.o.tourguide.service.RewardsService     : Calculate distance between -87.550438/33.208973 and -170.84024306602421/-52.59756000702921
2023-09-27T16:51:40.429+02:00 DEBUG 7856 --- [pool-2-thread-1] c.o.tourguide.service.RewardsService     : Checking if the user c44598de-b9c6-4354-9509-20433863ca3f already get close from Tiger Stadium
2023-09-27T16:51:40.430+02:00 DEBUG 7856 --- [pool-2-thread-1] c.o.tourguide.service.RewardsService     : Calculate distance between -91.183815/30.412035 and -170.84024306602421/-52.59756000702921
2023-09-27T16:51:40.430+02:00 DEBUG 7856 --- [pool-2-thread-1] c.o.tourguide.service.RewardsService     : Checking if the user c44598de-b9c6-4354-9509-20433863ca3f already get close from Neyland Stadium
2023-09-27T16:51:40.430+02:00 DEBUG 7856 --- [pool-2-thread-1] c.o.tourguide.service.RewardsService     : Calculate distance between -83.925011/35.955013 and -170.84024306602421/-52.59756000702921
2023-09-27T16:51:40.430+02:00 DEBUG 7856 --- [pool-2-thread-1] c.o.tourguide.service.RewardsService     : Checking if the user c44598de-b9c6-4354-9509-20433863ca3f already get close from Kyle Field
2023-09-27T16:51:40.430+02:00 DEBUG 7856 --- [pool-2-thread-1] c.o.tourguide.service.RewardsService     : Calculate distance between -96.339844/30.61025 and -170.84024306602421/-52.59756000702921
2023-09-27T16:51:40.430+02:00 DEBUG 7856 --- [pool-2-thread-1] c.o.tourguide.service.RewardsService     : Checking if the user c44598de-b9c6-4354-9509-20433863ca3f already get close from San Diego Zoo
2023-09-27T16:51:40.430+02:00 DEBUG 7856 --- [pool-2-thread-1] c.o.tourguide.service.RewardsService     : Calculate distance between -117.149048/32.735317 and -170.84024306602421/-52.59756000702921
2023-09-27T16:51:40.430+02:00 DEBUG 7856 --- [pool-2-thread-1] c.o.tourguide.service.RewardsService     : Checking if the user c44598de-b9c6-4354-9509-20433863ca3f already get close from Zoo Tampa at Lowry Park
2023-09-27T16:51:40.430+02:00 DEBUG 7856 --- [pool-2-thread-1] c.o.tourguide.service.RewardsService     : Calculate distance between -82.469269/28.012804 and -170.84024306602421/-52.59756000702921
2023-09-27T16:51:40.430+02:00 DEBUG 7856 --- [pool-2-thread-1] c.o.tourguide.service.RewardsService     : Checking if the user c44598de-b9c6-4354-9509-20433863ca3f already get close from Franklin Park Zoo
2023-09-27T16:51:40.430+02:00 DEBUG 7856 --- [pool-2-thread-1] c.o.tourguide.service.RewardsService     : Calculate distance between -71.086731/42.302601 and -170.84024306602421/-52.59756000702921
2023-09-27T16:51:40.430+02:00 DEBUG 7856 --- [pool-2-thread-1] c.o.tourguide.service.RewardsService     : Checking if the user c44598de-b9c6-4354-9509-20433863ca3f already get close from El Paso Zoo
2023-09-27T16:51:40.430+02:00 DEBUG 7856 --- [pool-2-thread-1] c.o.tourguide.service.RewardsService     : Calculate distance between -106.44487/31.769125 and -170.84024306602421/-52.59756000702921
2023-09-27T16:51:40.430+02:00 DEBUG 7856 --- [pool-2-thread-1] c.o.tourguide.service.RewardsService     : Checking if the user c44598de-b9c6-4354-9509-20433863ca3f already get close from Kansas City Zoo
2023-09-27T16:51:40.430+02:00 DEBUG 7856 --- [pool-2-thread-1] c.o.tourguide.service.RewardsService     : Calculate distance between -94.529625/39.007504 and -170.84024306602421/-52.59756000702921
2023-09-27T16:51:40.430+02:00 DEBUG 7856 --- [pool-2-thread-1] c.o.tourguide.service.RewardsService     : Checking if the user c44598de-b9c6-4354-9509-20433863ca3f already get close from Bronx Zoo
2023-09-27T16:51:40.430+02:00 DEBUG 7856 --- [pool-2-thread-1] c.o.tourguide.service.RewardsService     : Calculate distance between -73.872971/40.852905 and -170.84024306602421/-52.59756000702921
2023-09-27T16:51:40.430+02:00 DEBUG 7856 --- [pool-2-thread-1] c.o.tourguide.service.RewardsService     : Checking if the user c44598de-b9c6-4354-9509-20433863ca3f already get close from Cinderella Castle
2023-09-27T16:51:40.430+02:00 DEBUG 7856 --- [pool-2-thread-1] c.o.tourguide.service.RewardsService     : Calculate distance between -81.5812/28.419411 and -170.84024306602421/-52.59756000702921
2023-09-27T16:51:40.430+02:00 DEBUG 7856 --- [pool-2-thread-1] c.o.tourguide.service.RewardsService     : Checking if the user c44598de-b9c6-4354-9509-20433863ca3f already get close from Disneyland
2023-09-27T16:51:40.430+02:00 DEBUG 7856 --- [pool-2-thread-1] c.o.tourguide.service.RewardsService     : Calculate distance between -117.922008/33.817595 and -155.9291220155095/61.92722716662573
2023-09-27T16:51:40.430+02:00 DEBUG 7856 --- [pool-2-thread-1] c.o.tourguide.service.RewardsService     : Checking if the user c44598de-b9c6-4354-9509-20433863ca3f already get close from Jackson Hole
2023-09-27T16:51:40.430+02:00 DEBUG 7856 --- [pool-2-thread-1] c.o.tourguide.service.RewardsService     : Calculate distance between -110.821999/43.582767 and -155.9291220155095/61.92722716662573
2023-09-27T16:51:40.430+02:00 DEBUG 7856 --- [pool-2-thread-1] c.o.tourguide.service.RewardsService     : Checking if the user c44598de-b9c6-4354-9509-20433863ca3f already get close from Mojave National Preserve
2023-09-27T16:51:40.430+02:00 DEBUG 7856 --- [pool-2-thread-1] c.o.tourguide.service.RewardsService     : Calculate distance between -115.510399/35.141689 and -155.9291220155095/61.92722716662573
2023-09-27T16:51:40.430+02:00 DEBUG 7856 --- [pool-2-thread-1] c.o.tourguide.service.RewardsService     : Checking if the user c44598de-b9c6-4354-9509-20433863ca3f already get close from Joshua Tree National Park
2023-09-27T16:51:40.430+02:00 DEBUG 7856 --- [pool-2-thread-1] c.o.tourguide.service.RewardsService     : Calculate distance between -115.90065/33.881866 and -155.9291220155095/61.92722716662573
2023-09-27T16:51:40.430+02:00 DEBUG 7856 --- [pool-2-thread-1] c.o.tourguide.service.RewardsService     : Checking if the user c44598de-b9c6-4354-9509-20433863ca3f already get close from Buffalo National River
2023-09-27T16:51:40.430+02:00 DEBUG 7856 --- [pool-2-thread-1] c.o.tourguide.service.RewardsService     : Calculate distance between -92.757652/35.985512 and -155.9291220155095/61.92722716662573
2023-09-27T16:51:40.430+02:00 DEBUG 7856 --- [pool-2-thread-1] c.o.tourguide.service.RewardsService     : Checking if the user c44598de-b9c6-4354-9509-20433863ca3f already get close from Hot Springs National Park
2023-09-27T16:51:40.430+02:00 DEBUG 7856 --- [pool-2-thread-1] c.o.tourguide.service.RewardsService     : Calculate distance between -93.042267/34.52153 and -155.9291220155095/61.92722716662573
2023-09-27T16:51:40.430+02:00 DEBUG 7856 --- [pool-2-thread-1] c.o.tourguide.service.RewardsService     : Checking if the user c44598de-b9c6-4354-9509-20433863ca3f already get close from Kartchner Caverns State Park
2023-09-27T16:51:40.430+02:00 DEBUG 7856 --- [pool-2-thread-1] c.o.tourguide.service.RewardsService     : Calculate distance between -110.347382/31.837551 and -155.9291220155095/61.92722716662573
2023-09-27T16:51:40.430+02:00 DEBUG 7856 --- [pool-2-thread-1] c.o.tourguide.service.RewardsService     : Checking if the user c44598de-b9c6-4354-9509-20433863ca3f already get close from Legend Valley
2023-09-27T16:51:40.430+02:00 DEBUG 7856 --- [pool-2-thread-1] c.o.tourguide.service.RewardsService     : Calculate distance between -82.40667/39.937778 and -155.9291220155095/61.92722716662573
2023-09-27T16:51:40.430+02:00 DEBUG 7856 --- [pool-2-thread-1] c.o.tourguide.service.RewardsService     : Checking if the user c44598de-b9c6-4354-9509-20433863ca3f already get close from Flowers Bakery of London
2023-09-27T16:51:40.430+02:00 DEBUG 7856 --- [pool-2-thread-1] c.o.tourguide.service.RewardsService     : Calculate distance between -84.07486/37.131527 and -155.9291220155095/61.92722716662573
2023-09-27T16:51:40.430+02:00 DEBUG 7856 --- [pool-2-thread-1] c.o.tourguide.service.RewardsService     : Checking if the user c44598de-b9c6-4354-9509-20433863ca3f already get close from McKinley Tower
2023-09-27T16:51:40.430+02:00 DEBUG 7856 --- [pool-2-thread-1] c.o.tourguide.service.RewardsService     : Calculate distance between -149.877502/61.218887 and -155.9291220155095/61.92722716662573
2023-09-27T16:51:40.430+02:00 DEBUG 7856 --- [pool-2-thread-1] c.o.tourguide.service.RewardsService     : Checking if the user c44598de-b9c6-4354-9509-20433863ca3f already get close from Flatiron Building
2023-09-27T16:51:40.430+02:00 DEBUG 7856 --- [pool-2-thread-1] c.o.tourguide.service.RewardsService     : Calculate distance between -73.989723/40.741112 and -155.9291220155095/61.92722716662573
2023-09-27T16:51:40.430+02:00 DEBUG 7856 --- [pool-2-thread-1] c.o.tourguide.service.RewardsService     : Checking if the user c44598de-b9c6-4354-9509-20433863ca3f already get close from Fallingwater
2023-09-27T16:51:40.430+02:00 DEBUG 7856 --- [pool-2-thread-1] c.o.tourguide.service.RewardsService     : Calculate distance between -79.468056/39.906113 and -155.9291220155095/61.92722716662573
2023-09-27T16:51:40.430+02:00 DEBUG 7856 --- [pool-2-thread-1] c.o.tourguide.service.RewardsService     : Checking if the user c44598de-b9c6-4354-9509-20433863ca3f already get close from Union Station
2023-09-27T16:51:40.430+02:00 DEBUG 7856 --- [pool-2-thread-1] c.o.tourguide.service.RewardsService     : Calculate distance between -77.006332/38.897095 and -155.9291220155095/61.92722716662573
2023-09-27T16:51:40.430+02:00 DEBUG 7856 --- [pool-2-thread-1] c.o.tourguide.service.RewardsService     : Checking if the user c44598de-b9c6-4354-9509-20433863ca3f already get close from Roger Dean Stadium
2023-09-27T16:51:40.430+02:00 DEBUG 7856 --- [pool-2-thread-1] c.o.tourguide.service.RewardsService     : Calculate distance between -80.116577/26.890959 and -155.9291220155095/61.92722716662573
2023-09-27T16:51:40.430+02:00 DEBUG 7856 --- [pool-2-thread-1] c.o.tourguide.service.RewardsService     : Checking if the user c44598de-b9c6-4354-9509-20433863ca3f already get close from Texas Memorial Stadium
2023-09-27T16:51:40.430+02:00 DEBUG 7856 --- [pool-2-thread-1] c.o.tourguide.service.RewardsService     : Calculate distance between -97.732536/30.283682 and -155.9291220155095/61.92722716662573
2023-09-27T16:51:40.430+02:00 DEBUG 7856 --- [pool-2-thread-1] c.o.tourguide.service.RewardsService     : Checking if the user c44598de-b9c6-4354-9509-20433863ca3f already get close from Bryant-Denny Stadium
2023-09-27T16:51:40.430+02:00 DEBUG 7856 --- [pool-2-thread-1] c.o.tourguide.service.RewardsService     : Calculate distance between -87.550438/33.208973 and -155.9291220155095/61.92722716662573
2023-09-27T16:51:40.430+02:00 DEBUG 7856 --- [pool-2-thread-1] c.o.tourguide.service.RewardsService     : Checking if the user c44598de-b9c6-4354-9509-20433863ca3f already get close from Tiger Stadium
2023-09-27T16:51:40.430+02:00 DEBUG 7856 --- [pool-2-thread-1] c.o.tourguide.service.RewardsService     : Calculate distance between -91.183815/30.412035 and -155.9291220155095/61.92722716662573
2023-09-27T16:51:40.430+02:00 DEBUG 7856 --- [pool-2-thread-1] c.o.tourguide.service.RewardsService     : Checking if the user c44598de-b9c6-4354-9509-20433863ca3f already get close from Neyland Stadium
2023-09-27T16:51:40.430+02:00 DEBUG 7856 --- [pool-2-thread-1] c.o.tourguide.service.RewardsService     : Calculate distance between -83.925011/35.955013 and -155.9291220155095/61.92722716662573
2023-09-27T16:51:40.430+02:00 DEBUG 7856 --- [pool-2-thread-1] c.o.tourguide.service.RewardsService     : Checking if the user c44598de-b9c6-4354-9509-20433863ca3f already get close from Kyle Field
2023-09-27T16:51:40.430+02:00 DEBUG 7856 --- [pool-2-thread-1] c.o.tourguide.service.RewardsService     : Calculate distance between -96.339844/30.61025 and -155.9291220155095/61.92722716662573
2023-09-27T16:51:40.430+02:00 DEBUG 7856 --- [pool-2-thread-1] c.o.tourguide.service.RewardsService     : Checking if the user c44598de-b9c6-4354-9509-20433863ca3f already get close from San Diego Zoo
2023-09-27T16:51:40.430+02:00 DEBUG 7856 --- [pool-2-thread-1] c.o.tourguide.service.RewardsService     : Calculate distance between -117.149048/32.735317 and -155.9291220155095/61.92722716662573
2023-09-27T16:51:40.430+02:00 DEBUG 7856 --- [pool-2-thread-1] c.o.tourguide.service.RewardsService     : Checking if the user c44598de-b9c6-4354-9509-20433863ca3f already get close from Zoo Tampa at Lowry Park
2023-09-27T16:51:40.430+02:00 DEBUG 7856 --- [pool-2-thread-1] c.o.tourguide.service.RewardsService     : Calculate distance between -82.469269/28.012804 and -155.9291220155095/61.92722716662573
2023-09-27T16:51:40.430+02:00 DEBUG 7856 --- [pool-2-thread-1] c.o.tourguide.service.RewardsService     : Checking if the user c44598de-b9c6-4354-9509-20433863ca3f already get close from Franklin Park Zoo
2023-09-27T16:51:40.430+02:00 DEBUG 7856 --- [pool-2-thread-1] c.o.tourguide.service.RewardsService     : Calculate distance between -71.086731/42.302601 and -155.9291220155095/61.92722716662573
2023-09-27T16:51:40.430+02:00 DEBUG 7856 --- [pool-2-thread-1] c.o.tourguide.service.RewardsService     : Checking if the user c44598de-b9c6-4354-9509-20433863ca3f already get close from El Paso Zoo
2023-09-27T16:51:40.430+02:00 DEBUG 7856 --- [pool-2-thread-1] c.o.tourguide.service.RewardsService     : Calculate distance between -106.44487/31.769125 and -155.9291220155095/61.92722716662573
2023-09-27T16:51:40.430+02:00 DEBUG 7856 --- [pool-2-thread-1] c.o.tourguide.service.RewardsService     : Checking if the user c44598de-b9c6-4354-9509-20433863ca3f already get close from Kansas City Zoo
2023-09-27T16:51:40.430+02:00 DEBUG 7856 --- [pool-2-thread-1] c.o.tourguide.service.RewardsService     : Calculate distance between -94.529625/39.007504 and -155.9291220155095/61.92722716662573
2023-09-27T16:51:40.430+02:00 DEBUG 7856 --- [pool-2-thread-1] c.o.tourguide.service.RewardsService     : Checking if the user c44598de-b9c6-4354-9509-20433863ca3f already get close from Bronx Zoo
2023-09-27T16:51:40.430+02:00 DEBUG 7856 --- [pool-2-thread-1] c.o.tourguide.service.RewardsService     : Calculate distance between -73.872971/40.852905 and -155.9291220155095/61.92722716662573
2023-09-27T16:51:40.430+02:00 DEBUG 7856 --- [pool-2-thread-1] c.o.tourguide.service.RewardsService     : Checking if the user c44598de-b9c6-4354-9509-20433863ca3f already get close from Cinderella Castle
2023-09-27T16:51:40.430+02:00 DEBUG 7856 --- [pool-2-thread-1] c.o.tourguide.service.RewardsService     : Calculate distance between -81.5812/28.419411 and -155.9291220155095/61.92722716662573
2023-09-27T16:51:40.430+02:00 DEBUG 7856 --- [pool-2-thread-1] c.o.tourguide.service.RewardsService     : Checking if the user c44598de-b9c6-4354-9509-20433863ca3f already get close from Disneyland
2023-09-27T16:51:40.430+02:00 DEBUG 7856 --- [pool-2-thread-1] c.o.tourguide.service.RewardsService     : Calculate distance between -117.922008/33.817595 and 112.910803/45.018843
2023-09-27T16:51:40.430+02:00 DEBUG 7856 --- [pool-2-thread-1] c.o.tourguide.service.RewardsService     : Checking if the user c44598de-b9c6-4354-9509-20433863ca3f already get close from Jackson Hole
2023-09-27T16:51:40.430+02:00 DEBUG 7856 --- [pool-2-thread-1] c.o.tourguide.service.RewardsService     : Calculate distance between -110.821999/43.582767 and 112.910803/45.018843
2023-09-27T16:51:40.430+02:00 DEBUG 7856 --- [pool-2-thread-1] c.o.tourguide.service.RewardsService     : Checking if the user c44598de-b9c6-4354-9509-20433863ca3f already get close from Mojave National Preserve
2023-09-27T16:51:40.430+02:00 DEBUG 7856 --- [pool-2-thread-1] c.o.tourguide.service.RewardsService     : Calculate distance between -115.510399/35.141689 and 112.910803/45.018843
2023-09-27T16:51:40.430+02:00 DEBUG 7856 --- [pool-2-thread-1] c.o.tourguide.service.RewardsService     : Checking if the user c44598de-b9c6-4354-9509-20433863ca3f already get close from Joshua Tree National Park
2023-09-27T16:51:40.430+02:00 DEBUG 7856 --- [pool-2-thread-1] c.o.tourguide.service.RewardsService     : Calculate distance between -115.90065/33.881866 and 112.910803/45.018843
2023-09-27T16:51:40.430+02:00 DEBUG 7856 --- [pool-2-thread-1] c.o.tourguide.service.RewardsService     : Checking if the user c44598de-b9c6-4354-9509-20433863ca3f already get close from Buffalo National River
2023-09-27T16:51:40.430+02:00 DEBUG 7856 --- [pool-2-thread-1] c.o.tourguide.service.RewardsService     : Calculate distance between -92.757652/35.985512 and 112.910803/45.018843
2023-09-27T16:51:40.430+02:00 DEBUG 7856 --- [pool-2-thread-1] c.o.tourguide.service.RewardsService     : Checking if the user c44598de-b9c6-4354-9509-20433863ca3f already get close from Hot Springs National Park
2023-09-27T16:51:40.430+02:00 DEBUG 7856 --- [pool-2-thread-1] c.o.tourguide.service.RewardsService     : Calculate distance between -93.042267/34.52153 and 112.910803/45.018843
2023-09-27T16:51:40.430+02:00 DEBUG 7856 --- [pool-2-thread-1] c.o.tourguide.service.RewardsService     : Checking if the user c44598de-b9c6-4354-9509-20433863ca3f already get close from Kartchner Caverns State Park
2023-09-27T16:51:40.430+02:00 DEBUG 7856 --- [pool-2-thread-1] c.o.tourguide.service.RewardsService     : Calculate distance between -110.347382/31.837551 and 112.910803/45.018843
2023-09-27T16:51:40.430+02:00 DEBUG 7856 --- [pool-2-thread-1] c.o.tourguide.service.RewardsService     : Checking if the user c44598de-b9c6-4354-9509-20433863ca3f already get close from Legend Valley
2023-09-27T16:51:40.430+02:00 DEBUG 7856 --- [pool-2-thread-1] c.o.tourguide.service.RewardsService     : Calculate distance between -82.40667/39.937778 and 112.910803/45.018843
2023-09-27T16:51:40.430+02:00 DEBUG 7856 --- [pool-2-thread-1] c.o.tourguide.service.RewardsService     : Checking if the user c44598de-b9c6-4354-9509-20433863ca3f already get close from Flowers Bakery of London
2023-09-27T16:51:40.430+02:00 DEBUG 7856 --- [pool-2-thread-1] c.o.tourguide.service.RewardsService     : Calculate distance between -84.07486/37.131527 and 112.910803/45.018843
2023-09-27T16:51:40.430+02:00 DEBUG 7856 --- [pool-2-thread-1] c.o.tourguide.service.RewardsService     : Checking if the user c44598de-b9c6-4354-9509-20433863ca3f already get close from McKinley Tower
2023-09-27T16:51:40.430+02:00 DEBUG 7856 --- [pool-2-thread-1] c.o.tourguide.service.RewardsService     : Calculate distance between -149.877502/61.218887 and 112.910803/45.018843
2023-09-27T16:51:40.430+02:00 DEBUG 7856 --- [pool-2-thread-1] c.o.tourguide.service.RewardsService     : Checking if the user c44598de-b9c6-4354-9509-20433863ca3f already get close from Flatiron Building
2023-09-27T16:51:40.430+02:00 DEBUG 7856 --- [pool-2-thread-1] c.o.tourguide.service.RewardsService     : Calculate distance between -73.989723/40.741112 and 112.910803/45.018843
2023-09-27T16:51:40.430+02:00 DEBUG 7856 --- [pool-2-thread-1] c.o.tourguide.service.RewardsService     : Checking if the user c44598de-b9c6-4354-9509-20433863ca3f already get close from Fallingwater
2023-09-27T16:51:40.430+02:00 DEBUG 7856 --- [pool-2-thread-1] c.o.tourguide.service.RewardsService     : Calculate distance between -79.468056/39.906113 and 112.910803/45.018843
2023-09-27T16:51:40.430+02:00 DEBUG 7856 --- [pool-2-thread-1] c.o.tourguide.service.RewardsService     : Checking if the user c44598de-b9c6-4354-9509-20433863ca3f already get close from Union Station
2023-09-27T16:51:40.430+02:00 DEBUG 7856 --- [pool-2-thread-1] c.o.tourguide.service.RewardsService     : Calculate distance between -77.006332/38.897095 and 112.910803/45.018843
2023-09-27T16:51:40.430+02:00 DEBUG 7856 --- [pool-2-thread-1] c.o.tourguide.service.RewardsService     : Checking if the user c44598de-b9c6-4354-9509-20433863ca3f already get close from Roger Dean Stadium
2023-09-27T16:51:40.430+02:00 DEBUG 7856 --- [pool-2-thread-1] c.o.tourguide.service.RewardsService     : Calculate distance between -80.116577/26.890959 and 112.910803/45.018843
2023-09-27T16:51:40.430+02:00 DEBUG 7856 --- [pool-2-thread-1] c.o.tourguide.service.RewardsService     : Checking if the user c44598de-b9c6-4354-9509-20433863ca3f already get close from Texas Memorial Stadium
2023-09-27T16:51:40.430+02:00 DEBUG 7856 --- [pool-2-thread-1] c.o.tourguide.service.RewardsService     : Calculate distance between -97.732536/30.283682 and 112.910803/45.018843
2023-09-27T16:51:40.430+02:00 DEBUG 7856 --- [pool-2-thread-1] c.o.tourguide.service.RewardsService     : Checking if the user c44598de-b9c6-4354-9509-20433863ca3f already get close from Bryant-Denny Stadium
2023-09-27T16:51:40.430+02:00 DEBUG 7856 --- [pool-2-thread-1] c.o.tourguide.service.RewardsService     : Calculate distance between -87.550438/33.208973 and 112.910803/45.018843
2023-09-27T16:51:40.430+02:00 DEBUG 7856 --- [pool-2-thread-1] c.o.tourguide.service.RewardsService     : Checking if the user c44598de-b9c6-4354-9509-20433863ca3f already get close from Tiger Stadium
2023-09-27T16:51:40.430+02:00 DEBUG 7856 --- [pool-2-thread-1] c.o.tourguide.service.RewardsService     : Calculate distance between -91.183815/30.412035 and 112.910803/45.018843
2023-09-27T16:51:40.430+02:00 DEBUG 7856 --- [pool-2-thread-1] c.o.tourguide.service.RewardsService     : Checking if the user c44598de-b9c6-4354-9509-20433863ca3f already get close from Neyland Stadium
2023-09-27T16:51:40.430+02:00 DEBUG 7856 --- [pool-2-thread-1] c.o.tourguide.service.RewardsService     : Calculate distance between -83.925011/35.955013 and 112.910803/45.018843
2023-09-27T16:51:40.431+02:00 DEBUG 7856 --- [pool-2-thread-1] c.o.tourguide.service.RewardsService     : Checking if the user c44598de-b9c6-4354-9509-20433863ca3f already get close from Kyle Field
2023-09-27T16:51:40.431+02:00 DEBUG 7856 --- [pool-2-thread-1] c.o.tourguide.service.RewardsService     : Calculate distance between -96.339844/30.61025 and 112.910803/45.018843
2023-09-27T16:51:40.431+02:00 DEBUG 7856 --- [pool-2-thread-1] c.o.tourguide.service.RewardsService     : Checking if the user c44598de-b9c6-4354-9509-20433863ca3f already get close from San Diego Zoo
2023-09-27T16:51:40.431+02:00 DEBUG 7856 --- [pool-2-thread-1] c.o.tourguide.service.RewardsService     : Calculate distance between -117.149048/32.735317 and 112.910803/45.018843
2023-09-27T16:51:40.431+02:00 DEBUG 7856 --- [pool-2-thread-1] c.o.tourguide.service.RewardsService     : Checking if the user c44598de-b9c6-4354-9509-20433863ca3f already get close from Zoo Tampa at Lowry Park
2023-09-27T16:51:40.431+02:00 DEBUG 7856 --- [pool-2-thread-1] c.o.tourguide.service.RewardsService     : Calculate distance between -82.469269/28.012804 and 112.910803/45.018843
2023-09-27T16:51:40.431+02:00 DEBUG 7856 --- [pool-2-thread-1] c.o.tourguide.service.RewardsService     : Checking if the user c44598de-b9c6-4354-9509-20433863ca3f already get close from Franklin Park Zoo
2023-09-27T16:51:40.431+02:00 DEBUG 7856 --- [pool-2-thread-1] c.o.tourguide.service.RewardsService     : Calculate distance between -71.086731/42.302601 and 112.910803/45.018843
2023-09-27T16:51:40.431+02:00 DEBUG 7856 --- [pool-2-thread-1] c.o.tourguide.service.RewardsService     : Checking if the user c44598de-b9c6-4354-9509-20433863ca3f already get close from El Paso Zoo
2023-09-27T16:51:40.431+02:00 DEBUG 7856 --- [pool-2-thread-1] c.o.tourguide.service.RewardsService     : Calculate distance between -106.44487/31.769125 and 112.910803/45.018843
2023-09-27T16:51:40.431+02:00 DEBUG 7856 --- [pool-2-thread-1] c.o.tourguide.service.RewardsService     : Checking if the user c44598de-b9c6-4354-9509-20433863ca3f already get close from Kansas City Zoo
2023-09-27T16:51:40.431+02:00 DEBUG 7856 --- [pool-2-thread-1] c.o.tourguide.service.RewardsService     : Calculate distance between -94.529625/39.007504 and 112.910803/45.018843
2023-09-27T16:51:40.431+02:00 DEBUG 7856 --- [pool-2-thread-1] c.o.tourguide.service.RewardsService     : Checking if the user c44598de-b9c6-4354-9509-20433863ca3f already get close from Bronx Zoo
2023-09-27T16:51:40.431+02:00 DEBUG 7856 --- [pool-2-thread-1] c.o.tourguide.service.RewardsService     : Calculate distance between -73.872971/40.852905 and 112.910803/45.018843
2023-09-27T16:51:40.431+02:00 DEBUG 7856 --- [pool-2-thread-1] c.o.tourguide.service.RewardsService     : Checking if the user c44598de-b9c6-4354-9509-20433863ca3f already get close from Cinderella Castle
2023-09-27T16:51:40.431+02:00 DEBUG 7856 --- [pool-2-thread-1] c.o.tourguide.service.RewardsService     : Calculate distance between -81.5812/28.419411 and 112.910803/45.018843
2023-09-27T16:51:40.431+02:00 DEBUG 7856 --- [pool-2-thread-1] c.o.tourguide.service.RewardsService     : Checking if the user c44598de-b9c6-4354-9509-20433863ca3f already get close from Disneyland
2023-09-27T16:51:40.431+02:00 DEBUG 7856 --- [pool-2-thread-1] c.o.tourguide.service.RewardsService     : Calculate distance between -117.922008/33.817595 and 69.957815/-42.088409
2023-09-27T16:51:40.431+02:00 DEBUG 7856 --- [pool-2-thread-1] c.o.tourguide.service.RewardsService     : Checking if the user c44598de-b9c6-4354-9509-20433863ca3f already get close from Jackson Hole
2023-09-27T16:51:40.431+02:00 DEBUG 7856 --- [pool-2-thread-1] c.o.tourguide.service.RewardsService     : Calculate distance between -110.821999/43.582767 and 69.957815/-42.088409
2023-09-27T16:51:40.431+02:00 DEBUG 7856 --- [pool-2-thread-1] c.o.tourguide.service.RewardsService     : Checking if the user c44598de-b9c6-4354-9509-20433863ca3f already get close from Mojave National Preserve
2023-09-27T16:51:40.431+02:00 DEBUG 7856 --- [pool-2-thread-1] c.o.tourguide.service.RewardsService     : Calculate distance between -115.510399/35.141689 and 69.957815/-42.088409
2023-09-27T16:51:40.431+02:00 DEBUG 7856 --- [pool-2-thread-1] c.o.tourguide.service.RewardsService     : Checking if the user c44598de-b9c6-4354-9509-20433863ca3f already get close from Joshua Tree National Park
2023-09-27T16:51:40.431+02:00 DEBUG 7856 --- [pool-2-thread-1] c.o.tourguide.service.RewardsService     : Calculate distance between -115.90065/33.881866 and 69.957815/-42.088409
2023-09-27T16:51:40.431+02:00 DEBUG 7856 --- [pool-2-thread-1] c.o.tourguide.service.RewardsService     : Checking if the user c44598de-b9c6-4354-9509-20433863ca3f already get close from Buffalo National River
2023-09-27T16:51:40.431+02:00 DEBUG 7856 --- [pool-2-thread-1] c.o.tourguide.service.RewardsService     : Calculate distance between -92.757652/35.985512 and 69.957815/-42.088409
2023-09-27T16:51:40.431+02:00 DEBUG 7856 --- [pool-2-thread-1] c.o.tourguide.service.RewardsService     : Checking if the user c44598de-b9c6-4354-9509-20433863ca3f already get close from Hot Springs National Park
2023-09-27T16:51:40.431+02:00 DEBUG 7856 --- [pool-2-thread-1] c.o.tourguide.service.RewardsService     : Calculate distance between -93.042267/34.52153 and 69.957815/-42.088409
2023-09-27T16:51:40.431+02:00 DEBUG 7856 --- [pool-2-thread-1] c.o.tourguide.service.RewardsService     : Checking if the user c44598de-b9c6-4354-9509-20433863ca3f already get close from Kartchner Caverns State Park
2023-09-27T16:51:40.431+02:00 DEBUG 7856 --- [pool-2-thread-1] c.o.tourguide.service.RewardsService     : Calculate distance between -110.347382/31.837551 and 69.957815/-42.088409
2023-09-27T16:51:40.431+02:00 DEBUG 7856 --- [pool-2-thread-1] c.o.tourguide.service.RewardsService     : Checking if the user c44598de-b9c6-4354-9509-20433863ca3f already get close from Legend Valley
2023-09-27T16:51:40.431+02:00 DEBUG 7856 --- [pool-2-thread-1] c.o.tourguide.service.RewardsService     : Calculate distance between -82.40667/39.937778 and 69.957815/-42.088409
2023-09-27T16:51:40.431+02:00 DEBUG 7856 --- [pool-2-thread-1] c.o.tourguide.service.RewardsService     : Checking if the user c44598de-b9c6-4354-9509-20433863ca3f already get close from Flowers Bakery of London
2023-09-27T16:51:40.431+02:00 DEBUG 7856 --- [pool-2-thread-1] c.o.tourguide.service.RewardsService     : Calculate distance between -84.07486/37.131527 and 69.957815/-42.088409
2023-09-27T16:51:40.431+02:00 DEBUG 7856 --- [pool-2-thread-1] c.o.tourguide.service.RewardsService     : Checking if the user c44598de-b9c6-4354-9509-20433863ca3f already get close from McKinley Tower
2023-09-27T16:51:40.431+02:00 DEBUG 7856 --- [pool-2-thread-1] c.o.tourguide.service.RewardsService     : Calculate distance between -149.877502/61.218887 and 69.957815/-42.088409
2023-09-27T16:51:40.431+02:00 DEBUG 7856 --- [pool-2-thread-1] c.o.tourguide.service.RewardsService     : Checking if the user c44598de-b9c6-4354-9509-20433863ca3f already get close from Flatiron Building
2023-09-27T16:51:40.431+02:00 DEBUG 7856 --- [pool-2-thread-1] c.o.tourguide.service.RewardsService     : Calculate distance between -73.989723/40.741112 and 69.957815/-42.088409
2023-09-27T16:51:40.431+02:00 DEBUG 7856 --- [pool-2-thread-1] c.o.tourguide.service.RewardsService     : Checking if the user c44598de-b9c6-4354-9509-20433863ca3f already get close from Fallingwater
2023-09-27T16:51:40.431+02:00 DEBUG 7856 --- [pool-2-thread-1] c.o.tourguide.service.RewardsService     : Calculate distance between -79.468056/39.906113 and 69.957815/-42.088409
2023-09-27T16:51:40.431+02:00 DEBUG 7856 --- [pool-2-thread-1] c.o.tourguide.service.RewardsService     : Checking if the user c44598de-b9c6-4354-9509-20433863ca3f already get close from Union Station
2023-09-27T16:51:40.431+02:00 DEBUG 7856 --- [pool-2-thread-1] c.o.tourguide.service.RewardsService     : Calculate distance between -77.006332/38.897095 and 69.957815/-42.088409
2023-09-27T16:51:40.431+02:00 DEBUG 7856 --- [pool-2-thread-1] c.o.tourguide.service.RewardsService     : Checking if the user c44598de-b9c6-4354-9509-20433863ca3f already get close from Roger Dean Stadium
2023-09-27T16:51:40.431+02:00 DEBUG 7856 --- [pool-2-thread-1] c.o.tourguide.service.RewardsService     : Calculate distance between -80.116577/26.890959 and 69.957815/-42.088409
2023-09-27T16:51:40.431+02:00 DEBUG 7856 --- [pool-2-thread-1] c.o.tourguide.service.RewardsService     : Checking if the user c44598de-b9c6-4354-9509-20433863ca3f already get close from Texas Memorial Stadium
2023-09-27T16:51:40.431+02:00 DEBUG 7856 --- [pool-2-thread-1] c.o.tourguide.service.RewardsService     : Calculate distance between -97.732536/30.283682 and 69.957815/-42.088409
2023-09-27T16:51:40.431+02:00 DEBUG 7856 --- [pool-2-thread-1] c.o.tourguide.service.RewardsService     : Checking if the user c44598de-b9c6-4354-9509-20433863ca3f already get close from Bryant-Denny Stadium
2023-09-27T16:51:40.431+02:00 DEBUG 7856 --- [pool-2-thread-1] c.o.tourguide.service.RewardsService     : Calculate distance between -87.550438/33.208973 and 69.957815/-42.088409
2023-09-27T16:51:40.431+02:00 DEBUG 7856 --- [pool-2-thread-1] c.o.tourguide.service.RewardsService     : Checking if the user c44598de-b9c6-4354-9509-20433863ca3f already get close from Tiger Stadium
2023-09-27T16:51:40.431+02:00 DEBUG 7856 --- [pool-2-thread-1] c.o.tourguide.service.RewardsService     : Calculate distance between -91.183815/30.412035 and 69.957815/-42.088409
2023-09-27T16:51:40.431+02:00 DEBUG 7856 --- [pool-2-thread-1] c.o.tourguide.service.RewardsService     : Checking if the user c44598de-b9c6-4354-9509-20433863ca3f already get close from Neyland Stadium
2023-09-27T16:51:40.431+02:00 DEBUG 7856 --- [pool-2-thread-1] c.o.tourguide.service.RewardsService     : Calculate distance between -83.925011/35.955013 and 69.957815/-42.088409
2023-09-27T16:51:40.431+02:00 DEBUG 7856 --- [pool-2-thread-1] c.o.tourguide.service.RewardsService     : Checking if the user c44598de-b9c6-4354-9509-20433863ca3f already get close from Kyle Field
2023-09-27T16:51:40.431+02:00 DEBUG 7856 --- [pool-2-thread-1] c.o.tourguide.service.RewardsService     : Calculate distance between -96.339844/30.61025 and 69.957815/-42.088409
2023-09-27T16:51:40.431+02:00 DEBUG 7856 --- [pool-2-thread-1] c.o.tourguide.service.RewardsService     : Checking if the user c44598de-b9c6-4354-9509-20433863ca3f already get close from San Diego Zoo
2023-09-27T16:51:40.431+02:00 DEBUG 7856 --- [pool-2-thread-1] c.o.tourguide.service.RewardsService     : Calculate distance between -117.149048/32.735317 and 69.957815/-42.088409
2023-09-27T16:51:40.432+02:00 DEBUG 7856 --- [pool-2-thread-1] c.o.tourguide.service.RewardsService     : Checking if the user c44598de-b9c6-4354-9509-20433863ca3f already get close from Zoo Tampa at Lowry Park
2023-09-27T16:51:40.432+02:00 DEBUG 7856 --- [pool-2-thread-1] c.o.tourguide.service.RewardsService     : Calculate distance between -82.469269/28.012804 and 69.957815/-42.088409
2023-09-27T16:51:40.432+02:00 DEBUG 7856 --- [pool-2-thread-1] c.o.tourguide.service.RewardsService     : Checking if the user c44598de-b9c6-4354-9509-20433863ca3f already get close from Franklin Park Zoo
2023-09-27T16:51:40.432+02:00 DEBUG 7856 --- [pool-2-thread-1] c.o.tourguide.service.RewardsService     : Calculate distance between -71.086731/42.302601 and 69.957815/-42.088409
2023-09-27T16:51:40.432+02:00 DEBUG 7856 --- [pool-2-thread-1] c.o.tourguide.service.RewardsService     : Checking if the user c44598de-b9c6-4354-9509-20433863ca3f already get close from El Paso Zoo
2023-09-27T16:51:40.432+02:00 DEBUG 7856 --- [pool-2-thread-1] c.o.tourguide.service.RewardsService     : Calculate distance between -106.44487/31.769125 and 69.957815/-42.088409
2023-09-27T16:51:40.432+02:00 DEBUG 7856 --- [pool-2-thread-1] c.o.tourguide.service.RewardsService     : Checking if the user c44598de-b9c6-4354-9509-20433863ca3f already get close from Kansas City Zoo
2023-09-27T16:51:40.432+02:00 DEBUG 7856 --- [pool-2-thread-1] c.o.tourguide.service.RewardsService     : Calculate distance between -94.529625/39.007504 and 69.957815/-42.088409
2023-09-27T16:51:40.432+02:00 DEBUG 7856 --- [pool-2-thread-1] c.o.tourguide.service.RewardsService     : Checking if the user c44598de-b9c6-4354-9509-20433863ca3f already get close from Bronx Zoo
2023-09-27T16:51:40.432+02:00 DEBUG 7856 --- [pool-2-thread-1] c.o.tourguide.service.RewardsService     : Calculate distance between -73.872971/40.852905 and 69.957815/-42.088409
2023-09-27T16:51:40.432+02:00 DEBUG 7856 --- [pool-2-thread-1] c.o.tourguide.service.RewardsService     : Checking if the user c44598de-b9c6-4354-9509-20433863ca3f already get close from Cinderella Castle
2023-09-27T16:51:40.432+02:00 DEBUG 7856 --- [pool-2-thread-1] c.o.tourguide.service.RewardsService     : Calculate distance between -81.5812/28.419411 and 69.957815/-42.088409
2023-09-27T16:51:40.432+02:00 DEBUG 7856 --- [pool-2-thread-1] c.o.tourguide.service.RewardsService     : Trying to add 0 rewards
2023-09-27T16:51:40.517+02:00  INFO 7856 --- [pool-2-thread-1] c.o.tourguide.service.TourGuideService   : Adding the current location to the user internalUser6483
2023-09-27T16:51:40.517+02:00 DEBUG 7856 --- [pool-2-thread-1] c.o.tourguide.service.RewardsService     : calculate reward for internalUser6483 on his 5 known locations
2023-09-27T16:51:40.528+02:00 DEBUG 7856 --- [pool-2-thread-1] c.o.tourguide.service.RewardsService     : Checking if the user 7c2d4ee8-137d-401a-a47d-d021dd2b15aa already get close from Disneyland
2023-09-27T16:51:40.528+02:00 DEBUG 7856 --- [pool-2-thread-1] c.o.tourguide.service.RewardsService     : Calculate distance between -117.922008/33.817595 and -76.1798419017762/26.082093162641698
2023-09-27T16:51:40.528+02:00 DEBUG 7856 --- [pool-2-thread-1] c.o.tourguide.service.RewardsService     : Checking if the user 7c2d4ee8-137d-401a-a47d-d021dd2b15aa already get close from Jackson Hole
2023-09-27T16:51:40.528+02:00 DEBUG 7856 --- [pool-2-thread-1] c.o.tourguide.service.RewardsService     : Calculate distance between -110.821999/43.582767 and -76.1798419017762/26.082093162641698
2023-09-27T16:51:40.528+02:00 DEBUG 7856 --- [pool-2-thread-1] c.o.tourguide.service.RewardsService     : Checking if the user 7c2d4ee8-137d-401a-a47d-d021dd2b15aa already get close from Mojave National Preserve
2023-09-27T16:51:40.528+02:00 DEBUG 7856 --- [pool-2-thread-1] c.o.tourguide.service.RewardsService     : Calculate distance between -115.510399/35.141689 and -76.1798419017762/26.082093162641698
2023-09-27T16:51:40.528+02:00 DEBUG 7856 --- [pool-2-thread-1] c.o.tourguide.service.RewardsService     : Checking if the user 7c2d4ee8-137d-401a-a47d-d021dd2b15aa already get close from Joshua Tree National Park
2023-09-27T16:51:40.528+02:00 DEBUG 7856 --- [pool-2-thread-1] c.o.tourguide.service.RewardsService     : Calculate distance between -115.90065/33.881866 and -76.1798419017762/26.082093162641698
2023-09-27T16:51:40.528+02:00 DEBUG 7856 --- [pool-2-thread-1] c.o.tourguide.service.RewardsService     : Checking if the user 7c2d4ee8-137d-401a-a47d-d021dd2b15aa already get close from Buffalo National River
2023-09-27T16:51:40.528+02:00 DEBUG 7856 --- [pool-2-thread-1] c.o.tourguide.service.RewardsService     : Calculate distance between -92.757652/35.985512 and -76.1798419017762/26.082093162641698
2023-09-27T16:51:40.528+02:00 DEBUG 7856 --- [pool-2-thread-1] c.o.tourguide.service.RewardsService     : Checking if the user 7c2d4ee8-137d-401a-a47d-d021dd2b15aa already get close from Hot Springs National Park
2023-09-27T16:51:40.528+02:00 DEBUG 7856 --- [pool-2-thread-1] c.o.tourguide.service.RewardsService     : Calculate distance between -93.042267/34.52153 and -76.1798419017762/26.082093162641698
2023-09-27T16:51:40.528+02:00 DEBUG 7856 --- [pool-2-thread-1] c.o.tourguide.service.RewardsService     : Checking if the user 7c2d4ee8-137d-401a-a47d-d021dd2b15aa already get close from Kartchner Caverns State Park
2023-09-27T16:51:40.528+02:00 DEBUG 7856 --- [pool-2-thread-1] c.o.tourguide.service.RewardsService     : Calculate distance between -110.347382/31.837551 and -76.1798419017762/26.082093162641698
2023-09-27T16:51:40.528+02:00 DEBUG 7856 --- [pool-2-thread-1] c.o.tourguide.service.RewardsService     : Checking if the user 7c2d4ee8-137d-401a-a47d-d021dd2b15aa already get close from Legend Valley
2023-09-27T16:51:40.528+02:00 DEBUG 7856 --- [pool-2-thread-1] c.o.tourguide.service.RewardsService     : Calculate distance between -82.40667/39.937778 and -76.1798419017762/26.082093162641698
2023-09-27T16:51:40.528+02:00 DEBUG 7856 --- [pool-2-thread-1] c.o.tourguide.service.RewardsService     : Checking if the user 7c2d4ee8-137d-401a-a47d-d021dd2b15aa already get close from Flowers Bakery of London
2023-09-27T16:51:40.528+02:00 DEBUG 7856 --- [pool-2-thread-1] c.o.tourguide.service.RewardsService     : Calculate distance between -84.07486/37.131527 and -76.1798419017762/26.082093162641698
2023-09-27T16:51:40.528+02:00 DEBUG 7856 --- [pool-2-thread-1] c.o.tourguide.service.RewardsService     : Checking if the user 7c2d4ee8-137d-401a-a47d-d021dd2b15aa already get close from McKinley Tower
2023-09-27T16:51:40.528+02:00 DEBUG 7856 --- [pool-2-thread-1] c.o.tourguide.service.RewardsService     : Calculate distance between -149.877502/61.218887 and -76.1798419017762/26.082093162641698
2023-09-27T16:51:40.528+02:00 DEBUG 7856 --- [pool-2-thread-1] c.o.tourguide.service.RewardsService     : Checking if the user 7c2d4ee8-137d-401a-a47d-d021dd2b15aa already get close from Flatiron Building
2023-09-27T16:51:40.528+02:00 DEBUG 7856 --- [pool-2-thread-1] c.o.tourguide.service.RewardsService     : Calculate distance between -73.989723/40.741112 and -76.1798419017762/26.082093162641698
2023-09-27T16:51:40.528+02:00 DEBUG 7856 --- [pool-2-thread-1] c.o.tourguide.service.RewardsService     : Checking if the user 7c2d4ee8-137d-401a-a47d-d021dd2b15aa already get close from Fallingwater
2023-09-27T16:51:40.528+02:00 DEBUG 7856 --- [pool-2-thread-1] c.o.tourguide.service.RewardsService     : Calculate distance between -79.468056/39.906113 and -76.1798419017762/26.082093162641698
2023-09-27T16:51:40.528+02:00 DEBUG 7856 --- [pool-2-thread-1] c.o.tourguide.service.RewardsService     : Checking if the user 7c2d4ee8-137d-401a-a47d-d021dd2b15aa already get close from Union Station
2023-09-27T16:51:40.528+02:00 DEBUG 7856 --- [pool-2-thread-1] c.o.tourguide.service.RewardsService     : Calculate distance between -77.006332/38.897095 and -76.1798419017762/26.082093162641698
2023-09-27T16:51:40.528+02:00 DEBUG 7856 --- [pool-2-thread-1] c.o.tourguide.service.RewardsService     : Checking if the user 7c2d4ee8-137d-401a-a47d-d021dd2b15aa already get close from Roger Dean Stadium
2023-09-27T16:51:40.528+02:00 DEBUG 7856 --- [pool-2-thread-1] c.o.tourguide.service.RewardsService     : Calculate distance between -80.116577/26.890959 and -76.1798419017762/26.082093162641698
2023-09-27T16:51:40.528+02:00 DEBUG 7856 --- [pool-2-thread-1] c.o.tourguide.service.RewardsService     : Checking if the user 7c2d4ee8-137d-401a-a47d-d021dd2b15aa already get close from Texas Memorial Stadium
2023-09-27T16:51:40.528+02:00 DEBUG 7856 --- [pool-2-thread-1] c.o.tourguide.service.RewardsService     : Calculate distance between -97.732536/30.283682 and -76.1798419017762/26.082093162641698
2023-09-27T16:51:40.528+02:00 DEBUG 7856 --- [pool-2-thread-1] c.o.tourguide.service.RewardsService     : Checking if the user 7c2d4ee8-137d-401a-a47d-d021dd2b15aa already get close from Bryant-Denny Stadium
2023-09-27T16:51:40.528+02:00 DEBUG 7856 --- [pool-2-thread-1] c.o.tourguide.service.RewardsService     : Calculate distance between -87.550438/33.208973 and -76.1798419017762/26.082093162641698
2023-09-27T16:51:40.528+02:00 DEBUG 7856 --- [pool-2-thread-1] c.o.tourguide.service.RewardsService     : Checking if the user 7c2d4ee8-137d-401a-a47d-d021dd2b15aa already get close from Tiger Stadium
2023-09-27T16:51:40.528+02:00 DEBUG 7856 --- [pool-2-thread-1] c.o.tourguide.service.RewardsService     : Calculate distance between -91.183815/30.412035 and -76.1798419017762/26.082093162641698
2023-09-27T16:51:40.528+02:00 DEBUG 7856 --- [pool-2-thread-1] c.o.tourguide.service.RewardsService     : Checking if the user 7c2d4ee8-137d-401a-a47d-d021dd2b15aa already get close from Neyland Stadium
2023-09-27T16:51:40.528+02:00 DEBUG 7856 --- [pool-2-thread-1] c.o.tourguide.service.RewardsService     : Calculate distance between -83.925011/35.955013 and -76.1798419017762/26.082093162641698
2023-09-27T16:51:40.528+02:00 DEBUG 7856 --- [pool-2-thread-1] c.o.tourguide.service.RewardsService     : Checking if the user 7c2d4ee8-137d-401a-a47d-d021dd2b15aa already get close from Kyle Field
2023-09-27T16:51:40.528+02:00 DEBUG 7856 --- [pool-2-thread-1] c.o.tourguide.service.RewardsService     : Calculate distance between -96.339844/30.61025 and -76.1798419017762/26.082093162641698
2023-09-27T16:51:40.528+02:00 DEBUG 7856 --- [pool-2-thread-1] c.o.tourguide.service.RewardsService     : Checking if the user 7c2d4ee8-137d-401a-a47d-d021dd2b15aa already get close from San Diego Zoo
2023-09-27T16:51:40.528+02:00 DEBUG 7856 --- [pool-2-thread-1] c.o.tourguide.service.RewardsService     : Calculate distance between -117.149048/32.735317 and -76.1798419017762/26.082093162641698
2023-09-27T16:51:40.528+02:00 DEBUG 7856 --- [pool-2-thread-1] c.o.tourguide.service.RewardsService     : Checking if the user 7c2d4ee8-137d-401a-a47d-d021dd2b15aa already get close from Zoo Tampa at Lowry Park
2023-09-27T16:51:40.528+02:00 DEBUG 7856 --- [pool-2-thread-1] c.o.tourguide.service.RewardsService     : Calculate distance between -82.469269/28.012804 and -76.1798419017762/26.082093162641698
2023-09-27T16:51:40.528+02:00 DEBUG 7856 --- [pool-2-thread-1] c.o.tourguide.service.RewardsService     : Checking if the user 7c2d4ee8-137d-401a-a47d-d021dd2b15aa already get close from Franklin Park Zoo
2023-09-27T16:51:40.528+02:00 DEBUG 7856 --- [pool-2-thread-1] c.o.tourguide.service.RewardsService     : Calculate distance between -71.086731/42.302601 and -76.1798419017762/26.082093162641698
2023-09-27T16:51:40.528+02:00 DEBUG 7856 --- [pool-2-thread-1] c.o.tourguide.service.RewardsService     : Checking if the user 7c2d4ee8-137d-401a-a47d-d021dd2b15aa already get close from El Paso Zoo
2023-09-27T16:51:40.528+02:00 DEBUG 7856 --- [pool-2-thread-1] c.o.tourguide.service.RewardsService     : Calculate distance between -106.44487/31.769125 and -76.1798419017762/26.082093162641698
2023-09-27T16:51:40.528+02:00 DEBUG 7856 --- [pool-2-thread-1] c.o.tourguide.service.RewardsService     : Checking if the user 7c2d4ee8-137d-401a-a47d-d021dd2b15aa already get close from Kansas City Zoo
2023-09-27T16:51:40.528+02:00 DEBUG 7856 --- [pool-2-thread-1] c.o.tourguide.service.RewardsService     : Calculate distance between -94.529625/39.007504 and -76.1798419017762/26.082093162641698
2023-09-27T16:51:40.528+02:00 DEBUG 7856 --- [pool-2-thread-1] c.o.tourguide.service.RewardsService     : Checking if the user 7c2d4ee8-137d-401a-a47d-d021dd2b15aa already get close from Bronx Zoo
2023-09-27T16:51:40.528+02:00 DEBUG 7856 --- [pool-2-thread-1] c.o.tourguide.service.RewardsService     : Calculate distance between -73.872971/40.852905 and -76.1798419017762/26.082093162641698
2023-09-27T16:51:40.528+02:00 DEBUG 7856 --- [pool-2-thread-1] c.o.tourguide.service.RewardsService     : Checking if the user 7c2d4ee8-137d-401a-a47d-d021dd2b15aa already get close from Cinderella Castle
2023-09-27T16:51:40.528+02:00 DEBUG 7856 --- [pool-2-thread-1] c.o.tourguide.service.RewardsService     : Calculate distance between -81.5812/28.419411 and -76.1798419017762/26.082093162641698
2023-09-27T16:51:40.528+02:00 DEBUG 7856 --- [pool-2-thread-1] c.o.tourguide.service.RewardsService     : Checking if the user 7c2d4ee8-137d-401a-a47d-d021dd2b15aa already get close from Disneyland
2023-09-27T16:51:40.528+02:00 DEBUG 7856 --- [pool-2-thread-1] c.o.tourguide.service.RewardsService     : Calculate distance between -117.922008/33.817595 and 173.94788153097028/-81.31091367377546
2023-09-27T16:51:40.528+02:00 DEBUG 7856 --- [pool-2-thread-1] c.o.tourguide.service.RewardsService     : Checking if the user 7c2d4ee8-137d-401a-a47d-d021dd2b15aa already get close from Jackson Hole
2023-09-27T16:51:40.528+02:00 DEBUG 7856 --- [pool-2-thread-1] c.o.tourguide.service.RewardsService     : Calculate distance between -110.821999/43.582767 and 173.94788153097028/-81.31091367377546
2023-09-27T16:51:40.528+02:00 DEBUG 7856 --- [pool-2-thread-1] c.o.tourguide.service.RewardsService     : Checking if the user 7c2d4ee8-137d-401a-a47d-d021dd2b15aa already get close from Mojave National Preserve
2023-09-27T16:51:40.528+02:00 DEBUG 7856 --- [pool-2-thread-1] c.o.tourguide.service.RewardsService     : Calculate distance between -115.510399/35.141689 and 173.94788153097028/-81.31091367377546
2023-09-27T16:51:40.528+02:00 DEBUG 7856 --- [pool-2-thread-1] c.o.tourguide.service.RewardsService     : Checking if the user 7c2d4ee8-137d-401a-a47d-d021dd2b15aa already get close from Joshua Tree National Park
2023-09-27T16:51:40.528+02:00 DEBUG 7856 --- [pool-2-thread-1] c.o.tourguide.service.RewardsService     : Calculate distance between -115.90065/33.881866 and 173.94788153097028/-81.31091367377546
2023-09-27T16:51:40.528+02:00 DEBUG 7856 --- [pool-2-thread-1] c.o.tourguide.service.RewardsService     : Checking if the user 7c2d4ee8-137d-401a-a47d-d021dd2b15aa already get close from Buffalo National River
2023-09-27T16:51:40.528+02:00 DEBUG 7856 --- [pool-2-thread-1] c.o.tourguide.service.RewardsService     : Calculate distance between -92.757652/35.985512 and 173.94788153097028/-81.31091367377546
2023-09-27T16:51:40.528+02:00 DEBUG 7856 --- [pool-2-thread-1] c.o.tourguide.service.RewardsService     : Checking if the user 7c2d4ee8-137d-401a-a47d-d021dd2b15aa already get close from Hot Springs National Park
2023-09-27T16:51:40.528+02:00 DEBUG 7856 --- [pool-2-thread-1] c.o.tourguide.service.RewardsService     : Calculate distance between -93.042267/34.52153 and 173.94788153097028/-81.31091367377546
2023-09-27T16:51:40.528+02:00 DEBUG 7856 --- [pool-2-thread-1] c.o.tourguide.service.RewardsService     : Checking if the user 7c2d4ee8-137d-401a-a47d-d021dd2b15aa already get close from Kartchner Caverns State Park
2023-09-27T16:51:40.528+02:00 DEBUG 7856 --- [pool-2-thread-1] c.o.tourguide.service.RewardsService     : Calculate distance between -110.347382/31.837551 and 173.94788153097028/-81.31091367377546
2023-09-27T16:51:40.528+02:00 DEBUG 7856 --- [pool-2-thread-1] c.o.tourguide.service.RewardsService     : Checking if the user 7c2d4ee8-137d-401a-a47d-d021dd2b15aa already get close from Legend Valley
2023-09-27T16:51:40.528+02:00 DEBUG 7856 --- [pool-2-thread-1] c.o.tourguide.service.RewardsService     : Calculate distance between -82.40667/39.937778 and 173.94788153097028/-81.31091367377546
2023-09-27T16:51:40.528+02:00 DEBUG 7856 --- [pool-2-thread-1] c.o.tourguide.service.RewardsService     : Checking if the user 7c2d4ee8-137d-401a-a47d-d021dd2b15aa already get close from Flowers Bakery of London
2023-09-27T16:51:40.528+02:00 DEBUG 7856 --- [pool-2-thread-1] c.o.tourguide.service.RewardsService     : Calculate distance between -84.07486/37.131527 and 173.94788153097028/-81.31091367377546
2023-09-27T16:51:40.528+02:00 DEBUG 7856 --- [pool-2-thread-1] c.o.tourguide.service.RewardsService     : Checking if the user 7c2d4ee8-137d-401a-a47d-d021dd2b15aa already get close from McKinley Tower
2023-09-27T16:51:40.528+02:00 DEBUG 7856 --- [pool-2-thread-1] c.o.tourguide.service.RewardsService     : Calculate distance between -149.877502/61.218887 and 173.94788153097028/-81.31091367377546
2023-09-27T16:51:40.528+02:00 DEBUG 7856 --- [pool-2-thread-1] c.o.tourguide.service.RewardsService     : Checking if the user 7c2d4ee8-137d-401a-a47d-d021dd2b15aa already get close from Flatiron Building
2023-09-27T16:51:40.528+02:00 DEBUG 7856 --- [pool-2-thread-1] c.o.tourguide.service.RewardsService     : Calculate distance between -73.989723/40.741112 and 173.94788153097028/-81.31091367377546
2023-09-27T16:51:40.528+02:00 DEBUG 7856 --- [pool-2-thread-1] c.o.tourguide.service.RewardsService     : Checking if the user 7c2d4ee8-137d-401a-a47d-d021dd2b15aa already get close from Fallingwater
2023-09-27T16:51:40.528+02:00 DEBUG 7856 --- [pool-2-thread-1] c.o.tourguide.service.RewardsService     : Calculate distance between -79.468056/39.906113 and 173.94788153097028/-81.31091367377546
2023-09-27T16:51:40.528+02:00 DEBUG 7856 --- [pool-2-thread-1] c.o.tourguide.service.RewardsService     : Checking if the user 7c2d4ee8-137d-401a-a47d-d021dd2b15aa already get close from Union Station
2023-09-27T16:51:40.528+02:00 DEBUG 7856 --- [pool-2-thread-1] c.o.tourguide.service.RewardsService     : Calculate distance between -77.006332/38.897095 and 173.94788153097028/-81.31091367377546
2023-09-27T16:51:40.528+02:00 DEBUG 7856 --- [pool-2-thread-1] c.o.tourguide.service.RewardsService     : Checking if the user 7c2d4ee8-137d-401a-a47d-d021dd2b15aa already get close from Roger Dean Stadium
2023-09-27T16:51:40.528+02:00 DEBUG 7856 --- [pool-2-thread-1] c.o.tourguide.service.RewardsService     : Calculate distance between -80.116577/26.890959 and 173.94788153097028/-81.31091367377546
2023-09-27T16:51:40.528+02:00 DEBUG 7856 --- [pool-2-thread-1] c.o.tourguide.service.RewardsService     : Checking if the user 7c2d4ee8-137d-401a-a47d-d021dd2b15aa already get close from Texas Memorial Stadium
2023-09-27T16:51:40.528+02:00 DEBUG 7856 --- [pool-2-thread-1] c.o.tourguide.service.RewardsService     : Calculate distance between -97.732536/30.283682 and 173.94788153097028/-81.31091367377546
2023-09-27T16:51:40.528+02:00 DEBUG 7856 --- [pool-2-thread-1] c.o.tourguide.service.RewardsService     : Checking if the user 7c2d4ee8-137d-401a-a47d-d021dd2b15aa already get close from Bryant-Denny Stadium
2023-09-27T16:51:40.528+02:00 DEBUG 7856 --- [pool-2-thread-1] c.o.tourguide.service.RewardsService     : Calculate distance between -87.550438/33.208973 and 173.94788153097028/-81.31091367377546
2023-09-27T16:51:40.528+02:00 DEBUG 7856 --- [pool-2-thread-1] c.o.tourguide.service.RewardsService     : Checking if the user 7c2d4ee8-137d-401a-a47d-d021dd2b15aa already get close from Tiger Stadium
2023-09-27T16:51:40.528+02:00 DEBUG 7856 --- [pool-2-thread-1] c.o.tourguide.service.RewardsService     : Calculate distance between -91.183815/30.412035 and 173.94788153097028/-81.31091367377546
2023-09-27T16:51:40.528+02:00 DEBUG 7856 --- [pool-2-thread-1] c.o.tourguide.service.RewardsService     : Checking if the user 7c2d4ee8-137d-401a-a47d-d021dd2b15aa already get close from Neyland Stadium
2023-09-27T16:51:40.528+02:00 DEBUG 7856 --- [pool-2-thread-1] c.o.tourguide.service.RewardsService     : Calculate distance between -83.925011/35.955013 and 173.94788153097028/-81.31091367377546
2023-09-27T16:51:40.528+02:00 DEBUG 7856 --- [pool-2-thread-1] c.o.tourguide.service.RewardsService     : Checking if the user 7c2d4ee8-137d-401a-a47d-d021dd2b15aa already get close from Kyle Field
2023-09-27T16:51:40.528+02:00 DEBUG 7856 --- [pool-2-thread-1] c.o.tourguide.service.RewardsService     : Calculate distance between -96.339844/30.61025 and 173.94788153097028/-81.31091367377546
2023-09-27T16:51:40.528+02:00 DEBUG 7856 --- [pool-2-thread-1] c.o.tourguide.service.RewardsService     : Checking if the user 7c2d4ee8-137d-401a-a47d-d021dd2b15aa already get close from San Diego Zoo
2023-09-27T16:51:40.528+02:00 DEBUG 7856 --- [pool-2-thread-1] c.o.tourguide.service.RewardsService     : Calculate distance between -117.149048/32.735317 and 173.94788153097028/-81.31091367377546
2023-09-27T16:51:40.528+02:00 DEBUG 7856 --- [pool-2-thread-1] c.o.tourguide.service.RewardsService     : Checking if the user 7c2d4ee8-137d-401a-a47d-d021dd2b15aa already get close from Zoo Tampa at Lowry Park
2023-09-27T16:51:40.528+02:00 DEBUG 7856 --- [pool-2-thread-1] c.o.tourguide.service.RewardsService     : Calculate distance between -82.469269/28.012804 and 173.94788153097028/-81.31091367377546
2023-09-27T16:51:40.528+02:00 DEBUG 7856 --- [pool-2-thread-1] c.o.tourguide.service.RewardsService     : Checking if the user 7c2d4ee8-137d-401a-a47d-d021dd2b15aa already get close from Franklin Park Zoo
2023-09-27T16:51:40.528+02:00 DEBUG 7856 --- [pool-2-thread-1] c.o.tourguide.service.RewardsService     : Calculate distance between -71.086731/42.302601 and 173.94788153097028/-81.31091367377546
2023-09-27T16:51:40.529+02:00 DEBUG 7856 --- [pool-2-thread-1] c.o.tourguide.service.RewardsService     : Checking if the user 7c2d4ee8-137d-401a-a47d-d021dd2b15aa already get close from El Paso Zoo
2023-09-27T16:51:40.529+02:00 DEBUG 7856 --- [pool-2-thread-1] c.o.tourguide.service.RewardsService     : Calculate distance between -106.44487/31.769125 and 173.94788153097028/-81.31091367377546
2023-09-27T16:51:40.529+02:00 DEBUG 7856 --- [pool-2-thread-1] c.o.tourguide.service.RewardsService     : Checking if the user 7c2d4ee8-137d-401a-a47d-d021dd2b15aa already get close from Kansas City Zoo
2023-09-27T16:51:40.529+02:00 DEBUG 7856 --- [pool-2-thread-1] c.o.tourguide.service.RewardsService     : Calculate distance between -94.529625/39.007504 and 173.94788153097028/-81.31091367377546
2023-09-27T16:51:40.529+02:00 DEBUG 7856 --- [pool-2-thread-1] c.o.tourguide.service.RewardsService     : Checking if the user 7c2d4ee8-137d-401a-a47d-d021dd2b15aa already get close from Bronx Zoo
2023-09-27T16:51:40.529+02:00 DEBUG 7856 --- [pool-2-thread-1] c.o.tourguide.service.RewardsService     : Calculate distance between -73.872971/40.852905 and 173.94788153097028/-81.31091367377546
2023-09-27T16:51:40.529+02:00 DEBUG 7856 --- [pool-2-thread-1] c.o.tourguide.service.RewardsService     : Checking if the user 7c2d4ee8-137d-401a-a47d-d021dd2b15aa already get close from Cinderella Castle
2023-09-27T16:51:40.529+02:00 DEBUG 7856 --- [pool-2-thread-1] c.o.tourguide.service.RewardsService     : Calculate distance between -81.5812/28.419411 and 173.94788153097028/-81.31091367377546
2023-09-27T16:51:40.529+02:00 DEBUG 7856 --- [pool-2-thread-1] c.o.tourguide.service.RewardsService     : Checking if the user 7c2d4ee8-137d-401a-a47d-d021dd2b15aa already get close from Disneyland
2023-09-27T16:51:40.529+02:00 DEBUG 7856 --- [pool-2-thread-1] c.o.tourguide.service.RewardsService     : Calculate distance between -117.922008/33.817595 and -24.317648597520616/27.04964871129387
2023-09-27T16:51:40.529+02:00 DEBUG 7856 --- [pool-2-thread-1] c.o.tourguide.service.RewardsService     : Checking if the user 7c2d4ee8-137d-401a-a47d-d021dd2b15aa already get close from Jackson Hole
2023-09-27T16:51:40.529+02:00 DEBUG 7856 --- [pool-2-thread-1] c.o.tourguide.service.RewardsService     : Calculate distance between -110.821999/43.582767 and -24.317648597520616/27.04964871129387
2023-09-27T16:51:40.529+02:00 DEBUG 7856 --- [pool-2-thread-1] c.o.tourguide.service.RewardsService     : Checking if the user 7c2d4ee8-137d-401a-a47d-d021dd2b15aa already get close from Mojave National Preserve
2023-09-27T16:51:40.529+02:00 DEBUG 7856 --- [pool-2-thread-1] c.o.tourguide.service.RewardsService     : Calculate distance between -115.510399/35.141689 and -24.317648597520616/27.04964871129387
2023-09-27T16:51:40.529+02:00 DEBUG 7856 --- [pool-2-thread-1] c.o.tourguide.service.RewardsService     : Checking if the user 7c2d4ee8-137d-401a-a47d-d021dd2b15aa already get close from Joshua Tree National Park
2023-09-27T16:51:40.529+02:00 DEBUG 7856 --- [pool-2-thread-1] c.o.tourguide.service.RewardsService     : Calculate distance between -115.90065/33.881866 and -24.317648597520616/27.04964871129387
2023-09-27T16:51:40.529+02:00 DEBUG 7856 --- [pool-2-thread-1] c.o.tourguide.service.RewardsService     : Checking if the user 7c2d4ee8-137d-401a-a47d-d021dd2b15aa already get close from Buffalo National River
2023-09-27T16:51:40.529+02:00 DEBUG 7856 --- [pool-2-thread-1] c.o.tourguide.service.RewardsService     : Calculate distance between -92.757652/35.985512 and -24.317648597520616/27.04964871129387
2023-09-27T16:51:40.529+02:00 DEBUG 7856 --- [pool-2-thread-1] c.o.tourguide.service.RewardsService     : Checking if the user 7c2d4ee8-137d-401a-a47d-d021dd2b15aa already get close from Hot Springs National Park
2023-09-27T16:51:40.529+02:00 DEBUG 7856 --- [pool-2-thread-1] c.o.tourguide.service.RewardsService     : Calculate distance between -93.042267/34.52153 and -24.317648597520616/27.04964871129387
2023-09-27T16:51:40.529+02:00 DEBUG 7856 --- [pool-2-thread-1] c.o.tourguide.service.RewardsService     : Checking if the user 7c2d4ee8-137d-401a-a47d-d021dd2b15aa already get close from Kartchner Caverns State Park
2023-09-27T16:51:40.529+02:00 DEBUG 7856 --- [pool-2-thread-1] c.o.tourguide.service.RewardsService     : Calculate distance between -110.347382/31.837551 and -24.317648597520616/27.04964871129387
2023-09-27T16:51:40.529+02:00 DEBUG 7856 --- [pool-2-thread-1] c.o.tourguide.service.RewardsService     : Checking if the user 7c2d4ee8-137d-401a-a47d-d021dd2b15aa already get close from Legend Valley
2023-09-27T16:51:40.529+02:00 DEBUG 7856 --- [pool-2-thread-1] c.o.tourguide.service.RewardsService     : Calculate distance between -82.40667/39.937778 and -24.317648597520616/27.04964871129387
2023-09-27T16:51:40.529+02:00 DEBUG 7856 --- [pool-2-thread-1] c.o.tourguide.service.RewardsService     : Checking if the user 7c2d4ee8-137d-401a-a47d-d021dd2b15aa already get close from Flowers Bakery of London
2023-09-27T16:51:40.529+02:00 DEBUG 7856 --- [pool-2-thread-1] c.o.tourguide.service.RewardsService     : Calculate distance between -84.07486/37.131527 and -24.317648597520616/27.04964871129387
2023-09-27T16:51:40.529+02:00 DEBUG 7856 --- [pool-2-thread-1] c.o.tourguide.service.RewardsService     : Checking if the user 7c2d4ee8-137d-401a-a47d-d021dd2b15aa already get close from McKinley Tower
2023-09-27T16:51:40.529+02:00 DEBUG 7856 --- [pool-2-thread-1] c.o.tourguide.service.RewardsService     : Calculate distance between -149.877502/61.218887 and -24.317648597520616/27.04964871129387
2023-09-27T16:51:40.529+02:00 DEBUG 7856 --- [pool-2-thread-1] c.o.tourguide.service.RewardsService     : Checking if the user 7c2d4ee8-137d-401a-a47d-d021dd2b15aa already get close from Flatiron Building
2023-09-27T16:51:40.529+02:00 DEBUG 7856 --- [pool-2-thread-1] c.o.tourguide.service.RewardsService     : Calculate distance between -73.989723/40.741112 and -24.317648597520616/27.04964871129387
2023-09-27T16:51:40.529+02:00 DEBUG 7856 --- [pool-2-thread-1] c.o.tourguide.service.RewardsService     : Checking if the user 7c2d4ee8-137d-401a-a47d-d021dd2b15aa already get close from Fallingwater
2023-09-27T16:51:40.529+02:00 DEBUG 7856 --- [pool-2-thread-1] c.o.tourguide.service.RewardsService     : Calculate distance between -79.468056/39.906113 and -24.317648597520616/27.04964871129387
2023-09-27T16:51:40.529+02:00 DEBUG 7856 --- [pool-2-thread-1] c.o.tourguide.service.RewardsService     : Checking if the user 7c2d4ee8-137d-401a-a47d-d021dd2b15aa already get close from Union Station
2023-09-27T16:51:40.529+02:00 DEBUG 7856 --- [pool-2-thread-1] c.o.tourguide.service.RewardsService     : Calculate distance between -77.006332/38.897095 and -24.317648597520616/27.04964871129387
2023-09-27T16:51:40.529+02:00 DEBUG 7856 --- [pool-2-thread-1] c.o.tourguide.service.RewardsService     : Checking if the user 7c2d4ee8-137d-401a-a47d-d021dd2b15aa already get close from Roger Dean Stadium
2023-09-27T16:51:40.529+02:00 DEBUG 7856 --- [pool-2-thread-1] c.o.tourguide.service.RewardsService     : Calculate distance between -80.116577/26.890959 and -24.317648597520616/27.04964871129387
2023-09-27T16:51:40.529+02:00 DEBUG 7856 --- [pool-2-thread-1] c.o.tourguide.service.RewardsService     : Checking if the user 7c2d4ee8-137d-401a-a47d-d021dd2b15aa already get close from Texas Memorial Stadium
2023-09-27T16:51:40.529+02:00 DEBUG 7856 --- [pool-2-thread-1] c.o.tourguide.service.RewardsService     : Calculate distance between -97.732536/30.283682 and -24.317648597520616/27.04964871129387
2023-09-27T16:51:40.529+02:00 DEBUG 7856 --- [pool-2-thread-1] c.o.tourguide.service.RewardsService     : Checking if the user 7c2d4ee8-137d-401a-a47d-d021dd2b15aa already get close from Bryant-Denny Stadium
2023-09-27T16:51:40.529+02:00 DEBUG 7856 --- [pool-2-thread-1] c.o.tourguide.service.RewardsService     : Calculate distance between -87.550438/33.208973 and -24.317648597520616/27.04964871129387
2023-09-27T16:51:40.529+02:00 DEBUG 7856 --- [pool-2-thread-1] c.o.tourguide.service.RewardsService     : Checking if the user 7c2d4ee8-137d-401a-a47d-d021dd2b15aa already get close from Tiger Stadium
2023-09-27T16:51:40.529+02:00 DEBUG 7856 --- [pool-2-thread-1] c.o.tourguide.service.RewardsService     : Calculate distance between -91.183815/30.412035 and -24.317648597520616/27.04964871129387
2023-09-27T16:51:40.529+02:00 DEBUG 7856 --- [pool-2-thread-1] c.o.tourguide.service.RewardsService     : Checking if the user 7c2d4ee8-137d-401a-a47d-d021dd2b15aa already get close from Neyland Stadium
2023-09-27T16:51:40.529+02:00 DEBUG 7856 --- [pool-2-thread-1] c.o.tourguide.service.RewardsService     : Calculate distance between -83.925011/35.955013 and -24.317648597520616/27.04964871129387
2023-09-27T16:51:40.529+02:00 DEBUG 7856 --- [pool-2-thread-1] c.o.tourguide.service.RewardsService     : Checking if the user 7c2d4ee8-137d-401a-a47d-d021dd2b15aa already get close from Kyle Field
2023-09-27T16:51:40.529+02:00 DEBUG 7856 --- [pool-2-thread-1] c.o.tourguide.service.RewardsService     : Calculate distance between -96.339844/30.61025 and -24.317648597520616/27.04964871129387
2023-09-27T16:51:40.529+02:00 DEBUG 7856 --- [pool-2-thread-1] c.o.tourguide.service.RewardsService     : Checking if the user 7c2d4ee8-137d-401a-a47d-d021dd2b15aa already get close from San Diego Zoo
2023-09-27T16:51:40.529+02:00 DEBUG 7856 --- [pool-2-thread-1] c.o.tourguide.service.RewardsService     : Calculate distance between -117.149048/32.735317 and -24.317648597520616/27.04964871129387
2023-09-27T16:51:40.529+02:00 DEBUG 7856 --- [pool-2-thread-1] c.o.tourguide.service.RewardsService     : Checking if the user 7c2d4ee8-137d-401a-a47d-d021dd2b15aa already get close from Zoo Tampa at Lowry Park
2023-09-27T16:51:40.529+02:00 DEBUG 7856 --- [pool-2-thread-1] c.o.tourguide.service.RewardsService     : Calculate distance between -82.469269/28.012804 and -24.317648597520616/27.04964871129387
2023-09-27T16:51:40.529+02:00 DEBUG 7856 --- [pool-2-thread-1] c.o.tourguide.service.RewardsService     : Checking if the user 7c2d4ee8-137d-401a-a47d-d021dd2b15aa already get close from Franklin Park Zoo
2023-09-27T16:51:40.529+02:00 DEBUG 7856 --- [pool-2-thread-1] c.o.tourguide.service.RewardsService     : Calculate distance between -71.086731/42.302601 and -24.317648597520616/27.04964871129387
2023-09-27T16:51:40.529+02:00 DEBUG 7856 --- [pool-2-thread-1] c.o.tourguide.service.RewardsService     : Checking if the user 7c2d4ee8-137d-401a-a47d-d021dd2b15aa already get close from El Paso Zoo
2023-09-27T16:51:40.529+02:00 DEBUG 7856 --- [pool-2-thread-1] c.o.tourguide.service.RewardsService     : Calculate distance between -106.44487/31.769125 and -24.317648597520616/27.04964871129387
2023-09-27T16:51:40.529+02:00 DEBUG 7856 --- [pool-2-thread-1] c.o.tourguide.service.RewardsService     : Checking if the user 7c2d4ee8-137d-401a-a47d-d021dd2b15aa already get close from Kansas City Zoo
2023-09-27T16:51:40.529+02:00 DEBUG 7856 --- [pool-2-thread-1] c.o.tourguide.service.RewardsService     : Calculate distance between -94.529625/39.007504 and -24.317648597520616/27.04964871129387
2023-09-27T16:51:40.529+02:00 DEBUG 7856 --- [pool-2-thread-1] c.o.tourguide.service.RewardsService     : Checking if the user 7c2d4ee8-137d-401a-a47d-d021dd2b15aa already get close from Bronx Zoo
2023-09-27T16:51:40.529+02:00 DEBUG 7856 --- [pool-2-thread-1] c.o.tourguide.service.RewardsService     : Calculate distance between -73.872971/40.852905 and -24.317648597520616/27.04964871129387
2023-09-27T16:51:40.529+02:00 DEBUG 7856 --- [pool-2-thread-1] c.o.tourguide.service.RewardsService     : Checking if the user 7c2d4ee8-137d-401a-a47d-d021dd2b15aa already get close from Cinderella Castle
2023-09-27T16:51:40.529+02:00 DEBUG 7856 --- [pool-2-thread-1] c.o.tourguide.service.RewardsService     : Calculate distance between -81.5812/28.419411 and -24.317648597520616/27.04964871129387
2023-09-27T16:51:40.529+02:00 DEBUG 7856 --- [pool-2-thread-1] c.o.tourguide.service.RewardsService     : Checking if the user 7c2d4ee8-137d-401a-a47d-d021dd2b15aa already get close from Disneyland
2023-09-27T16:51:40.529+02:00 DEBUG 7856 --- [pool-2-thread-1] c.o.tourguide.service.RewardsService     : Calculate distance between -117.922008/33.817595 and 118.276396/83.784291
2023-09-27T16:51:40.529+02:00 DEBUG 7856 --- [pool-2-thread-1] c.o.tourguide.service.RewardsService     : Checking if the user 7c2d4ee8-137d-401a-a47d-d021dd2b15aa already get close from Jackson Hole
2023-09-27T16:51:40.529+02:00 DEBUG 7856 --- [pool-2-thread-1] c.o.tourguide.service.RewardsService     : Calculate distance between -110.821999/43.582767 and 118.276396/83.784291
2023-09-27T16:51:40.529+02:00 DEBUG 7856 --- [pool-2-thread-1] c.o.tourguide.service.RewardsService     : Checking if the user 7c2d4ee8-137d-401a-a47d-d021dd2b15aa already get close from Mojave National Preserve
2023-09-27T16:51:40.529+02:00 DEBUG 7856 --- [pool-2-thread-1] c.o.tourguide.service.RewardsService     : Calculate distance between -115.510399/35.141689 and 118.276396/83.784291
2023-09-27T16:51:40.529+02:00 DEBUG 7856 --- [pool-2-thread-1] c.o.tourguide.service.RewardsService     : Checking if the user 7c2d4ee8-137d-401a-a47d-d021dd2b15aa already get close from Joshua Tree National Park
2023-09-27T16:51:40.529+02:00 DEBUG 7856 --- [pool-2-thread-1] c.o.tourguide.service.RewardsService     : Calculate distance between -115.90065/33.881866 and 118.276396/83.784291
2023-09-27T16:51:40.529+02:00 DEBUG 7856 --- [pool-2-thread-1] c.o.tourguide.service.RewardsService     : Checking if the user 7c2d4ee8-137d-401a-a47d-d021dd2b15aa already get close from Buffalo National River
2023-09-27T16:51:40.529+02:00 DEBUG 7856 --- [pool-2-thread-1] c.o.tourguide.service.RewardsService     : Calculate distance between -92.757652/35.985512 and 118.276396/83.784291
2023-09-27T16:51:40.529+02:00 DEBUG 7856 --- [pool-2-thread-1] c.o.tourguide.service.RewardsService     : Checking if the user 7c2d4ee8-137d-401a-a47d-d021dd2b15aa already get close from Hot Springs National Park
2023-09-27T16:51:40.529+02:00 DEBUG 7856 --- [pool-2-thread-1] c.o.tourguide.service.RewardsService     : Calculate distance between -93.042267/34.52153 and 118.276396/83.784291
2023-09-27T16:51:40.529+02:00 DEBUG 7856 --- [pool-2-thread-1] c.o.tourguide.service.RewardsService     : Checking if the user 7c2d4ee8-137d-401a-a47d-d021dd2b15aa already get close from Kartchner Caverns State Park
2023-09-27T16:51:40.529+02:00 DEBUG 7856 --- [pool-2-thread-1] c.o.tourguide.service.RewardsService     : Calculate distance between -110.347382/31.837551 and 118.276396/83.784291
2023-09-27T16:51:40.529+02:00 DEBUG 7856 --- [pool-2-thread-1] c.o.tourguide.service.RewardsService     : Checking if the user 7c2d4ee8-137d-401a-a47d-d021dd2b15aa already get close from Legend Valley
2023-09-27T16:51:40.529+02:00 DEBUG 7856 --- [pool-2-thread-1] c.o.tourguide.service.RewardsService     : Calculate distance between -82.40667/39.937778 and 118.276396/83.784291
2023-09-27T16:51:40.529+02:00 DEBUG 7856 --- [pool-2-thread-1] c.o.tourguide.service.RewardsService     : Checking if the user 7c2d4ee8-137d-401a-a47d-d021dd2b15aa already get close from Flowers Bakery of London
2023-09-27T16:51:40.529+02:00 DEBUG 7856 --- [pool-2-thread-1] c.o.tourguide.service.RewardsService     : Calculate distance between -84.07486/37.131527 and 118.276396/83.784291
2023-09-27T16:51:40.529+02:00 DEBUG 7856 --- [pool-2-thread-1] c.o.tourguide.service.RewardsService     : Checking if the user 7c2d4ee8-137d-401a-a47d-d021dd2b15aa already get close from McKinley Tower
2023-09-27T16:51:40.529+02:00 DEBUG 7856 --- [pool-2-thread-1] c.o.tourguide.service.RewardsService     : Calculate distance between -149.877502/61.218887 and 118.276396/83.784291
2023-09-27T16:51:40.529+02:00 DEBUG 7856 --- [pool-2-thread-1] c.o.tourguide.service.RewardsService     : Checking if the user 7c2d4ee8-137d-401a-a47d-d021dd2b15aa already get close from Flatiron Building
2023-09-27T16:51:40.529+02:00 DEBUG 7856 --- [pool-2-thread-1] c.o.tourguide.service.RewardsService     : Calculate distance between -73.989723/40.741112 and 118.276396/83.784291
2023-09-27T16:51:40.529+02:00 DEBUG 7856 --- [pool-2-thread-1] c.o.tourguide.service.RewardsService     : Checking if the user 7c2d4ee8-137d-401a-a47d-d021dd2b15aa already get close from Fallingwater
2023-09-27T16:51:40.529+02:00 DEBUG 7856 --- [pool-2-thread-1] c.o.tourguide.service.RewardsService     : Calculate distance between -79.468056/39.906113 and 118.276396/83.784291
2023-09-27T16:51:40.529+02:00 DEBUG 7856 --- [pool-2-thread-1] c.o.tourguide.service.RewardsService     : Checking if the user 7c2d4ee8-137d-401a-a47d-d021dd2b15aa already get close from Union Station
2023-09-27T16:51:40.529+02:00 DEBUG 7856 --- [pool-2-thread-1] c.o.tourguide.service.RewardsService     : Calculate distance between -77.006332/38.897095 and 118.276396/83.784291
2023-09-27T16:51:40.529+02:00 DEBUG 7856 --- [pool-2-thread-1] c.o.tourguide.service.RewardsService     : Checking if the user 7c2d4ee8-137d-401a-a47d-d021dd2b15aa already get close from Roger Dean Stadium
2023-09-27T16:51:40.529+02:00 DEBUG 7856 --- [pool-2-thread-1] c.o.tourguide.service.RewardsService     : Calculate distance between -80.116577/26.890959 and 118.276396/83.784291
2023-09-27T16:51:40.529+02:00 DEBUG 7856 --- [pool-2-thread-1] c.o.tourguide.service.RewardsService     : Checking if the user 7c2d4ee8-137d-401a-a47d-d021dd2b15aa already get close from Texas Memorial Stadium
2023-09-27T16:51:40.529+02:00 DEBUG 7856 --- [pool-2-thread-1] c.o.tourguide.service.RewardsService     : Calculate distance between -97.732536/30.283682 and 118.276396/83.784291
2023-09-27T16:51:40.529+02:00 DEBUG 7856 --- [pool-2-thread-1] c.o.tourguide.service.RewardsService     : Checking if the user 7c2d4ee8-137d-401a-a47d-d021dd2b15aa already get close from Bryant-Denny Stadium
2023-09-27T16:51:40.529+02:00 DEBUG 7856 --- [pool-2-thread-1] c.o.tourguide.service.RewardsService     : Calculate distance between -87.550438/33.208973 and 118.276396/83.784291
2023-09-27T16:51:40.529+02:00 DEBUG 7856 --- [pool-2-thread-1] c.o.tourguide.service.RewardsService     : Checking if the user 7c2d4ee8-137d-401a-a47d-d021dd2b15aa already get close from Tiger Stadium
2023-09-27T16:51:40.529+02:00 DEBUG 7856 --- [pool-2-thread-1] c.o.tourguide.service.RewardsService     : Calculate distance between -91.183815/30.412035 and 118.276396/83.784291
2023-09-27T16:51:40.529+02:00 DEBUG 7856 --- [pool-2-thread-1] c.o.tourguide.service.RewardsService     : Checking if the user 7c2d4ee8-137d-401a-a47d-d021dd2b15aa already get close from Neyland Stadium
2023-09-27T16:51:40.529+02:00 DEBUG 7856 --- [pool-2-thread-1] c.o.tourguide.service.RewardsService     : Calculate distance between -83.925011/35.955013 and 118.276396/83.784291
2023-09-27T16:51:40.529+02:00 DEBUG 7856 --- [pool-2-thread-1] c.o.tourguide.service.RewardsService     : Checking if the user 7c2d4ee8-137d-401a-a47d-d021dd2b15aa already get close from Kyle Field
2023-09-27T16:51:40.529+02:00 DEBUG 7856 --- [pool-2-thread-1] c.o.tourguide.service.RewardsService     : Calculate distance between -96.339844/30.61025 and 118.276396/83.784291
2023-09-27T16:51:40.529+02:00 DEBUG 7856 --- [pool-2-thread-1] c.o.tourguide.service.RewardsService     : Checking if the user 7c2d4ee8-137d-401a-a47d-d021dd2b15aa already get close from San Diego Zoo
2023-09-27T16:51:40.529+02:00 DEBUG 7856 --- [pool-2-thread-1] c.o.tourguide.service.RewardsService     : Calculate distance between -117.149048/32.735317 and 118.276396/83.784291
2023-09-27T16:51:40.529+02:00 DEBUG 7856 --- [pool-2-thread-1] c.o.tourguide.service.RewardsService     : Checking if the user 7c2d4ee8-137d-401a-a47d-d021dd2b15aa already get close from Zoo Tampa at Lowry Park
2023-09-27T16:51:40.529+02:00 DEBUG 7856 --- [pool-2-thread-1] c.o.tourguide.service.RewardsService     : Calculate distance between -82.469269/28.012804 and 118.276396/83.784291
2023-09-27T16:51:40.529+02:00 DEBUG 7856 --- [pool-2-thread-1] c.o.tourguide.service.RewardsService     : Checking if the user 7c2d4ee8-137d-401a-a47d-d021dd2b15aa already get close from Franklin Park Zoo
2023-09-27T16:51:40.529+02:00 DEBUG 7856 --- [pool-2-thread-1] c.o.tourguide.service.RewardsService     : Calculate distance between -71.086731/42.302601 and 118.276396/83.784291
2023-09-27T16:51:40.529+02:00 DEBUG 7856 --- [pool-2-thread-1] c.o.tourguide.service.RewardsService     : Checking if the user 7c2d4ee8-137d-401a-a47d-d021dd2b15aa already get close from El Paso Zoo
2023-09-27T16:51:40.529+02:00 DEBUG 7856 --- [pool-2-thread-1] c.o.tourguide.service.RewardsService     : Calculate distance between -106.44487/31.769125 and 118.276396/83.784291
2023-09-27T16:51:40.530+02:00 DEBUG 7856 --- [pool-2-thread-1] c.o.tourguide.service.RewardsService     : Checking if the user 7c2d4ee8-137d-401a-a47d-d021dd2b15aa already get close from Kansas City Zoo
2023-09-27T16:51:40.530+02:00 DEBUG 7856 --- [pool-2-thread-1] c.o.tourguide.service.RewardsService     : Calculate distance between -94.529625/39.007504 and 118.276396/83.784291
2023-09-27T16:51:40.530+02:00 DEBUG 7856 --- [pool-2-thread-1] c.o.tourguide.service.RewardsService     : Checking if the user 7c2d4ee8-137d-401a-a47d-d021dd2b15aa already get close from Bronx Zoo
2023-09-27T16:51:40.530+02:00 DEBUG 7856 --- [pool-2-thread-1] c.o.tourguide.service.RewardsService     : Calculate distance between -73.872971/40.852905 and 118.276396/83.784291
2023-09-27T16:51:40.530+02:00 DEBUG 7856 --- [pool-2-thread-1] c.o.tourguide.service.RewardsService     : Checking if the user 7c2d4ee8-137d-401a-a47d-d021dd2b15aa already get close from Cinderella Castle
2023-09-27T16:51:40.530+02:00 DEBUG 7856 --- [pool-2-thread-1] c.o.tourguide.service.RewardsService     : Calculate distance between -81.5812/28.419411 and 118.276396/83.784291
2023-09-27T16:51:40.530+02:00 DEBUG 7856 --- [pool-2-thread-1] c.o.tourguide.service.RewardsService     : Checking if the user 7c2d4ee8-137d-401a-a47d-d021dd2b15aa already get close from Disneyland
2023-09-27T16:51:40.530+02:00 DEBUG 7856 --- [pool-2-thread-1] c.o.tourguide.service.RewardsService     : Calculate distance between -117.922008/33.817595 and -101.008961/-74.980219
2023-09-27T16:51:40.530+02:00 DEBUG 7856 --- [pool-2-thread-1] c.o.tourguide.service.RewardsService     : Checking if the user 7c2d4ee8-137d-401a-a47d-d021dd2b15aa already get close from Jackson Hole
2023-09-27T16:51:40.530+02:00 DEBUG 7856 --- [pool-2-thread-1] c.o.tourguide.service.RewardsService     : Calculate distance between -110.821999/43.582767 and -101.008961/-74.980219
2023-09-27T16:51:40.530+02:00 DEBUG 7856 --- [pool-2-thread-1] c.o.tourguide.service.RewardsService     : Checking if the user 7c2d4ee8-137d-401a-a47d-d021dd2b15aa already get close from Mojave National Preserve
2023-09-27T16:51:40.530+02:00 DEBUG 7856 --- [pool-2-thread-1] c.o.tourguide.service.RewardsService     : Calculate distance between -115.510399/35.141689 and -101.008961/-74.980219
2023-09-27T16:51:40.530+02:00 DEBUG 7856 --- [pool-2-thread-1] c.o.tourguide.service.RewardsService     : Checking if the user 7c2d4ee8-137d-401a-a47d-d021dd2b15aa already get close from Joshua Tree National Park
2023-09-27T16:51:40.530+02:00 DEBUG 7856 --- [pool-2-thread-1] c.o.tourguide.service.RewardsService     : Calculate distance between -115.90065/33.881866 and -101.008961/-74.980219
2023-09-27T16:51:40.530+02:00 DEBUG 7856 --- [pool-2-thread-1] c.o.tourguide.service.RewardsService     : Checking if the user 7c2d4ee8-137d-401a-a47d-d021dd2b15aa already get close from Buffalo National River
2023-09-27T16:51:40.530+02:00 DEBUG 7856 --- [pool-2-thread-1] c.o.tourguide.service.RewardsService     : Calculate distance between -92.757652/35.985512 and -101.008961/-74.980219
2023-09-27T16:51:40.530+02:00 DEBUG 7856 --- [pool-2-thread-1] c.o.tourguide.service.RewardsService     : Checking if the user 7c2d4ee8-137d-401a-a47d-d021dd2b15aa already get close from Hot Springs National Park
2023-09-27T16:51:40.530+02:00 DEBUG 7856 --- [pool-2-thread-1] c.o.tourguide.service.RewardsService     : Calculate distance between -93.042267/34.52153 and -101.008961/-74.980219
2023-09-27T16:51:40.530+02:00 DEBUG 7856 --- [pool-2-thread-1] c.o.tourguide.service.RewardsService     : Checking if the user 7c2d4ee8-137d-401a-a47d-d021dd2b15aa already get close from Kartchner Caverns State Park
2023-09-27T16:51:40.530+02:00 DEBUG 7856 --- [pool-2-thread-1] c.o.tourguide.service.RewardsService     : Calculate distance between -110.347382/31.837551 and -101.008961/-74.980219
2023-09-27T16:51:40.530+02:00 DEBUG 7856 --- [pool-2-thread-1] c.o.tourguide.service.RewardsService     : Checking if the user 7c2d4ee8-137d-401a-a47d-d021dd2b15aa already get close from Legend Valley
2023-09-27T16:51:40.530+02:00 DEBUG 7856 --- [pool-2-thread-1] c.o.tourguide.service.RewardsService     : Calculate distance between -82.40667/39.937778 and -101.008961/-74.980219
2023-09-27T16:51:40.530+02:00 DEBUG 7856 --- [pool-2-thread-1] c.o.tourguide.service.RewardsService     : Checking if the user 7c2d4ee8-137d-401a-a47d-d021dd2b15aa already get close from Flowers Bakery of London
2023-09-27T16:51:40.530+02:00 DEBUG 7856 --- [pool-2-thread-1] c.o.tourguide.service.RewardsService     : Calculate distance between -84.07486/37.131527 and -101.008961/-74.980219
2023-09-27T16:51:40.530+02:00 DEBUG 7856 --- [pool-2-thread-1] c.o.tourguide.service.RewardsService     : Checking if the user 7c2d4ee8-137d-401a-a47d-d021dd2b15aa already get close from McKinley Tower
2023-09-27T16:51:40.530+02:00 DEBUG 7856 --- [pool-2-thread-1] c.o.tourguide.service.RewardsService     : Calculate distance between -149.877502/61.218887 and -101.008961/-74.980219
2023-09-27T16:51:40.530+02:00 DEBUG 7856 --- [pool-2-thread-1] c.o.tourguide.service.RewardsService     : Checking if the user 7c2d4ee8-137d-401a-a47d-d021dd2b15aa already get close from Flatiron Building
2023-09-27T16:51:40.530+02:00 DEBUG 7856 --- [pool-2-thread-1] c.o.tourguide.service.RewardsService     : Calculate distance between -73.989723/40.741112 and -101.008961/-74.980219
2023-09-27T16:51:40.530+02:00 DEBUG 7856 --- [pool-2-thread-1] c.o.tourguide.service.RewardsService     : Checking if the user 7c2d4ee8-137d-401a-a47d-d021dd2b15aa already get close from Fallingwater
2023-09-27T16:51:40.530+02:00 DEBUG 7856 --- [pool-2-thread-1] c.o.tourguide.service.RewardsService     : Calculate distance between -79.468056/39.906113 and -101.008961/-74.980219
2023-09-27T16:51:40.530+02:00 DEBUG 7856 --- [pool-2-thread-1] c.o.tourguide.service.RewardsService     : Checking if the user 7c2d4ee8-137d-401a-a47d-d021dd2b15aa already get close from Union Station
2023-09-27T16:51:40.530+02:00 DEBUG 7856 --- [pool-2-thread-1] c.o.tourguide.service.RewardsService     : Calculate distance between -77.006332/38.897095 and -101.008961/-74.980219
2023-09-27T16:51:40.530+02:00 DEBUG 7856 --- [pool-2-thread-1] c.o.tourguide.service.RewardsService     : Checking if the user 7c2d4ee8-137d-401a-a47d-d021dd2b15aa already get close from Roger Dean Stadium
2023-09-27T16:51:40.530+02:00 DEBUG 7856 --- [pool-2-thread-1] c.o.tourguide.service.RewardsService     : Calculate distance between -80.116577/26.890959 and -101.008961/-74.980219
2023-09-27T16:51:40.530+02:00 DEBUG 7856 --- [pool-2-thread-1] c.o.tourguide.service.RewardsService     : Checking if the user 7c2d4ee8-137d-401a-a47d-d021dd2b15aa already get close from Texas Memorial Stadium
2023-09-27T16:51:40.530+02:00 DEBUG 7856 --- [pool-2-thread-1] c.o.tourguide.service.RewardsService     : Calculate distance between -97.732536/30.283682 and -101.008961/-74.980219
2023-09-27T16:51:40.530+02:00 DEBUG 7856 --- [pool-2-thread-1] c.o.tourguide.service.RewardsService     : Checking if the user 7c2d4ee8-137d-401a-a47d-d021dd2b15aa already get close from Bryant-Denny Stadium
2023-09-27T16:51:40.530+02:00 DEBUG 7856 --- [pool-2-thread-1] c.o.tourguide.service.RewardsService     : Calculate distance between -87.550438/33.208973 and -101.008961/-74.980219
2023-09-27T16:51:40.530+02:00 DEBUG 7856 --- [pool-2-thread-1] c.o.tourguide.service.RewardsService     : Checking if the user 7c2d4ee8-137d-401a-a47d-d021dd2b15aa already get close from Tiger Stadium
2023-09-27T16:51:40.530+02:00 DEBUG 7856 --- [pool-2-thread-1] c.o.tourguide.service.RewardsService     : Calculate distance between -91.183815/30.412035 and -101.008961/-74.980219
2023-09-27T16:51:40.530+02:00 DEBUG 7856 --- [pool-2-thread-1] c.o.tourguide.service.RewardsService     : Checking if the user 7c2d4ee8-137d-401a-a47d-d021dd2b15aa already get close from Neyland Stadium
2023-09-27T16:51:40.530+02:00 DEBUG 7856 --- [pool-2-thread-1] c.o.tourguide.service.RewardsService     : Calculate distance between -83.925011/35.955013 and -101.008961/-74.980219
2023-09-27T16:51:40.530+02:00 DEBUG 7856 --- [pool-2-thread-1] c.o.tourguide.service.RewardsService     : Checking if the user 7c2d4ee8-137d-401a-a47d-d021dd2b15aa already get close from Kyle Field
2023-09-27T16:51:40.530+02:00 DEBUG 7856 --- [pool-2-thread-1] c.o.tourguide.service.RewardsService     : Calculate distance between -96.339844/30.61025 and -101.008961/-74.980219
2023-09-27T16:51:40.530+02:00 DEBUG 7856 --- [pool-2-thread-1] c.o.tourguide.service.RewardsService     : Checking if the user 7c2d4ee8-137d-401a-a47d-d021dd2b15aa already get close from San Diego Zoo
2023-09-27T16:51:40.530+02:00 DEBUG 7856 --- [pool-2-thread-1] c.o.tourguide.service.RewardsService     : Calculate distance between -117.149048/32.735317 and -101.008961/-74.980219
2023-09-27T16:51:40.530+02:00 DEBUG 7856 --- [pool-2-thread-1] c.o.tourguide.service.RewardsService     : Checking if the user 7c2d4ee8-137d-401a-a47d-d021dd2b15aa already get close from Zoo Tampa at Lowry Park
2023-09-27T16:51:40.530+02:00 DEBUG 7856 --- [pool-2-thread-1] c.o.tourguide.service.RewardsService     : Calculate distance between -82.469269/28.012804 and -101.008961/-74.980219
2023-09-27T16:51:40.530+02:00 DEBUG 7856 --- [pool-2-thread-1] c.o.tourguide.service.RewardsService     : Checking if the user 7c2d4ee8-137d-401a-a47d-d021dd2b15aa already get close from Franklin Park Zoo
2023-09-27T16:51:40.530+02:00 DEBUG 7856 --- [pool-2-thread-1] c.o.tourguide.service.RewardsService     : Calculate distance between -71.086731/42.302601 and -101.008961/-74.980219
2023-09-27T16:51:40.530+02:00 DEBUG 7856 --- [pool-2-thread-1] c.o.tourguide.service.RewardsService     : Checking if the user 7c2d4ee8-137d-401a-a47d-d021dd2b15aa already get close from El Paso Zoo
2023-09-27T16:51:40.530+02:00 DEBUG 7856 --- [pool-2-thread-1] c.o.tourguide.service.RewardsService     : Calculate distance between -106.44487/31.769125 and -101.008961/-74.980219
2023-09-27T16:51:40.530+02:00 DEBUG 7856 --- [pool-2-thread-1] c.o.tourguide.service.RewardsService     : Checking if the user 7c2d4ee8-137d-401a-a47d-d021dd2b15aa already get close from Kansas City Zoo
2023-09-27T16:51:40.530+02:00 DEBUG 7856 --- [pool-2-thread-1] c.o.tourguide.service.RewardsService     : Calculate distance between -94.529625/39.007504 and -101.008961/-74.980219
2023-09-27T16:51:40.530+02:00 DEBUG 7856 --- [pool-2-thread-1] c.o.tourguide.service.RewardsService     : Checking if the user 7c2d4ee8-137d-401a-a47d-d021dd2b15aa already get close from Bronx Zoo
2023-09-27T16:51:40.530+02:00 DEBUG 7856 --- [pool-2-thread-1] c.o.tourguide.service.RewardsService     : Calculate distance between -73.872971/40.852905 and -101.008961/-74.980219
2023-09-27T16:51:40.530+02:00 DEBUG 7856 --- [pool-2-thread-1] c.o.tourguide.service.RewardsService     : Checking if the user 7c2d4ee8-137d-401a-a47d-d021dd2b15aa already get close from Cinderella Castle
2023-09-27T16:51:40.530+02:00 DEBUG 7856 --- [pool-2-thread-1] c.o.tourguide.service.RewardsService     : Calculate distance between -81.5812/28.419411 and -101.008961/-74.980219
2023-09-27T16:51:40.530+02:00 DEBUG 7856 --- [pool-2-thread-1] c.o.tourguide.service.RewardsService     : Trying to add 0 rewards
2023-09-27T16:51:40.564+02:00  INFO 7856 --- [pool-2-thread-1] c.o.tourguide.service.TourGuideService   : Adding the current location to the user internalUser5151
2023-09-27T16:51:40.564+02:00 DEBUG 7856 --- [pool-2-thread-1] c.o.tourguide.service.RewardsService     : calculate reward for internalUser5151 on his 5 known locations
2023-09-27T16:51:40.577+02:00 DEBUG 7856 --- [pool-2-thread-1] c.o.tourguide.service.RewardsService     : Checking if the user 35bc7b3a-a63d-48a1-8207-ff4589e7917e already get close from Disneyland
2023-09-27T16:51:40.577+02:00 DEBUG 7856 --- [pool-2-thread-1] c.o.tourguide.service.RewardsService     : Calculate distance between -117.922008/33.817595 and 54.91110529335114/-36.87448356899996
2023-09-27T16:51:40.577+02:00 DEBUG 7856 --- [pool-2-thread-1] c.o.tourguide.service.RewardsService     : Checking if the user 35bc7b3a-a63d-48a1-8207-ff4589e7917e already get close from Jackson Hole
2023-09-27T16:51:40.577+02:00 DEBUG 7856 --- [pool-2-thread-1] c.o.tourguide.service.RewardsService     : Calculate distance between -110.821999/43.582767 and 54.91110529335114/-36.87448356899996
2023-09-27T16:51:40.577+02:00 DEBUG 7856 --- [pool-2-thread-1] c.o.tourguide.service.RewardsService     : Checking if the user 35bc7b3a-a63d-48a1-8207-ff4589e7917e already get close from Mojave National Preserve
2023-09-27T16:51:40.577+02:00 DEBUG 7856 --- [pool-2-thread-1] c.o.tourguide.service.RewardsService     : Calculate distance between -115.510399/35.141689 and 54.91110529335114/-36.87448356899996
2023-09-27T16:51:40.577+02:00 DEBUG 7856 --- [pool-2-thread-1] c.o.tourguide.service.RewardsService     : Checking if the user 35bc7b3a-a63d-48a1-8207-ff4589e7917e already get close from Joshua Tree National Park
2023-09-27T16:51:40.577+02:00 DEBUG 7856 --- [pool-2-thread-1] c.o.tourguide.service.RewardsService     : Calculate distance between -115.90065/33.881866 and 54.91110529335114/-36.87448356899996
2023-09-27T16:51:40.577+02:00 DEBUG 7856 --- [pool-2-thread-1] c.o.tourguide.service.RewardsService     : Checking if the user 35bc7b3a-a63d-48a1-8207-ff4589e7917e already get close from Buffalo National River
2023-09-27T16:51:40.577+02:00 DEBUG 7856 --- [pool-2-thread-1] c.o.tourguide.service.RewardsService     : Calculate distance between -92.757652/35.985512 and 54.91110529335114/-36.87448356899996
2023-09-27T16:51:40.577+02:00 DEBUG 7856 --- [pool-2-thread-1] c.o.tourguide.service.RewardsService     : Checking if the user 35bc7b3a-a63d-48a1-8207-ff4589e7917e already get close from Hot Springs National Park
2023-09-27T16:51:40.577+02:00 DEBUG 7856 --- [pool-2-thread-1] c.o.tourguide.service.RewardsService     : Calculate distance between -93.042267/34.52153 and 54.91110529335114/-36.87448356899996
2023-09-27T16:51:40.577+02:00 DEBUG 7856 --- [pool-2-thread-1] c.o.tourguide.service.RewardsService     : Checking if the user 35bc7b3a-a63d-48a1-8207-ff4589e7917e already get close from Kartchner Caverns State Park
2023-09-27T16:51:40.577+02:00 DEBUG 7856 --- [pool-2-thread-1] c.o.tourguide.service.RewardsService     : Calculate distance between -110.347382/31.837551 and 54.91110529335114/-36.87448356899996
2023-09-27T16:51:40.577+02:00 DEBUG 7856 --- [pool-2-thread-1] c.o.tourguide.service.RewardsService     : Checking if the user 35bc7b3a-a63d-48a1-8207-ff4589e7917e already get close from Legend Valley
2023-09-27T16:51:40.577+02:00 DEBUG 7856 --- [pool-2-thread-1] c.o.tourguide.service.RewardsService     : Calculate distance between -82.40667/39.937778 and 54.91110529335114/-36.87448356899996
2023-09-27T16:51:40.577+02:00 DEBUG 7856 --- [pool-2-thread-1] c.o.tourguide.service.RewardsService     : Checking if the user 35bc7b3a-a63d-48a1-8207-ff4589e7917e already get close from Flowers Bakery of London
2023-09-27T16:51:40.577+02:00 DEBUG 7856 --- [pool-2-thread-1] c.o.tourguide.service.RewardsService     : Calculate distance between -84.07486/37.131527 and 54.91110529335114/-36.87448356899996
2023-09-27T16:51:40.577+02:00 DEBUG 7856 --- [pool-2-thread-1] c.o.tourguide.service.RewardsService     : Checking if the user 35bc7b3a-a63d-48a1-8207-ff4589e7917e already get close from McKinley Tower
2023-09-27T16:51:40.577+02:00 DEBUG 7856 --- [pool-2-thread-1] c.o.tourguide.service.RewardsService     : Calculate distance between -149.877502/61.218887 and 54.91110529335114/-36.87448356899996
2023-09-27T16:51:40.577+02:00 DEBUG 7856 --- [pool-2-thread-1] c.o.tourguide.service.RewardsService     : Checking if the user 35bc7b3a-a63d-48a1-8207-ff4589e7917e already get close from Flatiron Building
2023-09-27T16:51:40.577+02:00 DEBUG 7856 --- [pool-2-thread-1] c.o.tourguide.service.RewardsService     : Calculate distance between -73.989723/40.741112 and 54.91110529335114/-36.87448356899996
2023-09-27T16:51:40.577+02:00 DEBUG 7856 --- [pool-2-thread-1] c.o.tourguide.service.RewardsService     : Checking if the user 35bc7b3a-a63d-48a1-8207-ff4589e7917e already get close from Fallingwater
2023-09-27T16:51:40.577+02:00 DEBUG 7856 --- [pool-2-thread-1] c.o.tourguide.service.RewardsService     : Calculate distance between -79.468056/39.906113 and 54.91110529335114/-36.87448356899996
2023-09-27T16:51:40.577+02:00 DEBUG 7856 --- [pool-2-thread-1] c.o.tourguide.service.RewardsService     : Checking if the user 35bc7b3a-a63d-48a1-8207-ff4589e7917e already get close from Union Station
2023-09-27T16:51:40.577+02:00 DEBUG 7856 --- [pool-2-thread-1] c.o.tourguide.service.RewardsService     : Calculate distance between -77.006332/38.897095 and 54.91110529335114/-36.87448356899996
2023-09-27T16:51:40.577+02:00 DEBUG 7856 --- [pool-2-thread-1] c.o.tourguide.service.RewardsService     : Checking if the user 35bc7b3a-a63d-48a1-8207-ff4589e7917e already get close from Roger Dean Stadium
2023-09-27T16:51:40.577+02:00 DEBUG 7856 --- [pool-2-thread-1] c.o.tourguide.service.RewardsService     : Calculate distance between -80.116577/26.890959 and 54.91110529335114/-36.87448356899996
2023-09-27T16:51:40.577+02:00 DEBUG 7856 --- [pool-2-thread-1] c.o.tourguide.service.RewardsService     : Checking if the user 35bc7b3a-a63d-48a1-8207-ff4589e7917e already get close from Texas Memorial Stadium
2023-09-27T16:51:40.577+02:00 DEBUG 7856 --- [pool-2-thread-1] c.o.tourguide.service.RewardsService     : Calculate distance between -97.732536/30.283682 and 54.91110529335114/-36.87448356899996
2023-09-27T16:51:40.577+02:00 DEBUG 7856 --- [pool-2-thread-1] c.o.tourguide.service.RewardsService     : Checking if the user 35bc7b3a-a63d-48a1-8207-ff4589e7917e already get close from Bryant-Denny Stadium
2023-09-27T16:51:40.577+02:00 DEBUG 7856 --- [pool-2-thread-1] c.o.tourguide.service.RewardsService     : Calculate distance between -87.550438/33.208973 and 54.91110529335114/-36.87448356899996
2023-09-27T16:51:40.577+02:00 DEBUG 7856 --- [pool-2-thread-1] c.o.tourguide.service.RewardsService     : Checking if the user 35bc7b3a-a63d-48a1-8207-ff4589e7917e already get close from Tiger Stadium
2023-09-27T16:51:40.577+02:00 DEBUG 7856 --- [pool-2-thread-1] c.o.tourguide.service.RewardsService     : Calculate distance between -91.183815/30.412035 and 54.91110529335114/-36.87448356899996
2023-09-27T16:51:40.577+02:00 DEBUG 7856 --- [pool-2-thread-1] c.o.tourguide.service.RewardsService     : Checking if the user 35bc7b3a-a63d-48a1-8207-ff4589e7917e already get close from Neyland Stadium
2023-09-27T16:51:40.577+02:00 DEBUG 7856 --- [pool-2-thread-1] c.o.tourguide.service.RewardsService     : Calculate distance between -83.925011/35.955013 and 54.91110529335114/-36.87448356899996
2023-09-27T16:51:40.577+02:00 DEBUG 7856 --- [pool-2-thread-1] c.o.tourguide.service.RewardsService     : Checking if the user 35bc7b3a-a63d-48a1-8207-ff4589e7917e already get close from Kyle Field
2023-09-27T16:51:40.577+02:00 DEBUG 7856 --- [pool-2-thread-1] c.o.tourguide.service.RewardsService     : Calculate distance between -96.339844/30.61025 and 54.91110529335114/-36.87448356899996
2023-09-27T16:51:40.577+02:00 DEBUG 7856 --- [pool-2-thread-1] c.o.tourguide.service.RewardsService     : Checking if the user 35bc7b3a-a63d-48a1-8207-ff4589e7917e already get close from San Diego Zoo
2023-09-27T16:51:40.577+02:00 DEBUG 7856 --- [pool-2-thread-1] c.o.tourguide.service.RewardsService     : Calculate distance between -117.149048/32.735317 and 54.91110529335114/-36.87448356899996
2023-09-27T16:51:40.577+02:00 DEBUG 7856 --- [pool-2-thread-1] c.o.tourguide.service.RewardsService     : Checking if the user 35bc7b3a-a63d-48a1-8207-ff4589e7917e already get close from Zoo Tampa at Lowry Park
2023-09-27T16:51:40.577+02:00 DEBUG 7856 --- [pool-2-thread-1] c.o.tourguide.service.RewardsService     : Calculate distance between -82.469269/28.012804 and 54.91110529335114/-36.87448356899996
2023-09-27T16:51:40.577+02:00 DEBUG 7856 --- [pool-2-thread-1] c.o.tourguide.service.RewardsService     : Checking if the user 35bc7b3a-a63d-48a1-8207-ff4589e7917e already get close from Franklin Park Zoo
2023-09-27T16:51:40.577+02:00 DEBUG 7856 --- [pool-2-thread-1] c.o.tourguide.service.RewardsService     : Calculate distance between -71.086731/42.302601 and 54.91110529335114/-36.87448356899996
2023-09-27T16:51:40.577+02:00 DEBUG 7856 --- [pool-2-thread-1] c.o.tourguide.service.RewardsService     : Checking if the user 35bc7b3a-a63d-48a1-8207-ff4589e7917e already get close from El Paso Zoo
2023-09-27T16:51:40.577+02:00 DEBUG 7856 --- [pool-2-thread-1] c.o.tourguide.service.RewardsService     : Calculate distance between -106.44487/31.769125 and 54.91110529335114/-36.87448356899996
2023-09-27T16:51:40.577+02:00 DEBUG 7856 --- [pool-2-thread-1] c.o.tourguide.service.RewardsService     : Checking if the user 35bc7b3a-a63d-48a1-8207-ff4589e7917e already get close from Kansas City Zoo
2023-09-27T16:51:40.577+02:00 DEBUG 7856 --- [pool-2-thread-1] c.o.tourguide.service.RewardsService     : Calculate distance between -94.529625/39.007504 and 54.91110529335114/-36.87448356899996
2023-09-27T16:51:40.577+02:00 DEBUG 7856 --- [pool-2-thread-1] c.o.tourguide.service.RewardsService     : Checking if the user 35bc7b3a-a63d-48a1-8207-ff4589e7917e already get close from Bronx Zoo
2023-09-27T16:51:40.577+02:00 DEBUG 7856 --- [pool-2-thread-1] c.o.tourguide.service.RewardsService     : Calculate distance between -73.872971/40.852905 and 54.91110529335114/-36.87448356899996
2023-09-27T16:51:40.577+02:00 DEBUG 7856 --- [pool-2-thread-1] c.o.tourguide.service.RewardsService     : Checking if the user 35bc7b3a-a63d-48a1-8207-ff4589e7917e already get close from Cinderella Castle
2023-09-27T16:51:40.577+02:00 DEBUG 7856 --- [pool-2-thread-1] c.o.tourguide.service.RewardsService     : Calculate distance between -81.5812/28.419411 and 54.91110529335114/-36.87448356899996
2023-09-27T16:51:40.577+02:00 DEBUG 7856 --- [pool-2-thread-1] c.o.tourguide.service.RewardsService     : Checking if the user 35bc7b3a-a63d-48a1-8207-ff4589e7917e already get close from Disneyland
2023-09-27T16:51:40.577+02:00 DEBUG 7856 --- [pool-2-thread-1] c.o.tourguide.service.RewardsService     : Calculate distance between -117.922008/33.817595 and 77.39360740474422/-7.969150998893525
2023-09-27T16:51:40.577+02:00 DEBUG 7856 --- [pool-2-thread-1] c.o.tourguide.service.RewardsService     : Checking if the user 35bc7b3a-a63d-48a1-8207-ff4589e7917e already get close from Jackson Hole
2023-09-27T16:51:40.577+02:00 DEBUG 7856 --- [pool-2-thread-1] c.o.tourguide.service.RewardsService     : Calculate distance between -110.821999/43.582767 and 77.39360740474422/-7.969150998893525
2023-09-27T16:51:40.577+02:00 DEBUG 7856 --- [pool-2-thread-1] c.o.tourguide.service.RewardsService     : Checking if the user 35bc7b3a-a63d-48a1-8207-ff4589e7917e already get close from Mojave National Preserve
2023-09-27T16:51:40.577+02:00 DEBUG 7856 --- [pool-2-thread-1] c.o.tourguide.service.RewardsService     : Calculate distance between -115.510399/35.141689 and 77.39360740474422/-7.969150998893525
2023-09-27T16:51:40.577+02:00 DEBUG 7856 --- [pool-2-thread-1] c.o.tourguide.service.RewardsService     : Checking if the user 35bc7b3a-a63d-48a1-8207-ff4589e7917e already get close from Joshua Tree National Park
2023-09-27T16:51:40.577+02:00 DEBUG 7856 --- [pool-2-thread-1] c.o.tourguide.service.RewardsService     : Calculate distance between -115.90065/33.881866 and 77.39360740474422/-7.969150998893525
2023-09-27T16:51:40.577+02:00 DEBUG 7856 --- [pool-2-thread-1] c.o.tourguide.service.RewardsService     : Checking if the user 35bc7b3a-a63d-48a1-8207-ff4589e7917e already get close from Buffalo National River
2023-09-27T16:51:40.577+02:00 DEBUG 7856 --- [pool-2-thread-1] c.o.tourguide.service.RewardsService     : Calculate distance between -92.757652/35.985512 and 77.39360740474422/-7.969150998893525
2023-09-27T16:51:40.577+02:00 DEBUG 7856 --- [pool-2-thread-1] c.o.tourguide.service.RewardsService     : Checking if the user 35bc7b3a-a63d-48a1-8207-ff4589e7917e already get close from Hot Springs National Park
2023-09-27T16:51:40.577+02:00 DEBUG 7856 --- [pool-2-thread-1] c.o.tourguide.service.RewardsService     : Calculate distance between -93.042267/34.52153 and 77.39360740474422/-7.969150998893525
2023-09-27T16:51:40.577+02:00 DEBUG 7856 --- [pool-2-thread-1] c.o.tourguide.service.RewardsService     : Checking if the user 35bc7b3a-a63d-48a1-8207-ff4589e7917e already get close from Kartchner Caverns State Park
2023-09-27T16:51:40.577+02:00 DEBUG 7856 --- [pool-2-thread-1] c.o.tourguide.service.RewardsService     : Calculate distance between -110.347382/31.837551 and 77.39360740474422/-7.969150998893525
2023-09-27T16:51:40.577+02:00 DEBUG 7856 --- [pool-2-thread-1] c.o.tourguide.service.RewardsService     : Checking if the user 35bc7b3a-a63d-48a1-8207-ff4589e7917e already get close from Legend Valley
2023-09-27T16:51:40.577+02:00 DEBUG 7856 --- [pool-2-thread-1] c.o.tourguide.service.RewardsService     : Calculate distance between -82.40667/39.937778 and 77.39360740474422/-7.969150998893525
2023-09-27T16:51:40.577+02:00 DEBUG 7856 --- [pool-2-thread-1] c.o.tourguide.service.RewardsService     : Checking if the user 35bc7b3a-a63d-48a1-8207-ff4589e7917e already get close from Flowers Bakery of London
2023-09-27T16:51:40.577+02:00 DEBUG 7856 --- [pool-2-thread-1] c.o.tourguide.service.RewardsService     : Calculate distance between -84.07486/37.131527 and 77.39360740474422/-7.969150998893525
2023-09-27T16:51:40.577+02:00 DEBUG 7856 --- [pool-2-thread-1] c.o.tourguide.service.RewardsService     : Checking if the user 35bc7b3a-a63d-48a1-8207-ff4589e7917e already get close from McKinley Tower
2023-09-27T16:51:40.577+02:00 DEBUG 7856 --- [pool-2-thread-1] c.o.tourguide.service.RewardsService     : Calculate distance between -149.877502/61.218887 and 77.39360740474422/-7.969150998893525
2023-09-27T16:51:40.577+02:00 DEBUG 7856 --- [pool-2-thread-1] c.o.tourguide.service.RewardsService     : Checking if the user 35bc7b3a-a63d-48a1-8207-ff4589e7917e already get close from Flatiron Building
2023-09-27T16:51:40.577+02:00 DEBUG 7856 --- [pool-2-thread-1] c.o.tourguide.service.RewardsService     : Calculate distance between -73.989723/40.741112 and 77.39360740474422/-7.969150998893525
2023-09-27T16:51:40.577+02:00 DEBUG 7856 --- [pool-2-thread-1] c.o.tourguide.service.RewardsService     : Checking if the user 35bc7b3a-a63d-48a1-8207-ff4589e7917e already get close from Fallingwater
2023-09-27T16:51:40.577+02:00 DEBUG 7856 --- [pool-2-thread-1] c.o.tourguide.service.RewardsService     : Calculate distance between -79.468056/39.906113 and 77.39360740474422/-7.969150998893525
2023-09-27T16:51:40.577+02:00 DEBUG 7856 --- [pool-2-thread-1] c.o.tourguide.service.RewardsService     : Checking if the user 35bc7b3a-a63d-48a1-8207-ff4589e7917e already get close from Union Station
2023-09-27T16:51:40.577+02:00 DEBUG 7856 --- [pool-2-thread-1] c.o.tourguide.service.RewardsService     : Calculate distance between -77.006332/38.897095 and 77.39360740474422/-7.969150998893525
2023-09-27T16:51:40.577+02:00 DEBUG 7856 --- [pool-2-thread-1] c.o.tourguide.service.RewardsService     : Checking if the user 35bc7b3a-a63d-48a1-8207-ff4589e7917e already get close from Roger Dean Stadium
2023-09-27T16:51:40.577+02:00 DEBUG 7856 --- [pool-2-thread-1] c.o.tourguide.service.RewardsService     : Calculate distance between -80.116577/26.890959 and 77.39360740474422/-7.969150998893525
2023-09-27T16:51:40.577+02:00 DEBUG 7856 --- [pool-2-thread-1] c.o.tourguide.service.RewardsService     : Checking if the user 35bc7b3a-a63d-48a1-8207-ff4589e7917e already get close from Texas Memorial Stadium
2023-09-27T16:51:40.578+02:00 DEBUG 7856 --- [pool-2-thread-1] c.o.tourguide.service.RewardsService     : Calculate distance between -97.732536/30.283682 and 77.39360740474422/-7.969150998893525
2023-09-27T16:51:40.578+02:00 DEBUG 7856 --- [pool-2-thread-1] c.o.tourguide.service.RewardsService     : Checking if the user 35bc7b3a-a63d-48a1-8207-ff4589e7917e already get close from Bryant-Denny Stadium
2023-09-27T16:51:40.578+02:00 DEBUG 7856 --- [pool-2-thread-1] c.o.tourguide.service.RewardsService     : Calculate distance between -87.550438/33.208973 and 77.39360740474422/-7.969150998893525
2023-09-27T16:51:40.578+02:00 DEBUG 7856 --- [pool-2-thread-1] c.o.tourguide.service.RewardsService     : Checking if the user 35bc7b3a-a63d-48a1-8207-ff4589e7917e already get close from Tiger Stadium
2023-09-27T16:51:40.578+02:00 DEBUG 7856 --- [pool-2-thread-1] c.o.tourguide.service.RewardsService     : Calculate distance between -91.183815/30.412035 and 77.39360740474422/-7.969150998893525
2023-09-27T16:51:40.578+02:00 DEBUG 7856 --- [pool-2-thread-1] c.o.tourguide.service.RewardsService     : Checking if the user 35bc7b3a-a63d-48a1-8207-ff4589e7917e already get close from Neyland Stadium
2023-09-27T16:51:40.578+02:00 DEBUG 7856 --- [pool-2-thread-1] c.o.tourguide.service.RewardsService     : Calculate distance between -83.925011/35.955013 and 77.39360740474422/-7.969150998893525
2023-09-27T16:51:40.578+02:00 DEBUG 7856 --- [pool-2-thread-1] c.o.tourguide.service.RewardsService     : Checking if the user 35bc7b3a-a63d-48a1-8207-ff4589e7917e already get close from Kyle Field
2023-09-27T16:51:40.578+02:00 DEBUG 7856 --- [pool-2-thread-1] c.o.tourguide.service.RewardsService     : Calculate distance between -96.339844/30.61025 and 77.39360740474422/-7.969150998893525
2023-09-27T16:51:40.578+02:00 DEBUG 7856 --- [pool-2-thread-1] c.o.tourguide.service.RewardsService     : Checking if the user 35bc7b3a-a63d-48a1-8207-ff4589e7917e already get close from San Diego Zoo
2023-09-27T16:51:40.578+02:00 DEBUG 7856 --- [pool-2-thread-1] c.o.tourguide.service.RewardsService     : Calculate distance between -117.149048/32.735317 and 77.39360740474422/-7.969150998893525
2023-09-27T16:51:40.578+02:00 DEBUG 7856 --- [pool-2-thread-1] c.o.tourguide.service.RewardsService     : Checking if the user 35bc7b3a-a63d-48a1-8207-ff4589e7917e already get close from Zoo Tampa at Lowry Park
2023-09-27T16:51:40.578+02:00 DEBUG 7856 --- [pool-2-thread-1] c.o.tourguide.service.RewardsService     : Calculate distance between -82.469269/28.012804 and 77.39360740474422/-7.969150998893525
2023-09-27T16:51:40.578+02:00 DEBUG 7856 --- [pool-2-thread-1] c.o.tourguide.service.RewardsService     : Checking if the user 35bc7b3a-a63d-48a1-8207-ff4589e7917e already get close from Franklin Park Zoo
2023-09-27T16:51:40.578+02:00 DEBUG 7856 --- [pool-2-thread-1] c.o.tourguide.service.RewardsService     : Calculate distance between -71.086731/42.302601 and 77.39360740474422/-7.969150998893525
2023-09-27T16:51:40.578+02:00 DEBUG 7856 --- [pool-2-thread-1] c.o.tourguide.service.RewardsService     : Checking if the user 35bc7b3a-a63d-48a1-8207-ff4589e7917e already get close from El Paso Zoo
2023-09-27T16:51:40.578+02:00 DEBUG 7856 --- [pool-2-thread-1] c.o.tourguide.service.RewardsService     : Calculate distance between -106.44487/31.769125 and 77.39360740474422/-7.969150998893525
2023-09-27T16:51:40.578+02:00 DEBUG 7856 --- [pool-2-thread-1] c.o.tourguide.service.RewardsService     : Checking if the user 35bc7b3a-a63d-48a1-8207-ff4589e7917e already get close from Kansas City Zoo
2023-09-27T16:51:40.578+02:00 DEBUG 7856 --- [pool-2-thread-1] c.o.tourguide.service.RewardsService     : Calculate distance between -94.529625/39.007504 and 77.39360740474422/-7.969150998893525
2023-09-27T16:51:40.578+02:00 DEBUG 7856 --- [pool-2-thread-1] c.o.tourguide.service.RewardsService     : Checking if the user 35bc7b3a-a63d-48a1-8207-ff4589e7917e already get close from Bronx Zoo
2023-09-27T16:51:40.578+02:00 DEBUG 7856 --- [pool-2-thread-1] c.o.tourguide.service.RewardsService     : Calculate distance between -73.872971/40.852905 and 77.39360740474422/-7.969150998893525
2023-09-27T16:51:40.578+02:00 DEBUG 7856 --- [pool-2-thread-1] c.o.tourguide.service.RewardsService     : Checking if the user 35bc7b3a-a63d-48a1-8207-ff4589e7917e already get close from Cinderella Castle
2023-09-27T16:51:40.578+02:00 DEBUG 7856 --- [pool-2-thread-1] c.o.tourguide.service.RewardsService     : Calculate distance between -81.5812/28.419411 and 77.39360740474422/-7.969150998893525
2023-09-27T16:51:40.578+02:00 DEBUG 7856 --- [pool-2-thread-1] c.o.tourguide.service.RewardsService     : Checking if the user 35bc7b3a-a63d-48a1-8207-ff4589e7917e already get close from Disneyland
2023-09-27T16:51:40.578+02:00 DEBUG 7856 --- [pool-2-thread-1] c.o.tourguide.service.RewardsService     : Calculate distance between -117.922008/33.817595 and 5.8300907919513065/-35.245342433128286
2023-09-27T16:51:40.578+02:00 DEBUG 7856 --- [pool-2-thread-1] c.o.tourguide.service.RewardsService     : Checking if the user 35bc7b3a-a63d-48a1-8207-ff4589e7917e already get close from Jackson Hole
2023-09-27T16:51:40.578+02:00 DEBUG 7856 --- [pool-2-thread-1] c.o.tourguide.service.RewardsService     : Calculate distance between -110.821999/43.582767 and 5.8300907919513065/-35.245342433128286
2023-09-27T16:51:40.578+02:00 DEBUG 7856 --- [pool-2-thread-1] c.o.tourguide.service.RewardsService     : Checking if the user 35bc7b3a-a63d-48a1-8207-ff4589e7917e already get close from Mojave National Preserve
2023-09-27T16:51:40.578+02:00 DEBUG 7856 --- [pool-2-thread-1] c.o.tourguide.service.RewardsService     : Calculate distance between -115.510399/35.141689 and 5.8300907919513065/-35.245342433128286
2023-09-27T16:51:40.578+02:00 DEBUG 7856 --- [pool-2-thread-1] c.o.tourguide.service.RewardsService     : Checking if the user 35bc7b3a-a63d-48a1-8207-ff4589e7917e already get close from Joshua Tree National Park
2023-09-27T16:51:40.578+02:00 DEBUG 7856 --- [pool-2-thread-1] c.o.tourguide.service.RewardsService     : Calculate distance between -115.90065/33.881866 and 5.8300907919513065/-35.245342433128286
2023-09-27T16:51:40.578+02:00 DEBUG 7856 --- [pool-2-thread-1] c.o.tourguide.service.RewardsService     : Checking if the user 35bc7b3a-a63d-48a1-8207-ff4589e7917e already get close from Buffalo National River
2023-09-27T16:51:40.578+02:00 DEBUG 7856 --- [pool-2-thread-1] c.o.tourguide.service.RewardsService     : Calculate distance between -92.757652/35.985512 and 5.8300907919513065/-35.245342433128286
2023-09-27T16:51:40.578+02:00 DEBUG 7856 --- [pool-2-thread-1] c.o.tourguide.service.RewardsService     : Checking if the user 35bc7b3a-a63d-48a1-8207-ff4589e7917e already get close from Hot Springs National Park
2023-09-27T16:51:40.578+02:00 DEBUG 7856 --- [pool-2-thread-1] c.o.tourguide.service.RewardsService     : Calculate distance between -93.042267/34.52153 and 5.8300907919513065/-35.245342433128286
2023-09-27T16:51:40.578+02:00 DEBUG 7856 --- [pool-2-thread-1] c.o.tourguide.service.RewardsService     : Checking if the user 35bc7b3a-a63d-48a1-8207-ff4589e7917e already get close from Kartchner Caverns State Park
2023-09-27T16:51:40.578+02:00 DEBUG 7856 --- [pool-2-thread-1] c.o.tourguide.service.RewardsService     : Calculate distance between -110.347382/31.837551 and 5.8300907919513065/-35.245342433128286
2023-09-27T16:51:40.578+02:00 DEBUG 7856 --- [pool-2-thread-1] c.o.tourguide.service.RewardsService     : Checking if the user 35bc7b3a-a63d-48a1-8207-ff4589e7917e already get close from Legend Valley
2023-09-27T16:51:40.578+02:00 DEBUG 7856 --- [pool-2-thread-1] c.o.tourguide.service.RewardsService     : Calculate distance between -82.40667/39.937778 and 5.8300907919513065/-35.245342433128286
2023-09-27T16:51:40.578+02:00 DEBUG 7856 --- [pool-2-thread-1] c.o.tourguide.service.RewardsService     : Checking if the user 35bc7b3a-a63d-48a1-8207-ff4589e7917e already get close from Flowers Bakery of London
2023-09-27T16:51:40.578+02:00 DEBUG 7856 --- [pool-2-thread-1] c.o.tourguide.service.RewardsService     : Calculate distance between -84.07486/37.131527 and 5.8300907919513065/-35.245342433128286
2023-09-27T16:51:40.578+02:00 DEBUG 7856 --- [pool-2-thread-1] c.o.tourguide.service.RewardsService     : Checking if the user 35bc7b3a-a63d-48a1-8207-ff4589e7917e already get close from McKinley Tower
2023-09-27T16:51:40.578+02:00 DEBUG 7856 --- [pool-2-thread-1] c.o.tourguide.service.RewardsService     : Calculate distance between -149.877502/61.218887 and 5.8300907919513065/-35.245342433128286
2023-09-27T16:51:40.578+02:00 DEBUG 7856 --- [pool-2-thread-1] c.o.tourguide.service.RewardsService     : Checking if the user 35bc7b3a-a63d-48a1-8207-ff4589e7917e already get close from Flatiron Building
2023-09-27T16:51:40.578+02:00 DEBUG 7856 --- [pool-2-thread-1] c.o.tourguide.service.RewardsService     : Calculate distance between -73.989723/40.741112 and 5.8300907919513065/-35.245342433128286
2023-09-27T16:51:40.578+02:00 DEBUG 7856 --- [pool-2-thread-1] c.o.tourguide.service.RewardsService     : Checking if the user 35bc7b3a-a63d-48a1-8207-ff4589e7917e already get close from Fallingwater
2023-09-27T16:51:40.578+02:00 DEBUG 7856 --- [pool-2-thread-1] c.o.tourguide.service.RewardsService     : Calculate distance between -79.468056/39.906113 and 5.8300907919513065/-35.245342433128286
2023-09-27T16:51:40.578+02:00 DEBUG 7856 --- [pool-2-thread-1] c.o.tourguide.service.RewardsService     : Checking if the user 35bc7b3a-a63d-48a1-8207-ff4589e7917e already get close from Union Station
2023-09-27T16:51:40.578+02:00 DEBUG 7856 --- [pool-2-thread-1] c.o.tourguide.service.RewardsService     : Calculate distance between -77.006332/38.897095 and 5.8300907919513065/-35.245342433128286
2023-09-27T16:51:40.578+02:00 DEBUG 7856 --- [pool-2-thread-1] c.o.tourguide.service.RewardsService     : Checking if the user 35bc7b3a-a63d-48a1-8207-ff4589e7917e already get close from Roger Dean Stadium
2023-09-27T16:51:40.578+02:00 DEBUG 7856 --- [pool-2-thread-1] c.o.tourguide.service.RewardsService     : Calculate distance between -80.116577/26.890959 and 5.8300907919513065/-35.245342433128286
2023-09-27T16:51:40.578+02:00 DEBUG 7856 --- [pool-2-thread-1] c.o.tourguide.service.RewardsService     : Checking if the user 35bc7b3a-a63d-48a1-8207-ff4589e7917e already get close from Texas Memorial Stadium
2023-09-27T16:51:40.578+02:00 DEBUG 7856 --- [pool-2-thread-1] c.o.tourguide.service.RewardsService     : Calculate distance between -97.732536/30.283682 and 5.8300907919513065/-35.245342433128286
2023-09-27T16:51:40.578+02:00 DEBUG 7856 --- [pool-2-thread-1] c.o.tourguide.service.RewardsService     : Checking if the user 35bc7b3a-a63d-48a1-8207-ff4589e7917e already get close from Bryant-Denny Stadium
2023-09-27T16:51:40.578+02:00 DEBUG 7856 --- [pool-2-thread-1] c.o.tourguide.service.RewardsService     : Calculate distance between -87.550438/33.208973 and 5.8300907919513065/-35.245342433128286
2023-09-27T16:51:40.578+02:00 DEBUG 7856 --- [pool-2-thread-1] c.o.tourguide.service.RewardsService     : Checking if the user 35bc7b3a-a63d-48a1-8207-ff4589e7917e already get close from Tiger Stadium
2023-09-27T16:51:40.578+02:00 DEBUG 7856 --- [pool-2-thread-1] c.o.tourguide.service.RewardsService     : Calculate distance between -91.183815/30.412035 and 5.8300907919513065/-35.245342433128286
2023-09-27T16:51:40.578+02:00 DEBUG 7856 --- [pool-2-thread-1] c.o.tourguide.service.RewardsService     : Checking if the user 35bc7b3a-a63d-48a1-8207-ff4589e7917e already get close from Neyland Stadium
2023-09-27T16:51:40.578+02:00 DEBUG 7856 --- [pool-2-thread-1] c.o.tourguide.service.RewardsService     : Calculate distance between -83.925011/35.955013 and 5.8300907919513065/-35.245342433128286
2023-09-27T16:51:40.578+02:00 DEBUG 7856 --- [pool-2-thread-1] c.o.tourguide.service.RewardsService     : Checking if the user 35bc7b3a-a63d-48a1-8207-ff4589e7917e already get close from Kyle Field
2023-09-27T16:51:40.578+02:00 DEBUG 7856 --- [pool-2-thread-1] c.o.tourguide.service.RewardsService     : Calculate distance between -96.339844/30.61025 and 5.8300907919513065/-35.245342433128286
2023-09-27T16:51:40.578+02:00 DEBUG 7856 --- [pool-2-thread-1] c.o.tourguide.service.RewardsService     : Checking if the user 35bc7b3a-a63d-48a1-8207-ff4589e7917e already get close from San Diego Zoo
2023-09-27T16:51:40.578+02:00 DEBUG 7856 --- [pool-2-thread-1] c.o.tourguide.service.RewardsService     : Calculate distance between -117.149048/32.735317 and 5.8300907919513065/-35.245342433128286
2023-09-27T16:51:40.578+02:00 DEBUG 7856 --- [pool-2-thread-1] c.o.tourguide.service.RewardsService     : Checking if the user 35bc7b3a-a63d-48a1-8207-ff4589e7917e already get close from Zoo Tampa at Lowry Park
2023-09-27T16:51:40.578+02:00 DEBUG 7856 --- [pool-2-thread-1] c.o.tourguide.service.RewardsService     : Calculate distance between -82.469269/28.012804 and 5.8300907919513065/-35.245342433128286
2023-09-27T16:51:40.578+02:00 DEBUG 7856 --- [pool-2-thread-1] c.o.tourguide.service.RewardsService     : Checking if the user 35bc7b3a-a63d-48a1-8207-ff4589e7917e already get close from Franklin Park Zoo
2023-09-27T16:51:40.578+02:00 DEBUG 7856 --- [pool-2-thread-1] c.o.tourguide.service.RewardsService     : Calculate distance between -71.086731/42.302601 and 5.8300907919513065/-35.245342433128286
2023-09-27T16:51:40.578+02:00 DEBUG 7856 --- [pool-2-thread-1] c.o.tourguide.service.RewardsService     : Checking if the user 35bc7b3a-a63d-48a1-8207-ff4589e7917e already get close from El Paso Zoo
2023-09-27T16:51:40.578+02:00 DEBUG 7856 --- [pool-2-thread-1] c.o.tourguide.service.RewardsService     : Calculate distance between -106.44487/31.769125 and 5.8300907919513065/-35.245342433128286
2023-09-27T16:51:40.578+02:00 DEBUG 7856 --- [pool-2-thread-1] c.o.tourguide.service.RewardsService     : Checking if the user 35bc7b3a-a63d-48a1-8207-ff4589e7917e already get close from Kansas City Zoo
2023-09-27T16:51:40.578+02:00 DEBUG 7856 --- [pool-2-thread-1] c.o.tourguide.service.RewardsService     : Calculate distance between -94.529625/39.007504 and 5.8300907919513065/-35.245342433128286
2023-09-27T16:51:40.578+02:00 DEBUG 7856 --- [pool-2-thread-1] c.o.tourguide.service.RewardsService     : Checking if the user 35bc7b3a-a63d-48a1-8207-ff4589e7917e already get close from Bronx Zoo
2023-09-27T16:51:40.578+02:00 DEBUG 7856 --- [pool-2-thread-1] c.o.tourguide.service.RewardsService     : Calculate distance between -73.872971/40.852905 and 5.8300907919513065/-35.245342433128286
2023-09-27T16:51:40.578+02:00 DEBUG 7856 --- [pool-2-thread-1] c.o.tourguide.service.RewardsService     : Checking if the user 35bc7b3a-a63d-48a1-8207-ff4589e7917e already get close from Cinderella Castle
2023-09-27T16:51:40.578+02:00 DEBUG 7856 --- [pool-2-thread-1] c.o.tourguide.service.RewardsService     : Calculate distance between -81.5812/28.419411 and 5.8300907919513065/-35.245342433128286
2023-09-27T16:51:40.578+02:00 DEBUG 7856 --- [pool-2-thread-1] c.o.tourguide.service.RewardsService     : Checking if the user 35bc7b3a-a63d-48a1-8207-ff4589e7917e already get close from Disneyland
2023-09-27T16:51:40.578+02:00 DEBUG 7856 --- [pool-2-thread-1] c.o.tourguide.service.RewardsService     : Calculate distance between -117.922008/33.817595 and -101.049532/-35.445274
2023-09-27T16:51:40.578+02:00 DEBUG 7856 --- [pool-2-thread-1] c.o.tourguide.service.RewardsService     : Checking if the user 35bc7b3a-a63d-48a1-8207-ff4589e7917e already get close from Jackson Hole
2023-09-27T16:51:40.578+02:00 DEBUG 7856 --- [pool-2-thread-1] c.o.tourguide.service.RewardsService     : Calculate distance between -110.821999/43.582767 and -101.049532/-35.445274
2023-09-27T16:51:40.578+02:00 DEBUG 7856 --- [pool-2-thread-1] c.o.tourguide.service.RewardsService     : Checking if the user 35bc7b3a-a63d-48a1-8207-ff4589e7917e already get close from Mojave National Preserve
2023-09-27T16:51:40.578+02:00 DEBUG 7856 --- [pool-2-thread-1] c.o.tourguide.service.RewardsService     : Calculate distance between -115.510399/35.141689 and -101.049532/-35.445274
2023-09-27T16:51:40.578+02:00 DEBUG 7856 --- [pool-2-thread-1] c.o.tourguide.service.RewardsService     : Checking if the user 35bc7b3a-a63d-48a1-8207-ff4589e7917e already get close from Joshua Tree National Park
2023-09-27T16:51:40.579+02:00 DEBUG 7856 --- [pool-2-thread-1] c.o.tourguide.service.RewardsService     : Calculate distance between -115.90065/33.881866 and -101.049532/-35.445274
2023-09-27T16:51:40.579+02:00 DEBUG 7856 --- [pool-2-thread-1] c.o.tourguide.service.RewardsService     : Checking if the user 35bc7b3a-a63d-48a1-8207-ff4589e7917e already get close from Buffalo National River
2023-09-27T16:51:40.579+02:00 DEBUG 7856 --- [pool-2-thread-1] c.o.tourguide.service.RewardsService     : Calculate distance between -92.757652/35.985512 and -101.049532/-35.445274
2023-09-27T16:51:40.579+02:00 DEBUG 7856 --- [pool-2-thread-1] c.o.tourguide.service.RewardsService     : Checking if the user 35bc7b3a-a63d-48a1-8207-ff4589e7917e already get close from Hot Springs National Park
2023-09-27T16:51:40.579+02:00 DEBUG 7856 --- [pool-2-thread-1] c.o.tourguide.service.RewardsService     : Calculate distance between -93.042267/34.52153 and -101.049532/-35.445274
2023-09-27T16:51:40.579+02:00 DEBUG 7856 --- [pool-2-thread-1] c.o.tourguide.service.RewardsService     : Checking if the user 35bc7b3a-a63d-48a1-8207-ff4589e7917e already get close from Kartchner Caverns State Park
2023-09-27T16:51:40.579+02:00 DEBUG 7856 --- [pool-2-thread-1] c.o.tourguide.service.RewardsService     : Calculate distance between -110.347382/31.837551 and -101.049532/-35.445274
2023-09-27T16:51:40.579+02:00 DEBUG 7856 --- [pool-2-thread-1] c.o.tourguide.service.RewardsService     : Checking if the user 35bc7b3a-a63d-48a1-8207-ff4589e7917e already get close from Legend Valley
2023-09-27T16:51:40.579+02:00 DEBUG 7856 --- [pool-2-thread-1] c.o.tourguide.service.RewardsService     : Calculate distance between -82.40667/39.937778 and -101.049532/-35.445274
2023-09-27T16:51:40.579+02:00 DEBUG 7856 --- [pool-2-thread-1] c.o.tourguide.service.RewardsService     : Checking if the user 35bc7b3a-a63d-48a1-8207-ff4589e7917e already get close from Flowers Bakery of London
2023-09-27T16:51:40.579+02:00 DEBUG 7856 --- [pool-2-thread-1] c.o.tourguide.service.RewardsService     : Calculate distance between -84.07486/37.131527 and -101.049532/-35.445274
2023-09-27T16:51:40.579+02:00 DEBUG 7856 --- [pool-2-thread-1] c.o.tourguide.service.RewardsService     : Checking if the user 35bc7b3a-a63d-48a1-8207-ff4589e7917e already get close from McKinley Tower
2023-09-27T16:51:40.579+02:00 DEBUG 7856 --- [pool-2-thread-1] c.o.tourguide.service.RewardsService     : Calculate distance between -149.877502/61.218887 and -101.049532/-35.445274
2023-09-27T16:51:40.579+02:00 DEBUG 7856 --- [pool-2-thread-1] c.o.tourguide.service.RewardsService     : Checking if the user 35bc7b3a-a63d-48a1-8207-ff4589e7917e already get close from Flatiron Building
2023-09-27T16:51:40.579+02:00 DEBUG 7856 --- [pool-2-thread-1] c.o.tourguide.service.RewardsService     : Calculate distance between -73.989723/40.741112 and -101.049532/-35.445274
2023-09-27T16:51:40.579+02:00 DEBUG 7856 --- [pool-2-thread-1] c.o.tourguide.service.RewardsService     : Checking if the user 35bc7b3a-a63d-48a1-8207-ff4589e7917e already get close from Fallingwater
2023-09-27T16:51:40.579+02:00 DEBUG 7856 --- [pool-2-thread-1] c.o.tourguide.service.RewardsService     : Calculate distance between -79.468056/39.906113 and -101.049532/-35.445274
2023-09-27T16:51:40.579+02:00 DEBUG 7856 --- [pool-2-thread-1] c.o.tourguide.service.RewardsService     : Checking if the user 35bc7b3a-a63d-48a1-8207-ff4589e7917e already get close from Union Station
2023-09-27T16:51:40.579+02:00 DEBUG 7856 --- [pool-2-thread-1] c.o.tourguide.service.RewardsService     : Calculate distance between -77.006332/38.897095 and -101.049532/-35.445274
2023-09-27T16:51:40.579+02:00 DEBUG 7856 --- [pool-2-thread-1] c.o.tourguide.service.RewardsService     : Checking if the user 35bc7b3a-a63d-48a1-8207-ff4589e7917e already get close from Roger Dean Stadium
2023-09-27T16:51:40.579+02:00 DEBUG 7856 --- [pool-2-thread-1] c.o.tourguide.service.RewardsService     : Calculate distance between -80.116577/26.890959 and -101.049532/-35.445274
2023-09-27T16:51:40.579+02:00 DEBUG 7856 --- [pool-2-thread-1] c.o.tourguide.service.RewardsService     : Checking if the user 35bc7b3a-a63d-48a1-8207-ff4589e7917e already get close from Texas Memorial Stadium
2023-09-27T16:51:40.579+02:00 DEBUG 7856 --- [pool-2-thread-1] c.o.tourguide.service.RewardsService     : Calculate distance between -97.732536/30.283682 and -101.049532/-35.445274
2023-09-27T16:51:40.579+02:00 DEBUG 7856 --- [pool-2-thread-1] c.o.tourguide.service.RewardsService     : Checking if the user 35bc7b3a-a63d-48a1-8207-ff4589e7917e already get close from Bryant-Denny Stadium
2023-09-27T16:51:40.579+02:00 DEBUG 7856 --- [pool-2-thread-1] c.o.tourguide.service.RewardsService     : Calculate distance between -87.550438/33.208973 and -101.049532/-35.445274
2023-09-27T16:51:40.579+02:00 DEBUG 7856 --- [pool-2-thread-1] c.o.tourguide.service.RewardsService     : Checking if the user 35bc7b3a-a63d-48a1-8207-ff4589e7917e already get close from Tiger Stadium
2023-09-27T16:51:40.579+02:00 DEBUG 7856 --- [pool-2-thread-1] c.o.tourguide.service.RewardsService     : Calculate distance between -91.183815/30.412035 and -101.049532/-35.445274
2023-09-27T16:51:40.579+02:00 DEBUG 7856 --- [pool-2-thread-1] c.o.tourguide.service.RewardsService     : Checking if the user 35bc7b3a-a63d-48a1-8207-ff4589e7917e already get close from Neyland Stadium
2023-09-27T16:51:40.579+02:00 DEBUG 7856 --- [pool-2-thread-1] c.o.tourguide.service.RewardsService     : Calculate distance between -83.925011/35.955013 and -101.049532/-35.445274
2023-09-27T16:51:40.579+02:00 DEBUG 7856 --- [pool-2-thread-1] c.o.tourguide.service.RewardsService     : Checking if the user 35bc7b3a-a63d-48a1-8207-ff4589e7917e already get close from Kyle Field
2023-09-27T16:51:40.579+02:00 DEBUG 7856 --- [pool-2-thread-1] c.o.tourguide.service.RewardsService     : Calculate distance between -96.339844/30.61025 and -101.049532/-35.445274
2023-09-27T16:51:40.579+02:00 DEBUG 7856 --- [pool-2-thread-1] c.o.tourguide.service.RewardsService     : Checking if the user 35bc7b3a-a63d-48a1-8207-ff4589e7917e already get close from San Diego Zoo
2023-09-27T16:51:40.579+02:00 DEBUG 7856 --- [pool-2-thread-1] c.o.tourguide.service.RewardsService     : Calculate distance between -117.149048/32.735317 and -101.049532/-35.445274
2023-09-27T16:51:40.579+02:00 DEBUG 7856 --- [pool-2-thread-1] c.o.tourguide.service.RewardsService     : Checking if the user 35bc7b3a-a63d-48a1-8207-ff4589e7917e already get close from Zoo Tampa at Lowry Park
2023-09-27T16:51:40.579+02:00 DEBUG 7856 --- [pool-2-thread-1] c.o.tourguide.service.RewardsService     : Calculate distance between -82.469269/28.012804 and -101.049532/-35.445274
2023-09-27T16:51:40.579+02:00 DEBUG 7856 --- [pool-2-thread-1] c.o.tourguide.service.RewardsService     : Checking if the user 35bc7b3a-a63d-48a1-8207-ff4589e7917e already get close from Franklin Park Zoo
2023-09-27T16:51:40.579+02:00 DEBUG 7856 --- [pool-2-thread-1] c.o.tourguide.service.RewardsService     : Calculate distance between -71.086731/42.302601 and -101.049532/-35.445274
2023-09-27T16:51:40.579+02:00 DEBUG 7856 --- [pool-2-thread-1] c.o.tourguide.service.RewardsService     : Checking if the user 35bc7b3a-a63d-48a1-8207-ff4589e7917e already get close from El Paso Zoo
2023-09-27T16:51:40.579+02:00 DEBUG 7856 --- [pool-2-thread-1] c.o.tourguide.service.RewardsService     : Calculate distance between -106.44487/31.769125 and -101.049532/-35.445274
2023-09-27T16:51:40.579+02:00 DEBUG 7856 --- [pool-2-thread-1] c.o.tourguide.service.RewardsService     : Checking if the user 35bc7b3a-a63d-48a1-8207-ff4589e7917e already get close from Kansas City Zoo
2023-09-27T16:51:40.579+02:00 DEBUG 7856 --- [pool-2-thread-1] c.o.tourguide.service.RewardsService     : Calculate distance between -94.529625/39.007504 and -101.049532/-35.445274
2023-09-27T16:51:40.579+02:00 DEBUG 7856 --- [pool-2-thread-1] c.o.tourguide.service.RewardsService     : Checking if the user 35bc7b3a-a63d-48a1-8207-ff4589e7917e already get close from Bronx Zoo
2023-09-27T16:51:40.579+02:00 DEBUG 7856 --- [pool-2-thread-1] c.o.tourguide.service.RewardsService     : Calculate distance between -73.872971/40.852905 and -101.049532/-35.445274
2023-09-27T16:51:40.579+02:00 DEBUG 7856 --- [pool-2-thread-1] c.o.tourguide.service.RewardsService     : Checking if the user 35bc7b3a-a63d-48a1-8207-ff4589e7917e already get close from Cinderella Castle
2023-09-27T16:51:40.579+02:00 DEBUG 7856 --- [pool-2-thread-1] c.o.tourguide.service.RewardsService     : Calculate distance between -81.5812/28.419411 and -101.049532/-35.445274
2023-09-27T16:51:40.579+02:00 DEBUG 7856 --- [pool-2-thread-1] c.o.tourguide.service.RewardsService     : Checking if the user 35bc7b3a-a63d-48a1-8207-ff4589e7917e already get close from Disneyland
2023-09-27T16:51:40.579+02:00 DEBUG 7856 --- [pool-2-thread-1] c.o.tourguide.service.RewardsService     : Calculate distance between -117.922008/33.817595 and 164.812194/15.60034
2023-09-27T16:51:40.579+02:00 DEBUG 7856 --- [pool-2-thread-1] c.o.tourguide.service.RewardsService     : Checking if the user 35bc7b3a-a63d-48a1-8207-ff4589e7917e already get close from Jackson Hole
2023-09-27T16:51:40.579+02:00 DEBUG 7856 --- [pool-2-thread-1] c.o.tourguide.service.RewardsService     : Calculate distance between -110.821999/43.582767 and 164.812194/15.60034
2023-09-27T16:51:40.579+02:00 DEBUG 7856 --- [pool-2-thread-1] c.o.tourguide.service.RewardsService     : Checking if the user 35bc7b3a-a63d-48a1-8207-ff4589e7917e already get close from Mojave National Preserve
2023-09-27T16:51:40.579+02:00 DEBUG 7856 --- [pool-2-thread-1] c.o.tourguide.service.RewardsService     : Calculate distance between -115.510399/35.141689 and 164.812194/15.60034
2023-09-27T16:51:40.579+02:00 DEBUG 7856 --- [pool-2-thread-1] c.o.tourguide.service.RewardsService     : Checking if the user 35bc7b3a-a63d-48a1-8207-ff4589e7917e already get close from Joshua Tree National Park
2023-09-27T16:51:40.579+02:00 DEBUG 7856 --- [pool-2-thread-1] c.o.tourguide.service.RewardsService     : Calculate distance between -115.90065/33.881866 and 164.812194/15.60034
2023-09-27T16:51:40.579+02:00 DEBUG 7856 --- [pool-2-thread-1] c.o.tourguide.service.RewardsService     : Checking if the user 35bc7b3a-a63d-48a1-8207-ff4589e7917e already get close from Buffalo National River
2023-09-27T16:51:40.579+02:00 DEBUG 7856 --- [pool-2-thread-1] c.o.tourguide.service.RewardsService     : Calculate distance between -92.757652/35.985512 and 164.812194/15.60034
2023-09-27T16:51:40.579+02:00 DEBUG 7856 --- [pool-2-thread-1] c.o.tourguide.service.RewardsService     : Checking if the user 35bc7b3a-a63d-48a1-8207-ff4589e7917e already get close from Hot Springs National Park
2023-09-27T16:51:40.579+02:00 DEBUG 7856 --- [pool-2-thread-1] c.o.tourguide.service.RewardsService     : Calculate distance between -93.042267/34.52153 and 164.812194/15.60034
2023-09-27T16:51:40.579+02:00 DEBUG 7856 --- [pool-2-thread-1] c.o.tourguide.service.RewardsService     : Checking if the user 35bc7b3a-a63d-48a1-8207-ff4589e7917e already get close from Kartchner Caverns State Park
2023-09-27T16:51:40.579+02:00 DEBUG 7856 --- [pool-2-thread-1] c.o.tourguide.service.RewardsService     : Calculate distance between -110.347382/31.837551 and 164.812194/15.60034
2023-09-27T16:51:40.579+02:00 DEBUG 7856 --- [pool-2-thread-1] c.o.tourguide.service.RewardsService     : Checking if the user 35bc7b3a-a63d-48a1-8207-ff4589e7917e already get close from Legend Valley
2023-09-27T16:51:40.579+02:00 DEBUG 7856 --- [pool-2-thread-1] c.o.tourguide.service.RewardsService     : Calculate distance between -82.40667/39.937778 and 164.812194/15.60034
2023-09-27T16:51:40.579+02:00 DEBUG 7856 --- [pool-2-thread-1] c.o.tourguide.service.RewardsService     : Checking if the user 35bc7b3a-a63d-48a1-8207-ff4589e7917e already get close from Flowers Bakery of London
2023-09-27T16:51:40.579+02:00 DEBUG 7856 --- [pool-2-thread-1] c.o.tourguide.service.RewardsService     : Calculate distance between -84.07486/37.131527 and 164.812194/15.60034
2023-09-27T16:51:40.579+02:00 DEBUG 7856 --- [pool-2-thread-1] c.o.tourguide.service.RewardsService     : Checking if the user 35bc7b3a-a63d-48a1-8207-ff4589e7917e already get close from McKinley Tower
2023-09-27T16:51:40.579+02:00 DEBUG 7856 --- [pool-2-thread-1] c.o.tourguide.service.RewardsService     : Calculate distance between -149.877502/61.218887 and 164.812194/15.60034
2023-09-27T16:51:40.579+02:00 DEBUG 7856 --- [pool-2-thread-1] c.o.tourguide.service.RewardsService     : Checking if the user 35bc7b3a-a63d-48a1-8207-ff4589e7917e already get close from Flatiron Building
2023-09-27T16:51:40.579+02:00 DEBUG 7856 --- [pool-2-thread-1] c.o.tourguide.service.RewardsService     : Calculate distance between -73.989723/40.741112 and 164.812194/15.60034
2023-09-27T16:51:40.579+02:00 DEBUG 7856 --- [pool-2-thread-1] c.o.tourguide.service.RewardsService     : Checking if the user 35bc7b3a-a63d-48a1-8207-ff4589e7917e already get close from Fallingwater
2023-09-27T16:51:40.579+02:00 DEBUG 7856 --- [pool-2-thread-1] c.o.tourguide.service.RewardsService     : Calculate distance between -79.468056/39.906113 and 164.812194/15.60034
2023-09-27T16:51:40.579+02:00 DEBUG 7856 --- [pool-2-thread-1] c.o.tourguide.service.RewardsService     : Checking if the user 35bc7b3a-a63d-48a1-8207-ff4589e7917e already get close from Union Station
2023-09-27T16:51:40.579+02:00 DEBUG 7856 --- [pool-2-thread-1] c.o.tourguide.service.RewardsService     : Calculate distance between -77.006332/38.897095 and 164.812194/15.60034
2023-09-27T16:51:40.579+02:00 DEBUG 7856 --- [pool-2-thread-1] c.o.tourguide.service.RewardsService     : Checking if the user 35bc7b3a-a63d-48a1-8207-ff4589e7917e already get close from Roger Dean Stadium
2023-09-27T16:51:40.579+02:00 DEBUG 7856 --- [pool-2-thread-1] c.o.tourguide.service.RewardsService     : Calculate distance between -80.116577/26.890959 and 164.812194/15.60034
2023-09-27T16:51:40.579+02:00 DEBUG 7856 --- [pool-2-thread-1] c.o.tourguide.service.RewardsService     : Checking if the user 35bc7b3a-a63d-48a1-8207-ff4589e7917e already get close from Texas Memorial Stadium
2023-09-27T16:51:40.579+02:00 DEBUG 7856 --- [pool-2-thread-1] c.o.tourguide.service.RewardsService     : Calculate distance between -97.732536/30.283682 and 164.812194/15.60034
2023-09-27T16:51:40.579+02:00 DEBUG 7856 --- [pool-2-thread-1] c.o.tourguide.service.RewardsService     : Checking if the user 35bc7b3a-a63d-48a1-8207-ff4589e7917e already get close from Bryant-Denny Stadium
2023-09-27T16:51:40.579+02:00 DEBUG 7856 --- [pool-2-thread-1] c.o.tourguide.service.RewardsService     : Calculate distance between -87.550438/33.208973 and 164.812194/15.60034
2023-09-27T16:51:40.579+02:00 DEBUG 7856 --- [pool-2-thread-1] c.o.tourguide.service.RewardsService     : Checking if the user 35bc7b3a-a63d-48a1-8207-ff4589e7917e already get close from Tiger Stadium
2023-09-27T16:51:40.579+02:00 DEBUG 7856 --- [pool-2-thread-1] c.o.tourguide.service.RewardsService     : Calculate distance between -91.183815/30.412035 and 164.812194/15.60034
2023-09-27T16:51:40.579+02:00 DEBUG 7856 --- [pool-2-thread-1] c.o.tourguide.service.RewardsService     : Checking if the user 35bc7b3a-a63d-48a1-8207-ff4589e7917e already get close from Neyland Stadium
2023-09-27T16:51:40.579+02:00 DEBUG 7856 --- [pool-2-thread-1] c.o.tourguide.service.RewardsService     : Calculate distance between -83.925011/35.955013 and 164.812194/15.60034
2023-09-27T16:51:40.579+02:00 DEBUG 7856 --- [pool-2-thread-1] c.o.tourguide.service.RewardsService     : Checking if the user 35bc7b3a-a63d-48a1-8207-ff4589e7917e already get close from Kyle Field
2023-09-27T16:51:40.579+02:00 DEBUG 7856 --- [pool-2-thread-1] c.o.tourguide.service.RewardsService     : Calculate distance between -96.339844/30.61025 and 164.812194/15.60034
2023-09-27T16:51:40.579+02:00 DEBUG 7856 --- [pool-2-thread-1] c.o.tourguide.service.RewardsService     : Checking if the user 35bc7b3a-a63d-48a1-8207-ff4589e7917e already get close from San Diego Zoo
2023-09-27T16:51:40.579+02:00 DEBUG 7856 --- [pool-2-thread-1] c.o.tourguide.service.RewardsService     : Calculate distance between -117.149048/32.735317 and 164.812194/15.60034
2023-09-27T16:51:40.579+02:00 DEBUG 7856 --- [pool-2-thread-1] c.o.tourguide.service.RewardsService     : Checking if the user 35bc7b3a-a63d-48a1-8207-ff4589e7917e already get close from Zoo Tampa at Lowry Park
2023-09-27T16:51:40.579+02:00 DEBUG 7856 --- [pool-2-thread-1] c.o.tourguide.service.RewardsService     : Calculate distance between -82.469269/28.012804 and 164.812194/15.60034
2023-09-27T16:51:40.580+02:00 DEBUG 7856 --- [pool-2-thread-1] c.o.tourguide.service.RewardsService     : Checking if the user 35bc7b3a-a63d-48a1-8207-ff4589e7917e already get close from Franklin Park Zoo
2023-09-27T16:51:40.580+02:00 DEBUG 7856 --- [pool-2-thread-1] c.o.tourguide.service.RewardsService     : Calculate distance between -71.086731/42.302601 and 164.812194/15.60034
2023-09-27T16:51:40.580+02:00 DEBUG 7856 --- [pool-2-thread-1] c.o.tourguide.service.RewardsService     : Checking if the user 35bc7b3a-a63d-48a1-8207-ff4589e7917e already get close from El Paso Zoo
2023-09-27T16:51:40.580+02:00 DEBUG 7856 --- [pool-2-thread-1] c.o.tourguide.service.RewardsService     : Calculate distance between -106.44487/31.769125 and 164.812194/15.60034
2023-09-27T16:51:40.580+02:00 DEBUG 7856 --- [pool-2-thread-1] c.o.tourguide.service.RewardsService     : Checking if the user 35bc7b3a-a63d-48a1-8207-ff4589e7917e already get close from Kansas City Zoo
2023-09-27T16:51:40.580+02:00 DEBUG 7856 --- [pool-2-thread-1] c.o.tourguide.service.RewardsService     : Calculate distance between -94.529625/39.007504 and 164.812194/15.60034
2023-09-27T16:51:40.580+02:00 DEBUG 7856 --- [pool-2-thread-1] c.o.tourguide.service.RewardsService     : Checking if the user 35bc7b3a-a63d-48a1-8207-ff4589e7917e already get close from Bronx Zoo
2023-09-27T16:51:40.580+02:00 DEBUG 7856 --- [pool-2-thread-1] c.o.tourguide.service.RewardsService     : Calculate distance between -73.872971/40.852905 and 164.812194/15.60034
2023-09-27T16:51:40.580+02:00 DEBUG 7856 --- [pool-2-thread-1] c.o.tourguide.service.RewardsService     : Checking if the user 35bc7b3a-a63d-48a1-8207-ff4589e7917e already get close from Cinderella Castle
2023-09-27T16:51:40.580+02:00 DEBUG 7856 --- [pool-2-thread-1] c.o.tourguide.service.RewardsService     : Calculate distance between -81.5812/28.419411 and 164.812194/15.60034
2023-09-27T16:51:40.580+02:00 DEBUG 7856 --- [pool-2-thread-1] c.o.tourguide.service.RewardsService     : Trying to add 0 rewards
2023-09-27T16:51:40.623+02:00  INFO 7856 --- [pool-2-thread-1] c.o.tourguide.service.TourGuideService   : Adding the current location to the user internalUser6482
2023-09-27T16:51:40.623+02:00 DEBUG 7856 --- [pool-2-thread-1] c.o.tourguide.service.RewardsService     : calculate reward for internalUser6482 on his 5 known locations
2023-09-27T16:51:40.633+02:00 DEBUG 7856 --- [pool-2-thread-1] c.o.tourguide.service.RewardsService     : Checking if the user 80a4685d-d77b-47c1-890f-97ba8f1c97d3 already get close from Disneyland
2023-09-27T16:51:40.633+02:00 DEBUG 7856 --- [pool-2-thread-1] c.o.tourguide.service.RewardsService     : Calculate distance between -117.922008/33.817595 and -91.11279761425718/-20.464498298317196
2023-09-27T16:51:40.633+02:00 DEBUG 7856 --- [pool-2-thread-1] c.o.tourguide.service.RewardsService     : Checking if the user 80a4685d-d77b-47c1-890f-97ba8f1c97d3 already get close from Jackson Hole
2023-09-27T16:51:40.633+02:00 DEBUG 7856 --- [pool-2-thread-1] c.o.tourguide.service.RewardsService     : Calculate distance between -110.821999/43.582767 and -91.11279761425718/-20.464498298317196
2023-09-27T16:51:40.633+02:00 DEBUG 7856 --- [pool-2-thread-1] c.o.tourguide.service.RewardsService     : Checking if the user 80a4685d-d77b-47c1-890f-97ba8f1c97d3 already get close from Mojave National Preserve
2023-09-27T16:51:40.633+02:00 DEBUG 7856 --- [pool-2-thread-1] c.o.tourguide.service.RewardsService     : Calculate distance between -115.510399/35.141689 and -91.11279761425718/-20.464498298317196
2023-09-27T16:51:40.633+02:00 DEBUG 7856 --- [pool-2-thread-1] c.o.tourguide.service.RewardsService     : Checking if the user 80a4685d-d77b-47c1-890f-97ba8f1c97d3 already get close from Joshua Tree National Park
2023-09-27T16:51:40.633+02:00 DEBUG 7856 --- [pool-2-thread-1] c.o.tourguide.service.RewardsService     : Calculate distance between -115.90065/33.881866 and -91.11279761425718/-20.464498298317196
2023-09-27T16:51:40.633+02:00 DEBUG 7856 --- [pool-2-thread-1] c.o.tourguide.service.RewardsService     : Checking if the user 80a4685d-d77b-47c1-890f-97ba8f1c97d3 already get close from Buffalo National River
2023-09-27T16:51:40.633+02:00 DEBUG 7856 --- [pool-2-thread-1] c.o.tourguide.service.RewardsService     : Calculate distance between -92.757652/35.985512 and -91.11279761425718/-20.464498298317196
2023-09-27T16:51:40.633+02:00 DEBUG 7856 --- [pool-2-thread-1] c.o.tourguide.service.RewardsService     : Checking if the user 80a4685d-d77b-47c1-890f-97ba8f1c97d3 already get close from Hot Springs National Park
2023-09-27T16:51:40.633+02:00 DEBUG 7856 --- [pool-2-thread-1] c.o.tourguide.service.RewardsService     : Calculate distance between -93.042267/34.52153 and -91.11279761425718/-20.464498298317196
2023-09-27T16:51:40.633+02:00 DEBUG 7856 --- [pool-2-thread-1] c.o.tourguide.service.RewardsService     : Checking if the user 80a4685d-d77b-47c1-890f-97ba8f1c97d3 already get close from Kartchner Caverns State Park
2023-09-27T16:51:40.633+02:00 DEBUG 7856 --- [pool-2-thread-1] c.o.tourguide.service.RewardsService     : Calculate distance between -110.347382/31.837551 and -91.11279761425718/-20.464498298317196
2023-09-27T16:51:40.633+02:00 DEBUG 7856 --- [pool-2-thread-1] c.o.tourguide.service.RewardsService     : Checking if the user 80a4685d-d77b-47c1-890f-97ba8f1c97d3 already get close from Legend Valley
2023-09-27T16:51:40.633+02:00 DEBUG 7856 --- [pool-2-thread-1] c.o.tourguide.service.RewardsService     : Calculate distance between -82.40667/39.937778 and -91.11279761425718/-20.464498298317196
2023-09-27T16:51:40.633+02:00 DEBUG 7856 --- [pool-2-thread-1] c.o.tourguide.service.RewardsService     : Checking if the user 80a4685d-d77b-47c1-890f-97ba8f1c97d3 already get close from Flowers Bakery of London
2023-09-27T16:51:40.633+02:00 DEBUG 7856 --- [pool-2-thread-1] c.o.tourguide.service.RewardsService     : Calculate distance between -84.07486/37.131527 and -91.11279761425718/-20.464498298317196
2023-09-27T16:51:40.633+02:00 DEBUG 7856 --- [pool-2-thread-1] c.o.tourguide.service.RewardsService     : Checking if the user 80a4685d-d77b-47c1-890f-97ba8f1c97d3 already get close from McKinley Tower
2023-09-27T16:51:40.633+02:00 DEBUG 7856 --- [pool-2-thread-1] c.o.tourguide.service.RewardsService     : Calculate distance between -149.877502/61.218887 and -91.11279761425718/-20.464498298317196
2023-09-27T16:51:40.633+02:00 DEBUG 7856 --- [pool-2-thread-1] c.o.tourguide.service.RewardsService     : Checking if the user 80a4685d-d77b-47c1-890f-97ba8f1c97d3 already get close from Flatiron Building
2023-09-27T16:51:40.633+02:00 DEBUG 7856 --- [pool-2-thread-1] c.o.tourguide.service.RewardsService     : Calculate distance between -73.989723/40.741112 and -91.11279761425718/-20.464498298317196
2023-09-27T16:51:40.633+02:00 DEBUG 7856 --- [pool-2-thread-1] c.o.tourguide.service.RewardsService     : Checking if the user 80a4685d-d77b-47c1-890f-97ba8f1c97d3 already get close from Fallingwater
2023-09-27T16:51:40.633+02:00 DEBUG 7856 --- [pool-2-thread-1] c.o.tourguide.service.RewardsService     : Calculate distance between -79.468056/39.906113 and -91.11279761425718/-20.464498298317196
2023-09-27T16:51:40.633+02:00 DEBUG 7856 --- [pool-2-thread-1] c.o.tourguide.service.RewardsService     : Checking if the user 80a4685d-d77b-47c1-890f-97ba8f1c97d3 already get close from Union Station
2023-09-27T16:51:40.633+02:00 DEBUG 7856 --- [pool-2-thread-1] c.o.tourguide.service.RewardsService     : Calculate distance between -77.006332/38.897095 and -91.11279761425718/-20.464498298317196
2023-09-27T16:51:40.633+02:00 DEBUG 7856 --- [pool-2-thread-1] c.o.tourguide.service.RewardsService     : Checking if the user 80a4685d-d77b-47c1-890f-97ba8f1c97d3 already get close from Roger Dean Stadium
2023-09-27T16:51:40.633+02:00 DEBUG 7856 --- [pool-2-thread-1] c.o.tourguide.service.RewardsService     : Calculate distance between -80.116577/26.890959 and -91.11279761425718/-20.464498298317196
2023-09-27T16:51:40.633+02:00 DEBUG 7856 --- [pool-2-thread-1] c.o.tourguide.service.RewardsService     : Checking if the user 80a4685d-d77b-47c1-890f-97ba8f1c97d3 already get close from Texas Memorial Stadium
2023-09-27T16:51:40.633+02:00 DEBUG 7856 --- [pool-2-thread-1] c.o.tourguide.service.RewardsService     : Calculate distance between -97.732536/30.283682 and -91.11279761425718/-20.464498298317196
2023-09-27T16:51:40.633+02:00 DEBUG 7856 --- [pool-2-thread-1] c.o.tourguide.service.RewardsService     : Checking if the user 80a4685d-d77b-47c1-890f-97ba8f1c97d3 already get close from Bryant-Denny Stadium
2023-09-27T16:51:40.633+02:00 DEBUG 7856 --- [pool-2-thread-1] c.o.tourguide.service.RewardsService     : Calculate distance between -87.550438/33.208973 and -91.11279761425718/-20.464498298317196
2023-09-27T16:51:40.633+02:00 DEBUG 7856 --- [pool-2-thread-1] c.o.tourguide.service.RewardsService     : Checking if the user 80a4685d-d77b-47c1-890f-97ba8f1c97d3 already get close from Tiger Stadium
2023-09-27T16:51:40.633+02:00 DEBUG 7856 --- [pool-2-thread-1] c.o.tourguide.service.RewardsService     : Calculate distance between -91.183815/30.412035 and -91.11279761425718/-20.464498298317196
2023-09-27T16:51:40.633+02:00 DEBUG 7856 --- [pool-2-thread-1] c.o.tourguide.service.RewardsService     : Checking if the user 80a4685d-d77b-47c1-890f-97ba8f1c97d3 already get close from Neyland Stadium
2023-09-27T16:51:40.633+02:00 DEBUG 7856 --- [pool-2-thread-1] c.o.tourguide.service.RewardsService     : Calculate distance between -83.925011/35.955013 and -91.11279761425718/-20.464498298317196
2023-09-27T16:51:40.633+02:00 DEBUG 7856 --- [pool-2-thread-1] c.o.tourguide.service.RewardsService     : Checking if the user 80a4685d-d77b-47c1-890f-97ba8f1c97d3 already get close from Kyle Field
2023-09-27T16:51:40.633+02:00 DEBUG 7856 --- [pool-2-thread-1] c.o.tourguide.service.RewardsService     : Calculate distance between -96.339844/30.61025 and -91.11279761425718/-20.464498298317196
2023-09-27T16:51:40.633+02:00 DEBUG 7856 --- [pool-2-thread-1] c.o.tourguide.service.RewardsService     : Checking if the user 80a4685d-d77b-47c1-890f-97ba8f1c97d3 already get close from San Diego Zoo
2023-09-27T16:51:40.633+02:00 DEBUG 7856 --- [pool-2-thread-1] c.o.tourguide.service.RewardsService     : Calculate distance between -117.149048/32.735317 and -91.11279761425718/-20.464498298317196
2023-09-27T16:51:40.633+02:00 DEBUG 7856 --- [pool-2-thread-1] c.o.tourguide.service.RewardsService     : Checking if the user 80a4685d-d77b-47c1-890f-97ba8f1c97d3 already get close from Zoo Tampa at Lowry Park
2023-09-27T16:51:40.633+02:00 DEBUG 7856 --- [pool-2-thread-1] c.o.tourguide.service.RewardsService     : Calculate distance between -82.469269/28.012804 and -91.11279761425718/-20.464498298317196
2023-09-27T16:51:40.633+02:00 DEBUG 7856 --- [pool-2-thread-1] c.o.tourguide.service.RewardsService     : Checking if the user 80a4685d-d77b-47c1-890f-97ba8f1c97d3 already get close from Franklin Park Zoo
2023-09-27T16:51:40.633+02:00 DEBUG 7856 --- [pool-2-thread-1] c.o.tourguide.service.RewardsService     : Calculate distance between -71.086731/42.302601 and -91.11279761425718/-20.464498298317196
2023-09-27T16:51:40.633+02:00 DEBUG 7856 --- [pool-2-thread-1] c.o.tourguide.service.RewardsService     : Checking if the user 80a4685d-d77b-47c1-890f-97ba8f1c97d3 already get close from El Paso Zoo
2023-09-27T16:51:40.633+02:00 DEBUG 7856 --- [pool-2-thread-1] c.o.tourguide.service.RewardsService     : Calculate distance between -106.44487/31.769125 and -91.11279761425718/-20.464498298317196
2023-09-27T16:51:40.633+02:00 DEBUG 7856 --- [pool-2-thread-1] c.o.tourguide.service.RewardsService     : Checking if the user 80a4685d-d77b-47c1-890f-97ba8f1c97d3 already get close from Kansas City Zoo
2023-09-27T16:51:40.633+02:00 DEBUG 7856 --- [pool-2-thread-1] c.o.tourguide.service.RewardsService     : Calculate distance between -94.529625/39.007504 and -91.11279761425718/-20.464498298317196
2023-09-27T16:51:40.633+02:00 DEBUG 7856 --- [pool-2-thread-1] c.o.tourguide.service.RewardsService     : Checking if the user 80a4685d-d77b-47c1-890f-97ba8f1c97d3 already get close from Bronx Zoo
2023-09-27T16:51:40.633+02:00 DEBUG 7856 --- [pool-2-thread-1] c.o.tourguide.service.RewardsService     : Calculate distance between -73.872971/40.852905 and -91.11279761425718/-20.464498298317196
2023-09-27T16:51:40.633+02:00 DEBUG 7856 --- [pool-2-thread-1] c.o.tourguide.service.RewardsService     : Checking if the user 80a4685d-d77b-47c1-890f-97ba8f1c97d3 already get close from Cinderella Castle
2023-09-27T16:51:40.633+02:00 DEBUG 7856 --- [pool-2-thread-1] c.o.tourguide.service.RewardsService     : Calculate distance between -81.5812/28.419411 and -91.11279761425718/-20.464498298317196
2023-09-27T16:51:40.633+02:00 DEBUG 7856 --- [pool-2-thread-1] c.o.tourguide.service.RewardsService     : Checking if the user 80a4685d-d77b-47c1-890f-97ba8f1c97d3 already get close from Disneyland
2023-09-27T16:51:40.633+02:00 DEBUG 7856 --- [pool-2-thread-1] c.o.tourguide.service.RewardsService     : Calculate distance between -117.922008/33.817595 and -105.71280042089022/21.60414585280101
2023-09-27T16:51:40.633+02:00 DEBUG 7856 --- [pool-2-thread-1] c.o.tourguide.service.RewardsService     : Checking if the user 80a4685d-d77b-47c1-890f-97ba8f1c97d3 already get close from Jackson Hole
2023-09-27T16:51:40.633+02:00 DEBUG 7856 --- [pool-2-thread-1] c.o.tourguide.service.RewardsService     : Calculate distance between -110.821999/43.582767 and -105.71280042089022/21.60414585280101
2023-09-27T16:51:40.633+02:00 DEBUG 7856 --- [pool-2-thread-1] c.o.tourguide.service.RewardsService     : Checking if the user 80a4685d-d77b-47c1-890f-97ba8f1c97d3 already get close from Mojave National Preserve
2023-09-27T16:51:40.633+02:00 DEBUG 7856 --- [pool-2-thread-1] c.o.tourguide.service.RewardsService     : Calculate distance between -115.510399/35.141689 and -105.71280042089022/21.60414585280101
2023-09-27T16:51:40.633+02:00 DEBUG 7856 --- [pool-2-thread-1] c.o.tourguide.service.RewardsService     : Checking if the user 80a4685d-d77b-47c1-890f-97ba8f1c97d3 already get close from Joshua Tree National Park
2023-09-27T16:51:40.633+02:00 DEBUG 7856 --- [pool-2-thread-1] c.o.tourguide.service.RewardsService     : Calculate distance between -115.90065/33.881866 and -105.71280042089022/21.60414585280101
2023-09-27T16:51:40.633+02:00 DEBUG 7856 --- [pool-2-thread-1] c.o.tourguide.service.RewardsService     : Checking if the user 80a4685d-d77b-47c1-890f-97ba8f1c97d3 already get close from Buffalo National River
2023-09-27T16:51:40.633+02:00 DEBUG 7856 --- [pool-2-thread-1] c.o.tourguide.service.RewardsService     : Calculate distance between -92.757652/35.985512 and -105.71280042089022/21.60414585280101
2023-09-27T16:51:40.633+02:00 DEBUG 7856 --- [pool-2-thread-1] c.o.tourguide.service.RewardsService     : Checking if the user 80a4685d-d77b-47c1-890f-97ba8f1c97d3 already get close from Hot Springs National Park
2023-09-27T16:51:40.633+02:00 DEBUG 7856 --- [pool-2-thread-1] c.o.tourguide.service.RewardsService     : Calculate distance between -93.042267/34.52153 and -105.71280042089022/21.60414585280101
2023-09-27T16:51:40.633+02:00 DEBUG 7856 --- [pool-2-thread-1] c.o.tourguide.service.RewardsService     : Checking if the user 80a4685d-d77b-47c1-890f-97ba8f1c97d3 already get close from Kartchner Caverns State Park
2023-09-27T16:51:40.633+02:00 DEBUG 7856 --- [pool-2-thread-1] c.o.tourguide.service.RewardsService     : Calculate distance between -110.347382/31.837551 and -105.71280042089022/21.60414585280101
2023-09-27T16:51:40.633+02:00 DEBUG 7856 --- [pool-2-thread-1] c.o.tourguide.service.RewardsService     : Checking if the user 80a4685d-d77b-47c1-890f-97ba8f1c97d3 already get close from Legend Valley
2023-09-27T16:51:40.633+02:00 DEBUG 7856 --- [pool-2-thread-1] c.o.tourguide.service.RewardsService     : Calculate distance between -82.40667/39.937778 and -105.71280042089022/21.60414585280101
2023-09-27T16:51:40.633+02:00 DEBUG 7856 --- [pool-2-thread-1] c.o.tourguide.service.RewardsService     : Checking if the user 80a4685d-d77b-47c1-890f-97ba8f1c97d3 already get close from Flowers Bakery of London
2023-09-27T16:51:40.633+02:00 DEBUG 7856 --- [pool-2-thread-1] c.o.tourguide.service.RewardsService     : Calculate distance between -84.07486/37.131527 and -105.71280042089022/21.60414585280101
2023-09-27T16:51:40.633+02:00 DEBUG 7856 --- [pool-2-thread-1] c.o.tourguide.service.RewardsService     : Checking if the user 80a4685d-d77b-47c1-890f-97ba8f1c97d3 already get close from McKinley Tower
2023-09-27T16:51:40.633+02:00 DEBUG 7856 --- [pool-2-thread-1] c.o.tourguide.service.RewardsService     : Calculate distance between -149.877502/61.218887 and -105.71280042089022/21.60414585280101
2023-09-27T16:51:40.633+02:00 DEBUG 7856 --- [pool-2-thread-1] c.o.tourguide.service.RewardsService     : Checking if the user 80a4685d-d77b-47c1-890f-97ba8f1c97d3 already get close from Flatiron Building
2023-09-27T16:51:40.633+02:00 DEBUG 7856 --- [pool-2-thread-1] c.o.tourguide.service.RewardsService     : Calculate distance between -73.989723/40.741112 and -105.71280042089022/21.60414585280101
2023-09-27T16:51:40.633+02:00 DEBUG 7856 --- [pool-2-thread-1] c.o.tourguide.service.RewardsService     : Checking if the user 80a4685d-d77b-47c1-890f-97ba8f1c97d3 already get close from Fallingwater
2023-09-27T16:51:40.633+02:00 DEBUG 7856 --- [pool-2-thread-1] c.o.tourguide.service.RewardsService     : Calculate distance between -79.468056/39.906113 and -105.71280042089022/21.60414585280101
2023-09-27T16:51:40.633+02:00 DEBUG 7856 --- [pool-2-thread-1] c.o.tourguide.service.RewardsService     : Checking if the user 80a4685d-d77b-47c1-890f-97ba8f1c97d3 already get close from Union Station
2023-09-27T16:51:40.633+02:00 DEBUG 7856 --- [pool-2-thread-1] c.o.tourguide.service.RewardsService     : Calculate distance between -77.006332/38.897095 and -105.71280042089022/21.60414585280101
2023-09-27T16:51:40.633+02:00 DEBUG 7856 --- [pool-2-thread-1] c.o.tourguide.service.RewardsService     : Checking if the user 80a4685d-d77b-47c1-890f-97ba8f1c97d3 already get close from Roger Dean Stadium
2023-09-27T16:51:40.633+02:00 DEBUG 7856 --- [pool-2-thread-1] c.o.tourguide.service.RewardsService     : Calculate distance between -80.116577/26.890959 and -105.71280042089022/21.60414585280101
2023-09-27T16:51:40.633+02:00 DEBUG 7856 --- [pool-2-thread-1] c.o.tourguide.service.RewardsService     : Checking if the user 80a4685d-d77b-47c1-890f-97ba8f1c97d3 already get close from Texas Memorial Stadium
2023-09-27T16:51:40.633+02:00 DEBUG 7856 --- [pool-2-thread-1] c.o.tourguide.service.RewardsService     : Calculate distance between -97.732536/30.283682 and -105.71280042089022/21.60414585280101
2023-09-27T16:51:40.633+02:00 DEBUG 7856 --- [pool-2-thread-1] c.o.tourguide.service.RewardsService     : Checking if the user 80a4685d-d77b-47c1-890f-97ba8f1c97d3 already get close from Bryant-Denny Stadium
2023-09-27T16:51:40.633+02:00 DEBUG 7856 --- [pool-2-thread-1] c.o.tourguide.service.RewardsService     : Calculate distance between -87.550438/33.208973 and -105.71280042089022/21.60414585280101
2023-09-27T16:51:40.633+02:00 DEBUG 7856 --- [pool-2-thread-1] c.o.tourguide.service.RewardsService     : Checking if the user 80a4685d-d77b-47c1-890f-97ba8f1c97d3 already get close from Tiger Stadium
2023-09-27T16:51:40.633+02:00 DEBUG 7856 --- [pool-2-thread-1] c.o.tourguide.service.RewardsService     : Calculate distance between -91.183815/30.412035 and -105.71280042089022/21.60414585280101
2023-09-27T16:51:40.633+02:00 DEBUG 7856 --- [pool-2-thread-1] c.o.tourguide.service.RewardsService     : Checking if the user 80a4685d-d77b-47c1-890f-97ba8f1c97d3 already get close from Neyland Stadium
2023-09-27T16:51:40.633+02:00 DEBUG 7856 --- [pool-2-thread-1] c.o.tourguide.service.RewardsService     : Calculate distance between -83.925011/35.955013 and -105.71280042089022/21.60414585280101
2023-09-27T16:51:40.633+02:00 DEBUG 7856 --- [pool-2-thread-1] c.o.tourguide.service.RewardsService     : Checking if the user 80a4685d-d77b-47c1-890f-97ba8f1c97d3 already get close from Kyle Field
2023-09-27T16:51:40.634+02:00 DEBUG 7856 --- [pool-2-thread-1] c.o.tourguide.service.RewardsService     : Calculate distance between -96.339844/30.61025 and -105.71280042089022/21.60414585280101
2023-09-27T16:51:40.634+02:00 DEBUG 7856 --- [pool-2-thread-1] c.o.tourguide.service.RewardsService     : Checking if the user 80a4685d-d77b-47c1-890f-97ba8f1c97d3 already get close from San Diego Zoo
2023-09-27T16:51:40.634+02:00 DEBUG 7856 --- [pool-2-thread-1] c.o.tourguide.service.RewardsService     : Calculate distance between -117.149048/32.735317 and -105.71280042089022/21.60414585280101
2023-09-27T16:51:40.634+02:00 DEBUG 7856 --- [pool-2-thread-1] c.o.tourguide.service.RewardsService     : Checking if the user 80a4685d-d77b-47c1-890f-97ba8f1c97d3 already get close from Zoo Tampa at Lowry Park
2023-09-27T16:51:40.634+02:00 DEBUG 7856 --- [pool-2-thread-1] c.o.tourguide.service.RewardsService     : Calculate distance between -82.469269/28.012804 and -105.71280042089022/21.60414585280101
2023-09-27T16:51:40.634+02:00 DEBUG 7856 --- [pool-2-thread-1] c.o.tourguide.service.RewardsService     : Checking if the user 80a4685d-d77b-47c1-890f-97ba8f1c97d3 already get close from Franklin Park Zoo
2023-09-27T16:51:40.634+02:00 DEBUG 7856 --- [pool-2-thread-1] c.o.tourguide.service.RewardsService     : Calculate distance between -71.086731/42.302601 and -105.71280042089022/21.60414585280101
2023-09-27T16:51:40.634+02:00 DEBUG 7856 --- [pool-2-thread-1] c.o.tourguide.service.RewardsService     : Checking if the user 80a4685d-d77b-47c1-890f-97ba8f1c97d3 already get close from El Paso Zoo
2023-09-27T16:51:40.634+02:00 DEBUG 7856 --- [pool-2-thread-1] c.o.tourguide.service.RewardsService     : Calculate distance between -106.44487/31.769125 and -105.71280042089022/21.60414585280101
2023-09-27T16:51:40.634+02:00 DEBUG 7856 --- [pool-2-thread-1] c.o.tourguide.service.RewardsService     : Checking if the user 80a4685d-d77b-47c1-890f-97ba8f1c97d3 already get close from Kansas City Zoo
2023-09-27T16:51:40.634+02:00 DEBUG 7856 --- [pool-2-thread-1] c.o.tourguide.service.RewardsService     : Calculate distance between -94.529625/39.007504 and -105.71280042089022/21.60414585280101
2023-09-27T16:51:40.634+02:00 DEBUG 7856 --- [pool-2-thread-1] c.o.tourguide.service.RewardsService     : Checking if the user 80a4685d-d77b-47c1-890f-97ba8f1c97d3 already get close from Bronx Zoo
2023-09-27T16:51:40.634+02:00 DEBUG 7856 --- [pool-2-thread-1] c.o.tourguide.service.RewardsService     : Calculate distance between -73.872971/40.852905 and -105.71280042089022/21.60414585280101
2023-09-27T16:51:40.634+02:00 DEBUG 7856 --- [pool-2-thread-1] c.o.tourguide.service.RewardsService     : Checking if the user 80a4685d-d77b-47c1-890f-97ba8f1c97d3 already get close from Cinderella Castle
2023-09-27T16:51:40.634+02:00 DEBUG 7856 --- [pool-2-thread-1] c.o.tourguide.service.RewardsService     : Calculate distance between -81.5812/28.419411 and -105.71280042089022/21.60414585280101
2023-09-27T16:51:40.634+02:00 DEBUG 7856 --- [pool-2-thread-1] c.o.tourguide.service.RewardsService     : Checking if the user 80a4685d-d77b-47c1-890f-97ba8f1c97d3 already get close from Disneyland
2023-09-27T16:51:40.634+02:00 DEBUG 7856 --- [pool-2-thread-1] c.o.tourguide.service.RewardsService     : Calculate distance between -117.922008/33.817595 and -5.114980405104234/54.475187904019066
2023-09-27T16:51:40.634+02:00 DEBUG 7856 --- [pool-2-thread-1] c.o.tourguide.service.RewardsService     : Checking if the user 80a4685d-d77b-47c1-890f-97ba8f1c97d3 already get close from Jackson Hole
2023-09-27T16:51:40.634+02:00 DEBUG 7856 --- [pool-2-thread-1] c.o.tourguide.service.RewardsService     : Calculate distance between -110.821999/43.582767 and -5.114980405104234/54.475187904019066
2023-09-27T16:51:40.634+02:00 DEBUG 7856 --- [pool-2-thread-1] c.o.tourguide.service.RewardsService     : Checking if the user 80a4685d-d77b-47c1-890f-97ba8f1c97d3 already get close from Mojave National Preserve
2023-09-27T16:51:40.634+02:00 DEBUG 7856 --- [pool-2-thread-1] c.o.tourguide.service.RewardsService     : Calculate distance between -115.510399/35.141689 and -5.114980405104234/54.475187904019066
2023-09-27T16:51:40.634+02:00 DEBUG 7856 --- [pool-2-thread-1] c.o.tourguide.service.RewardsService     : Checking if the user 80a4685d-d77b-47c1-890f-97ba8f1c97d3 already get close from Joshua Tree National Park
2023-09-27T16:51:40.634+02:00 DEBUG 7856 --- [pool-2-thread-1] c.o.tourguide.service.RewardsService     : Calculate distance between -115.90065/33.881866 and -5.114980405104234/54.475187904019066
2023-09-27T16:51:40.634+02:00 DEBUG 7856 --- [pool-2-thread-1] c.o.tourguide.service.RewardsService     : Checking if the user 80a4685d-d77b-47c1-890f-97ba8f1c97d3 already get close from Buffalo National River
2023-09-27T16:51:40.634+02:00 DEBUG 7856 --- [pool-2-thread-1] c.o.tourguide.service.RewardsService     : Calculate distance between -92.757652/35.985512 and -5.114980405104234/54.475187904019066
2023-09-27T16:51:40.634+02:00 DEBUG 7856 --- [pool-2-thread-1] c.o.tourguide.service.RewardsService     : Checking if the user 80a4685d-d77b-47c1-890f-97ba8f1c97d3 already get close from Hot Springs National Park
2023-09-27T16:51:40.634+02:00 DEBUG 7856 --- [pool-2-thread-1] c.o.tourguide.service.RewardsService     : Calculate distance between -93.042267/34.52153 and -5.114980405104234/54.475187904019066
2023-09-27T16:51:40.634+02:00 DEBUG 7856 --- [pool-2-thread-1] c.o.tourguide.service.RewardsService     : Checking if the user 80a4685d-d77b-47c1-890f-97ba8f1c97d3 already get close from Kartchner Caverns State Park
2023-09-27T16:51:40.634+02:00 DEBUG 7856 --- [pool-2-thread-1] c.o.tourguide.service.RewardsService     : Calculate distance between -110.347382/31.837551 and -5.114980405104234/54.475187904019066
2023-09-27T16:51:40.634+02:00 DEBUG 7856 --- [pool-2-thread-1] c.o.tourguide.service.RewardsService     : Checking if the user 80a4685d-d77b-47c1-890f-97ba8f1c97d3 already get close from Legend Valley
2023-09-27T16:51:40.634+02:00 DEBUG 7856 --- [pool-2-thread-1] c.o.tourguide.service.RewardsService     : Calculate distance between -82.40667/39.937778 and -5.114980405104234/54.475187904019066
2023-09-27T16:51:40.634+02:00 DEBUG 7856 --- [pool-2-thread-1] c.o.tourguide.service.RewardsService     : Checking if the user 80a4685d-d77b-47c1-890f-97ba8f1c97d3 already get close from Flowers Bakery of London
2023-09-27T16:51:40.634+02:00 DEBUG 7856 --- [pool-2-thread-1] c.o.tourguide.service.RewardsService     : Calculate distance between -84.07486/37.131527 and -5.114980405104234/54.475187904019066
2023-09-27T16:51:40.634+02:00 DEBUG 7856 --- [pool-2-thread-1] c.o.tourguide.service.RewardsService     : Checking if the user 80a4685d-d77b-47c1-890f-97ba8f1c97d3 already get close from McKinley Tower
2023-09-27T16:51:40.634+02:00 DEBUG 7856 --- [pool-2-thread-1] c.o.tourguide.service.RewardsService     : Calculate distance between -149.877502/61.218887 and -5.114980405104234/54.475187904019066
2023-09-27T16:51:40.634+02:00 DEBUG 7856 --- [pool-2-thread-1] c.o.tourguide.service.RewardsService     : Checking if the user 80a4685d-d77b-47c1-890f-97ba8f1c97d3 already get close from Flatiron Building
2023-09-27T16:51:40.634+02:00 DEBUG 7856 --- [pool-2-thread-1] c.o.tourguide.service.RewardsService     : Calculate distance between -73.989723/40.741112 and -5.114980405104234/54.475187904019066
2023-09-27T16:51:40.634+02:00 DEBUG 7856 --- [pool-2-thread-1] c.o.tourguide.service.RewardsService     : Checking if the user 80a4685d-d77b-47c1-890f-97ba8f1c97d3 already get close from Fallingwater
2023-09-27T16:51:40.634+02:00 DEBUG 7856 --- [pool-2-thread-1] c.o.tourguide.service.RewardsService     : Calculate distance between -79.468056/39.906113 and -5.114980405104234/54.475187904019066
2023-09-27T16:51:40.634+02:00 DEBUG 7856 --- [pool-2-thread-1] c.o.tourguide.service.RewardsService     : Checking if the user 80a4685d-d77b-47c1-890f-97ba8f1c97d3 already get close from Union Station
2023-09-27T16:51:40.634+02:00 DEBUG 7856 --- [pool-2-thread-1] c.o.tourguide.service.RewardsService     : Calculate distance between -77.006332/38.897095 and -5.114980405104234/54.475187904019066
2023-09-27T16:51:40.634+02:00 DEBUG 7856 --- [pool-2-thread-1] c.o.tourguide.service.RewardsService     : Checking if the user 80a4685d-d77b-47c1-890f-97ba8f1c97d3 already get close from Roger Dean Stadium
2023-09-27T16:51:40.634+02:00 DEBUG 7856 --- [pool-2-thread-1] c.o.tourguide.service.RewardsService     : Calculate distance between -80.116577/26.890959 and -5.114980405104234/54.475187904019066
2023-09-27T16:51:40.634+02:00 DEBUG 7856 --- [pool-2-thread-1] c.o.tourguide.service.RewardsService     : Checking if the user 80a4685d-d77b-47c1-890f-97ba8f1c97d3 already get close from Texas Memorial Stadium
2023-09-27T16:51:40.634+02:00 DEBUG 7856 --- [pool-2-thread-1] c.o.tourguide.service.RewardsService     : Calculate distance between -97.732536/30.283682 and -5.114980405104234/54.475187904019066
2023-09-27T16:51:40.634+02:00 DEBUG 7856 --- [pool-2-thread-1] c.o.tourguide.service.RewardsService     : Checking if the user 80a4685d-d77b-47c1-890f-97ba8f1c97d3 already get close from Bryant-Denny Stadium
2023-09-27T16:51:40.634+02:00 DEBUG 7856 --- [pool-2-thread-1] c.o.tourguide.service.RewardsService     : Calculate distance between -87.550438/33.208973 and -5.114980405104234/54.475187904019066
2023-09-27T16:51:40.634+02:00 DEBUG 7856 --- [pool-2-thread-1] c.o.tourguide.service.RewardsService     : Checking if the user 80a4685d-d77b-47c1-890f-97ba8f1c97d3 already get close from Tiger Stadium
2023-09-27T16:51:40.634+02:00 DEBUG 7856 --- [pool-2-thread-1] c.o.tourguide.service.RewardsService     : Calculate distance between -91.183815/30.412035 and -5.114980405104234/54.475187904019066
2023-09-27T16:51:40.634+02:00 DEBUG 7856 --- [pool-2-thread-1] c.o.tourguide.service.RewardsService     : Checking if the user 80a4685d-d77b-47c1-890f-97ba8f1c97d3 already get close from Neyland Stadium
2023-09-27T16:51:40.634+02:00 DEBUG 7856 --- [pool-2-thread-1] c.o.tourguide.service.RewardsService     : Calculate distance between -83.925011/35.955013 and -5.114980405104234/54.475187904019066
2023-09-27T16:51:40.634+02:00 DEBUG 7856 --- [pool-2-thread-1] c.o.tourguide.service.RewardsService     : Checking if the user 80a4685d-d77b-47c1-890f-97ba8f1c97d3 already get close from Kyle Field
2023-09-27T16:51:40.634+02:00 DEBUG 7856 --- [pool-2-thread-1] c.o.tourguide.service.RewardsService     : Calculate distance between -96.339844/30.61025 and -5.114980405104234/54.475187904019066
2023-09-27T16:51:40.634+02:00 DEBUG 7856 --- [pool-2-thread-1] c.o.tourguide.service.RewardsService     : Checking if the user 80a4685d-d77b-47c1-890f-97ba8f1c97d3 already get close from San Diego Zoo
2023-09-27T16:51:40.634+02:00 DEBUG 7856 --- [pool-2-thread-1] c.o.tourguide.service.RewardsService     : Calculate distance between -117.149048/32.735317 and -5.114980405104234/54.475187904019066
2023-09-27T16:51:40.634+02:00 DEBUG 7856 --- [pool-2-thread-1] c.o.tourguide.service.RewardsService     : Checking if the user 80a4685d-d77b-47c1-890f-97ba8f1c97d3 already get close from Zoo Tampa at Lowry Park
2023-09-27T16:51:40.634+02:00 DEBUG 7856 --- [pool-2-thread-1] c.o.tourguide.service.RewardsService     : Calculate distance between -82.469269/28.012804 and -5.114980405104234/54.475187904019066
2023-09-27T16:51:40.634+02:00 DEBUG 7856 --- [pool-2-thread-1] c.o.tourguide.service.RewardsService     : Checking if the user 80a4685d-d77b-47c1-890f-97ba8f1c97d3 already get close from Franklin Park Zoo
2023-09-27T16:51:40.634+02:00 DEBUG 7856 --- [pool-2-thread-1] c.o.tourguide.service.RewardsService     : Calculate distance between -71.086731/42.302601 and -5.114980405104234/54.475187904019066
2023-09-27T16:51:40.634+02:00 DEBUG 7856 --- [pool-2-thread-1] c.o.tourguide.service.RewardsService     : Checking if the user 80a4685d-d77b-47c1-890f-97ba8f1c97d3 already get close from El Paso Zoo
2023-09-27T16:51:40.634+02:00 DEBUG 7856 --- [pool-2-thread-1] c.o.tourguide.service.RewardsService     : Calculate distance between -106.44487/31.769125 and -5.114980405104234/54.475187904019066
2023-09-27T16:51:40.634+02:00 DEBUG 7856 --- [pool-2-thread-1] c.o.tourguide.service.RewardsService     : Checking if the user 80a4685d-d77b-47c1-890f-97ba8f1c97d3 already get close from Kansas City Zoo
2023-09-27T16:51:40.634+02:00 DEBUG 7856 --- [pool-2-thread-1] c.o.tourguide.service.RewardsService     : Calculate distance between -94.529625/39.007504 and -5.114980405104234/54.475187904019066
2023-09-27T16:51:40.634+02:00 DEBUG 7856 --- [pool-2-thread-1] c.o.tourguide.service.RewardsService     : Checking if the user 80a4685d-d77b-47c1-890f-97ba8f1c97d3 already get close from Bronx Zoo
2023-09-27T16:51:40.634+02:00 DEBUG 7856 --- [pool-2-thread-1] c.o.tourguide.service.RewardsService     : Calculate distance between -73.872971/40.852905 and -5.114980405104234/54.475187904019066
2023-09-27T16:51:40.634+02:00 DEBUG 7856 --- [pool-2-thread-1] c.o.tourguide.service.RewardsService     : Checking if the user 80a4685d-d77b-47c1-890f-97ba8f1c97d3 already get close from Cinderella Castle
2023-09-27T16:51:40.634+02:00 DEBUG 7856 --- [pool-2-thread-1] c.o.tourguide.service.RewardsService     : Calculate distance between -81.5812/28.419411 and -5.114980405104234/54.475187904019066
2023-09-27T16:51:40.634+02:00 DEBUG 7856 --- [pool-2-thread-1] c.o.tourguide.service.RewardsService     : Checking if the user 80a4685d-d77b-47c1-890f-97ba8f1c97d3 already get close from Disneyland
2023-09-27T16:51:40.634+02:00 DEBUG 7856 --- [pool-2-thread-1] c.o.tourguide.service.RewardsService     : Calculate distance between -117.922008/33.817595 and 148.260478/78.074682
2023-09-27T16:51:40.634+02:00 DEBUG 7856 --- [pool-2-thread-1] c.o.tourguide.service.RewardsService     : Checking if the user 80a4685d-d77b-47c1-890f-97ba8f1c97d3 already get close from Jackson Hole
2023-09-27T16:51:40.634+02:00 DEBUG 7856 --- [pool-2-thread-1] c.o.tourguide.service.RewardsService     : Calculate distance between -110.821999/43.582767 and 148.260478/78.074682
2023-09-27T16:51:40.634+02:00 DEBUG 7856 --- [pool-2-thread-1] c.o.tourguide.service.RewardsService     : Checking if the user 80a4685d-d77b-47c1-890f-97ba8f1c97d3 already get close from Mojave National Preserve
2023-09-27T16:51:40.634+02:00 DEBUG 7856 --- [pool-2-thread-1] c.o.tourguide.service.RewardsService     : Calculate distance between -115.510399/35.141689 and 148.260478/78.074682
2023-09-27T16:51:40.634+02:00 DEBUG 7856 --- [pool-2-thread-1] c.o.tourguide.service.RewardsService     : Checking if the user 80a4685d-d77b-47c1-890f-97ba8f1c97d3 already get close from Joshua Tree National Park
2023-09-27T16:51:40.634+02:00 DEBUG 7856 --- [pool-2-thread-1] c.o.tourguide.service.RewardsService     : Calculate distance between -115.90065/33.881866 and 148.260478/78.074682
2023-09-27T16:51:40.634+02:00 DEBUG 7856 --- [pool-2-thread-1] c.o.tourguide.service.RewardsService     : Checking if the user 80a4685d-d77b-47c1-890f-97ba8f1c97d3 already get close from Buffalo National River
2023-09-27T16:51:40.634+02:00 DEBUG 7856 --- [pool-2-thread-1] c.o.tourguide.service.RewardsService     : Calculate distance between -92.757652/35.985512 and 148.260478/78.074682
2023-09-27T16:51:40.634+02:00 DEBUG 7856 --- [pool-2-thread-1] c.o.tourguide.service.RewardsService     : Checking if the user 80a4685d-d77b-47c1-890f-97ba8f1c97d3 already get close from Hot Springs National Park
2023-09-27T16:51:40.634+02:00 DEBUG 7856 --- [pool-2-thread-1] c.o.tourguide.service.RewardsService     : Calculate distance between -93.042267/34.52153 and 148.260478/78.074682
2023-09-27T16:51:40.634+02:00 DEBUG 7856 --- [pool-2-thread-1] c.o.tourguide.service.RewardsService     : Checking if the user 80a4685d-d77b-47c1-890f-97ba8f1c97d3 already get close from Kartchner Caverns State Park
2023-09-27T16:51:40.634+02:00 DEBUG 7856 --- [pool-2-thread-1] c.o.tourguide.service.RewardsService     : Calculate distance between -110.347382/31.837551 and 148.260478/78.074682
2023-09-27T16:51:40.634+02:00 DEBUG 7856 --- [pool-2-thread-1] c.o.tourguide.service.RewardsService     : Checking if the user 80a4685d-d77b-47c1-890f-97ba8f1c97d3 already get close from Legend Valley
2023-09-27T16:51:40.634+02:00 DEBUG 7856 --- [pool-2-thread-1] c.o.tourguide.service.RewardsService     : Calculate distance between -82.40667/39.937778 and 148.260478/78.074682
2023-09-27T16:51:40.634+02:00 DEBUG 7856 --- [pool-2-thread-1] c.o.tourguide.service.RewardsService     : Checking if the user 80a4685d-d77b-47c1-890f-97ba8f1c97d3 already get close from Flowers Bakery of London
2023-09-27T16:51:40.634+02:00 DEBUG 7856 --- [pool-2-thread-1] c.o.tourguide.service.RewardsService     : Calculate distance between -84.07486/37.131527 and 148.260478/78.074682
2023-09-27T16:51:40.634+02:00 DEBUG 7856 --- [pool-2-thread-1] c.o.tourguide.service.RewardsService     : Checking if the user 80a4685d-d77b-47c1-890f-97ba8f1c97d3 already get close from McKinley Tower
2023-09-27T16:51:40.634+02:00 DEBUG 7856 --- [pool-2-thread-1] c.o.tourguide.service.RewardsService     : Calculate distance between -149.877502/61.218887 and 148.260478/78.074682
2023-09-27T16:51:40.634+02:00 DEBUG 7856 --- [pool-2-thread-1] c.o.tourguide.service.RewardsService     : Checking if the user 80a4685d-d77b-47c1-890f-97ba8f1c97d3 already get close from Flatiron Building
2023-09-27T16:51:40.634+02:00 DEBUG 7856 --- [pool-2-thread-1] c.o.tourguide.service.RewardsService     : Calculate distance between -73.989723/40.741112 and 148.260478/78.074682
2023-09-27T16:51:40.634+02:00 DEBUG 7856 --- [pool-2-thread-1] c.o.tourguide.service.RewardsService     : Checking if the user 80a4685d-d77b-47c1-890f-97ba8f1c97d3 already get close from Fallingwater
2023-09-27T16:51:40.634+02:00 DEBUG 7856 --- [pool-2-thread-1] c.o.tourguide.service.RewardsService     : Calculate distance between -79.468056/39.906113 and 148.260478/78.074682
2023-09-27T16:51:40.634+02:00 DEBUG 7856 --- [pool-2-thread-1] c.o.tourguide.service.RewardsService     : Checking if the user 80a4685d-d77b-47c1-890f-97ba8f1c97d3 already get close from Union Station
2023-09-27T16:51:40.634+02:00 DEBUG 7856 --- [pool-2-thread-1] c.o.tourguide.service.RewardsService     : Calculate distance between -77.006332/38.897095 and 148.260478/78.074682
2023-09-27T16:51:40.634+02:00 DEBUG 7856 --- [pool-2-thread-1] c.o.tourguide.service.RewardsService     : Checking if the user 80a4685d-d77b-47c1-890f-97ba8f1c97d3 already get close from Roger Dean Stadium
2023-09-27T16:51:40.634+02:00 DEBUG 7856 --- [pool-2-thread-1] c.o.tourguide.service.RewardsService     : Calculate distance between -80.116577/26.890959 and 148.260478/78.074682
2023-09-27T16:51:40.634+02:00 DEBUG 7856 --- [pool-2-thread-1] c.o.tourguide.service.RewardsService     : Checking if the user 80a4685d-d77b-47c1-890f-97ba8f1c97d3 already get close from Texas Memorial Stadium
2023-09-27T16:51:40.634+02:00 DEBUG 7856 --- [pool-2-thread-1] c.o.tourguide.service.RewardsService     : Calculate distance between -97.732536/30.283682 and 148.260478/78.074682
2023-09-27T16:51:40.634+02:00 DEBUG 7856 --- [pool-2-thread-1] c.o.tourguide.service.RewardsService     : Checking if the user 80a4685d-d77b-47c1-890f-97ba8f1c97d3 already get close from Bryant-Denny Stadium
2023-09-27T16:51:40.634+02:00 DEBUG 7856 --- [pool-2-thread-1] c.o.tourguide.service.RewardsService     : Calculate distance between -87.550438/33.208973 and 148.260478/78.074682
2023-09-27T16:51:40.634+02:00 DEBUG 7856 --- [pool-2-thread-1] c.o.tourguide.service.RewardsService     : Checking if the user 80a4685d-d77b-47c1-890f-97ba8f1c97d3 already get close from Tiger Stadium
2023-09-27T16:51:40.634+02:00 DEBUG 7856 --- [pool-2-thread-1] c.o.tourguide.service.RewardsService     : Calculate distance between -91.183815/30.412035 and 148.260478/78.074682
2023-09-27T16:51:40.634+02:00 DEBUG 7856 --- [pool-2-thread-1] c.o.tourguide.service.RewardsService     : Checking if the user 80a4685d-d77b-47c1-890f-97ba8f1c97d3 already get close from Neyland Stadium
2023-09-27T16:51:40.634+02:00 DEBUG 7856 --- [pool-2-thread-1] c.o.tourguide.service.RewardsService     : Calculate distance between -83.925011/35.955013 and 148.260478/78.074682
2023-09-27T16:51:40.634+02:00 DEBUG 7856 --- [pool-2-thread-1] c.o.tourguide.service.RewardsService     : Checking if the user 80a4685d-d77b-47c1-890f-97ba8f1c97d3 already get close from Kyle Field
2023-09-27T16:51:40.634+02:00 DEBUG 7856 --- [pool-2-thread-1] c.o.tourguide.service.RewardsService     : Calculate distance between -96.339844/30.61025 and 148.260478/78.074682
2023-09-27T16:51:40.634+02:00 DEBUG 7856 --- [pool-2-thread-1] c.o.tourguide.service.RewardsService     : Checking if the user 80a4685d-d77b-47c1-890f-97ba8f1c97d3 already get close from San Diego Zoo
2023-09-27T16:51:40.634+02:00 DEBUG 7856 --- [pool-2-thread-1] c.o.tourguide.service.RewardsService     : Calculate distance between -117.149048/32.735317 and 148.260478/78.074682
2023-09-27T16:51:40.634+02:00 DEBUG 7856 --- [pool-2-thread-1] c.o.tourguide.service.RewardsService     : Checking if the user 80a4685d-d77b-47c1-890f-97ba8f1c97d3 already get close from Zoo Tampa at Lowry Park
2023-09-27T16:51:40.634+02:00 DEBUG 7856 --- [pool-2-thread-1] c.o.tourguide.service.RewardsService     : Calculate distance between -82.469269/28.012804 and 148.260478/78.074682
2023-09-27T16:51:40.634+02:00 DEBUG 7856 --- [pool-2-thread-1] c.o.tourguide.service.RewardsService     : Checking if the user 80a4685d-d77b-47c1-890f-97ba8f1c97d3 already get close from Franklin Park Zoo
2023-09-27T16:51:40.634+02:00 DEBUG 7856 --- [pool-2-thread-1] c.o.tourguide.service.RewardsService     : Calculate distance between -71.086731/42.302601 and 148.260478/78.074682
2023-09-27T16:51:40.634+02:00 DEBUG 7856 --- [pool-2-thread-1] c.o.tourguide.service.RewardsService     : Checking if the user 80a4685d-d77b-47c1-890f-97ba8f1c97d3 already get close from El Paso Zoo
2023-09-27T16:51:40.634+02:00 DEBUG 7856 --- [pool-2-thread-1] c.o.tourguide.service.RewardsService     : Calculate distance between -106.44487/31.769125 and 148.260478/78.074682
2023-09-27T16:51:40.634+02:00 DEBUG 7856 --- [pool-2-thread-1] c.o.tourguide.service.RewardsService     : Checking if the user 80a4685d-d77b-47c1-890f-97ba8f1c97d3 already get close from Kansas City Zoo
2023-09-27T16:51:40.634+02:00 DEBUG 7856 --- [pool-2-thread-1] c.o.tourguide.service.RewardsService     : Calculate distance between -94.529625/39.007504 and 148.260478/78.074682
2023-09-27T16:51:40.634+02:00 DEBUG 7856 --- [pool-2-thread-1] c.o.tourguide.service.RewardsService     : Checking if the user 80a4685d-d77b-47c1-890f-97ba8f1c97d3 already get close from Bronx Zoo
2023-09-27T16:51:40.634+02:00 DEBUG 7856 --- [pool-2-thread-1] c.o.tourguide.service.RewardsService     : Calculate distance between -73.872971/40.852905 and 148.260478/78.074682
2023-09-27T16:51:40.634+02:00 DEBUG 7856 --- [pool-2-thread-1] c.o.tourguide.service.RewardsService     : Checking if the user 80a4685d-d77b-47c1-890f-97ba8f1c97d3 already get close from Cinderella Castle
2023-09-27T16:51:40.634+02:00 DEBUG 7856 --- [pool-2-thread-1] c.o.tourguide.service.RewardsService     : Calculate distance between -81.5812/28.419411 and 148.260478/78.074682
2023-09-27T16:51:40.634+02:00 DEBUG 7856 --- [pool-2-thread-1] c.o.tourguide.service.RewardsService     : Checking if the user 80a4685d-d77b-47c1-890f-97ba8f1c97d3 already get close from Disneyland
2023-09-27T16:51:40.634+02:00 DEBUG 7856 --- [pool-2-thread-1] c.o.tourguide.service.RewardsService     : Calculate distance between -117.922008/33.817595 and 175.534251/-73.927096
2023-09-27T16:51:40.634+02:00 DEBUG 7856 --- [pool-2-thread-1] c.o.tourguide.service.RewardsService     : Checking if the user 80a4685d-d77b-47c1-890f-97ba8f1c97d3 already get close from Jackson Hole
2023-09-27T16:51:40.634+02:00 DEBUG 7856 --- [pool-2-thread-1] c.o.tourguide.service.RewardsService     : Calculate distance between -110.821999/43.582767 and 175.534251/-73.927096
2023-09-27T16:51:40.634+02:00 DEBUG 7856 --- [pool-2-thread-1] c.o.tourguide.service.RewardsService     : Checking if the user 80a4685d-d77b-47c1-890f-97ba8f1c97d3 already get close from Mojave National Preserve
2023-09-27T16:51:40.634+02:00 DEBUG 7856 --- [pool-2-thread-1] c.o.tourguide.service.RewardsService     : Calculate distance between -115.510399/35.141689 and 175.534251/-73.927096
2023-09-27T16:51:40.634+02:00 DEBUG 7856 --- [pool-2-thread-1] c.o.tourguide.service.RewardsService     : Checking if the user 80a4685d-d77b-47c1-890f-97ba8f1c97d3 already get close from Joshua Tree National Park
2023-09-27T16:51:40.634+02:00 DEBUG 7856 --- [pool-2-thread-1] c.o.tourguide.service.RewardsService     : Calculate distance between -115.90065/33.881866 and 175.534251/-73.927096
2023-09-27T16:51:40.634+02:00 DEBUG 7856 --- [pool-2-thread-1] c.o.tourguide.service.RewardsService     : Checking if the user 80a4685d-d77b-47c1-890f-97ba8f1c97d3 already get close from Buffalo National River
2023-09-27T16:51:40.634+02:00 DEBUG 7856 --- [pool-2-thread-1] c.o.tourguide.service.RewardsService     : Calculate distance between -92.757652/35.985512 and 175.534251/-73.927096
2023-09-27T16:51:40.634+02:00 DEBUG 7856 --- [pool-2-thread-1] c.o.tourguide.service.RewardsService     : Checking if the user 80a4685d-d77b-47c1-890f-97ba8f1c97d3 already get close from Hot Springs National Park
2023-09-27T16:51:40.634+02:00 DEBUG 7856 --- [pool-2-thread-1] c.o.tourguide.service.RewardsService     : Calculate distance between -93.042267/34.52153 and 175.534251/-73.927096
2023-09-27T16:51:40.634+02:00 DEBUG 7856 --- [pool-2-thread-1] c.o.tourguide.service.RewardsService     : Checking if the user 80a4685d-d77b-47c1-890f-97ba8f1c97d3 already get close from Kartchner Caverns State Park
2023-09-27T16:51:40.634+02:00 DEBUG 7856 --- [pool-2-thread-1] c.o.tourguide.service.RewardsService     : Calculate distance between -110.347382/31.837551 and 175.534251/-73.927096
2023-09-27T16:51:40.634+02:00 DEBUG 7856 --- [pool-2-thread-1] c.o.tourguide.service.RewardsService     : Checking if the user 80a4685d-d77b-47c1-890f-97ba8f1c97d3 already get close from Legend Valley
2023-09-27T16:51:40.634+02:00 DEBUG 7856 --- [pool-2-thread-1] c.o.tourguide.service.RewardsService     : Calculate distance between -82.40667/39.937778 and 175.534251/-73.927096
2023-09-27T16:51:40.634+02:00 DEBUG 7856 --- [pool-2-thread-1] c.o.tourguide.service.RewardsService     : Checking if the user 80a4685d-d77b-47c1-890f-97ba8f1c97d3 already get close from Flowers Bakery of London
2023-09-27T16:51:40.634+02:00 DEBUG 7856 --- [pool-2-thread-1] c.o.tourguide.service.RewardsService     : Calculate distance between -84.07486/37.131527 and 175.534251/-73.927096
2023-09-27T16:51:40.634+02:00 DEBUG 7856 --- [pool-2-thread-1] c.o.tourguide.service.RewardsService     : Checking if the user 80a4685d-d77b-47c1-890f-97ba8f1c97d3 already get close from McKinley Tower
2023-09-27T16:51:40.634+02:00 DEBUG 7856 --- [pool-2-thread-1] c.o.tourguide.service.RewardsService     : Calculate distance between -149.877502/61.218887 and 175.534251/-73.927096
2023-09-27T16:51:40.634+02:00 DEBUG 7856 --- [pool-2-thread-1] c.o.tourguide.service.RewardsService     : Checking if the user 80a4685d-d77b-47c1-890f-97ba8f1c97d3 already get close from Flatiron Building
2023-09-27T16:51:40.636+02:00 DEBUG 7856 --- [pool-2-thread-1] c.o.tourguide.service.RewardsService     : Calculate distance between -73.989723/40.741112 and 175.534251/-73.927096
2023-09-27T16:51:40.636+02:00 DEBUG 7856 --- [pool-2-thread-1] c.o.tourguide.service.RewardsService     : Checking if the user 80a4685d-d77b-47c1-890f-97ba8f1c97d3 already get close from Fallingwater
2023-09-27T16:51:40.636+02:00 DEBUG 7856 --- [pool-2-thread-1] c.o.tourguide.service.RewardsService     : Calculate distance between -79.468056/39.906113 and 175.534251/-73.927096
2023-09-27T16:51:40.636+02:00 DEBUG 7856 --- [pool-2-thread-1] c.o.tourguide.service.RewardsService     : Checking if the user 80a4685d-d77b-47c1-890f-97ba8f1c97d3 already get close from Union Station
2023-09-27T16:51:40.636+02:00 DEBUG 7856 --- [pool-2-thread-1] c.o.tourguide.service.RewardsService     : Calculate distance between -77.006332/38.897095 and 175.534251/-73.927096
2023-09-27T16:51:40.636+02:00 DEBUG 7856 --- [pool-2-thread-1] c.o.tourguide.service.RewardsService     : Checking if the user 80a4685d-d77b-47c1-890f-97ba8f1c97d3 already get close from Roger Dean Stadium
2023-09-27T16:51:40.636+02:00 DEBUG 7856 --- [pool-2-thread-1] c.o.tourguide.service.RewardsService     : Calculate distance between -80.116577/26.890959 and 175.534251/-73.927096
2023-09-27T16:51:40.636+02:00 DEBUG 7856 --- [pool-2-thread-1] c.o.tourguide.service.RewardsService     : Checking if the user 80a4685d-d77b-47c1-890f-97ba8f1c97d3 already get close from Texas Memorial Stadium
2023-09-27T16:51:40.636+02:00 DEBUG 7856 --- [pool-2-thread-1] c.o.tourguide.service.RewardsService     : Calculate distance between -97.732536/30.283682 and 175.534251/-73.927096
2023-09-27T16:51:40.636+02:00 DEBUG 7856 --- [pool-2-thread-1] c.o.tourguide.service.RewardsService     : Checking if the user 80a4685d-d77b-47c1-890f-97ba8f1c97d3 already get close from Bryant-Denny Stadium
2023-09-27T16:51:40.636+02:00 DEBUG 7856 --- [pool-2-thread-1] c.o.tourguide.service.RewardsService     : Calculate distance between -87.550438/33.208973 and 175.534251/-73.927096
2023-09-27T16:51:40.636+02:00 DEBUG 7856 --- [pool-2-thread-1] c.o.tourguide.service.RewardsService     : Checking if the user 80a4685d-d77b-47c1-890f-97ba8f1c97d3 already get close from Tiger Stadium
2023-09-27T16:51:40.636+02:00 DEBUG 7856 --- [pool-2-thread-1] c.o.tourguide.service.RewardsService     : Calculate distance between -91.183815/30.412035 and 175.534251/-73.927096
2023-09-27T16:51:40.636+02:00 DEBUG 7856 --- [pool-2-thread-1] c.o.tourguide.service.RewardsService     : Checking if the user 80a4685d-d77b-47c1-890f-97ba8f1c97d3 already get close from Neyland Stadium
2023-09-27T16:51:40.636+02:00 DEBUG 7856 --- [pool-2-thread-1] c.o.tourguide.service.RewardsService     : Calculate distance between -83.925011/35.955013 and 175.534251/-73.927096
2023-09-27T16:51:40.636+02:00 DEBUG 7856 --- [pool-2-thread-1] c.o.tourguide.service.RewardsService     : Checking if the user 80a4685d-d77b-47c1-890f-97ba8f1c97d3 already get close from Kyle Field
2023-09-27T16:51:40.636+02:00 DEBUG 7856 --- [pool-2-thread-1] c.o.tourguide.service.RewardsService     : Calculate distance between -96.339844/30.61025 and 175.534251/-73.927096
2023-09-27T16:51:40.636+02:00 DEBUG 7856 --- [pool-2-thread-1] c.o.tourguide.service.RewardsService     : Checking if the user 80a4685d-d77b-47c1-890f-97ba8f1c97d3 already get close from San Diego Zoo
2023-09-27T16:51:40.636+02:00 DEBUG 7856 --- [pool-2-thread-1] c.o.tourguide.service.RewardsService     : Calculate distance between -117.149048/32.735317 and 175.534251/-73.927096
2023-09-27T16:51:40.636+02:00 DEBUG 7856 --- [pool-2-thread-1] c.o.tourguide.service.RewardsService     : Checking if the user 80a4685d-d77b-47c1-890f-97ba8f1c97d3 already get close from Zoo Tampa at Lowry Park
2023-09-27T16:51:40.636+02:00 DEBUG 7856 --- [pool-2-thread-1] c.o.tourguide.service.RewardsService     : Calculate distance between -82.469269/28.012804 and 175.534251/-73.927096
2023-09-27T16:51:40.636+02:00 DEBUG 7856 --- [pool-2-thread-1] c.o.tourguide.service.RewardsService     : Checking if the user 80a4685d-d77b-47c1-890f-97ba8f1c97d3 already get close from Franklin Park Zoo
2023-09-27T16:51:40.636+02:00 DEBUG 7856 --- [pool-2-thread-1] c.o.tourguide.service.RewardsService     : Calculate distance between -71.086731/42.302601 and 175.534251/-73.927096
2023-09-27T16:51:40.636+02:00 DEBUG 7856 --- [pool-2-thread-1] c.o.tourguide.service.RewardsService     : Checking if the user 80a4685d-d77b-47c1-890f-97ba8f1c97d3 already get close from El Paso Zoo
2023-09-27T16:51:40.636+02:00 DEBUG 7856 --- [pool-2-thread-1] c.o.tourguide.service.RewardsService     : Calculate distance between -106.44487/31.769125 and 175.534251/-73.927096
2023-09-27T16:51:40.636+02:00 DEBUG 7856 --- [pool-2-thread-1] c.o.tourguide.service.RewardsService     : Checking if the user 80a4685d-d77b-47c1-890f-97ba8f1c97d3 already get close from Kansas City Zoo
2023-09-27T16:51:40.636+02:00 DEBUG 7856 --- [pool-2-thread-1] c.o.tourguide.service.RewardsService     : Calculate distance between -94.529625/39.007504 and 175.534251/-73.927096
2023-09-27T16:51:40.636+02:00 DEBUG 7856 --- [pool-2-thread-1] c.o.tourguide.service.RewardsService     : Checking if the user 80a4685d-d77b-47c1-890f-97ba8f1c97d3 already get close from Bronx Zoo
2023-09-27T16:51:40.636+02:00 DEBUG 7856 --- [pool-2-thread-1] c.o.tourguide.service.RewardsService     : Calculate distance between -73.872971/40.852905 and 175.534251/-73.927096
2023-09-27T16:51:40.636+02:00 DEBUG 7856 --- [pool-2-thread-1] c.o.tourguide.service.RewardsService     : Checking if the user 80a4685d-d77b-47c1-890f-97ba8f1c97d3 already get close from Cinderella Castle
2023-09-27T16:51:40.636+02:00 DEBUG 7856 --- [pool-2-thread-1] c.o.tourguide.service.RewardsService     : Calculate distance between -81.5812/28.419411 and 175.534251/-73.927096
2023-09-27T16:51:40.636+02:00 DEBUG 7856 --- [pool-2-thread-1] c.o.tourguide.service.RewardsService     : Trying to add 0 rewards
2023-09-27T16:51:40.735+02:00  INFO 7856 --- [pool-2-thread-1] c.o.tourguide.service.TourGuideService   : Adding the current location to the user internalUser5154
2023-09-27T16:51:40.735+02:00 DEBUG 7856 --- [pool-2-thread-1] c.o.tourguide.service.RewardsService     : calculate reward for internalUser5154 on his 5 known locations
2023-09-27T16:51:40.746+02:00 DEBUG 7856 --- [pool-2-thread-1] c.o.tourguide.service.RewardsService     : Checking if the user a1ed92ee-a3b7-47bf-953b-1115e329922b already get close from Disneyland
2023-09-27T16:51:40.746+02:00 DEBUG 7856 --- [pool-2-thread-1] c.o.tourguide.service.RewardsService     : Calculate distance between -117.922008/33.817595 and 56.06389333479868/26.535962390553237
2023-09-27T16:51:40.746+02:00 DEBUG 7856 --- [pool-2-thread-1] c.o.tourguide.service.RewardsService     : Checking if the user a1ed92ee-a3b7-47bf-953b-1115e329922b already get close from Jackson Hole
2023-09-27T16:51:40.746+02:00 DEBUG 7856 --- [pool-2-thread-1] c.o.tourguide.service.RewardsService     : Calculate distance between -110.821999/43.582767 and 56.06389333479868/26.535962390553237
2023-09-27T16:51:40.746+02:00 DEBUG 7856 --- [pool-2-thread-1] c.o.tourguide.service.RewardsService     : Checking if the user a1ed92ee-a3b7-47bf-953b-1115e329922b already get close from Mojave National Preserve
2023-09-27T16:51:40.746+02:00 DEBUG 7856 --- [pool-2-thread-1] c.o.tourguide.service.RewardsService     : Calculate distance between -115.510399/35.141689 and 56.06389333479868/26.535962390553237
2023-09-27T16:51:40.746+02:00 DEBUG 7856 --- [pool-2-thread-1] c.o.tourguide.service.RewardsService     : Checking if the user a1ed92ee-a3b7-47bf-953b-1115e329922b already get close from Joshua Tree National Park
2023-09-27T16:51:40.746+02:00 DEBUG 7856 --- [pool-2-thread-1] c.o.tourguide.service.RewardsService     : Calculate distance between -115.90065/33.881866 and 56.06389333479868/26.535962390553237
2023-09-27T16:51:40.746+02:00 DEBUG 7856 --- [pool-2-thread-1] c.o.tourguide.service.RewardsService     : Checking if the user a1ed92ee-a3b7-47bf-953b-1115e329922b already get close from Buffalo National River
2023-09-27T16:51:40.746+02:00 DEBUG 7856 --- [pool-2-thread-1] c.o.tourguide.service.RewardsService     : Calculate distance between -92.757652/35.985512 and 56.06389333479868/26.535962390553237
2023-09-27T16:51:40.746+02:00 DEBUG 7856 --- [pool-2-thread-1] c.o.tourguide.service.RewardsService     : Checking if the user a1ed92ee-a3b7-47bf-953b-1115e329922b already get close from Hot Springs National Park
2023-09-27T16:51:40.746+02:00 DEBUG 7856 --- [pool-2-thread-1] c.o.tourguide.service.RewardsService     : Calculate distance between -93.042267/34.52153 and 56.06389333479868/26.535962390553237
2023-09-27T16:51:40.746+02:00 DEBUG 7856 --- [pool-2-thread-1] c.o.tourguide.service.RewardsService     : Checking if the user a1ed92ee-a3b7-47bf-953b-1115e329922b already get close from Kartchner Caverns State Park
2023-09-27T16:51:40.746+02:00 DEBUG 7856 --- [pool-2-thread-1] c.o.tourguide.service.RewardsService     : Calculate distance between -110.347382/31.837551 and 56.06389333479868/26.535962390553237
2023-09-27T16:51:40.746+02:00 DEBUG 7856 --- [pool-2-thread-1] c.o.tourguide.service.RewardsService     : Checking if the user a1ed92ee-a3b7-47bf-953b-1115e329922b already get close from Legend Valley
2023-09-27T16:51:40.746+02:00 DEBUG 7856 --- [pool-2-thread-1] c.o.tourguide.service.RewardsService     : Calculate distance between -82.40667/39.937778 and 56.06389333479868/26.535962390553237
2023-09-27T16:51:40.746+02:00 DEBUG 7856 --- [pool-2-thread-1] c.o.tourguide.service.RewardsService     : Checking if the user a1ed92ee-a3b7-47bf-953b-1115e329922b already get close from Flowers Bakery of London
2023-09-27T16:51:40.746+02:00 DEBUG 7856 --- [pool-2-thread-1] c.o.tourguide.service.RewardsService     : Calculate distance between -84.07486/37.131527 and 56.06389333479868/26.535962390553237
2023-09-27T16:51:40.746+02:00 DEBUG 7856 --- [pool-2-thread-1] c.o.tourguide.service.RewardsService     : Checking if the user a1ed92ee-a3b7-47bf-953b-1115e329922b already get close from McKinley Tower
2023-09-27T16:51:40.746+02:00 DEBUG 7856 --- [pool-2-thread-1] c.o.tourguide.service.RewardsService     : Calculate distance between -149.877502/61.218887 and 56.06389333479868/26.535962390553237
2023-09-27T16:51:40.746+02:00 DEBUG 7856 --- [pool-2-thread-1] c.o.tourguide.service.RewardsService     : Checking if the user a1ed92ee-a3b7-47bf-953b-1115e329922b already get close from Flatiron Building
2023-09-27T16:51:40.746+02:00 DEBUG 7856 --- [pool-2-thread-1] c.o.tourguide.service.RewardsService     : Calculate distance between -73.989723/40.741112 and 56.06389333479868/26.535962390553237
2023-09-27T16:51:40.746+02:00 DEBUG 7856 --- [pool-2-thread-1] c.o.tourguide.service.RewardsService     : Checking if the user a1ed92ee-a3b7-47bf-953b-1115e329922b already get close from Fallingwater
2023-09-27T16:51:40.746+02:00 DEBUG 7856 --- [pool-2-thread-1] c.o.tourguide.service.RewardsService     : Calculate distance between -79.468056/39.906113 and 56.06389333479868/26.535962390553237
2023-09-27T16:51:40.746+02:00 DEBUG 7856 --- [pool-2-thread-1] c.o.tourguide.service.RewardsService     : Checking if the user a1ed92ee-a3b7-47bf-953b-1115e329922b already get close from Union Station
2023-09-27T16:51:40.746+02:00 DEBUG 7856 --- [pool-2-thread-1] c.o.tourguide.service.RewardsService     : Calculate distance between -77.006332/38.897095 and 56.06389333479868/26.535962390553237
2023-09-27T16:51:40.746+02:00 DEBUG 7856 --- [pool-2-thread-1] c.o.tourguide.service.RewardsService     : Checking if the user a1ed92ee-a3b7-47bf-953b-1115e329922b already get close from Roger Dean Stadium
2023-09-27T16:51:40.746+02:00 DEBUG 7856 --- [pool-2-thread-1] c.o.tourguide.service.RewardsService     : Calculate distance between -80.116577/26.890959 and 56.06389333479868/26.535962390553237
2023-09-27T16:51:40.746+02:00 DEBUG 7856 --- [pool-2-thread-1] c.o.tourguide.service.RewardsService     : Checking if the user a1ed92ee-a3b7-47bf-953b-1115e329922b already get close from Texas Memorial Stadium
2023-09-27T16:51:40.746+02:00 DEBUG 7856 --- [pool-2-thread-1] c.o.tourguide.service.RewardsService     : Calculate distance between -97.732536/30.283682 and 56.06389333479868/26.535962390553237
2023-09-27T16:51:40.746+02:00 DEBUG 7856 --- [pool-2-thread-1] c.o.tourguide.service.RewardsService     : Checking if the user a1ed92ee-a3b7-47bf-953b-1115e329922b already get close from Bryant-Denny Stadium
2023-09-27T16:51:40.746+02:00 DEBUG 7856 --- [pool-2-thread-1] c.o.tourguide.service.RewardsService     : Calculate distance between -87.550438/33.208973 and 56.06389333479868/26.535962390553237
2023-09-27T16:51:40.746+02:00 DEBUG 7856 --- [pool-2-thread-1] c.o.tourguide.service.RewardsService     : Checking if the user a1ed92ee-a3b7-47bf-953b-1115e329922b already get close from Tiger Stadium
2023-09-27T16:51:40.746+02:00 DEBUG 7856 --- [pool-2-thread-1] c.o.tourguide.service.RewardsService     : Calculate distance between -91.183815/30.412035 and 56.06389333479868/26.535962390553237
2023-09-27T16:51:40.746+02:00 DEBUG 7856 --- [pool-2-thread-1] c.o.tourguide.service.RewardsService     : Checking if the user a1ed92ee-a3b7-47bf-953b-1115e329922b already get close from Neyland Stadium
2023-09-27T16:51:40.746+02:00 DEBUG 7856 --- [pool-2-thread-1] c.o.tourguide.service.RewardsService     : Calculate distance between -83.925011/35.955013 and 56.06389333479868/26.535962390553237
2023-09-27T16:51:40.746+02:00 DEBUG 7856 --- [pool-2-thread-1] c.o.tourguide.service.RewardsService     : Checking if the user a1ed92ee-a3b7-47bf-953b-1115e329922b already get close from Kyle Field
2023-09-27T16:51:40.746+02:00 DEBUG 7856 --- [pool-2-thread-1] c.o.tourguide.service.RewardsService     : Calculate distance between -96.339844/30.61025 and 56.06389333479868/26.535962390553237
2023-09-27T16:51:40.746+02:00 DEBUG 7856 --- [pool-2-thread-1] c.o.tourguide.service.RewardsService     : Checking if the user a1ed92ee-a3b7-47bf-953b-1115e329922b already get close from San Diego Zoo
2023-09-27T16:51:40.746+02:00 DEBUG 7856 --- [pool-2-thread-1] c.o.tourguide.service.RewardsService     : Calculate distance between -117.149048/32.735317 and 56.06389333479868/26.535962390553237
2023-09-27T16:51:40.746+02:00 DEBUG 7856 --- [pool-2-thread-1] c.o.tourguide.service.RewardsService     : Checking if the user a1ed92ee-a3b7-47bf-953b-1115e329922b already get close from Zoo Tampa at Lowry Park
2023-09-27T16:51:40.746+02:00 DEBUG 7856 --- [pool-2-thread-1] c.o.tourguide.service.RewardsService     : Calculate distance between -82.469269/28.012804 and 56.06389333479868/26.535962390553237
2023-09-27T16:51:40.746+02:00 DEBUG 7856 --- [pool-2-thread-1] c.o.tourguide.service.RewardsService     : Checking if the user a1ed92ee-a3b7-47bf-953b-1115e329922b already get close from Franklin Park Zoo
2023-09-27T16:51:40.746+02:00 DEBUG 7856 --- [pool-2-thread-1] c.o.tourguide.service.RewardsService     : Calculate distance between -71.086731/42.302601 and 56.06389333479868/26.535962390553237
2023-09-27T16:51:40.746+02:00 DEBUG 7856 --- [pool-2-thread-1] c.o.tourguide.service.RewardsService     : Checking if the user a1ed92ee-a3b7-47bf-953b-1115e329922b already get close from El Paso Zoo
2023-09-27T16:51:40.746+02:00 DEBUG 7856 --- [pool-2-thread-1] c.o.tourguide.service.RewardsService     : Calculate distance between -106.44487/31.769125 and 56.06389333479868/26.535962390553237
2023-09-27T16:51:40.746+02:00 DEBUG 7856 --- [pool-2-thread-1] c.o.tourguide.service.RewardsService     : Checking if the user a1ed92ee-a3b7-47bf-953b-1115e329922b already get close from Kansas City Zoo
2023-09-27T16:51:40.746+02:00 DEBUG 7856 --- [pool-2-thread-1] c.o.tourguide.service.RewardsService     : Calculate distance between -94.529625/39.007504 and 56.06389333479868/26.535962390553237
2023-09-27T16:51:40.746+02:00 DEBUG 7856 --- [pool-2-thread-1] c.o.tourguide.service.RewardsService     : Checking if the user a1ed92ee-a3b7-47bf-953b-1115e329922b already get close from Bronx Zoo
2023-09-27T16:51:40.746+02:00 DEBUG 7856 --- [pool-2-thread-1] c.o.tourguide.service.RewardsService     : Calculate distance between -73.872971/40.852905 and 56.06389333479868/26.535962390553237
2023-09-27T16:51:40.746+02:00 DEBUG 7856 --- [pool-2-thread-1] c.o.tourguide.service.RewardsService     : Checking if the user a1ed92ee-a3b7-47bf-953b-1115e329922b already get close from Cinderella Castle
2023-09-27T16:51:40.746+02:00 DEBUG 7856 --- [pool-2-thread-1] c.o.tourguide.service.RewardsService     : Calculate distance between -81.5812/28.419411 and 56.06389333479868/26.535962390553237
2023-09-27T16:51:40.746+02:00 DEBUG 7856 --- [pool-2-thread-1] c.o.tourguide.service.RewardsService     : Checking if the user a1ed92ee-a3b7-47bf-953b-1115e329922b already get close from Disneyland
2023-09-27T16:51:40.746+02:00 DEBUG 7856 --- [pool-2-thread-1] c.o.tourguide.service.RewardsService     : Calculate distance between -117.922008/33.817595 and -20.486711432021735/84.03471426943702
2023-09-27T16:51:40.746+02:00 DEBUG 7856 --- [pool-2-thread-1] c.o.tourguide.service.RewardsService     : Checking if the user a1ed92ee-a3b7-47bf-953b-1115e329922b already get close from Jackson Hole
2023-09-27T16:51:40.746+02:00 DEBUG 7856 --- [pool-2-thread-1] c.o.tourguide.service.RewardsService     : Calculate distance between -110.821999/43.582767 and -20.486711432021735/84.03471426943702
2023-09-27T16:51:40.746+02:00 DEBUG 7856 --- [pool-2-thread-1] c.o.tourguide.service.RewardsService     : Checking if the user a1ed92ee-a3b7-47bf-953b-1115e329922b already get close from Mojave National Preserve
2023-09-27T16:51:40.746+02:00 DEBUG 7856 --- [pool-2-thread-1] c.o.tourguide.service.RewardsService     : Calculate distance between -115.510399/35.141689 and -20.486711432021735/84.03471426943702
2023-09-27T16:51:40.746+02:00 DEBUG 7856 --- [pool-2-thread-1] c.o.tourguide.service.RewardsService     : Checking if the user a1ed92ee-a3b7-47bf-953b-1115e329922b already get close from Joshua Tree National Park
2023-09-27T16:51:40.746+02:00 DEBUG 7856 --- [pool-2-thread-1] c.o.tourguide.service.RewardsService     : Calculate distance between -115.90065/33.881866 and -20.486711432021735/84.03471426943702
2023-09-27T16:51:40.746+02:00 DEBUG 7856 --- [pool-2-thread-1] c.o.tourguide.service.RewardsService     : Checking if the user a1ed92ee-a3b7-47bf-953b-1115e329922b already get close from Buffalo National River
2023-09-27T16:51:40.746+02:00 DEBUG 7856 --- [pool-2-thread-1] c.o.tourguide.service.RewardsService     : Calculate distance between -92.757652/35.985512 and -20.486711432021735/84.03471426943702
2023-09-27T16:51:40.746+02:00 DEBUG 7856 --- [pool-2-thread-1] c.o.tourguide.service.RewardsService     : Checking if the user a1ed92ee-a3b7-47bf-953b-1115e329922b already get close from Hot Springs National Park
2023-09-27T16:51:40.746+02:00 DEBUG 7856 --- [pool-2-thread-1] c.o.tourguide.service.RewardsService     : Calculate distance between -93.042267/34.52153 and -20.486711432021735/84.03471426943702
2023-09-27T16:51:40.746+02:00 DEBUG 7856 --- [pool-2-thread-1] c.o.tourguide.service.RewardsService     : Checking if the user a1ed92ee-a3b7-47bf-953b-1115e329922b already get close from Kartchner Caverns State Park
2023-09-27T16:51:40.746+02:00 DEBUG 7856 --- [pool-2-thread-1] c.o.tourguide.service.RewardsService     : Calculate distance between -110.347382/31.837551 and -20.486711432021735/84.03471426943702
2023-09-27T16:51:40.746+02:00 DEBUG 7856 --- [pool-2-thread-1] c.o.tourguide.service.RewardsService     : Checking if the user a1ed92ee-a3b7-47bf-953b-1115e329922b already get close from Legend Valley
2023-09-27T16:51:40.746+02:00 DEBUG 7856 --- [pool-2-thread-1] c.o.tourguide.service.RewardsService     : Calculate distance between -82.40667/39.937778 and -20.486711432021735/84.03471426943702
2023-09-27T16:51:40.746+02:00 DEBUG 7856 --- [pool-2-thread-1] c.o.tourguide.service.RewardsService     : Checking if the user a1ed92ee-a3b7-47bf-953b-1115e329922b already get close from Flowers Bakery of London
2023-09-27T16:51:40.746+02:00 DEBUG 7856 --- [pool-2-thread-1] c.o.tourguide.service.RewardsService     : Calculate distance between -84.07486/37.131527 and -20.486711432021735/84.03471426943702
2023-09-27T16:51:40.746+02:00 DEBUG 7856 --- [pool-2-thread-1] c.o.tourguide.service.RewardsService     : Checking if the user a1ed92ee-a3b7-47bf-953b-1115e329922b already get close from McKinley Tower
2023-09-27T16:51:40.746+02:00 DEBUG 7856 --- [pool-2-thread-1] c.o.tourguide.service.RewardsService     : Calculate distance between -149.877502/61.218887 and -20.486711432021735/84.03471426943702
2023-09-27T16:51:40.746+02:00 DEBUG 7856 --- [pool-2-thread-1] c.o.tourguide.service.RewardsService     : Checking if the user a1ed92ee-a3b7-47bf-953b-1115e329922b already get close from Flatiron Building
2023-09-27T16:51:40.746+02:00 DEBUG 7856 --- [pool-2-thread-1] c.o.tourguide.service.RewardsService     : Calculate distance between -73.989723/40.741112 and -20.486711432021735/84.03471426943702
2023-09-27T16:51:40.746+02:00 DEBUG 7856 --- [pool-2-thread-1] c.o.tourguide.service.RewardsService     : Checking if the user a1ed92ee-a3b7-47bf-953b-1115e329922b already get close from Fallingwater
2023-09-27T16:51:40.746+02:00 DEBUG 7856 --- [pool-2-thread-1] c.o.tourguide.service.RewardsService     : Calculate distance between -79.468056/39.906113 and -20.486711432021735/84.03471426943702
2023-09-27T16:51:40.746+02:00 DEBUG 7856 --- [pool-2-thread-1] c.o.tourguide.service.RewardsService     : Checking if the user a1ed92ee-a3b7-47bf-953b-1115e329922b already get close from Union Station
2023-09-27T16:51:40.746+02:00 DEBUG 7856 --- [pool-2-thread-1] c.o.tourguide.service.RewardsService     : Calculate distance between -77.006332/38.897095 and -20.486711432021735/84.03471426943702
2023-09-27T16:51:40.746+02:00 DEBUG 7856 --- [pool-2-thread-1] c.o.tourguide.service.RewardsService     : Checking if the user a1ed92ee-a3b7-47bf-953b-1115e329922b already get close from Roger Dean Stadium
2023-09-27T16:51:40.746+02:00 DEBUG 7856 --- [pool-2-thread-1] c.o.tourguide.service.RewardsService     : Calculate distance between -80.116577/26.890959 and -20.486711432021735/84.03471426943702
2023-09-27T16:51:40.746+02:00 DEBUG 7856 --- [pool-2-thread-1] c.o.tourguide.service.RewardsService     : Checking if the user a1ed92ee-a3b7-47bf-953b-1115e329922b already get close from Texas Memorial Stadium
2023-09-27T16:51:40.746+02:00 DEBUG 7856 --- [pool-2-thread-1] c.o.tourguide.service.RewardsService     : Calculate distance between -97.732536/30.283682 and -20.486711432021735/84.03471426943702
2023-09-27T16:51:40.746+02:00 DEBUG 7856 --- [pool-2-thread-1] c.o.tourguide.service.RewardsService     : Checking if the user a1ed92ee-a3b7-47bf-953b-1115e329922b already get close from Bryant-Denny Stadium
2023-09-27T16:51:40.746+02:00 DEBUG 7856 --- [pool-2-thread-1] c.o.tourguide.service.RewardsService     : Calculate distance between -87.550438/33.208973 and -20.486711432021735/84.03471426943702
2023-09-27T16:51:40.746+02:00 DEBUG 7856 --- [pool-2-thread-1] c.o.tourguide.service.RewardsService     : Checking if the user a1ed92ee-a3b7-47bf-953b-1115e329922b already get close from Tiger Stadium
2023-09-27T16:51:40.746+02:00 DEBUG 7856 --- [pool-2-thread-1] c.o.tourguide.service.RewardsService     : Calculate distance between -91.183815/30.412035 and -20.486711432021735/84.03471426943702
2023-09-27T16:51:40.746+02:00 DEBUG 7856 --- [pool-2-thread-1] c.o.tourguide.service.RewardsService     : Checking if the user a1ed92ee-a3b7-47bf-953b-1115e329922b already get close from Neyland Stadium
2023-09-27T16:51:40.746+02:00 DEBUG 7856 --- [pool-2-thread-1] c.o.tourguide.service.RewardsService     : Calculate distance between -83.925011/35.955013 and -20.486711432021735/84.03471426943702
2023-09-27T16:51:40.746+02:00 DEBUG 7856 --- [pool-2-thread-1] c.o.tourguide.service.RewardsService     : Checking if the user a1ed92ee-a3b7-47bf-953b-1115e329922b already get close from Kyle Field
2023-09-27T16:51:40.746+02:00 DEBUG 7856 --- [pool-2-thread-1] c.o.tourguide.service.RewardsService     : Calculate distance between -96.339844/30.61025 and -20.486711432021735/84.03471426943702
2023-09-27T16:51:40.746+02:00 DEBUG 7856 --- [pool-2-thread-1] c.o.tourguide.service.RewardsService     : Checking if the user a1ed92ee-a3b7-47bf-953b-1115e329922b already get close from San Diego Zoo
2023-09-27T16:51:40.746+02:00 DEBUG 7856 --- [pool-2-thread-1] c.o.tourguide.service.RewardsService     : Calculate distance between -117.149048/32.735317 and -20.486711432021735/84.03471426943702
2023-09-27T16:51:40.746+02:00 DEBUG 7856 --- [pool-2-thread-1] c.o.tourguide.service.RewardsService     : Checking if the user a1ed92ee-a3b7-47bf-953b-1115e329922b already get close from Zoo Tampa at Lowry Park
2023-09-27T16:51:40.746+02:00 DEBUG 7856 --- [pool-2-thread-1] c.o.tourguide.service.RewardsService     : Calculate distance between -82.469269/28.012804 and -20.486711432021735/84.03471426943702
2023-09-27T16:51:40.746+02:00 DEBUG 7856 --- [pool-2-thread-1] c.o.tourguide.service.RewardsService     : Checking if the user a1ed92ee-a3b7-47bf-953b-1115e329922b already get close from Franklin Park Zoo
2023-09-27T16:51:40.746+02:00 DEBUG 7856 --- [pool-2-thread-1] c.o.tourguide.service.RewardsService     : Calculate distance between -71.086731/42.302601 and -20.486711432021735/84.03471426943702
2023-09-27T16:51:40.746+02:00 DEBUG 7856 --- [pool-2-thread-1] c.o.tourguide.service.RewardsService     : Checking if the user a1ed92ee-a3b7-47bf-953b-1115e329922b already get close from El Paso Zoo
2023-09-27T16:51:40.746+02:00 DEBUG 7856 --- [pool-2-thread-1] c.o.tourguide.service.RewardsService     : Calculate distance between -106.44487/31.769125 and -20.486711432021735/84.03471426943702
2023-09-27T16:51:40.746+02:00 DEBUG 7856 --- [pool-2-thread-1] c.o.tourguide.service.RewardsService     : Checking if the user a1ed92ee-a3b7-47bf-953b-1115e329922b already get close from Kansas City Zoo
2023-09-27T16:51:40.746+02:00 DEBUG 7856 --- [pool-2-thread-1] c.o.tourguide.service.RewardsService     : Calculate distance between -94.529625/39.007504 and -20.486711432021735/84.03471426943702
2023-09-27T16:51:40.746+02:00 DEBUG 7856 --- [pool-2-thread-1] c.o.tourguide.service.RewardsService     : Checking if the user a1ed92ee-a3b7-47bf-953b-1115e329922b already get close from Bronx Zoo
2023-09-27T16:51:40.746+02:00 DEBUG 7856 --- [pool-2-thread-1] c.o.tourguide.service.RewardsService     : Calculate distance between -73.872971/40.852905 and -20.486711432021735/84.03471426943702
2023-09-27T16:51:40.746+02:00 DEBUG 7856 --- [pool-2-thread-1] c.o.tourguide.service.RewardsService     : Checking if the user a1ed92ee-a3b7-47bf-953b-1115e329922b already get close from Cinderella Castle
2023-09-27T16:51:40.746+02:00 DEBUG 7856 --- [pool-2-thread-1] c.o.tourguide.service.RewardsService     : Calculate distance between -81.5812/28.419411 and -20.486711432021735/84.03471426943702
2023-09-27T16:51:40.746+02:00 DEBUG 7856 --- [pool-2-thread-1] c.o.tourguide.service.RewardsService     : Checking if the user a1ed92ee-a3b7-47bf-953b-1115e329922b already get close from Disneyland
2023-09-27T16:51:40.746+02:00 DEBUG 7856 --- [pool-2-thread-1] c.o.tourguide.service.RewardsService     : Calculate distance between -117.922008/33.817595 and 50.48750115016162/49.9632254058495
2023-09-27T16:51:40.746+02:00 DEBUG 7856 --- [pool-2-thread-1] c.o.tourguide.service.RewardsService     : Checking if the user a1ed92ee-a3b7-47bf-953b-1115e329922b already get close from Jackson Hole
2023-09-27T16:51:40.746+02:00 DEBUG 7856 --- [pool-2-thread-1] c.o.tourguide.service.RewardsService     : Calculate distance between -110.821999/43.582767 and 50.48750115016162/49.9632254058495
2023-09-27T16:51:40.746+02:00 DEBUG 7856 --- [pool-2-thread-1] c.o.tourguide.service.RewardsService     : Checking if the user a1ed92ee-a3b7-47bf-953b-1115e329922b already get close from Mojave National Preserve
2023-09-27T16:51:40.746+02:00 DEBUG 7856 --- [pool-2-thread-1] c.o.tourguide.service.RewardsService     : Calculate distance between -115.510399/35.141689 and 50.48750115016162/49.9632254058495
2023-09-27T16:51:40.746+02:00 DEBUG 7856 --- [pool-2-thread-1] c.o.tourguide.service.RewardsService     : Checking if the user a1ed92ee-a3b7-47bf-953b-1115e329922b already get close from Joshua Tree National Park
2023-09-27T16:51:40.747+02:00 DEBUG 7856 --- [pool-2-thread-1] c.o.tourguide.service.RewardsService     : Calculate distance between -115.90065/33.881866 and 50.48750115016162/49.9632254058495
2023-09-27T16:51:40.747+02:00 DEBUG 7856 --- [pool-2-thread-1] c.o.tourguide.service.RewardsService     : Checking if the user a1ed92ee-a3b7-47bf-953b-1115e329922b already get close from Buffalo National River
2023-09-27T16:51:40.747+02:00 DEBUG 7856 --- [pool-2-thread-1] c.o.tourguide.service.RewardsService     : Calculate distance between -92.757652/35.985512 and 50.48750115016162/49.9632254058495
2023-09-27T16:51:40.747+02:00 DEBUG 7856 --- [pool-2-thread-1] c.o.tourguide.service.RewardsService     : Checking if the user a1ed92ee-a3b7-47bf-953b-1115e329922b already get close from Hot Springs National Park
2023-09-27T16:51:40.747+02:00 DEBUG 7856 --- [pool-2-thread-1] c.o.tourguide.service.RewardsService     : Calculate distance between -93.042267/34.52153 and 50.48750115016162/49.9632254058495
2023-09-27T16:51:40.747+02:00 DEBUG 7856 --- [pool-2-thread-1] c.o.tourguide.service.RewardsService     : Checking if the user a1ed92ee-a3b7-47bf-953b-1115e329922b already get close from Kartchner Caverns State Park
2023-09-27T16:51:40.747+02:00 DEBUG 7856 --- [pool-2-thread-1] c.o.tourguide.service.RewardsService     : Calculate distance between -110.347382/31.837551 and 50.48750115016162/49.9632254058495
2023-09-27T16:51:40.747+02:00 DEBUG 7856 --- [pool-2-thread-1] c.o.tourguide.service.RewardsService     : Checking if the user a1ed92ee-a3b7-47bf-953b-1115e329922b already get close from Legend Valley
2023-09-27T16:51:40.747+02:00 DEBUG 7856 --- [pool-2-thread-1] c.o.tourguide.service.RewardsService     : Calculate distance between -82.40667/39.937778 and 50.48750115016162/49.9632254058495
2023-09-27T16:51:40.747+02:00 DEBUG 7856 --- [pool-2-thread-1] c.o.tourguide.service.RewardsService     : Checking if the user a1ed92ee-a3b7-47bf-953b-1115e329922b already get close from Flowers Bakery of London
2023-09-27T16:51:40.747+02:00 DEBUG 7856 --- [pool-2-thread-1] c.o.tourguide.service.RewardsService     : Calculate distance between -84.07486/37.131527 and 50.48750115016162/49.9632254058495
2023-09-27T16:51:40.747+02:00 DEBUG 7856 --- [pool-2-thread-1] c.o.tourguide.service.RewardsService     : Checking if the user a1ed92ee-a3b7-47bf-953b-1115e329922b already get close from McKinley Tower
2023-09-27T16:51:40.747+02:00 DEBUG 7856 --- [pool-2-thread-1] c.o.tourguide.service.RewardsService     : Calculate distance between -149.877502/61.218887 and 50.48750115016162/49.9632254058495
2023-09-27T16:51:40.747+02:00 DEBUG 7856 --- [pool-2-thread-1] c.o.tourguide.service.RewardsService     : Checking if the user a1ed92ee-a3b7-47bf-953b-1115e329922b already get close from Flatiron Building
2023-09-27T16:51:40.747+02:00 DEBUG 7856 --- [pool-2-thread-1] c.o.tourguide.service.RewardsService     : Calculate distance between -73.989723/40.741112 and 50.48750115016162/49.9632254058495
2023-09-27T16:51:40.747+02:00 DEBUG 7856 --- [pool-2-thread-1] c.o.tourguide.service.RewardsService     : Checking if the user a1ed92ee-a3b7-47bf-953b-1115e329922b already get close from Fallingwater
2023-09-27T16:51:40.747+02:00 DEBUG 7856 --- [pool-2-thread-1] c.o.tourguide.service.RewardsService     : Calculate distance between -79.468056/39.906113 and 50.48750115016162/49.9632254058495
2023-09-27T16:51:40.747+02:00 DEBUG 7856 --- [pool-2-thread-1] c.o.tourguide.service.RewardsService     : Checking if the user a1ed92ee-a3b7-47bf-953b-1115e329922b already get close from Union Station
2023-09-27T16:51:40.747+02:00 DEBUG 7856 --- [pool-2-thread-1] c.o.tourguide.service.RewardsService     : Calculate distance between -77.006332/38.897095 and 50.48750115016162/49.9632254058495
2023-09-27T16:51:40.747+02:00 DEBUG 7856 --- [pool-2-thread-1] c.o.tourguide.service.RewardsService     : Checking if the user a1ed92ee-a3b7-47bf-953b-1115e329922b already get close from Roger Dean Stadium
2023-09-27T16:51:40.747+02:00 DEBUG 7856 --- [pool-2-thread-1] c.o.tourguide.service.RewardsService     : Calculate distance between -80.116577/26.890959 and 50.48750115016162/49.9632254058495
2023-09-27T16:51:40.747+02:00 DEBUG 7856 --- [pool-2-thread-1] c.o.tourguide.service.RewardsService     : Checking if the user a1ed92ee-a3b7-47bf-953b-1115e329922b already get close from Texas Memorial Stadium
2023-09-27T16:51:40.747+02:00 DEBUG 7856 --- [pool-2-thread-1] c.o.tourguide.service.RewardsService     : Calculate distance between -97.732536/30.283682 and 50.48750115016162/49.9632254058495
2023-09-27T16:51:40.747+02:00 DEBUG 7856 --- [pool-2-thread-1] c.o.tourguide.service.RewardsService     : Checking if the user a1ed92ee-a3b7-47bf-953b-1115e329922b already get close from Bryant-Denny Stadium
2023-09-27T16:51:40.747+02:00 DEBUG 7856 --- [pool-2-thread-1] c.o.tourguide.service.RewardsService     : Calculate distance between -87.550438/33.208973 and 50.48750115016162/49.9632254058495
2023-09-27T16:51:40.747+02:00 DEBUG 7856 --- [pool-2-thread-1] c.o.tourguide.service.RewardsService     : Checking if the user a1ed92ee-a3b7-47bf-953b-1115e329922b already get close from Tiger Stadium
2023-09-27T16:51:40.747+02:00 DEBUG 7856 --- [pool-2-thread-1] c.o.tourguide.service.RewardsService     : Calculate distance between -91.183815/30.412035 and 50.48750115016162/49.9632254058495
2023-09-27T16:51:40.747+02:00 DEBUG 7856 --- [pool-2-thread-1] c.o.tourguide.service.RewardsService     : Checking if the user a1ed92ee-a3b7-47bf-953b-1115e329922b already get close from Neyland Stadium
2023-09-27T16:51:40.747+02:00 DEBUG 7856 --- [pool-2-thread-1] c.o.tourguide.service.RewardsService     : Calculate distance between -83.925011/35.955013 and 50.48750115016162/49.9632254058495
2023-09-27T16:51:40.747+02:00 DEBUG 7856 --- [pool-2-thread-1] c.o.tourguide.service.RewardsService     : Checking if the user a1ed92ee-a3b7-47bf-953b-1115e329922b already get close from Kyle Field
2023-09-27T16:51:40.747+02:00 DEBUG 7856 --- [pool-2-thread-1] c.o.tourguide.service.RewardsService     : Calculate distance between -96.339844/30.61025 and 50.48750115016162/49.9632254058495
2023-09-27T16:51:40.747+02:00 DEBUG 7856 --- [pool-2-thread-1] c.o.tourguide.service.RewardsService     : Checking if the user a1ed92ee-a3b7-47bf-953b-1115e329922b already get close from San Diego Zoo
2023-09-27T16:51:40.747+02:00 DEBUG 7856 --- [pool-2-thread-1] c.o.tourguide.service.RewardsService     : Calculate distance between -117.149048/32.735317 and 50.48750115016162/49.9632254058495
2023-09-27T16:51:40.747+02:00 DEBUG 7856 --- [pool-2-thread-1] c.o.tourguide.service.RewardsService     : Checking if the user a1ed92ee-a3b7-47bf-953b-1115e329922b already get close from Zoo Tampa at Lowry Park
2023-09-27T16:51:40.747+02:00 DEBUG 7856 --- [pool-2-thread-1] c.o.tourguide.service.RewardsService     : Calculate distance between -82.469269/28.012804 and 50.48750115016162/49.9632254058495
2023-09-27T16:51:40.747+02:00 DEBUG 7856 --- [pool-2-thread-1] c.o.tourguide.service.RewardsService     : Checking if the user a1ed92ee-a3b7-47bf-953b-1115e329922b already get close from Franklin Park Zoo
2023-09-27T16:51:40.747+02:00 DEBUG 7856 --- [pool-2-thread-1] c.o.tourguide.service.RewardsService     : Calculate distance between -71.086731/42.302601 and 50.48750115016162/49.9632254058495
2023-09-27T16:51:40.747+02:00 DEBUG 7856 --- [pool-2-thread-1] c.o.tourguide.service.RewardsService     : Checking if the user a1ed92ee-a3b7-47bf-953b-1115e329922b already get close from El Paso Zoo
2023-09-27T16:51:40.747+02:00 DEBUG 7856 --- [pool-2-thread-1] c.o.tourguide.service.RewardsService     : Calculate distance between -106.44487/31.769125 and 50.48750115016162/49.9632254058495
2023-09-27T16:51:40.747+02:00 DEBUG 7856 --- [pool-2-thread-1] c.o.tourguide.service.RewardsService     : Checking if the user a1ed92ee-a3b7-47bf-953b-1115e329922b already get close from Kansas City Zoo
2023-09-27T16:51:40.747+02:00 DEBUG 7856 --- [pool-2-thread-1] c.o.tourguide.service.RewardsService     : Calculate distance between -94.529625/39.007504 and 50.48750115016162/49.9632254058495
2023-09-27T16:51:40.747+02:00 DEBUG 7856 --- [pool-2-thread-1] c.o.tourguide.service.RewardsService     : Checking if the user a1ed92ee-a3b7-47bf-953b-1115e329922b already get close from Bronx Zoo
2023-09-27T16:51:40.747+02:00 DEBUG 7856 --- [pool-2-thread-1] c.o.tourguide.service.RewardsService     : Calculate distance between -73.872971/40.852905 and 50.48750115016162/49.9632254058495
2023-09-27T16:51:40.747+02:00 DEBUG 7856 --- [pool-2-thread-1] c.o.tourguide.service.RewardsService     : Checking if the user a1ed92ee-a3b7-47bf-953b-1115e329922b already get close from Cinderella Castle
2023-09-27T16:51:40.747+02:00 DEBUG 7856 --- [pool-2-thread-1] c.o.tourguide.service.RewardsService     : Calculate distance between -81.5812/28.419411 and 50.48750115016162/49.9632254058495
2023-09-27T16:51:40.747+02:00 DEBUG 7856 --- [pool-2-thread-1] c.o.tourguide.service.RewardsService     : Checking if the user a1ed92ee-a3b7-47bf-953b-1115e329922b already get close from Disneyland
2023-09-27T16:51:40.747+02:00 DEBUG 7856 --- [pool-2-thread-1] c.o.tourguide.service.RewardsService     : Calculate distance between -117.922008/33.817595 and -155.117776/-20.055482
2023-09-27T16:51:40.747+02:00 DEBUG 7856 --- [pool-2-thread-1] c.o.tourguide.service.RewardsService     : Checking if the user a1ed92ee-a3b7-47bf-953b-1115e329922b already get close from Jackson Hole
2023-09-27T16:51:40.747+02:00 DEBUG 7856 --- [pool-2-thread-1] c.o.tourguide.service.RewardsService     : Calculate distance between -110.821999/43.582767 and -155.117776/-20.055482
2023-09-27T16:51:40.747+02:00 DEBUG 7856 --- [pool-2-thread-1] c.o.tourguide.service.RewardsService     : Checking if the user a1ed92ee-a3b7-47bf-953b-1115e329922b already get close from Mojave National Preserve
2023-09-27T16:51:40.747+02:00 DEBUG 7856 --- [pool-2-thread-1] c.o.tourguide.service.RewardsService     : Calculate distance between -115.510399/35.141689 and -155.117776/-20.055482
2023-09-27T16:51:40.747+02:00 DEBUG 7856 --- [pool-2-thread-1] c.o.tourguide.service.RewardsService     : Checking if the user a1ed92ee-a3b7-47bf-953b-1115e329922b already get close from Joshua Tree National Park
2023-09-27T16:51:40.747+02:00 DEBUG 7856 --- [pool-2-thread-1] c.o.tourguide.service.RewardsService     : Calculate distance between -115.90065/33.881866 and -155.117776/-20.055482
2023-09-27T16:51:40.747+02:00 DEBUG 7856 --- [pool-2-thread-1] c.o.tourguide.service.RewardsService     : Checking if the user a1ed92ee-a3b7-47bf-953b-1115e329922b already get close from Buffalo National River
2023-09-27T16:51:40.747+02:00 DEBUG 7856 --- [pool-2-thread-1] c.o.tourguide.service.RewardsService     : Calculate distance between -92.757652/35.985512 and -155.117776/-20.055482
2023-09-27T16:51:40.747+02:00 DEBUG 7856 --- [pool-2-thread-1] c.o.tourguide.service.RewardsService     : Checking if the user a1ed92ee-a3b7-47bf-953b-1115e329922b already get close from Hot Springs National Park
2023-09-27T16:51:40.747+02:00 DEBUG 7856 --- [pool-2-thread-1] c.o.tourguide.service.RewardsService     : Calculate distance between -93.042267/34.52153 and -155.117776/-20.055482
2023-09-27T16:51:40.747+02:00 DEBUG 7856 --- [pool-2-thread-1] c.o.tourguide.service.RewardsService     : Checking if the user a1ed92ee-a3b7-47bf-953b-1115e329922b already get close from Kartchner Caverns State Park
2023-09-27T16:51:40.747+02:00 DEBUG 7856 --- [pool-2-thread-1] c.o.tourguide.service.RewardsService     : Calculate distance between -110.347382/31.837551 and -155.117776/-20.055482
2023-09-27T16:51:40.747+02:00 DEBUG 7856 --- [pool-2-thread-1] c.o.tourguide.service.RewardsService     : Checking if the user a1ed92ee-a3b7-47bf-953b-1115e329922b already get close from Legend Valley
2023-09-27T16:51:40.747+02:00 DEBUG 7856 --- [pool-2-thread-1] c.o.tourguide.service.RewardsService     : Calculate distance between -82.40667/39.937778 and -155.117776/-20.055482
2023-09-27T16:51:40.747+02:00 DEBUG 7856 --- [pool-2-thread-1] c.o.tourguide.service.RewardsService     : Checking if the user a1ed92ee-a3b7-47bf-953b-1115e329922b already get close from Flowers Bakery of London
2023-09-27T16:51:40.747+02:00 DEBUG 7856 --- [pool-2-thread-1] c.o.tourguide.service.RewardsService     : Calculate distance between -84.07486/37.131527 and -155.117776/-20.055482
2023-09-27T16:51:40.747+02:00 DEBUG 7856 --- [pool-2-thread-1] c.o.tourguide.service.RewardsService     : Checking if the user a1ed92ee-a3b7-47bf-953b-1115e329922b already get close from McKinley Tower
2023-09-27T16:51:40.747+02:00 DEBUG 7856 --- [pool-2-thread-1] c.o.tourguide.service.RewardsService     : Calculate distance between -149.877502/61.218887 and -155.117776/-20.055482
2023-09-27T16:51:40.747+02:00 DEBUG 7856 --- [pool-2-thread-1] c.o.tourguide.service.RewardsService     : Checking if the user a1ed92ee-a3b7-47bf-953b-1115e329922b already get close from Flatiron Building
2023-09-27T16:51:40.747+02:00 DEBUG 7856 --- [pool-2-thread-1] c.o.tourguide.service.RewardsService     : Calculate distance between -73.989723/40.741112 and -155.117776/-20.055482
2023-09-27T16:51:40.747+02:00 DEBUG 7856 --- [pool-2-thread-1] c.o.tourguide.service.RewardsService     : Checking if the user a1ed92ee-a3b7-47bf-953b-1115e329922b already get close from Fallingwater
2023-09-27T16:51:40.747+02:00 DEBUG 7856 --- [pool-2-thread-1] c.o.tourguide.service.RewardsService     : Calculate distance between -79.468056/39.906113 and -155.117776/-20.055482
2023-09-27T16:51:40.747+02:00 DEBUG 7856 --- [pool-2-thread-1] c.o.tourguide.service.RewardsService     : Checking if the user a1ed92ee-a3b7-47bf-953b-1115e329922b already get close from Union Station
2023-09-27T16:51:40.747+02:00 DEBUG 7856 --- [pool-2-thread-1] c.o.tourguide.service.RewardsService     : Calculate distance between -77.006332/38.897095 and -155.117776/-20.055482
2023-09-27T16:51:40.747+02:00 DEBUG 7856 --- [pool-2-thread-1] c.o.tourguide.service.RewardsService     : Checking if the user a1ed92ee-a3b7-47bf-953b-1115e329922b already get close from Roger Dean Stadium
2023-09-27T16:51:40.747+02:00 DEBUG 7856 --- [pool-2-thread-1] c.o.tourguide.service.RewardsService     : Calculate distance between -80.116577/26.890959 and -155.117776/-20.055482
2023-09-27T16:51:40.747+02:00 DEBUG 7856 --- [pool-2-thread-1] c.o.tourguide.service.RewardsService     : Checking if the user a1ed92ee-a3b7-47bf-953b-1115e329922b already get close from Texas Memorial Stadium
2023-09-27T16:51:40.747+02:00 DEBUG 7856 --- [pool-2-thread-1] c.o.tourguide.service.RewardsService     : Calculate distance between -97.732536/30.283682 and -155.117776/-20.055482
2023-09-27T16:51:40.747+02:00 DEBUG 7856 --- [pool-2-thread-1] c.o.tourguide.service.RewardsService     : Checking if the user a1ed92ee-a3b7-47bf-953b-1115e329922b already get close from Bryant-Denny Stadium
2023-09-27T16:51:40.747+02:00 DEBUG 7856 --- [pool-2-thread-1] c.o.tourguide.service.RewardsService     : Calculate distance between -87.550438/33.208973 and -155.117776/-20.055482
2023-09-27T16:51:40.747+02:00 DEBUG 7856 --- [pool-2-thread-1] c.o.tourguide.service.RewardsService     : Checking if the user a1ed92ee-a3b7-47bf-953b-1115e329922b already get close from Tiger Stadium
2023-09-27T16:51:40.747+02:00 DEBUG 7856 --- [pool-2-thread-1] c.o.tourguide.service.RewardsService     : Calculate distance between -91.183815/30.412035 and -155.117776/-20.055482
2023-09-27T16:51:40.747+02:00 DEBUG 7856 --- [pool-2-thread-1] c.o.tourguide.service.RewardsService     : Checking if the user a1ed92ee-a3b7-47bf-953b-1115e329922b already get close from Neyland Stadium
2023-09-27T16:51:40.747+02:00 DEBUG 7856 --- [pool-2-thread-1] c.o.tourguide.service.RewardsService     : Calculate distance between -83.925011/35.955013 and -155.117776/-20.055482
2023-09-27T16:51:40.747+02:00 DEBUG 7856 --- [pool-2-thread-1] c.o.tourguide.service.RewardsService     : Checking if the user a1ed92ee-a3b7-47bf-953b-1115e329922b already get close from Kyle Field
2023-09-27T16:51:40.747+02:00 DEBUG 7856 --- [pool-2-thread-1] c.o.tourguide.service.RewardsService     : Calculate distance between -96.339844/30.61025 and -155.117776/-20.055482
2023-09-27T16:51:40.747+02:00 DEBUG 7856 --- [pool-2-thread-1] c.o.tourguide.service.RewardsService     : Checking if the user a1ed92ee-a3b7-47bf-953b-1115e329922b already get close from San Diego Zoo
2023-09-27T16:51:40.747+02:00 DEBUG 7856 --- [pool-2-thread-1] c.o.tourguide.service.RewardsService     : Calculate distance between -117.149048/32.735317 and -155.117776/-20.055482
2023-09-27T16:51:40.747+02:00 DEBUG 7856 --- [pool-2-thread-1] c.o.tourguide.service.RewardsService     : Checking if the user a1ed92ee-a3b7-47bf-953b-1115e329922b already get close from Zoo Tampa at Lowry Park
2023-09-27T16:51:40.747+02:00 DEBUG 7856 --- [pool-2-thread-1] c.o.tourguide.service.RewardsService     : Calculate distance between -82.469269/28.012804 and -155.117776/-20.055482
2023-09-27T16:51:40.747+02:00 DEBUG 7856 --- [pool-2-thread-1] c.o.tourguide.service.RewardsService     : Checking if the user a1ed92ee-a3b7-47bf-953b-1115e329922b already get close from Franklin Park Zoo
2023-09-27T16:51:40.748+02:00 DEBUG 7856 --- [pool-2-thread-1] c.o.tourguide.service.RewardsService     : Calculate distance between -71.086731/42.302601 and -155.117776/-20.055482
2023-09-27T16:51:40.748+02:00 DEBUG 7856 --- [pool-2-thread-1] c.o.tourguide.service.RewardsService     : Checking if the user a1ed92ee-a3b7-47bf-953b-1115e329922b already get close from El Paso Zoo
2023-09-27T16:51:40.748+02:00 DEBUG 7856 --- [pool-2-thread-1] c.o.tourguide.service.RewardsService     : Calculate distance between -106.44487/31.769125 and -155.117776/-20.055482
2023-09-27T16:51:40.748+02:00 DEBUG 7856 --- [pool-2-thread-1] c.o.tourguide.service.RewardsService     : Checking if the user a1ed92ee-a3b7-47bf-953b-1115e329922b already get close from Kansas City Zoo
2023-09-27T16:51:40.748+02:00 DEBUG 7856 --- [pool-2-thread-1] c.o.tourguide.service.RewardsService     : Calculate distance between -94.529625/39.007504 and -155.117776/-20.055482
2023-09-27T16:51:40.748+02:00 DEBUG 7856 --- [pool-2-thread-1] c.o.tourguide.service.RewardsService     : Checking if the user a1ed92ee-a3b7-47bf-953b-1115e329922b already get close from Bronx Zoo
2023-09-27T16:51:40.748+02:00 DEBUG 7856 --- [pool-2-thread-1] c.o.tourguide.service.RewardsService     : Calculate distance between -73.872971/40.852905 and -155.117776/-20.055482
2023-09-27T16:51:40.748+02:00 DEBUG 7856 --- [pool-2-thread-1] c.o.tourguide.service.RewardsService     : Checking if the user a1ed92ee-a3b7-47bf-953b-1115e329922b already get close from Cinderella Castle
2023-09-27T16:51:40.748+02:00 DEBUG 7856 --- [pool-2-thread-1] c.o.tourguide.service.RewardsService     : Calculate distance between -81.5812/28.419411 and -155.117776/-20.055482
2023-09-27T16:51:40.748+02:00 DEBUG 7856 --- [pool-2-thread-1] c.o.tourguide.service.RewardsService     : Checking if the user a1ed92ee-a3b7-47bf-953b-1115e329922b already get close from Disneyland
2023-09-27T16:51:40.748+02:00 DEBUG 7856 --- [pool-2-thread-1] c.o.tourguide.service.RewardsService     : Calculate distance between -117.922008/33.817595 and 71.32583/25.257875
2023-09-27T16:51:40.748+02:00 DEBUG 7856 --- [pool-2-thread-1] c.o.tourguide.service.RewardsService     : Checking if the user a1ed92ee-a3b7-47bf-953b-1115e329922b already get close from Jackson Hole
2023-09-27T16:51:40.748+02:00 DEBUG 7856 --- [pool-2-thread-1] c.o.tourguide.service.RewardsService     : Calculate distance between -110.821999/43.582767 and 71.32583/25.257875
2023-09-27T16:51:40.748+02:00 DEBUG 7856 --- [pool-2-thread-1] c.o.tourguide.service.RewardsService     : Checking if the user a1ed92ee-a3b7-47bf-953b-1115e329922b already get close from Mojave National Preserve
2023-09-27T16:51:40.748+02:00 DEBUG 7856 --- [pool-2-thread-1] c.o.tourguide.service.RewardsService     : Calculate distance between -115.510399/35.141689 and 71.32583/25.257875
2023-09-27T16:51:40.748+02:00 DEBUG 7856 --- [pool-2-thread-1] c.o.tourguide.service.RewardsService     : Checking if the user a1ed92ee-a3b7-47bf-953b-1115e329922b already get close from Joshua Tree National Park
2023-09-27T16:51:40.748+02:00 DEBUG 7856 --- [pool-2-thread-1] c.o.tourguide.service.RewardsService     : Calculate distance between -115.90065/33.881866 and 71.32583/25.257875
2023-09-27T16:51:40.748+02:00 DEBUG 7856 --- [pool-2-thread-1] c.o.tourguide.service.RewardsService     : Checking if the user a1ed92ee-a3b7-47bf-953b-1115e329922b already get close from Buffalo National River
2023-09-27T16:51:40.748+02:00 DEBUG 7856 --- [pool-2-thread-1] c.o.tourguide.service.RewardsService     : Calculate distance between -92.757652/35.985512 and 71.32583/25.257875
2023-09-27T16:51:40.748+02:00 DEBUG 7856 --- [pool-2-thread-1] c.o.tourguide.service.RewardsService     : Checking if the user a1ed92ee-a3b7-47bf-953b-1115e329922b already get close from Hot Springs National Park
2023-09-27T16:51:40.748+02:00 DEBUG 7856 --- [pool-2-thread-1] c.o.tourguide.service.RewardsService     : Calculate distance between -93.042267/34.52153 and 71.32583/25.257875
2023-09-27T16:51:40.748+02:00 DEBUG 7856 --- [pool-2-thread-1] c.o.tourguide.service.RewardsService     : Checking if the user a1ed92ee-a3b7-47bf-953b-1115e329922b already get close from Kartchner Caverns State Park
2023-09-27T16:51:40.748+02:00 DEBUG 7856 --- [pool-2-thread-1] c.o.tourguide.service.RewardsService     : Calculate distance between -110.347382/31.837551 and 71.32583/25.257875
2023-09-27T16:51:40.748+02:00 DEBUG 7856 --- [pool-2-thread-1] c.o.tourguide.service.RewardsService     : Checking if the user a1ed92ee-a3b7-47bf-953b-1115e329922b already get close from Legend Valley
2023-09-27T16:51:40.748+02:00 DEBUG 7856 --- [pool-2-thread-1] c.o.tourguide.service.RewardsService     : Calculate distance between -82.40667/39.937778 and 71.32583/25.257875
2023-09-27T16:51:40.748+02:00 DEBUG 7856 --- [pool-2-thread-1] c.o.tourguide.service.RewardsService     : Checking if the user a1ed92ee-a3b7-47bf-953b-1115e329922b already get close from Flowers Bakery of London
2023-09-27T16:51:40.748+02:00 DEBUG 7856 --- [pool-2-thread-1] c.o.tourguide.service.RewardsService     : Calculate distance between -84.07486/37.131527 and 71.32583/25.257875
2023-09-27T16:51:40.748+02:00 DEBUG 7856 --- [pool-2-thread-1] c.o.tourguide.service.RewardsService     : Checking if the user a1ed92ee-a3b7-47bf-953b-1115e329922b already get close from McKinley Tower
2023-09-27T16:51:40.748+02:00 DEBUG 7856 --- [pool-2-thread-1] c.o.tourguide.service.RewardsService     : Calculate distance between -149.877502/61.218887 and 71.32583/25.257875
2023-09-27T16:51:40.748+02:00 DEBUG 7856 --- [pool-2-thread-1] c.o.tourguide.service.RewardsService     : Checking if the user a1ed92ee-a3b7-47bf-953b-1115e329922b already get close from Flatiron Building
2023-09-27T16:51:40.748+02:00 DEBUG 7856 --- [pool-2-thread-1] c.o.tourguide.service.RewardsService     : Calculate distance between -73.989723/40.741112 and 71.32583/25.257875
2023-09-27T16:51:40.748+02:00 DEBUG 7856 --- [pool-2-thread-1] c.o.tourguide.service.RewardsService     : Checking if the user a1ed92ee-a3b7-47bf-953b-1115e329922b already get close from Fallingwater
2023-09-27T16:51:40.748+02:00 DEBUG 7856 --- [pool-2-thread-1] c.o.tourguide.service.RewardsService     : Calculate distance between -79.468056/39.906113 and 71.32583/25.257875
2023-09-27T16:51:40.748+02:00 DEBUG 7856 --- [pool-2-thread-1] c.o.tourguide.service.RewardsService     : Checking if the user a1ed92ee-a3b7-47bf-953b-1115e329922b already get close from Union Station
2023-09-27T16:51:40.748+02:00 DEBUG 7856 --- [pool-2-thread-1] c.o.tourguide.service.RewardsService     : Calculate distance between -77.006332/38.897095 and 71.32583/25.257875
2023-09-27T16:51:40.748+02:00 DEBUG 7856 --- [pool-2-thread-1] c.o.tourguide.service.RewardsService     : Checking if the user a1ed92ee-a3b7-47bf-953b-1115e329922b already get close from Roger Dean Stadium
2023-09-27T16:51:40.748+02:00 DEBUG 7856 --- [pool-2-thread-1] c.o.tourguide.service.RewardsService     : Calculate distance between -80.116577/26.890959 and 71.32583/25.257875
2023-09-27T16:51:40.748+02:00 DEBUG 7856 --- [pool-2-thread-1] c.o.tourguide.service.RewardsService     : Checking if the user a1ed92ee-a3b7-47bf-953b-1115e329922b already get close from Texas Memorial Stadium
2023-09-27T16:51:40.748+02:00 DEBUG 7856 --- [pool-2-thread-1] c.o.tourguide.service.RewardsService     : Calculate distance between -97.732536/30.283682 and 71.32583/25.257875
2023-09-27T16:51:40.748+02:00 DEBUG 7856 --- [pool-2-thread-1] c.o.tourguide.service.RewardsService     : Checking if the user a1ed92ee-a3b7-47bf-953b-1115e329922b already get close from Bryant-Denny Stadium
2023-09-27T16:51:40.748+02:00 DEBUG 7856 --- [pool-2-thread-1] c.o.tourguide.service.RewardsService     : Calculate distance between -87.550438/33.208973 and 71.32583/25.257875
2023-09-27T16:51:40.748+02:00 DEBUG 7856 --- [pool-2-thread-1] c.o.tourguide.service.RewardsService     : Checking if the user a1ed92ee-a3b7-47bf-953b-1115e329922b already get close from Tiger Stadium
2023-09-27T16:51:40.748+02:00 DEBUG 7856 --- [pool-2-thread-1] c.o.tourguide.service.RewardsService     : Calculate distance between -91.183815/30.412035 and 71.32583/25.257875
2023-09-27T16:51:40.748+02:00 DEBUG 7856 --- [pool-2-thread-1] c.o.tourguide.service.RewardsService     : Checking if the user a1ed92ee-a3b7-47bf-953b-1115e329922b already get close from Neyland Stadium
2023-09-27T16:51:40.748+02:00 DEBUG 7856 --- [pool-2-thread-1] c.o.tourguide.service.RewardsService     : Calculate distance between -83.925011/35.955013 and 71.32583/25.257875
2023-09-27T16:51:40.748+02:00 DEBUG 7856 --- [pool-2-thread-1] c.o.tourguide.service.RewardsService     : Checking if the user a1ed92ee-a3b7-47bf-953b-1115e329922b already get close from Kyle Field
2023-09-27T16:51:40.748+02:00 DEBUG 7856 --- [pool-2-thread-1] c.o.tourguide.service.RewardsService     : Calculate distance between -96.339844/30.61025 and 71.32583/25.257875
2023-09-27T16:51:40.748+02:00 DEBUG 7856 --- [pool-2-thread-1] c.o.tourguide.service.RewardsService     : Checking if the user a1ed92ee-a3b7-47bf-953b-1115e329922b already get close from San Diego Zoo
2023-09-27T16:51:40.748+02:00 DEBUG 7856 --- [pool-2-thread-1] c.o.tourguide.service.RewardsService     : Calculate distance between -117.149048/32.735317 and 71.32583/25.257875
2023-09-27T16:51:40.748+02:00 DEBUG 7856 --- [pool-2-thread-1] c.o.tourguide.service.RewardsService     : Checking if the user a1ed92ee-a3b7-47bf-953b-1115e329922b already get close from Zoo Tampa at Lowry Park
2023-09-27T16:51:40.748+02:00 DEBUG 7856 --- [pool-2-thread-1] c.o.tourguide.service.RewardsService     : Calculate distance between -82.469269/28.012804 and 71.32583/25.257875
2023-09-27T16:51:40.748+02:00 DEBUG 7856 --- [pool-2-thread-1] c.o.tourguide.service.RewardsService     : Checking if the user a1ed92ee-a3b7-47bf-953b-1115e329922b already get close from Franklin Park Zoo
2023-09-27T16:51:40.748+02:00 DEBUG 7856 --- [pool-2-thread-1] c.o.tourguide.service.RewardsService     : Calculate distance between -71.086731/42.302601 and 71.32583/25.257875
2023-09-27T16:51:40.748+02:00 DEBUG 7856 --- [pool-2-thread-1] c.o.tourguide.service.RewardsService     : Checking if the user a1ed92ee-a3b7-47bf-953b-1115e329922b already get close from El Paso Zoo
2023-09-27T16:51:40.748+02:00 DEBUG 7856 --- [pool-2-thread-1] c.o.tourguide.service.RewardsService     : Calculate distance between -106.44487/31.769125 and 71.32583/25.257875
2023-09-27T16:51:40.748+02:00 DEBUG 7856 --- [pool-2-thread-1] c.o.tourguide.service.RewardsService     : Checking if the user a1ed92ee-a3b7-47bf-953b-1115e329922b already get close from Kansas City Zoo
2023-09-27T16:51:40.748+02:00 DEBUG 7856 --- [pool-2-thread-1] c.o.tourguide.service.RewardsService     : Calculate distance between -94.529625/39.007504 and 71.32583/25.257875
2023-09-27T16:51:40.748+02:00 DEBUG 7856 --- [pool-2-thread-1] c.o.tourguide.service.RewardsService     : Checking if the user a1ed92ee-a3b7-47bf-953b-1115e329922b already get close from Bronx Zoo
2023-09-27T16:51:40.748+02:00 DEBUG 7856 --- [pool-2-thread-1] c.o.tourguide.service.RewardsService     : Calculate distance between -73.872971/40.852905 and 71.32583/25.257875
2023-09-27T16:51:40.748+02:00 DEBUG 7856 --- [pool-2-thread-1] c.o.tourguide.service.RewardsService     : Checking if the user a1ed92ee-a3b7-47bf-953b-1115e329922b already get close from Cinderella Castle
2023-09-27T16:51:40.748+02:00 DEBUG 7856 --- [pool-2-thread-1] c.o.tourguide.service.RewardsService     : Calculate distance between -81.5812/28.419411 and 71.32583/25.257875
2023-09-27T16:51:40.748+02:00 DEBUG 7856 --- [pool-2-thread-1] c.o.tourguide.service.RewardsService     : Trying to add 0 rewards
2023-09-27T16:51:40.797+02:00  INFO 7856 --- [pool-2-thread-1] c.o.tourguide.service.TourGuideService   : Adding the current location to the user internalUser6485
2023-09-27T16:51:40.797+02:00 DEBUG 7856 --- [pool-2-thread-1] c.o.tourguide.service.RewardsService     : calculate reward for internalUser6485 on his 5 known locations
2023-09-27T16:51:40.808+02:00 DEBUG 7856 --- [pool-2-thread-1] c.o.tourguide.service.RewardsService     : Checking if the user 42c80bff-40c4-4cfb-bde9-88c1e974cce7 already get close from Disneyland
2023-09-27T16:51:40.808+02:00 DEBUG 7856 --- [pool-2-thread-1] c.o.tourguide.service.RewardsService     : Calculate distance between -117.922008/33.817595 and 44.75255856029088/-34.16488213812829
2023-09-27T16:51:40.808+02:00 DEBUG 7856 --- [pool-2-thread-1] c.o.tourguide.service.RewardsService     : Checking if the user 42c80bff-40c4-4cfb-bde9-88c1e974cce7 already get close from Jackson Hole
2023-09-27T16:51:40.808+02:00 DEBUG 7856 --- [pool-2-thread-1] c.o.tourguide.service.RewardsService     : Calculate distance between -110.821999/43.582767 and 44.75255856029088/-34.16488213812829
2023-09-27T16:51:40.808+02:00 DEBUG 7856 --- [pool-2-thread-1] c.o.tourguide.service.RewardsService     : Checking if the user 42c80bff-40c4-4cfb-bde9-88c1e974cce7 already get close from Mojave National Preserve
2023-09-27T16:51:40.808+02:00 DEBUG 7856 --- [pool-2-thread-1] c.o.tourguide.service.RewardsService     : Calculate distance between -115.510399/35.141689 and 44.75255856029088/-34.16488213812829
2023-09-27T16:51:40.808+02:00 DEBUG 7856 --- [pool-2-thread-1] c.o.tourguide.service.RewardsService     : Checking if the user 42c80bff-40c4-4cfb-bde9-88c1e974cce7 already get close from Joshua Tree National Park
2023-09-27T16:51:40.808+02:00 DEBUG 7856 --- [pool-2-thread-1] c.o.tourguide.service.RewardsService     : Calculate distance between -115.90065/33.881866 and 44.75255856029088/-34.16488213812829
2023-09-27T16:51:40.808+02:00 DEBUG 7856 --- [pool-2-thread-1] c.o.tourguide.service.RewardsService     : Checking if the user 42c80bff-40c4-4cfb-bde9-88c1e974cce7 already get close from Buffalo National River
2023-09-27T16:51:40.808+02:00 DEBUG 7856 --- [pool-2-thread-1] c.o.tourguide.service.RewardsService     : Calculate distance between -92.757652/35.985512 and 44.75255856029088/-34.16488213812829
2023-09-27T16:51:40.808+02:00 DEBUG 7856 --- [pool-2-thread-1] c.o.tourguide.service.RewardsService     : Checking if the user 42c80bff-40c4-4cfb-bde9-88c1e974cce7 already get close from Hot Springs National Park
2023-09-27T16:51:40.808+02:00 DEBUG 7856 --- [pool-2-thread-1] c.o.tourguide.service.RewardsService     : Calculate distance between -93.042267/34.52153 and 44.75255856029088/-34.16488213812829
2023-09-27T16:51:40.808+02:00 DEBUG 7856 --- [pool-2-thread-1] c.o.tourguide.service.RewardsService     : Checking if the user 42c80bff-40c4-4cfb-bde9-88c1e974cce7 already get close from Kartchner Caverns State Park
2023-09-27T16:51:40.808+02:00 DEBUG 7856 --- [pool-2-thread-1] c.o.tourguide.service.RewardsService     : Calculate distance between -110.347382/31.837551 and 44.75255856029088/-34.16488213812829
2023-09-27T16:51:40.808+02:00 DEBUG 7856 --- [pool-2-thread-1] c.o.tourguide.service.RewardsService     : Checking if the user 42c80bff-40c4-4cfb-bde9-88c1e974cce7 already get close from Legend Valley
2023-09-27T16:51:40.808+02:00 DEBUG 7856 --- [pool-2-thread-1] c.o.tourguide.service.RewardsService     : Calculate distance between -82.40667/39.937778 and 44.75255856029088/-34.16488213812829
2023-09-27T16:51:40.808+02:00 DEBUG 7856 --- [pool-2-thread-1] c.o.tourguide.service.RewardsService     : Checking if the user 42c80bff-40c4-4cfb-bde9-88c1e974cce7 already get close from Flowers Bakery of London
2023-09-27T16:51:40.808+02:00 DEBUG 7856 --- [pool-2-thread-1] c.o.tourguide.service.RewardsService     : Calculate distance between -84.07486/37.131527 and 44.75255856029088/-34.16488213812829
2023-09-27T16:51:40.808+02:00 DEBUG 7856 --- [pool-2-thread-1] c.o.tourguide.service.RewardsService     : Checking if the user 42c80bff-40c4-4cfb-bde9-88c1e974cce7 already get close from McKinley Tower
2023-09-27T16:51:40.808+02:00 DEBUG 7856 --- [pool-2-thread-1] c.o.tourguide.service.RewardsService     : Calculate distance between -149.877502/61.218887 and 44.75255856029088/-34.16488213812829
2023-09-27T16:51:40.808+02:00 DEBUG 7856 --- [pool-2-thread-1] c.o.tourguide.service.RewardsService     : Checking if the user 42c80bff-40c4-4cfb-bde9-88c1e974cce7 already get close from Flatiron Building
2023-09-27T16:51:40.808+02:00 DEBUG 7856 --- [pool-2-thread-1] c.o.tourguide.service.RewardsService     : Calculate distance between -73.989723/40.741112 and 44.75255856029088/-34.16488213812829
2023-09-27T16:51:40.808+02:00 DEBUG 7856 --- [pool-2-thread-1] c.o.tourguide.service.RewardsService     : Checking if the user 42c80bff-40c4-4cfb-bde9-88c1e974cce7 already get close from Fallingwater
2023-09-27T16:51:40.808+02:00 DEBUG 7856 --- [pool-2-thread-1] c.o.tourguide.service.RewardsService     : Calculate distance between -79.468056/39.906113 and 44.75255856029088/-34.16488213812829
2023-09-27T16:51:40.808+02:00 DEBUG 7856 --- [pool-2-thread-1] c.o.tourguide.service.RewardsService     : Checking if the user 42c80bff-40c4-4cfb-bde9-88c1e974cce7 already get close from Union Station
2023-09-27T16:51:40.808+02:00 DEBUG 7856 --- [pool-2-thread-1] c.o.tourguide.service.RewardsService     : Calculate distance between -77.006332/38.897095 and 44.75255856029088/-34.16488213812829
2023-09-27T16:51:40.808+02:00 DEBUG 7856 --- [pool-2-thread-1] c.o.tourguide.service.RewardsService     : Checking if the user 42c80bff-40c4-4cfb-bde9-88c1e974cce7 already get close from Roger Dean Stadium
2023-09-27T16:51:40.808+02:00 DEBUG 7856 --- [pool-2-thread-1] c.o.tourguide.service.RewardsService     : Calculate distance between -80.116577/26.890959 and 44.75255856029088/-34.16488213812829
2023-09-27T16:51:40.808+02:00 DEBUG 7856 --- [pool-2-thread-1] c.o.tourguide.service.RewardsService     : Checking if the user 42c80bff-40c4-4cfb-bde9-88c1e974cce7 already get close from Texas Memorial Stadium
2023-09-27T16:51:40.808+02:00 DEBUG 7856 --- [pool-2-thread-1] c.o.tourguide.service.RewardsService     : Calculate distance between -97.732536/30.283682 and 44.75255856029088/-34.16488213812829
2023-09-27T16:51:40.808+02:00 DEBUG 7856 --- [pool-2-thread-1] c.o.tourguide.service.RewardsService     : Checking if the user 42c80bff-40c4-4cfb-bde9-88c1e974cce7 already get close from Bryant-Denny Stadium
2023-09-27T16:51:40.808+02:00 DEBUG 7856 --- [pool-2-thread-1] c.o.tourguide.service.RewardsService     : Calculate distance between -87.550438/33.208973 and 44.75255856029088/-34.16488213812829
2023-09-27T16:51:40.808+02:00 DEBUG 7856 --- [pool-2-thread-1] c.o.tourguide.service.RewardsService     : Checking if the user 42c80bff-40c4-4cfb-bde9-88c1e974cce7 already get close from Tiger Stadium
2023-09-27T16:51:40.808+02:00 DEBUG 7856 --- [pool-2-thread-1] c.o.tourguide.service.RewardsService     : Calculate distance between -91.183815/30.412035 and 44.75255856029088/-34.16488213812829
2023-09-27T16:51:40.808+02:00 DEBUG 7856 --- [pool-2-thread-1] c.o.tourguide.service.RewardsService     : Checking if the user 42c80bff-40c4-4cfb-bde9-88c1e974cce7 already get close from Neyland Stadium
2023-09-27T16:51:40.808+02:00 DEBUG 7856 --- [pool-2-thread-1] c.o.tourguide.service.RewardsService     : Calculate distance between -83.925011/35.955013 and 44.75255856029088/-34.16488213812829
2023-09-27T16:51:40.808+02:00 DEBUG 7856 --- [pool-2-thread-1] c.o.tourguide.service.RewardsService     : Checking if the user 42c80bff-40c4-4cfb-bde9-88c1e974cce7 already get close from Kyle Field
2023-09-27T16:51:40.808+02:00 DEBUG 7856 --- [pool-2-thread-1] c.o.tourguide.service.RewardsService     : Calculate distance between -96.339844/30.61025 and 44.75255856029088/-34.16488213812829
2023-09-27T16:51:40.808+02:00 DEBUG 7856 --- [pool-2-thread-1] c.o.tourguide.service.RewardsService     : Checking if the user 42c80bff-40c4-4cfb-bde9-88c1e974cce7 already get close from San Diego Zoo
2023-09-27T16:51:40.808+02:00 DEBUG 7856 --- [pool-2-thread-1] c.o.tourguide.service.RewardsService     : Calculate distance between -117.149048/32.735317 and 44.75255856029088/-34.16488213812829
2023-09-27T16:51:40.808+02:00 DEBUG 7856 --- [pool-2-thread-1] c.o.tourguide.service.RewardsService     : Checking if the user 42c80bff-40c4-4cfb-bde9-88c1e974cce7 already get close from Zoo Tampa at Lowry Park
2023-09-27T16:51:40.808+02:00 DEBUG 7856 --- [pool-2-thread-1] c.o.tourguide.service.RewardsService     : Calculate distance between -82.469269/28.012804 and 44.75255856029088/-34.16488213812829
2023-09-27T16:51:40.808+02:00 DEBUG 7856 --- [pool-2-thread-1] c.o.tourguide.service.RewardsService     : Checking if the user 42c80bff-40c4-4cfb-bde9-88c1e974cce7 already get close from Franklin Park Zoo
2023-09-27T16:51:40.808+02:00 DEBUG 7856 --- [pool-2-thread-1] c.o.tourguide.service.RewardsService     : Calculate distance between -71.086731/42.302601 and 44.75255856029088/-34.16488213812829
2023-09-27T16:51:40.808+02:00 DEBUG 7856 --- [pool-2-thread-1] c.o.tourguide.service.RewardsService     : Checking if the user 42c80bff-40c4-4cfb-bde9-88c1e974cce7 already get close from El Paso Zoo
2023-09-27T16:51:40.808+02:00 DEBUG 7856 --- [pool-2-thread-1] c.o.tourguide.service.RewardsService     : Calculate distance between -106.44487/31.769125 and 44.75255856029088/-34.16488213812829
2023-09-27T16:51:40.808+02:00 DEBUG 7856 --- [pool-2-thread-1] c.o.tourguide.service.RewardsService     : Checking if the user 42c80bff-40c4-4cfb-bde9-88c1e974cce7 already get close from Kansas City Zoo
2023-09-27T16:51:40.808+02:00 DEBUG 7856 --- [pool-2-thread-1] c.o.tourguide.service.RewardsService     : Calculate distance between -94.529625/39.007504 and 44.75255856029088/-34.16488213812829
2023-09-27T16:51:40.808+02:00 DEBUG 7856 --- [pool-2-thread-1] c.o.tourguide.service.RewardsService     : Checking if the user 42c80bff-40c4-4cfb-bde9-88c1e974cce7 already get close from Bronx Zoo
2023-09-27T16:51:40.808+02:00 DEBUG 7856 --- [pool-2-thread-1] c.o.tourguide.service.RewardsService     : Calculate distance between -73.872971/40.852905 and 44.75255856029088/-34.16488213812829
2023-09-27T16:51:40.808+02:00 DEBUG 7856 --- [pool-2-thread-1] c.o.tourguide.service.RewardsService     : Checking if the user 42c80bff-40c4-4cfb-bde9-88c1e974cce7 already get close from Cinderella Castle
2023-09-27T16:51:40.808+02:00 DEBUG 7856 --- [pool-2-thread-1] c.o.tourguide.service.RewardsService     : Calculate distance between -81.5812/28.419411 and 44.75255856029088/-34.16488213812829
2023-09-27T16:51:40.808+02:00 DEBUG 7856 --- [pool-2-thread-1] c.o.tourguide.service.RewardsService     : Checking if the user 42c80bff-40c4-4cfb-bde9-88c1e974cce7 already get close from Disneyland
2023-09-27T16:51:40.808+02:00 DEBUG 7856 --- [pool-2-thread-1] c.o.tourguide.service.RewardsService     : Calculate distance between -117.922008/33.817595 and -84.36783357372607/-12.561503152229406
2023-09-27T16:51:40.808+02:00 DEBUG 7856 --- [pool-2-thread-1] c.o.tourguide.service.RewardsService     : Checking if the user 42c80bff-40c4-4cfb-bde9-88c1e974cce7 already get close from Jackson Hole
2023-09-27T16:51:40.808+02:00 DEBUG 7856 --- [pool-2-thread-1] c.o.tourguide.service.RewardsService     : Calculate distance between -110.821999/43.582767 and -84.36783357372607/-12.561503152229406
2023-09-27T16:51:40.808+02:00 DEBUG 7856 --- [pool-2-thread-1] c.o.tourguide.service.RewardsService     : Checking if the user 42c80bff-40c4-4cfb-bde9-88c1e974cce7 already get close from Mojave National Preserve
2023-09-27T16:51:40.808+02:00 DEBUG 7856 --- [pool-2-thread-1] c.o.tourguide.service.RewardsService     : Calculate distance between -115.510399/35.141689 and -84.36783357372607/-12.561503152229406
2023-09-27T16:51:40.808+02:00 DEBUG 7856 --- [pool-2-thread-1] c.o.tourguide.service.RewardsService     : Checking if the user 42c80bff-40c4-4cfb-bde9-88c1e974cce7 already get close from Joshua Tree National Park
2023-09-27T16:51:40.808+02:00 DEBUG 7856 --- [pool-2-thread-1] c.o.tourguide.service.RewardsService     : Calculate distance between -115.90065/33.881866 and -84.36783357372607/-12.561503152229406
2023-09-27T16:51:40.808+02:00 DEBUG 7856 --- [pool-2-thread-1] c.o.tourguide.service.RewardsService     : Checking if the user 42c80bff-40c4-4cfb-bde9-88c1e974cce7 already get close from Buffalo National River
2023-09-27T16:51:40.808+02:00 DEBUG 7856 --- [pool-2-thread-1] c.o.tourguide.service.RewardsService     : Calculate distance between -92.757652/35.985512 and -84.36783357372607/-12.561503152229406
2023-09-27T16:51:40.808+02:00 DEBUG 7856 --- [pool-2-thread-1] c.o.tourguide.service.RewardsService     : Checking if the user 42c80bff-40c4-4cfb-bde9-88c1e974cce7 already get close from Hot Springs National Park
2023-09-27T16:51:40.808+02:00 DEBUG 7856 --- [pool-2-thread-1] c.o.tourguide.service.RewardsService     : Calculate distance between -93.042267/34.52153 and -84.36783357372607/-12.561503152229406
2023-09-27T16:51:40.808+02:00 DEBUG 7856 --- [pool-2-thread-1] c.o.tourguide.service.RewardsService     : Checking if the user 42c80bff-40c4-4cfb-bde9-88c1e974cce7 already get close from Kartchner Caverns State Park
2023-09-27T16:51:40.808+02:00 DEBUG 7856 --- [pool-2-thread-1] c.o.tourguide.service.RewardsService     : Calculate distance between -110.347382/31.837551 and -84.36783357372607/-12.561503152229406
2023-09-27T16:51:40.808+02:00 DEBUG 7856 --- [pool-2-thread-1] c.o.tourguide.service.RewardsService     : Checking if the user 42c80bff-40c4-4cfb-bde9-88c1e974cce7 already get close from Legend Valley
2023-09-27T16:51:40.808+02:00 DEBUG 7856 --- [pool-2-thread-1] c.o.tourguide.service.RewardsService     : Calculate distance between -82.40667/39.937778 and -84.36783357372607/-12.561503152229406
2023-09-27T16:51:40.808+02:00 DEBUG 7856 --- [pool-2-thread-1] c.o.tourguide.service.RewardsService     : Checking if the user 42c80bff-40c4-4cfb-bde9-88c1e974cce7 already get close from Flowers Bakery of London
2023-09-27T16:51:40.808+02:00 DEBUG 7856 --- [pool-2-thread-1] c.o.tourguide.service.RewardsService     : Calculate distance between -84.07486/37.131527 and -84.36783357372607/-12.561503152229406
2023-09-27T16:51:40.808+02:00 DEBUG 7856 --- [pool-2-thread-1] c.o.tourguide.service.RewardsService     : Checking if the user 42c80bff-40c4-4cfb-bde9-88c1e974cce7 already get close from McKinley Tower
2023-09-27T16:51:40.808+02:00 DEBUG 7856 --- [pool-2-thread-1] c.o.tourguide.service.RewardsService     : Calculate distance between -149.877502/61.218887 and -84.36783357372607/-12.561503152229406
2023-09-27T16:51:40.808+02:00 DEBUG 7856 --- [pool-2-thread-1] c.o.tourguide.service.RewardsService     : Checking if the user 42c80bff-40c4-4cfb-bde9-88c1e974cce7 already get close from Flatiron Building
2023-09-27T16:51:40.808+02:00 DEBUG 7856 --- [pool-2-thread-1] c.o.tourguide.service.RewardsService     : Calculate distance between -73.989723/40.741112 and -84.36783357372607/-12.561503152229406
2023-09-27T16:51:40.808+02:00 DEBUG 7856 --- [pool-2-thread-1] c.o.tourguide.service.RewardsService     : Checking if the user 42c80bff-40c4-4cfb-bde9-88c1e974cce7 already get close from Fallingwater
2023-09-27T16:51:40.808+02:00 DEBUG 7856 --- [pool-2-thread-1] c.o.tourguide.service.RewardsService     : Calculate distance between -79.468056/39.906113 and -84.36783357372607/-12.561503152229406
2023-09-27T16:51:40.808+02:00 DEBUG 7856 --- [pool-2-thread-1] c.o.tourguide.service.RewardsService     : Checking if the user 42c80bff-40c4-4cfb-bde9-88c1e974cce7 already get close from Union Station
2023-09-27T16:51:40.808+02:00 DEBUG 7856 --- [pool-2-thread-1] c.o.tourguide.service.RewardsService     : Calculate distance between -77.006332/38.897095 and -84.36783357372607/-12.561503152229406
2023-09-27T16:51:40.808+02:00 DEBUG 7856 --- [pool-2-thread-1] c.o.tourguide.service.RewardsService     : Checking if the user 42c80bff-40c4-4cfb-bde9-88c1e974cce7 already get close from Roger Dean Stadium
2023-09-27T16:51:40.808+02:00 DEBUG 7856 --- [pool-2-thread-1] c.o.tourguide.service.RewardsService     : Calculate distance between -80.116577/26.890959 and -84.36783357372607/-12.561503152229406
2023-09-27T16:51:40.808+02:00 DEBUG 7856 --- [pool-2-thread-1] c.o.tourguide.service.RewardsService     : Checking if the user 42c80bff-40c4-4cfb-bde9-88c1e974cce7 already get close from Texas Memorial Stadium
2023-09-27T16:51:40.808+02:00 DEBUG 7856 --- [pool-2-thread-1] c.o.tourguide.service.RewardsService     : Calculate distance between -97.732536/30.283682 and -84.36783357372607/-12.561503152229406
2023-09-27T16:51:40.808+02:00 DEBUG 7856 --- [pool-2-thread-1] c.o.tourguide.service.RewardsService     : Checking if the user 42c80bff-40c4-4cfb-bde9-88c1e974cce7 already get close from Bryant-Denny Stadium
2023-09-27T16:51:40.808+02:00 DEBUG 7856 --- [pool-2-thread-1] c.o.tourguide.service.RewardsService     : Calculate distance between -87.550438/33.208973 and -84.36783357372607/-12.561503152229406
2023-09-27T16:51:40.808+02:00 DEBUG 7856 --- [pool-2-thread-1] c.o.tourguide.service.RewardsService     : Checking if the user 42c80bff-40c4-4cfb-bde9-88c1e974cce7 already get close from Tiger Stadium
2023-09-27T16:51:40.808+02:00 DEBUG 7856 --- [pool-2-thread-1] c.o.tourguide.service.RewardsService     : Calculate distance between -91.183815/30.412035 and -84.36783357372607/-12.561503152229406
2023-09-27T16:51:40.808+02:00 DEBUG 7856 --- [pool-2-thread-1] c.o.tourguide.service.RewardsService     : Checking if the user 42c80bff-40c4-4cfb-bde9-88c1e974cce7 already get close from Neyland Stadium
2023-09-27T16:51:40.808+02:00 DEBUG 7856 --- [pool-2-thread-1] c.o.tourguide.service.RewardsService     : Calculate distance between -83.925011/35.955013 and -84.36783357372607/-12.561503152229406
2023-09-27T16:51:40.808+02:00 DEBUG 7856 --- [pool-2-thread-1] c.o.tourguide.service.RewardsService     : Checking if the user 42c80bff-40c4-4cfb-bde9-88c1e974cce7 already get close from Kyle Field
2023-09-27T16:51:40.808+02:00 DEBUG 7856 --- [pool-2-thread-1] c.o.tourguide.service.RewardsService     : Calculate distance between -96.339844/30.61025 and -84.36783357372607/-12.561503152229406
2023-09-27T16:51:40.808+02:00 DEBUG 7856 --- [pool-2-thread-1] c.o.tourguide.service.RewardsService     : Checking if the user 42c80bff-40c4-4cfb-bde9-88c1e974cce7 already get close from San Diego Zoo
2023-09-27T16:51:40.808+02:00 DEBUG 7856 --- [pool-2-thread-1] c.o.tourguide.service.RewardsService     : Calculate distance between -117.149048/32.735317 and -84.36783357372607/-12.561503152229406
2023-09-27T16:51:40.808+02:00 DEBUG 7856 --- [pool-2-thread-1] c.o.tourguide.service.RewardsService     : Checking if the user 42c80bff-40c4-4cfb-bde9-88c1e974cce7 already get close from Zoo Tampa at Lowry Park
2023-09-27T16:51:40.808+02:00 DEBUG 7856 --- [pool-2-thread-1] c.o.tourguide.service.RewardsService     : Calculate distance between -82.469269/28.012804 and -84.36783357372607/-12.561503152229406
2023-09-27T16:51:40.808+02:00 DEBUG 7856 --- [pool-2-thread-1] c.o.tourguide.service.RewardsService     : Checking if the user 42c80bff-40c4-4cfb-bde9-88c1e974cce7 already get close from Franklin Park Zoo
2023-09-27T16:51:40.808+02:00 DEBUG 7856 --- [pool-2-thread-1] c.o.tourguide.service.RewardsService     : Calculate distance between -71.086731/42.302601 and -84.36783357372607/-12.561503152229406
2023-09-27T16:51:40.808+02:00 DEBUG 7856 --- [pool-2-thread-1] c.o.tourguide.service.RewardsService     : Checking if the user 42c80bff-40c4-4cfb-bde9-88c1e974cce7 already get close from El Paso Zoo
2023-09-27T16:51:40.808+02:00 DEBUG 7856 --- [pool-2-thread-1] c.o.tourguide.service.RewardsService     : Calculate distance between -106.44487/31.769125 and -84.36783357372607/-12.561503152229406
2023-09-27T16:51:40.808+02:00 DEBUG 7856 --- [pool-2-thread-1] c.o.tourguide.service.RewardsService     : Checking if the user 42c80bff-40c4-4cfb-bde9-88c1e974cce7 already get close from Kansas City Zoo
2023-09-27T16:51:40.808+02:00 DEBUG 7856 --- [pool-2-thread-1] c.o.tourguide.service.RewardsService     : Calculate distance between -94.529625/39.007504 and -84.36783357372607/-12.561503152229406
2023-09-27T16:51:40.808+02:00 DEBUG 7856 --- [pool-2-thread-1] c.o.tourguide.service.RewardsService     : Checking if the user 42c80bff-40c4-4cfb-bde9-88c1e974cce7 already get close from Bronx Zoo
2023-09-27T16:51:40.808+02:00 DEBUG 7856 --- [pool-2-thread-1] c.o.tourguide.service.RewardsService     : Calculate distance between -73.872971/40.852905 and -84.36783357372607/-12.561503152229406
2023-09-27T16:51:40.808+02:00 DEBUG 7856 --- [pool-2-thread-1] c.o.tourguide.service.RewardsService     : Checking if the user 42c80bff-40c4-4cfb-bde9-88c1e974cce7 already get close from Cinderella Castle
2023-09-27T16:51:40.808+02:00 DEBUG 7856 --- [pool-2-thread-1] c.o.tourguide.service.RewardsService     : Calculate distance between -81.5812/28.419411 and -84.36783357372607/-12.561503152229406
2023-09-27T16:51:40.808+02:00 DEBUG 7856 --- [pool-2-thread-1] c.o.tourguide.service.RewardsService     : Checking if the user 42c80bff-40c4-4cfb-bde9-88c1e974cce7 already get close from Disneyland
2023-09-27T16:51:40.808+02:00 DEBUG 7856 --- [pool-2-thread-1] c.o.tourguide.service.RewardsService     : Calculate distance between -117.922008/33.817595 and 103.88586472563787/-0.5442445699574421
2023-09-27T16:51:40.808+02:00 DEBUG 7856 --- [pool-2-thread-1] c.o.tourguide.service.RewardsService     : Checking if the user 42c80bff-40c4-4cfb-bde9-88c1e974cce7 already get close from Jackson Hole
2023-09-27T16:51:40.808+02:00 DEBUG 7856 --- [pool-2-thread-1] c.o.tourguide.service.RewardsService     : Calculate distance between -110.821999/43.582767 and 103.88586472563787/-0.5442445699574421
2023-09-27T16:51:40.808+02:00 DEBUG 7856 --- [pool-2-thread-1] c.o.tourguide.service.RewardsService     : Checking if the user 42c80bff-40c4-4cfb-bde9-88c1e974cce7 already get close from Mojave National Preserve
2023-09-27T16:51:40.808+02:00 DEBUG 7856 --- [pool-2-thread-1] c.o.tourguide.service.RewardsService     : Calculate distance between -115.510399/35.141689 and 103.88586472563787/-0.5442445699574421
2023-09-27T16:51:40.808+02:00 DEBUG 7856 --- [pool-2-thread-1] c.o.tourguide.service.RewardsService     : Checking if the user 42c80bff-40c4-4cfb-bde9-88c1e974cce7 already get close from Joshua Tree National Park
2023-09-27T16:51:40.808+02:00 DEBUG 7856 --- [pool-2-thread-1] c.o.tourguide.service.RewardsService     : Calculate distance between -115.90065/33.881866 and 103.88586472563787/-0.5442445699574421
2023-09-27T16:51:40.808+02:00 DEBUG 7856 --- [pool-2-thread-1] c.o.tourguide.service.RewardsService     : Checking if the user 42c80bff-40c4-4cfb-bde9-88c1e974cce7 already get close from Buffalo National River
2023-09-27T16:51:40.808+02:00 DEBUG 7856 --- [pool-2-thread-1] c.o.tourguide.service.RewardsService     : Calculate distance between -92.757652/35.985512 and 103.88586472563787/-0.5442445699574421
2023-09-27T16:51:40.808+02:00 DEBUG 7856 --- [pool-2-thread-1] c.o.tourguide.service.RewardsService     : Checking if the user 42c80bff-40c4-4cfb-bde9-88c1e974cce7 already get close from Hot Springs National Park
2023-09-27T16:51:40.808+02:00 DEBUG 7856 --- [pool-2-thread-1] c.o.tourguide.service.RewardsService     : Calculate distance between -93.042267/34.52153 and 103.88586472563787/-0.5442445699574421
2023-09-27T16:51:40.809+02:00 DEBUG 7856 --- [pool-2-thread-1] c.o.tourguide.service.RewardsService     : Checking if the user 42c80bff-40c4-4cfb-bde9-88c1e974cce7 already get close from Kartchner Caverns State Park
2023-09-27T16:51:40.809+02:00 DEBUG 7856 --- [pool-2-thread-1] c.o.tourguide.service.RewardsService     : Calculate distance between -110.347382/31.837551 and 103.88586472563787/-0.5442445699574421
2023-09-27T16:51:40.809+02:00 DEBUG 7856 --- [pool-2-thread-1] c.o.tourguide.service.RewardsService     : Checking if the user 42c80bff-40c4-4cfb-bde9-88c1e974cce7 already get close from Legend Valley
2023-09-27T16:51:40.809+02:00 DEBUG 7856 --- [pool-2-thread-1] c.o.tourguide.service.RewardsService     : Calculate distance between -82.40667/39.937778 and 103.88586472563787/-0.5442445699574421
2023-09-27T16:51:40.809+02:00 DEBUG 7856 --- [pool-2-thread-1] c.o.tourguide.service.RewardsService     : Checking if the user 42c80bff-40c4-4cfb-bde9-88c1e974cce7 already get close from Flowers Bakery of London
2023-09-27T16:51:40.809+02:00 DEBUG 7856 --- [pool-2-thread-1] c.o.tourguide.service.RewardsService     : Calculate distance between -84.07486/37.131527 and 103.88586472563787/-0.5442445699574421
2023-09-27T16:51:40.809+02:00 DEBUG 7856 --- [pool-2-thread-1] c.o.tourguide.service.RewardsService     : Checking if the user 42c80bff-40c4-4cfb-bde9-88c1e974cce7 already get close from McKinley Tower
2023-09-27T16:51:40.809+02:00 DEBUG 7856 --- [pool-2-thread-1] c.o.tourguide.service.RewardsService     : Calculate distance between -149.877502/61.218887 and 103.88586472563787/-0.5442445699574421
2023-09-27T16:51:40.809+02:00 DEBUG 7856 --- [pool-2-thread-1] c.o.tourguide.service.RewardsService     : Checking if the user 42c80bff-40c4-4cfb-bde9-88c1e974cce7 already get close from Flatiron Building
2023-09-27T16:51:40.809+02:00 DEBUG 7856 --- [pool-2-thread-1] c.o.tourguide.service.RewardsService     : Calculate distance between -73.989723/40.741112 and 103.88586472563787/-0.5442445699574421
2023-09-27T16:51:40.809+02:00 DEBUG 7856 --- [pool-2-thread-1] c.o.tourguide.service.RewardsService     : Checking if the user 42c80bff-40c4-4cfb-bde9-88c1e974cce7 already get close from Fallingwater
2023-09-27T16:51:40.809+02:00 DEBUG 7856 --- [pool-2-thread-1] c.o.tourguide.service.RewardsService     : Calculate distance between -79.468056/39.906113 and 103.88586472563787/-0.5442445699574421
2023-09-27T16:51:40.809+02:00 DEBUG 7856 --- [pool-2-thread-1] c.o.tourguide.service.RewardsService     : Checking if the user 42c80bff-40c4-4cfb-bde9-88c1e974cce7 already get close from Union Station
2023-09-27T16:51:40.809+02:00 DEBUG 7856 --- [pool-2-thread-1] c.o.tourguide.service.RewardsService     : Calculate distance between -77.006332/38.897095 and 103.88586472563787/-0.5442445699574421
2023-09-27T16:51:40.809+02:00 DEBUG 7856 --- [pool-2-thread-1] c.o.tourguide.service.RewardsService     : Checking if the user 42c80bff-40c4-4cfb-bde9-88c1e974cce7 already get close from Roger Dean Stadium
2023-09-27T16:51:40.809+02:00 DEBUG 7856 --- [pool-2-thread-1] c.o.tourguide.service.RewardsService     : Calculate distance between -80.116577/26.890959 and 103.88586472563787/-0.5442445699574421
2023-09-27T16:51:40.809+02:00 DEBUG 7856 --- [pool-2-thread-1] c.o.tourguide.service.RewardsService     : Checking if the user 42c80bff-40c4-4cfb-bde9-88c1e974cce7 already get close from Texas Memorial Stadium
2023-09-27T16:51:40.809+02:00 DEBUG 7856 --- [pool-2-thread-1] c.o.tourguide.service.RewardsService     : Calculate distance between -97.732536/30.283682 and 103.88586472563787/-0.5442445699574421
2023-09-27T16:51:40.809+02:00 DEBUG 7856 --- [pool-2-thread-1] c.o.tourguide.service.RewardsService     : Checking if the user 42c80bff-40c4-4cfb-bde9-88c1e974cce7 already get close from Bryant-Denny Stadium
2023-09-27T16:51:40.809+02:00 DEBUG 7856 --- [pool-2-thread-1] c.o.tourguide.service.RewardsService     : Calculate distance between -87.550438/33.208973 and 103.88586472563787/-0.5442445699574421
2023-09-27T16:51:40.809+02:00 DEBUG 7856 --- [pool-2-thread-1] c.o.tourguide.service.RewardsService     : Checking if the user 42c80bff-40c4-4cfb-bde9-88c1e974cce7 already get close from Tiger Stadium
2023-09-27T16:51:40.809+02:00 DEBUG 7856 --- [pool-2-thread-1] c.o.tourguide.service.RewardsService     : Calculate distance between -91.183815/30.412035 and 103.88586472563787/-0.5442445699574421
2023-09-27T16:51:40.809+02:00 DEBUG 7856 --- [pool-2-thread-1] c.o.tourguide.service.RewardsService     : Checking if the user 42c80bff-40c4-4cfb-bde9-88c1e974cce7 already get close from Neyland Stadium
2023-09-27T16:51:40.809+02:00 DEBUG 7856 --- [pool-2-thread-1] c.o.tourguide.service.RewardsService     : Calculate distance between -83.925011/35.955013 and 103.88586472563787/-0.5442445699574421
2023-09-27T16:51:40.809+02:00 DEBUG 7856 --- [pool-2-thread-1] c.o.tourguide.service.RewardsService     : Checking if the user 42c80bff-40c4-4cfb-bde9-88c1e974cce7 already get close from Kyle Field
2023-09-27T16:51:40.809+02:00 DEBUG 7856 --- [pool-2-thread-1] c.o.tourguide.service.RewardsService     : Calculate distance between -96.339844/30.61025 and 103.88586472563787/-0.5442445699574421
2023-09-27T16:51:40.809+02:00 DEBUG 7856 --- [pool-2-thread-1] c.o.tourguide.service.RewardsService     : Checking if the user 42c80bff-40c4-4cfb-bde9-88c1e974cce7 already get close from San Diego Zoo
2023-09-27T16:51:40.809+02:00 DEBUG 7856 --- [pool-2-thread-1] c.o.tourguide.service.RewardsService     : Calculate distance between -117.149048/32.735317 and 103.88586472563787/-0.5442445699574421
2023-09-27T16:51:40.809+02:00 DEBUG 7856 --- [pool-2-thread-1] c.o.tourguide.service.RewardsService     : Checking if the user 42c80bff-40c4-4cfb-bde9-88c1e974cce7 already get close from Zoo Tampa at Lowry Park
2023-09-27T16:51:40.809+02:00 DEBUG 7856 --- [pool-2-thread-1] c.o.tourguide.service.RewardsService     : Calculate distance between -82.469269/28.012804 and 103.88586472563787/-0.5442445699574421
2023-09-27T16:51:40.809+02:00 DEBUG 7856 --- [pool-2-thread-1] c.o.tourguide.service.RewardsService     : Checking if the user 42c80bff-40c4-4cfb-bde9-88c1e974cce7 already get close from Franklin Park Zoo
2023-09-27T16:51:40.809+02:00 DEBUG 7856 --- [pool-2-thread-1] c.o.tourguide.service.RewardsService     : Calculate distance between -71.086731/42.302601 and 103.88586472563787/-0.5442445699574421
2023-09-27T16:51:40.809+02:00 DEBUG 7856 --- [pool-2-thread-1] c.o.tourguide.service.RewardsService     : Checking if the user 42c80bff-40c4-4cfb-bde9-88c1e974cce7 already get close from El Paso Zoo
2023-09-27T16:51:40.809+02:00 DEBUG 7856 --- [pool-2-thread-1] c.o.tourguide.service.RewardsService     : Calculate distance between -106.44487/31.769125 and 103.88586472563787/-0.5442445699574421
2023-09-27T16:51:40.809+02:00 DEBUG 7856 --- [pool-2-thread-1] c.o.tourguide.service.RewardsService     : Checking if the user 42c80bff-40c4-4cfb-bde9-88c1e974cce7 already get close from Kansas City Zoo
2023-09-27T16:51:40.809+02:00 DEBUG 7856 --- [pool-2-thread-1] c.o.tourguide.service.RewardsService     : Calculate distance between -94.529625/39.007504 and 103.88586472563787/-0.5442445699574421
2023-09-27T16:51:40.809+02:00 DEBUG 7856 --- [pool-2-thread-1] c.o.tourguide.service.RewardsService     : Checking if the user 42c80bff-40c4-4cfb-bde9-88c1e974cce7 already get close from Bronx Zoo
2023-09-27T16:51:40.809+02:00 DEBUG 7856 --- [pool-2-thread-1] c.o.tourguide.service.RewardsService     : Calculate distance between -73.872971/40.852905 and 103.88586472563787/-0.5442445699574421
2023-09-27T16:51:40.809+02:00 DEBUG 7856 --- [pool-2-thread-1] c.o.tourguide.service.RewardsService     : Checking if the user 42c80bff-40c4-4cfb-bde9-88c1e974cce7 already get close from Cinderella Castle
2023-09-27T16:51:40.809+02:00 DEBUG 7856 --- [pool-2-thread-1] c.o.tourguide.service.RewardsService     : Calculate distance between -81.5812/28.419411 and 103.88586472563787/-0.5442445699574421
2023-09-27T16:51:40.809+02:00 DEBUG 7856 --- [pool-2-thread-1] c.o.tourguide.service.RewardsService     : Checking if the user 42c80bff-40c4-4cfb-bde9-88c1e974cce7 already get close from Disneyland
2023-09-27T16:51:40.809+02:00 DEBUG 7856 --- [pool-2-thread-1] c.o.tourguide.service.RewardsService     : Calculate distance between -117.922008/33.817595 and -103.767666/7.167905
2023-09-27T16:51:40.809+02:00 DEBUG 7856 --- [pool-2-thread-1] c.o.tourguide.service.RewardsService     : Checking if the user 42c80bff-40c4-4cfb-bde9-88c1e974cce7 already get close from Jackson Hole
2023-09-27T16:51:40.809+02:00 DEBUG 7856 --- [pool-2-thread-1] c.o.tourguide.service.RewardsService     : Calculate distance between -110.821999/43.582767 and -103.767666/7.167905
2023-09-27T16:51:40.809+02:00 DEBUG 7856 --- [pool-2-thread-1] c.o.tourguide.service.RewardsService     : Checking if the user 42c80bff-40c4-4cfb-bde9-88c1e974cce7 already get close from Mojave National Preserve
2023-09-27T16:51:40.809+02:00 DEBUG 7856 --- [pool-2-thread-1] c.o.tourguide.service.RewardsService     : Calculate distance between -115.510399/35.141689 and -103.767666/7.167905
2023-09-27T16:51:40.809+02:00 DEBUG 7856 --- [pool-2-thread-1] c.o.tourguide.service.RewardsService     : Checking if the user 42c80bff-40c4-4cfb-bde9-88c1e974cce7 already get close from Joshua Tree National Park
2023-09-27T16:51:40.809+02:00 DEBUG 7856 --- [pool-2-thread-1] c.o.tourguide.service.RewardsService     : Calculate distance between -115.90065/33.881866 and -103.767666/7.167905
2023-09-27T16:51:40.809+02:00 DEBUG 7856 --- [pool-2-thread-1] c.o.tourguide.service.RewardsService     : Checking if the user 42c80bff-40c4-4cfb-bde9-88c1e974cce7 already get close from Buffalo National River
2023-09-27T16:51:40.809+02:00 DEBUG 7856 --- [pool-2-thread-1] c.o.tourguide.service.RewardsService     : Calculate distance between -92.757652/35.985512 and -103.767666/7.167905
2023-09-27T16:51:40.809+02:00 DEBUG 7856 --- [pool-2-thread-1] c.o.tourguide.service.RewardsService     : Checking if the user 42c80bff-40c4-4cfb-bde9-88c1e974cce7 already get close from Hot Springs National Park
2023-09-27T16:51:40.809+02:00 DEBUG 7856 --- [pool-2-thread-1] c.o.tourguide.service.RewardsService     : Calculate distance between -93.042267/34.52153 and -103.767666/7.167905
2023-09-27T16:51:40.809+02:00 DEBUG 7856 --- [pool-2-thread-1] c.o.tourguide.service.RewardsService     : Checking if the user 42c80bff-40c4-4cfb-bde9-88c1e974cce7 already get close from Kartchner Caverns State Park
2023-09-27T16:51:40.809+02:00 DEBUG 7856 --- [pool-2-thread-1] c.o.tourguide.service.RewardsService     : Calculate distance between -110.347382/31.837551 and -103.767666/7.167905
2023-09-27T16:51:40.809+02:00 DEBUG 7856 --- [pool-2-thread-1] c.o.tourguide.service.RewardsService     : Checking if the user 42c80bff-40c4-4cfb-bde9-88c1e974cce7 already get close from Legend Valley
2023-09-27T16:51:40.809+02:00 DEBUG 7856 --- [pool-2-thread-1] c.o.tourguide.service.RewardsService     : Calculate distance between -82.40667/39.937778 and -103.767666/7.167905
2023-09-27T16:51:40.809+02:00 DEBUG 7856 --- [pool-2-thread-1] c.o.tourguide.service.RewardsService     : Checking if the user 42c80bff-40c4-4cfb-bde9-88c1e974cce7 already get close from Flowers Bakery of London
2023-09-27T16:51:40.809+02:00 DEBUG 7856 --- [pool-2-thread-1] c.o.tourguide.service.RewardsService     : Calculate distance between -84.07486/37.131527 and -103.767666/7.167905
2023-09-27T16:51:40.809+02:00 DEBUG 7856 --- [pool-2-thread-1] c.o.tourguide.service.RewardsService     : Checking if the user 42c80bff-40c4-4cfb-bde9-88c1e974cce7 already get close from McKinley Tower
2023-09-27T16:51:40.809+02:00 DEBUG 7856 --- [pool-2-thread-1] c.o.tourguide.service.RewardsService     : Calculate distance between -149.877502/61.218887 and -103.767666/7.167905
2023-09-27T16:51:40.809+02:00 DEBUG 7856 --- [pool-2-thread-1] c.o.tourguide.service.RewardsService     : Checking if the user 42c80bff-40c4-4cfb-bde9-88c1e974cce7 already get close from Flatiron Building
2023-09-27T16:51:40.809+02:00 DEBUG 7856 --- [pool-2-thread-1] c.o.tourguide.service.RewardsService     : Calculate distance between -73.989723/40.741112 and -103.767666/7.167905
2023-09-27T16:51:40.809+02:00 DEBUG 7856 --- [pool-2-thread-1] c.o.tourguide.service.RewardsService     : Checking if the user 42c80bff-40c4-4cfb-bde9-88c1e974cce7 already get close from Fallingwater
2023-09-27T16:51:40.809+02:00 DEBUG 7856 --- [pool-2-thread-1] c.o.tourguide.service.RewardsService     : Calculate distance between -79.468056/39.906113 and -103.767666/7.167905
2023-09-27T16:51:40.809+02:00 DEBUG 7856 --- [pool-2-thread-1] c.o.tourguide.service.RewardsService     : Checking if the user 42c80bff-40c4-4cfb-bde9-88c1e974cce7 already get close from Union Station
2023-09-27T16:51:40.809+02:00 DEBUG 7856 --- [pool-2-thread-1] c.o.tourguide.service.RewardsService     : Calculate distance between -77.006332/38.897095 and -103.767666/7.167905
2023-09-27T16:51:40.809+02:00 DEBUG 7856 --- [pool-2-thread-1] c.o.tourguide.service.RewardsService     : Checking if the user 42c80bff-40c4-4cfb-bde9-88c1e974cce7 already get close from Roger Dean Stadium
2023-09-27T16:51:40.809+02:00 DEBUG 7856 --- [pool-2-thread-1] c.o.tourguide.service.RewardsService     : Calculate distance between -80.116577/26.890959 and -103.767666/7.167905
2023-09-27T16:51:40.809+02:00 DEBUG 7856 --- [pool-2-thread-1] c.o.tourguide.service.RewardsService     : Checking if the user 42c80bff-40c4-4cfb-bde9-88c1e974cce7 already get close from Texas Memorial Stadium
2023-09-27T16:51:40.809+02:00 DEBUG 7856 --- [pool-2-thread-1] c.o.tourguide.service.RewardsService     : Calculate distance between -97.732536/30.283682 and -103.767666/7.167905
2023-09-27T16:51:40.809+02:00 DEBUG 7856 --- [pool-2-thread-1] c.o.tourguide.service.RewardsService     : Checking if the user 42c80bff-40c4-4cfb-bde9-88c1e974cce7 already get close from Bryant-Denny Stadium
2023-09-27T16:51:40.809+02:00 DEBUG 7856 --- [pool-2-thread-1] c.o.tourguide.service.RewardsService     : Calculate distance between -87.550438/33.208973 and -103.767666/7.167905
2023-09-27T16:51:40.809+02:00 DEBUG 7856 --- [pool-2-thread-1] c.o.tourguide.service.RewardsService     : Checking if the user 42c80bff-40c4-4cfb-bde9-88c1e974cce7 already get close from Tiger Stadium
2023-09-27T16:51:40.809+02:00 DEBUG 7856 --- [pool-2-thread-1] c.o.tourguide.service.RewardsService     : Calculate distance between -91.183815/30.412035 and -103.767666/7.167905
2023-09-27T16:51:40.809+02:00 DEBUG 7856 --- [pool-2-thread-1] c.o.tourguide.service.RewardsService     : Checking if the user 42c80bff-40c4-4cfb-bde9-88c1e974cce7 already get close from Neyland Stadium
2023-09-27T16:51:40.809+02:00 DEBUG 7856 --- [pool-2-thread-1] c.o.tourguide.service.RewardsService     : Calculate distance between -83.925011/35.955013 and -103.767666/7.167905
2023-09-27T16:51:40.809+02:00 DEBUG 7856 --- [pool-2-thread-1] c.o.tourguide.service.RewardsService     : Checking if the user 42c80bff-40c4-4cfb-bde9-88c1e974cce7 already get close from Kyle Field
2023-09-27T16:51:40.809+02:00 DEBUG 7856 --- [pool-2-thread-1] c.o.tourguide.service.RewardsService     : Calculate distance between -96.339844/30.61025 and -103.767666/7.167905
2023-09-27T16:51:40.809+02:00 DEBUG 7856 --- [pool-2-thread-1] c.o.tourguide.service.RewardsService     : Checking if the user 42c80bff-40c4-4cfb-bde9-88c1e974cce7 already get close from San Diego Zoo
2023-09-27T16:51:40.809+02:00 DEBUG 7856 --- [pool-2-thread-1] c.o.tourguide.service.RewardsService     : Calculate distance between -117.149048/32.735317 and -103.767666/7.167905
2023-09-27T16:51:40.809+02:00 DEBUG 7856 --- [pool-2-thread-1] c.o.tourguide.service.RewardsService     : Checking if the user 42c80bff-40c4-4cfb-bde9-88c1e974cce7 already get close from Zoo Tampa at Lowry Park
2023-09-27T16:51:40.809+02:00 DEBUG 7856 --- [pool-2-thread-1] c.o.tourguide.service.RewardsService     : Calculate distance between -82.469269/28.012804 and -103.767666/7.167905
2023-09-27T16:51:40.809+02:00 DEBUG 7856 --- [pool-2-thread-1] c.o.tourguide.service.RewardsService     : Checking if the user 42c80bff-40c4-4cfb-bde9-88c1e974cce7 already get close from Franklin Park Zoo
2023-09-27T16:51:40.809+02:00 DEBUG 7856 --- [pool-2-thread-1] c.o.tourguide.service.RewardsService     : Calculate distance between -71.086731/42.302601 and -103.767666/7.167905
2023-09-27T16:51:40.809+02:00 DEBUG 7856 --- [pool-2-thread-1] c.o.tourguide.service.RewardsService     : Checking if the user 42c80bff-40c4-4cfb-bde9-88c1e974cce7 already get close from El Paso Zoo
2023-09-27T16:51:40.809+02:00 DEBUG 7856 --- [pool-2-thread-1] c.o.tourguide.service.RewardsService     : Calculate distance between -106.44487/31.769125 and -103.767666/7.167905
2023-09-27T16:51:40.809+02:00 DEBUG 7856 --- [pool-2-thread-1] c.o.tourguide.service.RewardsService     : Checking if the user 42c80bff-40c4-4cfb-bde9-88c1e974cce7 already get close from Kansas City Zoo
2023-09-27T16:51:40.809+02:00 DEBUG 7856 --- [pool-2-thread-1] c.o.tourguide.service.RewardsService     : Calculate distance between -94.529625/39.007504 and -103.767666/7.167905
2023-09-27T16:51:40.809+02:00 DEBUG 7856 --- [pool-2-thread-1] c.o.tourguide.service.RewardsService     : Checking if the user 42c80bff-40c4-4cfb-bde9-88c1e974cce7 already get close from Bronx Zoo
2023-09-27T16:51:40.809+02:00 DEBUG 7856 --- [pool-2-thread-1] c.o.tourguide.service.RewardsService     : Calculate distance between -73.872971/40.852905 and -103.767666/7.167905
2023-09-27T16:51:40.809+02:00 DEBUG 7856 --- [pool-2-thread-1] c.o.tourguide.service.RewardsService     : Checking if the user 42c80bff-40c4-4cfb-bde9-88c1e974cce7 already get close from Cinderella Castle
2023-09-27T16:51:40.809+02:00 DEBUG 7856 --- [pool-2-thread-1] c.o.tourguide.service.RewardsService     : Calculate distance between -81.5812/28.419411 and -103.767666/7.167905
2023-09-27T16:51:40.809+02:00 DEBUG 7856 --- [pool-2-thread-1] c.o.tourguide.service.RewardsService     : Checking if the user 42c80bff-40c4-4cfb-bde9-88c1e974cce7 already get close from Disneyland
2023-09-27T16:51:40.809+02:00 DEBUG 7856 --- [pool-2-thread-1] c.o.tourguide.service.RewardsService     : Calculate distance between -117.922008/33.817595 and -2.195719/-71.918103
2023-09-27T16:51:40.809+02:00 DEBUG 7856 --- [pool-2-thread-1] c.o.tourguide.service.RewardsService     : Checking if the user 42c80bff-40c4-4cfb-bde9-88c1e974cce7 already get close from Jackson Hole
2023-09-27T16:51:40.809+02:00 DEBUG 7856 --- [pool-2-thread-1] c.o.tourguide.service.RewardsService     : Calculate distance between -110.821999/43.582767 and -2.195719/-71.918103
2023-09-27T16:51:40.810+02:00 DEBUG 7856 --- [pool-2-thread-1] c.o.tourguide.service.RewardsService     : Checking if the user 42c80bff-40c4-4cfb-bde9-88c1e974cce7 already get close from Mojave National Preserve
2023-09-27T16:51:40.810+02:00 DEBUG 7856 --- [pool-2-thread-1] c.o.tourguide.service.RewardsService     : Calculate distance between -115.510399/35.141689 and -2.195719/-71.918103
2023-09-27T16:51:40.810+02:00 DEBUG 7856 --- [pool-2-thread-1] c.o.tourguide.service.RewardsService     : Checking if the user 42c80bff-40c4-4cfb-bde9-88c1e974cce7 already get close from Joshua Tree National Park
2023-09-27T16:51:40.810+02:00 DEBUG 7856 --- [pool-2-thread-1] c.o.tourguide.service.RewardsService     : Calculate distance between -115.90065/33.881866 and -2.195719/-71.918103
2023-09-27T16:51:40.810+02:00 DEBUG 7856 --- [pool-2-thread-1] c.o.tourguide.service.RewardsService     : Checking if the user 42c80bff-40c4-4cfb-bde9-88c1e974cce7 already get close from Buffalo National River
2023-09-27T16:51:40.810+02:00 DEBUG 7856 --- [pool-2-thread-1] c.o.tourguide.service.RewardsService     : Calculate distance between -92.757652/35.985512 and -2.195719/-71.918103
2023-09-27T16:51:40.810+02:00 DEBUG 7856 --- [pool-2-thread-1] c.o.tourguide.service.RewardsService     : Checking if the user 42c80bff-40c4-4cfb-bde9-88c1e974cce7 already get close from Hot Springs National Park
2023-09-27T16:51:40.810+02:00 DEBUG 7856 --- [pool-2-thread-1] c.o.tourguide.service.RewardsService     : Calculate distance between -93.042267/34.52153 and -2.195719/-71.918103
2023-09-27T16:51:40.810+02:00 DEBUG 7856 --- [pool-2-thread-1] c.o.tourguide.service.RewardsService     : Checking if the user 42c80bff-40c4-4cfb-bde9-88c1e974cce7 already get close from Kartchner Caverns State Park
2023-09-27T16:51:40.810+02:00 DEBUG 7856 --- [pool-2-thread-1] c.o.tourguide.service.RewardsService     : Calculate distance between -110.347382/31.837551 and -2.195719/-71.918103
2023-09-27T16:51:40.810+02:00 DEBUG 7856 --- [pool-2-thread-1] c.o.tourguide.service.RewardsService     : Checking if the user 42c80bff-40c4-4cfb-bde9-88c1e974cce7 already get close from Legend Valley
2023-09-27T16:51:40.810+02:00 DEBUG 7856 --- [pool-2-thread-1] c.o.tourguide.service.RewardsService     : Calculate distance between -82.40667/39.937778 and -2.195719/-71.918103
2023-09-27T16:51:40.810+02:00 DEBUG 7856 --- [pool-2-thread-1] c.o.tourguide.service.RewardsService     : Checking if the user 42c80bff-40c4-4cfb-bde9-88c1e974cce7 already get close from Flowers Bakery of London
2023-09-27T16:51:40.810+02:00 DEBUG 7856 --- [pool-2-thread-1] c.o.tourguide.service.RewardsService     : Calculate distance between -84.07486/37.131527 and -2.195719/-71.918103
2023-09-27T16:51:40.810+02:00 DEBUG 7856 --- [pool-2-thread-1] c.o.tourguide.service.RewardsService     : Checking if the user 42c80bff-40c4-4cfb-bde9-88c1e974cce7 already get close from McKinley Tower
2023-09-27T16:51:40.810+02:00 DEBUG 7856 --- [pool-2-thread-1] c.o.tourguide.service.RewardsService     : Calculate distance between -149.877502/61.218887 and -2.195719/-71.918103
2023-09-27T16:51:40.810+02:00 DEBUG 7856 --- [pool-2-thread-1] c.o.tourguide.service.RewardsService     : Checking if the user 42c80bff-40c4-4cfb-bde9-88c1e974cce7 already get close from Flatiron Building
2023-09-27T16:51:40.810+02:00 DEBUG 7856 --- [pool-2-thread-1] c.o.tourguide.service.RewardsService     : Calculate distance between -73.989723/40.741112 and -2.195719/-71.918103
2023-09-27T16:51:40.810+02:00 DEBUG 7856 --- [pool-2-thread-1] c.o.tourguide.service.RewardsService     : Checking if the user 42c80bff-40c4-4cfb-bde9-88c1e974cce7 already get close from Fallingwater
2023-09-27T16:51:40.810+02:00 DEBUG 7856 --- [pool-2-thread-1] c.o.tourguide.service.RewardsService     : Calculate distance between -79.468056/39.906113 and -2.195719/-71.918103
2023-09-27T16:51:40.810+02:00 DEBUG 7856 --- [pool-2-thread-1] c.o.tourguide.service.RewardsService     : Checking if the user 42c80bff-40c4-4cfb-bde9-88c1e974cce7 already get close from Union Station
2023-09-27T16:51:40.810+02:00 DEBUG 7856 --- [pool-2-thread-1] c.o.tourguide.service.RewardsService     : Calculate distance between -77.006332/38.897095 and -2.195719/-71.918103
2023-09-27T16:51:40.810+02:00 DEBUG 7856 --- [pool-2-thread-1] c.o.tourguide.service.RewardsService     : Checking if the user 42c80bff-40c4-4cfb-bde9-88c1e974cce7 already get close from Roger Dean Stadium
2023-09-27T16:51:40.810+02:00 DEBUG 7856 --- [pool-2-thread-1] c.o.tourguide.service.RewardsService     : Calculate distance between -80.116577/26.890959 and -2.195719/-71.918103
2023-09-27T16:51:40.810+02:00 DEBUG 7856 --- [pool-2-thread-1] c.o.tourguide.service.RewardsService     : Checking if the user 42c80bff-40c4-4cfb-bde9-88c1e974cce7 already get close from Texas Memorial Stadium
2023-09-27T16:51:40.810+02:00 DEBUG 7856 --- [pool-2-thread-1] c.o.tourguide.service.RewardsService     : Calculate distance between -97.732536/30.283682 and -2.195719/-71.918103
2023-09-27T16:51:40.810+02:00 DEBUG 7856 --- [pool-2-thread-1] c.o.tourguide.service.RewardsService     : Checking if the user 42c80bff-40c4-4cfb-bde9-88c1e974cce7 already get close from Bryant-Denny Stadium
2023-09-27T16:51:40.810+02:00 DEBUG 7856 --- [pool-2-thread-1] c.o.tourguide.service.RewardsService     : Calculate distance between -87.550438/33.208973 and -2.195719/-71.918103
2023-09-27T16:51:40.810+02:00 DEBUG 7856 --- [pool-2-thread-1] c.o.tourguide.service.RewardsService     : Checking if the user 42c80bff-40c4-4cfb-bde9-88c1e974cce7 already get close from Tiger Stadium
2023-09-27T16:51:40.810+02:00 DEBUG 7856 --- [pool-2-thread-1] c.o.tourguide.service.RewardsService     : Calculate distance between -91.183815/30.412035 and -2.195719/-71.918103
2023-09-27T16:51:40.810+02:00 DEBUG 7856 --- [pool-2-thread-1] c.o.tourguide.service.RewardsService     : Checking if the user 42c80bff-40c4-4cfb-bde9-88c1e974cce7 already get close from Neyland Stadium
2023-09-27T16:51:40.810+02:00 DEBUG 7856 --- [pool-2-thread-1] c.o.tourguide.service.RewardsService     : Calculate distance between -83.925011/35.955013 and -2.195719/-71.918103
2023-09-27T16:51:40.810+02:00 DEBUG 7856 --- [pool-2-thread-1] c.o.tourguide.service.RewardsService     : Checking if the user 42c80bff-40c4-4cfb-bde9-88c1e974cce7 already get close from Kyle Field
2023-09-27T16:51:40.810+02:00 DEBUG 7856 --- [pool-2-thread-1] c.o.tourguide.service.RewardsService     : Calculate distance between -96.339844/30.61025 and -2.195719/-71.918103
2023-09-27T16:51:40.810+02:00 DEBUG 7856 --- [pool-2-thread-1] c.o.tourguide.service.RewardsService     : Checking if the user 42c80bff-40c4-4cfb-bde9-88c1e974cce7 already get close from San Diego Zoo
2023-09-27T16:51:40.810+02:00 DEBUG 7856 --- [pool-2-thread-1] c.o.tourguide.service.RewardsService     : Calculate distance between -117.149048/32.735317 and -2.195719/-71.918103
2023-09-27T16:51:40.810+02:00 DEBUG 7856 --- [pool-2-thread-1] c.o.tourguide.service.RewardsService     : Checking if the user 42c80bff-40c4-4cfb-bde9-88c1e974cce7 already get close from Zoo Tampa at Lowry Park
2023-09-27T16:51:40.810+02:00 DEBUG 7856 --- [pool-2-thread-1] c.o.tourguide.service.RewardsService     : Calculate distance between -82.469269/28.012804 and -2.195719/-71.918103
2023-09-27T16:51:40.810+02:00 DEBUG 7856 --- [pool-2-thread-1] c.o.tourguide.service.RewardsService     : Checking if the user 42c80bff-40c4-4cfb-bde9-88c1e974cce7 already get close from Franklin Park Zoo
2023-09-27T16:51:40.810+02:00 DEBUG 7856 --- [pool-2-thread-1] c.o.tourguide.service.RewardsService     : Calculate distance between -71.086731/42.302601 and -2.195719/-71.918103
2023-09-27T16:51:40.810+02:00 DEBUG 7856 --- [pool-2-thread-1] c.o.tourguide.service.RewardsService     : Checking if the user 42c80bff-40c4-4cfb-bde9-88c1e974cce7 already get close from El Paso Zoo
2023-09-27T16:51:40.810+02:00 DEBUG 7856 --- [pool-2-thread-1] c.o.tourguide.service.RewardsService     : Calculate distance between -106.44487/31.769125 and -2.195719/-71.918103
2023-09-27T16:51:40.810+02:00 DEBUG 7856 --- [pool-2-thread-1] c.o.tourguide.service.RewardsService     : Checking if the user 42c80bff-40c4-4cfb-bde9-88c1e974cce7 already get close from Kansas City Zoo
2023-09-27T16:51:40.810+02:00 DEBUG 7856 --- [pool-2-thread-1] c.o.tourguide.service.RewardsService     : Calculate distance between -94.529625/39.007504 and -2.195719/-71.918103
2023-09-27T16:51:40.810+02:00 DEBUG 7856 --- [pool-2-thread-1] c.o.tourguide.service.RewardsService     : Checking if the user 42c80bff-40c4-4cfb-bde9-88c1e974cce7 already get close from Bronx Zoo
2023-09-27T16:51:40.810+02:00 DEBUG 7856 --- [pool-2-thread-1] c.o.tourguide.service.RewardsService     : Calculate distance between -73.872971/40.852905 and -2.195719/-71.918103
2023-09-27T16:51:40.810+02:00 DEBUG 7856 --- [pool-2-thread-1] c.o.tourguide.service.RewardsService     : Checking if the user 42c80bff-40c4-4cfb-bde9-88c1e974cce7 already get close from Cinderella Castle
2023-09-27T16:51:40.810+02:00 DEBUG 7856 --- [pool-2-thread-1] c.o.tourguide.service.RewardsService     : Calculate distance between -81.5812/28.419411 and -2.195719/-71.918103
2023-09-27T16:51:40.810+02:00 DEBUG 7856 --- [pool-2-thread-1] c.o.tourguide.service.RewardsService     : Trying to add 0 rewards
2023-09-27T16:51:40.864+02:00  INFO 7856 --- [           main] c.o.tourguide.service.TourGuideService   : TestMode enabled
2023-09-27T16:51:40.864+02:00 DEBUG 7856 --- [           main] c.o.tourguide.service.TourGuideService   : Initializing users
2023-09-27T16:51:40.864+02:00 DEBUG 7856 --- [           main] c.o.tourguide.service.TourGuideService   : Created 0 internal test users.
2023-09-27T16:51:40.864+02:00 DEBUG 7856 --- [           main] c.o.tourguide.service.TourGuideService   : Finished initializing users
2023-09-27T16:51:40.864+02:00  INFO 7856 --- [ool-11-thread-1] c.o.tourguide.tracker.Tracker            : Begin Tracker. Tracking 0 users.
2023-09-27T16:51:40.865+02:00  INFO 7856 --- [ool-11-thread-1] c.o.tourguide.tracker.Tracker            : Tracker Time Elapsed: 0 seconds.
2023-09-27T16:51:40.865+02:00  INFO 7856 --- [ool-11-thread-1] c.o.tourguide.tracker.Tracker            : Tracker sleeping
2023-09-27T16:51:40.882+02:00  INFO 7856 --- [pool-2-thread-1] c.o.tourguide.service.TourGuideService   : Adding the current location to the user internalUser5153
2023-09-27T16:51:40.882+02:00 DEBUG 7856 --- [pool-2-thread-1] c.o.tourguide.service.RewardsService     : calculate reward for internalUser5153 on his 5 known locations
2023-09-27T16:51:40.895+02:00 DEBUG 7856 --- [pool-2-thread-1] c.o.tourguide.service.RewardsService     : Checking if the user 4cf1a3f3-d379-4809-8547-6228a63249da already get close from Disneyland
2023-09-27T16:51:40.895+02:00 DEBUG 7856 --- [pool-2-thread-1] c.o.tourguide.service.RewardsService     : Calculate distance between -117.922008/33.817595 and -67.76441238783406/2.565126340540033
2023-09-27T16:51:40.895+02:00 DEBUG 7856 --- [pool-2-thread-1] c.o.tourguide.service.RewardsService     : Checking if the user 4cf1a3f3-d379-4809-8547-6228a63249da already get close from Jackson Hole
2023-09-27T16:51:40.895+02:00 DEBUG 7856 --- [pool-2-thread-1] c.o.tourguide.service.RewardsService     : Calculate distance between -110.821999/43.582767 and -67.76441238783406/2.565126340540033
2023-09-27T16:51:40.895+02:00 DEBUG 7856 --- [pool-2-thread-1] c.o.tourguide.service.RewardsService     : Checking if the user 4cf1a3f3-d379-4809-8547-6228a63249da already get close from Mojave National Preserve
2023-09-27T16:51:40.895+02:00 DEBUG 7856 --- [pool-2-thread-1] c.o.tourguide.service.RewardsService     : Calculate distance between -115.510399/35.141689 and -67.76441238783406/2.565126340540033
2023-09-27T16:51:40.895+02:00 DEBUG 7856 --- [pool-2-thread-1] c.o.tourguide.service.RewardsService     : Checking if the user 4cf1a3f3-d379-4809-8547-6228a63249da already get close from Joshua Tree National Park
2023-09-27T16:51:40.895+02:00 DEBUG 7856 --- [pool-2-thread-1] c.o.tourguide.service.RewardsService     : Calculate distance between -115.90065/33.881866 and -67.76441238783406/2.565126340540033
2023-09-27T16:51:40.895+02:00 DEBUG 7856 --- [pool-2-thread-1] c.o.tourguide.service.RewardsService     : Checking if the user 4cf1a3f3-d379-4809-8547-6228a63249da already get close from Buffalo National River
2023-09-27T16:51:40.895+02:00 DEBUG 7856 --- [pool-2-thread-1] c.o.tourguide.service.RewardsService     : Calculate distance between -92.757652/35.985512 and -67.76441238783406/2.565126340540033
2023-09-27T16:51:40.895+02:00 DEBUG 7856 --- [pool-2-thread-1] c.o.tourguide.service.RewardsService     : Checking if the user 4cf1a3f3-d379-4809-8547-6228a63249da already get close from Hot Springs National Park
2023-09-27T16:51:40.895+02:00 DEBUG 7856 --- [pool-2-thread-1] c.o.tourguide.service.RewardsService     : Calculate distance between -93.042267/34.52153 and -67.76441238783406/2.565126340540033
2023-09-27T16:51:40.895+02:00 DEBUG 7856 --- [pool-2-thread-1] c.o.tourguide.service.RewardsService     : Checking if the user 4cf1a3f3-d379-4809-8547-6228a63249da already get close from Kartchner Caverns State Park
2023-09-27T16:51:40.895+02:00 DEBUG 7856 --- [pool-2-thread-1] c.o.tourguide.service.RewardsService     : Calculate distance between -110.347382/31.837551 and -67.76441238783406/2.565126340540033
2023-09-27T16:51:40.895+02:00 DEBUG 7856 --- [pool-2-thread-1] c.o.tourguide.service.RewardsService     : Checking if the user 4cf1a3f3-d379-4809-8547-6228a63249da already get close from Legend Valley
2023-09-27T16:51:40.895+02:00 DEBUG 7856 --- [pool-2-thread-1] c.o.tourguide.service.RewardsService     : Calculate distance between -82.40667/39.937778 and -67.76441238783406/2.565126340540033
2023-09-27T16:51:40.895+02:00 DEBUG 7856 --- [pool-2-thread-1] c.o.tourguide.service.RewardsService     : Checking if the user 4cf1a3f3-d379-4809-8547-6228a63249da already get close from Flowers Bakery of London
2023-09-27T16:51:40.895+02:00 DEBUG 7856 --- [pool-2-thread-1] c.o.tourguide.service.RewardsService     : Calculate distance between -84.07486/37.131527 and -67.76441238783406/2.565126340540033
2023-09-27T16:51:40.895+02:00 DEBUG 7856 --- [pool-2-thread-1] c.o.tourguide.service.RewardsService     : Checking if the user 4cf1a3f3-d379-4809-8547-6228a63249da already get close from McKinley Tower
2023-09-27T16:51:40.895+02:00 DEBUG 7856 --- [pool-2-thread-1] c.o.tourguide.service.RewardsService     : Calculate distance between -149.877502/61.218887 and -67.76441238783406/2.565126340540033
2023-09-27T16:51:40.895+02:00 DEBUG 7856 --- [pool-2-thread-1] c.o.tourguide.service.RewardsService     : Checking if the user 4cf1a3f3-d379-4809-8547-6228a63249da already get close from Flatiron Building
2023-09-27T16:51:40.895+02:00 DEBUG 7856 --- [pool-2-thread-1] c.o.tourguide.service.RewardsService     : Calculate distance between -73.989723/40.741112 and -67.76441238783406/2.565126340540033
2023-09-27T16:51:40.895+02:00 DEBUG 7856 --- [pool-2-thread-1] c.o.tourguide.service.RewardsService     : Checking if the user 4cf1a3f3-d379-4809-8547-6228a63249da already get close from Fallingwater
2023-09-27T16:51:40.895+02:00 DEBUG 7856 --- [pool-2-thread-1] c.o.tourguide.service.RewardsService     : Calculate distance between -79.468056/39.906113 and -67.76441238783406/2.565126340540033
2023-09-27T16:51:40.895+02:00 DEBUG 7856 --- [pool-2-thread-1] c.o.tourguide.service.RewardsService     : Checking if the user 4cf1a3f3-d379-4809-8547-6228a63249da already get close from Union Station
2023-09-27T16:51:40.895+02:00 DEBUG 7856 --- [pool-2-thread-1] c.o.tourguide.service.RewardsService     : Calculate distance between -77.006332/38.897095 and -67.76441238783406/2.565126340540033
2023-09-27T16:51:40.895+02:00 DEBUG 7856 --- [pool-2-thread-1] c.o.tourguide.service.RewardsService     : Checking if the user 4cf1a3f3-d379-4809-8547-6228a63249da already get close from Roger Dean Stadium
2023-09-27T16:51:40.895+02:00 DEBUG 7856 --- [pool-2-thread-1] c.o.tourguide.service.RewardsService     : Calculate distance between -80.116577/26.890959 and -67.76441238783406/2.565126340540033
2023-09-27T16:51:40.895+02:00 DEBUG 7856 --- [pool-2-thread-1] c.o.tourguide.service.RewardsService     : Checking if the user 4cf1a3f3-d379-4809-8547-6228a63249da already get close from Texas Memorial Stadium
2023-09-27T16:51:40.895+02:00 DEBUG 7856 --- [pool-2-thread-1] c.o.tourguide.service.RewardsService     : Calculate distance between -97.732536/30.283682 and -67.76441238783406/2.565126340540033
2023-09-27T16:51:40.895+02:00 DEBUG 7856 --- [pool-2-thread-1] c.o.tourguide.service.RewardsService     : Checking if the user 4cf1a3f3-d379-4809-8547-6228a63249da already get close from Bryant-Denny Stadium
2023-09-27T16:51:40.895+02:00 DEBUG 7856 --- [pool-2-thread-1] c.o.tourguide.service.RewardsService     : Calculate distance between -87.550438/33.208973 and -67.76441238783406/2.565126340540033
2023-09-27T16:51:40.895+02:00 DEBUG 7856 --- [pool-2-thread-1] c.o.tourguide.service.RewardsService     : Checking if the user 4cf1a3f3-d379-4809-8547-6228a63249da already get close from Tiger Stadium
2023-09-27T16:51:40.895+02:00 DEBUG 7856 --- [pool-2-thread-1] c.o.tourguide.service.RewardsService     : Calculate distance between -91.183815/30.412035 and -67.76441238783406/2.565126340540033
2023-09-27T16:51:40.895+02:00 DEBUG 7856 --- [pool-2-thread-1] c.o.tourguide.service.RewardsService     : Checking if the user 4cf1a3f3-d379-4809-8547-6228a63249da already get close from Neyland Stadium
2023-09-27T16:51:40.895+02:00 DEBUG 7856 --- [pool-2-thread-1] c.o.tourguide.service.RewardsService     : Calculate distance between -83.925011/35.955013 and -67.76441238783406/2.565126340540033
2023-09-27T16:51:40.895+02:00 DEBUG 7856 --- [pool-2-thread-1] c.o.tourguide.service.RewardsService     : Checking if the user 4cf1a3f3-d379-4809-8547-6228a63249da already get close from Kyle Field
2023-09-27T16:51:40.895+02:00 DEBUG 7856 --- [pool-2-thread-1] c.o.tourguide.service.RewardsService     : Calculate distance between -96.339844/30.61025 and -67.76441238783406/2.565126340540033
2023-09-27T16:51:40.895+02:00 DEBUG 7856 --- [pool-2-thread-1] c.o.tourguide.service.RewardsService     : Checking if the user 4cf1a3f3-d379-4809-8547-6228a63249da already get close from San Diego Zoo
2023-09-27T16:51:40.895+02:00 DEBUG 7856 --- [pool-2-thread-1] c.o.tourguide.service.RewardsService     : Calculate distance between -117.149048/32.735317 and -67.76441238783406/2.565126340540033
2023-09-27T16:51:40.895+02:00 DEBUG 7856 --- [pool-2-thread-1] c.o.tourguide.service.RewardsService     : Checking if the user 4cf1a3f3-d379-4809-8547-6228a63249da already get close from Zoo Tampa at Lowry Park
2023-09-27T16:51:40.895+02:00 DEBUG 7856 --- [pool-2-thread-1] c.o.tourguide.service.RewardsService     : Calculate distance between -82.469269/28.012804 and -67.76441238783406/2.565126340540033
2023-09-27T16:51:40.895+02:00 DEBUG 7856 --- [pool-2-thread-1] c.o.tourguide.service.RewardsService     : Checking if the user 4cf1a3f3-d379-4809-8547-6228a63249da already get close from Franklin Park Zoo
2023-09-27T16:51:40.895+02:00 DEBUG 7856 --- [pool-2-thread-1] c.o.tourguide.service.RewardsService     : Calculate distance between -71.086731/42.302601 and -67.76441238783406/2.565126340540033
2023-09-27T16:51:40.895+02:00 DEBUG 7856 --- [pool-2-thread-1] c.o.tourguide.service.RewardsService     : Checking if the user 4cf1a3f3-d379-4809-8547-6228a63249da already get close from El Paso Zoo
2023-09-27T16:51:40.895+02:00 DEBUG 7856 --- [pool-2-thread-1] c.o.tourguide.service.RewardsService     : Calculate distance between -106.44487/31.769125 and -67.76441238783406/2.565126340540033
2023-09-27T16:51:40.895+02:00 DEBUG 7856 --- [pool-2-thread-1] c.o.tourguide.service.RewardsService     : Checking if the user 4cf1a3f3-d379-4809-8547-6228a63249da already get close from Kansas City Zoo
2023-09-27T16:51:40.895+02:00 DEBUG 7856 --- [pool-2-thread-1] c.o.tourguide.service.RewardsService     : Calculate distance between -94.529625/39.007504 and -67.76441238783406/2.565126340540033
2023-09-27T16:51:40.895+02:00 DEBUG 7856 --- [pool-2-thread-1] c.o.tourguide.service.RewardsService     : Checking if the user 4cf1a3f3-d379-4809-8547-6228a63249da already get close from Bronx Zoo
2023-09-27T16:51:40.895+02:00 DEBUG 7856 --- [pool-2-thread-1] c.o.tourguide.service.RewardsService     : Calculate distance between -73.872971/40.852905 and -67.76441238783406/2.565126340540033
2023-09-27T16:51:40.895+02:00 DEBUG 7856 --- [pool-2-thread-1] c.o.tourguide.service.RewardsService     : Checking if the user 4cf1a3f3-d379-4809-8547-6228a63249da already get close from Cinderella Castle
2023-09-27T16:51:40.895+02:00 DEBUG 7856 --- [pool-2-thread-1] c.o.tourguide.service.RewardsService     : Calculate distance between -81.5812/28.419411 and -67.76441238783406/2.565126340540033
2023-09-27T16:51:40.895+02:00 DEBUG 7856 --- [pool-2-thread-1] c.o.tourguide.service.RewardsService     : Checking if the user 4cf1a3f3-d379-4809-8547-6228a63249da already get close from Disneyland
2023-09-27T16:51:40.895+02:00 DEBUG 7856 --- [pool-2-thread-1] c.o.tourguide.service.RewardsService     : Calculate distance between -117.922008/33.817595 and -120.91806775814456/52.91678584684834
2023-09-27T16:51:40.895+02:00 DEBUG 7856 --- [pool-2-thread-1] c.o.tourguide.service.RewardsService     : Checking if the user 4cf1a3f3-d379-4809-8547-6228a63249da already get close from Jackson Hole
2023-09-27T16:51:40.895+02:00 DEBUG 7856 --- [pool-2-thread-1] c.o.tourguide.service.RewardsService     : Calculate distance between -110.821999/43.582767 and -120.91806775814456/52.91678584684834
2023-09-27T16:51:40.895+02:00 DEBUG 7856 --- [pool-2-thread-1] c.o.tourguide.service.RewardsService     : Checking if the user 4cf1a3f3-d379-4809-8547-6228a63249da already get close from Mojave National Preserve
2023-09-27T16:51:40.895+02:00 DEBUG 7856 --- [pool-2-thread-1] c.o.tourguide.service.RewardsService     : Calculate distance between -115.510399/35.141689 and -120.91806775814456/52.91678584684834
2023-09-27T16:51:40.895+02:00 DEBUG 7856 --- [pool-2-thread-1] c.o.tourguide.service.RewardsService     : Checking if the user 4cf1a3f3-d379-4809-8547-6228a63249da already get close from Joshua Tree National Park
2023-09-27T16:51:40.895+02:00 DEBUG 7856 --- [pool-2-thread-1] c.o.tourguide.service.RewardsService     : Calculate distance between -115.90065/33.881866 and -120.91806775814456/52.91678584684834
2023-09-27T16:51:40.895+02:00 DEBUG 7856 --- [pool-2-thread-1] c.o.tourguide.service.RewardsService     : Checking if the user 4cf1a3f3-d379-4809-8547-6228a63249da already get close from Buffalo National River
2023-09-27T16:51:40.895+02:00 DEBUG 7856 --- [pool-2-thread-1] c.o.tourguide.service.RewardsService     : Calculate distance between -92.757652/35.985512 and -120.91806775814456/52.91678584684834
2023-09-27T16:51:40.895+02:00 DEBUG 7856 --- [pool-2-thread-1] c.o.tourguide.service.RewardsService     : Checking if the user 4cf1a3f3-d379-4809-8547-6228a63249da already get close from Hot Springs National Park
2023-09-27T16:51:40.895+02:00 DEBUG 7856 --- [pool-2-thread-1] c.o.tourguide.service.RewardsService     : Calculate distance between -93.042267/34.52153 and -120.91806775814456/52.91678584684834
2023-09-27T16:51:40.895+02:00 DEBUG 7856 --- [pool-2-thread-1] c.o.tourguide.service.RewardsService     : Checking if the user 4cf1a3f3-d379-4809-8547-6228a63249da already get close from Kartchner Caverns State Park
2023-09-27T16:51:40.895+02:00 DEBUG 7856 --- [pool-2-thread-1] c.o.tourguide.service.RewardsService     : Calculate distance between -110.347382/31.837551 and -120.91806775814456/52.91678584684834
2023-09-27T16:51:40.895+02:00 DEBUG 7856 --- [pool-2-thread-1] c.o.tourguide.service.RewardsService     : Checking if the user 4cf1a3f3-d379-4809-8547-6228a63249da already get close from Legend Valley
2023-09-27T16:51:40.895+02:00 DEBUG 7856 --- [pool-2-thread-1] c.o.tourguide.service.RewardsService     : Calculate distance between -82.40667/39.937778 and -120.91806775814456/52.91678584684834
2023-09-27T16:51:40.895+02:00 DEBUG 7856 --- [pool-2-thread-1] c.o.tourguide.service.RewardsService     : Checking if the user 4cf1a3f3-d379-4809-8547-6228a63249da already get close from Flowers Bakery of London
2023-09-27T16:51:40.895+02:00 DEBUG 7856 --- [pool-2-thread-1] c.o.tourguide.service.RewardsService     : Calculate distance between -84.07486/37.131527 and -120.91806775814456/52.91678584684834
2023-09-27T16:51:40.895+02:00 DEBUG 7856 --- [pool-2-thread-1] c.o.tourguide.service.RewardsService     : Checking if the user 4cf1a3f3-d379-4809-8547-6228a63249da already get close from McKinley Tower
2023-09-27T16:51:40.895+02:00 DEBUG 7856 --- [pool-2-thread-1] c.o.tourguide.service.RewardsService     : Calculate distance between -149.877502/61.218887 and -120.91806775814456/52.91678584684834
2023-09-27T16:51:40.895+02:00 DEBUG 7856 --- [pool-2-thread-1] c.o.tourguide.service.RewardsService     : Checking if the user 4cf1a3f3-d379-4809-8547-6228a63249da already get close from Flatiron Building
2023-09-27T16:51:40.895+02:00 DEBUG 7856 --- [pool-2-thread-1] c.o.tourguide.service.RewardsService     : Calculate distance between -73.989723/40.741112 and -120.91806775814456/52.91678584684834
2023-09-27T16:51:40.895+02:00 DEBUG 7856 --- [pool-2-thread-1] c.o.tourguide.service.RewardsService     : Checking if the user 4cf1a3f3-d379-4809-8547-6228a63249da already get close from Fallingwater
2023-09-27T16:51:40.895+02:00 DEBUG 7856 --- [pool-2-thread-1] c.o.tourguide.service.RewardsService     : Calculate distance between -79.468056/39.906113 and -120.91806775814456/52.91678584684834
2023-09-27T16:51:40.895+02:00 DEBUG 7856 --- [pool-2-thread-1] c.o.tourguide.service.RewardsService     : Checking if the user 4cf1a3f3-d379-4809-8547-6228a63249da already get close from Union Station
2023-09-27T16:51:40.895+02:00 DEBUG 7856 --- [pool-2-thread-1] c.o.tourguide.service.RewardsService     : Calculate distance between -77.006332/38.897095 and -120.91806775814456/52.91678584684834
2023-09-27T16:51:40.895+02:00 DEBUG 7856 --- [pool-2-thread-1] c.o.tourguide.service.RewardsService     : Checking if the user 4cf1a3f3-d379-4809-8547-6228a63249da already get close from Roger Dean Stadium
2023-09-27T16:51:40.895+02:00 DEBUG 7856 --- [pool-2-thread-1] c.o.tourguide.service.RewardsService     : Calculate distance between -80.116577/26.890959 and -120.91806775814456/52.91678584684834
2023-09-27T16:51:40.895+02:00 DEBUG 7856 --- [pool-2-thread-1] c.o.tourguide.service.RewardsService     : Checking if the user 4cf1a3f3-d379-4809-8547-6228a63249da already get close from Texas Memorial Stadium
2023-09-27T16:51:40.895+02:00 DEBUG 7856 --- [pool-2-thread-1] c.o.tourguide.service.RewardsService     : Calculate distance between -97.732536/30.283682 and -120.91806775814456/52.91678584684834
2023-09-27T16:51:40.895+02:00 DEBUG 7856 --- [pool-2-thread-1] c.o.tourguide.service.RewardsService     : Checking if the user 4cf1a3f3-d379-4809-8547-6228a63249da already get close from Bryant-Denny Stadium
2023-09-27T16:51:40.895+02:00 DEBUG 7856 --- [pool-2-thread-1] c.o.tourguide.service.RewardsService     : Calculate distance between -87.550438/33.208973 and -120.91806775814456/52.91678584684834
2023-09-27T16:51:40.895+02:00 DEBUG 7856 --- [pool-2-thread-1] c.o.tourguide.service.RewardsService     : Checking if the user 4cf1a3f3-d379-4809-8547-6228a63249da already get close from Tiger Stadium
2023-09-27T16:51:40.895+02:00 DEBUG 7856 --- [pool-2-thread-1] c.o.tourguide.service.RewardsService     : Calculate distance between -91.183815/30.412035 and -120.91806775814456/52.91678584684834
2023-09-27T16:51:40.895+02:00 DEBUG 7856 --- [pool-2-thread-1] c.o.tourguide.service.RewardsService     : Checking if the user 4cf1a3f3-d379-4809-8547-6228a63249da already get close from Neyland Stadium
2023-09-27T16:51:40.895+02:00 DEBUG 7856 --- [pool-2-thread-1] c.o.tourguide.service.RewardsService     : Calculate distance between -83.925011/35.955013 and -120.91806775814456/52.91678584684834
2023-09-27T16:51:40.895+02:00 DEBUG 7856 --- [pool-2-thread-1] c.o.tourguide.service.RewardsService     : Checking if the user 4cf1a3f3-d379-4809-8547-6228a63249da already get close from Kyle Field
2023-09-27T16:51:40.895+02:00 DEBUG 7856 --- [pool-2-thread-1] c.o.tourguide.service.RewardsService     : Calculate distance between -96.339844/30.61025 and -120.91806775814456/52.91678584684834
2023-09-27T16:51:40.895+02:00 DEBUG 7856 --- [pool-2-thread-1] c.o.tourguide.service.RewardsService     : Checking if the user 4cf1a3f3-d379-4809-8547-6228a63249da already get close from San Diego Zoo
2023-09-27T16:51:40.895+02:00 DEBUG 7856 --- [pool-2-thread-1] c.o.tourguide.service.RewardsService     : Calculate distance between -117.149048/32.735317 and -120.91806775814456/52.91678584684834
2023-09-27T16:51:40.895+02:00 DEBUG 7856 --- [pool-2-thread-1] c.o.tourguide.service.RewardsService     : Checking if the user 4cf1a3f3-d379-4809-8547-6228a63249da already get close from Zoo Tampa at Lowry Park
2023-09-27T16:51:40.895+02:00 DEBUG 7856 --- [pool-2-thread-1] c.o.tourguide.service.RewardsService     : Calculate distance between -82.469269/28.012804 and -120.91806775814456/52.91678584684834
2023-09-27T16:51:40.895+02:00 DEBUG 7856 --- [pool-2-thread-1] c.o.tourguide.service.RewardsService     : Checking if the user 4cf1a3f3-d379-4809-8547-6228a63249da already get close from Franklin Park Zoo
2023-09-27T16:51:40.895+02:00 DEBUG 7856 --- [pool-2-thread-1] c.o.tourguide.service.RewardsService     : Calculate distance between -71.086731/42.302601 and -120.91806775814456/52.91678584684834
2023-09-27T16:51:40.895+02:00 DEBUG 7856 --- [pool-2-thread-1] c.o.tourguide.service.RewardsService     : Checking if the user 4cf1a3f3-d379-4809-8547-6228a63249da already get close from El Paso Zoo
2023-09-27T16:51:40.895+02:00 DEBUG 7856 --- [pool-2-thread-1] c.o.tourguide.service.RewardsService     : Calculate distance between -106.44487/31.769125 and -120.91806775814456/52.91678584684834
2023-09-27T16:51:40.895+02:00 DEBUG 7856 --- [pool-2-thread-1] c.o.tourguide.service.RewardsService     : Checking if the user 4cf1a3f3-d379-4809-8547-6228a63249da already get close from Kansas City Zoo
2023-09-27T16:51:40.895+02:00 DEBUG 7856 --- [pool-2-thread-1] c.o.tourguide.service.RewardsService     : Calculate distance between -94.529625/39.007504 and -120.91806775814456/52.91678584684834
2023-09-27T16:51:40.895+02:00 DEBUG 7856 --- [pool-2-thread-1] c.o.tourguide.service.RewardsService     : Checking if the user 4cf1a3f3-d379-4809-8547-6228a63249da already get close from Bronx Zoo
2023-09-27T16:51:40.895+02:00 DEBUG 7856 --- [pool-2-thread-1] c.o.tourguide.service.RewardsService     : Calculate distance between -73.872971/40.852905 and -120.91806775814456/52.91678584684834
2023-09-27T16:51:40.895+02:00 DEBUG 7856 --- [pool-2-thread-1] c.o.tourguide.service.RewardsService     : Checking if the user 4cf1a3f3-d379-4809-8547-6228a63249da already get close from Cinderella Castle
2023-09-27T16:51:40.895+02:00 DEBUG 7856 --- [pool-2-thread-1] c.o.tourguide.service.RewardsService     : Calculate distance between -81.5812/28.419411 and -120.91806775814456/52.91678584684834
2023-09-27T16:51:40.895+02:00 DEBUG 7856 --- [pool-2-thread-1] c.o.tourguide.service.RewardsService     : Checking if the user 4cf1a3f3-d379-4809-8547-6228a63249da already get close from Disneyland
2023-09-27T16:51:40.895+02:00 DEBUG 7856 --- [pool-2-thread-1] c.o.tourguide.service.RewardsService     : Calculate distance between -117.922008/33.817595 and -156.91601212497739/15.050664357593377
2023-09-27T16:51:40.896+02:00 DEBUG 7856 --- [pool-2-thread-1] c.o.tourguide.service.RewardsService     : Checking if the user 4cf1a3f3-d379-4809-8547-6228a63249da already get close from Jackson Hole
2023-09-27T16:51:40.896+02:00 DEBUG 7856 --- [pool-2-thread-1] c.o.tourguide.service.RewardsService     : Calculate distance between -110.821999/43.582767 and -156.91601212497739/15.050664357593377
2023-09-27T16:51:40.896+02:00 DEBUG 7856 --- [pool-2-thread-1] c.o.tourguide.service.RewardsService     : Checking if the user 4cf1a3f3-d379-4809-8547-6228a63249da already get close from Mojave National Preserve
2023-09-27T16:51:40.896+02:00 DEBUG 7856 --- [pool-2-thread-1] c.o.tourguide.service.RewardsService     : Calculate distance between -115.510399/35.141689 and -156.91601212497739/15.050664357593377
2023-09-27T16:51:40.896+02:00 DEBUG 7856 --- [pool-2-thread-1] c.o.tourguide.service.RewardsService     : Checking if the user 4cf1a3f3-d379-4809-8547-6228a63249da already get close from Joshua Tree National Park
2023-09-27T16:51:40.896+02:00 DEBUG 7856 --- [pool-2-thread-1] c.o.tourguide.service.RewardsService     : Calculate distance between -115.90065/33.881866 and -156.91601212497739/15.050664357593377
2023-09-27T16:51:40.896+02:00 DEBUG 7856 --- [pool-2-thread-1] c.o.tourguide.service.RewardsService     : Checking if the user 4cf1a3f3-d379-4809-8547-6228a63249da already get close from Buffalo National River
2023-09-27T16:51:40.896+02:00 DEBUG 7856 --- [pool-2-thread-1] c.o.tourguide.service.RewardsService     : Calculate distance between -92.757652/35.985512 and -156.91601212497739/15.050664357593377
2023-09-27T16:51:40.896+02:00 DEBUG 7856 --- [pool-2-thread-1] c.o.tourguide.service.RewardsService     : Checking if the user 4cf1a3f3-d379-4809-8547-6228a63249da already get close from Hot Springs National Park
2023-09-27T16:51:40.896+02:00 DEBUG 7856 --- [pool-2-thread-1] c.o.tourguide.service.RewardsService     : Calculate distance between -93.042267/34.52153 and -156.91601212497739/15.050664357593377
2023-09-27T16:51:40.896+02:00 DEBUG 7856 --- [pool-2-thread-1] c.o.tourguide.service.RewardsService     : Checking if the user 4cf1a3f3-d379-4809-8547-6228a63249da already get close from Kartchner Caverns State Park
2023-09-27T16:51:40.896+02:00 DEBUG 7856 --- [pool-2-thread-1] c.o.tourguide.service.RewardsService     : Calculate distance between -110.347382/31.837551 and -156.91601212497739/15.050664357593377
2023-09-27T16:51:40.896+02:00 DEBUG 7856 --- [pool-2-thread-1] c.o.tourguide.service.RewardsService     : Checking if the user 4cf1a3f3-d379-4809-8547-6228a63249da already get close from Legend Valley
2023-09-27T16:51:40.896+02:00 DEBUG 7856 --- [pool-2-thread-1] c.o.tourguide.service.RewardsService     : Calculate distance between -82.40667/39.937778 and -156.91601212497739/15.050664357593377
2023-09-27T16:51:40.896+02:00 DEBUG 7856 --- [pool-2-thread-1] c.o.tourguide.service.RewardsService     : Checking if the user 4cf1a3f3-d379-4809-8547-6228a63249da already get close from Flowers Bakery of London
2023-09-27T16:51:40.896+02:00 DEBUG 7856 --- [pool-2-thread-1] c.o.tourguide.service.RewardsService     : Calculate distance between -84.07486/37.131527 and -156.91601212497739/15.050664357593377
2023-09-27T16:51:40.896+02:00 DEBUG 7856 --- [pool-2-thread-1] c.o.tourguide.service.RewardsService     : Checking if the user 4cf1a3f3-d379-4809-8547-6228a63249da already get close from McKinley Tower
2023-09-27T16:51:40.896+02:00 DEBUG 7856 --- [pool-2-thread-1] c.o.tourguide.service.RewardsService     : Calculate distance between -149.877502/61.218887 and -156.91601212497739/15.050664357593377
2023-09-27T16:51:40.896+02:00 DEBUG 7856 --- [pool-2-thread-1] c.o.tourguide.service.RewardsService     : Checking if the user 4cf1a3f3-d379-4809-8547-6228a63249da already get close from Flatiron Building
2023-09-27T16:51:40.896+02:00 DEBUG 7856 --- [pool-2-thread-1] c.o.tourguide.service.RewardsService     : Calculate distance between -73.989723/40.741112 and -156.91601212497739/15.050664357593377
2023-09-27T16:51:40.896+02:00 DEBUG 7856 --- [pool-2-thread-1] c.o.tourguide.service.RewardsService     : Checking if the user 4cf1a3f3-d379-4809-8547-6228a63249da already get close from Fallingwater
2023-09-27T16:51:40.896+02:00 DEBUG 7856 --- [pool-2-thread-1] c.o.tourguide.service.RewardsService     : Calculate distance between -79.468056/39.906113 and -156.91601212497739/15.050664357593377
2023-09-27T16:51:40.896+02:00 DEBUG 7856 --- [pool-2-thread-1] c.o.tourguide.service.RewardsService     : Checking if the user 4cf1a3f3-d379-4809-8547-6228a63249da already get close from Union Station
2023-09-27T16:51:40.896+02:00 DEBUG 7856 --- [pool-2-thread-1] c.o.tourguide.service.RewardsService     : Calculate distance between -77.006332/38.897095 and -156.91601212497739/15.050664357593377
2023-09-27T16:51:40.896+02:00 DEBUG 7856 --- [pool-2-thread-1] c.o.tourguide.service.RewardsService     : Checking if the user 4cf1a3f3-d379-4809-8547-6228a63249da already get close from Roger Dean Stadium
2023-09-27T16:51:40.896+02:00 DEBUG 7856 --- [pool-2-thread-1] c.o.tourguide.service.RewardsService     : Calculate distance between -80.116577/26.890959 and -156.91601212497739/15.050664357593377
2023-09-27T16:51:40.896+02:00 DEBUG 7856 --- [pool-2-thread-1] c.o.tourguide.service.RewardsService     : Checking if the user 4cf1a3f3-d379-4809-8547-6228a63249da already get close from Texas Memorial Stadium
2023-09-27T16:51:40.896+02:00 DEBUG 7856 --- [pool-2-thread-1] c.o.tourguide.service.RewardsService     : Calculate distance between -97.732536/30.283682 and -156.91601212497739/15.050664357593377
2023-09-27T16:51:40.896+02:00 DEBUG 7856 --- [pool-2-thread-1] c.o.tourguide.service.RewardsService     : Checking if the user 4cf1a3f3-d379-4809-8547-6228a63249da already get close from Bryant-Denny Stadium
2023-09-27T16:51:40.896+02:00 DEBUG 7856 --- [pool-2-thread-1] c.o.tourguide.service.RewardsService     : Calculate distance between -87.550438/33.208973 and -156.91601212497739/15.050664357593377
2023-09-27T16:51:40.896+02:00 DEBUG 7856 --- [pool-2-thread-1] c.o.tourguide.service.RewardsService     : Checking if the user 4cf1a3f3-d379-4809-8547-6228a63249da already get close from Tiger Stadium
2023-09-27T16:51:40.896+02:00 DEBUG 7856 --- [pool-2-thread-1] c.o.tourguide.service.RewardsService     : Calculate distance between -91.183815/30.412035 and -156.91601212497739/15.050664357593377
2023-09-27T16:51:40.896+02:00 DEBUG 7856 --- [pool-2-thread-1] c.o.tourguide.service.RewardsService     : Checking if the user 4cf1a3f3-d379-4809-8547-6228a63249da already get close from Neyland Stadium
2023-09-27T16:51:40.896+02:00 DEBUG 7856 --- [pool-2-thread-1] c.o.tourguide.service.RewardsService     : Calculate distance between -83.925011/35.955013 and -156.91601212497739/15.050664357593377
2023-09-27T16:51:40.896+02:00 DEBUG 7856 --- [pool-2-thread-1] c.o.tourguide.service.RewardsService     : Checking if the user 4cf1a3f3-d379-4809-8547-6228a63249da already get close from Kyle Field
2023-09-27T16:51:40.896+02:00 DEBUG 7856 --- [pool-2-thread-1] c.o.tourguide.service.RewardsService     : Calculate distance between -96.339844/30.61025 and -156.91601212497739/15.050664357593377
2023-09-27T16:51:40.896+02:00 DEBUG 7856 --- [pool-2-thread-1] c.o.tourguide.service.RewardsService     : Checking if the user 4cf1a3f3-d379-4809-8547-6228a63249da already get close from San Diego Zoo
2023-09-27T16:51:40.896+02:00 DEBUG 7856 --- [pool-2-thread-1] c.o.tourguide.service.RewardsService     : Calculate distance between -117.149048/32.735317 and -156.91601212497739/15.050664357593377
2023-09-27T16:51:40.896+02:00 DEBUG 7856 --- [pool-2-thread-1] c.o.tourguide.service.RewardsService     : Checking if the user 4cf1a3f3-d379-4809-8547-6228a63249da already get close from Zoo Tampa at Lowry Park
2023-09-27T16:51:40.896+02:00 DEBUG 7856 --- [pool-2-thread-1] c.o.tourguide.service.RewardsService     : Calculate distance between -82.469269/28.012804 and -156.91601212497739/15.050664357593377
2023-09-27T16:51:40.896+02:00 DEBUG 7856 --- [pool-2-thread-1] c.o.tourguide.service.RewardsService     : Checking if the user 4cf1a3f3-d379-4809-8547-6228a63249da already get close from Franklin Park Zoo
2023-09-27T16:51:40.896+02:00 DEBUG 7856 --- [pool-2-thread-1] c.o.tourguide.service.RewardsService     : Calculate distance between -71.086731/42.302601 and -156.91601212497739/15.050664357593377
2023-09-27T16:51:40.896+02:00 DEBUG 7856 --- [pool-2-thread-1] c.o.tourguide.service.RewardsService     : Checking if the user 4cf1a3f3-d379-4809-8547-6228a63249da already get close from El Paso Zoo
2023-09-27T16:51:40.896+02:00 DEBUG 7856 --- [pool-2-thread-1] c.o.tourguide.service.RewardsService     : Calculate distance between -106.44487/31.769125 and -156.91601212497739/15.050664357593377
2023-09-27T16:51:40.896+02:00 DEBUG 7856 --- [pool-2-thread-1] c.o.tourguide.service.RewardsService     : Checking if the user 4cf1a3f3-d379-4809-8547-6228a63249da already get close from Kansas City Zoo
2023-09-27T16:51:40.896+02:00 DEBUG 7856 --- [pool-2-thread-1] c.o.tourguide.service.RewardsService     : Calculate distance between -94.529625/39.007504 and -156.91601212497739/15.050664357593377
2023-09-27T16:51:40.896+02:00 DEBUG 7856 --- [pool-2-thread-1] c.o.tourguide.service.RewardsService     : Checking if the user 4cf1a3f3-d379-4809-8547-6228a63249da already get close from Bronx Zoo
2023-09-27T16:51:40.896+02:00 DEBUG 7856 --- [pool-2-thread-1] c.o.tourguide.service.RewardsService     : Calculate distance between -73.872971/40.852905 and -156.91601212497739/15.050664357593377
2023-09-27T16:51:40.896+02:00 DEBUG 7856 --- [pool-2-thread-1] c.o.tourguide.service.RewardsService     : Checking if the user 4cf1a3f3-d379-4809-8547-6228a63249da already get close from Cinderella Castle
2023-09-27T16:51:40.896+02:00 DEBUG 7856 --- [pool-2-thread-1] c.o.tourguide.service.RewardsService     : Calculate distance between -81.5812/28.419411 and -156.91601212497739/15.050664357593377
2023-09-27T16:51:40.896+02:00 DEBUG 7856 --- [pool-2-thread-1] c.o.tourguide.service.RewardsService     : Checking if the user 4cf1a3f3-d379-4809-8547-6228a63249da already get close from Disneyland
2023-09-27T16:51:40.896+02:00 DEBUG 7856 --- [pool-2-thread-1] c.o.tourguide.service.RewardsService     : Calculate distance between -117.922008/33.817595 and 35.303289/64.522005
2023-09-27T16:51:40.896+02:00 DEBUG 7856 --- [pool-2-thread-1] c.o.tourguide.service.RewardsService     : Checking if the user 4cf1a3f3-d379-4809-8547-6228a63249da already get close from Jackson Hole
2023-09-27T16:51:40.896+02:00 DEBUG 7856 --- [pool-2-thread-1] c.o.tourguide.service.RewardsService     : Calculate distance between -110.821999/43.582767 and 35.303289/64.522005
2023-09-27T16:51:40.896+02:00 DEBUG 7856 --- [pool-2-thread-1] c.o.tourguide.service.RewardsService     : Checking if the user 4cf1a3f3-d379-4809-8547-6228a63249da already get close from Mojave National Preserve
2023-09-27T16:51:40.896+02:00 DEBUG 7856 --- [pool-2-thread-1] c.o.tourguide.service.RewardsService     : Calculate distance between -115.510399/35.141689 and 35.303289/64.522005
2023-09-27T16:51:40.896+02:00 DEBUG 7856 --- [pool-2-thread-1] c.o.tourguide.service.RewardsService     : Checking if the user 4cf1a3f3-d379-4809-8547-6228a63249da already get close from Joshua Tree National Park
2023-09-27T16:51:40.896+02:00 DEBUG 7856 --- [pool-2-thread-1] c.o.tourguide.service.RewardsService     : Calculate distance between -115.90065/33.881866 and 35.303289/64.522005
2023-09-27T16:51:40.896+02:00 DEBUG 7856 --- [pool-2-thread-1] c.o.tourguide.service.RewardsService     : Checking if the user 4cf1a3f3-d379-4809-8547-6228a63249da already get close from Buffalo National River
2023-09-27T16:51:40.896+02:00 DEBUG 7856 --- [pool-2-thread-1] c.o.tourguide.service.RewardsService     : Calculate distance between -92.757652/35.985512 and 35.303289/64.522005
2023-09-27T16:51:40.896+02:00 DEBUG 7856 --- [pool-2-thread-1] c.o.tourguide.service.RewardsService     : Checking if the user 4cf1a3f3-d379-4809-8547-6228a63249da already get close from Hot Springs National Park
2023-09-27T16:51:40.896+02:00 DEBUG 7856 --- [pool-2-thread-1] c.o.tourguide.service.RewardsService     : Calculate distance between -93.042267/34.52153 and 35.303289/64.522005
2023-09-27T16:51:40.896+02:00 DEBUG 7856 --- [pool-2-thread-1] c.o.tourguide.service.RewardsService     : Checking if the user 4cf1a3f3-d379-4809-8547-6228a63249da already get close from Kartchner Caverns State Park
2023-09-27T16:51:40.896+02:00 DEBUG 7856 --- [pool-2-thread-1] c.o.tourguide.service.RewardsService     : Calculate distance between -110.347382/31.837551 and 35.303289/64.522005
2023-09-27T16:51:40.896+02:00 DEBUG 7856 --- [pool-2-thread-1] c.o.tourguide.service.RewardsService     : Checking if the user 4cf1a3f3-d379-4809-8547-6228a63249da already get close from Legend Valley
2023-09-27T16:51:40.896+02:00 DEBUG 7856 --- [pool-2-thread-1] c.o.tourguide.service.RewardsService     : Calculate distance between -82.40667/39.937778 and 35.303289/64.522005
2023-09-27T16:51:40.896+02:00 DEBUG 7856 --- [pool-2-thread-1] c.o.tourguide.service.RewardsService     : Checking if the user 4cf1a3f3-d379-4809-8547-6228a63249da already get close from Flowers Bakery of London
2023-09-27T16:51:40.896+02:00 DEBUG 7856 --- [pool-2-thread-1] c.o.tourguide.service.RewardsService     : Calculate distance between -84.07486/37.131527 and 35.303289/64.522005
2023-09-27T16:51:40.896+02:00 DEBUG 7856 --- [pool-2-thread-1] c.o.tourguide.service.RewardsService     : Checking if the user 4cf1a3f3-d379-4809-8547-6228a63249da already get close from McKinley Tower
2023-09-27T16:51:40.896+02:00 DEBUG 7856 --- [pool-2-thread-1] c.o.tourguide.service.RewardsService     : Calculate distance between -149.877502/61.218887 and 35.303289/64.522005
2023-09-27T16:51:40.896+02:00 DEBUG 7856 --- [pool-2-thread-1] c.o.tourguide.service.RewardsService     : Checking if the user 4cf1a3f3-d379-4809-8547-6228a63249da already get close from Flatiron Building
2023-09-27T16:51:40.896+02:00 DEBUG 7856 --- [pool-2-thread-1] c.o.tourguide.service.RewardsService     : Calculate distance between -73.989723/40.741112 and 35.303289/64.522005
2023-09-27T16:51:40.896+02:00 DEBUG 7856 --- [pool-2-thread-1] c.o.tourguide.service.RewardsService     : Checking if the user 4cf1a3f3-d379-4809-8547-6228a63249da already get close from Fallingwater
2023-09-27T16:51:40.896+02:00 DEBUG 7856 --- [pool-2-thread-1] c.o.tourguide.service.RewardsService     : Calculate distance between -79.468056/39.906113 and 35.303289/64.522005
2023-09-27T16:51:40.896+02:00 DEBUG 7856 --- [pool-2-thread-1] c.o.tourguide.service.RewardsService     : Checking if the user 4cf1a3f3-d379-4809-8547-6228a63249da already get close from Union Station
2023-09-27T16:51:40.896+02:00 DEBUG 7856 --- [pool-2-thread-1] c.o.tourguide.service.RewardsService     : Calculate distance between -77.006332/38.897095 and 35.303289/64.522005
2023-09-27T16:51:40.896+02:00 DEBUG 7856 --- [pool-2-thread-1] c.o.tourguide.service.RewardsService     : Checking if the user 4cf1a3f3-d379-4809-8547-6228a63249da already get close from Roger Dean Stadium
2023-09-27T16:51:40.896+02:00 DEBUG 7856 --- [pool-2-thread-1] c.o.tourguide.service.RewardsService     : Calculate distance between -80.116577/26.890959 and 35.303289/64.522005
2023-09-27T16:51:40.896+02:00 DEBUG 7856 --- [pool-2-thread-1] c.o.tourguide.service.RewardsService     : Checking if the user 4cf1a3f3-d379-4809-8547-6228a63249da already get close from Texas Memorial Stadium
2023-09-27T16:51:40.896+02:00 DEBUG 7856 --- [pool-2-thread-1] c.o.tourguide.service.RewardsService     : Calculate distance between -97.732536/30.283682 and 35.303289/64.522005
2023-09-27T16:51:40.896+02:00 DEBUG 7856 --- [pool-2-thread-1] c.o.tourguide.service.RewardsService     : Checking if the user 4cf1a3f3-d379-4809-8547-6228a63249da already get close from Bryant-Denny Stadium
2023-09-27T16:51:40.896+02:00 DEBUG 7856 --- [pool-2-thread-1] c.o.tourguide.service.RewardsService     : Calculate distance between -87.550438/33.208973 and 35.303289/64.522005
2023-09-27T16:51:40.896+02:00 DEBUG 7856 --- [pool-2-thread-1] c.o.tourguide.service.RewardsService     : Checking if the user 4cf1a3f3-d379-4809-8547-6228a63249da already get close from Tiger Stadium
2023-09-27T16:51:40.896+02:00 DEBUG 7856 --- [pool-2-thread-1] c.o.tourguide.service.RewardsService     : Calculate distance between -91.183815/30.412035 and 35.303289/64.522005
2023-09-27T16:51:40.896+02:00 DEBUG 7856 --- [pool-2-thread-1] c.o.tourguide.service.RewardsService     : Checking if the user 4cf1a3f3-d379-4809-8547-6228a63249da already get close from Neyland Stadium
2023-09-27T16:51:40.896+02:00 DEBUG 7856 --- [pool-2-thread-1] c.o.tourguide.service.RewardsService     : Calculate distance between -83.925011/35.955013 and 35.303289/64.522005
2023-09-27T16:51:40.896+02:00 DEBUG 7856 --- [pool-2-thread-1] c.o.tourguide.service.RewardsService     : Checking if the user 4cf1a3f3-d379-4809-8547-6228a63249da already get close from Kyle Field
2023-09-27T16:51:40.896+02:00 DEBUG 7856 --- [pool-2-thread-1] c.o.tourguide.service.RewardsService     : Calculate distance between -96.339844/30.61025 and 35.303289/64.522005
2023-09-27T16:51:40.896+02:00 DEBUG 7856 --- [pool-2-thread-1] c.o.tourguide.service.RewardsService     : Checking if the user 4cf1a3f3-d379-4809-8547-6228a63249da already get close from San Diego Zoo
2023-09-27T16:51:40.896+02:00 DEBUG 7856 --- [pool-2-thread-1] c.o.tourguide.service.RewardsService     : Calculate distance between -117.149048/32.735317 and 35.303289/64.522005
2023-09-27T16:51:40.896+02:00 DEBUG 7856 --- [pool-2-thread-1] c.o.tourguide.service.RewardsService     : Checking if the user 4cf1a3f3-d379-4809-8547-6228a63249da already get close from Zoo Tampa at Lowry Park
2023-09-27T16:51:40.896+02:00 DEBUG 7856 --- [pool-2-thread-1] c.o.tourguide.service.RewardsService     : Calculate distance between -82.469269/28.012804 and 35.303289/64.522005
2023-09-27T16:51:40.896+02:00 DEBUG 7856 --- [pool-2-thread-1] c.o.tourguide.service.RewardsService     : Checking if the user 4cf1a3f3-d379-4809-8547-6228a63249da already get close from Franklin Park Zoo
2023-09-27T16:51:40.896+02:00 DEBUG 7856 --- [pool-2-thread-1] c.o.tourguide.service.RewardsService     : Calculate distance between -71.086731/42.302601 and 35.303289/64.522005
2023-09-27T16:51:40.896+02:00 DEBUG 7856 --- [pool-2-thread-1] c.o.tourguide.service.RewardsService     : Checking if the user 4cf1a3f3-d379-4809-8547-6228a63249da already get close from El Paso Zoo
2023-09-27T16:51:40.896+02:00 DEBUG 7856 --- [pool-2-thread-1] c.o.tourguide.service.RewardsService     : Calculate distance between -106.44487/31.769125 and 35.303289/64.522005
2023-09-27T16:51:40.896+02:00 DEBUG 7856 --- [pool-2-thread-1] c.o.tourguide.service.RewardsService     : Checking if the user 4cf1a3f3-d379-4809-8547-6228a63249da already get close from Kansas City Zoo
2023-09-27T16:51:40.896+02:00 DEBUG 7856 --- [pool-2-thread-1] c.o.tourguide.service.RewardsService     : Calculate distance between -94.529625/39.007504 and 35.303289/64.522005
2023-09-27T16:51:40.896+02:00 DEBUG 7856 --- [pool-2-thread-1] c.o.tourguide.service.RewardsService     : Checking if the user 4cf1a3f3-d379-4809-8547-6228a63249da already get close from Bronx Zoo
2023-09-27T16:51:40.896+02:00 DEBUG 7856 --- [pool-2-thread-1] c.o.tourguide.service.RewardsService     : Calculate distance between -73.872971/40.852905 and 35.303289/64.522005
2023-09-27T16:51:40.896+02:00 DEBUG 7856 --- [pool-2-thread-1] c.o.tourguide.service.RewardsService     : Checking if the user 4cf1a3f3-d379-4809-8547-6228a63249da already get close from Cinderella Castle
2023-09-27T16:51:40.896+02:00 DEBUG 7856 --- [pool-2-thread-1] c.o.tourguide.service.RewardsService     : Calculate distance between -81.5812/28.419411 and 35.303289/64.522005
2023-09-27T16:51:40.896+02:00 DEBUG 7856 --- [pool-2-thread-1] c.o.tourguide.service.RewardsService     : Checking if the user 4cf1a3f3-d379-4809-8547-6228a63249da already get close from Disneyland
2023-09-27T16:51:40.896+02:00 DEBUG 7856 --- [pool-2-thread-1] c.o.tourguide.service.RewardsService     : Calculate distance between -117.922008/33.817595 and 33.345356/-83.455015
2023-09-27T16:51:40.896+02:00 DEBUG 7856 --- [pool-2-thread-1] c.o.tourguide.service.RewardsService     : Checking if the user 4cf1a3f3-d379-4809-8547-6228a63249da already get close from Jackson Hole
2023-09-27T16:51:40.896+02:00 DEBUG 7856 --- [pool-2-thread-1] c.o.tourguide.service.RewardsService     : Calculate distance between -110.821999/43.582767 and 33.345356/-83.455015
2023-09-27T16:51:40.896+02:00 DEBUG 7856 --- [pool-2-thread-1] c.o.tourguide.service.RewardsService     : Checking if the user 4cf1a3f3-d379-4809-8547-6228a63249da already get close from Mojave National Preserve
2023-09-27T16:51:40.896+02:00 DEBUG 7856 --- [pool-2-thread-1] c.o.tourguide.service.RewardsService     : Calculate distance between -115.510399/35.141689 and 33.345356/-83.455015
2023-09-27T16:51:40.896+02:00 DEBUG 7856 --- [pool-2-thread-1] c.o.tourguide.service.RewardsService     : Checking if the user 4cf1a3f3-d379-4809-8547-6228a63249da already get close from Joshua Tree National Park
2023-09-27T16:51:40.896+02:00 DEBUG 7856 --- [pool-2-thread-1] c.o.tourguide.service.RewardsService     : Calculate distance between -115.90065/33.881866 and 33.345356/-83.455015
2023-09-27T16:51:40.896+02:00 DEBUG 7856 --- [pool-2-thread-1] c.o.tourguide.service.RewardsService     : Checking if the user 4cf1a3f3-d379-4809-8547-6228a63249da already get close from Buffalo National River
2023-09-27T16:51:40.896+02:00 DEBUG 7856 --- [pool-2-thread-1] c.o.tourguide.service.RewardsService     : Calculate distance between -92.757652/35.985512 and 33.345356/-83.455015
2023-09-27T16:51:40.896+02:00 DEBUG 7856 --- [pool-2-thread-1] c.o.tourguide.service.RewardsService     : Checking if the user 4cf1a3f3-d379-4809-8547-6228a63249da already get close from Hot Springs National Park
2023-09-27T16:51:40.896+02:00 DEBUG 7856 --- [pool-2-thread-1] c.o.tourguide.service.RewardsService     : Calculate distance between -93.042267/34.52153 and 33.345356/-83.455015
2023-09-27T16:51:40.896+02:00 DEBUG 7856 --- [pool-2-thread-1] c.o.tourguide.service.RewardsService     : Checking if the user 4cf1a3f3-d379-4809-8547-6228a63249da already get close from Kartchner Caverns State Park
2023-09-27T16:51:40.896+02:00 DEBUG 7856 --- [pool-2-thread-1] c.o.tourguide.service.RewardsService     : Calculate distance between -110.347382/31.837551 and 33.345356/-83.455015
2023-09-27T16:51:40.896+02:00 DEBUG 7856 --- [pool-2-thread-1] c.o.tourguide.service.RewardsService     : Checking if the user 4cf1a3f3-d379-4809-8547-6228a63249da already get close from Legend Valley
2023-09-27T16:51:40.896+02:00 DEBUG 7856 --- [pool-2-thread-1] c.o.tourguide.service.RewardsService     : Calculate distance between -82.40667/39.937778 and 33.345356/-83.455015
2023-09-27T16:51:40.896+02:00 DEBUG 7856 --- [pool-2-thread-1] c.o.tourguide.service.RewardsService     : Checking if the user 4cf1a3f3-d379-4809-8547-6228a63249da already get close from Flowers Bakery of London
2023-09-27T16:51:40.896+02:00 DEBUG 7856 --- [pool-2-thread-1] c.o.tourguide.service.RewardsService     : Calculate distance between -84.07486/37.131527 and 33.345356/-83.455015
2023-09-27T16:51:40.896+02:00 DEBUG 7856 --- [pool-2-thread-1] c.o.tourguide.service.RewardsService     : Checking if the user 4cf1a3f3-d379-4809-8547-6228a63249da already get close from McKinley Tower
2023-09-27T16:51:40.896+02:00 DEBUG 7856 --- [pool-2-thread-1] c.o.tourguide.service.RewardsService     : Calculate distance between -149.877502/61.218887 and 33.345356/-83.455015
2023-09-27T16:51:40.896+02:00 DEBUG 7856 --- [pool-2-thread-1] c.o.tourguide.service.RewardsService     : Checking if the user 4cf1a3f3-d379-4809-8547-6228a63249da already get close from Flatiron Building
2023-09-27T16:51:40.896+02:00 DEBUG 7856 --- [pool-2-thread-1] c.o.tourguide.service.RewardsService     : Calculate distance between -73.989723/40.741112 and 33.345356/-83.455015
2023-09-27T16:51:40.896+02:00 DEBUG 7856 --- [pool-2-thread-1] c.o.tourguide.service.RewardsService     : Checking if the user 4cf1a3f3-d379-4809-8547-6228a63249da already get close from Fallingwater
2023-09-27T16:51:40.896+02:00 DEBUG 7856 --- [pool-2-thread-1] c.o.tourguide.service.RewardsService     : Calculate distance between -79.468056/39.906113 and 33.345356/-83.455015
2023-09-27T16:51:40.896+02:00 DEBUG 7856 --- [pool-2-thread-1] c.o.tourguide.service.RewardsService     : Checking if the user 4cf1a3f3-d379-4809-8547-6228a63249da already get close from Union Station
2023-09-27T16:51:40.896+02:00 DEBUG 7856 --- [pool-2-thread-1] c.o.tourguide.service.RewardsService     : Calculate distance between -77.006332/38.897095 and 33.345356/-83.455015
2023-09-27T16:51:40.896+02:00 DEBUG 7856 --- [pool-2-thread-1] c.o.tourguide.service.RewardsService     : Checking if the user 4cf1a3f3-d379-4809-8547-6228a63249da already get close from Roger Dean Stadium
2023-09-27T16:51:40.896+02:00 DEBUG 7856 --- [pool-2-thread-1] c.o.tourguide.service.RewardsService     : Calculate distance between -80.116577/26.890959 and 33.345356/-83.455015
2023-09-27T16:51:40.896+02:00 DEBUG 7856 --- [pool-2-thread-1] c.o.tourguide.service.RewardsService     : Checking if the user 4cf1a3f3-d379-4809-8547-6228a63249da already get close from Texas Memorial Stadium
2023-09-27T16:51:40.896+02:00 DEBUG 7856 --- [pool-2-thread-1] c.o.tourguide.service.RewardsService     : Calculate distance between -97.732536/30.283682 and 33.345356/-83.455015
2023-09-27T16:51:40.896+02:00 DEBUG 7856 --- [pool-2-thread-1] c.o.tourguide.service.RewardsService     : Checking if the user 4cf1a3f3-d379-4809-8547-6228a63249da already get close from Bryant-Denny Stadium
2023-09-27T16:51:40.896+02:00 DEBUG 7856 --- [pool-2-thread-1] c.o.tourguide.service.RewardsService     : Calculate distance between -87.550438/33.208973 and 33.345356/-83.455015
2023-09-27T16:51:40.896+02:00 DEBUG 7856 --- [pool-2-thread-1] c.o.tourguide.service.RewardsService     : Checking if the user 4cf1a3f3-d379-4809-8547-6228a63249da already get close from Tiger Stadium
2023-09-27T16:51:40.896+02:00 DEBUG 7856 --- [pool-2-thread-1] c.o.tourguide.service.RewardsService     : Calculate distance between -91.183815/30.412035 and 33.345356/-83.455015
2023-09-27T16:51:40.896+02:00 DEBUG 7856 --- [pool-2-thread-1] c.o.tourguide.service.RewardsService     : Checking if the user 4cf1a3f3-d379-4809-8547-6228a63249da already get close from Neyland Stadium
2023-09-27T16:51:40.896+02:00 DEBUG 7856 --- [pool-2-thread-1] c.o.tourguide.service.RewardsService     : Calculate distance between -83.925011/35.955013 and 33.345356/-83.455015
2023-09-27T16:51:40.896+02:00 DEBUG 7856 --- [pool-2-thread-1] c.o.tourguide.service.RewardsService     : Checking if the user 4cf1a3f3-d379-4809-8547-6228a63249da already get close from Kyle Field
2023-09-27T16:51:40.896+02:00 DEBUG 7856 --- [pool-2-thread-1] c.o.tourguide.service.RewardsService     : Calculate distance between -96.339844/30.61025 and 33.345356/-83.455015
2023-09-27T16:51:40.896+02:00 DEBUG 7856 --- [pool-2-thread-1] c.o.tourguide.service.RewardsService     : Checking if the user 4cf1a3f3-d379-4809-8547-6228a63249da already get close from San Diego Zoo
2023-09-27T16:51:40.896+02:00 DEBUG 7856 --- [pool-2-thread-1] c.o.tourguide.service.RewardsService     : Calculate distance between -117.149048/32.735317 and 33.345356/-83.455015
2023-09-27T16:51:40.896+02:00 DEBUG 7856 --- [pool-2-thread-1] c.o.tourguide.service.RewardsService     : Checking if the user 4cf1a3f3-d379-4809-8547-6228a63249da already get close from Zoo Tampa at Lowry Park
2023-09-27T16:51:40.896+02:00 DEBUG 7856 --- [pool-2-thread-1] c.o.tourguide.service.RewardsService     : Calculate distance between -82.469269/28.012804 and 33.345356/-83.455015
2023-09-27T16:51:40.896+02:00 DEBUG 7856 --- [pool-2-thread-1] c.o.tourguide.service.RewardsService     : Checking if the user 4cf1a3f3-d379-4809-8547-6228a63249da already get close from Franklin Park Zoo
2023-09-27T16:51:40.896+02:00 DEBUG 7856 --- [pool-2-thread-1] c.o.tourguide.service.RewardsService     : Calculate distance between -71.086731/42.302601 and 33.345356/-83.455015
2023-09-27T16:51:40.896+02:00 DEBUG 7856 --- [pool-2-thread-1] c.o.tourguide.service.RewardsService     : Checking if the user 4cf1a3f3-d379-4809-8547-6228a63249da already get close from El Paso Zoo
2023-09-27T16:51:40.896+02:00 DEBUG 7856 --- [pool-2-thread-1] c.o.tourguide.service.RewardsService     : Calculate distance between -106.44487/31.769125 and 33.345356/-83.455015
2023-09-27T16:51:40.896+02:00 DEBUG 7856 --- [pool-2-thread-1] c.o.tourguide.service.RewardsService     : Checking if the user 4cf1a3f3-d379-4809-8547-6228a63249da already get close from Kansas City Zoo
2023-09-27T16:51:40.896+02:00 DEBUG 7856 --- [pool-2-thread-1] c.o.tourguide.service.RewardsService     : Calculate distance between -94.529625/39.007504 and 33.345356/-83.455015
2023-09-27T16:51:40.896+02:00 DEBUG 7856 --- [pool-2-thread-1] c.o.tourguide.service.RewardsService     : Checking if the user 4cf1a3f3-d379-4809-8547-6228a63249da already get close from Bronx Zoo
2023-09-27T16:51:40.896+02:00 DEBUG 7856 --- [pool-2-thread-1] c.o.tourguide.service.RewardsService     : Calculate distance between -73.872971/40.852905 and 33.345356/-83.455015
2023-09-27T16:51:40.896+02:00 DEBUG 7856 --- [pool-2-thread-1] c.o.tourguide.service.RewardsService     : Checking if the user 4cf1a3f3-d379-4809-8547-6228a63249da already get close from Cinderella Castle
2023-09-27T16:51:40.896+02:00 DEBUG 7856 --- [pool-2-thread-1] c.o.tourguide.service.RewardsService     : Calculate distance between -81.5812/28.419411 and 33.345356/-83.455015
2023-09-27T16:51:40.896+02:00 DEBUG 7856 --- [pool-2-thread-1] c.o.tourguide.service.RewardsService     : Trying to add 0 rewards
2023-09-27T16:51:40.997+02:00  INFO 7856 --- [pool-2-thread-1] c.o.tourguide.service.TourGuideService   : Adding the current location to the user internalUser6484
2023-09-27T16:51:40.997+02:00 DEBUG 7856 --- [pool-2-thread-1] c.o.tourguide.service.RewardsService     : calculate reward for internalUser6484 on his 5 known locations
2023-09-27T16:51:41.008+02:00 DEBUG 7856 --- [pool-2-thread-1] c.o.tourguide.service.RewardsService     : Checking if the user 4832a969-e397-46c0-b1f5-c77a32a07fe2 already get close from Disneyland
2023-09-27T16:51:41.008+02:00 DEBUG 7856 --- [pool-2-thread-1] c.o.tourguide.service.RewardsService     : Calculate distance between -117.922008/33.817595 and -170.49169684262645/-69.05071280613114
2023-09-27T16:51:41.008+02:00 DEBUG 7856 --- [pool-2-thread-1] c.o.tourguide.service.RewardsService     : Checking if the user 4832a969-e397-46c0-b1f5-c77a32a07fe2 already get close from Jackson Hole
2023-09-27T16:51:41.008+02:00 DEBUG 7856 --- [pool-2-thread-1] c.o.tourguide.service.RewardsService     : Calculate distance between -110.821999/43.582767 and -170.49169684262645/-69.05071280613114
2023-09-27T16:51:41.008+02:00 DEBUG 7856 --- [pool-2-thread-1] c.o.tourguide.service.RewardsService     : Checking if the user 4832a969-e397-46c0-b1f5-c77a32a07fe2 already get close from Mojave National Preserve
2023-09-27T16:51:41.008+02:00 DEBUG 7856 --- [pool-2-thread-1] c.o.tourguide.service.RewardsService     : Calculate distance between -115.510399/35.141689 and -170.49169684262645/-69.05071280613114
2023-09-27T16:51:41.008+02:00 DEBUG 7856 --- [pool-2-thread-1] c.o.tourguide.service.RewardsService     : Checking if the user 4832a969-e397-46c0-b1f5-c77a32a07fe2 already get close from Joshua Tree National Park
2023-09-27T16:51:41.008+02:00 DEBUG 7856 --- [pool-2-thread-1] c.o.tourguide.service.RewardsService     : Calculate distance between -115.90065/33.881866 and -170.49169684262645/-69.05071280613114
2023-09-27T16:51:41.008+02:00 DEBUG 7856 --- [pool-2-thread-1] c.o.tourguide.service.RewardsService     : Checking if the user 4832a969-e397-46c0-b1f5-c77a32a07fe2 already get close from Buffalo National River
2023-09-27T16:51:41.008+02:00 DEBUG 7856 --- [pool-2-thread-1] c.o.tourguide.service.RewardsService     : Calculate distance between -92.757652/35.985512 and -170.49169684262645/-69.05071280613114
2023-09-27T16:51:41.008+02:00 DEBUG 7856 --- [pool-2-thread-1] c.o.tourguide.service.RewardsService     : Checking if the user 4832a969-e397-46c0-b1f5-c77a32a07fe2 already get close from Hot Springs National Park
2023-09-27T16:51:41.008+02:00 DEBUG 7856 --- [pool-2-thread-1] c.o.tourguide.service.RewardsService     : Calculate distance between -93.042267/34.52153 and -170.49169684262645/-69.05071280613114
2023-09-27T16:51:41.008+02:00 DEBUG 7856 --- [pool-2-thread-1] c.o.tourguide.service.RewardsService     : Checking if the user 4832a969-e397-46c0-b1f5-c77a32a07fe2 already get close from Kartchner Caverns State Park
2023-09-27T16:51:41.008+02:00 DEBUG 7856 --- [pool-2-thread-1] c.o.tourguide.service.RewardsService     : Calculate distance between -110.347382/31.837551 and -170.49169684262645/-69.05071280613114
2023-09-27T16:51:41.008+02:00 DEBUG 7856 --- [pool-2-thread-1] c.o.tourguide.service.RewardsService     : Checking if the user 4832a969-e397-46c0-b1f5-c77a32a07fe2 already get close from Legend Valley
2023-09-27T16:51:41.008+02:00 DEBUG 7856 --- [pool-2-thread-1] c.o.tourguide.service.RewardsService     : Calculate distance between -82.40667/39.937778 and -170.49169684262645/-69.05071280613114
2023-09-27T16:51:41.008+02:00 DEBUG 7856 --- [pool-2-thread-1] c.o.tourguide.service.RewardsService     : Checking if the user 4832a969-e397-46c0-b1f5-c77a32a07fe2 already get close from Flowers Bakery of London
2023-09-27T16:51:41.008+02:00 DEBUG 7856 --- [pool-2-thread-1] c.o.tourguide.service.RewardsService     : Calculate distance between -84.07486/37.131527 and -170.49169684262645/-69.05071280613114
2023-09-27T16:51:41.008+02:00 DEBUG 7856 --- [pool-2-thread-1] c.o.tourguide.service.RewardsService     : Checking if the user 4832a969-e397-46c0-b1f5-c77a32a07fe2 already get close from McKinley Tower
2023-09-27T16:51:41.008+02:00 DEBUG 7856 --- [pool-2-thread-1] c.o.tourguide.service.RewardsService     : Calculate distance between -149.877502/61.218887 and -170.49169684262645/-69.05071280613114
2023-09-27T16:51:41.008+02:00 DEBUG 7856 --- [pool-2-thread-1] c.o.tourguide.service.RewardsService     : Checking if the user 4832a969-e397-46c0-b1f5-c77a32a07fe2 already get close from Flatiron Building
2023-09-27T16:51:41.008+02:00 DEBUG 7856 --- [pool-2-thread-1] c.o.tourguide.service.RewardsService     : Calculate distance between -73.989723/40.741112 and -170.49169684262645/-69.05071280613114
2023-09-27T16:51:41.008+02:00 DEBUG 7856 --- [pool-2-thread-1] c.o.tourguide.service.RewardsService     : Checking if the user 4832a969-e397-46c0-b1f5-c77a32a07fe2 already get close from Fallingwater
2023-09-27T16:51:41.008+02:00 DEBUG 7856 --- [pool-2-thread-1] c.o.tourguide.service.RewardsService     : Calculate distance between -79.468056/39.906113 and -170.49169684262645/-69.05071280613114
2023-09-27T16:51:41.008+02:00 DEBUG 7856 --- [pool-2-thread-1] c.o.tourguide.service.RewardsService     : Checking if the user 4832a969-e397-46c0-b1f5-c77a32a07fe2 already get close from Union Station
2023-09-27T16:51:41.008+02:00 DEBUG 7856 --- [pool-2-thread-1] c.o.tourguide.service.RewardsService     : Calculate distance between -77.006332/38.897095 and -170.49169684262645/-69.05071280613114
2023-09-27T16:51:41.008+02:00 DEBUG 7856 --- [pool-2-thread-1] c.o.tourguide.service.RewardsService     : Checking if the user 4832a969-e397-46c0-b1f5-c77a32a07fe2 already get close from Roger Dean Stadium
2023-09-27T16:51:41.008+02:00 DEBUG 7856 --- [pool-2-thread-1] c.o.tourguide.service.RewardsService     : Calculate distance between -80.116577/26.890959 and -170.49169684262645/-69.05071280613114
2023-09-27T16:51:41.008+02:00 DEBUG 7856 --- [pool-2-thread-1] c.o.tourguide.service.RewardsService     : Checking if the user 4832a969-e397-46c0-b1f5-c77a32a07fe2 already get close from Texas Memorial Stadium
2023-09-27T16:51:41.008+02:00 DEBUG 7856 --- [pool-2-thread-1] c.o.tourguide.service.RewardsService     : Calculate distance between -97.732536/30.283682 and -170.49169684262645/-69.05071280613114
2023-09-27T16:51:41.008+02:00 DEBUG 7856 --- [pool-2-thread-1] c.o.tourguide.service.RewardsService     : Checking if the user 4832a969-e397-46c0-b1f5-c77a32a07fe2 already get close from Bryant-Denny Stadium
2023-09-27T16:51:41.008+02:00 DEBUG 7856 --- [pool-2-thread-1] c.o.tourguide.service.RewardsService     : Calculate distance between -87.550438/33.208973 and -170.49169684262645/-69.05071280613114
2023-09-27T16:51:41.008+02:00 DEBUG 7856 --- [pool-2-thread-1] c.o.tourguide.service.RewardsService     : Checking if the user 4832a969-e397-46c0-b1f5-c77a32a07fe2 already get close from Tiger Stadium
2023-09-27T16:51:41.008+02:00 DEBUG 7856 --- [pool-2-thread-1] c.o.tourguide.service.RewardsService     : Calculate distance between -91.183815/30.412035 and -170.49169684262645/-69.05071280613114
2023-09-27T16:51:41.008+02:00 DEBUG 7856 --- [pool-2-thread-1] c.o.tourguide.service.RewardsService     : Checking if the user 4832a969-e397-46c0-b1f5-c77a32a07fe2 already get close from Neyland Stadium
2023-09-27T16:51:41.008+02:00 DEBUG 7856 --- [pool-2-thread-1] c.o.tourguide.service.RewardsService     : Calculate distance between -83.925011/35.955013 and -170.49169684262645/-69.05071280613114
2023-09-27T16:51:41.008+02:00 DEBUG 7856 --- [pool-2-thread-1] c.o.tourguide.service.RewardsService     : Checking if the user 4832a969-e397-46c0-b1f5-c77a32a07fe2 already get close from Kyle Field
2023-09-27T16:51:41.008+02:00 DEBUG 7856 --- [pool-2-thread-1] c.o.tourguide.service.RewardsService     : Calculate distance between -96.339844/30.61025 and -170.49169684262645/-69.05071280613114
2023-09-27T16:51:41.008+02:00 DEBUG 7856 --- [pool-2-thread-1] c.o.tourguide.service.RewardsService     : Checking if the user 4832a969-e397-46c0-b1f5-c77a32a07fe2 already get close from San Diego Zoo
2023-09-27T16:51:41.008+02:00 DEBUG 7856 --- [pool-2-thread-1] c.o.tourguide.service.RewardsService     : Calculate distance between -117.149048/32.735317 and -170.49169684262645/-69.05071280613114
2023-09-27T16:51:41.008+02:00 DEBUG 7856 --- [pool-2-thread-1] c.o.tourguide.service.RewardsService     : Checking if the user 4832a969-e397-46c0-b1f5-c77a32a07fe2 already get close from Zoo Tampa at Lowry Park
2023-09-27T16:51:41.008+02:00 DEBUG 7856 --- [pool-2-thread-1] c.o.tourguide.service.RewardsService     : Calculate distance between -82.469269/28.012804 and -170.49169684262645/-69.05071280613114
2023-09-27T16:51:41.008+02:00 DEBUG 7856 --- [pool-2-thread-1] c.o.tourguide.service.RewardsService     : Checking if the user 4832a969-e397-46c0-b1f5-c77a32a07fe2 already get close from Franklin Park Zoo
2023-09-27T16:51:41.008+02:00 DEBUG 7856 --- [pool-2-thread-1] c.o.tourguide.service.RewardsService     : Calculate distance between -71.086731/42.302601 and -170.49169684262645/-69.05071280613114
2023-09-27T16:51:41.008+02:00 DEBUG 7856 --- [pool-2-thread-1] c.o.tourguide.service.RewardsService     : Checking if the user 4832a969-e397-46c0-b1f5-c77a32a07fe2 already get close from El Paso Zoo
2023-09-27T16:51:41.008+02:00 DEBUG 7856 --- [pool-2-thread-1] c.o.tourguide.service.RewardsService     : Calculate distance between -106.44487/31.769125 and -170.49169684262645/-69.05071280613114
2023-09-27T16:51:41.008+02:00 DEBUG 7856 --- [pool-2-thread-1] c.o.tourguide.service.RewardsService     : Checking if the user 4832a969-e397-46c0-b1f5-c77a32a07fe2 already get close from Kansas City Zoo
2023-09-27T16:51:41.008+02:00 DEBUG 7856 --- [pool-2-thread-1] c.o.tourguide.service.RewardsService     : Calculate distance between -94.529625/39.007504 and -170.49169684262645/-69.05071280613114
2023-09-27T16:51:41.008+02:00 DEBUG 7856 --- [pool-2-thread-1] c.o.tourguide.service.RewardsService     : Checking if the user 4832a969-e397-46c0-b1f5-c77a32a07fe2 already get close from Bronx Zoo
2023-09-27T16:51:41.008+02:00 DEBUG 7856 --- [pool-2-thread-1] c.o.tourguide.service.RewardsService     : Calculate distance between -73.872971/40.852905 and -170.49169684262645/-69.05071280613114
2023-09-27T16:51:41.008+02:00 DEBUG 7856 --- [pool-2-thread-1] c.o.tourguide.service.RewardsService     : Checking if the user 4832a969-e397-46c0-b1f5-c77a32a07fe2 already get close from Cinderella Castle
2023-09-27T16:51:41.008+02:00 DEBUG 7856 --- [pool-2-thread-1] c.o.tourguide.service.RewardsService     : Calculate distance between -81.5812/28.419411 and -170.49169684262645/-69.05071280613114
2023-09-27T16:51:41.008+02:00 DEBUG 7856 --- [pool-2-thread-1] c.o.tourguide.service.RewardsService     : Checking if the user 4832a969-e397-46c0-b1f5-c77a32a07fe2 already get close from Disneyland
2023-09-27T16:51:41.008+02:00 DEBUG 7856 --- [pool-2-thread-1] c.o.tourguide.service.RewardsService     : Calculate distance between -117.922008/33.817595 and -144.09378974531188/-62.253529165439474
2023-09-27T16:51:41.008+02:00 DEBUG 7856 --- [pool-2-thread-1] c.o.tourguide.service.RewardsService     : Checking if the user 4832a969-e397-46c0-b1f5-c77a32a07fe2 already get close from Jackson Hole
2023-09-27T16:51:41.008+02:00 DEBUG 7856 --- [pool-2-thread-1] c.o.tourguide.service.RewardsService     : Calculate distance between -110.821999/43.582767 and -144.09378974531188/-62.253529165439474
2023-09-27T16:51:41.008+02:00 DEBUG 7856 --- [pool-2-thread-1] c.o.tourguide.service.RewardsService     : Checking if the user 4832a969-e397-46c0-b1f5-c77a32a07fe2 already get close from Mojave National Preserve
2023-09-27T16:51:41.008+02:00 DEBUG 7856 --- [pool-2-thread-1] c.o.tourguide.service.RewardsService     : Calculate distance between -115.510399/35.141689 and -144.09378974531188/-62.253529165439474
2023-09-27T16:51:41.008+02:00 DEBUG 7856 --- [pool-2-thread-1] c.o.tourguide.service.RewardsService     : Checking if the user 4832a969-e397-46c0-b1f5-c77a32a07fe2 already get close from Joshua Tree National Park
2023-09-27T16:51:41.008+02:00 DEBUG 7856 --- [pool-2-thread-1] c.o.tourguide.service.RewardsService     : Calculate distance between -115.90065/33.881866 and -144.09378974531188/-62.253529165439474
2023-09-27T16:51:41.008+02:00 DEBUG 7856 --- [pool-2-thread-1] c.o.tourguide.service.RewardsService     : Checking if the user 4832a969-e397-46c0-b1f5-c77a32a07fe2 already get close from Buffalo National River
2023-09-27T16:51:41.008+02:00 DEBUG 7856 --- [pool-2-thread-1] c.o.tourguide.service.RewardsService     : Calculate distance between -92.757652/35.985512 and -144.09378974531188/-62.253529165439474
2023-09-27T16:51:41.008+02:00 DEBUG 7856 --- [pool-2-thread-1] c.o.tourguide.service.RewardsService     : Checking if the user 4832a969-e397-46c0-b1f5-c77a32a07fe2 already get close from Hot Springs National Park
2023-09-27T16:51:41.008+02:00 DEBUG 7856 --- [pool-2-thread-1] c.o.tourguide.service.RewardsService     : Calculate distance between -93.042267/34.52153 and -144.09378974531188/-62.253529165439474
2023-09-27T16:51:41.008+02:00 DEBUG 7856 --- [pool-2-thread-1] c.o.tourguide.service.RewardsService     : Checking if the user 4832a969-e397-46c0-b1f5-c77a32a07fe2 already get close from Kartchner Caverns State Park
2023-09-27T16:51:41.008+02:00 DEBUG 7856 --- [pool-2-thread-1] c.o.tourguide.service.RewardsService     : Calculate distance between -110.347382/31.837551 and -144.09378974531188/-62.253529165439474
2023-09-27T16:51:41.008+02:00 DEBUG 7856 --- [pool-2-thread-1] c.o.tourguide.service.RewardsService     : Checking if the user 4832a969-e397-46c0-b1f5-c77a32a07fe2 already get close from Legend Valley
2023-09-27T16:51:41.008+02:00 DEBUG 7856 --- [pool-2-thread-1] c.o.tourguide.service.RewardsService     : Calculate distance between -82.40667/39.937778 and -144.09378974531188/-62.253529165439474
2023-09-27T16:51:41.008+02:00 DEBUG 7856 --- [pool-2-thread-1] c.o.tourguide.service.RewardsService     : Checking if the user 4832a969-e397-46c0-b1f5-c77a32a07fe2 already get close from Flowers Bakery of London
2023-09-27T16:51:41.008+02:00 DEBUG 7856 --- [pool-2-thread-1] c.o.tourguide.service.RewardsService     : Calculate distance between -84.07486/37.131527 and -144.09378974531188/-62.253529165439474
2023-09-27T16:51:41.008+02:00 DEBUG 7856 --- [pool-2-thread-1] c.o.tourguide.service.RewardsService     : Checking if the user 4832a969-e397-46c0-b1f5-c77a32a07fe2 already get close from McKinley Tower
2023-09-27T16:51:41.008+02:00 DEBUG 7856 --- [pool-2-thread-1] c.o.tourguide.service.RewardsService     : Calculate distance between -149.877502/61.218887 and -144.09378974531188/-62.253529165439474
2023-09-27T16:51:41.008+02:00 DEBUG 7856 --- [pool-2-thread-1] c.o.tourguide.service.RewardsService     : Checking if the user 4832a969-e397-46c0-b1f5-c77a32a07fe2 already get close from Flatiron Building
2023-09-27T16:51:41.008+02:00 DEBUG 7856 --- [pool-2-thread-1] c.o.tourguide.service.RewardsService     : Calculate distance between -73.989723/40.741112 and -144.09378974531188/-62.253529165439474
2023-09-27T16:51:41.008+02:00 DEBUG 7856 --- [pool-2-thread-1] c.o.tourguide.service.RewardsService     : Checking if the user 4832a969-e397-46c0-b1f5-c77a32a07fe2 already get close from Fallingwater
2023-09-27T16:51:41.008+02:00 DEBUG 7856 --- [pool-2-thread-1] c.o.tourguide.service.RewardsService     : Calculate distance between -79.468056/39.906113 and -144.09378974531188/-62.253529165439474
2023-09-27T16:51:41.008+02:00 DEBUG 7856 --- [pool-2-thread-1] c.o.tourguide.service.RewardsService     : Checking if the user 4832a969-e397-46c0-b1f5-c77a32a07fe2 already get close from Union Station
2023-09-27T16:51:41.008+02:00 DEBUG 7856 --- [pool-2-thread-1] c.o.tourguide.service.RewardsService     : Calculate distance between -77.006332/38.897095 and -144.09378974531188/-62.253529165439474
2023-09-27T16:51:41.008+02:00 DEBUG 7856 --- [pool-2-thread-1] c.o.tourguide.service.RewardsService     : Checking if the user 4832a969-e397-46c0-b1f5-c77a32a07fe2 already get close from Roger Dean Stadium
2023-09-27T16:51:41.008+02:00 DEBUG 7856 --- [pool-2-thread-1] c.o.tourguide.service.RewardsService     : Calculate distance between -80.116577/26.890959 and -144.09378974531188/-62.253529165439474
2023-09-27T16:51:41.008+02:00 DEBUG 7856 --- [pool-2-thread-1] c.o.tourguide.service.RewardsService     : Checking if the user 4832a969-e397-46c0-b1f5-c77a32a07fe2 already get close from Texas Memorial Stadium
2023-09-27T16:51:41.008+02:00 DEBUG 7856 --- [pool-2-thread-1] c.o.tourguide.service.RewardsService     : Calculate distance between -97.732536/30.283682 and -144.09378974531188/-62.253529165439474
2023-09-27T16:51:41.008+02:00 DEBUG 7856 --- [pool-2-thread-1] c.o.tourguide.service.RewardsService     : Checking if the user 4832a969-e397-46c0-b1f5-c77a32a07fe2 already get close from Bryant-Denny Stadium
2023-09-27T16:51:41.008+02:00 DEBUG 7856 --- [pool-2-thread-1] c.o.tourguide.service.RewardsService     : Calculate distance between -87.550438/33.208973 and -144.09378974531188/-62.253529165439474
2023-09-27T16:51:41.009+02:00 DEBUG 7856 --- [pool-2-thread-1] c.o.tourguide.service.RewardsService     : Checking if the user 4832a969-e397-46c0-b1f5-c77a32a07fe2 already get close from Tiger Stadium
2023-09-27T16:51:41.009+02:00 DEBUG 7856 --- [pool-2-thread-1] c.o.tourguide.service.RewardsService     : Calculate distance between -91.183815/30.412035 and -144.09378974531188/-62.253529165439474
2023-09-27T16:51:41.009+02:00 DEBUG 7856 --- [pool-2-thread-1] c.o.tourguide.service.RewardsService     : Checking if the user 4832a969-e397-46c0-b1f5-c77a32a07fe2 already get close from Neyland Stadium
2023-09-27T16:51:41.009+02:00 DEBUG 7856 --- [pool-2-thread-1] c.o.tourguide.service.RewardsService     : Calculate distance between -83.925011/35.955013 and -144.09378974531188/-62.253529165439474
2023-09-27T16:51:41.009+02:00 DEBUG 7856 --- [pool-2-thread-1] c.o.tourguide.service.RewardsService     : Checking if the user 4832a969-e397-46c0-b1f5-c77a32a07fe2 already get close from Kyle Field
2023-09-27T16:51:41.009+02:00 DEBUG 7856 --- [pool-2-thread-1] c.o.tourguide.service.RewardsService     : Calculate distance between -96.339844/30.61025 and -144.09378974531188/-62.253529165439474
2023-09-27T16:51:41.009+02:00 DEBUG 7856 --- [pool-2-thread-1] c.o.tourguide.service.RewardsService     : Checking if the user 4832a969-e397-46c0-b1f5-c77a32a07fe2 already get close from San Diego Zoo
2023-09-27T16:51:41.009+02:00 DEBUG 7856 --- [pool-2-thread-1] c.o.tourguide.service.RewardsService     : Calculate distance between -117.149048/32.735317 and -144.09378974531188/-62.253529165439474
2023-09-27T16:51:41.009+02:00 DEBUG 7856 --- [pool-2-thread-1] c.o.tourguide.service.RewardsService     : Checking if the user 4832a969-e397-46c0-b1f5-c77a32a07fe2 already get close from Zoo Tampa at Lowry Park
2023-09-27T16:51:41.009+02:00 DEBUG 7856 --- [pool-2-thread-1] c.o.tourguide.service.RewardsService     : Calculate distance between -82.469269/28.012804 and -144.09378974531188/-62.253529165439474
2023-09-27T16:51:41.009+02:00 DEBUG 7856 --- [pool-2-thread-1] c.o.tourguide.service.RewardsService     : Checking if the user 4832a969-e397-46c0-b1f5-c77a32a07fe2 already get close from Franklin Park Zoo
2023-09-27T16:51:41.009+02:00 DEBUG 7856 --- [pool-2-thread-1] c.o.tourguide.service.RewardsService     : Calculate distance between -71.086731/42.302601 and -144.09378974531188/-62.253529165439474
2023-09-27T16:51:41.009+02:00 DEBUG 7856 --- [pool-2-thread-1] c.o.tourguide.service.RewardsService     : Checking if the user 4832a969-e397-46c0-b1f5-c77a32a07fe2 already get close from El Paso Zoo
2023-09-27T16:51:41.009+02:00 DEBUG 7856 --- [pool-2-thread-1] c.o.tourguide.service.RewardsService     : Calculate distance between -106.44487/31.769125 and -144.09378974531188/-62.253529165439474
2023-09-27T16:51:41.009+02:00 DEBUG 7856 --- [pool-2-thread-1] c.o.tourguide.service.RewardsService     : Checking if the user 4832a969-e397-46c0-b1f5-c77a32a07fe2 already get close from Kansas City Zoo
2023-09-27T16:51:41.009+02:00 DEBUG 7856 --- [pool-2-thread-1] c.o.tourguide.service.RewardsService     : Calculate distance between -94.529625/39.007504 and -144.09378974531188/-62.253529165439474
2023-09-27T16:51:41.009+02:00 DEBUG 7856 --- [pool-2-thread-1] c.o.tourguide.service.RewardsService     : Checking if the user 4832a969-e397-46c0-b1f5-c77a32a07fe2 already get close from Bronx Zoo
2023-09-27T16:51:41.009+02:00 DEBUG 7856 --- [pool-2-thread-1] c.o.tourguide.service.RewardsService     : Calculate distance between -73.872971/40.852905 and -144.09378974531188/-62.253529165439474
2023-09-27T16:51:41.009+02:00 DEBUG 7856 --- [pool-2-thread-1] c.o.tourguide.service.RewardsService     : Checking if the user 4832a969-e397-46c0-b1f5-c77a32a07fe2 already get close from Cinderella Castle
2023-09-27T16:51:41.009+02:00 DEBUG 7856 --- [pool-2-thread-1] c.o.tourguide.service.RewardsService     : Calculate distance between -81.5812/28.419411 and -144.09378974531188/-62.253529165439474
2023-09-27T16:51:41.009+02:00 DEBUG 7856 --- [pool-2-thread-1] c.o.tourguide.service.RewardsService     : Checking if the user 4832a969-e397-46c0-b1f5-c77a32a07fe2 already get close from Disneyland
2023-09-27T16:51:41.009+02:00 DEBUG 7856 --- [pool-2-thread-1] c.o.tourguide.service.RewardsService     : Calculate distance between -117.922008/33.817595 and 169.49852568409335/-69.04782657939029
2023-09-27T16:51:41.009+02:00 DEBUG 7856 --- [pool-2-thread-1] c.o.tourguide.service.RewardsService     : Checking if the user 4832a969-e397-46c0-b1f5-c77a32a07fe2 already get close from Jackson Hole
2023-09-27T16:51:41.009+02:00 DEBUG 7856 --- [pool-2-thread-1] c.o.tourguide.service.RewardsService     : Calculate distance between -110.821999/43.582767 and 169.49852568409335/-69.04782657939029
2023-09-27T16:51:41.009+02:00 DEBUG 7856 --- [pool-2-thread-1] c.o.tourguide.service.RewardsService     : Checking if the user 4832a969-e397-46c0-b1f5-c77a32a07fe2 already get close from Mojave National Preserve
2023-09-27T16:51:41.009+02:00 DEBUG 7856 --- [pool-2-thread-1] c.o.tourguide.service.RewardsService     : Calculate distance between -115.510399/35.141689 and 169.49852568409335/-69.04782657939029
2023-09-27T16:51:41.009+02:00 DEBUG 7856 --- [pool-2-thread-1] c.o.tourguide.service.RewardsService     : Checking if the user 4832a969-e397-46c0-b1f5-c77a32a07fe2 already get close from Joshua Tree National Park
2023-09-27T16:51:41.009+02:00 DEBUG 7856 --- [pool-2-thread-1] c.o.tourguide.service.RewardsService     : Calculate distance between -115.90065/33.881866 and 169.49852568409335/-69.04782657939029
2023-09-27T16:51:41.009+02:00 DEBUG 7856 --- [pool-2-thread-1] c.o.tourguide.service.RewardsService     : Checking if the user 4832a969-e397-46c0-b1f5-c77a32a07fe2 already get close from Buffalo National River
2023-09-27T16:51:41.009+02:00 DEBUG 7856 --- [pool-2-thread-1] c.o.tourguide.service.RewardsService     : Calculate distance between -92.757652/35.985512 and 169.49852568409335/-69.04782657939029
2023-09-27T16:51:41.009+02:00 DEBUG 7856 --- [pool-2-thread-1] c.o.tourguide.service.RewardsService     : Checking if the user 4832a969-e397-46c0-b1f5-c77a32a07fe2 already get close from Hot Springs National Park
2023-09-27T16:51:41.009+02:00 DEBUG 7856 --- [pool-2-thread-1] c.o.tourguide.service.RewardsService     : Calculate distance between -93.042267/34.52153 and 169.49852568409335/-69.04782657939029
2023-09-27T16:51:41.009+02:00 DEBUG 7856 --- [pool-2-thread-1] c.o.tourguide.service.RewardsService     : Checking if the user 4832a969-e397-46c0-b1f5-c77a32a07fe2 already get close from Kartchner Caverns State Park
2023-09-27T16:51:41.009+02:00 DEBUG 7856 --- [pool-2-thread-1] c.o.tourguide.service.RewardsService     : Calculate distance between -110.347382/31.837551 and 169.49852568409335/-69.04782657939029
2023-09-27T16:51:41.009+02:00 DEBUG 7856 --- [pool-2-thread-1] c.o.tourguide.service.RewardsService     : Checking if the user 4832a969-e397-46c0-b1f5-c77a32a07fe2 already get close from Legend Valley
2023-09-27T16:51:41.009+02:00 DEBUG 7856 --- [pool-2-thread-1] c.o.tourguide.service.RewardsService     : Calculate distance between -82.40667/39.937778 and 169.49852568409335/-69.04782657939029
2023-09-27T16:51:41.009+02:00 DEBUG 7856 --- [pool-2-thread-1] c.o.tourguide.service.RewardsService     : Checking if the user 4832a969-e397-46c0-b1f5-c77a32a07fe2 already get close from Flowers Bakery of London
2023-09-27T16:51:41.009+02:00 DEBUG 7856 --- [pool-2-thread-1] c.o.tourguide.service.RewardsService     : Calculate distance between -84.07486/37.131527 and 169.49852568409335/-69.04782657939029
2023-09-27T16:51:41.009+02:00 DEBUG 7856 --- [pool-2-thread-1] c.o.tourguide.service.RewardsService     : Checking if the user 4832a969-e397-46c0-b1f5-c77a32a07fe2 already get close from McKinley Tower
2023-09-27T16:51:41.009+02:00 DEBUG 7856 --- [pool-2-thread-1] c.o.tourguide.service.RewardsService     : Calculate distance between -149.877502/61.218887 and 169.49852568409335/-69.04782657939029
2023-09-27T16:51:41.009+02:00 DEBUG 7856 --- [pool-2-thread-1] c.o.tourguide.service.RewardsService     : Checking if the user 4832a969-e397-46c0-b1f5-c77a32a07fe2 already get close from Flatiron Building
2023-09-27T16:51:41.009+02:00 DEBUG 7856 --- [pool-2-thread-1] c.o.tourguide.service.RewardsService     : Calculate distance between -73.989723/40.741112 and 169.49852568409335/-69.04782657939029
2023-09-27T16:51:41.009+02:00 DEBUG 7856 --- [pool-2-thread-1] c.o.tourguide.service.RewardsService     : Checking if the user 4832a969-e397-46c0-b1f5-c77a32a07fe2 already get close from Fallingwater
2023-09-27T16:51:41.009+02:00 DEBUG 7856 --- [pool-2-thread-1] c.o.tourguide.service.RewardsService     : Calculate distance between -79.468056/39.906113 and 169.49852568409335/-69.04782657939029
2023-09-27T16:51:41.009+02:00 DEBUG 7856 --- [pool-2-thread-1] c.o.tourguide.service.RewardsService     : Checking if the user 4832a969-e397-46c0-b1f5-c77a32a07fe2 already get close from Union Station
2023-09-27T16:51:41.009+02:00 DEBUG 7856 --- [pool-2-thread-1] c.o.tourguide.service.RewardsService     : Calculate distance between -77.006332/38.897095 and 169.49852568409335/-69.04782657939029
2023-09-27T16:51:41.009+02:00 DEBUG 7856 --- [pool-2-thread-1] c.o.tourguide.service.RewardsService     : Checking if the user 4832a969-e397-46c0-b1f5-c77a32a07fe2 already get close from Roger Dean Stadium
2023-09-27T16:51:41.009+02:00 DEBUG 7856 --- [pool-2-thread-1] c.o.tourguide.service.RewardsService     : Calculate distance between -80.116577/26.890959 and 169.49852568409335/-69.04782657939029
2023-09-27T16:51:41.009+02:00 DEBUG 7856 --- [pool-2-thread-1] c.o.tourguide.service.RewardsService     : Checking if the user 4832a969-e397-46c0-b1f5-c77a32a07fe2 already get close from Texas Memorial Stadium
2023-09-27T16:51:41.009+02:00 DEBUG 7856 --- [pool-2-thread-1] c.o.tourguide.service.RewardsService     : Calculate distance between -97.732536/30.283682 and 169.49852568409335/-69.04782657939029
2023-09-27T16:51:41.009+02:00 DEBUG 7856 --- [pool-2-thread-1] c.o.tourguide.service.RewardsService     : Checking if the user 4832a969-e397-46c0-b1f5-c77a32a07fe2 already get close from Bryant-Denny Stadium
2023-09-27T16:51:41.009+02:00 DEBUG 7856 --- [pool-2-thread-1] c.o.tourguide.service.RewardsService     : Calculate distance between -87.550438/33.208973 and 169.49852568409335/-69.04782657939029
2023-09-27T16:51:41.009+02:00 DEBUG 7856 --- [pool-2-thread-1] c.o.tourguide.service.RewardsService     : Checking if the user 4832a969-e397-46c0-b1f5-c77a32a07fe2 already get close from Tiger Stadium
2023-09-27T16:51:41.009+02:00 DEBUG 7856 --- [pool-2-thread-1] c.o.tourguide.service.RewardsService     : Calculate distance between -91.183815/30.412035 and 169.49852568409335/-69.04782657939029
2023-09-27T16:51:41.009+02:00 DEBUG 7856 --- [pool-2-thread-1] c.o.tourguide.service.RewardsService     : Checking if the user 4832a969-e397-46c0-b1f5-c77a32a07fe2 already get close from Neyland Stadium
2023-09-27T16:51:41.009+02:00 DEBUG 7856 --- [pool-2-thread-1] c.o.tourguide.service.RewardsService     : Calculate distance between -83.925011/35.955013 and 169.49852568409335/-69.04782657939029
2023-09-27T16:51:41.009+02:00 DEBUG 7856 --- [pool-2-thread-1] c.o.tourguide.service.RewardsService     : Checking if the user 4832a969-e397-46c0-b1f5-c77a32a07fe2 already get close from Kyle Field
2023-09-27T16:51:41.009+02:00 DEBUG 7856 --- [pool-2-thread-1] c.o.tourguide.service.RewardsService     : Calculate distance between -96.339844/30.61025 and 169.49852568409335/-69.04782657939029
2023-09-27T16:51:41.009+02:00 DEBUG 7856 --- [pool-2-thread-1] c.o.tourguide.service.RewardsService     : Checking if the user 4832a969-e397-46c0-b1f5-c77a32a07fe2 already get close from San Diego Zoo
2023-09-27T16:51:41.009+02:00 DEBUG 7856 --- [pool-2-thread-1] c.o.tourguide.service.RewardsService     : Calculate distance between -117.149048/32.735317 and 169.49852568409335/-69.04782657939029
2023-09-27T16:51:41.009+02:00 DEBUG 7856 --- [pool-2-thread-1] c.o.tourguide.service.RewardsService     : Checking if the user 4832a969-e397-46c0-b1f5-c77a32a07fe2 already get close from Zoo Tampa at Lowry Park
2023-09-27T16:51:41.009+02:00 DEBUG 7856 --- [pool-2-thread-1] c.o.tourguide.service.RewardsService     : Calculate distance between -82.469269/28.012804 and 169.49852568409335/-69.04782657939029
2023-09-27T16:51:41.009+02:00 DEBUG 7856 --- [pool-2-thread-1] c.o.tourguide.service.RewardsService     : Checking if the user 4832a969-e397-46c0-b1f5-c77a32a07fe2 already get close from Franklin Park Zoo
2023-09-27T16:51:41.009+02:00 DEBUG 7856 --- [pool-2-thread-1] c.o.tourguide.service.RewardsService     : Calculate distance between -71.086731/42.302601 and 169.49852568409335/-69.04782657939029
2023-09-27T16:51:41.009+02:00 DEBUG 7856 --- [pool-2-thread-1] c.o.tourguide.service.RewardsService     : Checking if the user 4832a969-e397-46c0-b1f5-c77a32a07fe2 already get close from El Paso Zoo
2023-09-27T16:51:41.009+02:00 DEBUG 7856 --- [pool-2-thread-1] c.o.tourguide.service.RewardsService     : Calculate distance between -106.44487/31.769125 and 169.49852568409335/-69.04782657939029
2023-09-27T16:51:41.009+02:00 DEBUG 7856 --- [pool-2-thread-1] c.o.tourguide.service.RewardsService     : Checking if the user 4832a969-e397-46c0-b1f5-c77a32a07fe2 already get close from Kansas City Zoo
2023-09-27T16:51:41.009+02:00 DEBUG 7856 --- [pool-2-thread-1] c.o.tourguide.service.RewardsService     : Calculate distance between -94.529625/39.007504 and 169.49852568409335/-69.04782657939029
2023-09-27T16:51:41.009+02:00 DEBUG 7856 --- [pool-2-thread-1] c.o.tourguide.service.RewardsService     : Checking if the user 4832a969-e397-46c0-b1f5-c77a32a07fe2 already get close from Bronx Zoo
2023-09-27T16:51:41.009+02:00 DEBUG 7856 --- [pool-2-thread-1] c.o.tourguide.service.RewardsService     : Calculate distance between -73.872971/40.852905 and 169.49852568409335/-69.04782657939029
2023-09-27T16:51:41.009+02:00 DEBUG 7856 --- [pool-2-thread-1] c.o.tourguide.service.RewardsService     : Checking if the user 4832a969-e397-46c0-b1f5-c77a32a07fe2 already get close from Cinderella Castle
2023-09-27T16:51:41.009+02:00 DEBUG 7856 --- [pool-2-thread-1] c.o.tourguide.service.RewardsService     : Calculate distance between -81.5812/28.419411 and 169.49852568409335/-69.04782657939029
2023-09-27T16:51:41.009+02:00 DEBUG 7856 --- [pool-2-thread-1] c.o.tourguide.service.RewardsService     : Checking if the user 4832a969-e397-46c0-b1f5-c77a32a07fe2 already get close from Disneyland
2023-09-27T16:51:41.009+02:00 DEBUG 7856 --- [pool-2-thread-1] c.o.tourguide.service.RewardsService     : Calculate distance between -117.922008/33.817595 and -177.763106/-7.113676
2023-09-27T16:51:41.009+02:00 DEBUG 7856 --- [pool-2-thread-1] c.o.tourguide.service.RewardsService     : Checking if the user 4832a969-e397-46c0-b1f5-c77a32a07fe2 already get close from Jackson Hole
2023-09-27T16:51:41.009+02:00 DEBUG 7856 --- [pool-2-thread-1] c.o.tourguide.service.RewardsService     : Calculate distance between -110.821999/43.582767 and -177.763106/-7.113676
2023-09-27T16:51:41.009+02:00 DEBUG 7856 --- [pool-2-thread-1] c.o.tourguide.service.RewardsService     : Checking if the user 4832a969-e397-46c0-b1f5-c77a32a07fe2 already get close from Mojave National Preserve
2023-09-27T16:51:41.009+02:00 DEBUG 7856 --- [pool-2-thread-1] c.o.tourguide.service.RewardsService     : Calculate distance between -115.510399/35.141689 and -177.763106/-7.113676
2023-09-27T16:51:41.009+02:00 DEBUG 7856 --- [pool-2-thread-1] c.o.tourguide.service.RewardsService     : Checking if the user 4832a969-e397-46c0-b1f5-c77a32a07fe2 already get close from Joshua Tree National Park
2023-09-27T16:51:41.009+02:00 DEBUG 7856 --- [pool-2-thread-1] c.o.tourguide.service.RewardsService     : Calculate distance between -115.90065/33.881866 and -177.763106/-7.113676
2023-09-27T16:51:41.009+02:00 DEBUG 7856 --- [pool-2-thread-1] c.o.tourguide.service.RewardsService     : Checking if the user 4832a969-e397-46c0-b1f5-c77a32a07fe2 already get close from Buffalo National River
2023-09-27T16:51:41.009+02:00 DEBUG 7856 --- [pool-2-thread-1] c.o.tourguide.service.RewardsService     : Calculate distance between -92.757652/35.985512 and -177.763106/-7.113676
2023-09-27T16:51:41.009+02:00 DEBUG 7856 --- [pool-2-thread-1] c.o.tourguide.service.RewardsService     : Checking if the user 4832a969-e397-46c0-b1f5-c77a32a07fe2 already get close from Hot Springs National Park
2023-09-27T16:51:41.009+02:00 DEBUG 7856 --- [pool-2-thread-1] c.o.tourguide.service.RewardsService     : Calculate distance between -93.042267/34.52153 and -177.763106/-7.113676
2023-09-27T16:51:41.009+02:00 DEBUG 7856 --- [pool-2-thread-1] c.o.tourguide.service.RewardsService     : Checking if the user 4832a969-e397-46c0-b1f5-c77a32a07fe2 already get close from Kartchner Caverns State Park
2023-09-27T16:51:41.009+02:00 DEBUG 7856 --- [pool-2-thread-1] c.o.tourguide.service.RewardsService     : Calculate distance between -110.347382/31.837551 and -177.763106/-7.113676
2023-09-27T16:51:41.009+02:00 DEBUG 7856 --- [pool-2-thread-1] c.o.tourguide.service.RewardsService     : Checking if the user 4832a969-e397-46c0-b1f5-c77a32a07fe2 already get close from Legend Valley
2023-09-27T16:51:41.009+02:00 DEBUG 7856 --- [pool-2-thread-1] c.o.tourguide.service.RewardsService     : Calculate distance between -82.40667/39.937778 and -177.763106/-7.113676
2023-09-27T16:51:41.009+02:00 DEBUG 7856 --- [pool-2-thread-1] c.o.tourguide.service.RewardsService     : Checking if the user 4832a969-e397-46c0-b1f5-c77a32a07fe2 already get close from Flowers Bakery of London
2023-09-27T16:51:41.009+02:00 DEBUG 7856 --- [pool-2-thread-1] c.o.tourguide.service.RewardsService     : Calculate distance between -84.07486/37.131527 and -177.763106/-7.113676
2023-09-27T16:51:41.009+02:00 DEBUG 7856 --- [pool-2-thread-1] c.o.tourguide.service.RewardsService     : Checking if the user 4832a969-e397-46c0-b1f5-c77a32a07fe2 already get close from McKinley Tower
2023-09-27T16:51:41.009+02:00 DEBUG 7856 --- [pool-2-thread-1] c.o.tourguide.service.RewardsService     : Calculate distance between -149.877502/61.218887 and -177.763106/-7.113676
2023-09-27T16:51:41.009+02:00 DEBUG 7856 --- [pool-2-thread-1] c.o.tourguide.service.RewardsService     : Checking if the user 4832a969-e397-46c0-b1f5-c77a32a07fe2 already get close from Flatiron Building
2023-09-27T16:51:41.009+02:00 DEBUG 7856 --- [pool-2-thread-1] c.o.tourguide.service.RewardsService     : Calculate distance between -73.989723/40.741112 and -177.763106/-7.113676
2023-09-27T16:51:41.009+02:00 DEBUG 7856 --- [pool-2-thread-1] c.o.tourguide.service.RewardsService     : Checking if the user 4832a969-e397-46c0-b1f5-c77a32a07fe2 already get close from Fallingwater
2023-09-27T16:51:41.009+02:00 DEBUG 7856 --- [pool-2-thread-1] c.o.tourguide.service.RewardsService     : Calculate distance between -79.468056/39.906113 and -177.763106/-7.113676
2023-09-27T16:51:41.009+02:00 DEBUG 7856 --- [pool-2-thread-1] c.o.tourguide.service.RewardsService     : Checking if the user 4832a969-e397-46c0-b1f5-c77a32a07fe2 already get close from Union Station
2023-09-27T16:51:41.009+02:00 DEBUG 7856 --- [pool-2-thread-1] c.o.tourguide.service.RewardsService     : Calculate distance between -77.006332/38.897095 and -177.763106/-7.113676
2023-09-27T16:51:41.009+02:00 DEBUG 7856 --- [pool-2-thread-1] c.o.tourguide.service.RewardsService     : Checking if the user 4832a969-e397-46c0-b1f5-c77a32a07fe2 already get close from Roger Dean Stadium
2023-09-27T16:51:41.009+02:00 DEBUG 7856 --- [pool-2-thread-1] c.o.tourguide.service.RewardsService     : Calculate distance between -80.116577/26.890959 and -177.763106/-7.113676
2023-09-27T16:51:41.009+02:00 DEBUG 7856 --- [pool-2-thread-1] c.o.tourguide.service.RewardsService     : Checking if the user 4832a969-e397-46c0-b1f5-c77a32a07fe2 already get close from Texas Memorial Stadium
2023-09-27T16:51:41.009+02:00 DEBUG 7856 --- [pool-2-thread-1] c.o.tourguide.service.RewardsService     : Calculate distance between -97.732536/30.283682 and -177.763106/-7.113676
2023-09-27T16:51:41.009+02:00 DEBUG 7856 --- [pool-2-thread-1] c.o.tourguide.service.RewardsService     : Checking if the user 4832a969-e397-46c0-b1f5-c77a32a07fe2 already get close from Bryant-Denny Stadium
2023-09-27T16:51:41.009+02:00 DEBUG 7856 --- [pool-2-thread-1] c.o.tourguide.service.RewardsService     : Calculate distance between -87.550438/33.208973 and -177.763106/-7.113676
2023-09-27T16:51:41.009+02:00 DEBUG 7856 --- [pool-2-thread-1] c.o.tourguide.service.RewardsService     : Checking if the user 4832a969-e397-46c0-b1f5-c77a32a07fe2 already get close from Tiger Stadium
2023-09-27T16:51:41.009+02:00 DEBUG 7856 --- [pool-2-thread-1] c.o.tourguide.service.RewardsService     : Calculate distance between -91.183815/30.412035 and -177.763106/-7.113676
2023-09-27T16:51:41.009+02:00 DEBUG 7856 --- [pool-2-thread-1] c.o.tourguide.service.RewardsService     : Checking if the user 4832a969-e397-46c0-b1f5-c77a32a07fe2 already get close from Neyland Stadium
2023-09-27T16:51:41.009+02:00 DEBUG 7856 --- [pool-2-thread-1] c.o.tourguide.service.RewardsService     : Calculate distance between -83.925011/35.955013 and -177.763106/-7.113676
2023-09-27T16:51:41.009+02:00 DEBUG 7856 --- [pool-2-thread-1] c.o.tourguide.service.RewardsService     : Checking if the user 4832a969-e397-46c0-b1f5-c77a32a07fe2 already get close from Kyle Field
2023-09-27T16:51:41.009+02:00 DEBUG 7856 --- [pool-2-thread-1] c.o.tourguide.service.RewardsService     : Calculate distance between -96.339844/30.61025 and -177.763106/-7.113676
2023-09-27T16:51:41.009+02:00 DEBUG 7856 --- [pool-2-thread-1] c.o.tourguide.service.RewardsService     : Checking if the user 4832a969-e397-46c0-b1f5-c77a32a07fe2 already get close from San Diego Zoo
2023-09-27T16:51:41.009+02:00 DEBUG 7856 --- [pool-2-thread-1] c.o.tourguide.service.RewardsService     : Calculate distance between -117.149048/32.735317 and -177.763106/-7.113676
2023-09-27T16:51:41.009+02:00 DEBUG 7856 --- [pool-2-thread-1] c.o.tourguide.service.RewardsService     : Checking if the user 4832a969-e397-46c0-b1f5-c77a32a07fe2 already get close from Zoo Tampa at Lowry Park
2023-09-27T16:51:41.009+02:00 DEBUG 7856 --- [pool-2-thread-1] c.o.tourguide.service.RewardsService     : Calculate distance between -82.469269/28.012804 and -177.763106/-7.113676
2023-09-27T16:51:41.009+02:00 DEBUG 7856 --- [pool-2-thread-1] c.o.tourguide.service.RewardsService     : Checking if the user 4832a969-e397-46c0-b1f5-c77a32a07fe2 already get close from Franklin Park Zoo
2023-09-27T16:51:41.009+02:00 DEBUG 7856 --- [pool-2-thread-1] c.o.tourguide.service.RewardsService     : Calculate distance between -71.086731/42.302601 and -177.763106/-7.113676
2023-09-27T16:51:41.009+02:00 DEBUG 7856 --- [pool-2-thread-1] c.o.tourguide.service.RewardsService     : Checking if the user 4832a969-e397-46c0-b1f5-c77a32a07fe2 already get close from El Paso Zoo
2023-09-27T16:51:41.009+02:00 DEBUG 7856 --- [pool-2-thread-1] c.o.tourguide.service.RewardsService     : Calculate distance between -106.44487/31.769125 and -177.763106/-7.113676
2023-09-27T16:51:41.009+02:00 DEBUG 7856 --- [pool-2-thread-1] c.o.tourguide.service.RewardsService     : Checking if the user 4832a969-e397-46c0-b1f5-c77a32a07fe2 already get close from Kansas City Zoo
2023-09-27T16:51:41.009+02:00 DEBUG 7856 --- [pool-2-thread-1] c.o.tourguide.service.RewardsService     : Calculate distance between -94.529625/39.007504 and -177.763106/-7.113676
2023-09-27T16:51:41.009+02:00 DEBUG 7856 --- [pool-2-thread-1] c.o.tourguide.service.RewardsService     : Checking if the user 4832a969-e397-46c0-b1f5-c77a32a07fe2 already get close from Bronx Zoo
2023-09-27T16:51:41.009+02:00 DEBUG 7856 --- [pool-2-thread-1] c.o.tourguide.service.RewardsService     : Calculate distance between -73.872971/40.852905 and -177.763106/-7.113676
2023-09-27T16:51:41.009+02:00 DEBUG 7856 --- [pool-2-thread-1] c.o.tourguide.service.RewardsService     : Checking if the user 4832a969-e397-46c0-b1f5-c77a32a07fe2 already get close from Cinderella Castle
2023-09-27T16:51:41.009+02:00 DEBUG 7856 --- [pool-2-thread-1] c.o.tourguide.service.RewardsService     : Calculate distance between -81.5812/28.419411 and -177.763106/-7.113676
2023-09-27T16:51:41.009+02:00 DEBUG 7856 --- [pool-2-thread-1] c.o.tourguide.service.RewardsService     : Checking if the user 4832a969-e397-46c0-b1f5-c77a32a07fe2 already get close from Disneyland
2023-09-27T16:51:41.009+02:00 DEBUG 7856 --- [pool-2-thread-1] c.o.tourguide.service.RewardsService     : Calculate distance between -117.922008/33.817595 and -133.316346/0.360413
2023-09-27T16:51:41.009+02:00 DEBUG 7856 --- [pool-2-thread-1] c.o.tourguide.service.RewardsService     : Checking if the user 4832a969-e397-46c0-b1f5-c77a32a07fe2 already get close from Jackson Hole
2023-09-27T16:51:41.009+02:00 DEBUG 7856 --- [pool-2-thread-1] c.o.tourguide.service.RewardsService     : Calculate distance between -110.821999/43.582767 and -133.316346/0.360413
2023-09-27T16:51:41.009+02:00 DEBUG 7856 --- [pool-2-thread-1] c.o.tourguide.service.RewardsService     : Checking if the user 4832a969-e397-46c0-b1f5-c77a32a07fe2 already get close from Mojave National Preserve
2023-09-27T16:51:41.009+02:00 DEBUG 7856 --- [pool-2-thread-1] c.o.tourguide.service.RewardsService     : Calculate distance between -115.510399/35.141689 and -133.316346/0.360413
2023-09-27T16:51:41.009+02:00 DEBUG 7856 --- [pool-2-thread-1] c.o.tourguide.service.RewardsService     : Checking if the user 4832a969-e397-46c0-b1f5-c77a32a07fe2 already get close from Joshua Tree National Park
2023-09-27T16:51:41.009+02:00 DEBUG 7856 --- [pool-2-thread-1] c.o.tourguide.service.RewardsService     : Calculate distance between -115.90065/33.881866 and -133.316346/0.360413
2023-09-27T16:51:41.009+02:00 DEBUG 7856 --- [pool-2-thread-1] c.o.tourguide.service.RewardsService     : Checking if the user 4832a969-e397-46c0-b1f5-c77a32a07fe2 already get close from Buffalo National River
2023-09-27T16:51:41.010+02:00 DEBUG 7856 --- [pool-2-thread-1] c.o.tourguide.service.RewardsService     : Calculate distance between -92.757652/35.985512 and -133.316346/0.360413
2023-09-27T16:51:41.010+02:00 DEBUG 7856 --- [pool-2-thread-1] c.o.tourguide.service.RewardsService     : Checking if the user 4832a969-e397-46c0-b1f5-c77a32a07fe2 already get close from Hot Springs National Park
2023-09-27T16:51:41.010+02:00 DEBUG 7856 --- [pool-2-thread-1] c.o.tourguide.service.RewardsService     : Calculate distance between -93.042267/34.52153 and -133.316346/0.360413
2023-09-27T16:51:41.010+02:00 DEBUG 7856 --- [pool-2-thread-1] c.o.tourguide.service.RewardsService     : Checking if the user 4832a969-e397-46c0-b1f5-c77a32a07fe2 already get close from Kartchner Caverns State Park
2023-09-27T16:51:41.010+02:00 DEBUG 7856 --- [pool-2-thread-1] c.o.tourguide.service.RewardsService     : Calculate distance between -110.347382/31.837551 and -133.316346/0.360413
2023-09-27T16:51:41.010+02:00 DEBUG 7856 --- [pool-2-thread-1] c.o.tourguide.service.RewardsService     : Checking if the user 4832a969-e397-46c0-b1f5-c77a32a07fe2 already get close from Legend Valley
2023-09-27T16:51:41.010+02:00 DEBUG 7856 --- [pool-2-thread-1] c.o.tourguide.service.RewardsService     : Calculate distance between -82.40667/39.937778 and -133.316346/0.360413
2023-09-27T16:51:41.010+02:00 DEBUG 7856 --- [pool-2-thread-1] c.o.tourguide.service.RewardsService     : Checking if the user 4832a969-e397-46c0-b1f5-c77a32a07fe2 already get close from Flowers Bakery of London
2023-09-27T16:51:41.010+02:00 DEBUG 7856 --- [pool-2-thread-1] c.o.tourguide.service.RewardsService     : Calculate distance between -84.07486/37.131527 and -133.316346/0.360413
2023-09-27T16:51:41.010+02:00 DEBUG 7856 --- [pool-2-thread-1] c.o.tourguide.service.RewardsService     : Checking if the user 4832a969-e397-46c0-b1f5-c77a32a07fe2 already get close from McKinley Tower
2023-09-27T16:51:41.010+02:00 DEBUG 7856 --- [pool-2-thread-1] c.o.tourguide.service.RewardsService     : Calculate distance between -149.877502/61.218887 and -133.316346/0.360413
2023-09-27T16:51:41.010+02:00 DEBUG 7856 --- [pool-2-thread-1] c.o.tourguide.service.RewardsService     : Checking if the user 4832a969-e397-46c0-b1f5-c77a32a07fe2 already get close from Flatiron Building
2023-09-27T16:51:41.010+02:00 DEBUG 7856 --- [pool-2-thread-1] c.o.tourguide.service.RewardsService     : Calculate distance between -73.989723/40.741112 and -133.316346/0.360413
2023-09-27T16:51:41.010+02:00 DEBUG 7856 --- [pool-2-thread-1] c.o.tourguide.service.RewardsService     : Checking if the user 4832a969-e397-46c0-b1f5-c77a32a07fe2 already get close from Fallingwater
2023-09-27T16:51:41.010+02:00 DEBUG 7856 --- [pool-2-thread-1] c.o.tourguide.service.RewardsService     : Calculate distance between -79.468056/39.906113 and -133.316346/0.360413
2023-09-27T16:51:41.010+02:00 DEBUG 7856 --- [pool-2-thread-1] c.o.tourguide.service.RewardsService     : Checking if the user 4832a969-e397-46c0-b1f5-c77a32a07fe2 already get close from Union Station
2023-09-27T16:51:41.010+02:00 DEBUG 7856 --- [pool-2-thread-1] c.o.tourguide.service.RewardsService     : Calculate distance between -77.006332/38.897095 and -133.316346/0.360413
2023-09-27T16:51:41.010+02:00 DEBUG 7856 --- [pool-2-thread-1] c.o.tourguide.service.RewardsService     : Checking if the user 4832a969-e397-46c0-b1f5-c77a32a07fe2 already get close from Roger Dean Stadium
2023-09-27T16:51:41.010+02:00 DEBUG 7856 --- [pool-2-thread-1] c.o.tourguide.service.RewardsService     : Calculate distance between -80.116577/26.890959 and -133.316346/0.360413
2023-09-27T16:51:41.010+02:00 DEBUG 7856 --- [pool-2-thread-1] c.o.tourguide.service.RewardsService     : Checking if the user 4832a969-e397-46c0-b1f5-c77a32a07fe2 already get close from Texas Memorial Stadium
2023-09-27T16:51:41.010+02:00 DEBUG 7856 --- [pool-2-thread-1] c.o.tourguide.service.RewardsService     : Calculate distance between -97.732536/30.283682 and -133.316346/0.360413
2023-09-27T16:51:41.010+02:00 DEBUG 7856 --- [pool-2-thread-1] c.o.tourguide.service.RewardsService     : Checking if the user 4832a969-e397-46c0-b1f5-c77a32a07fe2 already get close from Bryant-Denny Stadium
2023-09-27T16:51:41.010+02:00 DEBUG 7856 --- [pool-2-thread-1] c.o.tourguide.service.RewardsService     : Calculate distance between -87.550438/33.208973 and -133.316346/0.360413
2023-09-27T16:51:41.010+02:00 DEBUG 7856 --- [pool-2-thread-1] c.o.tourguide.service.RewardsService     : Checking if the user 4832a969-e397-46c0-b1f5-c77a32a07fe2 already get close from Tiger Stadium
2023-09-27T16:51:41.010+02:00 DEBUG 7856 --- [pool-2-thread-1] c.o.tourguide.service.RewardsService     : Calculate distance between -91.183815/30.412035 and -133.316346/0.360413
2023-09-27T16:51:41.010+02:00 DEBUG 7856 --- [pool-2-thread-1] c.o.tourguide.service.RewardsService     : Checking if the user 4832a969-e397-46c0-b1f5-c77a32a07fe2 already get close from Neyland Stadium
2023-09-27T16:51:41.010+02:00 DEBUG 7856 --- [pool-2-thread-1] c.o.tourguide.service.RewardsService     : Calculate distance between -83.925011/35.955013 and -133.316346/0.360413
2023-09-27T16:51:41.010+02:00 DEBUG 7856 --- [pool-2-thread-1] c.o.tourguide.service.RewardsService     : Checking if the user 4832a969-e397-46c0-b1f5-c77a32a07fe2 already get close from Kyle Field
2023-09-27T16:51:41.010+02:00 DEBUG 7856 --- [pool-2-thread-1] c.o.tourguide.service.RewardsService     : Calculate distance between -96.339844/30.61025 and -133.316346/0.360413
2023-09-27T16:51:41.010+02:00 DEBUG 7856 --- [pool-2-thread-1] c.o.tourguide.service.RewardsService     : Checking if the user 4832a969-e397-46c0-b1f5-c77a32a07fe2 already get close from San Diego Zoo
2023-09-27T16:51:41.010+02:00 DEBUG 7856 --- [pool-2-thread-1] c.o.tourguide.service.RewardsService     : Calculate distance between -117.149048/32.735317 and -133.316346/0.360413
2023-09-27T16:51:41.010+02:00 DEBUG 7856 --- [pool-2-thread-1] c.o.tourguide.service.RewardsService     : Checking if the user 4832a969-e397-46c0-b1f5-c77a32a07fe2 already get close from Zoo Tampa at Lowry Park
2023-09-27T16:51:41.010+02:00 DEBUG 7856 --- [pool-2-thread-1] c.o.tourguide.service.RewardsService     : Calculate distance between -82.469269/28.012804 and -133.316346/0.360413
2023-09-27T16:51:41.010+02:00 DEBUG 7856 --- [pool-2-thread-1] c.o.tourguide.service.RewardsService     : Checking if the user 4832a969-e397-46c0-b1f5-c77a32a07fe2 already get close from Franklin Park Zoo
2023-09-27T16:51:41.010+02:00 DEBUG 7856 --- [pool-2-thread-1] c.o.tourguide.service.RewardsService     : Calculate distance between -71.086731/42.302601 and -133.316346/0.360413
2023-09-27T16:51:41.010+02:00 DEBUG 7856 --- [pool-2-thread-1] c.o.tourguide.service.RewardsService     : Checking if the user 4832a969-e397-46c0-b1f5-c77a32a07fe2 already get close from El Paso Zoo
2023-09-27T16:51:41.010+02:00 DEBUG 7856 --- [pool-2-thread-1] c.o.tourguide.service.RewardsService     : Calculate distance between -106.44487/31.769125 and -133.316346/0.360413
2023-09-27T16:51:41.010+02:00 DEBUG 7856 --- [pool-2-thread-1] c.o.tourguide.service.RewardsService     : Checking if the user 4832a969-e397-46c0-b1f5-c77a32a07fe2 already get close from Kansas City Zoo
2023-09-27T16:51:41.010+02:00 DEBUG 7856 --- [pool-2-thread-1] c.o.tourguide.service.RewardsService     : Calculate distance between -94.529625/39.007504 and -133.316346/0.360413
2023-09-27T16:51:41.010+02:00 DEBUG 7856 --- [pool-2-thread-1] c.o.tourguide.service.RewardsService     : Checking if the user 4832a969-e397-46c0-b1f5-c77a32a07fe2 already get close from Bronx Zoo
2023-09-27T16:51:41.010+02:00 DEBUG 7856 --- [pool-2-thread-1] c.o.tourguide.service.RewardsService     : Calculate distance between -73.872971/40.852905 and -133.316346/0.360413
2023-09-27T16:51:41.010+02:00 DEBUG 7856 --- [pool-2-thread-1] c.o.tourguide.service.RewardsService     : Checking if the user 4832a969-e397-46c0-b1f5-c77a32a07fe2 already get close from Cinderella Castle
2023-09-27T16:51:41.010+02:00 DEBUG 7856 --- [pool-2-thread-1] c.o.tourguide.service.RewardsService     : Calculate distance between -81.5812/28.419411 and -133.316346/0.360413
2023-09-27T16:51:41.010+02:00 DEBUG 7856 --- [pool-2-thread-1] c.o.tourguide.service.RewardsService     : Trying to add 0 rewards
2023-09-27T16:51:41.083+02:00  INFO 7856 --- [pool-2-thread-1] c.o.tourguide.service.TourGuideService   : Adding the current location to the user internalUser5156
2023-09-27T16:51:41.083+02:00 DEBUG 7856 --- [pool-2-thread-1] c.o.tourguide.service.RewardsService     : calculate reward for internalUser5156 on his 5 known locations
2023-09-27T16:51:41.093+02:00 DEBUG 7856 --- [pool-2-thread-1] c.o.tourguide.service.RewardsService     : Checking if the user 500b545b-adae-4d5c-b098-031aee24394c already get close from Disneyland
2023-09-27T16:51:41.093+02:00 DEBUG 7856 --- [pool-2-thread-1] c.o.tourguide.service.RewardsService     : Calculate distance between -117.922008/33.817595 and -170.93843124472608/-9.982510046481508
2023-09-27T16:51:41.093+02:00 DEBUG 7856 --- [pool-2-thread-1] c.o.tourguide.service.RewardsService     : Checking if the user 500b545b-adae-4d5c-b098-031aee24394c already get close from Jackson Hole
2023-09-27T16:51:41.093+02:00 DEBUG 7856 --- [pool-2-thread-1] c.o.tourguide.service.RewardsService     : Calculate distance between -110.821999/43.582767 and -170.93843124472608/-9.982510046481508
2023-09-27T16:51:41.093+02:00 DEBUG 7856 --- [pool-2-thread-1] c.o.tourguide.service.RewardsService     : Checking if the user 500b545b-adae-4d5c-b098-031aee24394c already get close from Mojave National Preserve
2023-09-27T16:51:41.093+02:00 DEBUG 7856 --- [pool-2-thread-1] c.o.tourguide.service.RewardsService     : Calculate distance between -115.510399/35.141689 and -170.93843124472608/-9.982510046481508
2023-09-27T16:51:41.093+02:00 DEBUG 7856 --- [pool-2-thread-1] c.o.tourguide.service.RewardsService     : Checking if the user 500b545b-adae-4d5c-b098-031aee24394c already get close from Joshua Tree National Park
2023-09-27T16:51:41.093+02:00 DEBUG 7856 --- [pool-2-thread-1] c.o.tourguide.service.RewardsService     : Calculate distance between -115.90065/33.881866 and -170.93843124472608/-9.982510046481508
2023-09-27T16:51:41.093+02:00 DEBUG 7856 --- [pool-2-thread-1] c.o.tourguide.service.RewardsService     : Checking if the user 500b545b-adae-4d5c-b098-031aee24394c already get close from Buffalo National River
2023-09-27T16:51:41.093+02:00 DEBUG 7856 --- [pool-2-thread-1] c.o.tourguide.service.RewardsService     : Calculate distance between -92.757652/35.985512 and -170.93843124472608/-9.982510046481508
2023-09-27T16:51:41.093+02:00 DEBUG 7856 --- [pool-2-thread-1] c.o.tourguide.service.RewardsService     : Checking if the user 500b545b-adae-4d5c-b098-031aee24394c already get close from Hot Springs National Park
2023-09-27T16:51:41.093+02:00 DEBUG 7856 --- [pool-2-thread-1] c.o.tourguide.service.RewardsService     : Calculate distance between -93.042267/34.52153 and -170.93843124472608/-9.982510046481508
2023-09-27T16:51:41.093+02:00 DEBUG 7856 --- [pool-2-thread-1] c.o.tourguide.service.RewardsService     : Checking if the user 500b545b-adae-4d5c-b098-031aee24394c already get close from Kartchner Caverns State Park
2023-09-27T16:51:41.093+02:00 DEBUG 7856 --- [pool-2-thread-1] c.o.tourguide.service.RewardsService     : Calculate distance between -110.347382/31.837551 and -170.93843124472608/-9.982510046481508
2023-09-27T16:51:41.093+02:00 DEBUG 7856 --- [pool-2-thread-1] c.o.tourguide.service.RewardsService     : Checking if the user 500b545b-adae-4d5c-b098-031aee24394c already get close from Legend Valley
2023-09-27T16:51:41.093+02:00 DEBUG 7856 --- [pool-2-thread-1] c.o.tourguide.service.RewardsService     : Calculate distance between -82.40667/39.937778 and -170.93843124472608/-9.982510046481508
2023-09-27T16:51:41.093+02:00 DEBUG 7856 --- [pool-2-thread-1] c.o.tourguide.service.RewardsService     : Checking if the user 500b545b-adae-4d5c-b098-031aee24394c already get close from Flowers Bakery of London
2023-09-27T16:51:41.093+02:00 DEBUG 7856 --- [pool-2-thread-1] c.o.tourguide.service.RewardsService     : Calculate distance between -84.07486/37.131527 and -170.93843124472608/-9.982510046481508
2023-09-27T16:51:41.093+02:00 DEBUG 7856 --- [pool-2-thread-1] c.o.tourguide.service.RewardsService     : Checking if the user 500b545b-adae-4d5c-b098-031aee24394c already get close from McKinley Tower
2023-09-27T16:51:41.093+02:00 DEBUG 7856 --- [pool-2-thread-1] c.o.tourguide.service.RewardsService     : Calculate distance between -149.877502/61.218887 and -170.93843124472608/-9.982510046481508
2023-09-27T16:51:41.093+02:00 DEBUG 7856 --- [pool-2-thread-1] c.o.tourguide.service.RewardsService     : Checking if the user 500b545b-adae-4d5c-b098-031aee24394c already get close from Flatiron Building
2023-09-27T16:51:41.093+02:00 DEBUG 7856 --- [pool-2-thread-1] c.o.tourguide.service.RewardsService     : Calculate distance between -73.989723/40.741112 and -170.93843124472608/-9.982510046481508
2023-09-27T16:51:41.093+02:00 DEBUG 7856 --- [pool-2-thread-1] c.o.tourguide.service.RewardsService     : Checking if the user 500b545b-adae-4d5c-b098-031aee24394c already get close from Fallingwater
2023-09-27T16:51:41.093+02:00 DEBUG 7856 --- [pool-2-thread-1] c.o.tourguide.service.RewardsService     : Calculate distance between -79.468056/39.906113 and -170.93843124472608/-9.982510046481508
2023-09-27T16:51:41.093+02:00 DEBUG 7856 --- [pool-2-thread-1] c.o.tourguide.service.RewardsService     : Checking if the user 500b545b-adae-4d5c-b098-031aee24394c already get close from Union Station
2023-09-27T16:51:41.093+02:00 DEBUG 7856 --- [pool-2-thread-1] c.o.tourguide.service.RewardsService     : Calculate distance between -77.006332/38.897095 and -170.93843124472608/-9.982510046481508
2023-09-27T16:51:41.093+02:00 DEBUG 7856 --- [pool-2-thread-1] c.o.tourguide.service.RewardsService     : Checking if the user 500b545b-adae-4d5c-b098-031aee24394c already get close from Roger Dean Stadium
2023-09-27T16:51:41.093+02:00 DEBUG 7856 --- [pool-2-thread-1] c.o.tourguide.service.RewardsService     : Calculate distance between -80.116577/26.890959 and -170.93843124472608/-9.982510046481508
2023-09-27T16:51:41.093+02:00 DEBUG 7856 --- [pool-2-thread-1] c.o.tourguide.service.RewardsService     : Checking if the user 500b545b-adae-4d5c-b098-031aee24394c already get close from Texas Memorial Stadium
2023-09-27T16:51:41.093+02:00 DEBUG 7856 --- [pool-2-thread-1] c.o.tourguide.service.RewardsService     : Calculate distance between -97.732536/30.283682 and -170.93843124472608/-9.982510046481508
2023-09-27T16:51:41.093+02:00 DEBUG 7856 --- [pool-2-thread-1] c.o.tourguide.service.RewardsService     : Checking if the user 500b545b-adae-4d5c-b098-031aee24394c already get close from Bryant-Denny Stadium
2023-09-27T16:51:41.093+02:00 DEBUG 7856 --- [pool-2-thread-1] c.o.tourguide.service.RewardsService     : Calculate distance between -87.550438/33.208973 and -170.93843124472608/-9.982510046481508
2023-09-27T16:51:41.093+02:00 DEBUG 7856 --- [pool-2-thread-1] c.o.tourguide.service.RewardsService     : Checking if the user 500b545b-adae-4d5c-b098-031aee24394c already get close from Tiger Stadium
2023-09-27T16:51:41.093+02:00 DEBUG 7856 --- [pool-2-thread-1] c.o.tourguide.service.RewardsService     : Calculate distance between -91.183815/30.412035 and -170.93843124472608/-9.982510046481508
2023-09-27T16:51:41.093+02:00 DEBUG 7856 --- [pool-2-thread-1] c.o.tourguide.service.RewardsService     : Checking if the user 500b545b-adae-4d5c-b098-031aee24394c already get close from Neyland Stadium
2023-09-27T16:51:41.093+02:00 DEBUG 7856 --- [pool-2-thread-1] c.o.tourguide.service.RewardsService     : Calculate distance between -83.925011/35.955013 and -170.93843124472608/-9.982510046481508
2023-09-27T16:51:41.093+02:00 DEBUG 7856 --- [pool-2-thread-1] c.o.tourguide.service.RewardsService     : Checking if the user 500b545b-adae-4d5c-b098-031aee24394c already get close from Kyle Field
2023-09-27T16:51:41.093+02:00 DEBUG 7856 --- [pool-2-thread-1] c.o.tourguide.service.RewardsService     : Calculate distance between -96.339844/30.61025 and -170.93843124472608/-9.982510046481508
2023-09-27T16:51:41.093+02:00 DEBUG 7856 --- [pool-2-thread-1] c.o.tourguide.service.RewardsService     : Checking if the user 500b545b-adae-4d5c-b098-031aee24394c already get close from San Diego Zoo
2023-09-27T16:51:41.093+02:00 DEBUG 7856 --- [pool-2-thread-1] c.o.tourguide.service.RewardsService     : Calculate distance between -117.149048/32.735317 and -170.93843124472608/-9.982510046481508
2023-09-27T16:51:41.093+02:00 DEBUG 7856 --- [pool-2-thread-1] c.o.tourguide.service.RewardsService     : Checking if the user 500b545b-adae-4d5c-b098-031aee24394c already get close from Zoo Tampa at Lowry Park
2023-09-27T16:51:41.093+02:00 DEBUG 7856 --- [pool-2-thread-1] c.o.tourguide.service.RewardsService     : Calculate distance between -82.469269/28.012804 and -170.93843124472608/-9.982510046481508
2023-09-27T16:51:41.093+02:00 DEBUG 7856 --- [pool-2-thread-1] c.o.tourguide.service.RewardsService     : Checking if the user 500b545b-adae-4d5c-b098-031aee24394c already get close from Franklin Park Zoo
2023-09-27T16:51:41.093+02:00 DEBUG 7856 --- [pool-2-thread-1] c.o.tourguide.service.RewardsService     : Calculate distance between -71.086731/42.302601 and -170.93843124472608/-9.982510046481508
2023-09-27T16:51:41.093+02:00 DEBUG 7856 --- [pool-2-thread-1] c.o.tourguide.service.RewardsService     : Checking if the user 500b545b-adae-4d5c-b098-031aee24394c already get close from El Paso Zoo
2023-09-27T16:51:41.093+02:00 DEBUG 7856 --- [pool-2-thread-1] c.o.tourguide.service.RewardsService     : Calculate distance between -106.44487/31.769125 and -170.93843124472608/-9.982510046481508
2023-09-27T16:51:41.093+02:00 DEBUG 7856 --- [pool-2-thread-1] c.o.tourguide.service.RewardsService     : Checking if the user 500b545b-adae-4d5c-b098-031aee24394c already get close from Kansas City Zoo
2023-09-27T16:51:41.093+02:00 DEBUG 7856 --- [pool-2-thread-1] c.o.tourguide.service.RewardsService     : Calculate distance between -94.529625/39.007504 and -170.93843124472608/-9.982510046481508
2023-09-27T16:51:41.093+02:00 DEBUG 7856 --- [pool-2-thread-1] c.o.tourguide.service.RewardsService     : Checking if the user 500b545b-adae-4d5c-b098-031aee24394c already get close from Bronx Zoo
2023-09-27T16:51:41.093+02:00 DEBUG 7856 --- [pool-2-thread-1] c.o.tourguide.service.RewardsService     : Calculate distance between -73.872971/40.852905 and -170.93843124472608/-9.982510046481508
2023-09-27T16:51:41.093+02:00 DEBUG 7856 --- [pool-2-thread-1] c.o.tourguide.service.RewardsService     : Checking if the user 500b545b-adae-4d5c-b098-031aee24394c already get close from Cinderella Castle
2023-09-27T16:51:41.093+02:00 DEBUG 7856 --- [pool-2-thread-1] c.o.tourguide.service.RewardsService     : Calculate distance between -81.5812/28.419411 and -170.93843124472608/-9.982510046481508
2023-09-27T16:51:41.093+02:00 DEBUG 7856 --- [pool-2-thread-1] c.o.tourguide.service.RewardsService     : Checking if the user 500b545b-adae-4d5c-b098-031aee24394c already get close from Disneyland
2023-09-27T16:51:41.093+02:00 DEBUG 7856 --- [pool-2-thread-1] c.o.tourguide.service.RewardsService     : Calculate distance between -117.922008/33.817595 and 150.96481421416235/78.57391071419536
2023-09-27T16:51:41.093+02:00 DEBUG 7856 --- [pool-2-thread-1] c.o.tourguide.service.RewardsService     : Checking if the user 500b545b-adae-4d5c-b098-031aee24394c already get close from Jackson Hole
2023-09-27T16:51:41.093+02:00 DEBUG 7856 --- [pool-2-thread-1] c.o.tourguide.service.RewardsService     : Calculate distance between -110.821999/43.582767 and 150.96481421416235/78.57391071419536
2023-09-27T16:51:41.093+02:00 DEBUG 7856 --- [pool-2-thread-1] c.o.tourguide.service.RewardsService     : Checking if the user 500b545b-adae-4d5c-b098-031aee24394c already get close from Mojave National Preserve
2023-09-27T16:51:41.093+02:00 DEBUG 7856 --- [pool-2-thread-1] c.o.tourguide.service.RewardsService     : Calculate distance between -115.510399/35.141689 and 150.96481421416235/78.57391071419536
2023-09-27T16:51:41.093+02:00 DEBUG 7856 --- [pool-2-thread-1] c.o.tourguide.service.RewardsService     : Checking if the user 500b545b-adae-4d5c-b098-031aee24394c already get close from Joshua Tree National Park
2023-09-27T16:51:41.093+02:00 DEBUG 7856 --- [pool-2-thread-1] c.o.tourguide.service.RewardsService     : Calculate distance between -115.90065/33.881866 and 150.96481421416235/78.57391071419536
2023-09-27T16:51:41.093+02:00 DEBUG 7856 --- [pool-2-thread-1] c.o.tourguide.service.RewardsService     : Checking if the user 500b545b-adae-4d5c-b098-031aee24394c already get close from Buffalo National River
2023-09-27T16:51:41.093+02:00 DEBUG 7856 --- [pool-2-thread-1] c.o.tourguide.service.RewardsService     : Calculate distance between -92.757652/35.985512 and 150.96481421416235/78.57391071419536
2023-09-27T16:51:41.093+02:00 DEBUG 7856 --- [pool-2-thread-1] c.o.tourguide.service.RewardsService     : Checking if the user 500b545b-adae-4d5c-b098-031aee24394c already get close from Hot Springs National Park
2023-09-27T16:51:41.093+02:00 DEBUG 7856 --- [pool-2-thread-1] c.o.tourguide.service.RewardsService     : Calculate distance between -93.042267/34.52153 and 150.96481421416235/78.57391071419536
2023-09-27T16:51:41.093+02:00 DEBUG 7856 --- [pool-2-thread-1] c.o.tourguide.service.RewardsService     : Checking if the user 500b545b-adae-4d5c-b098-031aee24394c already get close from Kartchner Caverns State Park
2023-09-27T16:51:41.093+02:00 DEBUG 7856 --- [pool-2-thread-1] c.o.tourguide.service.RewardsService     : Calculate distance between -110.347382/31.837551 and 150.96481421416235/78.57391071419536
2023-09-27T16:51:41.093+02:00 DEBUG 7856 --- [pool-2-thread-1] c.o.tourguide.service.RewardsService     : Checking if the user 500b545b-adae-4d5c-b098-031aee24394c already get close from Legend Valley
2023-09-27T16:51:41.093+02:00 DEBUG 7856 --- [pool-2-thread-1] c.o.tourguide.service.RewardsService     : Calculate distance between -82.40667/39.937778 and 150.96481421416235/78.57391071419536
2023-09-27T16:51:41.093+02:00 DEBUG 7856 --- [pool-2-thread-1] c.o.tourguide.service.RewardsService     : Checking if the user 500b545b-adae-4d5c-b098-031aee24394c already get close from Flowers Bakery of London
2023-09-27T16:51:41.093+02:00 DEBUG 7856 --- [pool-2-thread-1] c.o.tourguide.service.RewardsService     : Calculate distance between -84.07486/37.131527 and 150.96481421416235/78.57391071419536
2023-09-27T16:51:41.093+02:00 DEBUG 7856 --- [pool-2-thread-1] c.o.tourguide.service.RewardsService     : Checking if the user 500b545b-adae-4d5c-b098-031aee24394c already get close from McKinley Tower
2023-09-27T16:51:41.093+02:00 DEBUG 7856 --- [pool-2-thread-1] c.o.tourguide.service.RewardsService     : Calculate distance between -149.877502/61.218887 and 150.96481421416235/78.57391071419536
2023-09-27T16:51:41.093+02:00 DEBUG 7856 --- [pool-2-thread-1] c.o.tourguide.service.RewardsService     : Checking if the user 500b545b-adae-4d5c-b098-031aee24394c already get close from Flatiron Building
2023-09-27T16:51:41.093+02:00 DEBUG 7856 --- [pool-2-thread-1] c.o.tourguide.service.RewardsService     : Calculate distance between -73.989723/40.741112 and 150.96481421416235/78.57391071419536
2023-09-27T16:51:41.093+02:00 DEBUG 7856 --- [pool-2-thread-1] c.o.tourguide.service.RewardsService     : Checking if the user 500b545b-adae-4d5c-b098-031aee24394c already get close from Fallingwater
2023-09-27T16:51:41.093+02:00 DEBUG 7856 --- [pool-2-thread-1] c.o.tourguide.service.RewardsService     : Calculate distance between -79.468056/39.906113 and 150.96481421416235/78.57391071419536
2023-09-27T16:51:41.093+02:00 DEBUG 7856 --- [pool-2-thread-1] c.o.tourguide.service.RewardsService     : Checking if the user 500b545b-adae-4d5c-b098-031aee24394c already get close from Union Station
2023-09-27T16:51:41.093+02:00 DEBUG 7856 --- [pool-2-thread-1] c.o.tourguide.service.RewardsService     : Calculate distance between -77.006332/38.897095 and 150.96481421416235/78.57391071419536
2023-09-27T16:51:41.093+02:00 DEBUG 7856 --- [pool-2-thread-1] c.o.tourguide.service.RewardsService     : Checking if the user 500b545b-adae-4d5c-b098-031aee24394c already get close from Roger Dean Stadium
2023-09-27T16:51:41.093+02:00 DEBUG 7856 --- [pool-2-thread-1] c.o.tourguide.service.RewardsService     : Calculate distance between -80.116577/26.890959 and 150.96481421416235/78.57391071419536
2023-09-27T16:51:41.093+02:00 DEBUG 7856 --- [pool-2-thread-1] c.o.tourguide.service.RewardsService     : Checking if the user 500b545b-adae-4d5c-b098-031aee24394c already get close from Texas Memorial Stadium
2023-09-27T16:51:41.093+02:00 DEBUG 7856 --- [pool-2-thread-1] c.o.tourguide.service.RewardsService     : Calculate distance between -97.732536/30.283682 and 150.96481421416235/78.57391071419536
2023-09-27T16:51:41.093+02:00 DEBUG 7856 --- [pool-2-thread-1] c.o.tourguide.service.RewardsService     : Checking if the user 500b545b-adae-4d5c-b098-031aee24394c already get close from Bryant-Denny Stadium
2023-09-27T16:51:41.093+02:00 DEBUG 7856 --- [pool-2-thread-1] c.o.tourguide.service.RewardsService     : Calculate distance between -87.550438/33.208973 and 150.96481421416235/78.57391071419536
2023-09-27T16:51:41.093+02:00 DEBUG 7856 --- [pool-2-thread-1] c.o.tourguide.service.RewardsService     : Checking if the user 500b545b-adae-4d5c-b098-031aee24394c already get close from Tiger Stadium
2023-09-27T16:51:41.093+02:00 DEBUG 7856 --- [pool-2-thread-1] c.o.tourguide.service.RewardsService     : Calculate distance between -91.183815/30.412035 and 150.96481421416235/78.57391071419536
2023-09-27T16:51:41.093+02:00 DEBUG 7856 --- [pool-2-thread-1] c.o.tourguide.service.RewardsService     : Checking if the user 500b545b-adae-4d5c-b098-031aee24394c already get close from Neyland Stadium
2023-09-27T16:51:41.093+02:00 DEBUG 7856 --- [pool-2-thread-1] c.o.tourguide.service.RewardsService     : Calculate distance between -83.925011/35.955013 and 150.96481421416235/78.57391071419536
2023-09-27T16:51:41.093+02:00 DEBUG 7856 --- [pool-2-thread-1] c.o.tourguide.service.RewardsService     : Checking if the user 500b545b-adae-4d5c-b098-031aee24394c already get close from Kyle Field
2023-09-27T16:51:41.093+02:00 DEBUG 7856 --- [pool-2-thread-1] c.o.tourguide.service.RewardsService     : Calculate distance between -96.339844/30.61025 and 150.96481421416235/78.57391071419536
2023-09-27T16:51:41.093+02:00 DEBUG 7856 --- [pool-2-thread-1] c.o.tourguide.service.RewardsService     : Checking if the user 500b545b-adae-4d5c-b098-031aee24394c already get close from San Diego Zoo
2023-09-27T16:51:41.093+02:00 DEBUG 7856 --- [pool-2-thread-1] c.o.tourguide.service.RewardsService     : Calculate distance between -117.149048/32.735317 and 150.96481421416235/78.57391071419536
2023-09-27T16:51:41.093+02:00 DEBUG 7856 --- [pool-2-thread-1] c.o.tourguide.service.RewardsService     : Checking if the user 500b545b-adae-4d5c-b098-031aee24394c already get close from Zoo Tampa at Lowry Park
2023-09-27T16:51:41.093+02:00 DEBUG 7856 --- [pool-2-thread-1] c.o.tourguide.service.RewardsService     : Calculate distance between -82.469269/28.012804 and 150.96481421416235/78.57391071419536
2023-09-27T16:51:41.093+02:00 DEBUG 7856 --- [pool-2-thread-1] c.o.tourguide.service.RewardsService     : Checking if the user 500b545b-adae-4d5c-b098-031aee24394c already get close from Franklin Park Zoo
2023-09-27T16:51:41.093+02:00 DEBUG 7856 --- [pool-2-thread-1] c.o.tourguide.service.RewardsService     : Calculate distance between -71.086731/42.302601 and 150.96481421416235/78.57391071419536
2023-09-27T16:51:41.093+02:00 DEBUG 7856 --- [pool-2-thread-1] c.o.tourguide.service.RewardsService     : Checking if the user 500b545b-adae-4d5c-b098-031aee24394c already get close from El Paso Zoo
2023-09-27T16:51:41.093+02:00 DEBUG 7856 --- [pool-2-thread-1] c.o.tourguide.service.RewardsService     : Calculate distance between -106.44487/31.769125 and 150.96481421416235/78.57391071419536
2023-09-27T16:51:41.093+02:00 DEBUG 7856 --- [pool-2-thread-1] c.o.tourguide.service.RewardsService     : Checking if the user 500b545b-adae-4d5c-b098-031aee24394c already get close from Kansas City Zoo
2023-09-27T16:51:41.093+02:00 DEBUG 7856 --- [pool-2-thread-1] c.o.tourguide.service.RewardsService     : Calculate distance between -94.529625/39.007504 and 150.96481421416235/78.57391071419536
2023-09-27T16:51:41.093+02:00 DEBUG 7856 --- [pool-2-thread-1] c.o.tourguide.service.RewardsService     : Checking if the user 500b545b-adae-4d5c-b098-031aee24394c already get close from Bronx Zoo
2023-09-27T16:51:41.093+02:00 DEBUG 7856 --- [pool-2-thread-1] c.o.tourguide.service.RewardsService     : Calculate distance between -73.872971/40.852905 and 150.96481421416235/78.57391071419536
2023-09-27T16:51:41.093+02:00 DEBUG 7856 --- [pool-2-thread-1] c.o.tourguide.service.RewardsService     : Checking if the user 500b545b-adae-4d5c-b098-031aee24394c already get close from Cinderella Castle
2023-09-27T16:51:41.093+02:00 DEBUG 7856 --- [pool-2-thread-1] c.o.tourguide.service.RewardsService     : Calculate distance between -81.5812/28.419411 and 150.96481421416235/78.57391071419536
2023-09-27T16:51:41.093+02:00 DEBUG 7856 --- [pool-2-thread-1] c.o.tourguide.service.RewardsService     : Checking if the user 500b545b-adae-4d5c-b098-031aee24394c already get close from Disneyland
2023-09-27T16:51:41.093+02:00 DEBUG 7856 --- [pool-2-thread-1] c.o.tourguide.service.RewardsService     : Calculate distance between -117.922008/33.817595 and 111.15296855506358/-83.09475118076925
2023-09-27T16:51:41.093+02:00 DEBUG 7856 --- [pool-2-thread-1] c.o.tourguide.service.RewardsService     : Checking if the user 500b545b-adae-4d5c-b098-031aee24394c already get close from Jackson Hole
2023-09-27T16:51:41.093+02:00 DEBUG 7856 --- [pool-2-thread-1] c.o.tourguide.service.RewardsService     : Calculate distance between -110.821999/43.582767 and 111.15296855506358/-83.09475118076925
2023-09-27T16:51:41.093+02:00 DEBUG 7856 --- [pool-2-thread-1] c.o.tourguide.service.RewardsService     : Checking if the user 500b545b-adae-4d5c-b098-031aee24394c already get close from Mojave National Preserve
2023-09-27T16:51:41.093+02:00 DEBUG 7856 --- [pool-2-thread-1] c.o.tourguide.service.RewardsService     : Calculate distance between -115.510399/35.141689 and 111.15296855506358/-83.09475118076925
2023-09-27T16:51:41.093+02:00 DEBUG 7856 --- [pool-2-thread-1] c.o.tourguide.service.RewardsService     : Checking if the user 500b545b-adae-4d5c-b098-031aee24394c already get close from Joshua Tree National Park
2023-09-27T16:51:41.093+02:00 DEBUG 7856 --- [pool-2-thread-1] c.o.tourguide.service.RewardsService     : Calculate distance between -115.90065/33.881866 and 111.15296855506358/-83.09475118076925
2023-09-27T16:51:41.093+02:00 DEBUG 7856 --- [pool-2-thread-1] c.o.tourguide.service.RewardsService     : Checking if the user 500b545b-adae-4d5c-b098-031aee24394c already get close from Buffalo National River
2023-09-27T16:51:41.093+02:00 DEBUG 7856 --- [pool-2-thread-1] c.o.tourguide.service.RewardsService     : Calculate distance between -92.757652/35.985512 and 111.15296855506358/-83.09475118076925
2023-09-27T16:51:41.094+02:00 DEBUG 7856 --- [pool-2-thread-1] c.o.tourguide.service.RewardsService     : Checking if the user 500b545b-adae-4d5c-b098-031aee24394c already get close from Hot Springs National Park
2023-09-27T16:51:41.094+02:00 DEBUG 7856 --- [pool-2-thread-1] c.o.tourguide.service.RewardsService     : Calculate distance between -93.042267/34.52153 and 111.15296855506358/-83.09475118076925
2023-09-27T16:51:41.094+02:00 DEBUG 7856 --- [pool-2-thread-1] c.o.tourguide.service.RewardsService     : Checking if the user 500b545b-adae-4d5c-b098-031aee24394c already get close from Kartchner Caverns State Park
2023-09-27T16:51:41.094+02:00 DEBUG 7856 --- [pool-2-thread-1] c.o.tourguide.service.RewardsService     : Calculate distance between -110.347382/31.837551 and 111.15296855506358/-83.09475118076925
2023-09-27T16:51:41.094+02:00 DEBUG 7856 --- [pool-2-thread-1] c.o.tourguide.service.RewardsService     : Checking if the user 500b545b-adae-4d5c-b098-031aee24394c already get close from Legend Valley
2023-09-27T16:51:41.094+02:00 DEBUG 7856 --- [pool-2-thread-1] c.o.tourguide.service.RewardsService     : Calculate distance between -82.40667/39.937778 and 111.15296855506358/-83.09475118076925
2023-09-27T16:51:41.094+02:00 DEBUG 7856 --- [pool-2-thread-1] c.o.tourguide.service.RewardsService     : Checking if the user 500b545b-adae-4d5c-b098-031aee24394c already get close from Flowers Bakery of London
2023-09-27T16:51:41.094+02:00 DEBUG 7856 --- [pool-2-thread-1] c.o.tourguide.service.RewardsService     : Calculate distance between -84.07486/37.131527 and 111.15296855506358/-83.09475118076925
2023-09-27T16:51:41.094+02:00 DEBUG 7856 --- [pool-2-thread-1] c.o.tourguide.service.RewardsService     : Checking if the user 500b545b-adae-4d5c-b098-031aee24394c already get close from McKinley Tower
2023-09-27T16:51:41.094+02:00 DEBUG 7856 --- [pool-2-thread-1] c.o.tourguide.service.RewardsService     : Calculate distance between -149.877502/61.218887 and 111.15296855506358/-83.09475118076925
2023-09-27T16:51:41.094+02:00 DEBUG 7856 --- [pool-2-thread-1] c.o.tourguide.service.RewardsService     : Checking if the user 500b545b-adae-4d5c-b098-031aee24394c already get close from Flatiron Building
2023-09-27T16:51:41.094+02:00 DEBUG 7856 --- [pool-2-thread-1] c.o.tourguide.service.RewardsService     : Calculate distance between -73.989723/40.741112 and 111.15296855506358/-83.09475118076925
2023-09-27T16:51:41.094+02:00 DEBUG 7856 --- [pool-2-thread-1] c.o.tourguide.service.RewardsService     : Checking if the user 500b545b-adae-4d5c-b098-031aee24394c already get close from Fallingwater
2023-09-27T16:51:41.094+02:00 DEBUG 7856 --- [pool-2-thread-1] c.o.tourguide.service.RewardsService     : Calculate distance between -79.468056/39.906113 and 111.15296855506358/-83.09475118076925
2023-09-27T16:51:41.094+02:00 DEBUG 7856 --- [pool-2-thread-1] c.o.tourguide.service.RewardsService     : Checking if the user 500b545b-adae-4d5c-b098-031aee24394c already get close from Union Station
2023-09-27T16:51:41.094+02:00 DEBUG 7856 --- [pool-2-thread-1] c.o.tourguide.service.RewardsService     : Calculate distance between -77.006332/38.897095 and 111.15296855506358/-83.09475118076925
2023-09-27T16:51:41.094+02:00 DEBUG 7856 --- [pool-2-thread-1] c.o.tourguide.service.RewardsService     : Checking if the user 500b545b-adae-4d5c-b098-031aee24394c already get close from Roger Dean Stadium
2023-09-27T16:51:41.094+02:00 DEBUG 7856 --- [pool-2-thread-1] c.o.tourguide.service.RewardsService     : Calculate distance between -80.116577/26.890959 and 111.15296855506358/-83.09475118076925
2023-09-27T16:51:41.094+02:00 DEBUG 7856 --- [pool-2-thread-1] c.o.tourguide.service.RewardsService     : Checking if the user 500b545b-adae-4d5c-b098-031aee24394c already get close from Texas Memorial Stadium
2023-09-27T16:51:41.094+02:00 DEBUG 7856 --- [pool-2-thread-1] c.o.tourguide.service.RewardsService     : Calculate distance between -97.732536/30.283682 and 111.15296855506358/-83.09475118076925
2023-09-27T16:51:41.094+02:00 DEBUG 7856 --- [pool-2-thread-1] c.o.tourguide.service.RewardsService     : Checking if the user 500b545b-adae-4d5c-b098-031aee24394c already get close from Bryant-Denny Stadium
2023-09-27T16:51:41.094+02:00 DEBUG 7856 --- [pool-2-thread-1] c.o.tourguide.service.RewardsService     : Calculate distance between -87.550438/33.208973 and 111.15296855506358/-83.09475118076925
2023-09-27T16:51:41.094+02:00 DEBUG 7856 --- [pool-2-thread-1] c.o.tourguide.service.RewardsService     : Checking if the user 500b545b-adae-4d5c-b098-031aee24394c already get close from Tiger Stadium
2023-09-27T16:51:41.094+02:00 DEBUG 7856 --- [pool-2-thread-1] c.o.tourguide.service.RewardsService     : Calculate distance between -91.183815/30.412035 and 111.15296855506358/-83.09475118076925
2023-09-27T16:51:41.094+02:00 DEBUG 7856 --- [pool-2-thread-1] c.o.tourguide.service.RewardsService     : Checking if the user 500b545b-adae-4d5c-b098-031aee24394c already get close from Neyland Stadium
2023-09-27T16:51:41.094+02:00 DEBUG 7856 --- [pool-2-thread-1] c.o.tourguide.service.RewardsService     : Calculate distance between -83.925011/35.955013 and 111.15296855506358/-83.09475118076925
2023-09-27T16:51:41.094+02:00 DEBUG 7856 --- [pool-2-thread-1] c.o.tourguide.service.RewardsService     : Checking if the user 500b545b-adae-4d5c-b098-031aee24394c already get close from Kyle Field
2023-09-27T16:51:41.094+02:00 DEBUG 7856 --- [pool-2-thread-1] c.o.tourguide.service.RewardsService     : Calculate distance between -96.339844/30.61025 and 111.15296855506358/-83.09475118076925
2023-09-27T16:51:41.094+02:00 DEBUG 7856 --- [pool-2-thread-1] c.o.tourguide.service.RewardsService     : Checking if the user 500b545b-adae-4d5c-b098-031aee24394c already get close from San Diego Zoo
2023-09-27T16:51:41.094+02:00 DEBUG 7856 --- [pool-2-thread-1] c.o.tourguide.service.RewardsService     : Calculate distance between -117.149048/32.735317 and 111.15296855506358/-83.09475118076925
2023-09-27T16:51:41.094+02:00 DEBUG 7856 --- [pool-2-thread-1] c.o.tourguide.service.RewardsService     : Checking if the user 500b545b-adae-4d5c-b098-031aee24394c already get close from Zoo Tampa at Lowry Park
2023-09-27T16:51:41.094+02:00 DEBUG 7856 --- [pool-2-thread-1] c.o.tourguide.service.RewardsService     : Calculate distance between -82.469269/28.012804 and 111.15296855506358/-83.09475118076925
2023-09-27T16:51:41.094+02:00 DEBUG 7856 --- [pool-2-thread-1] c.o.tourguide.service.RewardsService     : Checking if the user 500b545b-adae-4d5c-b098-031aee24394c already get close from Franklin Park Zoo
2023-09-27T16:51:41.094+02:00 DEBUG 7856 --- [pool-2-thread-1] c.o.tourguide.service.RewardsService     : Calculate distance between -71.086731/42.302601 and 111.15296855506358/-83.09475118076925
2023-09-27T16:51:41.094+02:00 DEBUG 7856 --- [pool-2-thread-1] c.o.tourguide.service.RewardsService     : Checking if the user 500b545b-adae-4d5c-b098-031aee24394c already get close from El Paso Zoo
2023-09-27T16:51:41.094+02:00 DEBUG 7856 --- [pool-2-thread-1] c.o.tourguide.service.RewardsService     : Calculate distance between -106.44487/31.769125 and 111.15296855506358/-83.09475118076925
2023-09-27T16:51:41.094+02:00 DEBUG 7856 --- [pool-2-thread-1] c.o.tourguide.service.RewardsService     : Checking if the user 500b545b-adae-4d5c-b098-031aee24394c already get close from Kansas City Zoo
2023-09-27T16:51:41.094+02:00 DEBUG 7856 --- [pool-2-thread-1] c.o.tourguide.service.RewardsService     : Calculate distance between -94.529625/39.007504 and 111.15296855506358/-83.09475118076925
2023-09-27T16:51:41.094+02:00 DEBUG 7856 --- [pool-2-thread-1] c.o.tourguide.service.RewardsService     : Checking if the user 500b545b-adae-4d5c-b098-031aee24394c already get close from Bronx Zoo
2023-09-27T16:51:41.094+02:00 DEBUG 7856 --- [pool-2-thread-1] c.o.tourguide.service.RewardsService     : Calculate distance between -73.872971/40.852905 and 111.15296855506358/-83.09475118076925
2023-09-27T16:51:41.094+02:00 DEBUG 7856 --- [pool-2-thread-1] c.o.tourguide.service.RewardsService     : Checking if the user 500b545b-adae-4d5c-b098-031aee24394c already get close from Cinderella Castle
2023-09-27T16:51:41.094+02:00 DEBUG 7856 --- [pool-2-thread-1] c.o.tourguide.service.RewardsService     : Calculate distance between -81.5812/28.419411 and 111.15296855506358/-83.09475118076925
2023-09-27T16:51:41.094+02:00 DEBUG 7856 --- [pool-2-thread-1] c.o.tourguide.service.RewardsService     : Checking if the user 500b545b-adae-4d5c-b098-031aee24394c already get close from Disneyland
2023-09-27T16:51:41.094+02:00 DEBUG 7856 --- [pool-2-thread-1] c.o.tourguide.service.RewardsService     : Calculate distance between -117.922008/33.817595 and -151.632701/-31.930032
2023-09-27T16:51:41.094+02:00 DEBUG 7856 --- [pool-2-thread-1] c.o.tourguide.service.RewardsService     : Checking if the user 500b545b-adae-4d5c-b098-031aee24394c already get close from Jackson Hole
2023-09-27T16:51:41.094+02:00 DEBUG 7856 --- [pool-2-thread-1] c.o.tourguide.service.RewardsService     : Calculate distance between -110.821999/43.582767 and -151.632701/-31.930032
2023-09-27T16:51:41.094+02:00 DEBUG 7856 --- [pool-2-thread-1] c.o.tourguide.service.RewardsService     : Checking if the user 500b545b-adae-4d5c-b098-031aee24394c already get close from Mojave National Preserve
2023-09-27T16:51:41.094+02:00 DEBUG 7856 --- [pool-2-thread-1] c.o.tourguide.service.RewardsService     : Calculate distance between -115.510399/35.141689 and -151.632701/-31.930032
2023-09-27T16:51:41.094+02:00 DEBUG 7856 --- [pool-2-thread-1] c.o.tourguide.service.RewardsService     : Checking if the user 500b545b-adae-4d5c-b098-031aee24394c already get close from Joshua Tree National Park
2023-09-27T16:51:41.094+02:00 DEBUG 7856 --- [pool-2-thread-1] c.o.tourguide.service.RewardsService     : Calculate distance between -115.90065/33.881866 and -151.632701/-31.930032
2023-09-27T16:51:41.094+02:00 DEBUG 7856 --- [pool-2-thread-1] c.o.tourguide.service.RewardsService     : Checking if the user 500b545b-adae-4d5c-b098-031aee24394c already get close from Buffalo National River
2023-09-27T16:51:41.094+02:00 DEBUG 7856 --- [pool-2-thread-1] c.o.tourguide.service.RewardsService     : Calculate distance between -92.757652/35.985512 and -151.632701/-31.930032
2023-09-27T16:51:41.094+02:00 DEBUG 7856 --- [pool-2-thread-1] c.o.tourguide.service.RewardsService     : Checking if the user 500b545b-adae-4d5c-b098-031aee24394c already get close from Hot Springs National Park
2023-09-27T16:51:41.094+02:00 DEBUG 7856 --- [pool-2-thread-1] c.o.tourguide.service.RewardsService     : Calculate distance between -93.042267/34.52153 and -151.632701/-31.930032
2023-09-27T16:51:41.094+02:00 DEBUG 7856 --- [pool-2-thread-1] c.o.tourguide.service.RewardsService     : Checking if the user 500b545b-adae-4d5c-b098-031aee24394c already get close from Kartchner Caverns State Park
2023-09-27T16:51:41.094+02:00 DEBUG 7856 --- [pool-2-thread-1] c.o.tourguide.service.RewardsService     : Calculate distance between -110.347382/31.837551 and -151.632701/-31.930032
2023-09-27T16:51:41.094+02:00 DEBUG 7856 --- [pool-2-thread-1] c.o.tourguide.service.RewardsService     : Checking if the user 500b545b-adae-4d5c-b098-031aee24394c already get close from Legend Valley
2023-09-27T16:51:41.094+02:00 DEBUG 7856 --- [pool-2-thread-1] c.o.tourguide.service.RewardsService     : Calculate distance between -82.40667/39.937778 and -151.632701/-31.930032
2023-09-27T16:51:41.094+02:00 DEBUG 7856 --- [pool-2-thread-1] c.o.tourguide.service.RewardsService     : Checking if the user 500b545b-adae-4d5c-b098-031aee24394c already get close from Flowers Bakery of London
2023-09-27T16:51:41.094+02:00 DEBUG 7856 --- [pool-2-thread-1] c.o.tourguide.service.RewardsService     : Calculate distance between -84.07486/37.131527 and -151.632701/-31.930032
2023-09-27T16:51:41.094+02:00 DEBUG 7856 --- [pool-2-thread-1] c.o.tourguide.service.RewardsService     : Checking if the user 500b545b-adae-4d5c-b098-031aee24394c already get close from McKinley Tower
2023-09-27T16:51:41.094+02:00 DEBUG 7856 --- [pool-2-thread-1] c.o.tourguide.service.RewardsService     : Calculate distance between -149.877502/61.218887 and -151.632701/-31.930032
2023-09-27T16:51:41.094+02:00 DEBUG 7856 --- [pool-2-thread-1] c.o.tourguide.service.RewardsService     : Checking if the user 500b545b-adae-4d5c-b098-031aee24394c already get close from Flatiron Building
2023-09-27T16:51:41.094+02:00 DEBUG 7856 --- [pool-2-thread-1] c.o.tourguide.service.RewardsService     : Calculate distance between -73.989723/40.741112 and -151.632701/-31.930032
2023-09-27T16:51:41.094+02:00 DEBUG 7856 --- [pool-2-thread-1] c.o.tourguide.service.RewardsService     : Checking if the user 500b545b-adae-4d5c-b098-031aee24394c already get close from Fallingwater
2023-09-27T16:51:41.094+02:00 DEBUG 7856 --- [pool-2-thread-1] c.o.tourguide.service.RewardsService     : Calculate distance between -79.468056/39.906113 and -151.632701/-31.930032
2023-09-27T16:51:41.094+02:00 DEBUG 7856 --- [pool-2-thread-1] c.o.tourguide.service.RewardsService     : Checking if the user 500b545b-adae-4d5c-b098-031aee24394c already get close from Union Station
2023-09-27T16:51:41.094+02:00 DEBUG 7856 --- [pool-2-thread-1] c.o.tourguide.service.RewardsService     : Calculate distance between -77.006332/38.897095 and -151.632701/-31.930032
2023-09-27T16:51:41.094+02:00 DEBUG 7856 --- [pool-2-thread-1] c.o.tourguide.service.RewardsService     : Checking if the user 500b545b-adae-4d5c-b098-031aee24394c already get close from Roger Dean Stadium
2023-09-27T16:51:41.094+02:00 DEBUG 7856 --- [pool-2-thread-1] c.o.tourguide.service.RewardsService     : Calculate distance between -80.116577/26.890959 and -151.632701/-31.930032
2023-09-27T16:51:41.094+02:00 DEBUG 7856 --- [pool-2-thread-1] c.o.tourguide.service.RewardsService     : Checking if the user 500b545b-adae-4d5c-b098-031aee24394c already get close from Texas Memorial Stadium
2023-09-27T16:51:41.094+02:00 DEBUG 7856 --- [pool-2-thread-1] c.o.tourguide.service.RewardsService     : Calculate distance between -97.732536/30.283682 and -151.632701/-31.930032
2023-09-27T16:51:41.094+02:00 DEBUG 7856 --- [pool-2-thread-1] c.o.tourguide.service.RewardsService     : Checking if the user 500b545b-adae-4d5c-b098-031aee24394c already get close from Bryant-Denny Stadium
2023-09-27T16:51:41.094+02:00 DEBUG 7856 --- [pool-2-thread-1] c.o.tourguide.service.RewardsService     : Calculate distance between -87.550438/33.208973 and -151.632701/-31.930032
2023-09-27T16:51:41.094+02:00 DEBUG 7856 --- [pool-2-thread-1] c.o.tourguide.service.RewardsService     : Checking if the user 500b545b-adae-4d5c-b098-031aee24394c already get close from Tiger Stadium
2023-09-27T16:51:41.094+02:00 DEBUG 7856 --- [pool-2-thread-1] c.o.tourguide.service.RewardsService     : Calculate distance between -91.183815/30.412035 and -151.632701/-31.930032
2023-09-27T16:51:41.094+02:00 DEBUG 7856 --- [pool-2-thread-1] c.o.tourguide.service.RewardsService     : Checking if the user 500b545b-adae-4d5c-b098-031aee24394c already get close from Neyland Stadium
2023-09-27T16:51:41.094+02:00 DEBUG 7856 --- [pool-2-thread-1] c.o.tourguide.service.RewardsService     : Calculate distance between -83.925011/35.955013 and -151.632701/-31.930032
2023-09-27T16:51:41.094+02:00 DEBUG 7856 --- [pool-2-thread-1] c.o.tourguide.service.RewardsService     : Checking if the user 500b545b-adae-4d5c-b098-031aee24394c already get close from Kyle Field
2023-09-27T16:51:41.094+02:00 DEBUG 7856 --- [pool-2-thread-1] c.o.tourguide.service.RewardsService     : Calculate distance between -96.339844/30.61025 and -151.632701/-31.930032
2023-09-27T16:51:41.094+02:00 DEBUG 7856 --- [pool-2-thread-1] c.o.tourguide.service.RewardsService     : Checking if the user 500b545b-adae-4d5c-b098-031aee24394c already get close from San Diego Zoo
2023-09-27T16:51:41.094+02:00 DEBUG 7856 --- [pool-2-thread-1] c.o.tourguide.service.RewardsService     : Calculate distance between -117.149048/32.735317 and -151.632701/-31.930032
2023-09-27T16:51:41.094+02:00 DEBUG 7856 --- [pool-2-thread-1] c.o.tourguide.service.RewardsService     : Checking if the user 500b545b-adae-4d5c-b098-031aee24394c already get close from Zoo Tampa at Lowry Park
2023-09-27T16:51:41.094+02:00 DEBUG 7856 --- [pool-2-thread-1] c.o.tourguide.service.RewardsService     : Calculate distance between -82.469269/28.012804 and -151.632701/-31.930032
2023-09-27T16:51:41.094+02:00 DEBUG 7856 --- [pool-2-thread-1] c.o.tourguide.service.RewardsService     : Checking if the user 500b545b-adae-4d5c-b098-031aee24394c already get close from Franklin Park Zoo
2023-09-27T16:51:41.094+02:00 DEBUG 7856 --- [pool-2-thread-1] c.o.tourguide.service.RewardsService     : Calculate distance between -71.086731/42.302601 and -151.632701/-31.930032
2023-09-27T16:51:41.094+02:00 DEBUG 7856 --- [pool-2-thread-1] c.o.tourguide.service.RewardsService     : Checking if the user 500b545b-adae-4d5c-b098-031aee24394c already get close from El Paso Zoo
2023-09-27T16:51:41.094+02:00 DEBUG 7856 --- [pool-2-thread-1] c.o.tourguide.service.RewardsService     : Calculate distance between -106.44487/31.769125 and -151.632701/-31.930032
2023-09-27T16:51:41.094+02:00 DEBUG 7856 --- [pool-2-thread-1] c.o.tourguide.service.RewardsService     : Checking if the user 500b545b-adae-4d5c-b098-031aee24394c already get close from Kansas City Zoo
2023-09-27T16:51:41.094+02:00 DEBUG 7856 --- [pool-2-thread-1] c.o.tourguide.service.RewardsService     : Calculate distance between -94.529625/39.007504 and -151.632701/-31.930032
2023-09-27T16:51:41.094+02:00 DEBUG 7856 --- [pool-2-thread-1] c.o.tourguide.service.RewardsService     : Checking if the user 500b545b-adae-4d5c-b098-031aee24394c already get close from Bronx Zoo
2023-09-27T16:51:41.094+02:00 DEBUG 7856 --- [pool-2-thread-1] c.o.tourguide.service.RewardsService     : Calculate distance between -73.872971/40.852905 and -151.632701/-31.930032
2023-09-27T16:51:41.094+02:00 DEBUG 7856 --- [pool-2-thread-1] c.o.tourguide.service.RewardsService     : Checking if the user 500b545b-adae-4d5c-b098-031aee24394c already get close from Cinderella Castle
2023-09-27T16:51:41.094+02:00 DEBUG 7856 --- [pool-2-thread-1] c.o.tourguide.service.RewardsService     : Calculate distance between -81.5812/28.419411 and -151.632701/-31.930032
2023-09-27T16:51:41.094+02:00 DEBUG 7856 --- [pool-2-thread-1] c.o.tourguide.service.RewardsService     : Checking if the user 500b545b-adae-4d5c-b098-031aee24394c already get close from Disneyland
2023-09-27T16:51:41.094+02:00 DEBUG 7856 --- [pool-2-thread-1] c.o.tourguide.service.RewardsService     : Calculate distance between -117.922008/33.817595 and 99.900064/66.598057
2023-09-27T16:51:41.094+02:00 DEBUG 7856 --- [pool-2-thread-1] c.o.tourguide.service.RewardsService     : Checking if the user 500b545b-adae-4d5c-b098-031aee24394c already get close from Jackson Hole
2023-09-27T16:51:41.094+02:00 DEBUG 7856 --- [pool-2-thread-1] c.o.tourguide.service.RewardsService     : Calculate distance between -110.821999/43.582767 and 99.900064/66.598057
2023-09-27T16:51:41.094+02:00 DEBUG 7856 --- [pool-2-thread-1] c.o.tourguide.service.RewardsService     : Checking if the user 500b545b-adae-4d5c-b098-031aee24394c already get close from Mojave National Preserve
2023-09-27T16:51:41.094+02:00 DEBUG 7856 --- [pool-2-thread-1] c.o.tourguide.service.RewardsService     : Calculate distance between -115.510399/35.141689 and 99.900064/66.598057
2023-09-27T16:51:41.094+02:00 DEBUG 7856 --- [pool-2-thread-1] c.o.tourguide.service.RewardsService     : Checking if the user 500b545b-adae-4d5c-b098-031aee24394c already get close from Joshua Tree National Park
2023-09-27T16:51:41.094+02:00 DEBUG 7856 --- [pool-2-thread-1] c.o.tourguide.service.RewardsService     : Calculate distance between -115.90065/33.881866 and 99.900064/66.598057
2023-09-27T16:51:41.094+02:00 DEBUG 7856 --- [pool-2-thread-1] c.o.tourguide.service.RewardsService     : Checking if the user 500b545b-adae-4d5c-b098-031aee24394c already get close from Buffalo National River
2023-09-27T16:51:41.094+02:00 DEBUG 7856 --- [pool-2-thread-1] c.o.tourguide.service.RewardsService     : Calculate distance between -92.757652/35.985512 and 99.900064/66.598057
2023-09-27T16:51:41.094+02:00 DEBUG 7856 --- [pool-2-thread-1] c.o.tourguide.service.RewardsService     : Checking if the user 500b545b-adae-4d5c-b098-031aee24394c already get close from Hot Springs National Park
2023-09-27T16:51:41.094+02:00 DEBUG 7856 --- [pool-2-thread-1] c.o.tourguide.service.RewardsService     : Calculate distance between -93.042267/34.52153 and 99.900064/66.598057
2023-09-27T16:51:41.094+02:00 DEBUG 7856 --- [pool-2-thread-1] c.o.tourguide.service.RewardsService     : Checking if the user 500b545b-adae-4d5c-b098-031aee24394c already get close from Kartchner Caverns State Park
2023-09-27T16:51:41.094+02:00 DEBUG 7856 --- [pool-2-thread-1] c.o.tourguide.service.RewardsService     : Calculate distance between -110.347382/31.837551 and 99.900064/66.598057
2023-09-27T16:51:41.094+02:00 DEBUG 7856 --- [pool-2-thread-1] c.o.tourguide.service.RewardsService     : Checking if the user 500b545b-adae-4d5c-b098-031aee24394c already get close from Legend Valley
2023-09-27T16:51:41.094+02:00 DEBUG 7856 --- [pool-2-thread-1] c.o.tourguide.service.RewardsService     : Calculate distance between -82.40667/39.937778 and 99.900064/66.598057
2023-09-27T16:51:41.094+02:00 DEBUG 7856 --- [pool-2-thread-1] c.o.tourguide.service.RewardsService     : Checking if the user 500b545b-adae-4d5c-b098-031aee24394c already get close from Flowers Bakery of London
2023-09-27T16:51:41.094+02:00 DEBUG 7856 --- [pool-2-thread-1] c.o.tourguide.service.RewardsService     : Calculate distance between -84.07486/37.131527 and 99.900064/66.598057
2023-09-27T16:51:41.094+02:00 DEBUG 7856 --- [pool-2-thread-1] c.o.tourguide.service.RewardsService     : Checking if the user 500b545b-adae-4d5c-b098-031aee24394c already get close from McKinley Tower
2023-09-27T16:51:41.094+02:00 DEBUG 7856 --- [pool-2-thread-1] c.o.tourguide.service.RewardsService     : Calculate distance between -149.877502/61.218887 and 99.900064/66.598057
2023-09-27T16:51:41.094+02:00 DEBUG 7856 --- [pool-2-thread-1] c.o.tourguide.service.RewardsService     : Checking if the user 500b545b-adae-4d5c-b098-031aee24394c already get close from Flatiron Building
2023-09-27T16:51:41.094+02:00 DEBUG 7856 --- [pool-2-thread-1] c.o.tourguide.service.RewardsService     : Calculate distance between -73.989723/40.741112 and 99.900064/66.598057
2023-09-27T16:51:41.094+02:00 DEBUG 7856 --- [pool-2-thread-1] c.o.tourguide.service.RewardsService     : Checking if the user 500b545b-adae-4d5c-b098-031aee24394c already get close from Fallingwater
2023-09-27T16:51:41.094+02:00 DEBUG 7856 --- [pool-2-thread-1] c.o.tourguide.service.RewardsService     : Calculate distance between -79.468056/39.906113 and 99.900064/66.598057
2023-09-27T16:51:41.094+02:00 DEBUG 7856 --- [pool-2-thread-1] c.o.tourguide.service.RewardsService     : Checking if the user 500b545b-adae-4d5c-b098-031aee24394c already get close from Union Station
2023-09-27T16:51:41.094+02:00 DEBUG 7856 --- [pool-2-thread-1] c.o.tourguide.service.RewardsService     : Calculate distance between -77.006332/38.897095 and 99.900064/66.598057
2023-09-27T16:51:41.094+02:00 DEBUG 7856 --- [pool-2-thread-1] c.o.tourguide.service.RewardsService     : Checking if the user 500b545b-adae-4d5c-b098-031aee24394c already get close from Roger Dean Stadium
2023-09-27T16:51:41.094+02:00 DEBUG 7856 --- [pool-2-thread-1] c.o.tourguide.service.RewardsService     : Calculate distance between -80.116577/26.890959 and 99.900064/66.598057
2023-09-27T16:51:41.094+02:00 DEBUG 7856 --- [pool-2-thread-1] c.o.tourguide.service.RewardsService     : Checking if the user 500b545b-adae-4d5c-b098-031aee24394c already get close from Texas Memorial Stadium
2023-09-27T16:51:41.094+02:00 DEBUG 7856 --- [pool-2-thread-1] c.o.tourguide.service.RewardsService     : Calculate distance between -97.732536/30.283682 and 99.900064/66.598057
2023-09-27T16:51:41.094+02:00 DEBUG 7856 --- [pool-2-thread-1] c.o.tourguide.service.RewardsService     : Checking if the user 500b545b-adae-4d5c-b098-031aee24394c already get close from Bryant-Denny Stadium
2023-09-27T16:51:41.094+02:00 DEBUG 7856 --- [pool-2-thread-1] c.o.tourguide.service.RewardsService     : Calculate distance between -87.550438/33.208973 and 99.900064/66.598057
2023-09-27T16:51:41.094+02:00 DEBUG 7856 --- [pool-2-thread-1] c.o.tourguide.service.RewardsService     : Checking if the user 500b545b-adae-4d5c-b098-031aee24394c already get close from Tiger Stadium
2023-09-27T16:51:41.094+02:00 DEBUG 7856 --- [pool-2-thread-1] c.o.tourguide.service.RewardsService     : Calculate distance between -91.183815/30.412035 and 99.900064/66.598057
2023-09-27T16:51:41.094+02:00 DEBUG 7856 --- [pool-2-thread-1] c.o.tourguide.service.RewardsService     : Checking if the user 500b545b-adae-4d5c-b098-031aee24394c already get close from Neyland Stadium
2023-09-27T16:51:41.094+02:00 DEBUG 7856 --- [pool-2-thread-1] c.o.tourguide.service.RewardsService     : Calculate distance between -83.925011/35.955013 and 99.900064/66.598057
2023-09-27T16:51:41.094+02:00 DEBUG 7856 --- [pool-2-thread-1] c.o.tourguide.service.RewardsService     : Checking if the user 500b545b-adae-4d5c-b098-031aee24394c already get close from Kyle Field
2023-09-27T16:51:41.094+02:00 DEBUG 7856 --- [pool-2-thread-1] c.o.tourguide.service.RewardsService     : Calculate distance between -96.339844/30.61025 and 99.900064/66.598057
2023-09-27T16:51:41.094+02:00 DEBUG 7856 --- [pool-2-thread-1] c.o.tourguide.service.RewardsService     : Checking if the user 500b545b-adae-4d5c-b098-031aee24394c already get close from San Diego Zoo
2023-09-27T16:51:41.094+02:00 DEBUG 7856 --- [pool-2-thread-1] c.o.tourguide.service.RewardsService     : Calculate distance between -117.149048/32.735317 and 99.900064/66.598057
2023-09-27T16:51:41.094+02:00 DEBUG 7856 --- [pool-2-thread-1] c.o.tourguide.service.RewardsService     : Checking if the user 500b545b-adae-4d5c-b098-031aee24394c already get close from Zoo Tampa at Lowry Park
2023-09-27T16:51:41.094+02:00 DEBUG 7856 --- [pool-2-thread-1] c.o.tourguide.service.RewardsService     : Calculate distance between -82.469269/28.012804 and 99.900064/66.598057
2023-09-27T16:51:41.094+02:00 DEBUG 7856 --- [pool-2-thread-1] c.o.tourguide.service.RewardsService     : Checking if the user 500b545b-adae-4d5c-b098-031aee24394c already get close from Franklin Park Zoo
2023-09-27T16:51:41.094+02:00 DEBUG 7856 --- [pool-2-thread-1] c.o.tourguide.service.RewardsService     : Calculate distance between -71.086731/42.302601 and 99.900064/66.598057
2023-09-27T16:51:41.094+02:00 DEBUG 7856 --- [pool-2-thread-1] c.o.tourguide.service.RewardsService     : Checking if the user 500b545b-adae-4d5c-b098-031aee24394c already get close from El Paso Zoo
2023-09-27T16:51:41.094+02:00 DEBUG 7856 --- [pool-2-thread-1] c.o.tourguide.service.RewardsService     : Calculate distance between -106.44487/31.769125 and 99.900064/66.598057
2023-09-27T16:51:41.094+02:00 DEBUG 7856 --- [pool-2-thread-1] c.o.tourguide.service.RewardsService     : Checking if the user 500b545b-adae-4d5c-b098-031aee24394c already get close from Kansas City Zoo
2023-09-27T16:51:41.094+02:00 DEBUG 7856 --- [pool-2-thread-1] c.o.tourguide.service.RewardsService     : Calculate distance between -94.529625/39.007504 and 99.900064/66.598057
2023-09-27T16:51:41.095+02:00 DEBUG 7856 --- [pool-2-thread-1] c.o.tourguide.service.RewardsService     : Checking if the user 500b545b-adae-4d5c-b098-031aee24394c already get close from Bronx Zoo
2023-09-27T16:51:41.095+02:00 DEBUG 7856 --- [pool-2-thread-1] c.o.tourguide.service.RewardsService     : Calculate distance between -73.872971/40.852905 and 99.900064/66.598057
2023-09-27T16:51:41.095+02:00 DEBUG 7856 --- [pool-2-thread-1] c.o.tourguide.service.RewardsService     : Checking if the user 500b545b-adae-4d5c-b098-031aee24394c already get close from Cinderella Castle
2023-09-27T16:51:41.095+02:00 DEBUG 7856 --- [pool-2-thread-1] c.o.tourguide.service.RewardsService     : Calculate distance between -81.5812/28.419411 and 99.900064/66.598057
2023-09-27T16:51:41.095+02:00 DEBUG 7856 --- [pool-2-thread-1] c.o.tourguide.service.RewardsService     : Trying to add 0 rewards
2023-09-27T16:51:41.115+02:00 DEBUG 7856 --- [pool-3-thread-1] c.o.tourguide.service.RewardsService     : Checking if the user 7b2b8fe2-9e69-474b-b415-7c5568a28c75 already get close from Neyland Stadium
2023-09-27T16:51:41.115+02:00 DEBUG 7856 --- [pool-3-thread-1] c.o.tourguide.service.RewardsService     : Calculate distance between -83.925011/35.955013 and 121.958671/-62.099573
2023-09-27T16:51:41.115+02:00 DEBUG 7856 --- [pool-3-thread-1] c.o.tourguide.service.RewardsService     : Assign reward points to 7b2b8fe2-9e69-474b-b415-7c5568a28c75 for attraction Neyland Stadium
2023-09-27T16:51:41.184+02:00  INFO 7856 --- [pool-2-thread-1] c.o.tourguide.service.TourGuideService   : Adding the current location to the user internalUser6487
2023-09-27T16:51:41.184+02:00 DEBUG 7856 --- [pool-2-thread-1] c.o.tourguide.service.RewardsService     : calculate reward for internalUser6487 on his 5 known locations
2023-09-27T16:51:41.196+02:00 DEBUG 7856 --- [pool-2-thread-1] c.o.tourguide.service.RewardsService     : Checking if the user cc6e2f30-216f-45de-b05e-694529a77cb9 already get close from Disneyland
2023-09-27T16:51:41.196+02:00 DEBUG 7856 --- [pool-2-thread-1] c.o.tourguide.service.RewardsService     : Calculate distance between -117.922008/33.817595 and -60.2711084776017/-52.80693853208991
2023-09-27T16:51:41.196+02:00 DEBUG 7856 --- [pool-2-thread-1] c.o.tourguide.service.RewardsService     : Checking if the user cc6e2f30-216f-45de-b05e-694529a77cb9 already get close from Jackson Hole
2023-09-27T16:51:41.196+02:00 DEBUG 7856 --- [pool-2-thread-1] c.o.tourguide.service.RewardsService     : Calculate distance between -110.821999/43.582767 and -60.2711084776017/-52.80693853208991
2023-09-27T16:51:41.196+02:00 DEBUG 7856 --- [pool-2-thread-1] c.o.tourguide.service.RewardsService     : Checking if the user cc6e2f30-216f-45de-b05e-694529a77cb9 already get close from Mojave National Preserve
2023-09-27T16:51:41.196+02:00 DEBUG 7856 --- [pool-2-thread-1] c.o.tourguide.service.RewardsService     : Calculate distance between -115.510399/35.141689 and -60.2711084776017/-52.80693853208991
2023-09-27T16:51:41.196+02:00 DEBUG 7856 --- [pool-2-thread-1] c.o.tourguide.service.RewardsService     : Checking if the user cc6e2f30-216f-45de-b05e-694529a77cb9 already get close from Joshua Tree National Park
2023-09-27T16:51:41.196+02:00 DEBUG 7856 --- [pool-2-thread-1] c.o.tourguide.service.RewardsService     : Calculate distance between -115.90065/33.881866 and -60.2711084776017/-52.80693853208991
2023-09-27T16:51:41.196+02:00 DEBUG 7856 --- [pool-2-thread-1] c.o.tourguide.service.RewardsService     : Checking if the user cc6e2f30-216f-45de-b05e-694529a77cb9 already get close from Buffalo National River
2023-09-27T16:51:41.196+02:00 DEBUG 7856 --- [pool-2-thread-1] c.o.tourguide.service.RewardsService     : Calculate distance between -92.757652/35.985512 and -60.2711084776017/-52.80693853208991
2023-09-27T16:51:41.196+02:00 DEBUG 7856 --- [pool-2-thread-1] c.o.tourguide.service.RewardsService     : Checking if the user cc6e2f30-216f-45de-b05e-694529a77cb9 already get close from Hot Springs National Park
2023-09-27T16:51:41.196+02:00 DEBUG 7856 --- [pool-2-thread-1] c.o.tourguide.service.RewardsService     : Calculate distance between -93.042267/34.52153 and -60.2711084776017/-52.80693853208991
2023-09-27T16:51:41.196+02:00 DEBUG 7856 --- [pool-2-thread-1] c.o.tourguide.service.RewardsService     : Checking if the user cc6e2f30-216f-45de-b05e-694529a77cb9 already get close from Kartchner Caverns State Park
2023-09-27T16:51:41.196+02:00 DEBUG 7856 --- [pool-2-thread-1] c.o.tourguide.service.RewardsService     : Calculate distance between -110.347382/31.837551 and -60.2711084776017/-52.80693853208991
2023-09-27T16:51:41.196+02:00 DEBUG 7856 --- [pool-2-thread-1] c.o.tourguide.service.RewardsService     : Checking if the user cc6e2f30-216f-45de-b05e-694529a77cb9 already get close from Legend Valley
2023-09-27T16:51:41.196+02:00 DEBUG 7856 --- [pool-2-thread-1] c.o.tourguide.service.RewardsService     : Calculate distance between -82.40667/39.937778 and -60.2711084776017/-52.80693853208991
2023-09-27T16:51:41.196+02:00 DEBUG 7856 --- [pool-2-thread-1] c.o.tourguide.service.RewardsService     : Checking if the user cc6e2f30-216f-45de-b05e-694529a77cb9 already get close from Flowers Bakery of London
2023-09-27T16:51:41.196+02:00 DEBUG 7856 --- [pool-2-thread-1] c.o.tourguide.service.RewardsService     : Calculate distance between -84.07486/37.131527 and -60.2711084776017/-52.80693853208991
2023-09-27T16:51:41.196+02:00 DEBUG 7856 --- [pool-2-thread-1] c.o.tourguide.service.RewardsService     : Checking if the user cc6e2f30-216f-45de-b05e-694529a77cb9 already get close from McKinley Tower
2023-09-27T16:51:41.196+02:00 DEBUG 7856 --- [pool-2-thread-1] c.o.tourguide.service.RewardsService     : Calculate distance between -149.877502/61.218887 and -60.2711084776017/-52.80693853208991
2023-09-27T16:51:41.196+02:00 DEBUG 7856 --- [pool-2-thread-1] c.o.tourguide.service.RewardsService     : Checking if the user cc6e2f30-216f-45de-b05e-694529a77cb9 already get close from Flatiron Building
2023-09-27T16:51:41.196+02:00 DEBUG 7856 --- [pool-2-thread-1] c.o.tourguide.service.RewardsService     : Calculate distance between -73.989723/40.741112 and -60.2711084776017/-52.80693853208991
2023-09-27T16:51:41.196+02:00 DEBUG 7856 --- [pool-2-thread-1] c.o.tourguide.service.RewardsService     : Checking if the user cc6e2f30-216f-45de-b05e-694529a77cb9 already get close from Fallingwater
2023-09-27T16:51:41.196+02:00 DEBUG 7856 --- [pool-2-thread-1] c.o.tourguide.service.RewardsService     : Calculate distance between -79.468056/39.906113 and -60.2711084776017/-52.80693853208991
2023-09-27T16:51:41.196+02:00 DEBUG 7856 --- [pool-2-thread-1] c.o.tourguide.service.RewardsService     : Checking if the user cc6e2f30-216f-45de-b05e-694529a77cb9 already get close from Union Station
2023-09-27T16:51:41.196+02:00 DEBUG 7856 --- [pool-2-thread-1] c.o.tourguide.service.RewardsService     : Calculate distance between -77.006332/38.897095 and -60.2711084776017/-52.80693853208991
2023-09-27T16:51:41.196+02:00 DEBUG 7856 --- [pool-2-thread-1] c.o.tourguide.service.RewardsService     : Checking if the user cc6e2f30-216f-45de-b05e-694529a77cb9 already get close from Roger Dean Stadium
2023-09-27T16:51:41.196+02:00 DEBUG 7856 --- [pool-2-thread-1] c.o.tourguide.service.RewardsService     : Calculate distance between -80.116577/26.890959 and -60.2711084776017/-52.80693853208991
2023-09-27T16:51:41.196+02:00 DEBUG 7856 --- [pool-2-thread-1] c.o.tourguide.service.RewardsService     : Checking if the user cc6e2f30-216f-45de-b05e-694529a77cb9 already get close from Texas Memorial Stadium
2023-09-27T16:51:41.196+02:00 DEBUG 7856 --- [pool-2-thread-1] c.o.tourguide.service.RewardsService     : Calculate distance between -97.732536/30.283682 and -60.2711084776017/-52.80693853208991
2023-09-27T16:51:41.196+02:00 DEBUG 7856 --- [pool-2-thread-1] c.o.tourguide.service.RewardsService     : Checking if the user cc6e2f30-216f-45de-b05e-694529a77cb9 already get close from Bryant-Denny Stadium
2023-09-27T16:51:41.196+02:00 DEBUG 7856 --- [pool-2-thread-1] c.o.tourguide.service.RewardsService     : Calculate distance between -87.550438/33.208973 and -60.2711084776017/-52.80693853208991
2023-09-27T16:51:41.196+02:00 DEBUG 7856 --- [pool-2-thread-1] c.o.tourguide.service.RewardsService     : Checking if the user cc6e2f30-216f-45de-b05e-694529a77cb9 already get close from Tiger Stadium
2023-09-27T16:51:41.196+02:00 DEBUG 7856 --- [pool-2-thread-1] c.o.tourguide.service.RewardsService     : Calculate distance between -91.183815/30.412035 and -60.2711084776017/-52.80693853208991
2023-09-27T16:51:41.196+02:00 DEBUG 7856 --- [pool-2-thread-1] c.o.tourguide.service.RewardsService     : Checking if the user cc6e2f30-216f-45de-b05e-694529a77cb9 already get close from Neyland Stadium
2023-09-27T16:51:41.196+02:00 DEBUG 7856 --- [pool-2-thread-1] c.o.tourguide.service.RewardsService     : Calculate distance between -83.925011/35.955013 and -60.2711084776017/-52.80693853208991
2023-09-27T16:51:41.196+02:00 DEBUG 7856 --- [pool-2-thread-1] c.o.tourguide.service.RewardsService     : Checking if the user cc6e2f30-216f-45de-b05e-694529a77cb9 already get close from Kyle Field
2023-09-27T16:51:41.196+02:00 DEBUG 7856 --- [pool-2-thread-1] c.o.tourguide.service.RewardsService     : Calculate distance between -96.339844/30.61025 and -60.2711084776017/-52.80693853208991
2023-09-27T16:51:41.196+02:00 DEBUG 7856 --- [pool-2-thread-1] c.o.tourguide.service.RewardsService     : Checking if the user cc6e2f30-216f-45de-b05e-694529a77cb9 already get close from San Diego Zoo
2023-09-27T16:51:41.196+02:00 DEBUG 7856 --- [pool-2-thread-1] c.o.tourguide.service.RewardsService     : Calculate distance between -117.149048/32.735317 and -60.2711084776017/-52.80693853208991
2023-09-27T16:51:41.196+02:00 DEBUG 7856 --- [pool-2-thread-1] c.o.tourguide.service.RewardsService     : Checking if the user cc6e2f30-216f-45de-b05e-694529a77cb9 already get close from Zoo Tampa at Lowry Park
2023-09-27T16:51:41.196+02:00 DEBUG 7856 --- [pool-2-thread-1] c.o.tourguide.service.RewardsService     : Calculate distance between -82.469269/28.012804 and -60.2711084776017/-52.80693853208991
2023-09-27T16:51:41.196+02:00 DEBUG 7856 --- [pool-2-thread-1] c.o.tourguide.service.RewardsService     : Checking if the user cc6e2f30-216f-45de-b05e-694529a77cb9 already get close from Franklin Park Zoo
2023-09-27T16:51:41.196+02:00 DEBUG 7856 --- [pool-2-thread-1] c.o.tourguide.service.RewardsService     : Calculate distance between -71.086731/42.302601 and -60.2711084776017/-52.80693853208991
2023-09-27T16:51:41.196+02:00 DEBUG 7856 --- [pool-2-thread-1] c.o.tourguide.service.RewardsService     : Checking if the user cc6e2f30-216f-45de-b05e-694529a77cb9 already get close from El Paso Zoo
2023-09-27T16:51:41.196+02:00 DEBUG 7856 --- [pool-2-thread-1] c.o.tourguide.service.RewardsService     : Calculate distance between -106.44487/31.769125 and -60.2711084776017/-52.80693853208991
2023-09-27T16:51:41.196+02:00 DEBUG 7856 --- [pool-2-thread-1] c.o.tourguide.service.RewardsService     : Checking if the user cc6e2f30-216f-45de-b05e-694529a77cb9 already get close from Kansas City Zoo
2023-09-27T16:51:41.196+02:00 DEBUG 7856 --- [pool-2-thread-1] c.o.tourguide.service.RewardsService     : Calculate distance between -94.529625/39.007504 and -60.2711084776017/-52.80693853208991
2023-09-27T16:51:41.196+02:00 DEBUG 7856 --- [pool-2-thread-1] c.o.tourguide.service.RewardsService     : Checking if the user cc6e2f30-216f-45de-b05e-694529a77cb9 already get close from Bronx Zoo
2023-09-27T16:51:41.196+02:00 DEBUG 7856 --- [pool-2-thread-1] c.o.tourguide.service.RewardsService     : Calculate distance between -73.872971/40.852905 and -60.2711084776017/-52.80693853208991
2023-09-27T16:51:41.196+02:00 DEBUG 7856 --- [pool-2-thread-1] c.o.tourguide.service.RewardsService     : Checking if the user cc6e2f30-216f-45de-b05e-694529a77cb9 already get close from Cinderella Castle
2023-09-27T16:51:41.196+02:00 DEBUG 7856 --- [pool-2-thread-1] c.o.tourguide.service.RewardsService     : Calculate distance between -81.5812/28.419411 and -60.2711084776017/-52.80693853208991
2023-09-27T16:51:41.196+02:00 DEBUG 7856 --- [pool-2-thread-1] c.o.tourguide.service.RewardsService     : Checking if the user cc6e2f30-216f-45de-b05e-694529a77cb9 already get close from Disneyland
2023-09-27T16:51:41.196+02:00 DEBUG 7856 --- [pool-2-thread-1] c.o.tourguide.service.RewardsService     : Calculate distance between -117.922008/33.817595 and -110.33820108913676/-11.677179972184206
2023-09-27T16:51:41.196+02:00 DEBUG 7856 --- [pool-2-thread-1] c.o.tourguide.service.RewardsService     : Checking if the user cc6e2f30-216f-45de-b05e-694529a77cb9 already get close from Jackson Hole
2023-09-27T16:51:41.196+02:00 DEBUG 7856 --- [pool-2-thread-1] c.o.tourguide.service.RewardsService     : Calculate distance between -110.821999/43.582767 and -110.33820108913676/-11.677179972184206
2023-09-27T16:51:41.196+02:00 DEBUG 7856 --- [pool-2-thread-1] c.o.tourguide.service.RewardsService     : Checking if the user cc6e2f30-216f-45de-b05e-694529a77cb9 already get close from Mojave National Preserve
2023-09-27T16:51:41.196+02:00 DEBUG 7856 --- [pool-2-thread-1] c.o.tourguide.service.RewardsService     : Calculate distance between -115.510399/35.141689 and -110.33820108913676/-11.677179972184206
2023-09-27T16:51:41.196+02:00 DEBUG 7856 --- [pool-2-thread-1] c.o.tourguide.service.RewardsService     : Checking if the user cc6e2f30-216f-45de-b05e-694529a77cb9 already get close from Joshua Tree National Park
2023-09-27T16:51:41.196+02:00 DEBUG 7856 --- [pool-2-thread-1] c.o.tourguide.service.RewardsService     : Calculate distance between -115.90065/33.881866 and -110.33820108913676/-11.677179972184206
2023-09-27T16:51:41.196+02:00 DEBUG 7856 --- [pool-2-thread-1] c.o.tourguide.service.RewardsService     : Checking if the user cc6e2f30-216f-45de-b05e-694529a77cb9 already get close from Buffalo National River
2023-09-27T16:51:41.196+02:00 DEBUG 7856 --- [pool-2-thread-1] c.o.tourguide.service.RewardsService     : Calculate distance between -92.757652/35.985512 and -110.33820108913676/-11.677179972184206
2023-09-27T16:51:41.196+02:00 DEBUG 7856 --- [pool-2-thread-1] c.o.tourguide.service.RewardsService     : Checking if the user cc6e2f30-216f-45de-b05e-694529a77cb9 already get close from Hot Springs National Park
2023-09-27T16:51:41.196+02:00 DEBUG 7856 --- [pool-2-thread-1] c.o.tourguide.service.RewardsService     : Calculate distance between -93.042267/34.52153 and -110.33820108913676/-11.677179972184206
2023-09-27T16:51:41.196+02:00 DEBUG 7856 --- [pool-2-thread-1] c.o.tourguide.service.RewardsService     : Checking if the user cc6e2f30-216f-45de-b05e-694529a77cb9 already get close from Kartchner Caverns State Park
2023-09-27T16:51:41.196+02:00 DEBUG 7856 --- [pool-2-thread-1] c.o.tourguide.service.RewardsService     : Calculate distance between -110.347382/31.837551 and -110.33820108913676/-11.677179972184206
2023-09-27T16:51:41.196+02:00 DEBUG 7856 --- [pool-2-thread-1] c.o.tourguide.service.RewardsService     : Checking if the user cc6e2f30-216f-45de-b05e-694529a77cb9 already get close from Legend Valley
2023-09-27T16:51:41.196+02:00 DEBUG 7856 --- [pool-2-thread-1] c.o.tourguide.service.RewardsService     : Calculate distance between -82.40667/39.937778 and -110.33820108913676/-11.677179972184206
2023-09-27T16:51:41.196+02:00 DEBUG 7856 --- [pool-2-thread-1] c.o.tourguide.service.RewardsService     : Checking if the user cc6e2f30-216f-45de-b05e-694529a77cb9 already get close from Flowers Bakery of London
2023-09-27T16:51:41.196+02:00 DEBUG 7856 --- [pool-2-thread-1] c.o.tourguide.service.RewardsService     : Calculate distance between -84.07486/37.131527 and -110.33820108913676/-11.677179972184206
2023-09-27T16:51:41.196+02:00 DEBUG 7856 --- [pool-2-thread-1] c.o.tourguide.service.RewardsService     : Checking if the user cc6e2f30-216f-45de-b05e-694529a77cb9 already get close from McKinley Tower
2023-09-27T16:51:41.196+02:00 DEBUG 7856 --- [pool-2-thread-1] c.o.tourguide.service.RewardsService     : Calculate distance between -149.877502/61.218887 and -110.33820108913676/-11.677179972184206
2023-09-27T16:51:41.196+02:00 DEBUG 7856 --- [pool-2-thread-1] c.o.tourguide.service.RewardsService     : Checking if the user cc6e2f30-216f-45de-b05e-694529a77cb9 already get close from Flatiron Building
2023-09-27T16:51:41.196+02:00 DEBUG 7856 --- [pool-2-thread-1] c.o.tourguide.service.RewardsService     : Calculate distance between -73.989723/40.741112 and -110.33820108913676/-11.677179972184206
2023-09-27T16:51:41.196+02:00 DEBUG 7856 --- [pool-2-thread-1] c.o.tourguide.service.RewardsService     : Checking if the user cc6e2f30-216f-45de-b05e-694529a77cb9 already get close from Fallingwater
2023-09-27T16:51:41.196+02:00 DEBUG 7856 --- [pool-2-thread-1] c.o.tourguide.service.RewardsService     : Calculate distance between -79.468056/39.906113 and -110.33820108913676/-11.677179972184206
2023-09-27T16:51:41.196+02:00 DEBUG 7856 --- [pool-2-thread-1] c.o.tourguide.service.RewardsService     : Checking if the user cc6e2f30-216f-45de-b05e-694529a77cb9 already get close from Union Station
2023-09-27T16:51:41.196+02:00 DEBUG 7856 --- [pool-2-thread-1] c.o.tourguide.service.RewardsService     : Calculate distance between -77.006332/38.897095 and -110.33820108913676/-11.677179972184206
2023-09-27T16:51:41.196+02:00 DEBUG 7856 --- [pool-2-thread-1] c.o.tourguide.service.RewardsService     : Checking if the user cc6e2f30-216f-45de-b05e-694529a77cb9 already get close from Roger Dean Stadium
2023-09-27T16:51:41.196+02:00 DEBUG 7856 --- [pool-2-thread-1] c.o.tourguide.service.RewardsService     : Calculate distance between -80.116577/26.890959 and -110.33820108913676/-11.677179972184206
2023-09-27T16:51:41.196+02:00 DEBUG 7856 --- [pool-2-thread-1] c.o.tourguide.service.RewardsService     : Checking if the user cc6e2f30-216f-45de-b05e-694529a77cb9 already get close from Texas Memorial Stadium
2023-09-27T16:51:41.196+02:00 DEBUG 7856 --- [pool-2-thread-1] c.o.tourguide.service.RewardsService     : Calculate distance between -97.732536/30.283682 and -110.33820108913676/-11.677179972184206
2023-09-27T16:51:41.196+02:00 DEBUG 7856 --- [pool-2-thread-1] c.o.tourguide.service.RewardsService     : Checking if the user cc6e2f30-216f-45de-b05e-694529a77cb9 already get close from Bryant-Denny Stadium
2023-09-27T16:51:41.196+02:00 DEBUG 7856 --- [pool-2-thread-1] c.o.tourguide.service.RewardsService     : Calculate distance between -87.550438/33.208973 and -110.33820108913676/-11.677179972184206
2023-09-27T16:51:41.196+02:00 DEBUG 7856 --- [pool-2-thread-1] c.o.tourguide.service.RewardsService     : Checking if the user cc6e2f30-216f-45de-b05e-694529a77cb9 already get close from Tiger Stadium
2023-09-27T16:51:41.196+02:00 DEBUG 7856 --- [pool-2-thread-1] c.o.tourguide.service.RewardsService     : Calculate distance between -91.183815/30.412035 and -110.33820108913676/-11.677179972184206
2023-09-27T16:51:41.196+02:00 DEBUG 7856 --- [pool-2-thread-1] c.o.tourguide.service.RewardsService     : Checking if the user cc6e2f30-216f-45de-b05e-694529a77cb9 already get close from Neyland Stadium
2023-09-27T16:51:41.196+02:00 DEBUG 7856 --- [pool-2-thread-1] c.o.tourguide.service.RewardsService     : Calculate distance between -83.925011/35.955013 and -110.33820108913676/-11.677179972184206
2023-09-27T16:51:41.196+02:00 DEBUG 7856 --- [pool-2-thread-1] c.o.tourguide.service.RewardsService     : Checking if the user cc6e2f30-216f-45de-b05e-694529a77cb9 already get close from Kyle Field
2023-09-27T16:51:41.196+02:00 DEBUG 7856 --- [pool-2-thread-1] c.o.tourguide.service.RewardsService     : Calculate distance between -96.339844/30.61025 and -110.33820108913676/-11.677179972184206
2023-09-27T16:51:41.196+02:00 DEBUG 7856 --- [pool-2-thread-1] c.o.tourguide.service.RewardsService     : Checking if the user cc6e2f30-216f-45de-b05e-694529a77cb9 already get close from San Diego Zoo
2023-09-27T16:51:41.196+02:00 DEBUG 7856 --- [pool-2-thread-1] c.o.tourguide.service.RewardsService     : Calculate distance between -117.149048/32.735317 and -110.33820108913676/-11.677179972184206
2023-09-27T16:51:41.196+02:00 DEBUG 7856 --- [pool-2-thread-1] c.o.tourguide.service.RewardsService     : Checking if the user cc6e2f30-216f-45de-b05e-694529a77cb9 already get close from Zoo Tampa at Lowry Park
2023-09-27T16:51:41.196+02:00 DEBUG 7856 --- [pool-2-thread-1] c.o.tourguide.service.RewardsService     : Calculate distance between -82.469269/28.012804 and -110.33820108913676/-11.677179972184206
2023-09-27T16:51:41.196+02:00 DEBUG 7856 --- [pool-2-thread-1] c.o.tourguide.service.RewardsService     : Checking if the user cc6e2f30-216f-45de-b05e-694529a77cb9 already get close from Franklin Park Zoo
2023-09-27T16:51:41.196+02:00 DEBUG 7856 --- [pool-2-thread-1] c.o.tourguide.service.RewardsService     : Calculate distance between -71.086731/42.302601 and -110.33820108913676/-11.677179972184206
2023-09-27T16:51:41.196+02:00 DEBUG 7856 --- [pool-2-thread-1] c.o.tourguide.service.RewardsService     : Checking if the user cc6e2f30-216f-45de-b05e-694529a77cb9 already get close from El Paso Zoo
2023-09-27T16:51:41.196+02:00 DEBUG 7856 --- [pool-2-thread-1] c.o.tourguide.service.RewardsService     : Calculate distance between -106.44487/31.769125 and -110.33820108913676/-11.677179972184206
2023-09-27T16:51:41.196+02:00 DEBUG 7856 --- [pool-2-thread-1] c.o.tourguide.service.RewardsService     : Checking if the user cc6e2f30-216f-45de-b05e-694529a77cb9 already get close from Kansas City Zoo
2023-09-27T16:51:41.196+02:00 DEBUG 7856 --- [pool-2-thread-1] c.o.tourguide.service.RewardsService     : Calculate distance between -94.529625/39.007504 and -110.33820108913676/-11.677179972184206
2023-09-27T16:51:41.196+02:00 DEBUG 7856 --- [pool-2-thread-1] c.o.tourguide.service.RewardsService     : Checking if the user cc6e2f30-216f-45de-b05e-694529a77cb9 already get close from Bronx Zoo
2023-09-27T16:51:41.196+02:00 DEBUG 7856 --- [pool-2-thread-1] c.o.tourguide.service.RewardsService     : Calculate distance between -73.872971/40.852905 and -110.33820108913676/-11.677179972184206
2023-09-27T16:51:41.196+02:00 DEBUG 7856 --- [pool-2-thread-1] c.o.tourguide.service.RewardsService     : Checking if the user cc6e2f30-216f-45de-b05e-694529a77cb9 already get close from Cinderella Castle
2023-09-27T16:51:41.196+02:00 DEBUG 7856 --- [pool-2-thread-1] c.o.tourguide.service.RewardsService     : Calculate distance between -81.5812/28.419411 and -110.33820108913676/-11.677179972184206
2023-09-27T16:51:41.196+02:00 DEBUG 7856 --- [pool-2-thread-1] c.o.tourguide.service.RewardsService     : Checking if the user cc6e2f30-216f-45de-b05e-694529a77cb9 already get close from Disneyland
2023-09-27T16:51:41.196+02:00 DEBUG 7856 --- [pool-2-thread-1] c.o.tourguide.service.RewardsService     : Calculate distance between -117.922008/33.817595 and 155.78997627958967/35.780565836924424
2023-09-27T16:51:41.196+02:00 DEBUG 7856 --- [pool-2-thread-1] c.o.tourguide.service.RewardsService     : Checking if the user cc6e2f30-216f-45de-b05e-694529a77cb9 already get close from Jackson Hole
2023-09-27T16:51:41.196+02:00 DEBUG 7856 --- [pool-2-thread-1] c.o.tourguide.service.RewardsService     : Calculate distance between -110.821999/43.582767 and 155.78997627958967/35.780565836924424
2023-09-27T16:51:41.196+02:00 DEBUG 7856 --- [pool-2-thread-1] c.o.tourguide.service.RewardsService     : Checking if the user cc6e2f30-216f-45de-b05e-694529a77cb9 already get close from Mojave National Preserve
2023-09-27T16:51:41.196+02:00 DEBUG 7856 --- [pool-2-thread-1] c.o.tourguide.service.RewardsService     : Calculate distance between -115.510399/35.141689 and 155.78997627958967/35.780565836924424
2023-09-27T16:51:41.196+02:00 DEBUG 7856 --- [pool-2-thread-1] c.o.tourguide.service.RewardsService     : Checking if the user cc6e2f30-216f-45de-b05e-694529a77cb9 already get close from Joshua Tree National Park
2023-09-27T16:51:41.196+02:00 DEBUG 7856 --- [pool-2-thread-1] c.o.tourguide.service.RewardsService     : Calculate distance between -115.90065/33.881866 and 155.78997627958967/35.780565836924424
2023-09-27T16:51:41.196+02:00 DEBUG 7856 --- [pool-2-thread-1] c.o.tourguide.service.RewardsService     : Checking if the user cc6e2f30-216f-45de-b05e-694529a77cb9 already get close from Buffalo National River
2023-09-27T16:51:41.196+02:00 DEBUG 7856 --- [pool-2-thread-1] c.o.tourguide.service.RewardsService     : Calculate distance between -92.757652/35.985512 and 155.78997627958967/35.780565836924424
2023-09-27T16:51:41.196+02:00 DEBUG 7856 --- [pool-2-thread-1] c.o.tourguide.service.RewardsService     : Checking if the user cc6e2f30-216f-45de-b05e-694529a77cb9 already get close from Hot Springs National Park
2023-09-27T16:51:41.196+02:00 DEBUG 7856 --- [pool-2-thread-1] c.o.tourguide.service.RewardsService     : Calculate distance between -93.042267/34.52153 and 155.78997627958967/35.780565836924424
2023-09-27T16:51:41.196+02:00 DEBUG 7856 --- [pool-2-thread-1] c.o.tourguide.service.RewardsService     : Checking if the user cc6e2f30-216f-45de-b05e-694529a77cb9 already get close from Kartchner Caverns State Park
2023-09-27T16:51:41.196+02:00 DEBUG 7856 --- [pool-2-thread-1] c.o.tourguide.service.RewardsService     : Calculate distance between -110.347382/31.837551 and 155.78997627958967/35.780565836924424
2023-09-27T16:51:41.196+02:00 DEBUG 7856 --- [pool-2-thread-1] c.o.tourguide.service.RewardsService     : Checking if the user cc6e2f30-216f-45de-b05e-694529a77cb9 already get close from Legend Valley
2023-09-27T16:51:41.196+02:00 DEBUG 7856 --- [pool-2-thread-1] c.o.tourguide.service.RewardsService     : Calculate distance between -82.40667/39.937778 and 155.78997627958967/35.780565836924424
2023-09-27T16:51:41.196+02:00 DEBUG 7856 --- [pool-2-thread-1] c.o.tourguide.service.RewardsService     : Checking if the user cc6e2f30-216f-45de-b05e-694529a77cb9 already get close from Flowers Bakery of London
2023-09-27T16:51:41.196+02:00 DEBUG 7856 --- [pool-2-thread-1] c.o.tourguide.service.RewardsService     : Calculate distance between -84.07486/37.131527 and 155.78997627958967/35.780565836924424
2023-09-27T16:51:41.196+02:00 DEBUG 7856 --- [pool-2-thread-1] c.o.tourguide.service.RewardsService     : Checking if the user cc6e2f30-216f-45de-b05e-694529a77cb9 already get close from McKinley Tower
2023-09-27T16:51:41.196+02:00 DEBUG 7856 --- [pool-2-thread-1] c.o.tourguide.service.RewardsService     : Calculate distance between -149.877502/61.218887 and 155.78997627958967/35.780565836924424
2023-09-27T16:51:41.196+02:00 DEBUG 7856 --- [pool-2-thread-1] c.o.tourguide.service.RewardsService     : Checking if the user cc6e2f30-216f-45de-b05e-694529a77cb9 already get close from Flatiron Building
2023-09-27T16:51:41.196+02:00 DEBUG 7856 --- [pool-2-thread-1] c.o.tourguide.service.RewardsService     : Calculate distance between -73.989723/40.741112 and 155.78997627958967/35.780565836924424
2023-09-27T16:51:41.196+02:00 DEBUG 7856 --- [pool-2-thread-1] c.o.tourguide.service.RewardsService     : Checking if the user cc6e2f30-216f-45de-b05e-694529a77cb9 already get close from Fallingwater
2023-09-27T16:51:41.196+02:00 DEBUG 7856 --- [pool-2-thread-1] c.o.tourguide.service.RewardsService     : Calculate distance between -79.468056/39.906113 and 155.78997627958967/35.780565836924424
2023-09-27T16:51:41.196+02:00 DEBUG 7856 --- [pool-2-thread-1] c.o.tourguide.service.RewardsService     : Checking if the user cc6e2f30-216f-45de-b05e-694529a77cb9 already get close from Union Station
2023-09-27T16:51:41.196+02:00 DEBUG 7856 --- [pool-2-thread-1] c.o.tourguide.service.RewardsService     : Calculate distance between -77.006332/38.897095 and 155.78997627958967/35.780565836924424
2023-09-27T16:51:41.196+02:00 DEBUG 7856 --- [pool-2-thread-1] c.o.tourguide.service.RewardsService     : Checking if the user cc6e2f30-216f-45de-b05e-694529a77cb9 already get close from Roger Dean Stadium
2023-09-27T16:51:41.196+02:00 DEBUG 7856 --- [pool-2-thread-1] c.o.tourguide.service.RewardsService     : Calculate distance between -80.116577/26.890959 and 155.78997627958967/35.780565836924424
2023-09-27T16:51:41.196+02:00 DEBUG 7856 --- [pool-2-thread-1] c.o.tourguide.service.RewardsService     : Checking if the user cc6e2f30-216f-45de-b05e-694529a77cb9 already get close from Texas Memorial Stadium
2023-09-27T16:51:41.196+02:00 DEBUG 7856 --- [pool-2-thread-1] c.o.tourguide.service.RewardsService     : Calculate distance between -97.732536/30.283682 and 155.78997627958967/35.780565836924424
2023-09-27T16:51:41.196+02:00 DEBUG 7856 --- [pool-2-thread-1] c.o.tourguide.service.RewardsService     : Checking if the user cc6e2f30-216f-45de-b05e-694529a77cb9 already get close from Bryant-Denny Stadium
2023-09-27T16:51:41.196+02:00 DEBUG 7856 --- [pool-2-thread-1] c.o.tourguide.service.RewardsService     : Calculate distance between -87.550438/33.208973 and 155.78997627958967/35.780565836924424
2023-09-27T16:51:41.196+02:00 DEBUG 7856 --- [pool-2-thread-1] c.o.tourguide.service.RewardsService     : Checking if the user cc6e2f30-216f-45de-b05e-694529a77cb9 already get close from Tiger Stadium
2023-09-27T16:51:41.196+02:00 DEBUG 7856 --- [pool-2-thread-1] c.o.tourguide.service.RewardsService     : Calculate distance between -91.183815/30.412035 and 155.78997627958967/35.780565836924424
2023-09-27T16:51:41.196+02:00 DEBUG 7856 --- [pool-2-thread-1] c.o.tourguide.service.RewardsService     : Checking if the user cc6e2f30-216f-45de-b05e-694529a77cb9 already get close from Neyland Stadium
2023-09-27T16:51:41.196+02:00 DEBUG 7856 --- [pool-2-thread-1] c.o.tourguide.service.RewardsService     : Calculate distance between -83.925011/35.955013 and 155.78997627958967/35.780565836924424
2023-09-27T16:51:41.196+02:00 DEBUG 7856 --- [pool-2-thread-1] c.o.tourguide.service.RewardsService     : Checking if the user cc6e2f30-216f-45de-b05e-694529a77cb9 already get close from Kyle Field
2023-09-27T16:51:41.196+02:00 DEBUG 7856 --- [pool-2-thread-1] c.o.tourguide.service.RewardsService     : Calculate distance between -96.339844/30.61025 and 155.78997627958967/35.780565836924424
2023-09-27T16:51:41.196+02:00 DEBUG 7856 --- [pool-2-thread-1] c.o.tourguide.service.RewardsService     : Checking if the user cc6e2f30-216f-45de-b05e-694529a77cb9 already get close from San Diego Zoo
2023-09-27T16:51:41.196+02:00 DEBUG 7856 --- [pool-2-thread-1] c.o.tourguide.service.RewardsService     : Calculate distance between -117.149048/32.735317 and 155.78997627958967/35.780565836924424
2023-09-27T16:51:41.196+02:00 DEBUG 7856 --- [pool-2-thread-1] c.o.tourguide.service.RewardsService     : Checking if the user cc6e2f30-216f-45de-b05e-694529a77cb9 already get close from Zoo Tampa at Lowry Park
2023-09-27T16:51:41.196+02:00 DEBUG 7856 --- [pool-2-thread-1] c.o.tourguide.service.RewardsService     : Calculate distance between -82.469269/28.012804 and 155.78997627958967/35.780565836924424
2023-09-27T16:51:41.196+02:00 DEBUG 7856 --- [pool-2-thread-1] c.o.tourguide.service.RewardsService     : Checking if the user cc6e2f30-216f-45de-b05e-694529a77cb9 already get close from Franklin Park Zoo
2023-09-27T16:51:41.196+02:00 DEBUG 7856 --- [pool-2-thread-1] c.o.tourguide.service.RewardsService     : Calculate distance between -71.086731/42.302601 and 155.78997627958967/35.780565836924424
2023-09-27T16:51:41.196+02:00 DEBUG 7856 --- [pool-2-thread-1] c.o.tourguide.service.RewardsService     : Checking if the user cc6e2f30-216f-45de-b05e-694529a77cb9 already get close from El Paso Zoo
2023-09-27T16:51:41.196+02:00 DEBUG 7856 --- [pool-2-thread-1] c.o.tourguide.service.RewardsService     : Calculate distance between -106.44487/31.769125 and 155.78997627958967/35.780565836924424
2023-09-27T16:51:41.196+02:00 DEBUG 7856 --- [pool-2-thread-1] c.o.tourguide.service.RewardsService     : Checking if the user cc6e2f30-216f-45de-b05e-694529a77cb9 already get close from Kansas City Zoo
2023-09-27T16:51:41.196+02:00 DEBUG 7856 --- [pool-2-thread-1] c.o.tourguide.service.RewardsService     : Calculate distance between -94.529625/39.007504 and 155.78997627958967/35.780565836924424
2023-09-27T16:51:41.196+02:00 DEBUG 7856 --- [pool-2-thread-1] c.o.tourguide.service.RewardsService     : Checking if the user cc6e2f30-216f-45de-b05e-694529a77cb9 already get close from Bronx Zoo
2023-09-27T16:51:41.196+02:00 DEBUG 7856 --- [pool-2-thread-1] c.o.tourguide.service.RewardsService     : Calculate distance between -73.872971/40.852905 and 155.78997627958967/35.780565836924424
2023-09-27T16:51:41.196+02:00 DEBUG 7856 --- [pool-2-thread-1] c.o.tourguide.service.RewardsService     : Checking if the user cc6e2f30-216f-45de-b05e-694529a77cb9 already get close from Cinderella Castle
2023-09-27T16:51:41.196+02:00 DEBUG 7856 --- [pool-2-thread-1] c.o.tourguide.service.RewardsService     : Calculate distance between -81.5812/28.419411 and 155.78997627958967/35.780565836924424
2023-09-27T16:51:41.196+02:00 DEBUG 7856 --- [pool-2-thread-1] c.o.tourguide.service.RewardsService     : Checking if the user cc6e2f30-216f-45de-b05e-694529a77cb9 already get close from Disneyland
2023-09-27T16:51:41.196+02:00 DEBUG 7856 --- [pool-2-thread-1] c.o.tourguide.service.RewardsService     : Calculate distance between -117.922008/33.817595 and 152.964984/1.912485
2023-09-27T16:51:41.196+02:00 DEBUG 7856 --- [pool-2-thread-1] c.o.tourguide.service.RewardsService     : Checking if the user cc6e2f30-216f-45de-b05e-694529a77cb9 already get close from Jackson Hole
2023-09-27T16:51:41.196+02:00 DEBUG 7856 --- [pool-2-thread-1] c.o.tourguide.service.RewardsService     : Calculate distance between -110.821999/43.582767 and 152.964984/1.912485
2023-09-27T16:51:41.196+02:00 DEBUG 7856 --- [pool-2-thread-1] c.o.tourguide.service.RewardsService     : Checking if the user cc6e2f30-216f-45de-b05e-694529a77cb9 already get close from Mojave National Preserve
2023-09-27T16:51:41.196+02:00 DEBUG 7856 --- [pool-2-thread-1] c.o.tourguide.service.RewardsService     : Calculate distance between -115.510399/35.141689 and 152.964984/1.912485
2023-09-27T16:51:41.196+02:00 DEBUG 7856 --- [pool-2-thread-1] c.o.tourguide.service.RewardsService     : Checking if the user cc6e2f30-216f-45de-b05e-694529a77cb9 already get close from Joshua Tree National Park
2023-09-27T16:51:41.196+02:00 DEBUG 7856 --- [pool-2-thread-1] c.o.tourguide.service.RewardsService     : Calculate distance between -115.90065/33.881866 and 152.964984/1.912485
2023-09-27T16:51:41.196+02:00 DEBUG 7856 --- [pool-2-thread-1] c.o.tourguide.service.RewardsService     : Checking if the user cc6e2f30-216f-45de-b05e-694529a77cb9 already get close from Buffalo National River
2023-09-27T16:51:41.196+02:00 DEBUG 7856 --- [pool-2-thread-1] c.o.tourguide.service.RewardsService     : Calculate distance between -92.757652/35.985512 and 152.964984/1.912485
2023-09-27T16:51:41.196+02:00 DEBUG 7856 --- [pool-2-thread-1] c.o.tourguide.service.RewardsService     : Checking if the user cc6e2f30-216f-45de-b05e-694529a77cb9 already get close from Hot Springs National Park
2023-09-27T16:51:41.196+02:00 DEBUG 7856 --- [pool-2-thread-1] c.o.tourguide.service.RewardsService     : Calculate distance between -93.042267/34.52153 and 152.964984/1.912485
2023-09-27T16:51:41.196+02:00 DEBUG 7856 --- [pool-2-thread-1] c.o.tourguide.service.RewardsService     : Checking if the user cc6e2f30-216f-45de-b05e-694529a77cb9 already get close from Kartchner Caverns State Park
2023-09-27T16:51:41.196+02:00 DEBUG 7856 --- [pool-2-thread-1] c.o.tourguide.service.RewardsService     : Calculate distance between -110.347382/31.837551 and 152.964984/1.912485
2023-09-27T16:51:41.196+02:00 DEBUG 7856 --- [pool-2-thread-1] c.o.tourguide.service.RewardsService     : Checking if the user cc6e2f30-216f-45de-b05e-694529a77cb9 already get close from Legend Valley
2023-09-27T16:51:41.196+02:00 DEBUG 7856 --- [pool-2-thread-1] c.o.tourguide.service.RewardsService     : Calculate distance between -82.40667/39.937778 and 152.964984/1.912485
2023-09-27T16:51:41.196+02:00 DEBUG 7856 --- [pool-2-thread-1] c.o.tourguide.service.RewardsService     : Checking if the user cc6e2f30-216f-45de-b05e-694529a77cb9 already get close from Flowers Bakery of London
2023-09-27T16:51:41.196+02:00 DEBUG 7856 --- [pool-2-thread-1] c.o.tourguide.service.RewardsService     : Calculate distance between -84.07486/37.131527 and 152.964984/1.912485
2023-09-27T16:51:41.196+02:00 DEBUG 7856 --- [pool-2-thread-1] c.o.tourguide.service.RewardsService     : Checking if the user cc6e2f30-216f-45de-b05e-694529a77cb9 already get close from McKinley Tower
2023-09-27T16:51:41.196+02:00 DEBUG 7856 --- [pool-2-thread-1] c.o.tourguide.service.RewardsService     : Calculate distance between -149.877502/61.218887 and 152.964984/1.912485
2023-09-27T16:51:41.196+02:00 DEBUG 7856 --- [pool-2-thread-1] c.o.tourguide.service.RewardsService     : Checking if the user cc6e2f30-216f-45de-b05e-694529a77cb9 already get close from Flatiron Building
2023-09-27T16:51:41.196+02:00 DEBUG 7856 --- [pool-2-thread-1] c.o.tourguide.service.RewardsService     : Calculate distance between -73.989723/40.741112 and 152.964984/1.912485
2023-09-27T16:51:41.196+02:00 DEBUG 7856 --- [pool-2-thread-1] c.o.tourguide.service.RewardsService     : Checking if the user cc6e2f30-216f-45de-b05e-694529a77cb9 already get close from Fallingwater
2023-09-27T16:51:41.196+02:00 DEBUG 7856 --- [pool-2-thread-1] c.o.tourguide.service.RewardsService     : Calculate distance between -79.468056/39.906113 and 152.964984/1.912485
2023-09-27T16:51:41.196+02:00 DEBUG 7856 --- [pool-2-thread-1] c.o.tourguide.service.RewardsService     : Checking if the user cc6e2f30-216f-45de-b05e-694529a77cb9 already get close from Union Station
2023-09-27T16:51:41.196+02:00 DEBUG 7856 --- [pool-2-thread-1] c.o.tourguide.service.RewardsService     : Calculate distance between -77.006332/38.897095 and 152.964984/1.912485
2023-09-27T16:51:41.196+02:00 DEBUG 7856 --- [pool-2-thread-1] c.o.tourguide.service.RewardsService     : Checking if the user cc6e2f30-216f-45de-b05e-694529a77cb9 already get close from Roger Dean Stadium
2023-09-27T16:51:41.196+02:00 DEBUG 7856 --- [pool-2-thread-1] c.o.tourguide.service.RewardsService     : Calculate distance between -80.116577/26.890959 and 152.964984/1.912485
2023-09-27T16:51:41.196+02:00 DEBUG 7856 --- [pool-2-thread-1] c.o.tourguide.service.RewardsService     : Checking if the user cc6e2f30-216f-45de-b05e-694529a77cb9 already get close from Texas Memorial Stadium
2023-09-27T16:51:41.197+02:00 DEBUG 7856 --- [pool-2-thread-1] c.o.tourguide.service.RewardsService     : Calculate distance between -97.732536/30.283682 and 152.964984/1.912485
2023-09-27T16:51:41.197+02:00 DEBUG 7856 --- [pool-2-thread-1] c.o.tourguide.service.RewardsService     : Checking if the user cc6e2f30-216f-45de-b05e-694529a77cb9 already get close from Bryant-Denny Stadium
2023-09-27T16:51:41.197+02:00 DEBUG 7856 --- [pool-2-thread-1] c.o.tourguide.service.RewardsService     : Calculate distance between -87.550438/33.208973 and 152.964984/1.912485
2023-09-27T16:51:41.197+02:00 DEBUG 7856 --- [pool-2-thread-1] c.o.tourguide.service.RewardsService     : Checking if the user cc6e2f30-216f-45de-b05e-694529a77cb9 already get close from Tiger Stadium
2023-09-27T16:51:41.197+02:00 DEBUG 7856 --- [pool-2-thread-1] c.o.tourguide.service.RewardsService     : Calculate distance between -91.183815/30.412035 and 152.964984/1.912485
2023-09-27T16:51:41.197+02:00 DEBUG 7856 --- [pool-2-thread-1] c.o.tourguide.service.RewardsService     : Checking if the user cc6e2f30-216f-45de-b05e-694529a77cb9 already get close from Neyland Stadium
2023-09-27T16:51:41.197+02:00 DEBUG 7856 --- [pool-2-thread-1] c.o.tourguide.service.RewardsService     : Calculate distance between -83.925011/35.955013 and 152.964984/1.912485
2023-09-27T16:51:41.197+02:00 DEBUG 7856 --- [pool-2-thread-1] c.o.tourguide.service.RewardsService     : Checking if the user cc6e2f30-216f-45de-b05e-694529a77cb9 already get close from Kyle Field
2023-09-27T16:51:41.197+02:00 DEBUG 7856 --- [pool-2-thread-1] c.o.tourguide.service.RewardsService     : Calculate distance between -96.339844/30.61025 and 152.964984/1.912485
2023-09-27T16:51:41.197+02:00 DEBUG 7856 --- [pool-2-thread-1] c.o.tourguide.service.RewardsService     : Checking if the user cc6e2f30-216f-45de-b05e-694529a77cb9 already get close from San Diego Zoo
2023-09-27T16:51:41.197+02:00 DEBUG 7856 --- [pool-2-thread-1] c.o.tourguide.service.RewardsService     : Calculate distance between -117.149048/32.735317 and 152.964984/1.912485
2023-09-27T16:51:41.197+02:00 DEBUG 7856 --- [pool-2-thread-1] c.o.tourguide.service.RewardsService     : Checking if the user cc6e2f30-216f-45de-b05e-694529a77cb9 already get close from Zoo Tampa at Lowry Park
2023-09-27T16:51:41.197+02:00 DEBUG 7856 --- [pool-2-thread-1] c.o.tourguide.service.RewardsService     : Calculate distance between -82.469269/28.012804 and 152.964984/1.912485
2023-09-27T16:51:41.197+02:00 DEBUG 7856 --- [pool-2-thread-1] c.o.tourguide.service.RewardsService     : Checking if the user cc6e2f30-216f-45de-b05e-694529a77cb9 already get close from Franklin Park Zoo
2023-09-27T16:51:41.197+02:00 DEBUG 7856 --- [pool-2-thread-1] c.o.tourguide.service.RewardsService     : Calculate distance between -71.086731/42.302601 and 152.964984/1.912485
2023-09-27T16:51:41.197+02:00 DEBUG 7856 --- [pool-2-thread-1] c.o.tourguide.service.RewardsService     : Checking if the user cc6e2f30-216f-45de-b05e-694529a77cb9 already get close from El Paso Zoo
2023-09-27T16:51:41.197+02:00 DEBUG 7856 --- [pool-2-thread-1] c.o.tourguide.service.RewardsService     : Calculate distance between -106.44487/31.769125 and 152.964984/1.912485
2023-09-27T16:51:41.197+02:00 DEBUG 7856 --- [pool-2-thread-1] c.o.tourguide.service.RewardsService     : Checking if the user cc6e2f30-216f-45de-b05e-694529a77cb9 already get close from Kansas City Zoo
2023-09-27T16:51:41.197+02:00 DEBUG 7856 --- [pool-2-thread-1] c.o.tourguide.service.RewardsService     : Calculate distance between -94.529625/39.007504 and 152.964984/1.912485
2023-09-27T16:51:41.197+02:00 DEBUG 7856 --- [pool-2-thread-1] c.o.tourguide.service.RewardsService     : Checking if the user cc6e2f30-216f-45de-b05e-694529a77cb9 already get close from Bronx Zoo
2023-09-27T16:51:41.197+02:00 DEBUG 7856 --- [pool-2-thread-1] c.o.tourguide.service.RewardsService     : Calculate distance between -73.872971/40.852905 and 152.964984/1.912485
2023-09-27T16:51:41.197+02:00 DEBUG 7856 --- [pool-2-thread-1] c.o.tourguide.service.RewardsService     : Checking if the user cc6e2f30-216f-45de-b05e-694529a77cb9 already get close from Cinderella Castle
2023-09-27T16:51:41.197+02:00 DEBUG 7856 --- [pool-2-thread-1] c.o.tourguide.service.RewardsService     : Calculate distance between -81.5812/28.419411 and 152.964984/1.912485
2023-09-27T16:51:41.197+02:00 DEBUG 7856 --- [pool-2-thread-1] c.o.tourguide.service.RewardsService     : Checking if the user cc6e2f30-216f-45de-b05e-694529a77cb9 already get close from Disneyland
2023-09-27T16:51:41.197+02:00 DEBUG 7856 --- [pool-2-thread-1] c.o.tourguide.service.RewardsService     : Calculate distance between -117.922008/33.817595 and 1.10188/-24.86314
2023-09-27T16:51:41.197+02:00 DEBUG 7856 --- [pool-2-thread-1] c.o.tourguide.service.RewardsService     : Checking if the user cc6e2f30-216f-45de-b05e-694529a77cb9 already get close from Jackson Hole
2023-09-27T16:51:41.197+02:00 DEBUG 7856 --- [pool-2-thread-1] c.o.tourguide.service.RewardsService     : Calculate distance between -110.821999/43.582767 and 1.10188/-24.86314
2023-09-27T16:51:41.197+02:00 DEBUG 7856 --- [pool-2-thread-1] c.o.tourguide.service.RewardsService     : Checking if the user cc6e2f30-216f-45de-b05e-694529a77cb9 already get close from Mojave National Preserve
2023-09-27T16:51:41.197+02:00 DEBUG 7856 --- [pool-2-thread-1] c.o.tourguide.service.RewardsService     : Calculate distance between -115.510399/35.141689 and 1.10188/-24.86314
2023-09-27T16:51:41.197+02:00 DEBUG 7856 --- [pool-2-thread-1] c.o.tourguide.service.RewardsService     : Checking if the user cc6e2f30-216f-45de-b05e-694529a77cb9 already get close from Joshua Tree National Park
2023-09-27T16:51:41.197+02:00 DEBUG 7856 --- [pool-2-thread-1] c.o.tourguide.service.RewardsService     : Calculate distance between -115.90065/33.881866 and 1.10188/-24.86314
2023-09-27T16:51:41.197+02:00 DEBUG 7856 --- [pool-2-thread-1] c.o.tourguide.service.RewardsService     : Checking if the user cc6e2f30-216f-45de-b05e-694529a77cb9 already get close from Buffalo National River
2023-09-27T16:51:41.197+02:00 DEBUG 7856 --- [pool-2-thread-1] c.o.tourguide.service.RewardsService     : Calculate distance between -92.757652/35.985512 and 1.10188/-24.86314
2023-09-27T16:51:41.197+02:00 DEBUG 7856 --- [pool-2-thread-1] c.o.tourguide.service.RewardsService     : Checking if the user cc6e2f30-216f-45de-b05e-694529a77cb9 already get close from Hot Springs National Park
2023-09-27T16:51:41.197+02:00 DEBUG 7856 --- [pool-2-thread-1] c.o.tourguide.service.RewardsService     : Calculate distance between -93.042267/34.52153 and 1.10188/-24.86314
2023-09-27T16:51:41.197+02:00 DEBUG 7856 --- [pool-2-thread-1] c.o.tourguide.service.RewardsService     : Checking if the user cc6e2f30-216f-45de-b05e-694529a77cb9 already get close from Kartchner Caverns State Park
2023-09-27T16:51:41.197+02:00 DEBUG 7856 --- [pool-2-thread-1] c.o.tourguide.service.RewardsService     : Calculate distance between -110.347382/31.837551 and 1.10188/-24.86314
2023-09-27T16:51:41.197+02:00 DEBUG 7856 --- [pool-2-thread-1] c.o.tourguide.service.RewardsService     : Checking if the user cc6e2f30-216f-45de-b05e-694529a77cb9 already get close from Legend Valley
2023-09-27T16:51:41.197+02:00 DEBUG 7856 --- [pool-2-thread-1] c.o.tourguide.service.RewardsService     : Calculate distance between -82.40667/39.937778 and 1.10188/-24.86314
2023-09-27T16:51:41.197+02:00 DEBUG 7856 --- [pool-2-thread-1] c.o.tourguide.service.RewardsService     : Checking if the user cc6e2f30-216f-45de-b05e-694529a77cb9 already get close from Flowers Bakery of London
2023-09-27T16:51:41.197+02:00 DEBUG 7856 --- [pool-2-thread-1] c.o.tourguide.service.RewardsService     : Calculate distance between -84.07486/37.131527 and 1.10188/-24.86314
2023-09-27T16:51:41.197+02:00 DEBUG 7856 --- [pool-2-thread-1] c.o.tourguide.service.RewardsService     : Checking if the user cc6e2f30-216f-45de-b05e-694529a77cb9 already get close from McKinley Tower
2023-09-27T16:51:41.197+02:00 DEBUG 7856 --- [pool-2-thread-1] c.o.tourguide.service.RewardsService     : Calculate distance between -149.877502/61.218887 and 1.10188/-24.86314
2023-09-27T16:51:41.197+02:00 DEBUG 7856 --- [pool-2-thread-1] c.o.tourguide.service.RewardsService     : Checking if the user cc6e2f30-216f-45de-b05e-694529a77cb9 already get close from Flatiron Building
2023-09-27T16:51:41.197+02:00 DEBUG 7856 --- [pool-2-thread-1] c.o.tourguide.service.RewardsService     : Calculate distance between -73.989723/40.741112 and 1.10188/-24.86314
2023-09-27T16:51:41.197+02:00 DEBUG 7856 --- [pool-2-thread-1] c.o.tourguide.service.RewardsService     : Checking if the user cc6e2f30-216f-45de-b05e-694529a77cb9 already get close from Fallingwater
2023-09-27T16:51:41.197+02:00 DEBUG 7856 --- [pool-2-thread-1] c.o.tourguide.service.RewardsService     : Calculate distance between -79.468056/39.906113 and 1.10188/-24.86314
2023-09-27T16:51:41.197+02:00 DEBUG 7856 --- [pool-2-thread-1] c.o.tourguide.service.RewardsService     : Checking if the user cc6e2f30-216f-45de-b05e-694529a77cb9 already get close from Union Station
2023-09-27T16:51:41.197+02:00 DEBUG 7856 --- [pool-2-thread-1] c.o.tourguide.service.RewardsService     : Calculate distance between -77.006332/38.897095 and 1.10188/-24.86314
2023-09-27T16:51:41.197+02:00 DEBUG 7856 --- [pool-2-thread-1] c.o.tourguide.service.RewardsService     : Checking if the user cc6e2f30-216f-45de-b05e-694529a77cb9 already get close from Roger Dean Stadium
2023-09-27T16:51:41.197+02:00 DEBUG 7856 --- [pool-2-thread-1] c.o.tourguide.service.RewardsService     : Calculate distance between -80.116577/26.890959 and 1.10188/-24.86314
2023-09-27T16:51:41.197+02:00 DEBUG 7856 --- [pool-2-thread-1] c.o.tourguide.service.RewardsService     : Checking if the user cc6e2f30-216f-45de-b05e-694529a77cb9 already get close from Texas Memorial Stadium
2023-09-27T16:51:41.197+02:00 DEBUG 7856 --- [pool-2-thread-1] c.o.tourguide.service.RewardsService     : Calculate distance between -97.732536/30.283682 and 1.10188/-24.86314
2023-09-27T16:51:41.197+02:00 DEBUG 7856 --- [pool-2-thread-1] c.o.tourguide.service.RewardsService     : Checking if the user cc6e2f30-216f-45de-b05e-694529a77cb9 already get close from Bryant-Denny Stadium
2023-09-27T16:51:41.197+02:00 DEBUG 7856 --- [pool-2-thread-1] c.o.tourguide.service.RewardsService     : Calculate distance between -87.550438/33.208973 and 1.10188/-24.86314
2023-09-27T16:51:41.197+02:00 DEBUG 7856 --- [pool-2-thread-1] c.o.tourguide.service.RewardsService     : Checking if the user cc6e2f30-216f-45de-b05e-694529a77cb9 already get close from Tiger Stadium
2023-09-27T16:51:41.197+02:00 DEBUG 7856 --- [pool-2-thread-1] c.o.tourguide.service.RewardsService     : Calculate distance between -91.183815/30.412035 and 1.10188/-24.86314
2023-09-27T16:51:41.197+02:00 DEBUG 7856 --- [pool-2-thread-1] c.o.tourguide.service.RewardsService     : Checking if the user cc6e2f30-216f-45de-b05e-694529a77cb9 already get close from Neyland Stadium
2023-09-27T16:51:41.197+02:00 DEBUG 7856 --- [pool-2-thread-1] c.o.tourguide.service.RewardsService     : Calculate distance between -83.925011/35.955013 and 1.10188/-24.86314
2023-09-27T16:51:41.197+02:00 DEBUG 7856 --- [pool-2-thread-1] c.o.tourguide.service.RewardsService     : Checking if the user cc6e2f30-216f-45de-b05e-694529a77cb9 already get close from Kyle Field
2023-09-27T16:51:41.197+02:00 DEBUG 7856 --- [pool-2-thread-1] c.o.tourguide.service.RewardsService     : Calculate distance between -96.339844/30.61025 and 1.10188/-24.86314
2023-09-27T16:51:41.197+02:00 DEBUG 7856 --- [pool-2-thread-1] c.o.tourguide.service.RewardsService     : Checking if the user cc6e2f30-216f-45de-b05e-694529a77cb9 already get close from San Diego Zoo
2023-09-27T16:51:41.197+02:00 DEBUG 7856 --- [pool-2-thread-1] c.o.tourguide.service.RewardsService     : Calculate distance between -117.149048/32.735317 and 1.10188/-24.86314
2023-09-27T16:51:41.197+02:00 DEBUG 7856 --- [pool-2-thread-1] c.o.tourguide.service.RewardsService     : Checking if the user cc6e2f30-216f-45de-b05e-694529a77cb9 already get close from Zoo Tampa at Lowry Park
2023-09-27T16:51:41.197+02:00 DEBUG 7856 --- [pool-2-thread-1] c.o.tourguide.service.RewardsService     : Calculate distance between -82.469269/28.012804 and 1.10188/-24.86314
2023-09-27T16:51:41.197+02:00 DEBUG 7856 --- [pool-2-thread-1] c.o.tourguide.service.RewardsService     : Checking if the user cc6e2f30-216f-45de-b05e-694529a77cb9 already get close from Franklin Park Zoo
2023-09-27T16:51:41.197+02:00 DEBUG 7856 --- [pool-2-thread-1] c.o.tourguide.service.RewardsService     : Calculate distance between -71.086731/42.302601 and 1.10188/-24.86314
2023-09-27T16:51:41.197+02:00 DEBUG 7856 --- [pool-2-thread-1] c.o.tourguide.service.RewardsService     : Checking if the user cc6e2f30-216f-45de-b05e-694529a77cb9 already get close from El Paso Zoo
2023-09-27T16:51:41.197+02:00 DEBUG 7856 --- [pool-2-thread-1] c.o.tourguide.service.RewardsService     : Calculate distance between -106.44487/31.769125 and 1.10188/-24.86314
2023-09-27T16:51:41.197+02:00 DEBUG 7856 --- [pool-2-thread-1] c.o.tourguide.service.RewardsService     : Checking if the user cc6e2f30-216f-45de-b05e-694529a77cb9 already get close from Kansas City Zoo
2023-09-27T16:51:41.197+02:00 DEBUG 7856 --- [pool-2-thread-1] c.o.tourguide.service.RewardsService     : Calculate distance between -94.529625/39.007504 and 1.10188/-24.86314
2023-09-27T16:51:41.197+02:00 DEBUG 7856 --- [pool-2-thread-1] c.o.tourguide.service.RewardsService     : Checking if the user cc6e2f30-216f-45de-b05e-694529a77cb9 already get close from Bronx Zoo
2023-09-27T16:51:41.197+02:00 DEBUG 7856 --- [pool-2-thread-1] c.o.tourguide.service.RewardsService     : Calculate distance between -73.872971/40.852905 and 1.10188/-24.86314
2023-09-27T16:51:41.197+02:00 DEBUG 7856 --- [pool-2-thread-1] c.o.tourguide.service.RewardsService     : Checking if the user cc6e2f30-216f-45de-b05e-694529a77cb9 already get close from Cinderella Castle
2023-09-27T16:51:41.197+02:00 DEBUG 7856 --- [pool-2-thread-1] c.o.tourguide.service.RewardsService     : Calculate distance between -81.5812/28.419411 and 1.10188/-24.86314
2023-09-27T16:51:41.197+02:00 DEBUG 7856 --- [pool-2-thread-1] c.o.tourguide.service.RewardsService     : Trying to add 0 rewards
2023-09-27T16:51:41.284+02:00  INFO 7856 --- [pool-2-thread-1] c.o.tourguide.service.TourGuideService   : Adding the current location to the user internalUser5155
2023-09-27T16:51:41.284+02:00 DEBUG 7856 --- [pool-2-thread-1] c.o.tourguide.service.RewardsService     : calculate reward for internalUser5155 on his 5 known locations
2023-09-27T16:51:41.296+02:00 DEBUG 7856 --- [pool-2-thread-1] c.o.tourguide.service.RewardsService     : Checking if the user 6d2b5969-c1e2-4366-ac2f-b9c1e81ff36d already get close from Disneyland
2023-09-27T16:51:41.296+02:00 DEBUG 7856 --- [pool-2-thread-1] c.o.tourguide.service.RewardsService     : Calculate distance between -117.922008/33.817595 and 81.37739262615628/-51.92090594775694
2023-09-27T16:51:41.296+02:00 DEBUG 7856 --- [pool-2-thread-1] c.o.tourguide.service.RewardsService     : Checking if the user 6d2b5969-c1e2-4366-ac2f-b9c1e81ff36d already get close from Jackson Hole
2023-09-27T16:51:41.296+02:00 DEBUG 7856 --- [pool-2-thread-1] c.o.tourguide.service.RewardsService     : Calculate distance between -110.821999/43.582767 and 81.37739262615628/-51.92090594775694
2023-09-27T16:51:41.296+02:00 DEBUG 7856 --- [pool-2-thread-1] c.o.tourguide.service.RewardsService     : Checking if the user 6d2b5969-c1e2-4366-ac2f-b9c1e81ff36d already get close from Mojave National Preserve
2023-09-27T16:51:41.296+02:00 DEBUG 7856 --- [pool-2-thread-1] c.o.tourguide.service.RewardsService     : Calculate distance between -115.510399/35.141689 and 81.37739262615628/-51.92090594775694
2023-09-27T16:51:41.296+02:00 DEBUG 7856 --- [pool-2-thread-1] c.o.tourguide.service.RewardsService     : Checking if the user 6d2b5969-c1e2-4366-ac2f-b9c1e81ff36d already get close from Joshua Tree National Park
2023-09-27T16:51:41.296+02:00 DEBUG 7856 --- [pool-2-thread-1] c.o.tourguide.service.RewardsService     : Calculate distance between -115.90065/33.881866 and 81.37739262615628/-51.92090594775694
2023-09-27T16:51:41.296+02:00 DEBUG 7856 --- [pool-2-thread-1] c.o.tourguide.service.RewardsService     : Checking if the user 6d2b5969-c1e2-4366-ac2f-b9c1e81ff36d already get close from Buffalo National River
2023-09-27T16:51:41.296+02:00 DEBUG 7856 --- [pool-2-thread-1] c.o.tourguide.service.RewardsService     : Calculate distance between -92.757652/35.985512 and 81.37739262615628/-51.92090594775694
2023-09-27T16:51:41.296+02:00 DEBUG 7856 --- [pool-2-thread-1] c.o.tourguide.service.RewardsService     : Checking if the user 6d2b5969-c1e2-4366-ac2f-b9c1e81ff36d already get close from Hot Springs National Park
2023-09-27T16:51:41.296+02:00 DEBUG 7856 --- [pool-2-thread-1] c.o.tourguide.service.RewardsService     : Calculate distance between -93.042267/34.52153 and 81.37739262615628/-51.92090594775694
2023-09-27T16:51:41.296+02:00 DEBUG 7856 --- [pool-2-thread-1] c.o.tourguide.service.RewardsService     : Checking if the user 6d2b5969-c1e2-4366-ac2f-b9c1e81ff36d already get close from Kartchner Caverns State Park
2023-09-27T16:51:41.296+02:00 DEBUG 7856 --- [pool-2-thread-1] c.o.tourguide.service.RewardsService     : Calculate distance between -110.347382/31.837551 and 81.37739262615628/-51.92090594775694
2023-09-27T16:51:41.296+02:00 DEBUG 7856 --- [pool-2-thread-1] c.o.tourguide.service.RewardsService     : Checking if the user 6d2b5969-c1e2-4366-ac2f-b9c1e81ff36d already get close from Legend Valley
2023-09-27T16:51:41.296+02:00 DEBUG 7856 --- [pool-2-thread-1] c.o.tourguide.service.RewardsService     : Calculate distance between -82.40667/39.937778 and 81.37739262615628/-51.92090594775694
2023-09-27T16:51:41.296+02:00 DEBUG 7856 --- [pool-2-thread-1] c.o.tourguide.service.RewardsService     : Checking if the user 6d2b5969-c1e2-4366-ac2f-b9c1e81ff36d already get close from Flowers Bakery of London
2023-09-27T16:51:41.296+02:00 DEBUG 7856 --- [pool-2-thread-1] c.o.tourguide.service.RewardsService     : Calculate distance between -84.07486/37.131527 and 81.37739262615628/-51.92090594775694
2023-09-27T16:51:41.296+02:00 DEBUG 7856 --- [pool-2-thread-1] c.o.tourguide.service.RewardsService     : Checking if the user 6d2b5969-c1e2-4366-ac2f-b9c1e81ff36d already get close from McKinley Tower
2023-09-27T16:51:41.296+02:00 DEBUG 7856 --- [pool-2-thread-1] c.o.tourguide.service.RewardsService     : Calculate distance between -149.877502/61.218887 and 81.37739262615628/-51.92090594775694
2023-09-27T16:51:41.296+02:00 DEBUG 7856 --- [pool-2-thread-1] c.o.tourguide.service.RewardsService     : Checking if the user 6d2b5969-c1e2-4366-ac2f-b9c1e81ff36d already get close from Flatiron Building
2023-09-27T16:51:41.296+02:00 DEBUG 7856 --- [pool-2-thread-1] c.o.tourguide.service.RewardsService     : Calculate distance between -73.989723/40.741112 and 81.37739262615628/-51.92090594775694
2023-09-27T16:51:41.296+02:00 DEBUG 7856 --- [pool-2-thread-1] c.o.tourguide.service.RewardsService     : Checking if the user 6d2b5969-c1e2-4366-ac2f-b9c1e81ff36d already get close from Fallingwater
2023-09-27T16:51:41.296+02:00 DEBUG 7856 --- [pool-2-thread-1] c.o.tourguide.service.RewardsService     : Calculate distance between -79.468056/39.906113 and 81.37739262615628/-51.92090594775694
2023-09-27T16:51:41.296+02:00 DEBUG 7856 --- [pool-2-thread-1] c.o.tourguide.service.RewardsService     : Checking if the user 6d2b5969-c1e2-4366-ac2f-b9c1e81ff36d already get close from Union Station
2023-09-27T16:51:41.296+02:00 DEBUG 7856 --- [pool-2-thread-1] c.o.tourguide.service.RewardsService     : Calculate distance between -77.006332/38.897095 and 81.37739262615628/-51.92090594775694
2023-09-27T16:51:41.296+02:00 DEBUG 7856 --- [pool-2-thread-1] c.o.tourguide.service.RewardsService     : Checking if the user 6d2b5969-c1e2-4366-ac2f-b9c1e81ff36d already get close from Roger Dean Stadium
2023-09-27T16:51:41.296+02:00 DEBUG 7856 --- [pool-2-thread-1] c.o.tourguide.service.RewardsService     : Calculate distance between -80.116577/26.890959 and 81.37739262615628/-51.92090594775694
2023-09-27T16:51:41.296+02:00 DEBUG 7856 --- [pool-2-thread-1] c.o.tourguide.service.RewardsService     : Checking if the user 6d2b5969-c1e2-4366-ac2f-b9c1e81ff36d already get close from Texas Memorial Stadium
2023-09-27T16:51:41.296+02:00 DEBUG 7856 --- [pool-2-thread-1] c.o.tourguide.service.RewardsService     : Calculate distance between -97.732536/30.283682 and 81.37739262615628/-51.92090594775694
2023-09-27T16:51:41.296+02:00 DEBUG 7856 --- [pool-2-thread-1] c.o.tourguide.service.RewardsService     : Checking if the user 6d2b5969-c1e2-4366-ac2f-b9c1e81ff36d already get close from Bryant-Denny Stadium
2023-09-27T16:51:41.296+02:00 DEBUG 7856 --- [pool-2-thread-1] c.o.tourguide.service.RewardsService     : Calculate distance between -87.550438/33.208973 and 81.37739262615628/-51.92090594775694
2023-09-27T16:51:41.296+02:00 DEBUG 7856 --- [pool-2-thread-1] c.o.tourguide.service.RewardsService     : Checking if the user 6d2b5969-c1e2-4366-ac2f-b9c1e81ff36d already get close from Tiger Stadium
2023-09-27T16:51:41.296+02:00 DEBUG 7856 --- [pool-2-thread-1] c.o.tourguide.service.RewardsService     : Calculate distance between -91.183815/30.412035 and 81.37739262615628/-51.92090594775694
2023-09-27T16:51:41.296+02:00 DEBUG 7856 --- [pool-2-thread-1] c.o.tourguide.service.RewardsService     : Checking if the user 6d2b5969-c1e2-4366-ac2f-b9c1e81ff36d already get close from Neyland Stadium
2023-09-27T16:51:41.296+02:00 DEBUG 7856 --- [pool-2-thread-1] c.o.tourguide.service.RewardsService     : Calculate distance between -83.925011/35.955013 and 81.37739262615628/-51.92090594775694
2023-09-27T16:51:41.296+02:00 DEBUG 7856 --- [pool-2-thread-1] c.o.tourguide.service.RewardsService     : Checking if the user 6d2b5969-c1e2-4366-ac2f-b9c1e81ff36d already get close from Kyle Field
2023-09-27T16:51:41.296+02:00 DEBUG 7856 --- [pool-2-thread-1] c.o.tourguide.service.RewardsService     : Calculate distance between -96.339844/30.61025 and 81.37739262615628/-51.92090594775694
2023-09-27T16:51:41.296+02:00 DEBUG 7856 --- [pool-2-thread-1] c.o.tourguide.service.RewardsService     : Checking if the user 6d2b5969-c1e2-4366-ac2f-b9c1e81ff36d already get close from San Diego Zoo
2023-09-27T16:51:41.296+02:00 DEBUG 7856 --- [pool-2-thread-1] c.o.tourguide.service.RewardsService     : Calculate distance between -117.149048/32.735317 and 81.37739262615628/-51.92090594775694
2023-09-27T16:51:41.296+02:00 DEBUG 7856 --- [pool-2-thread-1] c.o.tourguide.service.RewardsService     : Checking if the user 6d2b5969-c1e2-4366-ac2f-b9c1e81ff36d already get close from Zoo Tampa at Lowry Park
2023-09-27T16:51:41.296+02:00 DEBUG 7856 --- [pool-2-thread-1] c.o.tourguide.service.RewardsService     : Calculate distance between -82.469269/28.012804 and 81.37739262615628/-51.92090594775694
2023-09-27T16:51:41.296+02:00 DEBUG 7856 --- [pool-2-thread-1] c.o.tourguide.service.RewardsService     : Checking if the user 6d2b5969-c1e2-4366-ac2f-b9c1e81ff36d already get close from Franklin Park Zoo
2023-09-27T16:51:41.296+02:00 DEBUG 7856 --- [pool-2-thread-1] c.o.tourguide.service.RewardsService     : Calculate distance between -71.086731/42.302601 and 81.37739262615628/-51.92090594775694
2023-09-27T16:51:41.296+02:00 DEBUG 7856 --- [pool-2-thread-1] c.o.tourguide.service.RewardsService     : Checking if the user 6d2b5969-c1e2-4366-ac2f-b9c1e81ff36d already get close from El Paso Zoo
2023-09-27T16:51:41.296+02:00 DEBUG 7856 --- [pool-2-thread-1] c.o.tourguide.service.RewardsService     : Calculate distance between -106.44487/31.769125 and 81.37739262615628/-51.92090594775694
2023-09-27T16:51:41.296+02:00 DEBUG 7856 --- [pool-2-thread-1] c.o.tourguide.service.RewardsService     : Checking if the user 6d2b5969-c1e2-4366-ac2f-b9c1e81ff36d already get close from Kansas City Zoo
2023-09-27T16:51:41.296+02:00 DEBUG 7856 --- [pool-2-thread-1] c.o.tourguide.service.RewardsService     : Calculate distance between -94.529625/39.007504 and 81.37739262615628/-51.92090594775694
2023-09-27T16:51:41.296+02:00 DEBUG 7856 --- [pool-2-thread-1] c.o.tourguide.service.RewardsService     : Checking if the user 6d2b5969-c1e2-4366-ac2f-b9c1e81ff36d already get close from Bronx Zoo
2023-09-27T16:51:41.296+02:00 DEBUG 7856 --- [pool-2-thread-1] c.o.tourguide.service.RewardsService     : Calculate distance between -73.872971/40.852905 and 81.37739262615628/-51.92090594775694
2023-09-27T16:51:41.296+02:00 DEBUG 7856 --- [pool-2-thread-1] c.o.tourguide.service.RewardsService     : Checking if the user 6d2b5969-c1e2-4366-ac2f-b9c1e81ff36d already get close from Cinderella Castle
2023-09-27T16:51:41.296+02:00 DEBUG 7856 --- [pool-2-thread-1] c.o.tourguide.service.RewardsService     : Calculate distance between -81.5812/28.419411 and 81.37739262615628/-51.92090594775694
2023-09-27T16:51:41.296+02:00 DEBUG 7856 --- [pool-2-thread-1] c.o.tourguide.service.RewardsService     : Checking if the user 6d2b5969-c1e2-4366-ac2f-b9c1e81ff36d already get close from Disneyland
2023-09-27T16:51:41.296+02:00 DEBUG 7856 --- [pool-2-thread-1] c.o.tourguide.service.RewardsService     : Calculate distance between -117.922008/33.817595 and -82.08698176080553/49.251774463266685
2023-09-27T16:51:41.296+02:00 DEBUG 7856 --- [pool-2-thread-1] c.o.tourguide.service.RewardsService     : Checking if the user 6d2b5969-c1e2-4366-ac2f-b9c1e81ff36d already get close from Jackson Hole
2023-09-27T16:51:41.296+02:00 DEBUG 7856 --- [pool-2-thread-1] c.o.tourguide.service.RewardsService     : Calculate distance between -110.821999/43.582767 and -82.08698176080553/49.251774463266685
2023-09-27T16:51:41.296+02:00 DEBUG 7856 --- [pool-2-thread-1] c.o.tourguide.service.RewardsService     : Checking if the user 6d2b5969-c1e2-4366-ac2f-b9c1e81ff36d already get close from Mojave National Preserve
2023-09-27T16:51:41.296+02:00 DEBUG 7856 --- [pool-2-thread-1] c.o.tourguide.service.RewardsService     : Calculate distance between -115.510399/35.141689 and -82.08698176080553/49.251774463266685
2023-09-27T16:51:41.296+02:00 DEBUG 7856 --- [pool-2-thread-1] c.o.tourguide.service.RewardsService     : Checking if the user 6d2b5969-c1e2-4366-ac2f-b9c1e81ff36d already get close from Joshua Tree National Park
2023-09-27T16:51:41.296+02:00 DEBUG 7856 --- [pool-2-thread-1] c.o.tourguide.service.RewardsService     : Calculate distance between -115.90065/33.881866 and -82.08698176080553/49.251774463266685
2023-09-27T16:51:41.296+02:00 DEBUG 7856 --- [pool-2-thread-1] c.o.tourguide.service.RewardsService     : Checking if the user 6d2b5969-c1e2-4366-ac2f-b9c1e81ff36d already get close from Buffalo National River
2023-09-27T16:51:41.296+02:00 DEBUG 7856 --- [pool-2-thread-1] c.o.tourguide.service.RewardsService     : Calculate distance between -92.757652/35.985512 and -82.08698176080553/49.251774463266685
2023-09-27T16:51:41.296+02:00 DEBUG 7856 --- [pool-2-thread-1] c.o.tourguide.service.RewardsService     : Checking if the user 6d2b5969-c1e2-4366-ac2f-b9c1e81ff36d already get close from Hot Springs National Park
2023-09-27T16:51:41.296+02:00 DEBUG 7856 --- [pool-2-thread-1] c.o.tourguide.service.RewardsService     : Calculate distance between -93.042267/34.52153 and -82.08698176080553/49.251774463266685
2023-09-27T16:51:41.296+02:00 DEBUG 7856 --- [pool-2-thread-1] c.o.tourguide.service.RewardsService     : Checking if the user 6d2b5969-c1e2-4366-ac2f-b9c1e81ff36d already get close from Kartchner Caverns State Park
2023-09-27T16:51:41.296+02:00 DEBUG 7856 --- [pool-2-thread-1] c.o.tourguide.service.RewardsService     : Calculate distance between -110.347382/31.837551 and -82.08698176080553/49.251774463266685
2023-09-27T16:51:41.296+02:00 DEBUG 7856 --- [pool-2-thread-1] c.o.tourguide.service.RewardsService     : Checking if the user 6d2b5969-c1e2-4366-ac2f-b9c1e81ff36d already get close from Legend Valley
2023-09-27T16:51:41.296+02:00 DEBUG 7856 --- [pool-2-thread-1] c.o.tourguide.service.RewardsService     : Calculate distance between -82.40667/39.937778 and -82.08698176080553/49.251774463266685
2023-09-27T16:51:41.296+02:00 DEBUG 7856 --- [pool-2-thread-1] c.o.tourguide.service.RewardsService     : Checking if the user 6d2b5969-c1e2-4366-ac2f-b9c1e81ff36d already get close from Flowers Bakery of London
2023-09-27T16:51:41.296+02:00 DEBUG 7856 --- [pool-2-thread-1] c.o.tourguide.service.RewardsService     : Calculate distance between -84.07486/37.131527 and -82.08698176080553/49.251774463266685
2023-09-27T16:51:41.296+02:00 DEBUG 7856 --- [pool-2-thread-1] c.o.tourguide.service.RewardsService     : Checking if the user 6d2b5969-c1e2-4366-ac2f-b9c1e81ff36d already get close from McKinley Tower
2023-09-27T16:51:41.296+02:00 DEBUG 7856 --- [pool-2-thread-1] c.o.tourguide.service.RewardsService     : Calculate distance between -149.877502/61.218887 and -82.08698176080553/49.251774463266685
2023-09-27T16:51:41.296+02:00 DEBUG 7856 --- [pool-2-thread-1] c.o.tourguide.service.RewardsService     : Checking if the user 6d2b5969-c1e2-4366-ac2f-b9c1e81ff36d already get close from Flatiron Building
2023-09-27T16:51:41.296+02:00 DEBUG 7856 --- [pool-2-thread-1] c.o.tourguide.service.RewardsService     : Calculate distance between -73.989723/40.741112 and -82.08698176080553/49.251774463266685
2023-09-27T16:51:41.296+02:00 DEBUG 7856 --- [pool-2-thread-1] c.o.tourguide.service.RewardsService     : Checking if the user 6d2b5969-c1e2-4366-ac2f-b9c1e81ff36d already get close from Fallingwater
2023-09-27T16:51:41.296+02:00 DEBUG 7856 --- [pool-2-thread-1] c.o.tourguide.service.RewardsService     : Calculate distance between -79.468056/39.906113 and -82.08698176080553/49.251774463266685
2023-09-27T16:51:41.296+02:00 DEBUG 7856 --- [pool-2-thread-1] c.o.tourguide.service.RewardsService     : Checking if the user 6d2b5969-c1e2-4366-ac2f-b9c1e81ff36d already get close from Union Station
2023-09-27T16:51:41.296+02:00 DEBUG 7856 --- [pool-2-thread-1] c.o.tourguide.service.RewardsService     : Calculate distance between -77.006332/38.897095 and -82.08698176080553/49.251774463266685
2023-09-27T16:51:41.296+02:00 DEBUG 7856 --- [pool-2-thread-1] c.o.tourguide.service.RewardsService     : Checking if the user 6d2b5969-c1e2-4366-ac2f-b9c1e81ff36d already get close from Roger Dean Stadium
2023-09-27T16:51:41.296+02:00 DEBUG 7856 --- [pool-2-thread-1] c.o.tourguide.service.RewardsService     : Calculate distance between -80.116577/26.890959 and -82.08698176080553/49.251774463266685
2023-09-27T16:51:41.296+02:00 DEBUG 7856 --- [pool-2-thread-1] c.o.tourguide.service.RewardsService     : Checking if the user 6d2b5969-c1e2-4366-ac2f-b9c1e81ff36d already get close from Texas Memorial Stadium
2023-09-27T16:51:41.296+02:00 DEBUG 7856 --- [pool-2-thread-1] c.o.tourguide.service.RewardsService     : Calculate distance between -97.732536/30.283682 and -82.08698176080553/49.251774463266685
2023-09-27T16:51:41.296+02:00 DEBUG 7856 --- [pool-2-thread-1] c.o.tourguide.service.RewardsService     : Checking if the user 6d2b5969-c1e2-4366-ac2f-b9c1e81ff36d already get close from Bryant-Denny Stadium
2023-09-27T16:51:41.296+02:00 DEBUG 7856 --- [pool-2-thread-1] c.o.tourguide.service.RewardsService     : Calculate distance between -87.550438/33.208973 and -82.08698176080553/49.251774463266685
2023-09-27T16:51:41.296+02:00 DEBUG 7856 --- [pool-2-thread-1] c.o.tourguide.service.RewardsService     : Checking if the user 6d2b5969-c1e2-4366-ac2f-b9c1e81ff36d already get close from Tiger Stadium
2023-09-27T16:51:41.296+02:00 DEBUG 7856 --- [pool-2-thread-1] c.o.tourguide.service.RewardsService     : Calculate distance between -91.183815/30.412035 and -82.08698176080553/49.251774463266685
2023-09-27T16:51:41.296+02:00 DEBUG 7856 --- [pool-2-thread-1] c.o.tourguide.service.RewardsService     : Checking if the user 6d2b5969-c1e2-4366-ac2f-b9c1e81ff36d already get close from Neyland Stadium
2023-09-27T16:51:41.296+02:00 DEBUG 7856 --- [pool-2-thread-1] c.o.tourguide.service.RewardsService     : Calculate distance between -83.925011/35.955013 and -82.08698176080553/49.251774463266685
2023-09-27T16:51:41.296+02:00 DEBUG 7856 --- [pool-2-thread-1] c.o.tourguide.service.RewardsService     : Checking if the user 6d2b5969-c1e2-4366-ac2f-b9c1e81ff36d already get close from Kyle Field
2023-09-27T16:51:41.296+02:00 DEBUG 7856 --- [pool-2-thread-1] c.o.tourguide.service.RewardsService     : Calculate distance between -96.339844/30.61025 and -82.08698176080553/49.251774463266685
2023-09-27T16:51:41.296+02:00 DEBUG 7856 --- [pool-2-thread-1] c.o.tourguide.service.RewardsService     : Checking if the user 6d2b5969-c1e2-4366-ac2f-b9c1e81ff36d already get close from San Diego Zoo
2023-09-27T16:51:41.296+02:00 DEBUG 7856 --- [pool-2-thread-1] c.o.tourguide.service.RewardsService     : Calculate distance between -117.149048/32.735317 and -82.08698176080553/49.251774463266685
2023-09-27T16:51:41.296+02:00 DEBUG 7856 --- [pool-2-thread-1] c.o.tourguide.service.RewardsService     : Checking if the user 6d2b5969-c1e2-4366-ac2f-b9c1e81ff36d already get close from Zoo Tampa at Lowry Park
2023-09-27T16:51:41.296+02:00 DEBUG 7856 --- [pool-2-thread-1] c.o.tourguide.service.RewardsService     : Calculate distance between -82.469269/28.012804 and -82.08698176080553/49.251774463266685
2023-09-27T16:51:41.296+02:00 DEBUG 7856 --- [pool-2-thread-1] c.o.tourguide.service.RewardsService     : Checking if the user 6d2b5969-c1e2-4366-ac2f-b9c1e81ff36d already get close from Franklin Park Zoo
2023-09-27T16:51:41.296+02:00 DEBUG 7856 --- [pool-2-thread-1] c.o.tourguide.service.RewardsService     : Calculate distance between -71.086731/42.302601 and -82.08698176080553/49.251774463266685
2023-09-27T16:51:41.296+02:00 DEBUG 7856 --- [pool-2-thread-1] c.o.tourguide.service.RewardsService     : Checking if the user 6d2b5969-c1e2-4366-ac2f-b9c1e81ff36d already get close from El Paso Zoo
2023-09-27T16:51:41.296+02:00 DEBUG 7856 --- [pool-2-thread-1] c.o.tourguide.service.RewardsService     : Calculate distance between -106.44487/31.769125 and -82.08698176080553/49.251774463266685
2023-09-27T16:51:41.296+02:00 DEBUG 7856 --- [pool-2-thread-1] c.o.tourguide.service.RewardsService     : Checking if the user 6d2b5969-c1e2-4366-ac2f-b9c1e81ff36d already get close from Kansas City Zoo
2023-09-27T16:51:41.296+02:00 DEBUG 7856 --- [pool-2-thread-1] c.o.tourguide.service.RewardsService     : Calculate distance between -94.529625/39.007504 and -82.08698176080553/49.251774463266685
2023-09-27T16:51:41.296+02:00 DEBUG 7856 --- [pool-2-thread-1] c.o.tourguide.service.RewardsService     : Checking if the user 6d2b5969-c1e2-4366-ac2f-b9c1e81ff36d already get close from Bronx Zoo
2023-09-27T16:51:41.296+02:00 DEBUG 7856 --- [pool-2-thread-1] c.o.tourguide.service.RewardsService     : Calculate distance between -73.872971/40.852905 and -82.08698176080553/49.251774463266685
2023-09-27T16:51:41.296+02:00 DEBUG 7856 --- [pool-2-thread-1] c.o.tourguide.service.RewardsService     : Checking if the user 6d2b5969-c1e2-4366-ac2f-b9c1e81ff36d already get close from Cinderella Castle
2023-09-27T16:51:41.296+02:00 DEBUG 7856 --- [pool-2-thread-1] c.o.tourguide.service.RewardsService     : Calculate distance between -81.5812/28.419411 and -82.08698176080553/49.251774463266685
2023-09-27T16:51:41.296+02:00 DEBUG 7856 --- [pool-2-thread-1] c.o.tourguide.service.RewardsService     : Checking if the user 6d2b5969-c1e2-4366-ac2f-b9c1e81ff36d already get close from Disneyland
2023-09-27T16:51:41.296+02:00 DEBUG 7856 --- [pool-2-thread-1] c.o.tourguide.service.RewardsService     : Calculate distance between -117.922008/33.817595 and 136.88009296569857/-53.50210834289933
2023-09-27T16:51:41.296+02:00 DEBUG 7856 --- [pool-2-thread-1] c.o.tourguide.service.RewardsService     : Checking if the user 6d2b5969-c1e2-4366-ac2f-b9c1e81ff36d already get close from Jackson Hole
2023-09-27T16:51:41.296+02:00 DEBUG 7856 --- [pool-2-thread-1] c.o.tourguide.service.RewardsService     : Calculate distance between -110.821999/43.582767 and 136.88009296569857/-53.50210834289933
2023-09-27T16:51:41.296+02:00 DEBUG 7856 --- [pool-2-thread-1] c.o.tourguide.service.RewardsService     : Checking if the user 6d2b5969-c1e2-4366-ac2f-b9c1e81ff36d already get close from Mojave National Preserve
2023-09-27T16:51:41.296+02:00 DEBUG 7856 --- [pool-2-thread-1] c.o.tourguide.service.RewardsService     : Calculate distance between -115.510399/35.141689 and 136.88009296569857/-53.50210834289933
2023-09-27T16:51:41.296+02:00 DEBUG 7856 --- [pool-2-thread-1] c.o.tourguide.service.RewardsService     : Checking if the user 6d2b5969-c1e2-4366-ac2f-b9c1e81ff36d already get close from Joshua Tree National Park
2023-09-27T16:51:41.296+02:00 DEBUG 7856 --- [pool-2-thread-1] c.o.tourguide.service.RewardsService     : Calculate distance between -115.90065/33.881866 and 136.88009296569857/-53.50210834289933
2023-09-27T16:51:41.296+02:00 DEBUG 7856 --- [pool-2-thread-1] c.o.tourguide.service.RewardsService     : Checking if the user 6d2b5969-c1e2-4366-ac2f-b9c1e81ff36d already get close from Buffalo National River
2023-09-27T16:51:41.296+02:00 DEBUG 7856 --- [pool-2-thread-1] c.o.tourguide.service.RewardsService     : Calculate distance between -92.757652/35.985512 and 136.88009296569857/-53.50210834289933
2023-09-27T16:51:41.296+02:00 DEBUG 7856 --- [pool-2-thread-1] c.o.tourguide.service.RewardsService     : Checking if the user 6d2b5969-c1e2-4366-ac2f-b9c1e81ff36d already get close from Hot Springs National Park
2023-09-27T16:51:41.296+02:00 DEBUG 7856 --- [pool-2-thread-1] c.o.tourguide.service.RewardsService     : Calculate distance between -93.042267/34.52153 and 136.88009296569857/-53.50210834289933
2023-09-27T16:51:41.296+02:00 DEBUG 7856 --- [pool-2-thread-1] c.o.tourguide.service.RewardsService     : Checking if the user 6d2b5969-c1e2-4366-ac2f-b9c1e81ff36d already get close from Kartchner Caverns State Park
2023-09-27T16:51:41.296+02:00 DEBUG 7856 --- [pool-2-thread-1] c.o.tourguide.service.RewardsService     : Calculate distance between -110.347382/31.837551 and 136.88009296569857/-53.50210834289933
2023-09-27T16:51:41.296+02:00 DEBUG 7856 --- [pool-2-thread-1] c.o.tourguide.service.RewardsService     : Checking if the user 6d2b5969-c1e2-4366-ac2f-b9c1e81ff36d already get close from Legend Valley
2023-09-27T16:51:41.296+02:00 DEBUG 7856 --- [pool-2-thread-1] c.o.tourguide.service.RewardsService     : Calculate distance between -82.40667/39.937778 and 136.88009296569857/-53.50210834289933
2023-09-27T16:51:41.297+02:00 DEBUG 7856 --- [pool-2-thread-1] c.o.tourguide.service.RewardsService     : Checking if the user 6d2b5969-c1e2-4366-ac2f-b9c1e81ff36d already get close from Flowers Bakery of London
2023-09-27T16:51:41.297+02:00 DEBUG 7856 --- [pool-2-thread-1] c.o.tourguide.service.RewardsService     : Calculate distance between -84.07486/37.131527 and 136.88009296569857/-53.50210834289933
2023-09-27T16:51:41.297+02:00 DEBUG 7856 --- [pool-2-thread-1] c.o.tourguide.service.RewardsService     : Checking if the user 6d2b5969-c1e2-4366-ac2f-b9c1e81ff36d already get close from McKinley Tower
2023-09-27T16:51:41.297+02:00 DEBUG 7856 --- [pool-2-thread-1] c.o.tourguide.service.RewardsService     : Calculate distance between -149.877502/61.218887 and 136.88009296569857/-53.50210834289933
2023-09-27T16:51:41.297+02:00 DEBUG 7856 --- [pool-2-thread-1] c.o.tourguide.service.RewardsService     : Checking if the user 6d2b5969-c1e2-4366-ac2f-b9c1e81ff36d already get close from Flatiron Building
2023-09-27T16:51:41.297+02:00 DEBUG 7856 --- [pool-2-thread-1] c.o.tourguide.service.RewardsService     : Calculate distance between -73.989723/40.741112 and 136.88009296569857/-53.50210834289933
2023-09-27T16:51:41.297+02:00 DEBUG 7856 --- [pool-2-thread-1] c.o.tourguide.service.RewardsService     : Checking if the user 6d2b5969-c1e2-4366-ac2f-b9c1e81ff36d already get close from Fallingwater
2023-09-27T16:51:41.297+02:00 DEBUG 7856 --- [pool-2-thread-1] c.o.tourguide.service.RewardsService     : Calculate distance between -79.468056/39.906113 and 136.88009296569857/-53.50210834289933
2023-09-27T16:51:41.297+02:00 DEBUG 7856 --- [pool-2-thread-1] c.o.tourguide.service.RewardsService     : Checking if the user 6d2b5969-c1e2-4366-ac2f-b9c1e81ff36d already get close from Union Station
2023-09-27T16:51:41.297+02:00 DEBUG 7856 --- [pool-2-thread-1] c.o.tourguide.service.RewardsService     : Calculate distance between -77.006332/38.897095 and 136.88009296569857/-53.50210834289933
2023-09-27T16:51:41.297+02:00 DEBUG 7856 --- [pool-2-thread-1] c.o.tourguide.service.RewardsService     : Checking if the user 6d2b5969-c1e2-4366-ac2f-b9c1e81ff36d already get close from Roger Dean Stadium
2023-09-27T16:51:41.297+02:00 DEBUG 7856 --- [pool-2-thread-1] c.o.tourguide.service.RewardsService     : Calculate distance between -80.116577/26.890959 and 136.88009296569857/-53.50210834289933
2023-09-27T16:51:41.297+02:00 DEBUG 7856 --- [pool-2-thread-1] c.o.tourguide.service.RewardsService     : Checking if the user 6d2b5969-c1e2-4366-ac2f-b9c1e81ff36d already get close from Texas Memorial Stadium
2023-09-27T16:51:41.297+02:00 DEBUG 7856 --- [pool-2-thread-1] c.o.tourguide.service.RewardsService     : Calculate distance between -97.732536/30.283682 and 136.88009296569857/-53.50210834289933
2023-09-27T16:51:41.297+02:00 DEBUG 7856 --- [pool-2-thread-1] c.o.tourguide.service.RewardsService     : Checking if the user 6d2b5969-c1e2-4366-ac2f-b9c1e81ff36d already get close from Bryant-Denny Stadium
2023-09-27T16:51:41.297+02:00 DEBUG 7856 --- [pool-2-thread-1] c.o.tourguide.service.RewardsService     : Calculate distance between -87.550438/33.208973 and 136.88009296569857/-53.50210834289933
2023-09-27T16:51:41.297+02:00 DEBUG 7856 --- [pool-2-thread-1] c.o.tourguide.service.RewardsService     : Checking if the user 6d2b5969-c1e2-4366-ac2f-b9c1e81ff36d already get close from Tiger Stadium
2023-09-27T16:51:41.297+02:00 DEBUG 7856 --- [pool-2-thread-1] c.o.tourguide.service.RewardsService     : Calculate distance between -91.183815/30.412035 and 136.88009296569857/-53.50210834289933
2023-09-27T16:51:41.297+02:00 DEBUG 7856 --- [pool-2-thread-1] c.o.tourguide.service.RewardsService     : Checking if the user 6d2b5969-c1e2-4366-ac2f-b9c1e81ff36d already get close from Neyland Stadium
2023-09-27T16:51:41.297+02:00 DEBUG 7856 --- [pool-2-thread-1] c.o.tourguide.service.RewardsService     : Calculate distance between -83.925011/35.955013 and 136.88009296569857/-53.50210834289933
2023-09-27T16:51:41.297+02:00 DEBUG 7856 --- [pool-2-thread-1] c.o.tourguide.service.RewardsService     : Checking if the user 6d2b5969-c1e2-4366-ac2f-b9c1e81ff36d already get close from Kyle Field
2023-09-27T16:51:41.297+02:00 DEBUG 7856 --- [pool-2-thread-1] c.o.tourguide.service.RewardsService     : Calculate distance between -96.339844/30.61025 and 136.88009296569857/-53.50210834289933
2023-09-27T16:51:41.297+02:00 DEBUG 7856 --- [pool-2-thread-1] c.o.tourguide.service.RewardsService     : Checking if the user 6d2b5969-c1e2-4366-ac2f-b9c1e81ff36d already get close from San Diego Zoo
2023-09-27T16:51:41.297+02:00 DEBUG 7856 --- [pool-2-thread-1] c.o.tourguide.service.RewardsService     : Calculate distance between -117.149048/32.735317 and 136.88009296569857/-53.50210834289933
2023-09-27T16:51:41.297+02:00 DEBUG 7856 --- [pool-2-thread-1] c.o.tourguide.service.RewardsService     : Checking if the user 6d2b5969-c1e2-4366-ac2f-b9c1e81ff36d already get close from Zoo Tampa at Lowry Park
2023-09-27T16:51:41.297+02:00 DEBUG 7856 --- [pool-2-thread-1] c.o.tourguide.service.RewardsService     : Calculate distance between -82.469269/28.012804 and 136.88009296569857/-53.50210834289933
2023-09-27T16:51:41.297+02:00 DEBUG 7856 --- [pool-2-thread-1] c.o.tourguide.service.RewardsService     : Checking if the user 6d2b5969-c1e2-4366-ac2f-b9c1e81ff36d already get close from Franklin Park Zoo
2023-09-27T16:51:41.297+02:00 DEBUG 7856 --- [pool-2-thread-1] c.o.tourguide.service.RewardsService     : Calculate distance between -71.086731/42.302601 and 136.88009296569857/-53.50210834289933
2023-09-27T16:51:41.297+02:00 DEBUG 7856 --- [pool-2-thread-1] c.o.tourguide.service.RewardsService     : Checking if the user 6d2b5969-c1e2-4366-ac2f-b9c1e81ff36d already get close from El Paso Zoo
2023-09-27T16:51:41.297+02:00 DEBUG 7856 --- [pool-2-thread-1] c.o.tourguide.service.RewardsService     : Calculate distance between -106.44487/31.769125 and 136.88009296569857/-53.50210834289933
2023-09-27T16:51:41.297+02:00 DEBUG 7856 --- [pool-2-thread-1] c.o.tourguide.service.RewardsService     : Checking if the user 6d2b5969-c1e2-4366-ac2f-b9c1e81ff36d already get close from Kansas City Zoo
2023-09-27T16:51:41.297+02:00 DEBUG 7856 --- [pool-2-thread-1] c.o.tourguide.service.RewardsService     : Calculate distance between -94.529625/39.007504 and 136.88009296569857/-53.50210834289933
2023-09-27T16:51:41.297+02:00 DEBUG 7856 --- [pool-2-thread-1] c.o.tourguide.service.RewardsService     : Checking if the user 6d2b5969-c1e2-4366-ac2f-b9c1e81ff36d already get close from Bronx Zoo
2023-09-27T16:51:41.297+02:00 DEBUG 7856 --- [pool-2-thread-1] c.o.tourguide.service.RewardsService     : Calculate distance between -73.872971/40.852905 and 136.88009296569857/-53.50210834289933
2023-09-27T16:51:41.297+02:00 DEBUG 7856 --- [pool-2-thread-1] c.o.tourguide.service.RewardsService     : Checking if the user 6d2b5969-c1e2-4366-ac2f-b9c1e81ff36d already get close from Cinderella Castle
2023-09-27T16:51:41.297+02:00 DEBUG 7856 --- [pool-2-thread-1] c.o.tourguide.service.RewardsService     : Calculate distance between -81.5812/28.419411 and 136.88009296569857/-53.50210834289933
2023-09-27T16:51:41.297+02:00 DEBUG 7856 --- [pool-2-thread-1] c.o.tourguide.service.RewardsService     : Checking if the user 6d2b5969-c1e2-4366-ac2f-b9c1e81ff36d already get close from Disneyland
2023-09-27T16:51:41.297+02:00 DEBUG 7856 --- [pool-2-thread-1] c.o.tourguide.service.RewardsService     : Calculate distance between -117.922008/33.817595 and -162.107252/-6.422293
2023-09-27T16:51:41.297+02:00 DEBUG 7856 --- [pool-2-thread-1] c.o.tourguide.service.RewardsService     : Checking if the user 6d2b5969-c1e2-4366-ac2f-b9c1e81ff36d already get close from Jackson Hole
2023-09-27T16:51:41.297+02:00 DEBUG 7856 --- [pool-2-thread-1] c.o.tourguide.service.RewardsService     : Calculate distance between -110.821999/43.582767 and -162.107252/-6.422293
2023-09-27T16:51:41.297+02:00 DEBUG 7856 --- [pool-2-thread-1] c.o.tourguide.service.RewardsService     : Checking if the user 6d2b5969-c1e2-4366-ac2f-b9c1e81ff36d already get close from Mojave National Preserve
2023-09-27T16:51:41.297+02:00 DEBUG 7856 --- [pool-2-thread-1] c.o.tourguide.service.RewardsService     : Calculate distance between -115.510399/35.141689 and -162.107252/-6.422293
2023-09-27T16:51:41.297+02:00 DEBUG 7856 --- [pool-2-thread-1] c.o.tourguide.service.RewardsService     : Checking if the user 6d2b5969-c1e2-4366-ac2f-b9c1e81ff36d already get close from Joshua Tree National Park
2023-09-27T16:51:41.297+02:00 DEBUG 7856 --- [pool-2-thread-1] c.o.tourguide.service.RewardsService     : Calculate distance between -115.90065/33.881866 and -162.107252/-6.422293
2023-09-27T16:51:41.297+02:00 DEBUG 7856 --- [pool-2-thread-1] c.o.tourguide.service.RewardsService     : Checking if the user 6d2b5969-c1e2-4366-ac2f-b9c1e81ff36d already get close from Buffalo National River
2023-09-27T16:51:41.297+02:00 DEBUG 7856 --- [pool-2-thread-1] c.o.tourguide.service.RewardsService     : Calculate distance between -92.757652/35.985512 and -162.107252/-6.422293
2023-09-27T16:51:41.297+02:00 DEBUG 7856 --- [pool-2-thread-1] c.o.tourguide.service.RewardsService     : Checking if the user 6d2b5969-c1e2-4366-ac2f-b9c1e81ff36d already get close from Hot Springs National Park
2023-09-27T16:51:41.297+02:00 DEBUG 7856 --- [pool-2-thread-1] c.o.tourguide.service.RewardsService     : Calculate distance between -93.042267/34.52153 and -162.107252/-6.422293
2023-09-27T16:51:41.297+02:00 DEBUG 7856 --- [pool-2-thread-1] c.o.tourguide.service.RewardsService     : Checking if the user 6d2b5969-c1e2-4366-ac2f-b9c1e81ff36d already get close from Kartchner Caverns State Park
2023-09-27T16:51:41.297+02:00 DEBUG 7856 --- [pool-2-thread-1] c.o.tourguide.service.RewardsService     : Calculate distance between -110.347382/31.837551 and -162.107252/-6.422293
2023-09-27T16:51:41.297+02:00 DEBUG 7856 --- [pool-2-thread-1] c.o.tourguide.service.RewardsService     : Checking if the user 6d2b5969-c1e2-4366-ac2f-b9c1e81ff36d already get close from Legend Valley
2023-09-27T16:51:41.297+02:00 DEBUG 7856 --- [pool-2-thread-1] c.o.tourguide.service.RewardsService     : Calculate distance between -82.40667/39.937778 and -162.107252/-6.422293
2023-09-27T16:51:41.297+02:00 DEBUG 7856 --- [pool-2-thread-1] c.o.tourguide.service.RewardsService     : Checking if the user 6d2b5969-c1e2-4366-ac2f-b9c1e81ff36d already get close from Flowers Bakery of London
2023-09-27T16:51:41.297+02:00 DEBUG 7856 --- [pool-2-thread-1] c.o.tourguide.service.RewardsService     : Calculate distance between -84.07486/37.131527 and -162.107252/-6.422293
2023-09-27T16:51:41.297+02:00 DEBUG 7856 --- [pool-2-thread-1] c.o.tourguide.service.RewardsService     : Checking if the user 6d2b5969-c1e2-4366-ac2f-b9c1e81ff36d already get close from McKinley Tower
2023-09-27T16:51:41.297+02:00 DEBUG 7856 --- [pool-2-thread-1] c.o.tourguide.service.RewardsService     : Calculate distance between -149.877502/61.218887 and -162.107252/-6.422293
2023-09-27T16:51:41.297+02:00 DEBUG 7856 --- [pool-2-thread-1] c.o.tourguide.service.RewardsService     : Checking if the user 6d2b5969-c1e2-4366-ac2f-b9c1e81ff36d already get close from Flatiron Building
2023-09-27T16:51:41.297+02:00 DEBUG 7856 --- [pool-2-thread-1] c.o.tourguide.service.RewardsService     : Calculate distance between -73.989723/40.741112 and -162.107252/-6.422293
2023-09-27T16:51:41.297+02:00 DEBUG 7856 --- [pool-2-thread-1] c.o.tourguide.service.RewardsService     : Checking if the user 6d2b5969-c1e2-4366-ac2f-b9c1e81ff36d already get close from Fallingwater
2023-09-27T16:51:41.297+02:00 DEBUG 7856 --- [pool-2-thread-1] c.o.tourguide.service.RewardsService     : Calculate distance between -79.468056/39.906113 and -162.107252/-6.422293
2023-09-27T16:51:41.297+02:00 DEBUG 7856 --- [pool-2-thread-1] c.o.tourguide.service.RewardsService     : Checking if the user 6d2b5969-c1e2-4366-ac2f-b9c1e81ff36d already get close from Union Station
2023-09-27T16:51:41.297+02:00 DEBUG 7856 --- [pool-2-thread-1] c.o.tourguide.service.RewardsService     : Calculate distance between -77.006332/38.897095 and -162.107252/-6.422293
2023-09-27T16:51:41.297+02:00 DEBUG 7856 --- [pool-2-thread-1] c.o.tourguide.service.RewardsService     : Checking if the user 6d2b5969-c1e2-4366-ac2f-b9c1e81ff36d already get close from Roger Dean Stadium
2023-09-27T16:51:41.297+02:00 DEBUG 7856 --- [pool-2-thread-1] c.o.tourguide.service.RewardsService     : Calculate distance between -80.116577/26.890959 and -162.107252/-6.422293
2023-09-27T16:51:41.297+02:00 DEBUG 7856 --- [pool-2-thread-1] c.o.tourguide.service.RewardsService     : Checking if the user 6d2b5969-c1e2-4366-ac2f-b9c1e81ff36d already get close from Texas Memorial Stadium
2023-09-27T16:51:41.297+02:00 DEBUG 7856 --- [pool-2-thread-1] c.o.tourguide.service.RewardsService     : Calculate distance between -97.732536/30.283682 and -162.107252/-6.422293
2023-09-27T16:51:41.297+02:00 DEBUG 7856 --- [pool-2-thread-1] c.o.tourguide.service.RewardsService     : Checking if the user 6d2b5969-c1e2-4366-ac2f-b9c1e81ff36d already get close from Bryant-Denny Stadium
2023-09-27T16:51:41.297+02:00 DEBUG 7856 --- [pool-2-thread-1] c.o.tourguide.service.RewardsService     : Calculate distance between -87.550438/33.208973 and -162.107252/-6.422293
2023-09-27T16:51:41.297+02:00 DEBUG 7856 --- [pool-2-thread-1] c.o.tourguide.service.RewardsService     : Checking if the user 6d2b5969-c1e2-4366-ac2f-b9c1e81ff36d already get close from Tiger Stadium
2023-09-27T16:51:41.297+02:00 DEBUG 7856 --- [pool-2-thread-1] c.o.tourguide.service.RewardsService     : Calculate distance between -91.183815/30.412035 and -162.107252/-6.422293
2023-09-27T16:51:41.297+02:00 DEBUG 7856 --- [pool-2-thread-1] c.o.tourguide.service.RewardsService     : Checking if the user 6d2b5969-c1e2-4366-ac2f-b9c1e81ff36d already get close from Neyland Stadium
2023-09-27T16:51:41.297+02:00 DEBUG 7856 --- [pool-2-thread-1] c.o.tourguide.service.RewardsService     : Calculate distance between -83.925011/35.955013 and -162.107252/-6.422293
2023-09-27T16:51:41.297+02:00 DEBUG 7856 --- [pool-2-thread-1] c.o.tourguide.service.RewardsService     : Checking if the user 6d2b5969-c1e2-4366-ac2f-b9c1e81ff36d already get close from Kyle Field
2023-09-27T16:51:41.297+02:00 DEBUG 7856 --- [pool-2-thread-1] c.o.tourguide.service.RewardsService     : Calculate distance between -96.339844/30.61025 and -162.107252/-6.422293
2023-09-27T16:51:41.297+02:00 DEBUG 7856 --- [pool-2-thread-1] c.o.tourguide.service.RewardsService     : Checking if the user 6d2b5969-c1e2-4366-ac2f-b9c1e81ff36d already get close from San Diego Zoo
2023-09-27T16:51:41.297+02:00 DEBUG 7856 --- [pool-2-thread-1] c.o.tourguide.service.RewardsService     : Calculate distance between -117.149048/32.735317 and -162.107252/-6.422293
2023-09-27T16:51:41.297+02:00 DEBUG 7856 --- [pool-2-thread-1] c.o.tourguide.service.RewardsService     : Checking if the user 6d2b5969-c1e2-4366-ac2f-b9c1e81ff36d already get close from Zoo Tampa at Lowry Park
2023-09-27T16:51:41.297+02:00 DEBUG 7856 --- [pool-2-thread-1] c.o.tourguide.service.RewardsService     : Calculate distance between -82.469269/28.012804 and -162.107252/-6.422293
2023-09-27T16:51:41.297+02:00 DEBUG 7856 --- [pool-2-thread-1] c.o.tourguide.service.RewardsService     : Checking if the user 6d2b5969-c1e2-4366-ac2f-b9c1e81ff36d already get close from Franklin Park Zoo
2023-09-27T16:51:41.297+02:00 DEBUG 7856 --- [pool-2-thread-1] c.o.tourguide.service.RewardsService     : Calculate distance between -71.086731/42.302601 and -162.107252/-6.422293
2023-09-27T16:51:41.297+02:00 DEBUG 7856 --- [pool-2-thread-1] c.o.tourguide.service.RewardsService     : Checking if the user 6d2b5969-c1e2-4366-ac2f-b9c1e81ff36d already get close from El Paso Zoo
2023-09-27T16:51:41.297+02:00 DEBUG 7856 --- [pool-2-thread-1] c.o.tourguide.service.RewardsService     : Calculate distance between -106.44487/31.769125 and -162.107252/-6.422293
2023-09-27T16:51:41.297+02:00 DEBUG 7856 --- [pool-2-thread-1] c.o.tourguide.service.RewardsService     : Checking if the user 6d2b5969-c1e2-4366-ac2f-b9c1e81ff36d already get close from Kansas City Zoo
2023-09-27T16:51:41.297+02:00 DEBUG 7856 --- [pool-2-thread-1] c.o.tourguide.service.RewardsService     : Calculate distance between -94.529625/39.007504 and -162.107252/-6.422293
2023-09-27T16:51:41.297+02:00 DEBUG 7856 --- [pool-2-thread-1] c.o.tourguide.service.RewardsService     : Checking if the user 6d2b5969-c1e2-4366-ac2f-b9c1e81ff36d already get close from Bronx Zoo
2023-09-27T16:51:41.297+02:00 DEBUG 7856 --- [pool-2-thread-1] c.o.tourguide.service.RewardsService     : Calculate distance between -73.872971/40.852905 and -162.107252/-6.422293
2023-09-27T16:51:41.297+02:00 DEBUG 7856 --- [pool-2-thread-1] c.o.tourguide.service.RewardsService     : Checking if the user 6d2b5969-c1e2-4366-ac2f-b9c1e81ff36d already get close from Cinderella Castle
2023-09-27T16:51:41.297+02:00 DEBUG 7856 --- [pool-2-thread-1] c.o.tourguide.service.RewardsService     : Calculate distance between -81.5812/28.419411 and -162.107252/-6.422293
2023-09-27T16:51:41.297+02:00 DEBUG 7856 --- [pool-2-thread-1] c.o.tourguide.service.RewardsService     : Checking if the user 6d2b5969-c1e2-4366-ac2f-b9c1e81ff36d already get close from Disneyland
2023-09-27T16:51:41.297+02:00 DEBUG 7856 --- [pool-2-thread-1] c.o.tourguide.service.RewardsService     : Calculate distance between -117.922008/33.817595 and 80.9586/18.057981
2023-09-27T16:51:41.297+02:00 DEBUG 7856 --- [pool-2-thread-1] c.o.tourguide.service.RewardsService     : Checking if the user 6d2b5969-c1e2-4366-ac2f-b9c1e81ff36d already get close from Jackson Hole
2023-09-27T16:51:41.297+02:00 DEBUG 7856 --- [pool-2-thread-1] c.o.tourguide.service.RewardsService     : Calculate distance between -110.821999/43.582767 and 80.9586/18.057981
2023-09-27T16:51:41.297+02:00 DEBUG 7856 --- [pool-2-thread-1] c.o.tourguide.service.RewardsService     : Checking if the user 6d2b5969-c1e2-4366-ac2f-b9c1e81ff36d already get close from Mojave National Preserve
2023-09-27T16:51:41.297+02:00 DEBUG 7856 --- [pool-2-thread-1] c.o.tourguide.service.RewardsService     : Calculate distance between -115.510399/35.141689 and 80.9586/18.057981
2023-09-27T16:51:41.297+02:00 DEBUG 7856 --- [pool-2-thread-1] c.o.tourguide.service.RewardsService     : Checking if the user 6d2b5969-c1e2-4366-ac2f-b9c1e81ff36d already get close from Joshua Tree National Park
2023-09-27T16:51:41.297+02:00 DEBUG 7856 --- [pool-2-thread-1] c.o.tourguide.service.RewardsService     : Calculate distance between -115.90065/33.881866 and 80.9586/18.057981
2023-09-27T16:51:41.297+02:00 DEBUG 7856 --- [pool-2-thread-1] c.o.tourguide.service.RewardsService     : Checking if the user 6d2b5969-c1e2-4366-ac2f-b9c1e81ff36d already get close from Buffalo National River
2023-09-27T16:51:41.297+02:00 DEBUG 7856 --- [pool-2-thread-1] c.o.tourguide.service.RewardsService     : Calculate distance between -92.757652/35.985512 and 80.9586/18.057981
2023-09-27T16:51:41.297+02:00 DEBUG 7856 --- [pool-2-thread-1] c.o.tourguide.service.RewardsService     : Checking if the user 6d2b5969-c1e2-4366-ac2f-b9c1e81ff36d already get close from Hot Springs National Park
2023-09-27T16:51:41.297+02:00 DEBUG 7856 --- [pool-2-thread-1] c.o.tourguide.service.RewardsService     : Calculate distance between -93.042267/34.52153 and 80.9586/18.057981
2023-09-27T16:51:41.297+02:00 DEBUG 7856 --- [pool-2-thread-1] c.o.tourguide.service.RewardsService     : Checking if the user 6d2b5969-c1e2-4366-ac2f-b9c1e81ff36d already get close from Kartchner Caverns State Park
2023-09-27T16:51:41.298+02:00 DEBUG 7856 --- [pool-2-thread-1] c.o.tourguide.service.RewardsService     : Calculate distance between -110.347382/31.837551 and 80.9586/18.057981
2023-09-27T16:51:41.298+02:00 DEBUG 7856 --- [pool-2-thread-1] c.o.tourguide.service.RewardsService     : Checking if the user 6d2b5969-c1e2-4366-ac2f-b9c1e81ff36d already get close from Legend Valley
2023-09-27T16:51:41.298+02:00 DEBUG 7856 --- [pool-2-thread-1] c.o.tourguide.service.RewardsService     : Calculate distance between -82.40667/39.937778 and 80.9586/18.057981
2023-09-27T16:51:41.298+02:00 DEBUG 7856 --- [pool-2-thread-1] c.o.tourguide.service.RewardsService     : Checking if the user 6d2b5969-c1e2-4366-ac2f-b9c1e81ff36d already get close from Flowers Bakery of London
2023-09-27T16:51:41.298+02:00 DEBUG 7856 --- [pool-2-thread-1] c.o.tourguide.service.RewardsService     : Calculate distance between -84.07486/37.131527 and 80.9586/18.057981
2023-09-27T16:51:41.298+02:00 DEBUG 7856 --- [pool-2-thread-1] c.o.tourguide.service.RewardsService     : Checking if the user 6d2b5969-c1e2-4366-ac2f-b9c1e81ff36d already get close from McKinley Tower
2023-09-27T16:51:41.298+02:00 DEBUG 7856 --- [pool-2-thread-1] c.o.tourguide.service.RewardsService     : Calculate distance between -149.877502/61.218887 and 80.9586/18.057981
2023-09-27T16:51:41.298+02:00 DEBUG 7856 --- [pool-2-thread-1] c.o.tourguide.service.RewardsService     : Checking if the user 6d2b5969-c1e2-4366-ac2f-b9c1e81ff36d already get close from Flatiron Building
2023-09-27T16:51:41.298+02:00 DEBUG 7856 --- [pool-2-thread-1] c.o.tourguide.service.RewardsService     : Calculate distance between -73.989723/40.741112 and 80.9586/18.057981
2023-09-27T16:51:41.298+02:00 DEBUG 7856 --- [pool-2-thread-1] c.o.tourguide.service.RewardsService     : Checking if the user 6d2b5969-c1e2-4366-ac2f-b9c1e81ff36d already get close from Fallingwater
2023-09-27T16:51:41.298+02:00 DEBUG 7856 --- [pool-2-thread-1] c.o.tourguide.service.RewardsService     : Calculate distance between -79.468056/39.906113 and 80.9586/18.057981
2023-09-27T16:51:41.298+02:00 DEBUG 7856 --- [pool-2-thread-1] c.o.tourguide.service.RewardsService     : Checking if the user 6d2b5969-c1e2-4366-ac2f-b9c1e81ff36d already get close from Union Station
2023-09-27T16:51:41.298+02:00 DEBUG 7856 --- [pool-2-thread-1] c.o.tourguide.service.RewardsService     : Calculate distance between -77.006332/38.897095 and 80.9586/18.057981
2023-09-27T16:51:41.298+02:00 DEBUG 7856 --- [pool-2-thread-1] c.o.tourguide.service.RewardsService     : Checking if the user 6d2b5969-c1e2-4366-ac2f-b9c1e81ff36d already get close from Roger Dean Stadium
2023-09-27T16:51:41.298+02:00 DEBUG 7856 --- [pool-2-thread-1] c.o.tourguide.service.RewardsService     : Calculate distance between -80.116577/26.890959 and 80.9586/18.057981
2023-09-27T16:51:41.298+02:00 DEBUG 7856 --- [pool-2-thread-1] c.o.tourguide.service.RewardsService     : Checking if the user 6d2b5969-c1e2-4366-ac2f-b9c1e81ff36d already get close from Texas Memorial Stadium
2023-09-27T16:51:41.298+02:00 DEBUG 7856 --- [pool-2-thread-1] c.o.tourguide.service.RewardsService     : Calculate distance between -97.732536/30.283682 and 80.9586/18.057981
2023-09-27T16:51:41.298+02:00 DEBUG 7856 --- [pool-2-thread-1] c.o.tourguide.service.RewardsService     : Checking if the user 6d2b5969-c1e2-4366-ac2f-b9c1e81ff36d already get close from Bryant-Denny Stadium
2023-09-27T16:51:41.298+02:00 DEBUG 7856 --- [pool-2-thread-1] c.o.tourguide.service.RewardsService     : Calculate distance between -87.550438/33.208973 and 80.9586/18.057981
2023-09-27T16:51:41.298+02:00 DEBUG 7856 --- [pool-2-thread-1] c.o.tourguide.service.RewardsService     : Checking if the user 6d2b5969-c1e2-4366-ac2f-b9c1e81ff36d already get close from Tiger Stadium
2023-09-27T16:51:41.298+02:00 DEBUG 7856 --- [pool-2-thread-1] c.o.tourguide.service.RewardsService     : Calculate distance between -91.183815/30.412035 and 80.9586/18.057981
2023-09-27T16:51:41.298+02:00 DEBUG 7856 --- [pool-2-thread-1] c.o.tourguide.service.RewardsService     : Checking if the user 6d2b5969-c1e2-4366-ac2f-b9c1e81ff36d already get close from Neyland Stadium
2023-09-27T16:51:41.298+02:00 DEBUG 7856 --- [pool-2-thread-1] c.o.tourguide.service.RewardsService     : Calculate distance between -83.925011/35.955013 and 80.9586/18.057981
2023-09-27T16:51:41.298+02:00 DEBUG 7856 --- [pool-2-thread-1] c.o.tourguide.service.RewardsService     : Checking if the user 6d2b5969-c1e2-4366-ac2f-b9c1e81ff36d already get close from Kyle Field
2023-09-27T16:51:41.298+02:00 DEBUG 7856 --- [pool-2-thread-1] c.o.tourguide.service.RewardsService     : Calculate distance between -96.339844/30.61025 and 80.9586/18.057981
2023-09-27T16:51:41.298+02:00 DEBUG 7856 --- [pool-2-thread-1] c.o.tourguide.service.RewardsService     : Checking if the user 6d2b5969-c1e2-4366-ac2f-b9c1e81ff36d already get close from San Diego Zoo
2023-09-27T16:51:41.298+02:00 DEBUG 7856 --- [pool-2-thread-1] c.o.tourguide.service.RewardsService     : Calculate distance between -117.149048/32.735317 and 80.9586/18.057981
2023-09-27T16:51:41.298+02:00 DEBUG 7856 --- [pool-2-thread-1] c.o.tourguide.service.RewardsService     : Checking if the user 6d2b5969-c1e2-4366-ac2f-b9c1e81ff36d already get close from Zoo Tampa at Lowry Park
2023-09-27T16:51:41.298+02:00 DEBUG 7856 --- [pool-2-thread-1] c.o.tourguide.service.RewardsService     : Calculate distance between -82.469269/28.012804 and 80.9586/18.057981
2023-09-27T16:51:41.298+02:00 DEBUG 7856 --- [pool-2-thread-1] c.o.tourguide.service.RewardsService     : Checking if the user 6d2b5969-c1e2-4366-ac2f-b9c1e81ff36d already get close from Franklin Park Zoo
2023-09-27T16:51:41.298+02:00 DEBUG 7856 --- [pool-2-thread-1] c.o.tourguide.service.RewardsService     : Calculate distance between -71.086731/42.302601 and 80.9586/18.057981
2023-09-27T16:51:41.298+02:00 DEBUG 7856 --- [pool-2-thread-1] c.o.tourguide.service.RewardsService     : Checking if the user 6d2b5969-c1e2-4366-ac2f-b9c1e81ff36d already get close from El Paso Zoo
2023-09-27T16:51:41.298+02:00 DEBUG 7856 --- [pool-2-thread-1] c.o.tourguide.service.RewardsService     : Calculate distance between -106.44487/31.769125 and 80.9586/18.057981
2023-09-27T16:51:41.298+02:00 DEBUG 7856 --- [pool-2-thread-1] c.o.tourguide.service.RewardsService     : Checking if the user 6d2b5969-c1e2-4366-ac2f-b9c1e81ff36d already get close from Kansas City Zoo
2023-09-27T16:51:41.298+02:00 DEBUG 7856 --- [pool-2-thread-1] c.o.tourguide.service.RewardsService     : Calculate distance between -94.529625/39.007504 and 80.9586/18.057981
2023-09-27T16:51:41.298+02:00 DEBUG 7856 --- [pool-2-thread-1] c.o.tourguide.service.RewardsService     : Checking if the user 6d2b5969-c1e2-4366-ac2f-b9c1e81ff36d already get close from Bronx Zoo
2023-09-27T16:51:41.298+02:00 DEBUG 7856 --- [pool-2-thread-1] c.o.tourguide.service.RewardsService     : Calculate distance between -73.872971/40.852905 and 80.9586/18.057981
2023-09-27T16:51:41.298+02:00 DEBUG 7856 --- [pool-2-thread-1] c.o.tourguide.service.RewardsService     : Checking if the user 6d2b5969-c1e2-4366-ac2f-b9c1e81ff36d already get close from Cinderella Castle
2023-09-27T16:51:41.298+02:00 DEBUG 7856 --- [pool-2-thread-1] c.o.tourguide.service.RewardsService     : Calculate distance between -81.5812/28.419411 and 80.9586/18.057981
2023-09-27T16:51:41.298+02:00 DEBUG 7856 --- [pool-2-thread-1] c.o.tourguide.service.RewardsService     : Trying to add 0 rewards
2023-09-27T16:51:41.380+02:00  INFO 7856 --- [pool-2-thread-1] c.o.tourguide.service.TourGuideService   : Adding the current location to the user internalUser6486
2023-09-27T16:51:41.380+02:00 DEBUG 7856 --- [pool-2-thread-1] c.o.tourguide.service.RewardsService     : calculate reward for internalUser6486 on his 5 known locations
2023-09-27T16:51:41.394+02:00 DEBUG 7856 --- [pool-2-thread-1] c.o.tourguide.service.RewardsService     : Checking if the user d068cc21-2f65-4605-ad3e-8ca30b64cb98 already get close from Disneyland
2023-09-27T16:51:41.394+02:00 DEBUG 7856 --- [pool-2-thread-1] c.o.tourguide.service.RewardsService     : Calculate distance between -117.922008/33.817595 and -150.61632578786524/43.41076894199651
2023-09-27T16:51:41.394+02:00 DEBUG 7856 --- [pool-2-thread-1] c.o.tourguide.service.RewardsService     : Checking if the user d068cc21-2f65-4605-ad3e-8ca30b64cb98 already get close from Jackson Hole
2023-09-27T16:51:41.394+02:00 DEBUG 7856 --- [pool-2-thread-1] c.o.tourguide.service.RewardsService     : Calculate distance between -110.821999/43.582767 and -150.61632578786524/43.41076894199651
2023-09-27T16:51:41.394+02:00 DEBUG 7856 --- [pool-2-thread-1] c.o.tourguide.service.RewardsService     : Checking if the user d068cc21-2f65-4605-ad3e-8ca30b64cb98 already get close from Mojave National Preserve
2023-09-27T16:51:41.394+02:00 DEBUG 7856 --- [pool-2-thread-1] c.o.tourguide.service.RewardsService     : Calculate distance between -115.510399/35.141689 and -150.61632578786524/43.41076894199651
2023-09-27T16:51:41.394+02:00 DEBUG 7856 --- [pool-2-thread-1] c.o.tourguide.service.RewardsService     : Checking if the user d068cc21-2f65-4605-ad3e-8ca30b64cb98 already get close from Joshua Tree National Park
2023-09-27T16:51:41.394+02:00 DEBUG 7856 --- [pool-2-thread-1] c.o.tourguide.service.RewardsService     : Calculate distance between -115.90065/33.881866 and -150.61632578786524/43.41076894199651
2023-09-27T16:51:41.394+02:00 DEBUG 7856 --- [pool-2-thread-1] c.o.tourguide.service.RewardsService     : Checking if the user d068cc21-2f65-4605-ad3e-8ca30b64cb98 already get close from Buffalo National River
2023-09-27T16:51:41.394+02:00 DEBUG 7856 --- [pool-2-thread-1] c.o.tourguide.service.RewardsService     : Calculate distance between -92.757652/35.985512 and -150.61632578786524/43.41076894199651
2023-09-27T16:51:41.394+02:00 DEBUG 7856 --- [pool-2-thread-1] c.o.tourguide.service.RewardsService     : Checking if the user d068cc21-2f65-4605-ad3e-8ca30b64cb98 already get close from Hot Springs National Park
2023-09-27T16:51:41.394+02:00 DEBUG 7856 --- [pool-2-thread-1] c.o.tourguide.service.RewardsService     : Calculate distance between -93.042267/34.52153 and -150.61632578786524/43.41076894199651
2023-09-27T16:51:41.394+02:00 DEBUG 7856 --- [pool-2-thread-1] c.o.tourguide.service.RewardsService     : Checking if the user d068cc21-2f65-4605-ad3e-8ca30b64cb98 already get close from Kartchner Caverns State Park
2023-09-27T16:51:41.394+02:00 DEBUG 7856 --- [pool-2-thread-1] c.o.tourguide.service.RewardsService     : Calculate distance between -110.347382/31.837551 and -150.61632578786524/43.41076894199651
2023-09-27T16:51:41.394+02:00 DEBUG 7856 --- [pool-2-thread-1] c.o.tourguide.service.RewardsService     : Checking if the user d068cc21-2f65-4605-ad3e-8ca30b64cb98 already get close from Legend Valley
2023-09-27T16:51:41.394+02:00 DEBUG 7856 --- [pool-2-thread-1] c.o.tourguide.service.RewardsService     : Calculate distance between -82.40667/39.937778 and -150.61632578786524/43.41076894199651
2023-09-27T16:51:41.394+02:00 DEBUG 7856 --- [pool-2-thread-1] c.o.tourguide.service.RewardsService     : Checking if the user d068cc21-2f65-4605-ad3e-8ca30b64cb98 already get close from Flowers Bakery of London
2023-09-27T16:51:41.394+02:00 DEBUG 7856 --- [pool-2-thread-1] c.o.tourguide.service.RewardsService     : Calculate distance between -84.07486/37.131527 and -150.61632578786524/43.41076894199651
2023-09-27T16:51:41.394+02:00 DEBUG 7856 --- [pool-2-thread-1] c.o.tourguide.service.RewardsService     : Checking if the user d068cc21-2f65-4605-ad3e-8ca30b64cb98 already get close from McKinley Tower
2023-09-27T16:51:41.394+02:00 DEBUG 7856 --- [pool-2-thread-1] c.o.tourguide.service.RewardsService     : Calculate distance between -149.877502/61.218887 and -150.61632578786524/43.41076894199651
2023-09-27T16:51:41.394+02:00 DEBUG 7856 --- [pool-2-thread-1] c.o.tourguide.service.RewardsService     : Checking if the user d068cc21-2f65-4605-ad3e-8ca30b64cb98 already get close from Flatiron Building
2023-09-27T16:51:41.394+02:00 DEBUG 7856 --- [pool-2-thread-1] c.o.tourguide.service.RewardsService     : Calculate distance between -73.989723/40.741112 and -150.61632578786524/43.41076894199651
2023-09-27T16:51:41.394+02:00 DEBUG 7856 --- [pool-2-thread-1] c.o.tourguide.service.RewardsService     : Checking if the user d068cc21-2f65-4605-ad3e-8ca30b64cb98 already get close from Fallingwater
2023-09-27T16:51:41.394+02:00 DEBUG 7856 --- [pool-2-thread-1] c.o.tourguide.service.RewardsService     : Calculate distance between -79.468056/39.906113 and -150.61632578786524/43.41076894199651
2023-09-27T16:51:41.394+02:00 DEBUG 7856 --- [pool-2-thread-1] c.o.tourguide.service.RewardsService     : Checking if the user d068cc21-2f65-4605-ad3e-8ca30b64cb98 already get close from Union Station
2023-09-27T16:51:41.394+02:00 DEBUG 7856 --- [pool-2-thread-1] c.o.tourguide.service.RewardsService     : Calculate distance between -77.006332/38.897095 and -150.61632578786524/43.41076894199651
2023-09-27T16:51:41.394+02:00 DEBUG 7856 --- [pool-2-thread-1] c.o.tourguide.service.RewardsService     : Checking if the user d068cc21-2f65-4605-ad3e-8ca30b64cb98 already get close from Roger Dean Stadium
2023-09-27T16:51:41.394+02:00 DEBUG 7856 --- [pool-2-thread-1] c.o.tourguide.service.RewardsService     : Calculate distance between -80.116577/26.890959 and -150.61632578786524/43.41076894199651
2023-09-27T16:51:41.394+02:00 DEBUG 7856 --- [pool-2-thread-1] c.o.tourguide.service.RewardsService     : Checking if the user d068cc21-2f65-4605-ad3e-8ca30b64cb98 already get close from Texas Memorial Stadium
2023-09-27T16:51:41.394+02:00 DEBUG 7856 --- [pool-2-thread-1] c.o.tourguide.service.RewardsService     : Calculate distance between -97.732536/30.283682 and -150.61632578786524/43.41076894199651
2023-09-27T16:51:41.394+02:00 DEBUG 7856 --- [pool-2-thread-1] c.o.tourguide.service.RewardsService     : Checking if the user d068cc21-2f65-4605-ad3e-8ca30b64cb98 already get close from Bryant-Denny Stadium
2023-09-27T16:51:41.394+02:00 DEBUG 7856 --- [pool-2-thread-1] c.o.tourguide.service.RewardsService     : Calculate distance between -87.550438/33.208973 and -150.61632578786524/43.41076894199651
2023-09-27T16:51:41.394+02:00 DEBUG 7856 --- [pool-2-thread-1] c.o.tourguide.service.RewardsService     : Checking if the user d068cc21-2f65-4605-ad3e-8ca30b64cb98 already get close from Tiger Stadium
2023-09-27T16:51:41.394+02:00 DEBUG 7856 --- [pool-2-thread-1] c.o.tourguide.service.RewardsService     : Calculate distance between -91.183815/30.412035 and -150.61632578786524/43.41076894199651
2023-09-27T16:51:41.394+02:00 DEBUG 7856 --- [pool-2-thread-1] c.o.tourguide.service.RewardsService     : Checking if the user d068cc21-2f65-4605-ad3e-8ca30b64cb98 already get close from Neyland Stadium
2023-09-27T16:51:41.394+02:00 DEBUG 7856 --- [pool-2-thread-1] c.o.tourguide.service.RewardsService     : Calculate distance between -83.925011/35.955013 and -150.61632578786524/43.41076894199651
2023-09-27T16:51:41.394+02:00 DEBUG 7856 --- [pool-2-thread-1] c.o.tourguide.service.RewardsService     : Checking if the user d068cc21-2f65-4605-ad3e-8ca30b64cb98 already get close from Kyle Field
2023-09-27T16:51:41.394+02:00 DEBUG 7856 --- [pool-2-thread-1] c.o.tourguide.service.RewardsService     : Calculate distance between -96.339844/30.61025 and -150.61632578786524/43.41076894199651
2023-09-27T16:51:41.394+02:00 DEBUG 7856 --- [pool-2-thread-1] c.o.tourguide.service.RewardsService     : Checking if the user d068cc21-2f65-4605-ad3e-8ca30b64cb98 already get close from San Diego Zoo
2023-09-27T16:51:41.394+02:00 DEBUG 7856 --- [pool-2-thread-1] c.o.tourguide.service.RewardsService     : Calculate distance between -117.149048/32.735317 and -150.61632578786524/43.41076894199651
2023-09-27T16:51:41.394+02:00 DEBUG 7856 --- [pool-2-thread-1] c.o.tourguide.service.RewardsService     : Checking if the user d068cc21-2f65-4605-ad3e-8ca30b64cb98 already get close from Zoo Tampa at Lowry Park
2023-09-27T16:51:41.394+02:00 DEBUG 7856 --- [pool-2-thread-1] c.o.tourguide.service.RewardsService     : Calculate distance between -82.469269/28.012804 and -150.61632578786524/43.41076894199651
2023-09-27T16:51:41.394+02:00 DEBUG 7856 --- [pool-2-thread-1] c.o.tourguide.service.RewardsService     : Checking if the user d068cc21-2f65-4605-ad3e-8ca30b64cb98 already get close from Franklin Park Zoo
2023-09-27T16:51:41.394+02:00 DEBUG 7856 --- [pool-2-thread-1] c.o.tourguide.service.RewardsService     : Calculate distance between -71.086731/42.302601 and -150.61632578786524/43.41076894199651
2023-09-27T16:51:41.394+02:00 DEBUG 7856 --- [pool-2-thread-1] c.o.tourguide.service.RewardsService     : Checking if the user d068cc21-2f65-4605-ad3e-8ca30b64cb98 already get close from El Paso Zoo
2023-09-27T16:51:41.394+02:00 DEBUG 7856 --- [pool-2-thread-1] c.o.tourguide.service.RewardsService     : Calculate distance between -106.44487/31.769125 and -150.61632578786524/43.41076894199651
2023-09-27T16:51:41.394+02:00 DEBUG 7856 --- [pool-2-thread-1] c.o.tourguide.service.RewardsService     : Checking if the user d068cc21-2f65-4605-ad3e-8ca30b64cb98 already get close from Kansas City Zoo
2023-09-27T16:51:41.394+02:00 DEBUG 7856 --- [pool-2-thread-1] c.o.tourguide.service.RewardsService     : Calculate distance between -94.529625/39.007504 and -150.61632578786524/43.41076894199651
2023-09-27T16:51:41.394+02:00 DEBUG 7856 --- [pool-2-thread-1] c.o.tourguide.service.RewardsService     : Checking if the user d068cc21-2f65-4605-ad3e-8ca30b64cb98 already get close from Bronx Zoo
2023-09-27T16:51:41.394+02:00 DEBUG 7856 --- [pool-2-thread-1] c.o.tourguide.service.RewardsService     : Calculate distance between -73.872971/40.852905 and -150.61632578786524/43.41076894199651
2023-09-27T16:51:41.394+02:00 DEBUG 7856 --- [pool-2-thread-1] c.o.tourguide.service.RewardsService     : Checking if the user d068cc21-2f65-4605-ad3e-8ca30b64cb98 already get close from Cinderella Castle
2023-09-27T16:51:41.394+02:00 DEBUG 7856 --- [pool-2-thread-1] c.o.tourguide.service.RewardsService     : Calculate distance between -81.5812/28.419411 and -150.61632578786524/43.41076894199651
2023-09-27T16:51:41.394+02:00 DEBUG 7856 --- [pool-2-thread-1] c.o.tourguide.service.RewardsService     : Checking if the user d068cc21-2f65-4605-ad3e-8ca30b64cb98 already get close from Disneyland
2023-09-27T16:51:41.394+02:00 DEBUG 7856 --- [pool-2-thread-1] c.o.tourguide.service.RewardsService     : Calculate distance between -117.922008/33.817595 and 162.87765818047677/-58.831776024460666
2023-09-27T16:51:41.394+02:00 DEBUG 7856 --- [pool-2-thread-1] c.o.tourguide.service.RewardsService     : Checking if the user d068cc21-2f65-4605-ad3e-8ca30b64cb98 already get close from Jackson Hole
2023-09-27T16:51:41.394+02:00 DEBUG 7856 --- [pool-2-thread-1] c.o.tourguide.service.RewardsService     : Calculate distance between -110.821999/43.582767 and 162.87765818047677/-58.831776024460666
2023-09-27T16:51:41.394+02:00 DEBUG 7856 --- [pool-2-thread-1] c.o.tourguide.service.RewardsService     : Checking if the user d068cc21-2f65-4605-ad3e-8ca30b64cb98 already get close from Mojave National Preserve
2023-09-27T16:51:41.394+02:00 DEBUG 7856 --- [pool-2-thread-1] c.o.tourguide.service.RewardsService     : Calculate distance between -115.510399/35.141689 and 162.87765818047677/-58.831776024460666
2023-09-27T16:51:41.394+02:00 DEBUG 7856 --- [pool-2-thread-1] c.o.tourguide.service.RewardsService     : Checking if the user d068cc21-2f65-4605-ad3e-8ca30b64cb98 already get close from Joshua Tree National Park
2023-09-27T16:51:41.394+02:00 DEBUG 7856 --- [pool-2-thread-1] c.o.tourguide.service.RewardsService     : Calculate distance between -115.90065/33.881866 and 162.87765818047677/-58.831776024460666
2023-09-27T16:51:41.394+02:00 DEBUG 7856 --- [pool-2-thread-1] c.o.tourguide.service.RewardsService     : Checking if the user d068cc21-2f65-4605-ad3e-8ca30b64cb98 already get close from Buffalo National River
2023-09-27T16:51:41.394+02:00 DEBUG 7856 --- [pool-2-thread-1] c.o.tourguide.service.RewardsService     : Calculate distance between -92.757652/35.985512 and 162.87765818047677/-58.831776024460666
2023-09-27T16:51:41.394+02:00 DEBUG 7856 --- [pool-2-thread-1] c.o.tourguide.service.RewardsService     : Checking if the user d068cc21-2f65-4605-ad3e-8ca30b64cb98 already get close from Hot Springs National Park
2023-09-27T16:51:41.394+02:00 DEBUG 7856 --- [pool-2-thread-1] c.o.tourguide.service.RewardsService     : Calculate distance between -93.042267/34.52153 and 162.87765818047677/-58.831776024460666
2023-09-27T16:51:41.394+02:00 DEBUG 7856 --- [pool-2-thread-1] c.o.tourguide.service.RewardsService     : Checking if the user d068cc21-2f65-4605-ad3e-8ca30b64cb98 already get close from Kartchner Caverns State Park
2023-09-27T16:51:41.394+02:00 DEBUG 7856 --- [pool-2-thread-1] c.o.tourguide.service.RewardsService     : Calculate distance between -110.347382/31.837551 and 162.87765818047677/-58.831776024460666
2023-09-27T16:51:41.394+02:00 DEBUG 7856 --- [pool-2-thread-1] c.o.tourguide.service.RewardsService     : Checking if the user d068cc21-2f65-4605-ad3e-8ca30b64cb98 already get close from Legend Valley
2023-09-27T16:51:41.394+02:00 DEBUG 7856 --- [pool-2-thread-1] c.o.tourguide.service.RewardsService     : Calculate distance between -82.40667/39.937778 and 162.87765818047677/-58.831776024460666
2023-09-27T16:51:41.395+02:00 DEBUG 7856 --- [pool-2-thread-1] c.o.tourguide.service.RewardsService     : Checking if the user d068cc21-2f65-4605-ad3e-8ca30b64cb98 already get close from Flowers Bakery of London
2023-09-27T16:51:41.395+02:00 DEBUG 7856 --- [pool-2-thread-1] c.o.tourguide.service.RewardsService     : Calculate distance between -84.07486/37.131527 and 162.87765818047677/-58.831776024460666
2023-09-27T16:51:41.395+02:00 DEBUG 7856 --- [pool-2-thread-1] c.o.tourguide.service.RewardsService     : Checking if the user d068cc21-2f65-4605-ad3e-8ca30b64cb98 already get close from McKinley Tower
2023-09-27T16:51:41.395+02:00 DEBUG 7856 --- [pool-2-thread-1] c.o.tourguide.service.RewardsService     : Calculate distance between -149.877502/61.218887 and 162.87765818047677/-58.831776024460666
2023-09-27T16:51:41.395+02:00 DEBUG 7856 --- [pool-2-thread-1] c.o.tourguide.service.RewardsService     : Checking if the user d068cc21-2f65-4605-ad3e-8ca30b64cb98 already get close from Flatiron Building
2023-09-27T16:51:41.395+02:00 DEBUG 7856 --- [pool-2-thread-1] c.o.tourguide.service.RewardsService     : Calculate distance between -73.989723/40.741112 and 162.87765818047677/-58.831776024460666
2023-09-27T16:51:41.395+02:00 DEBUG 7856 --- [pool-2-thread-1] c.o.tourguide.service.RewardsService     : Checking if the user d068cc21-2f65-4605-ad3e-8ca30b64cb98 already get close from Fallingwater
2023-09-27T16:51:41.395+02:00 DEBUG 7856 --- [pool-2-thread-1] c.o.tourguide.service.RewardsService     : Calculate distance between -79.468056/39.906113 and 162.87765818047677/-58.831776024460666
2023-09-27T16:51:41.395+02:00 DEBUG 7856 --- [pool-2-thread-1] c.o.tourguide.service.RewardsService     : Checking if the user d068cc21-2f65-4605-ad3e-8ca30b64cb98 already get close from Union Station
2023-09-27T16:51:41.395+02:00 DEBUG 7856 --- [pool-2-thread-1] c.o.tourguide.service.RewardsService     : Calculate distance between -77.006332/38.897095 and 162.87765818047677/-58.831776024460666
2023-09-27T16:51:41.395+02:00 DEBUG 7856 --- [pool-2-thread-1] c.o.tourguide.service.RewardsService     : Checking if the user d068cc21-2f65-4605-ad3e-8ca30b64cb98 already get close from Roger Dean Stadium
2023-09-27T16:51:41.395+02:00 DEBUG 7856 --- [pool-2-thread-1] c.o.tourguide.service.RewardsService     : Calculate distance between -80.116577/26.890959 and 162.87765818047677/-58.831776024460666
2023-09-27T16:51:41.395+02:00 DEBUG 7856 --- [pool-2-thread-1] c.o.tourguide.service.RewardsService     : Checking if the user d068cc21-2f65-4605-ad3e-8ca30b64cb98 already get close from Texas Memorial Stadium
2023-09-27T16:51:41.395+02:00 DEBUG 7856 --- [pool-2-thread-1] c.o.tourguide.service.RewardsService     : Calculate distance between -97.732536/30.283682 and 162.87765818047677/-58.831776024460666
2023-09-27T16:51:41.395+02:00 DEBUG 7856 --- [pool-2-thread-1] c.o.tourguide.service.RewardsService     : Checking if the user d068cc21-2f65-4605-ad3e-8ca30b64cb98 already get close from Bryant-Denny Stadium
2023-09-27T16:51:41.395+02:00 DEBUG 7856 --- [pool-2-thread-1] c.o.tourguide.service.RewardsService     : Calculate distance between -87.550438/33.208973 and 162.87765818047677/-58.831776024460666
2023-09-27T16:51:41.395+02:00 DEBUG 7856 --- [pool-2-thread-1] c.o.tourguide.service.RewardsService     : Checking if the user d068cc21-2f65-4605-ad3e-8ca30b64cb98 already get close from Tiger Stadium
2023-09-27T16:51:41.395+02:00 DEBUG 7856 --- [pool-2-thread-1] c.o.tourguide.service.RewardsService     : Calculate distance between -91.183815/30.412035 and 162.87765818047677/-58.831776024460666
2023-09-27T16:51:41.395+02:00 DEBUG 7856 --- [pool-2-thread-1] c.o.tourguide.service.RewardsService     : Checking if the user d068cc21-2f65-4605-ad3e-8ca30b64cb98 already get close from Neyland Stadium
2023-09-27T16:51:41.395+02:00 DEBUG 7856 --- [pool-2-thread-1] c.o.tourguide.service.RewardsService     : Calculate distance between -83.925011/35.955013 and 162.87765818047677/-58.831776024460666
2023-09-27T16:51:41.395+02:00 DEBUG 7856 --- [pool-2-thread-1] c.o.tourguide.service.RewardsService     : Checking if the user d068cc21-2f65-4605-ad3e-8ca30b64cb98 already get close from Kyle Field
2023-09-27T16:51:41.395+02:00 DEBUG 7856 --- [pool-2-thread-1] c.o.tourguide.service.RewardsService     : Calculate distance between -96.339844/30.61025 and 162.87765818047677/-58.831776024460666
2023-09-27T16:51:41.395+02:00 DEBUG 7856 --- [pool-2-thread-1] c.o.tourguide.service.RewardsService     : Checking if the user d068cc21-2f65-4605-ad3e-8ca30b64cb98 already get close from San Diego Zoo
2023-09-27T16:51:41.395+02:00 DEBUG 7856 --- [pool-2-thread-1] c.o.tourguide.service.RewardsService     : Calculate distance between -117.149048/32.735317 and 162.87765818047677/-58.831776024460666
2023-09-27T16:51:41.395+02:00 DEBUG 7856 --- [pool-2-thread-1] c.o.tourguide.service.RewardsService     : Checking if the user d068cc21-2f65-4605-ad3e-8ca30b64cb98 already get close from Zoo Tampa at Lowry Park
2023-09-27T16:51:41.395+02:00 DEBUG 7856 --- [pool-2-thread-1] c.o.tourguide.service.RewardsService     : Calculate distance between -82.469269/28.012804 and 162.87765818047677/-58.831776024460666
2023-09-27T16:51:41.395+02:00 DEBUG 7856 --- [pool-2-thread-1] c.o.tourguide.service.RewardsService     : Checking if the user d068cc21-2f65-4605-ad3e-8ca30b64cb98 already get close from Franklin Park Zoo
2023-09-27T16:51:41.395+02:00 DEBUG 7856 --- [pool-2-thread-1] c.o.tourguide.service.RewardsService     : Calculate distance between -71.086731/42.302601 and 162.87765818047677/-58.831776024460666
2023-09-27T16:51:41.395+02:00 DEBUG 7856 --- [pool-2-thread-1] c.o.tourguide.service.RewardsService     : Checking if the user d068cc21-2f65-4605-ad3e-8ca30b64cb98 already get close from El Paso Zoo
2023-09-27T16:51:41.395+02:00 DEBUG 7856 --- [pool-2-thread-1] c.o.tourguide.service.RewardsService     : Calculate distance between -106.44487/31.769125 and 162.87765818047677/-58.831776024460666
2023-09-27T16:51:41.395+02:00 DEBUG 7856 --- [pool-2-thread-1] c.o.tourguide.service.RewardsService     : Checking if the user d068cc21-2f65-4605-ad3e-8ca30b64cb98 already get close from Kansas City Zoo
2023-09-27T16:51:41.395+02:00 DEBUG 7856 --- [pool-2-thread-1] c.o.tourguide.service.RewardsService     : Calculate distance between -94.529625/39.007504 and 162.87765818047677/-58.831776024460666
2023-09-27T16:51:41.395+02:00 DEBUG 7856 --- [pool-2-thread-1] c.o.tourguide.service.RewardsService     : Checking if the user d068cc21-2f65-4605-ad3e-8ca30b64cb98 already get close from Bronx Zoo
2023-09-27T16:51:41.395+02:00 DEBUG 7856 --- [pool-2-thread-1] c.o.tourguide.service.RewardsService     : Calculate distance between -73.872971/40.852905 and 162.87765818047677/-58.831776024460666
2023-09-27T16:51:41.395+02:00 DEBUG 7856 --- [pool-2-thread-1] c.o.tourguide.service.RewardsService     : Checking if the user d068cc21-2f65-4605-ad3e-8ca30b64cb98 already get close from Cinderella Castle
2023-09-27T16:51:41.395+02:00 DEBUG 7856 --- [pool-2-thread-1] c.o.tourguide.service.RewardsService     : Calculate distance between -81.5812/28.419411 and 162.87765818047677/-58.831776024460666
2023-09-27T16:51:41.395+02:00 DEBUG 7856 --- [pool-2-thread-1] c.o.tourguide.service.RewardsService     : Checking if the user d068cc21-2f65-4605-ad3e-8ca30b64cb98 already get close from Disneyland
2023-09-27T16:51:41.395+02:00 DEBUG 7856 --- [pool-2-thread-1] c.o.tourguide.service.RewardsService     : Calculate distance between -117.922008/33.817595 and -23.575764716075724/70.67647543930556
2023-09-27T16:51:41.395+02:00 DEBUG 7856 --- [pool-2-thread-1] c.o.tourguide.service.RewardsService     : Checking if the user d068cc21-2f65-4605-ad3e-8ca30b64cb98 already get close from Jackson Hole
2023-09-27T16:51:41.395+02:00 DEBUG 7856 --- [pool-2-thread-1] c.o.tourguide.service.RewardsService     : Calculate distance between -110.821999/43.582767 and -23.575764716075724/70.67647543930556
2023-09-27T16:51:41.395+02:00 DEBUG 7856 --- [pool-2-thread-1] c.o.tourguide.service.RewardsService     : Checking if the user d068cc21-2f65-4605-ad3e-8ca30b64cb98 already get close from Mojave National Preserve
2023-09-27T16:51:41.395+02:00 DEBUG 7856 --- [pool-2-thread-1] c.o.tourguide.service.RewardsService     : Calculate distance between -115.510399/35.141689 and -23.575764716075724/70.67647543930556
2023-09-27T16:51:41.395+02:00 DEBUG 7856 --- [pool-2-thread-1] c.o.tourguide.service.RewardsService     : Checking if the user d068cc21-2f65-4605-ad3e-8ca30b64cb98 already get close from Joshua Tree National Park
2023-09-27T16:51:41.395+02:00 DEBUG 7856 --- [pool-2-thread-1] c.o.tourguide.service.RewardsService     : Calculate distance between -115.90065/33.881866 and -23.575764716075724/70.67647543930556
2023-09-27T16:51:41.395+02:00 DEBUG 7856 --- [pool-2-thread-1] c.o.tourguide.service.RewardsService     : Checking if the user d068cc21-2f65-4605-ad3e-8ca30b64cb98 already get close from Buffalo National River
2023-09-27T16:51:41.395+02:00 DEBUG 7856 --- [pool-2-thread-1] c.o.tourguide.service.RewardsService     : Calculate distance between -92.757652/35.985512 and -23.575764716075724/70.67647543930556
2023-09-27T16:51:41.395+02:00 DEBUG 7856 --- [pool-2-thread-1] c.o.tourguide.service.RewardsService     : Checking if the user d068cc21-2f65-4605-ad3e-8ca30b64cb98 already get close from Hot Springs National Park
2023-09-27T16:51:41.395+02:00 DEBUG 7856 --- [pool-2-thread-1] c.o.tourguide.service.RewardsService     : Calculate distance between -93.042267/34.52153 and -23.575764716075724/70.67647543930556
2023-09-27T16:51:41.395+02:00 DEBUG 7856 --- [pool-2-thread-1] c.o.tourguide.service.RewardsService     : Checking if the user d068cc21-2f65-4605-ad3e-8ca30b64cb98 already get close from Kartchner Caverns State Park
2023-09-27T16:51:41.395+02:00 DEBUG 7856 --- [pool-2-thread-1] c.o.tourguide.service.RewardsService     : Calculate distance between -110.347382/31.837551 and -23.575764716075724/70.67647543930556
2023-09-27T16:51:41.395+02:00 DEBUG 7856 --- [pool-2-thread-1] c.o.tourguide.service.RewardsService     : Checking if the user d068cc21-2f65-4605-ad3e-8ca30b64cb98 already get close from Legend Valley
2023-09-27T16:51:41.395+02:00 DEBUG 7856 --- [pool-2-thread-1] c.o.tourguide.service.RewardsService     : Calculate distance between -82.40667/39.937778 and -23.575764716075724/70.67647543930556
2023-09-27T16:51:41.395+02:00 DEBUG 7856 --- [pool-2-thread-1] c.o.tourguide.service.RewardsService     : Checking if the user d068cc21-2f65-4605-ad3e-8ca30b64cb98 already get close from Flowers Bakery of London
2023-09-27T16:51:41.395+02:00 DEBUG 7856 --- [pool-2-thread-1] c.o.tourguide.service.RewardsService     : Calculate distance between -84.07486/37.131527 and -23.575764716075724/70.67647543930556
2023-09-27T16:51:41.395+02:00 DEBUG 7856 --- [pool-2-thread-1] c.o.tourguide.service.RewardsService     : Checking if the user d068cc21-2f65-4605-ad3e-8ca30b64cb98 already get close from McKinley Tower
2023-09-27T16:51:41.395+02:00 DEBUG 7856 --- [pool-2-thread-1] c.o.tourguide.service.RewardsService     : Calculate distance between -149.877502/61.218887 and -23.575764716075724/70.67647543930556
2023-09-27T16:51:41.395+02:00 DEBUG 7856 --- [pool-2-thread-1] c.o.tourguide.service.RewardsService     : Checking if the user d068cc21-2f65-4605-ad3e-8ca30b64cb98 already get close from Flatiron Building
2023-09-27T16:51:41.395+02:00 DEBUG 7856 --- [pool-2-thread-1] c.o.tourguide.service.RewardsService     : Calculate distance between -73.989723/40.741112 and -23.575764716075724/70.67647543930556
2023-09-27T16:51:41.395+02:00 DEBUG 7856 --- [pool-2-thread-1] c.o.tourguide.service.RewardsService     : Checking if the user d068cc21-2f65-4605-ad3e-8ca30b64cb98 already get close from Fallingwater
2023-09-27T16:51:41.395+02:00 DEBUG 7856 --- [pool-2-thread-1] c.o.tourguide.service.RewardsService     : Calculate distance between -79.468056/39.906113 and -23.575764716075724/70.67647543930556
2023-09-27T16:51:41.395+02:00 DEBUG 7856 --- [pool-2-thread-1] c.o.tourguide.service.RewardsService     : Checking if the user d068cc21-2f65-4605-ad3e-8ca30b64cb98 already get close from Union Station
2023-09-27T16:51:41.395+02:00 DEBUG 7856 --- [pool-2-thread-1] c.o.tourguide.service.RewardsService     : Calculate distance between -77.006332/38.897095 and -23.575764716075724/70.67647543930556
2023-09-27T16:51:41.395+02:00 DEBUG 7856 --- [pool-2-thread-1] c.o.tourguide.service.RewardsService     : Checking if the user d068cc21-2f65-4605-ad3e-8ca30b64cb98 already get close from Roger Dean Stadium
2023-09-27T16:51:41.395+02:00 DEBUG 7856 --- [pool-2-thread-1] c.o.tourguide.service.RewardsService     : Calculate distance between -80.116577/26.890959 and -23.575764716075724/70.67647543930556
2023-09-27T16:51:41.395+02:00 DEBUG 7856 --- [pool-2-thread-1] c.o.tourguide.service.RewardsService     : Checking if the user d068cc21-2f65-4605-ad3e-8ca30b64cb98 already get close from Texas Memorial Stadium
2023-09-27T16:51:41.395+02:00 DEBUG 7856 --- [pool-2-thread-1] c.o.tourguide.service.RewardsService     : Calculate distance between -97.732536/30.283682 and -23.575764716075724/70.67647543930556
2023-09-27T16:51:41.395+02:00 DEBUG 7856 --- [pool-2-thread-1] c.o.tourguide.service.RewardsService     : Checking if the user d068cc21-2f65-4605-ad3e-8ca30b64cb98 already get close from Bryant-Denny Stadium
2023-09-27T16:51:41.395+02:00 DEBUG 7856 --- [pool-2-thread-1] c.o.tourguide.service.RewardsService     : Calculate distance between -87.550438/33.208973 and -23.575764716075724/70.67647543930556
2023-09-27T16:51:41.395+02:00 DEBUG 7856 --- [pool-2-thread-1] c.o.tourguide.service.RewardsService     : Checking if the user d068cc21-2f65-4605-ad3e-8ca30b64cb98 already get close from Tiger Stadium
2023-09-27T16:51:41.395+02:00 DEBUG 7856 --- [pool-2-thread-1] c.o.tourguide.service.RewardsService     : Calculate distance between -91.183815/30.412035 and -23.575764716075724/70.67647543930556
2023-09-27T16:51:41.395+02:00 DEBUG 7856 --- [pool-2-thread-1] c.o.tourguide.service.RewardsService     : Checking if the user d068cc21-2f65-4605-ad3e-8ca30b64cb98 already get close from Neyland Stadium
2023-09-27T16:51:41.395+02:00 DEBUG 7856 --- [pool-2-thread-1] c.o.tourguide.service.RewardsService     : Calculate distance between -83.925011/35.955013 and -23.575764716075724/70.67647543930556
2023-09-27T16:51:41.395+02:00 DEBUG 7856 --- [pool-2-thread-1] c.o.tourguide.service.RewardsService     : Checking if the user d068cc21-2f65-4605-ad3e-8ca30b64cb98 already get close from Kyle Field
2023-09-27T16:51:41.395+02:00 DEBUG 7856 --- [pool-2-thread-1] c.o.tourguide.service.RewardsService     : Calculate distance between -96.339844/30.61025 and -23.575764716075724/70.67647543930556
2023-09-27T16:51:41.395+02:00 DEBUG 7856 --- [pool-2-thread-1] c.o.tourguide.service.RewardsService     : Checking if the user d068cc21-2f65-4605-ad3e-8ca30b64cb98 already get close from San Diego Zoo
2023-09-27T16:51:41.395+02:00 DEBUG 7856 --- [pool-2-thread-1] c.o.tourguide.service.RewardsService     : Calculate distance between -117.149048/32.735317 and -23.575764716075724/70.67647543930556
2023-09-27T16:51:41.396+02:00 DEBUG 7856 --- [pool-2-thread-1] c.o.tourguide.service.RewardsService     : Checking if the user d068cc21-2f65-4605-ad3e-8ca30b64cb98 already get close from Zoo Tampa at Lowry Park
2023-09-27T16:51:41.396+02:00 DEBUG 7856 --- [pool-2-thread-1] c.o.tourguide.service.RewardsService     : Calculate distance between -82.469269/28.012804 and -23.575764716075724/70.67647543930556
2023-09-27T16:51:41.396+02:00 DEBUG 7856 --- [pool-2-thread-1] c.o.tourguide.service.RewardsService     : Checking if the user d068cc21-2f65-4605-ad3e-8ca30b64cb98 already get close from Franklin Park Zoo
2023-09-27T16:51:41.396+02:00 DEBUG 7856 --- [pool-2-thread-1] c.o.tourguide.service.RewardsService     : Calculate distance between -71.086731/42.302601 and -23.575764716075724/70.67647543930556
2023-09-27T16:51:41.396+02:00 DEBUG 7856 --- [pool-2-thread-1] c.o.tourguide.service.RewardsService     : Checking if the user d068cc21-2f65-4605-ad3e-8ca30b64cb98 already get close from El Paso Zoo
2023-09-27T16:51:41.396+02:00 DEBUG 7856 --- [pool-2-thread-1] c.o.tourguide.service.RewardsService     : Calculate distance between -106.44487/31.769125 and -23.575764716075724/70.67647543930556
2023-09-27T16:51:41.396+02:00 DEBUG 7856 --- [pool-2-thread-1] c.o.tourguide.service.RewardsService     : Checking if the user d068cc21-2f65-4605-ad3e-8ca30b64cb98 already get close from Kansas City Zoo
2023-09-27T16:51:41.396+02:00 DEBUG 7856 --- [pool-2-thread-1] c.o.tourguide.service.RewardsService     : Calculate distance between -94.529625/39.007504 and -23.575764716075724/70.67647543930556
2023-09-27T16:51:41.396+02:00 DEBUG 7856 --- [pool-2-thread-1] c.o.tourguide.service.RewardsService     : Checking if the user d068cc21-2f65-4605-ad3e-8ca30b64cb98 already get close from Bronx Zoo
2023-09-27T16:51:41.396+02:00 DEBUG 7856 --- [pool-2-thread-1] c.o.tourguide.service.RewardsService     : Calculate distance between -73.872971/40.852905 and -23.575764716075724/70.67647543930556
2023-09-27T16:51:41.396+02:00 DEBUG 7856 --- [pool-2-thread-1] c.o.tourguide.service.RewardsService     : Checking if the user d068cc21-2f65-4605-ad3e-8ca30b64cb98 already get close from Cinderella Castle
2023-09-27T16:51:41.396+02:00 DEBUG 7856 --- [pool-2-thread-1] c.o.tourguide.service.RewardsService     : Calculate distance between -81.5812/28.419411 and -23.575764716075724/70.67647543930556
2023-09-27T16:51:41.396+02:00 DEBUG 7856 --- [pool-2-thread-1] c.o.tourguide.service.RewardsService     : Checking if the user d068cc21-2f65-4605-ad3e-8ca30b64cb98 already get close from Disneyland
2023-09-27T16:51:41.396+02:00 DEBUG 7856 --- [pool-2-thread-1] c.o.tourguide.service.RewardsService     : Calculate distance between -117.922008/33.817595 and -172.164837/-63.121782
2023-09-27T16:51:41.396+02:00 DEBUG 7856 --- [pool-2-thread-1] c.o.tourguide.service.RewardsService     : Checking if the user d068cc21-2f65-4605-ad3e-8ca30b64cb98 already get close from Jackson Hole
2023-09-27T16:51:41.396+02:00 DEBUG 7856 --- [pool-2-thread-1] c.o.tourguide.service.RewardsService     : Calculate distance between -110.821999/43.582767 and -172.164837/-63.121782
2023-09-27T16:51:41.396+02:00 DEBUG 7856 --- [pool-2-thread-1] c.o.tourguide.service.RewardsService     : Checking if the user d068cc21-2f65-4605-ad3e-8ca30b64cb98 already get close from Mojave National Preserve
2023-09-27T16:51:41.396+02:00 DEBUG 7856 --- [pool-2-thread-1] c.o.tourguide.service.RewardsService     : Calculate distance between -115.510399/35.141689 and -172.164837/-63.121782
2023-09-27T16:51:41.396+02:00 DEBUG 7856 --- [pool-2-thread-1] c.o.tourguide.service.RewardsService     : Checking if the user d068cc21-2f65-4605-ad3e-8ca30b64cb98 already get close from Joshua Tree National Park
2023-09-27T16:51:41.396+02:00 DEBUG 7856 --- [pool-2-thread-1] c.o.tourguide.service.RewardsService     : Calculate distance between -115.90065/33.881866 and -172.164837/-63.121782
2023-09-27T16:51:41.396+02:00 DEBUG 7856 --- [pool-2-thread-1] c.o.tourguide.service.RewardsService     : Checking if the user d068cc21-2f65-4605-ad3e-8ca30b64cb98 already get close from Buffalo National River
2023-09-27T16:51:41.396+02:00 DEBUG 7856 --- [pool-2-thread-1] c.o.tourguide.service.RewardsService     : Calculate distance between -92.757652/35.985512 and -172.164837/-63.121782
2023-09-27T16:51:41.396+02:00 DEBUG 7856 --- [pool-2-thread-1] c.o.tourguide.service.RewardsService     : Checking if the user d068cc21-2f65-4605-ad3e-8ca30b64cb98 already get close from Hot Springs National Park
2023-09-27T16:51:41.396+02:00 DEBUG 7856 --- [pool-2-thread-1] c.o.tourguide.service.RewardsService     : Calculate distance between -93.042267/34.52153 and -172.164837/-63.121782
2023-09-27T16:51:41.396+02:00 DEBUG 7856 --- [pool-2-thread-1] c.o.tourguide.service.RewardsService     : Checking if the user d068cc21-2f65-4605-ad3e-8ca30b64cb98 already get close from Kartchner Caverns State Park
2023-09-27T16:51:41.396+02:00 DEBUG 7856 --- [pool-2-thread-1] c.o.tourguide.service.RewardsService     : Calculate distance between -110.347382/31.837551 and -172.164837/-63.121782
2023-09-27T16:51:41.396+02:00 DEBUG 7856 --- [pool-2-thread-1] c.o.tourguide.service.RewardsService     : Checking if the user d068cc21-2f65-4605-ad3e-8ca30b64cb98 already get close from Legend Valley
2023-09-27T16:51:41.396+02:00 DEBUG 7856 --- [pool-2-thread-1] c.o.tourguide.service.RewardsService     : Calculate distance between -82.40667/39.937778 and -172.164837/-63.121782
2023-09-27T16:51:41.396+02:00 DEBUG 7856 --- [pool-2-thread-1] c.o.tourguide.service.RewardsService     : Checking if the user d068cc21-2f65-4605-ad3e-8ca30b64cb98 already get close from Flowers Bakery of London
2023-09-27T16:51:41.396+02:00 DEBUG 7856 --- [pool-2-thread-1] c.o.tourguide.service.RewardsService     : Calculate distance between -84.07486/37.131527 and -172.164837/-63.121782
2023-09-27T16:51:41.396+02:00 DEBUG 7856 --- [pool-2-thread-1] c.o.tourguide.service.RewardsService     : Checking if the user d068cc21-2f65-4605-ad3e-8ca30b64cb98 already get close from McKinley Tower
2023-09-27T16:51:41.396+02:00 DEBUG 7856 --- [pool-2-thread-1] c.o.tourguide.service.RewardsService     : Calculate distance between -149.877502/61.218887 and -172.164837/-63.121782
2023-09-27T16:51:41.396+02:00 DEBUG 7856 --- [pool-2-thread-1] c.o.tourguide.service.RewardsService     : Checking if the user d068cc21-2f65-4605-ad3e-8ca30b64cb98 already get close from Flatiron Building
2023-09-27T16:51:41.396+02:00 DEBUG 7856 --- [pool-2-thread-1] c.o.tourguide.service.RewardsService     : Calculate distance between -73.989723/40.741112 and -172.164837/-63.121782
2023-09-27T16:51:41.396+02:00 DEBUG 7856 --- [pool-2-thread-1] c.o.tourguide.service.RewardsService     : Checking if the user d068cc21-2f65-4605-ad3e-8ca30b64cb98 already get close from Fallingwater
2023-09-27T16:51:41.396+02:00 DEBUG 7856 --- [pool-2-thread-1] c.o.tourguide.service.RewardsService     : Calculate distance between -79.468056/39.906113 and -172.164837/-63.121782
2023-09-27T16:51:41.396+02:00 DEBUG 7856 --- [pool-2-thread-1] c.o.tourguide.service.RewardsService     : Checking if the user d068cc21-2f65-4605-ad3e-8ca30b64cb98 already get close from Union Station
2023-09-27T16:51:41.396+02:00 DEBUG 7856 --- [pool-2-thread-1] c.o.tourguide.service.RewardsService     : Calculate distance between -77.006332/38.897095 and -172.164837/-63.121782
2023-09-27T16:51:41.396+02:00 DEBUG 7856 --- [pool-2-thread-1] c.o.tourguide.service.RewardsService     : Checking if the user d068cc21-2f65-4605-ad3e-8ca30b64cb98 already get close from Roger Dean Stadium
2023-09-27T16:51:41.396+02:00 DEBUG 7856 --- [pool-2-thread-1] c.o.tourguide.service.RewardsService     : Calculate distance between -80.116577/26.890959 and -172.164837/-63.121782
2023-09-27T16:51:41.396+02:00 DEBUG 7856 --- [pool-2-thread-1] c.o.tourguide.service.RewardsService     : Checking if the user d068cc21-2f65-4605-ad3e-8ca30b64cb98 already get close from Texas Memorial Stadium
2023-09-27T16:51:41.396+02:00 DEBUG 7856 --- [pool-2-thread-1] c.o.tourguide.service.RewardsService     : Calculate distance between -97.732536/30.283682 and -172.164837/-63.121782
2023-09-27T16:51:41.396+02:00 DEBUG 7856 --- [pool-2-thread-1] c.o.tourguide.service.RewardsService     : Checking if the user d068cc21-2f65-4605-ad3e-8ca30b64cb98 already get close from Bryant-Denny Stadium
2023-09-27T16:51:41.396+02:00 DEBUG 7856 --- [pool-2-thread-1] c.o.tourguide.service.RewardsService     : Calculate distance between -87.550438/33.208973 and -172.164837/-63.121782
2023-09-27T16:51:41.396+02:00 DEBUG 7856 --- [pool-2-thread-1] c.o.tourguide.service.RewardsService     : Checking if the user d068cc21-2f65-4605-ad3e-8ca30b64cb98 already get close from Tiger Stadium
2023-09-27T16:51:41.396+02:00 DEBUG 7856 --- [pool-2-thread-1] c.o.tourguide.service.RewardsService     : Calculate distance between -91.183815/30.412035 and -172.164837/-63.121782
2023-09-27T16:51:41.396+02:00 DEBUG 7856 --- [pool-2-thread-1] c.o.tourguide.service.RewardsService     : Checking if the user d068cc21-2f65-4605-ad3e-8ca30b64cb98 already get close from Neyland Stadium
2023-09-27T16:51:41.396+02:00 DEBUG 7856 --- [pool-2-thread-1] c.o.tourguide.service.RewardsService     : Calculate distance between -83.925011/35.955013 and -172.164837/-63.121782
2023-09-27T16:51:41.396+02:00 DEBUG 7856 --- [pool-2-thread-1] c.o.tourguide.service.RewardsService     : Checking if the user d068cc21-2f65-4605-ad3e-8ca30b64cb98 already get close from Kyle Field
2023-09-27T16:51:41.396+02:00 DEBUG 7856 --- [pool-2-thread-1] c.o.tourguide.service.RewardsService     : Calculate distance between -96.339844/30.61025 and -172.164837/-63.121782
2023-09-27T16:51:41.396+02:00 DEBUG 7856 --- [pool-2-thread-1] c.o.tourguide.service.RewardsService     : Checking if the user d068cc21-2f65-4605-ad3e-8ca30b64cb98 already get close from San Diego Zoo
2023-09-27T16:51:41.396+02:00 DEBUG 7856 --- [pool-2-thread-1] c.o.tourguide.service.RewardsService     : Calculate distance between -117.149048/32.735317 and -172.164837/-63.121782
2023-09-27T16:51:41.396+02:00 DEBUG 7856 --- [pool-2-thread-1] c.o.tourguide.service.RewardsService     : Checking if the user d068cc21-2f65-4605-ad3e-8ca30b64cb98 already get close from Zoo Tampa at Lowry Park
2023-09-27T16:51:41.396+02:00 DEBUG 7856 --- [pool-2-thread-1] c.o.tourguide.service.RewardsService     : Calculate distance between -82.469269/28.012804 and -172.164837/-63.121782
2023-09-27T16:51:41.396+02:00 DEBUG 7856 --- [pool-2-thread-1] c.o.tourguide.service.RewardsService     : Checking if the user d068cc21-2f65-4605-ad3e-8ca30b64cb98 already get close from Franklin Park Zoo
2023-09-27T16:51:41.396+02:00 DEBUG 7856 --- [pool-2-thread-1] c.o.tourguide.service.RewardsService     : Calculate distance between -71.086731/42.302601 and -172.164837/-63.121782
2023-09-27T16:51:41.396+02:00 DEBUG 7856 --- [pool-2-thread-1] c.o.tourguide.service.RewardsService     : Checking if the user d068cc21-2f65-4605-ad3e-8ca30b64cb98 already get close from El Paso Zoo
2023-09-27T16:51:41.396+02:00 DEBUG 7856 --- [pool-2-thread-1] c.o.tourguide.service.RewardsService     : Calculate distance between -106.44487/31.769125 and -172.164837/-63.121782
2023-09-27T16:51:41.396+02:00 DEBUG 7856 --- [pool-2-thread-1] c.o.tourguide.service.RewardsService     : Checking if the user d068cc21-2f65-4605-ad3e-8ca30b64cb98 already get close from Kansas City Zoo
2023-09-27T16:51:41.396+02:00 DEBUG 7856 --- [pool-2-thread-1] c.o.tourguide.service.RewardsService     : Calculate distance between -94.529625/39.007504 and -172.164837/-63.121782
2023-09-27T16:51:41.396+02:00 DEBUG 7856 --- [pool-2-thread-1] c.o.tourguide.service.RewardsService     : Checking if the user d068cc21-2f65-4605-ad3e-8ca30b64cb98 already get close from Bronx Zoo
2023-09-27T16:51:41.396+02:00 DEBUG 7856 --- [pool-2-thread-1] c.o.tourguide.service.RewardsService     : Calculate distance between -73.872971/40.852905 and -172.164837/-63.121782
2023-09-27T16:51:41.396+02:00 DEBUG 7856 --- [pool-2-thread-1] c.o.tourguide.service.RewardsService     : Checking if the user d068cc21-2f65-4605-ad3e-8ca30b64cb98 already get close from Cinderella Castle
2023-09-27T16:51:41.396+02:00 DEBUG 7856 --- [pool-2-thread-1] c.o.tourguide.service.RewardsService     : Calculate distance between -81.5812/28.419411 and -172.164837/-63.121782
2023-09-27T16:51:41.396+02:00 DEBUG 7856 --- [pool-2-thread-1] c.o.tourguide.service.RewardsService     : Checking if the user d068cc21-2f65-4605-ad3e-8ca30b64cb98 already get close from Disneyland
2023-09-27T16:51:41.396+02:00 DEBUG 7856 --- [pool-2-thread-1] c.o.tourguide.service.RewardsService     : Calculate distance between -117.922008/33.817595 and 117.971185/-72.727523
2023-09-27T16:51:41.396+02:00 DEBUG 7856 --- [pool-2-thread-1] c.o.tourguide.service.RewardsService     : Checking if the user d068cc21-2f65-4605-ad3e-8ca30b64cb98 already get close from Jackson Hole
2023-09-27T16:51:41.396+02:00 DEBUG 7856 --- [pool-2-thread-1] c.o.tourguide.service.RewardsService     : Calculate distance between -110.821999/43.582767 and 117.971185/-72.727523
2023-09-27T16:51:41.396+02:00 DEBUG 7856 --- [pool-2-thread-1] c.o.tourguide.service.RewardsService     : Checking if the user d068cc21-2f65-4605-ad3e-8ca30b64cb98 already get close from Mojave National Preserve
2023-09-27T16:51:41.396+02:00 DEBUG 7856 --- [pool-2-thread-1] c.o.tourguide.service.RewardsService     : Calculate distance between -115.510399/35.141689 and 117.971185/-72.727523
2023-09-27T16:51:41.396+02:00 DEBUG 7856 --- [pool-2-thread-1] c.o.tourguide.service.RewardsService     : Checking if the user d068cc21-2f65-4605-ad3e-8ca30b64cb98 already get close from Joshua Tree National Park
2023-09-27T16:51:41.396+02:00 DEBUG 7856 --- [pool-2-thread-1] c.o.tourguide.service.RewardsService     : Calculate distance between -115.90065/33.881866 and 117.971185/-72.727523
2023-09-27T16:51:41.396+02:00 DEBUG 7856 --- [pool-2-thread-1] c.o.tourguide.service.RewardsService     : Checking if the user d068cc21-2f65-4605-ad3e-8ca30b64cb98 already get close from Buffalo National River
2023-09-27T16:51:41.396+02:00 DEBUG 7856 --- [pool-2-thread-1] c.o.tourguide.service.RewardsService     : Calculate distance between -92.757652/35.985512 and 117.971185/-72.727523
2023-09-27T16:51:41.396+02:00 DEBUG 7856 --- [pool-2-thread-1] c.o.tourguide.service.RewardsService     : Checking if the user d068cc21-2f65-4605-ad3e-8ca30b64cb98 already get close from Hot Springs National Park
2023-09-27T16:51:41.396+02:00 DEBUG 7856 --- [pool-2-thread-1] c.o.tourguide.service.RewardsService     : Calculate distance between -93.042267/34.52153 and 117.971185/-72.727523
2023-09-27T16:51:41.396+02:00 DEBUG 7856 --- [pool-2-thread-1] c.o.tourguide.service.RewardsService     : Checking if the user d068cc21-2f65-4605-ad3e-8ca30b64cb98 already get close from Kartchner Caverns State Park
2023-09-27T16:51:41.396+02:00 DEBUG 7856 --- [pool-2-thread-1] c.o.tourguide.service.RewardsService     : Calculate distance between -110.347382/31.837551 and 117.971185/-72.727523
2023-09-27T16:51:41.396+02:00 DEBUG 7856 --- [pool-2-thread-1] c.o.tourguide.service.RewardsService     : Checking if the user d068cc21-2f65-4605-ad3e-8ca30b64cb98 already get close from Legend Valley
2023-09-27T16:51:41.396+02:00 DEBUG 7856 --- [pool-2-thread-1] c.o.tourguide.service.RewardsService     : Calculate distance between -82.40667/39.937778 and 117.971185/-72.727523
2023-09-27T16:51:41.396+02:00 DEBUG 7856 --- [pool-2-thread-1] c.o.tourguide.service.RewardsService     : Checking if the user d068cc21-2f65-4605-ad3e-8ca30b64cb98 already get close from Flowers Bakery of London
2023-09-27T16:51:41.396+02:00 DEBUG 7856 --- [pool-2-thread-1] c.o.tourguide.service.RewardsService     : Calculate distance between -84.07486/37.131527 and 117.971185/-72.727523
2023-09-27T16:51:41.396+02:00 DEBUG 7856 --- [pool-2-thread-1] c.o.tourguide.service.RewardsService     : Checking if the user d068cc21-2f65-4605-ad3e-8ca30b64cb98 already get close from McKinley Tower
2023-09-27T16:51:41.396+02:00 DEBUG 7856 --- [pool-2-thread-1] c.o.tourguide.service.RewardsService     : Calculate distance between -149.877502/61.218887 and 117.971185/-72.727523
2023-09-27T16:51:41.396+02:00 DEBUG 7856 --- [pool-2-thread-1] c.o.tourguide.service.RewardsService     : Checking if the user d068cc21-2f65-4605-ad3e-8ca30b64cb98 already get close from Flatiron Building
2023-09-27T16:51:41.396+02:00 DEBUG 7856 --- [pool-2-thread-1] c.o.tourguide.service.RewardsService     : Calculate distance between -73.989723/40.741112 and 117.971185/-72.727523
2023-09-27T16:51:41.396+02:00 DEBUG 7856 --- [pool-2-thread-1] c.o.tourguide.service.RewardsService     : Checking if the user d068cc21-2f65-4605-ad3e-8ca30b64cb98 already get close from Fallingwater
2023-09-27T16:51:41.396+02:00 DEBUG 7856 --- [pool-2-thread-1] c.o.tourguide.service.RewardsService     : Calculate distance between -79.468056/39.906113 and 117.971185/-72.727523
2023-09-27T16:51:41.396+02:00 DEBUG 7856 --- [pool-2-thread-1] c.o.tourguide.service.RewardsService     : Checking if the user d068cc21-2f65-4605-ad3e-8ca30b64cb98 already get close from Union Station
2023-09-27T16:51:41.396+02:00 DEBUG 7856 --- [pool-2-thread-1] c.o.tourguide.service.RewardsService     : Calculate distance between -77.006332/38.897095 and 117.971185/-72.727523
2023-09-27T16:51:41.396+02:00 DEBUG 7856 --- [pool-2-thread-1] c.o.tourguide.service.RewardsService     : Checking if the user d068cc21-2f65-4605-ad3e-8ca30b64cb98 already get close from Roger Dean Stadium
2023-09-27T16:51:41.396+02:00 DEBUG 7856 --- [pool-2-thread-1] c.o.tourguide.service.RewardsService     : Calculate distance between -80.116577/26.890959 and 117.971185/-72.727523
2023-09-27T16:51:41.396+02:00 DEBUG 7856 --- [pool-2-thread-1] c.o.tourguide.service.RewardsService     : Checking if the user d068cc21-2f65-4605-ad3e-8ca30b64cb98 already get close from Texas Memorial Stadium
2023-09-27T16:51:41.396+02:00 DEBUG 7856 --- [pool-2-thread-1] c.o.tourguide.service.RewardsService     : Calculate distance between -97.732536/30.283682 and 117.971185/-72.727523
2023-09-27T16:51:41.396+02:00 DEBUG 7856 --- [pool-2-thread-1] c.o.tourguide.service.RewardsService     : Checking if the user d068cc21-2f65-4605-ad3e-8ca30b64cb98 already get close from Bryant-Denny Stadium
2023-09-27T16:51:41.396+02:00 DEBUG 7856 --- [pool-2-thread-1] c.o.tourguide.service.RewardsService     : Calculate distance between -87.550438/33.208973 and 117.971185/-72.727523
2023-09-27T16:51:41.396+02:00 DEBUG 7856 --- [pool-2-thread-1] c.o.tourguide.service.RewardsService     : Checking if the user d068cc21-2f65-4605-ad3e-8ca30b64cb98 already get close from Tiger Stadium
2023-09-27T16:51:41.396+02:00 DEBUG 7856 --- [pool-2-thread-1] c.o.tourguide.service.RewardsService     : Calculate distance between -91.183815/30.412035 and 117.971185/-72.727523
2023-09-27T16:51:41.396+02:00 DEBUG 7856 --- [pool-2-thread-1] c.o.tourguide.service.RewardsService     : Checking if the user d068cc21-2f65-4605-ad3e-8ca30b64cb98 already get close from Neyland Stadium
2023-09-27T16:51:41.396+02:00 DEBUG 7856 --- [pool-2-thread-1] c.o.tourguide.service.RewardsService     : Calculate distance between -83.925011/35.955013 and 117.971185/-72.727523
2023-09-27T16:51:41.396+02:00 DEBUG 7856 --- [pool-2-thread-1] c.o.tourguide.service.RewardsService     : Checking if the user d068cc21-2f65-4605-ad3e-8ca30b64cb98 already get close from Kyle Field
2023-09-27T16:51:41.396+02:00 DEBUG 7856 --- [pool-2-thread-1] c.o.tourguide.service.RewardsService     : Calculate distance between -96.339844/30.61025 and 117.971185/-72.727523
2023-09-27T16:51:41.396+02:00 DEBUG 7856 --- [pool-2-thread-1] c.o.tourguide.service.RewardsService     : Checking if the user d068cc21-2f65-4605-ad3e-8ca30b64cb98 already get close from San Diego Zoo
2023-09-27T16:51:41.396+02:00 DEBUG 7856 --- [pool-2-thread-1] c.o.tourguide.service.RewardsService     : Calculate distance between -117.149048/32.735317 and 117.971185/-72.727523
2023-09-27T16:51:41.396+02:00 DEBUG 7856 --- [pool-2-thread-1] c.o.tourguide.service.RewardsService     : Checking if the user d068cc21-2f65-4605-ad3e-8ca30b64cb98 already get close from Zoo Tampa at Lowry Park
2023-09-27T16:51:41.396+02:00 DEBUG 7856 --- [pool-2-thread-1] c.o.tourguide.service.RewardsService     : Calculate distance between -82.469269/28.012804 and 117.971185/-72.727523
2023-09-27T16:51:41.396+02:00 DEBUG 7856 --- [pool-2-thread-1] c.o.tourguide.service.RewardsService     : Checking if the user d068cc21-2f65-4605-ad3e-8ca30b64cb98 already get close from Franklin Park Zoo
2023-09-27T16:51:41.396+02:00 DEBUG 7856 --- [pool-2-thread-1] c.o.tourguide.service.RewardsService     : Calculate distance between -71.086731/42.302601 and 117.971185/-72.727523
2023-09-27T16:51:41.396+02:00 DEBUG 7856 --- [pool-2-thread-1] c.o.tourguide.service.RewardsService     : Checking if the user d068cc21-2f65-4605-ad3e-8ca30b64cb98 already get close from El Paso Zoo
2023-09-27T16:51:41.396+02:00 DEBUG 7856 --- [pool-2-thread-1] c.o.tourguide.service.RewardsService     : Calculate distance between -106.44487/31.769125 and 117.971185/-72.727523
2023-09-27T16:51:41.396+02:00 DEBUG 7856 --- [pool-2-thread-1] c.o.tourguide.service.RewardsService     : Checking if the user d068cc21-2f65-4605-ad3e-8ca30b64cb98 already get close from Kansas City Zoo
2023-09-27T16:51:41.396+02:00 DEBUG 7856 --- [pool-2-thread-1] c.o.tourguide.service.RewardsService     : Calculate distance between -94.529625/39.007504 and 117.971185/-72.727523
2023-09-27T16:51:41.396+02:00 DEBUG 7856 --- [pool-2-thread-1] c.o.tourguide.service.RewardsService     : Checking if the user d068cc21-2f65-4605-ad3e-8ca30b64cb98 already get close from Bronx Zoo
2023-09-27T16:51:41.396+02:00 DEBUG 7856 --- [pool-2-thread-1] c.o.tourguide.service.RewardsService     : Calculate distance between -73.872971/40.852905 and 117.971185/-72.727523
2023-09-27T16:51:41.396+02:00 DEBUG 7856 --- [pool-2-thread-1] c.o.tourguide.service.RewardsService     : Checking if the user d068cc21-2f65-4605-ad3e-8ca30b64cb98 already get close from Cinderella Castle
2023-09-27T16:51:41.396+02:00 DEBUG 7856 --- [pool-2-thread-1] c.o.tourguide.service.RewardsService     : Calculate distance between -81.5812/28.419411 and 117.971185/-72.727523
2023-09-27T16:51:41.396+02:00 DEBUG 7856 --- [pool-2-thread-1] c.o.tourguide.service.RewardsService     : Trying to add 0 rewards
2023-09-27T16:51:41.433+02:00 DEBUG 7856 --- [pool-3-thread-1] c.o.tourguide.service.RewardsService     : Checking if the user 7b2b8fe2-9e69-474b-b415-7c5568a28c75 already get close from Kyle Field
2023-09-27T16:51:41.433+02:00 DEBUG 7856 --- [pool-3-thread-1] c.o.tourguide.service.RewardsService     : Calculate distance between -96.339844/30.61025 and 121.958671/-62.099573
2023-09-27T16:51:41.433+02:00 DEBUG 7856 --- [pool-3-thread-1] c.o.tourguide.service.RewardsService     : Assign reward points to 7b2b8fe2-9e69-474b-b415-7c5568a28c75 for attraction Kyle Field
2023-09-27T16:51:41.449+02:00  INFO 7856 --- [pool-2-thread-1] c.o.tourguide.service.TourGuideService   : Adding the current location to the user internalUser5158
2023-09-27T16:51:41.449+02:00 DEBUG 7856 --- [pool-2-thread-1] c.o.tourguide.service.RewardsService     : calculate reward for internalUser5158 on his 5 known locations
2023-09-27T16:51:41.474+02:00 DEBUG 7856 --- [pool-2-thread-1] c.o.tourguide.service.RewardsService     : Checking if the user 0e5fc9cb-fe74-4649-9bbe-c934954fa1b9 already get close from Disneyland
2023-09-27T16:51:41.474+02:00 DEBUG 7856 --- [pool-2-thread-1] c.o.tourguide.service.RewardsService     : Calculate distance between -117.922008/33.817595 and 142.49913228926437/74.09578553161671
2023-09-27T16:51:41.474+02:00 DEBUG 7856 --- [pool-2-thread-1] c.o.tourguide.service.RewardsService     : Checking if the user 0e5fc9cb-fe74-4649-9bbe-c934954fa1b9 already get close from Jackson Hole
2023-09-27T16:51:41.474+02:00 DEBUG 7856 --- [pool-2-thread-1] c.o.tourguide.service.RewardsService     : Calculate distance between -110.821999/43.582767 and 142.49913228926437/74.09578553161671
2023-09-27T16:51:41.474+02:00 DEBUG 7856 --- [pool-2-thread-1] c.o.tourguide.service.RewardsService     : Checking if the user 0e5fc9cb-fe74-4649-9bbe-c934954fa1b9 already get close from Mojave National Preserve
2023-09-27T16:51:41.474+02:00 DEBUG 7856 --- [pool-2-thread-1] c.o.tourguide.service.RewardsService     : Calculate distance between -115.510399/35.141689 and 142.49913228926437/74.09578553161671
2023-09-27T16:51:41.474+02:00 DEBUG 7856 --- [pool-2-thread-1] c.o.tourguide.service.RewardsService     : Checking if the user 0e5fc9cb-fe74-4649-9bbe-c934954fa1b9 already get close from Joshua Tree National Park
2023-09-27T16:51:41.474+02:00 DEBUG 7856 --- [pool-2-thread-1] c.o.tourguide.service.RewardsService     : Calculate distance between -115.90065/33.881866 and 142.49913228926437/74.09578553161671
2023-09-27T16:51:41.474+02:00 DEBUG 7856 --- [pool-2-thread-1] c.o.tourguide.service.RewardsService     : Checking if the user 0e5fc9cb-fe74-4649-9bbe-c934954fa1b9 already get close from Buffalo National River
2023-09-27T16:51:41.474+02:00 DEBUG 7856 --- [pool-2-thread-1] c.o.tourguide.service.RewardsService     : Calculate distance between -92.757652/35.985512 and 142.49913228926437/74.09578553161671
2023-09-27T16:51:41.474+02:00 DEBUG 7856 --- [pool-2-thread-1] c.o.tourguide.service.RewardsService     : Checking if the user 0e5fc9cb-fe74-4649-9bbe-c934954fa1b9 already get close from Hot Springs National Park
2023-09-27T16:51:41.474+02:00 DEBUG 7856 --- [pool-2-thread-1] c.o.tourguide.service.RewardsService     : Calculate distance between -93.042267/34.52153 and 142.49913228926437/74.09578553161671
2023-09-27T16:51:41.474+02:00 DEBUG 7856 --- [pool-2-thread-1] c.o.tourguide.service.RewardsService     : Checking if the user 0e5fc9cb-fe74-4649-9bbe-c934954fa1b9 already get close from Kartchner Caverns State Park
2023-09-27T16:51:41.474+02:00 DEBUG 7856 --- [pool-2-thread-1] c.o.tourguide.service.RewardsService     : Calculate distance between -110.347382/31.837551 and 142.49913228926437/74.09578553161671
2023-09-27T16:51:41.474+02:00 DEBUG 7856 --- [pool-2-thread-1] c.o.tourguide.service.RewardsService     : Checking if the user 0e5fc9cb-fe74-4649-9bbe-c934954fa1b9 already get close from Legend Valley
2023-09-27T16:51:41.474+02:00 DEBUG 7856 --- [pool-2-thread-1] c.o.tourguide.service.RewardsService     : Calculate distance between -82.40667/39.937778 and 142.49913228926437/74.09578553161671
2023-09-27T16:51:41.474+02:00 DEBUG 7856 --- [pool-2-thread-1] c.o.tourguide.service.RewardsService     : Checking if the user 0e5fc9cb-fe74-4649-9bbe-c934954fa1b9 already get close from Flowers Bakery of London
2023-09-27T16:51:41.474+02:00 DEBUG 7856 --- [pool-2-thread-1] c.o.tourguide.service.RewardsService     : Calculate distance between -84.07486/37.131527 and 142.49913228926437/74.09578553161671
2023-09-27T16:51:41.474+02:00 DEBUG 7856 --- [pool-2-thread-1] c.o.tourguide.service.RewardsService     : Checking if the user 0e5fc9cb-fe74-4649-9bbe-c934954fa1b9 already get close from McKinley Tower
2023-09-27T16:51:41.474+02:00 DEBUG 7856 --- [pool-2-thread-1] c.o.tourguide.service.RewardsService     : Calculate distance between -149.877502/61.218887 and 142.49913228926437/74.09578553161671
2023-09-27T16:51:41.474+02:00 DEBUG 7856 --- [pool-2-thread-1] c.o.tourguide.service.RewardsService     : Checking if the user 0e5fc9cb-fe74-4649-9bbe-c934954fa1b9 already get close from Flatiron Building
2023-09-27T16:51:41.474+02:00 DEBUG 7856 --- [pool-2-thread-1] c.o.tourguide.service.RewardsService     : Calculate distance between -73.989723/40.741112 and 142.49913228926437/74.09578553161671
2023-09-27T16:51:41.474+02:00 DEBUG 7856 --- [pool-2-thread-1] c.o.tourguide.service.RewardsService     : Checking if the user 0e5fc9cb-fe74-4649-9bbe-c934954fa1b9 already get close from Fallingwater
2023-09-27T16:51:41.474+02:00 DEBUG 7856 --- [pool-2-thread-1] c.o.tourguide.service.RewardsService     : Calculate distance between -79.468056/39.906113 and 142.49913228926437/74.09578553161671
2023-09-27T16:51:41.474+02:00 DEBUG 7856 --- [pool-2-thread-1] c.o.tourguide.service.RewardsService     : Checking if the user 0e5fc9cb-fe74-4649-9bbe-c934954fa1b9 already get close from Union Station
2023-09-27T16:51:41.474+02:00 DEBUG 7856 --- [pool-2-thread-1] c.o.tourguide.service.RewardsService     : Calculate distance between -77.006332/38.897095 and 142.49913228926437/74.09578553161671
2023-09-27T16:51:41.474+02:00 DEBUG 7856 --- [pool-2-thread-1] c.o.tourguide.service.RewardsService     : Checking if the user 0e5fc9cb-fe74-4649-9bbe-c934954fa1b9 already get close from Roger Dean Stadium
2023-09-27T16:51:41.474+02:00 DEBUG 7856 --- [pool-2-thread-1] c.o.tourguide.service.RewardsService     : Calculate distance between -80.116577/26.890959 and 142.49913228926437/74.09578553161671
2023-09-27T16:51:41.474+02:00 DEBUG 7856 --- [pool-2-thread-1] c.o.tourguide.service.RewardsService     : Checking if the user 0e5fc9cb-fe74-4649-9bbe-c934954fa1b9 already get close from Texas Memorial Stadium
2023-09-27T16:51:41.474+02:00 DEBUG 7856 --- [pool-2-thread-1] c.o.tourguide.service.RewardsService     : Calculate distance between -97.732536/30.283682 and 142.49913228926437/74.09578553161671
2023-09-27T16:51:41.474+02:00 DEBUG 7856 --- [pool-2-thread-1] c.o.tourguide.service.RewardsService     : Checking if the user 0e5fc9cb-fe74-4649-9bbe-c934954fa1b9 already get close from Bryant-Denny Stadium
2023-09-27T16:51:41.474+02:00 DEBUG 7856 --- [pool-2-thread-1] c.o.tourguide.service.RewardsService     : Calculate distance between -87.550438/33.208973 and 142.49913228926437/74.09578553161671
2023-09-27T16:51:41.474+02:00 DEBUG 7856 --- [pool-2-thread-1] c.o.tourguide.service.RewardsService     : Checking if the user 0e5fc9cb-fe74-4649-9bbe-c934954fa1b9 already get close from Tiger Stadium
2023-09-27T16:51:41.474+02:00 DEBUG 7856 --- [pool-2-thread-1] c.o.tourguide.service.RewardsService     : Calculate distance between -91.183815/30.412035 and 142.49913228926437/74.09578553161671
2023-09-27T16:51:41.474+02:00 DEBUG 7856 --- [pool-2-thread-1] c.o.tourguide.service.RewardsService     : Checking if the user 0e5fc9cb-fe74-4649-9bbe-c934954fa1b9 already get close from Neyland Stadium
2023-09-27T16:51:41.474+02:00 DEBUG 7856 --- [pool-2-thread-1] c.o.tourguide.service.RewardsService     : Calculate distance between -83.925011/35.955013 and 142.49913228926437/74.09578553161671
2023-09-27T16:51:41.474+02:00 DEBUG 7856 --- [pool-2-thread-1] c.o.tourguide.service.RewardsService     : Checking if the user 0e5fc9cb-fe74-4649-9bbe-c934954fa1b9 already get close from Kyle Field
2023-09-27T16:51:41.474+02:00 DEBUG 7856 --- [pool-2-thread-1] c.o.tourguide.service.RewardsService     : Calculate distance between -96.339844/30.61025 and 142.49913228926437/74.09578553161671
2023-09-27T16:51:41.474+02:00 DEBUG 7856 --- [pool-2-thread-1] c.o.tourguide.service.RewardsService     : Checking if the user 0e5fc9cb-fe74-4649-9bbe-c934954fa1b9 already get close from San Diego Zoo
2023-09-27T16:51:41.474+02:00 DEBUG 7856 --- [pool-2-thread-1] c.o.tourguide.service.RewardsService     : Calculate distance between -117.149048/32.735317 and 142.49913228926437/74.09578553161671
2023-09-27T16:51:41.474+02:00 DEBUG 7856 --- [pool-2-thread-1] c.o.tourguide.service.RewardsService     : Checking if the user 0e5fc9cb-fe74-4649-9bbe-c934954fa1b9 already get close from Zoo Tampa at Lowry Park
2023-09-27T16:51:41.474+02:00 DEBUG 7856 --- [pool-2-thread-1] c.o.tourguide.service.RewardsService     : Calculate distance between -82.469269/28.012804 and 142.49913228926437/74.09578553161671
2023-09-27T16:51:41.474+02:00 DEBUG 7856 --- [pool-2-thread-1] c.o.tourguide.service.RewardsService     : Checking if the user 0e5fc9cb-fe74-4649-9bbe-c934954fa1b9 already get close from Franklin Park Zoo
2023-09-27T16:51:41.474+02:00 DEBUG 7856 --- [pool-2-thread-1] c.o.tourguide.service.RewardsService     : Calculate distance between -71.086731/42.302601 and 142.49913228926437/74.09578553161671
2023-09-27T16:51:41.474+02:00 DEBUG 7856 --- [pool-2-thread-1] c.o.tourguide.service.RewardsService     : Checking if the user 0e5fc9cb-fe74-4649-9bbe-c934954fa1b9 already get close from El Paso Zoo
2023-09-27T16:51:41.474+02:00 DEBUG 7856 --- [pool-2-thread-1] c.o.tourguide.service.RewardsService     : Calculate distance between -106.44487/31.769125 and 142.49913228926437/74.09578553161671
2023-09-27T16:51:41.474+02:00 DEBUG 7856 --- [pool-2-thread-1] c.o.tourguide.service.RewardsService     : Checking if the user 0e5fc9cb-fe74-4649-9bbe-c934954fa1b9 already get close from Kansas City Zoo
2023-09-27T16:51:41.474+02:00 DEBUG 7856 --- [pool-2-thread-1] c.o.tourguide.service.RewardsService     : Calculate distance between -94.529625/39.007504 and 142.49913228926437/74.09578553161671
2023-09-27T16:51:41.474+02:00 DEBUG 7856 --- [pool-2-thread-1] c.o.tourguide.service.RewardsService     : Checking if the user 0e5fc9cb-fe74-4649-9bbe-c934954fa1b9 already get close from Bronx Zoo
2023-09-27T16:51:41.474+02:00 DEBUG 7856 --- [pool-2-thread-1] c.o.tourguide.service.RewardsService     : Calculate distance between -73.872971/40.852905 and 142.49913228926437/74.09578553161671
2023-09-27T16:51:41.474+02:00 DEBUG 7856 --- [pool-2-thread-1] c.o.tourguide.service.RewardsService     : Checking if the user 0e5fc9cb-fe74-4649-9bbe-c934954fa1b9 already get close from Cinderella Castle
2023-09-27T16:51:41.474+02:00 DEBUG 7856 --- [pool-2-thread-1] c.o.tourguide.service.RewardsService     : Calculate distance between -81.5812/28.419411 and 142.49913228926437/74.09578553161671
2023-09-27T16:51:41.474+02:00 DEBUG 7856 --- [pool-2-thread-1] c.o.tourguide.service.RewardsService     : Checking if the user 0e5fc9cb-fe74-4649-9bbe-c934954fa1b9 already get close from Disneyland
2023-09-27T16:51:41.474+02:00 DEBUG 7856 --- [pool-2-thread-1] c.o.tourguide.service.RewardsService     : Calculate distance between -117.922008/33.817595 and -77.21152181084808/-20.10349147212375
2023-09-27T16:51:41.474+02:00 DEBUG 7856 --- [pool-2-thread-1] c.o.tourguide.service.RewardsService     : Checking if the user 0e5fc9cb-fe74-4649-9bbe-c934954fa1b9 already get close from Jackson Hole
2023-09-27T16:51:41.474+02:00 DEBUG 7856 --- [pool-2-thread-1] c.o.tourguide.service.RewardsService     : Calculate distance between -110.821999/43.582767 and -77.21152181084808/-20.10349147212375
2023-09-27T16:51:41.474+02:00 DEBUG 7856 --- [pool-2-thread-1] c.o.tourguide.service.RewardsService     : Checking if the user 0e5fc9cb-fe74-4649-9bbe-c934954fa1b9 already get close from Mojave National Preserve
2023-09-27T16:51:41.474+02:00 DEBUG 7856 --- [pool-2-thread-1] c.o.tourguide.service.RewardsService     : Calculate distance between -115.510399/35.141689 and -77.21152181084808/-20.10349147212375
2023-09-27T16:51:41.474+02:00 DEBUG 7856 --- [pool-2-thread-1] c.o.tourguide.service.RewardsService     : Checking if the user 0e5fc9cb-fe74-4649-9bbe-c934954fa1b9 already get close from Joshua Tree National Park
2023-09-27T16:51:41.474+02:00 DEBUG 7856 --- [pool-2-thread-1] c.o.tourguide.service.RewardsService     : Calculate distance between -115.90065/33.881866 and -77.21152181084808/-20.10349147212375
2023-09-27T16:51:41.474+02:00 DEBUG 7856 --- [pool-2-thread-1] c.o.tourguide.service.RewardsService     : Checking if the user 0e5fc9cb-fe74-4649-9bbe-c934954fa1b9 already get close from Buffalo National River
2023-09-27T16:51:41.474+02:00 DEBUG 7856 --- [pool-2-thread-1] c.o.tourguide.service.RewardsService     : Calculate distance between -92.757652/35.985512 and -77.21152181084808/-20.10349147212375
2023-09-27T16:51:41.474+02:00 DEBUG 7856 --- [pool-2-thread-1] c.o.tourguide.service.RewardsService     : Checking if the user 0e5fc9cb-fe74-4649-9bbe-c934954fa1b9 already get close from Hot Springs National Park
2023-09-27T16:51:41.474+02:00 DEBUG 7856 --- [pool-2-thread-1] c.o.tourguide.service.RewardsService     : Calculate distance between -93.042267/34.52153 and -77.21152181084808/-20.10349147212375
2023-09-27T16:51:41.474+02:00 DEBUG 7856 --- [pool-2-thread-1] c.o.tourguide.service.RewardsService     : Checking if the user 0e5fc9cb-fe74-4649-9bbe-c934954fa1b9 already get close from Kartchner Caverns State Park
2023-09-27T16:51:41.474+02:00 DEBUG 7856 --- [pool-2-thread-1] c.o.tourguide.service.RewardsService     : Calculate distance between -110.347382/31.837551 and -77.21152181084808/-20.10349147212375
2023-09-27T16:51:41.474+02:00 DEBUG 7856 --- [pool-2-thread-1] c.o.tourguide.service.RewardsService     : Checking if the user 0e5fc9cb-fe74-4649-9bbe-c934954fa1b9 already get close from Legend Valley
2023-09-27T16:51:41.474+02:00 DEBUG 7856 --- [pool-2-thread-1] c.o.tourguide.service.RewardsService     : Calculate distance between -82.40667/39.937778 and -77.21152181084808/-20.10349147212375
2023-09-27T16:51:41.474+02:00 DEBUG 7856 --- [pool-2-thread-1] c.o.tourguide.service.RewardsService     : Checking if the user 0e5fc9cb-fe74-4649-9bbe-c934954fa1b9 already get close from Flowers Bakery of London
2023-09-27T16:51:41.474+02:00 DEBUG 7856 --- [pool-2-thread-1] c.o.tourguide.service.RewardsService     : Calculate distance between -84.07486/37.131527 and -77.21152181084808/-20.10349147212375
2023-09-27T16:51:41.474+02:00 DEBUG 7856 --- [pool-2-thread-1] c.o.tourguide.service.RewardsService     : Checking if the user 0e5fc9cb-fe74-4649-9bbe-c934954fa1b9 already get close from McKinley Tower
2023-09-27T16:51:41.474+02:00 DEBUG 7856 --- [pool-2-thread-1] c.o.tourguide.service.RewardsService     : Calculate distance between -149.877502/61.218887 and -77.21152181084808/-20.10349147212375
2023-09-27T16:51:41.474+02:00 DEBUG 7856 --- [pool-2-thread-1] c.o.tourguide.service.RewardsService     : Checking if the user 0e5fc9cb-fe74-4649-9bbe-c934954fa1b9 already get close from Flatiron Building
2023-09-27T16:51:41.474+02:00 DEBUG 7856 --- [pool-2-thread-1] c.o.tourguide.service.RewardsService     : Calculate distance between -73.989723/40.741112 and -77.21152181084808/-20.10349147212375
2023-09-27T16:51:41.474+02:00 DEBUG 7856 --- [pool-2-thread-1] c.o.tourguide.service.RewardsService     : Checking if the user 0e5fc9cb-fe74-4649-9bbe-c934954fa1b9 already get close from Fallingwater
2023-09-27T16:51:41.474+02:00 DEBUG 7856 --- [pool-2-thread-1] c.o.tourguide.service.RewardsService     : Calculate distance between -79.468056/39.906113 and -77.21152181084808/-20.10349147212375
2023-09-27T16:51:41.474+02:00 DEBUG 7856 --- [pool-2-thread-1] c.o.tourguide.service.RewardsService     : Checking if the user 0e5fc9cb-fe74-4649-9bbe-c934954fa1b9 already get close from Union Station
2023-09-27T16:51:41.474+02:00 DEBUG 7856 --- [pool-2-thread-1] c.o.tourguide.service.RewardsService     : Calculate distance between -77.006332/38.897095 and -77.21152181084808/-20.10349147212375
2023-09-27T16:51:41.474+02:00 DEBUG 7856 --- [pool-2-thread-1] c.o.tourguide.service.RewardsService     : Checking if the user 0e5fc9cb-fe74-4649-9bbe-c934954fa1b9 already get close from Roger Dean Stadium
2023-09-27T16:51:41.474+02:00 DEBUG 7856 --- [pool-2-thread-1] c.o.tourguide.service.RewardsService     : Calculate distance between -80.116577/26.890959 and -77.21152181084808/-20.10349147212375
2023-09-27T16:51:41.474+02:00 DEBUG 7856 --- [pool-2-thread-1] c.o.tourguide.service.RewardsService     : Checking if the user 0e5fc9cb-fe74-4649-9bbe-c934954fa1b9 already get close from Texas Memorial Stadium
2023-09-27T16:51:41.474+02:00 DEBUG 7856 --- [pool-2-thread-1] c.o.tourguide.service.RewardsService     : Calculate distance between -97.732536/30.283682 and -77.21152181084808/-20.10349147212375
2023-09-27T16:51:41.474+02:00 DEBUG 7856 --- [pool-2-thread-1] c.o.tourguide.service.RewardsService     : Checking if the user 0e5fc9cb-fe74-4649-9bbe-c934954fa1b9 already get close from Bryant-Denny Stadium
2023-09-27T16:51:41.474+02:00 DEBUG 7856 --- [pool-2-thread-1] c.o.tourguide.service.RewardsService     : Calculate distance between -87.550438/33.208973 and -77.21152181084808/-20.10349147212375
2023-09-27T16:51:41.474+02:00 DEBUG 7856 --- [pool-2-thread-1] c.o.tourguide.service.RewardsService     : Checking if the user 0e5fc9cb-fe74-4649-9bbe-c934954fa1b9 already get close from Tiger Stadium
2023-09-27T16:51:41.474+02:00 DEBUG 7856 --- [pool-2-thread-1] c.o.tourguide.service.RewardsService     : Calculate distance between -91.183815/30.412035 and -77.21152181084808/-20.10349147212375
2023-09-27T16:51:41.474+02:00 DEBUG 7856 --- [pool-2-thread-1] c.o.tourguide.service.RewardsService     : Checking if the user 0e5fc9cb-fe74-4649-9bbe-c934954fa1b9 already get close from Neyland Stadium
2023-09-27T16:51:41.474+02:00 DEBUG 7856 --- [pool-2-thread-1] c.o.tourguide.service.RewardsService     : Calculate distance between -83.925011/35.955013 and -77.21152181084808/-20.10349147212375
2023-09-27T16:51:41.474+02:00 DEBUG 7856 --- [pool-2-thread-1] c.o.tourguide.service.RewardsService     : Checking if the user 0e5fc9cb-fe74-4649-9bbe-c934954fa1b9 already get close from Kyle Field
2023-09-27T16:51:41.474+02:00 DEBUG 7856 --- [pool-2-thread-1] c.o.tourguide.service.RewardsService     : Calculate distance between -96.339844/30.61025 and -77.21152181084808/-20.10349147212375
2023-09-27T16:51:41.474+02:00 DEBUG 7856 --- [pool-2-thread-1] c.o.tourguide.service.RewardsService     : Checking if the user 0e5fc9cb-fe74-4649-9bbe-c934954fa1b9 already get close from San Diego Zoo
2023-09-27T16:51:41.474+02:00 DEBUG 7856 --- [pool-2-thread-1] c.o.tourguide.service.RewardsService     : Calculate distance between -117.149048/32.735317 and -77.21152181084808/-20.10349147212375
2023-09-27T16:51:41.474+02:00 DEBUG 7856 --- [pool-2-thread-1] c.o.tourguide.service.RewardsService     : Checking if the user 0e5fc9cb-fe74-4649-9bbe-c934954fa1b9 already get close from Zoo Tampa at Lowry Park
2023-09-27T16:51:41.474+02:00 DEBUG 7856 --- [pool-2-thread-1] c.o.tourguide.service.RewardsService     : Calculate distance between -82.469269/28.012804 and -77.21152181084808/-20.10349147212375
2023-09-27T16:51:41.474+02:00 DEBUG 7856 --- [pool-2-thread-1] c.o.tourguide.service.RewardsService     : Checking if the user 0e5fc9cb-fe74-4649-9bbe-c934954fa1b9 already get close from Franklin Park Zoo
2023-09-27T16:51:41.474+02:00 DEBUG 7856 --- [pool-2-thread-1] c.o.tourguide.service.RewardsService     : Calculate distance between -71.086731/42.302601 and -77.21152181084808/-20.10349147212375
2023-09-27T16:51:41.474+02:00 DEBUG 7856 --- [pool-2-thread-1] c.o.tourguide.service.RewardsService     : Checking if the user 0e5fc9cb-fe74-4649-9bbe-c934954fa1b9 already get close from El Paso Zoo
2023-09-27T16:51:41.474+02:00 DEBUG 7856 --- [pool-2-thread-1] c.o.tourguide.service.RewardsService     : Calculate distance between -106.44487/31.769125 and -77.21152181084808/-20.10349147212375
2023-09-27T16:51:41.474+02:00 DEBUG 7856 --- [pool-2-thread-1] c.o.tourguide.service.RewardsService     : Checking if the user 0e5fc9cb-fe74-4649-9bbe-c934954fa1b9 already get close from Kansas City Zoo
2023-09-27T16:51:41.474+02:00 DEBUG 7856 --- [pool-2-thread-1] c.o.tourguide.service.RewardsService     : Calculate distance between -94.529625/39.007504 and -77.21152181084808/-20.10349147212375
2023-09-27T16:51:41.474+02:00 DEBUG 7856 --- [pool-2-thread-1] c.o.tourguide.service.RewardsService     : Checking if the user 0e5fc9cb-fe74-4649-9bbe-c934954fa1b9 already get close from Bronx Zoo
2023-09-27T16:51:41.474+02:00 DEBUG 7856 --- [pool-2-thread-1] c.o.tourguide.service.RewardsService     : Calculate distance between -73.872971/40.852905 and -77.21152181084808/-20.10349147212375
2023-09-27T16:51:41.474+02:00 DEBUG 7856 --- [pool-2-thread-1] c.o.tourguide.service.RewardsService     : Checking if the user 0e5fc9cb-fe74-4649-9bbe-c934954fa1b9 already get close from Cinderella Castle
2023-09-27T16:51:41.474+02:00 DEBUG 7856 --- [pool-2-thread-1] c.o.tourguide.service.RewardsService     : Calculate distance between -81.5812/28.419411 and -77.21152181084808/-20.10349147212375
2023-09-27T16:51:41.474+02:00 DEBUG 7856 --- [pool-2-thread-1] c.o.tourguide.service.RewardsService     : Checking if the user 0e5fc9cb-fe74-4649-9bbe-c934954fa1b9 already get close from Disneyland
2023-09-27T16:51:41.474+02:00 DEBUG 7856 --- [pool-2-thread-1] c.o.tourguide.service.RewardsService     : Calculate distance between -117.922008/33.817595 and 106.15937428296047/73.82817877399415
2023-09-27T16:51:41.474+02:00 DEBUG 7856 --- [pool-2-thread-1] c.o.tourguide.service.RewardsService     : Checking if the user 0e5fc9cb-fe74-4649-9bbe-c934954fa1b9 already get close from Jackson Hole
2023-09-27T16:51:41.474+02:00 DEBUG 7856 --- [pool-2-thread-1] c.o.tourguide.service.RewardsService     : Calculate distance between -110.821999/43.582767 and 106.15937428296047/73.82817877399415
2023-09-27T16:51:41.474+02:00 DEBUG 7856 --- [pool-2-thread-1] c.o.tourguide.service.RewardsService     : Checking if the user 0e5fc9cb-fe74-4649-9bbe-c934954fa1b9 already get close from Mojave National Preserve
2023-09-27T16:51:41.474+02:00 DEBUG 7856 --- [pool-2-thread-1] c.o.tourguide.service.RewardsService     : Calculate distance between -115.510399/35.141689 and 106.15937428296047/73.82817877399415
2023-09-27T16:51:41.475+02:00 DEBUG 7856 --- [pool-2-thread-1] c.o.tourguide.service.RewardsService     : Checking if the user 0e5fc9cb-fe74-4649-9bbe-c934954fa1b9 already get close from Joshua Tree National Park
2023-09-27T16:51:41.475+02:00 DEBUG 7856 --- [pool-2-thread-1] c.o.tourguide.service.RewardsService     : Calculate distance between -115.90065/33.881866 and 106.15937428296047/73.82817877399415
2023-09-27T16:51:41.475+02:00 DEBUG 7856 --- [pool-2-thread-1] c.o.tourguide.service.RewardsService     : Checking if the user 0e5fc9cb-fe74-4649-9bbe-c934954fa1b9 already get close from Buffalo National River
2023-09-27T16:51:41.475+02:00 DEBUG 7856 --- [pool-2-thread-1] c.o.tourguide.service.RewardsService     : Calculate distance between -92.757652/35.985512 and 106.15937428296047/73.82817877399415
2023-09-27T16:51:41.475+02:00 DEBUG 7856 --- [pool-2-thread-1] c.o.tourguide.service.RewardsService     : Checking if the user 0e5fc9cb-fe74-4649-9bbe-c934954fa1b9 already get close from Hot Springs National Park
2023-09-27T16:51:41.475+02:00 DEBUG 7856 --- [pool-2-thread-1] c.o.tourguide.service.RewardsService     : Calculate distance between -93.042267/34.52153 and 106.15937428296047/73.82817877399415
2023-09-27T16:51:41.475+02:00 DEBUG 7856 --- [pool-2-thread-1] c.o.tourguide.service.RewardsService     : Checking if the user 0e5fc9cb-fe74-4649-9bbe-c934954fa1b9 already get close from Kartchner Caverns State Park
2023-09-27T16:51:41.475+02:00 DEBUG 7856 --- [pool-2-thread-1] c.o.tourguide.service.RewardsService     : Calculate distance between -110.347382/31.837551 and 106.15937428296047/73.82817877399415
2023-09-27T16:51:41.475+02:00 DEBUG 7856 --- [pool-2-thread-1] c.o.tourguide.service.RewardsService     : Checking if the user 0e5fc9cb-fe74-4649-9bbe-c934954fa1b9 already get close from Legend Valley
2023-09-27T16:51:41.475+02:00 DEBUG 7856 --- [pool-2-thread-1] c.o.tourguide.service.RewardsService     : Calculate distance between -82.40667/39.937778 and 106.15937428296047/73.82817877399415
2023-09-27T16:51:41.475+02:00 DEBUG 7856 --- [pool-2-thread-1] c.o.tourguide.service.RewardsService     : Checking if the user 0e5fc9cb-fe74-4649-9bbe-c934954fa1b9 already get close from Flowers Bakery of London
2023-09-27T16:51:41.475+02:00 DEBUG 7856 --- [pool-2-thread-1] c.o.tourguide.service.RewardsService     : Calculate distance between -84.07486/37.131527 and 106.15937428296047/73.82817877399415
2023-09-27T16:51:41.475+02:00 DEBUG 7856 --- [pool-2-thread-1] c.o.tourguide.service.RewardsService     : Checking if the user 0e5fc9cb-fe74-4649-9bbe-c934954fa1b9 already get close from McKinley Tower
2023-09-27T16:51:41.475+02:00 DEBUG 7856 --- [pool-2-thread-1] c.o.tourguide.service.RewardsService     : Calculate distance between -149.877502/61.218887 and 106.15937428296047/73.82817877399415
2023-09-27T16:51:41.475+02:00 DEBUG 7856 --- [pool-2-thread-1] c.o.tourguide.service.RewardsService     : Checking if the user 0e5fc9cb-fe74-4649-9bbe-c934954fa1b9 already get close from Flatiron Building
2023-09-27T16:51:41.475+02:00 DEBUG 7856 --- [pool-2-thread-1] c.o.tourguide.service.RewardsService     : Calculate distance between -73.989723/40.741112 and 106.15937428296047/73.82817877399415
2023-09-27T16:51:41.475+02:00 DEBUG 7856 --- [pool-2-thread-1] c.o.tourguide.service.RewardsService     : Checking if the user 0e5fc9cb-fe74-4649-9bbe-c934954fa1b9 already get close from Fallingwater
2023-09-27T16:51:41.475+02:00 DEBUG 7856 --- [pool-2-thread-1] c.o.tourguide.service.RewardsService     : Calculate distance between -79.468056/39.906113 and 106.15937428296047/73.82817877399415
2023-09-27T16:51:41.475+02:00 DEBUG 7856 --- [pool-2-thread-1] c.o.tourguide.service.RewardsService     : Checking if the user 0e5fc9cb-fe74-4649-9bbe-c934954fa1b9 already get close from Union Station
2023-09-27T16:51:41.475+02:00 DEBUG 7856 --- [pool-2-thread-1] c.o.tourguide.service.RewardsService     : Calculate distance between -77.006332/38.897095 and 106.15937428296047/73.82817877399415
2023-09-27T16:51:41.475+02:00 DEBUG 7856 --- [pool-2-thread-1] c.o.tourguide.service.RewardsService     : Checking if the user 0e5fc9cb-fe74-4649-9bbe-c934954fa1b9 already get close from Roger Dean Stadium
2023-09-27T16:51:41.475+02:00 DEBUG 7856 --- [pool-2-thread-1] c.o.tourguide.service.RewardsService     : Calculate distance between -80.116577/26.890959 and 106.15937428296047/73.82817877399415
2023-09-27T16:51:41.475+02:00 DEBUG 7856 --- [pool-2-thread-1] c.o.tourguide.service.RewardsService     : Checking if the user 0e5fc9cb-fe74-4649-9bbe-c934954fa1b9 already get close from Texas Memorial Stadium
2023-09-27T16:51:41.475+02:00 DEBUG 7856 --- [pool-2-thread-1] c.o.tourguide.service.RewardsService     : Calculate distance between -97.732536/30.283682 and 106.15937428296047/73.82817877399415
2023-09-27T16:51:41.475+02:00 DEBUG 7856 --- [pool-2-thread-1] c.o.tourguide.service.RewardsService     : Checking if the user 0e5fc9cb-fe74-4649-9bbe-c934954fa1b9 already get close from Bryant-Denny Stadium
2023-09-27T16:51:41.475+02:00 DEBUG 7856 --- [pool-2-thread-1] c.o.tourguide.service.RewardsService     : Calculate distance between -87.550438/33.208973 and 106.15937428296047/73.82817877399415
2023-09-27T16:51:41.475+02:00 DEBUG 7856 --- [pool-2-thread-1] c.o.tourguide.service.RewardsService     : Checking if the user 0e5fc9cb-fe74-4649-9bbe-c934954fa1b9 already get close from Tiger Stadium
2023-09-27T16:51:41.475+02:00 DEBUG 7856 --- [pool-2-thread-1] c.o.tourguide.service.RewardsService     : Calculate distance between -91.183815/30.412035 and 106.15937428296047/73.82817877399415
2023-09-27T16:51:41.475+02:00 DEBUG 7856 --- [pool-2-thread-1] c.o.tourguide.service.RewardsService     : Checking if the user 0e5fc9cb-fe74-4649-9bbe-c934954fa1b9 already get close from Neyland Stadium
2023-09-27T16:51:41.475+02:00 DEBUG 7856 --- [pool-2-thread-1] c.o.tourguide.service.RewardsService     : Calculate distance between -83.925011/35.955013 and 106.15937428296047/73.82817877399415
2023-09-27T16:51:41.475+02:00 DEBUG 7856 --- [pool-2-thread-1] c.o.tourguide.service.RewardsService     : Checking if the user 0e5fc9cb-fe74-4649-9bbe-c934954fa1b9 already get close from Kyle Field
2023-09-27T16:51:41.475+02:00 DEBUG 7856 --- [pool-2-thread-1] c.o.tourguide.service.RewardsService     : Calculate distance between -96.339844/30.61025 and 106.15937428296047/73.82817877399415
2023-09-27T16:51:41.475+02:00 DEBUG 7856 --- [pool-2-thread-1] c.o.tourguide.service.RewardsService     : Checking if the user 0e5fc9cb-fe74-4649-9bbe-c934954fa1b9 already get close from San Diego Zoo
2023-09-27T16:51:41.475+02:00 DEBUG 7856 --- [pool-2-thread-1] c.o.tourguide.service.RewardsService     : Calculate distance between -117.149048/32.735317 and 106.15937428296047/73.82817877399415
2023-09-27T16:51:41.475+02:00 DEBUG 7856 --- [pool-2-thread-1] c.o.tourguide.service.RewardsService     : Checking if the user 0e5fc9cb-fe74-4649-9bbe-c934954fa1b9 already get close from Zoo Tampa at Lowry Park
2023-09-27T16:51:41.475+02:00 DEBUG 7856 --- [pool-2-thread-1] c.o.tourguide.service.RewardsService     : Calculate distance between -82.469269/28.012804 and 106.15937428296047/73.82817877399415
2023-09-27T16:51:41.475+02:00 DEBUG 7856 --- [pool-2-thread-1] c.o.tourguide.service.RewardsService     : Checking if the user 0e5fc9cb-fe74-4649-9bbe-c934954fa1b9 already get close from Franklin Park Zoo
2023-09-27T16:51:41.475+02:00 DEBUG 7856 --- [pool-2-thread-1] c.o.tourguide.service.RewardsService     : Calculate distance between -71.086731/42.302601 and 106.15937428296047/73.82817877399415
2023-09-27T16:51:41.475+02:00 DEBUG 7856 --- [pool-2-thread-1] c.o.tourguide.service.RewardsService     : Checking if the user 0e5fc9cb-fe74-4649-9bbe-c934954fa1b9 already get close from El Paso Zoo
2023-09-27T16:51:41.475+02:00 DEBUG 7856 --- [pool-2-thread-1] c.o.tourguide.service.RewardsService     : Calculate distance between -106.44487/31.769125 and 106.15937428296047/73.82817877399415
2023-09-27T16:51:41.475+02:00 DEBUG 7856 --- [pool-2-thread-1] c.o.tourguide.service.RewardsService     : Checking if the user 0e5fc9cb-fe74-4649-9bbe-c934954fa1b9 already get close from Kansas City Zoo
2023-09-27T16:51:41.475+02:00 DEBUG 7856 --- [pool-2-thread-1] c.o.tourguide.service.RewardsService     : Calculate distance between -94.529625/39.007504 and 106.15937428296047/73.82817877399415
2023-09-27T16:51:41.475+02:00 DEBUG 7856 --- [pool-2-thread-1] c.o.tourguide.service.RewardsService     : Checking if the user 0e5fc9cb-fe74-4649-9bbe-c934954fa1b9 already get close from Bronx Zoo
2023-09-27T16:51:41.475+02:00 DEBUG 7856 --- [pool-2-thread-1] c.o.tourguide.service.RewardsService     : Calculate distance between -73.872971/40.852905 and 106.15937428296047/73.82817877399415
2023-09-27T16:51:41.475+02:00 DEBUG 7856 --- [pool-2-thread-1] c.o.tourguide.service.RewardsService     : Checking if the user 0e5fc9cb-fe74-4649-9bbe-c934954fa1b9 already get close from Cinderella Castle
2023-09-27T16:51:41.475+02:00 DEBUG 7856 --- [pool-2-thread-1] c.o.tourguide.service.RewardsService     : Calculate distance between -81.5812/28.419411 and 106.15937428296047/73.82817877399415
2023-09-27T16:51:41.475+02:00 DEBUG 7856 --- [pool-2-thread-1] c.o.tourguide.service.RewardsService     : Checking if the user 0e5fc9cb-fe74-4649-9bbe-c934954fa1b9 already get close from Disneyland
2023-09-27T16:51:41.475+02:00 DEBUG 7856 --- [pool-2-thread-1] c.o.tourguide.service.RewardsService     : Calculate distance between -117.922008/33.817595 and 127.269629/5.167861
2023-09-27T16:51:41.475+02:00 DEBUG 7856 --- [pool-2-thread-1] c.o.tourguide.service.RewardsService     : Checking if the user 0e5fc9cb-fe74-4649-9bbe-c934954fa1b9 already get close from Jackson Hole
2023-09-27T16:51:41.475+02:00 DEBUG 7856 --- [pool-2-thread-1] c.o.tourguide.service.RewardsService     : Calculate distance between -110.821999/43.582767 and 127.269629/5.167861
2023-09-27T16:51:41.475+02:00 DEBUG 7856 --- [pool-2-thread-1] c.o.tourguide.service.RewardsService     : Checking if the user 0e5fc9cb-fe74-4649-9bbe-c934954fa1b9 already get close from Mojave National Preserve
2023-09-27T16:51:41.475+02:00 DEBUG 7856 --- [pool-2-thread-1] c.o.tourguide.service.RewardsService     : Calculate distance between -115.510399/35.141689 and 127.269629/5.167861
2023-09-27T16:51:41.475+02:00 DEBUG 7856 --- [pool-2-thread-1] c.o.tourguide.service.RewardsService     : Checking if the user 0e5fc9cb-fe74-4649-9bbe-c934954fa1b9 already get close from Joshua Tree National Park
2023-09-27T16:51:41.475+02:00 DEBUG 7856 --- [pool-2-thread-1] c.o.tourguide.service.RewardsService     : Calculate distance between -115.90065/33.881866 and 127.269629/5.167861
2023-09-27T16:51:41.475+02:00 DEBUG 7856 --- [pool-2-thread-1] c.o.tourguide.service.RewardsService     : Checking if the user 0e5fc9cb-fe74-4649-9bbe-c934954fa1b9 already get close from Buffalo National River
2023-09-27T16:51:41.475+02:00 DEBUG 7856 --- [pool-2-thread-1] c.o.tourguide.service.RewardsService     : Calculate distance between -92.757652/35.985512 and 127.269629/5.167861
2023-09-27T16:51:41.475+02:00 DEBUG 7856 --- [pool-2-thread-1] c.o.tourguide.service.RewardsService     : Checking if the user 0e5fc9cb-fe74-4649-9bbe-c934954fa1b9 already get close from Hot Springs National Park
2023-09-27T16:51:41.475+02:00 DEBUG 7856 --- [pool-2-thread-1] c.o.tourguide.service.RewardsService     : Calculate distance between -93.042267/34.52153 and 127.269629/5.167861
2023-09-27T16:51:41.475+02:00 DEBUG 7856 --- [pool-2-thread-1] c.o.tourguide.service.RewardsService     : Checking if the user 0e5fc9cb-fe74-4649-9bbe-c934954fa1b9 already get close from Kartchner Caverns State Park
2023-09-27T16:51:41.475+02:00 DEBUG 7856 --- [pool-2-thread-1] c.o.tourguide.service.RewardsService     : Calculate distance between -110.347382/31.837551 and 127.269629/5.167861
2023-09-27T16:51:41.475+02:00 DEBUG 7856 --- [pool-2-thread-1] c.o.tourguide.service.RewardsService     : Checking if the user 0e5fc9cb-fe74-4649-9bbe-c934954fa1b9 already get close from Legend Valley
2023-09-27T16:51:41.475+02:00 DEBUG 7856 --- [pool-2-thread-1] c.o.tourguide.service.RewardsService     : Calculate distance between -82.40667/39.937778 and 127.269629/5.167861
2023-09-27T16:51:41.475+02:00 DEBUG 7856 --- [pool-2-thread-1] c.o.tourguide.service.RewardsService     : Checking if the user 0e5fc9cb-fe74-4649-9bbe-c934954fa1b9 already get close from Flowers Bakery of London
2023-09-27T16:51:41.475+02:00 DEBUG 7856 --- [pool-2-thread-1] c.o.tourguide.service.RewardsService     : Calculate distance between -84.07486/37.131527 and 127.269629/5.167861
2023-09-27T16:51:41.475+02:00 DEBUG 7856 --- [pool-2-thread-1] c.o.tourguide.service.RewardsService     : Checking if the user 0e5fc9cb-fe74-4649-9bbe-c934954fa1b9 already get close from McKinley Tower
2023-09-27T16:51:41.475+02:00 DEBUG 7856 --- [pool-2-thread-1] c.o.tourguide.service.RewardsService     : Calculate distance between -149.877502/61.218887 and 127.269629/5.167861
2023-09-27T16:51:41.475+02:00 DEBUG 7856 --- [pool-2-thread-1] c.o.tourguide.service.RewardsService     : Checking if the user 0e5fc9cb-fe74-4649-9bbe-c934954fa1b9 already get close from Flatiron Building
2023-09-27T16:51:41.475+02:00 DEBUG 7856 --- [pool-2-thread-1] c.o.tourguide.service.RewardsService     : Calculate distance between -73.989723/40.741112 and 127.269629/5.167861
2023-09-27T16:51:41.475+02:00 DEBUG 7856 --- [pool-2-thread-1] c.o.tourguide.service.RewardsService     : Checking if the user 0e5fc9cb-fe74-4649-9bbe-c934954fa1b9 already get close from Fallingwater
2023-09-27T16:51:41.475+02:00 DEBUG 7856 --- [pool-2-thread-1] c.o.tourguide.service.RewardsService     : Calculate distance between -79.468056/39.906113 and 127.269629/5.167861
2023-09-27T16:51:41.475+02:00 DEBUG 7856 --- [pool-2-thread-1] c.o.tourguide.service.RewardsService     : Checking if the user 0e5fc9cb-fe74-4649-9bbe-c934954fa1b9 already get close from Union Station
2023-09-27T16:51:41.475+02:00 DEBUG 7856 --- [pool-2-thread-1] c.o.tourguide.service.RewardsService     : Calculate distance between -77.006332/38.897095 and 127.269629/5.167861
2023-09-27T16:51:41.475+02:00 DEBUG 7856 --- [pool-2-thread-1] c.o.tourguide.service.RewardsService     : Checking if the user 0e5fc9cb-fe74-4649-9bbe-c934954fa1b9 already get close from Roger Dean Stadium
2023-09-27T16:51:41.475+02:00 DEBUG 7856 --- [pool-2-thread-1] c.o.tourguide.service.RewardsService     : Calculate distance between -80.116577/26.890959 and 127.269629/5.167861
2023-09-27T16:51:41.475+02:00 DEBUG 7856 --- [pool-2-thread-1] c.o.tourguide.service.RewardsService     : Checking if the user 0e5fc9cb-fe74-4649-9bbe-c934954fa1b9 already get close from Texas Memorial Stadium
2023-09-27T16:51:41.475+02:00 DEBUG 7856 --- [pool-2-thread-1] c.o.tourguide.service.RewardsService     : Calculate distance between -97.732536/30.283682 and 127.269629/5.167861
2023-09-27T16:51:41.475+02:00 DEBUG 7856 --- [pool-2-thread-1] c.o.tourguide.service.RewardsService     : Checking if the user 0e5fc9cb-fe74-4649-9bbe-c934954fa1b9 already get close from Bryant-Denny Stadium
2023-09-27T16:51:41.475+02:00 DEBUG 7856 --- [pool-2-thread-1] c.o.tourguide.service.RewardsService     : Calculate distance between -87.550438/33.208973 and 127.269629/5.167861
2023-09-27T16:51:41.475+02:00 DEBUG 7856 --- [pool-2-thread-1] c.o.tourguide.service.RewardsService     : Checking if the user 0e5fc9cb-fe74-4649-9bbe-c934954fa1b9 already get close from Tiger Stadium
2023-09-27T16:51:41.475+02:00 DEBUG 7856 --- [pool-2-thread-1] c.o.tourguide.service.RewardsService     : Calculate distance between -91.183815/30.412035 and 127.269629/5.167861
2023-09-27T16:51:41.475+02:00 DEBUG 7856 --- [pool-2-thread-1] c.o.tourguide.service.RewardsService     : Checking if the user 0e5fc9cb-fe74-4649-9bbe-c934954fa1b9 already get close from Neyland Stadium
2023-09-27T16:51:41.475+02:00 DEBUG 7856 --- [pool-2-thread-1] c.o.tourguide.service.RewardsService     : Calculate distance between -83.925011/35.955013 and 127.269629/5.167861
2023-09-27T16:51:41.475+02:00 DEBUG 7856 --- [pool-2-thread-1] c.o.tourguide.service.RewardsService     : Checking if the user 0e5fc9cb-fe74-4649-9bbe-c934954fa1b9 already get close from Kyle Field
2023-09-27T16:51:41.475+02:00 DEBUG 7856 --- [pool-2-thread-1] c.o.tourguide.service.RewardsService     : Calculate distance between -96.339844/30.61025 and 127.269629/5.167861
2023-09-27T16:51:41.475+02:00 DEBUG 7856 --- [pool-2-thread-1] c.o.tourguide.service.RewardsService     : Checking if the user 0e5fc9cb-fe74-4649-9bbe-c934954fa1b9 already get close from San Diego Zoo
2023-09-27T16:51:41.475+02:00 DEBUG 7856 --- [pool-2-thread-1] c.o.tourguide.service.RewardsService     : Calculate distance between -117.149048/32.735317 and 127.269629/5.167861
2023-09-27T16:51:41.475+02:00 DEBUG 7856 --- [pool-2-thread-1] c.o.tourguide.service.RewardsService     : Checking if the user 0e5fc9cb-fe74-4649-9bbe-c934954fa1b9 already get close from Zoo Tampa at Lowry Park
2023-09-27T16:51:41.475+02:00 DEBUG 7856 --- [pool-2-thread-1] c.o.tourguide.service.RewardsService     : Calculate distance between -82.469269/28.012804 and 127.269629/5.167861
2023-09-27T16:51:41.475+02:00 DEBUG 7856 --- [pool-2-thread-1] c.o.tourguide.service.RewardsService     : Checking if the user 0e5fc9cb-fe74-4649-9bbe-c934954fa1b9 already get close from Franklin Park Zoo
2023-09-27T16:51:41.475+02:00 DEBUG 7856 --- [pool-2-thread-1] c.o.tourguide.service.RewardsService     : Calculate distance between -71.086731/42.302601 and 127.269629/5.167861
2023-09-27T16:51:41.475+02:00 DEBUG 7856 --- [pool-2-thread-1] c.o.tourguide.service.RewardsService     : Checking if the user 0e5fc9cb-fe74-4649-9bbe-c934954fa1b9 already get close from El Paso Zoo
2023-09-27T16:51:41.475+02:00 DEBUG 7856 --- [pool-2-thread-1] c.o.tourguide.service.RewardsService     : Calculate distance between -106.44487/31.769125 and 127.269629/5.167861
2023-09-27T16:51:41.475+02:00 DEBUG 7856 --- [pool-2-thread-1] c.o.tourguide.service.RewardsService     : Checking if the user 0e5fc9cb-fe74-4649-9bbe-c934954fa1b9 already get close from Kansas City Zoo
2023-09-27T16:51:41.475+02:00 DEBUG 7856 --- [pool-2-thread-1] c.o.tourguide.service.RewardsService     : Calculate distance between -94.529625/39.007504 and 127.269629/5.167861
2023-09-27T16:51:41.475+02:00 DEBUG 7856 --- [pool-2-thread-1] c.o.tourguide.service.RewardsService     : Checking if the user 0e5fc9cb-fe74-4649-9bbe-c934954fa1b9 already get close from Bronx Zoo
2023-09-27T16:51:41.475+02:00 DEBUG 7856 --- [pool-2-thread-1] c.o.tourguide.service.RewardsService     : Calculate distance between -73.872971/40.852905 and 127.269629/5.167861
2023-09-27T16:51:41.475+02:00 DEBUG 7856 --- [pool-2-thread-1] c.o.tourguide.service.RewardsService     : Checking if the user 0e5fc9cb-fe74-4649-9bbe-c934954fa1b9 already get close from Cinderella Castle
2023-09-27T16:51:41.475+02:00 DEBUG 7856 --- [pool-2-thread-1] c.o.tourguide.service.RewardsService     : Calculate distance between -81.5812/28.419411 and 127.269629/5.167861
2023-09-27T16:51:41.475+02:00 DEBUG 7856 --- [pool-2-thread-1] c.o.tourguide.service.RewardsService     : Checking if the user 0e5fc9cb-fe74-4649-9bbe-c934954fa1b9 already get close from Disneyland
2023-09-27T16:51:41.475+02:00 DEBUG 7856 --- [pool-2-thread-1] c.o.tourguide.service.RewardsService     : Calculate distance between -117.922008/33.817595 and 119.11857/-10.440552
2023-09-27T16:51:41.475+02:00 DEBUG 7856 --- [pool-2-thread-1] c.o.tourguide.service.RewardsService     : Checking if the user 0e5fc9cb-fe74-4649-9bbe-c934954fa1b9 already get close from Jackson Hole
2023-09-27T16:51:41.475+02:00 DEBUG 7856 --- [pool-2-thread-1] c.o.tourguide.service.RewardsService     : Calculate distance between -110.821999/43.582767 and 119.11857/-10.440552
2023-09-27T16:51:41.475+02:00 DEBUG 7856 --- [pool-2-thread-1] c.o.tourguide.service.RewardsService     : Checking if the user 0e5fc9cb-fe74-4649-9bbe-c934954fa1b9 already get close from Mojave National Preserve
2023-09-27T16:51:41.475+02:00 DEBUG 7856 --- [pool-2-thread-1] c.o.tourguide.service.RewardsService     : Calculate distance between -115.510399/35.141689 and 119.11857/-10.440552
2023-09-27T16:51:41.475+02:00 DEBUG 7856 --- [pool-2-thread-1] c.o.tourguide.service.RewardsService     : Checking if the user 0e5fc9cb-fe74-4649-9bbe-c934954fa1b9 already get close from Joshua Tree National Park
2023-09-27T16:51:41.475+02:00 DEBUG 7856 --- [pool-2-thread-1] c.o.tourguide.service.RewardsService     : Calculate distance between -115.90065/33.881866 and 119.11857/-10.440552
2023-09-27T16:51:41.475+02:00 DEBUG 7856 --- [pool-2-thread-1] c.o.tourguide.service.RewardsService     : Checking if the user 0e5fc9cb-fe74-4649-9bbe-c934954fa1b9 already get close from Buffalo National River
2023-09-27T16:51:41.475+02:00 DEBUG 7856 --- [pool-2-thread-1] c.o.tourguide.service.RewardsService     : Calculate distance between -92.757652/35.985512 and 119.11857/-10.440552
2023-09-27T16:51:41.475+02:00 DEBUG 7856 --- [pool-2-thread-1] c.o.tourguide.service.RewardsService     : Checking if the user 0e5fc9cb-fe74-4649-9bbe-c934954fa1b9 already get close from Hot Springs National Park
2023-09-27T16:51:41.475+02:00 DEBUG 7856 --- [pool-2-thread-1] c.o.tourguide.service.RewardsService     : Calculate distance between -93.042267/34.52153 and 119.11857/-10.440552
2023-09-27T16:51:41.475+02:00 DEBUG 7856 --- [pool-2-thread-1] c.o.tourguide.service.RewardsService     : Checking if the user 0e5fc9cb-fe74-4649-9bbe-c934954fa1b9 already get close from Kartchner Caverns State Park
2023-09-27T16:51:41.475+02:00 DEBUG 7856 --- [pool-2-thread-1] c.o.tourguide.service.RewardsService     : Calculate distance between -110.347382/31.837551 and 119.11857/-10.440552
2023-09-27T16:51:41.475+02:00 DEBUG 7856 --- [pool-2-thread-1] c.o.tourguide.service.RewardsService     : Checking if the user 0e5fc9cb-fe74-4649-9bbe-c934954fa1b9 already get close from Legend Valley
2023-09-27T16:51:41.475+02:00 DEBUG 7856 --- [pool-2-thread-1] c.o.tourguide.service.RewardsService     : Calculate distance between -82.40667/39.937778 and 119.11857/-10.440552
2023-09-27T16:51:41.475+02:00 DEBUG 7856 --- [pool-2-thread-1] c.o.tourguide.service.RewardsService     : Checking if the user 0e5fc9cb-fe74-4649-9bbe-c934954fa1b9 already get close from Flowers Bakery of London
2023-09-27T16:51:41.475+02:00 DEBUG 7856 --- [pool-2-thread-1] c.o.tourguide.service.RewardsService     : Calculate distance between -84.07486/37.131527 and 119.11857/-10.440552
2023-09-27T16:51:41.475+02:00 DEBUG 7856 --- [pool-2-thread-1] c.o.tourguide.service.RewardsService     : Checking if the user 0e5fc9cb-fe74-4649-9bbe-c934954fa1b9 already get close from McKinley Tower
2023-09-27T16:51:41.475+02:00 DEBUG 7856 --- [pool-2-thread-1] c.o.tourguide.service.RewardsService     : Calculate distance between -149.877502/61.218887 and 119.11857/-10.440552
2023-09-27T16:51:41.475+02:00 DEBUG 7856 --- [pool-2-thread-1] c.o.tourguide.service.RewardsService     : Checking if the user 0e5fc9cb-fe74-4649-9bbe-c934954fa1b9 already get close from Flatiron Building
2023-09-27T16:51:41.475+02:00 DEBUG 7856 --- [pool-2-thread-1] c.o.tourguide.service.RewardsService     : Calculate distance between -73.989723/40.741112 and 119.11857/-10.440552
2023-09-27T16:51:41.475+02:00 DEBUG 7856 --- [pool-2-thread-1] c.o.tourguide.service.RewardsService     : Checking if the user 0e5fc9cb-fe74-4649-9bbe-c934954fa1b9 already get close from Fallingwater
2023-09-27T16:51:41.475+02:00 DEBUG 7856 --- [pool-2-thread-1] c.o.tourguide.service.RewardsService     : Calculate distance between -79.468056/39.906113 and 119.11857/-10.440552
2023-09-27T16:51:41.475+02:00 DEBUG 7856 --- [pool-2-thread-1] c.o.tourguide.service.RewardsService     : Checking if the user 0e5fc9cb-fe74-4649-9bbe-c934954fa1b9 already get close from Union Station
2023-09-27T16:51:41.475+02:00 DEBUG 7856 --- [pool-2-thread-1] c.o.tourguide.service.RewardsService     : Calculate distance between -77.006332/38.897095 and 119.11857/-10.440552
2023-09-27T16:51:41.475+02:00 DEBUG 7856 --- [pool-2-thread-1] c.o.tourguide.service.RewardsService     : Checking if the user 0e5fc9cb-fe74-4649-9bbe-c934954fa1b9 already get close from Roger Dean Stadium
2023-09-27T16:51:41.475+02:00 DEBUG 7856 --- [pool-2-thread-1] c.o.tourguide.service.RewardsService     : Calculate distance between -80.116577/26.890959 and 119.11857/-10.440552
2023-09-27T16:51:41.475+02:00 DEBUG 7856 --- [pool-2-thread-1] c.o.tourguide.service.RewardsService     : Checking if the user 0e5fc9cb-fe74-4649-9bbe-c934954fa1b9 already get close from Texas Memorial Stadium
2023-09-27T16:51:41.475+02:00 DEBUG 7856 --- [pool-2-thread-1] c.o.tourguide.service.RewardsService     : Calculate distance between -97.732536/30.283682 and 119.11857/-10.440552
2023-09-27T16:51:41.475+02:00 DEBUG 7856 --- [pool-2-thread-1] c.o.tourguide.service.RewardsService     : Checking if the user 0e5fc9cb-fe74-4649-9bbe-c934954fa1b9 already get close from Bryant-Denny Stadium
2023-09-27T16:51:41.475+02:00 DEBUG 7856 --- [pool-2-thread-1] c.o.tourguide.service.RewardsService     : Calculate distance between -87.550438/33.208973 and 119.11857/-10.440552
2023-09-27T16:51:41.475+02:00 DEBUG 7856 --- [pool-2-thread-1] c.o.tourguide.service.RewardsService     : Checking if the user 0e5fc9cb-fe74-4649-9bbe-c934954fa1b9 already get close from Tiger Stadium
2023-09-27T16:51:41.475+02:00 DEBUG 7856 --- [pool-2-thread-1] c.o.tourguide.service.RewardsService     : Calculate distance between -91.183815/30.412035 and 119.11857/-10.440552
2023-09-27T16:51:41.475+02:00 DEBUG 7856 --- [pool-2-thread-1] c.o.tourguide.service.RewardsService     : Checking if the user 0e5fc9cb-fe74-4649-9bbe-c934954fa1b9 already get close from Neyland Stadium
2023-09-27T16:51:41.475+02:00 DEBUG 7856 --- [pool-2-thread-1] c.o.tourguide.service.RewardsService     : Calculate distance between -83.925011/35.955013 and 119.11857/-10.440552
2023-09-27T16:51:41.475+02:00 DEBUG 7856 --- [pool-2-thread-1] c.o.tourguide.service.RewardsService     : Checking if the user 0e5fc9cb-fe74-4649-9bbe-c934954fa1b9 already get close from Kyle Field
2023-09-27T16:51:41.475+02:00 DEBUG 7856 --- [pool-2-thread-1] c.o.tourguide.service.RewardsService     : Calculate distance between -96.339844/30.61025 and 119.11857/-10.440552
2023-09-27T16:51:41.475+02:00 DEBUG 7856 --- [pool-2-thread-1] c.o.tourguide.service.RewardsService     : Checking if the user 0e5fc9cb-fe74-4649-9bbe-c934954fa1b9 already get close from San Diego Zoo
2023-09-27T16:51:41.475+02:00 DEBUG 7856 --- [pool-2-thread-1] c.o.tourguide.service.RewardsService     : Calculate distance between -117.149048/32.735317 and 119.11857/-10.440552
2023-09-27T16:51:41.475+02:00 DEBUG 7856 --- [pool-2-thread-1] c.o.tourguide.service.RewardsService     : Checking if the user 0e5fc9cb-fe74-4649-9bbe-c934954fa1b9 already get close from Zoo Tampa at Lowry Park
2023-09-27T16:51:41.475+02:00 DEBUG 7856 --- [pool-2-thread-1] c.o.tourguide.service.RewardsService     : Calculate distance between -82.469269/28.012804 and 119.11857/-10.440552
2023-09-27T16:51:41.475+02:00 DEBUG 7856 --- [pool-2-thread-1] c.o.tourguide.service.RewardsService     : Checking if the user 0e5fc9cb-fe74-4649-9bbe-c934954fa1b9 already get close from Franklin Park Zoo
2023-09-27T16:51:41.475+02:00 DEBUG 7856 --- [pool-2-thread-1] c.o.tourguide.service.RewardsService     : Calculate distance between -71.086731/42.302601 and 119.11857/-10.440552
2023-09-27T16:51:41.476+02:00 DEBUG 7856 --- [pool-2-thread-1] c.o.tourguide.service.RewardsService     : Checking if the user 0e5fc9cb-fe74-4649-9bbe-c934954fa1b9 already get close from El Paso Zoo
2023-09-27T16:51:41.476+02:00 DEBUG 7856 --- [pool-2-thread-1] c.o.tourguide.service.RewardsService     : Calculate distance between -106.44487/31.769125 and 119.11857/-10.440552
2023-09-27T16:51:41.476+02:00 DEBUG 7856 --- [pool-2-thread-1] c.o.tourguide.service.RewardsService     : Checking if the user 0e5fc9cb-fe74-4649-9bbe-c934954fa1b9 already get close from Kansas City Zoo
2023-09-27T16:51:41.476+02:00 DEBUG 7856 --- [pool-2-thread-1] c.o.tourguide.service.RewardsService     : Calculate distance between -94.529625/39.007504 and 119.11857/-10.440552
2023-09-27T16:51:41.476+02:00 DEBUG 7856 --- [pool-2-thread-1] c.o.tourguide.service.RewardsService     : Checking if the user 0e5fc9cb-fe74-4649-9bbe-c934954fa1b9 already get close from Bronx Zoo
2023-09-27T16:51:41.476+02:00 DEBUG 7856 --- [pool-2-thread-1] c.o.tourguide.service.RewardsService     : Calculate distance between -73.872971/40.852905 and 119.11857/-10.440552
2023-09-27T16:51:41.476+02:00 DEBUG 7856 --- [pool-2-thread-1] c.o.tourguide.service.RewardsService     : Checking if the user 0e5fc9cb-fe74-4649-9bbe-c934954fa1b9 already get close from Cinderella Castle
2023-09-27T16:51:41.476+02:00 DEBUG 7856 --- [pool-2-thread-1] c.o.tourguide.service.RewardsService     : Calculate distance between -81.5812/28.419411 and 119.11857/-10.440552
2023-09-27T16:51:41.476+02:00 DEBUG 7856 --- [pool-2-thread-1] c.o.tourguide.service.RewardsService     : Trying to add 0 rewards
2023-09-27T16:51:41.520+02:00  INFO 7856 --- [pool-2-thread-1] c.o.tourguide.service.TourGuideService   : Adding the current location to the user internalUser6489
2023-09-27T16:51:41.520+02:00 DEBUG 7856 --- [pool-2-thread-1] c.o.tourguide.service.RewardsService     : calculate reward for internalUser6489 on his 5 known locations
2023-09-27T16:51:41.537+02:00 DEBUG 7856 --- [pool-2-thread-1] c.o.tourguide.service.RewardsService     : Checking if the user 4b0a3d6f-3db3-4382-97c2-b259d696569e already get close from Disneyland
2023-09-27T16:51:41.537+02:00 DEBUG 7856 --- [pool-2-thread-1] c.o.tourguide.service.RewardsService     : Calculate distance between -117.922008/33.817595 and 138.80636753027176/-29.76114266729372
2023-09-27T16:51:41.537+02:00 DEBUG 7856 --- [pool-2-thread-1] c.o.tourguide.service.RewardsService     : Checking if the user 4b0a3d6f-3db3-4382-97c2-b259d696569e already get close from Jackson Hole
2023-09-27T16:51:41.537+02:00 DEBUG 7856 --- [pool-2-thread-1] c.o.tourguide.service.RewardsService     : Calculate distance between -110.821999/43.582767 and 138.80636753027176/-29.76114266729372
2023-09-27T16:51:41.537+02:00 DEBUG 7856 --- [pool-2-thread-1] c.o.tourguide.service.RewardsService     : Checking if the user 4b0a3d6f-3db3-4382-97c2-b259d696569e already get close from Mojave National Preserve
2023-09-27T16:51:41.537+02:00 DEBUG 7856 --- [pool-2-thread-1] c.o.tourguide.service.RewardsService     : Calculate distance between -115.510399/35.141689 and 138.80636753027176/-29.76114266729372
2023-09-27T16:51:41.537+02:00 DEBUG 7856 --- [pool-2-thread-1] c.o.tourguide.service.RewardsService     : Checking if the user 4b0a3d6f-3db3-4382-97c2-b259d696569e already get close from Joshua Tree National Park
2023-09-27T16:51:41.537+02:00 DEBUG 7856 --- [pool-2-thread-1] c.o.tourguide.service.RewardsService     : Calculate distance between -115.90065/33.881866 and 138.80636753027176/-29.76114266729372
2023-09-27T16:51:41.537+02:00 DEBUG 7856 --- [pool-2-thread-1] c.o.tourguide.service.RewardsService     : Checking if the user 4b0a3d6f-3db3-4382-97c2-b259d696569e already get close from Buffalo National River
2023-09-27T16:51:41.537+02:00 DEBUG 7856 --- [pool-2-thread-1] c.o.tourguide.service.RewardsService     : Calculate distance between -92.757652/35.985512 and 138.80636753027176/-29.76114266729372
2023-09-27T16:51:41.537+02:00 DEBUG 7856 --- [pool-2-thread-1] c.o.tourguide.service.RewardsService     : Checking if the user 4b0a3d6f-3db3-4382-97c2-b259d696569e already get close from Hot Springs National Park
2023-09-27T16:51:41.537+02:00 DEBUG 7856 --- [pool-2-thread-1] c.o.tourguide.service.RewardsService     : Calculate distance between -93.042267/34.52153 and 138.80636753027176/-29.76114266729372
2023-09-27T16:51:41.537+02:00 DEBUG 7856 --- [pool-2-thread-1] c.o.tourguide.service.RewardsService     : Checking if the user 4b0a3d6f-3db3-4382-97c2-b259d696569e already get close from Kartchner Caverns State Park
2023-09-27T16:51:41.537+02:00 DEBUG 7856 --- [pool-2-thread-1] c.o.tourguide.service.RewardsService     : Calculate distance between -110.347382/31.837551 and 138.80636753027176/-29.76114266729372
2023-09-27T16:51:41.537+02:00 DEBUG 7856 --- [pool-2-thread-1] c.o.tourguide.service.RewardsService     : Checking if the user 4b0a3d6f-3db3-4382-97c2-b259d696569e already get close from Legend Valley
2023-09-27T16:51:41.537+02:00 DEBUG 7856 --- [pool-2-thread-1] c.o.tourguide.service.RewardsService     : Calculate distance between -82.40667/39.937778 and 138.80636753027176/-29.76114266729372
2023-09-27T16:51:41.537+02:00 DEBUG 7856 --- [pool-2-thread-1] c.o.tourguide.service.RewardsService     : Checking if the user 4b0a3d6f-3db3-4382-97c2-b259d696569e already get close from Flowers Bakery of London
2023-09-27T16:51:41.537+02:00 DEBUG 7856 --- [pool-2-thread-1] c.o.tourguide.service.RewardsService     : Calculate distance between -84.07486/37.131527 and 138.80636753027176/-29.76114266729372
2023-09-27T16:51:41.537+02:00 DEBUG 7856 --- [pool-2-thread-1] c.o.tourguide.service.RewardsService     : Checking if the user 4b0a3d6f-3db3-4382-97c2-b259d696569e already get close from McKinley Tower
2023-09-27T16:51:41.537+02:00 DEBUG 7856 --- [pool-2-thread-1] c.o.tourguide.service.RewardsService     : Calculate distance between -149.877502/61.218887 and 138.80636753027176/-29.76114266729372
2023-09-27T16:51:41.537+02:00 DEBUG 7856 --- [pool-2-thread-1] c.o.tourguide.service.RewardsService     : Checking if the user 4b0a3d6f-3db3-4382-97c2-b259d696569e already get close from Flatiron Building
2023-09-27T16:51:41.537+02:00 DEBUG 7856 --- [pool-2-thread-1] c.o.tourguide.service.RewardsService     : Calculate distance between -73.989723/40.741112 and 138.80636753027176/-29.76114266729372
2023-09-27T16:51:41.537+02:00 DEBUG 7856 --- [pool-2-thread-1] c.o.tourguide.service.RewardsService     : Checking if the user 4b0a3d6f-3db3-4382-97c2-b259d696569e already get close from Fallingwater
2023-09-27T16:51:41.537+02:00 DEBUG 7856 --- [pool-2-thread-1] c.o.tourguide.service.RewardsService     : Calculate distance between -79.468056/39.906113 and 138.80636753027176/-29.76114266729372
2023-09-27T16:51:41.537+02:00 DEBUG 7856 --- [pool-2-thread-1] c.o.tourguide.service.RewardsService     : Checking if the user 4b0a3d6f-3db3-4382-97c2-b259d696569e already get close from Union Station
2023-09-27T16:51:41.537+02:00 DEBUG 7856 --- [pool-2-thread-1] c.o.tourguide.service.RewardsService     : Calculate distance between -77.006332/38.897095 and 138.80636753027176/-29.76114266729372
2023-09-27T16:51:41.537+02:00 DEBUG 7856 --- [pool-2-thread-1] c.o.tourguide.service.RewardsService     : Checking if the user 4b0a3d6f-3db3-4382-97c2-b259d696569e already get close from Roger Dean Stadium
2023-09-27T16:51:41.537+02:00 DEBUG 7856 --- [pool-2-thread-1] c.o.tourguide.service.RewardsService     : Calculate distance between -80.116577/26.890959 and 138.80636753027176/-29.76114266729372
2023-09-27T16:51:41.537+02:00 DEBUG 7856 --- [pool-2-thread-1] c.o.tourguide.service.RewardsService     : Checking if the user 4b0a3d6f-3db3-4382-97c2-b259d696569e already get close from Texas Memorial Stadium
2023-09-27T16:51:41.537+02:00 DEBUG 7856 --- [pool-2-thread-1] c.o.tourguide.service.RewardsService     : Calculate distance between -97.732536/30.283682 and 138.80636753027176/-29.76114266729372
2023-09-27T16:51:41.537+02:00 DEBUG 7856 --- [pool-2-thread-1] c.o.tourguide.service.RewardsService     : Checking if the user 4b0a3d6f-3db3-4382-97c2-b259d696569e already get close from Bryant-Denny Stadium
2023-09-27T16:51:41.537+02:00 DEBUG 7856 --- [pool-2-thread-1] c.o.tourguide.service.RewardsService     : Calculate distance between -87.550438/33.208973 and 138.80636753027176/-29.76114266729372
2023-09-27T16:51:41.537+02:00 DEBUG 7856 --- [pool-2-thread-1] c.o.tourguide.service.RewardsService     : Checking if the user 4b0a3d6f-3db3-4382-97c2-b259d696569e already get close from Tiger Stadium
2023-09-27T16:51:41.537+02:00 DEBUG 7856 --- [pool-2-thread-1] c.o.tourguide.service.RewardsService     : Calculate distance between -91.183815/30.412035 and 138.80636753027176/-29.76114266729372
2023-09-27T16:51:41.537+02:00 DEBUG 7856 --- [pool-2-thread-1] c.o.tourguide.service.RewardsService     : Checking if the user 4b0a3d6f-3db3-4382-97c2-b259d696569e already get close from Neyland Stadium
2023-09-27T16:51:41.537+02:00 DEBUG 7856 --- [pool-2-thread-1] c.o.tourguide.service.RewardsService     : Calculate distance between -83.925011/35.955013 and 138.80636753027176/-29.76114266729372
2023-09-27T16:51:41.537+02:00 DEBUG 7856 --- [pool-2-thread-1] c.o.tourguide.service.RewardsService     : Checking if the user 4b0a3d6f-3db3-4382-97c2-b259d696569e already get close from Kyle Field
2023-09-27T16:51:41.537+02:00 DEBUG 7856 --- [pool-2-thread-1] c.o.tourguide.service.RewardsService     : Calculate distance between -96.339844/30.61025 and 138.80636753027176/-29.76114266729372
2023-09-27T16:51:41.537+02:00 DEBUG 7856 --- [pool-2-thread-1] c.o.tourguide.service.RewardsService     : Checking if the user 4b0a3d6f-3db3-4382-97c2-b259d696569e already get close from San Diego Zoo
2023-09-27T16:51:41.537+02:00 DEBUG 7856 --- [pool-2-thread-1] c.o.tourguide.service.RewardsService     : Calculate distance between -117.149048/32.735317 and 138.80636753027176/-29.76114266729372
2023-09-27T16:51:41.537+02:00 DEBUG 7856 --- [pool-2-thread-1] c.o.tourguide.service.RewardsService     : Checking if the user 4b0a3d6f-3db3-4382-97c2-b259d696569e already get close from Zoo Tampa at Lowry Park
2023-09-27T16:51:41.537+02:00 DEBUG 7856 --- [pool-2-thread-1] c.o.tourguide.service.RewardsService     : Calculate distance between -82.469269/28.012804 and 138.80636753027176/-29.76114266729372
2023-09-27T16:51:41.537+02:00 DEBUG 7856 --- [pool-2-thread-1] c.o.tourguide.service.RewardsService     : Checking if the user 4b0a3d6f-3db3-4382-97c2-b259d696569e already get close from Franklin Park Zoo
2023-09-27T16:51:41.537+02:00 DEBUG 7856 --- [pool-2-thread-1] c.o.tourguide.service.RewardsService     : Calculate distance between -71.086731/42.302601 and 138.80636753027176/-29.76114266729372
2023-09-27T16:51:41.537+02:00 DEBUG 7856 --- [pool-2-thread-1] c.o.tourguide.service.RewardsService     : Checking if the user 4b0a3d6f-3db3-4382-97c2-b259d696569e already get close from El Paso Zoo
2023-09-27T16:51:41.537+02:00 DEBUG 7856 --- [pool-2-thread-1] c.o.tourguide.service.RewardsService     : Calculate distance between -106.44487/31.769125 and 138.80636753027176/-29.76114266729372
2023-09-27T16:51:41.537+02:00 DEBUG 7856 --- [pool-2-thread-1] c.o.tourguide.service.RewardsService     : Checking if the user 4b0a3d6f-3db3-4382-97c2-b259d696569e already get close from Kansas City Zoo
2023-09-27T16:51:41.537+02:00 DEBUG 7856 --- [pool-2-thread-1] c.o.tourguide.service.RewardsService     : Calculate distance between -94.529625/39.007504 and 138.80636753027176/-29.76114266729372
2023-09-27T16:51:41.537+02:00 DEBUG 7856 --- [pool-2-thread-1] c.o.tourguide.service.RewardsService     : Checking if the user 4b0a3d6f-3db3-4382-97c2-b259d696569e already get close from Bronx Zoo
2023-09-27T16:51:41.537+02:00 DEBUG 7856 --- [pool-2-thread-1] c.o.tourguide.service.RewardsService     : Calculate distance between -73.872971/40.852905 and 138.80636753027176/-29.76114266729372
2023-09-27T16:51:41.537+02:00 DEBUG 7856 --- [pool-2-thread-1] c.o.tourguide.service.RewardsService     : Checking if the user 4b0a3d6f-3db3-4382-97c2-b259d696569e already get close from Cinderella Castle
2023-09-27T16:51:41.537+02:00 DEBUG 7856 --- [pool-2-thread-1] c.o.tourguide.service.RewardsService     : Calculate distance between -81.5812/28.419411 and 138.80636753027176/-29.76114266729372
2023-09-27T16:51:41.537+02:00 DEBUG 7856 --- [pool-2-thread-1] c.o.tourguide.service.RewardsService     : Checking if the user 4b0a3d6f-3db3-4382-97c2-b259d696569e already get close from Disneyland
2023-09-27T16:51:41.537+02:00 DEBUG 7856 --- [pool-2-thread-1] c.o.tourguide.service.RewardsService     : Calculate distance between -117.922008/33.817595 and -14.007683974043829/27.05642387371026
2023-09-27T16:51:41.537+02:00 DEBUG 7856 --- [pool-2-thread-1] c.o.tourguide.service.RewardsService     : Checking if the user 4b0a3d6f-3db3-4382-97c2-b259d696569e already get close from Jackson Hole
2023-09-27T16:51:41.537+02:00 DEBUG 7856 --- [pool-2-thread-1] c.o.tourguide.service.RewardsService     : Calculate distance between -110.821999/43.582767 and -14.007683974043829/27.05642387371026
2023-09-27T16:51:41.537+02:00 DEBUG 7856 --- [pool-2-thread-1] c.o.tourguide.service.RewardsService     : Checking if the user 4b0a3d6f-3db3-4382-97c2-b259d696569e already get close from Mojave National Preserve
2023-09-27T16:51:41.537+02:00 DEBUG 7856 --- [pool-2-thread-1] c.o.tourguide.service.RewardsService     : Calculate distance between -115.510399/35.141689 and -14.007683974043829/27.05642387371026
2023-09-27T16:51:41.537+02:00 DEBUG 7856 --- [pool-2-thread-1] c.o.tourguide.service.RewardsService     : Checking if the user 4b0a3d6f-3db3-4382-97c2-b259d696569e already get close from Joshua Tree National Park
2023-09-27T16:51:41.537+02:00 DEBUG 7856 --- [pool-2-thread-1] c.o.tourguide.service.RewardsService     : Calculate distance between -115.90065/33.881866 and -14.007683974043829/27.05642387371026
2023-09-27T16:51:41.537+02:00 DEBUG 7856 --- [pool-2-thread-1] c.o.tourguide.service.RewardsService     : Checking if the user 4b0a3d6f-3db3-4382-97c2-b259d696569e already get close from Buffalo National River
2023-09-27T16:51:41.537+02:00 DEBUG 7856 --- [pool-2-thread-1] c.o.tourguide.service.RewardsService     : Calculate distance between -92.757652/35.985512 and -14.007683974043829/27.05642387371026
2023-09-27T16:51:41.537+02:00 DEBUG 7856 --- [pool-2-thread-1] c.o.tourguide.service.RewardsService     : Checking if the user 4b0a3d6f-3db3-4382-97c2-b259d696569e already get close from Hot Springs National Park
2023-09-27T16:51:41.537+02:00 DEBUG 7856 --- [pool-2-thread-1] c.o.tourguide.service.RewardsService     : Calculate distance between -93.042267/34.52153 and -14.007683974043829/27.05642387371026
2023-09-27T16:51:41.537+02:00 DEBUG 7856 --- [pool-2-thread-1] c.o.tourguide.service.RewardsService     : Checking if the user 4b0a3d6f-3db3-4382-97c2-b259d696569e already get close from Kartchner Caverns State Park
2023-09-27T16:51:41.537+02:00 DEBUG 7856 --- [pool-2-thread-1] c.o.tourguide.service.RewardsService     : Calculate distance between -110.347382/31.837551 and -14.007683974043829/27.05642387371026
2023-09-27T16:51:41.537+02:00 DEBUG 7856 --- [pool-2-thread-1] c.o.tourguide.service.RewardsService     : Checking if the user 4b0a3d6f-3db3-4382-97c2-b259d696569e already get close from Legend Valley
2023-09-27T16:51:41.537+02:00 DEBUG 7856 --- [pool-2-thread-1] c.o.tourguide.service.RewardsService     : Calculate distance between -82.40667/39.937778 and -14.007683974043829/27.05642387371026
2023-09-27T16:51:41.537+02:00 DEBUG 7856 --- [pool-2-thread-1] c.o.tourguide.service.RewardsService     : Checking if the user 4b0a3d6f-3db3-4382-97c2-b259d696569e already get close from Flowers Bakery of London
2023-09-27T16:51:41.537+02:00 DEBUG 7856 --- [pool-2-thread-1] c.o.tourguide.service.RewardsService     : Calculate distance between -84.07486/37.131527 and -14.007683974043829/27.05642387371026
2023-09-27T16:51:41.537+02:00 DEBUG 7856 --- [pool-2-thread-1] c.o.tourguide.service.RewardsService     : Checking if the user 4b0a3d6f-3db3-4382-97c2-b259d696569e already get close from McKinley Tower
2023-09-27T16:51:41.537+02:00 DEBUG 7856 --- [pool-2-thread-1] c.o.tourguide.service.RewardsService     : Calculate distance between -149.877502/61.218887 and -14.007683974043829/27.05642387371026
2023-09-27T16:51:41.537+02:00 DEBUG 7856 --- [pool-2-thread-1] c.o.tourguide.service.RewardsService     : Checking if the user 4b0a3d6f-3db3-4382-97c2-b259d696569e already get close from Flatiron Building
2023-09-27T16:51:41.537+02:00 DEBUG 7856 --- [pool-2-thread-1] c.o.tourguide.service.RewardsService     : Calculate distance between -73.989723/40.741112 and -14.007683974043829/27.05642387371026
2023-09-27T16:51:41.537+02:00 DEBUG 7856 --- [pool-2-thread-1] c.o.tourguide.service.RewardsService     : Checking if the user 4b0a3d6f-3db3-4382-97c2-b259d696569e already get close from Fallingwater
2023-09-27T16:51:41.537+02:00 DEBUG 7856 --- [pool-2-thread-1] c.o.tourguide.service.RewardsService     : Calculate distance between -79.468056/39.906113 and -14.007683974043829/27.05642387371026
2023-09-27T16:51:41.537+02:00 DEBUG 7856 --- [pool-2-thread-1] c.o.tourguide.service.RewardsService     : Checking if the user 4b0a3d6f-3db3-4382-97c2-b259d696569e already get close from Union Station
2023-09-27T16:51:41.537+02:00 DEBUG 7856 --- [pool-2-thread-1] c.o.tourguide.service.RewardsService     : Calculate distance between -77.006332/38.897095 and -14.007683974043829/27.05642387371026
2023-09-27T16:51:41.537+02:00 DEBUG 7856 --- [pool-2-thread-1] c.o.tourguide.service.RewardsService     : Checking if the user 4b0a3d6f-3db3-4382-97c2-b259d696569e already get close from Roger Dean Stadium
2023-09-27T16:51:41.537+02:00 DEBUG 7856 --- [pool-2-thread-1] c.o.tourguide.service.RewardsService     : Calculate distance between -80.116577/26.890959 and -14.007683974043829/27.05642387371026
2023-09-27T16:51:41.537+02:00 DEBUG 7856 --- [pool-2-thread-1] c.o.tourguide.service.RewardsService     : Checking if the user 4b0a3d6f-3db3-4382-97c2-b259d696569e already get close from Texas Memorial Stadium
2023-09-27T16:51:41.537+02:00 DEBUG 7856 --- [pool-2-thread-1] c.o.tourguide.service.RewardsService     : Calculate distance between -97.732536/30.283682 and -14.007683974043829/27.05642387371026
2023-09-27T16:51:41.537+02:00 DEBUG 7856 --- [pool-2-thread-1] c.o.tourguide.service.RewardsService     : Checking if the user 4b0a3d6f-3db3-4382-97c2-b259d696569e already get close from Bryant-Denny Stadium
2023-09-27T16:51:41.537+02:00 DEBUG 7856 --- [pool-2-thread-1] c.o.tourguide.service.RewardsService     : Calculate distance between -87.550438/33.208973 and -14.007683974043829/27.05642387371026
2023-09-27T16:51:41.537+02:00 DEBUG 7856 --- [pool-2-thread-1] c.o.tourguide.service.RewardsService     : Checking if the user 4b0a3d6f-3db3-4382-97c2-b259d696569e already get close from Tiger Stadium
2023-09-27T16:51:41.537+02:00 DEBUG 7856 --- [pool-2-thread-1] c.o.tourguide.service.RewardsService     : Calculate distance between -91.183815/30.412035 and -14.007683974043829/27.05642387371026
2023-09-27T16:51:41.537+02:00 DEBUG 7856 --- [pool-2-thread-1] c.o.tourguide.service.RewardsService     : Checking if the user 4b0a3d6f-3db3-4382-97c2-b259d696569e already get close from Neyland Stadium
2023-09-27T16:51:41.537+02:00 DEBUG 7856 --- [pool-2-thread-1] c.o.tourguide.service.RewardsService     : Calculate distance between -83.925011/35.955013 and -14.007683974043829/27.05642387371026
2023-09-27T16:51:41.537+02:00 DEBUG 7856 --- [pool-2-thread-1] c.o.tourguide.service.RewardsService     : Checking if the user 4b0a3d6f-3db3-4382-97c2-b259d696569e already get close from Kyle Field
2023-09-27T16:51:41.537+02:00 DEBUG 7856 --- [pool-2-thread-1] c.o.tourguide.service.RewardsService     : Calculate distance between -96.339844/30.61025 and -14.007683974043829/27.05642387371026
2023-09-27T16:51:41.537+02:00 DEBUG 7856 --- [pool-2-thread-1] c.o.tourguide.service.RewardsService     : Checking if the user 4b0a3d6f-3db3-4382-97c2-b259d696569e already get close from San Diego Zoo
2023-09-27T16:51:41.537+02:00 DEBUG 7856 --- [pool-2-thread-1] c.o.tourguide.service.RewardsService     : Calculate distance between -117.149048/32.735317 and -14.007683974043829/27.05642387371026
2023-09-27T16:51:41.537+02:00 DEBUG 7856 --- [pool-2-thread-1] c.o.tourguide.service.RewardsService     : Checking if the user 4b0a3d6f-3db3-4382-97c2-b259d696569e already get close from Zoo Tampa at Lowry Park
2023-09-27T16:51:41.537+02:00 DEBUG 7856 --- [pool-2-thread-1] c.o.tourguide.service.RewardsService     : Calculate distance between -82.469269/28.012804 and -14.007683974043829/27.05642387371026
2023-09-27T16:51:41.537+02:00 DEBUG 7856 --- [pool-2-thread-1] c.o.tourguide.service.RewardsService     : Checking if the user 4b0a3d6f-3db3-4382-97c2-b259d696569e already get close from Franklin Park Zoo
2023-09-27T16:51:41.537+02:00 DEBUG 7856 --- [pool-2-thread-1] c.o.tourguide.service.RewardsService     : Calculate distance between -71.086731/42.302601 and -14.007683974043829/27.05642387371026
2023-09-27T16:51:41.537+02:00 DEBUG 7856 --- [pool-2-thread-1] c.o.tourguide.service.RewardsService     : Checking if the user 4b0a3d6f-3db3-4382-97c2-b259d696569e already get close from El Paso Zoo
2023-09-27T16:51:41.537+02:00 DEBUG 7856 --- [pool-2-thread-1] c.o.tourguide.service.RewardsService     : Calculate distance between -106.44487/31.769125 and -14.007683974043829/27.05642387371026
2023-09-27T16:51:41.537+02:00 DEBUG 7856 --- [pool-2-thread-1] c.o.tourguide.service.RewardsService     : Checking if the user 4b0a3d6f-3db3-4382-97c2-b259d696569e already get close from Kansas City Zoo
2023-09-27T16:51:41.537+02:00 DEBUG 7856 --- [pool-2-thread-1] c.o.tourguide.service.RewardsService     : Calculate distance between -94.529625/39.007504 and -14.007683974043829/27.05642387371026
2023-09-27T16:51:41.537+02:00 DEBUG 7856 --- [pool-2-thread-1] c.o.tourguide.service.RewardsService     : Checking if the user 4b0a3d6f-3db3-4382-97c2-b259d696569e already get close from Bronx Zoo
2023-09-27T16:51:41.537+02:00 DEBUG 7856 --- [pool-2-thread-1] c.o.tourguide.service.RewardsService     : Calculate distance between -73.872971/40.852905 and -14.007683974043829/27.05642387371026
2023-09-27T16:51:41.537+02:00 DEBUG 7856 --- [pool-2-thread-1] c.o.tourguide.service.RewardsService     : Checking if the user 4b0a3d6f-3db3-4382-97c2-b259d696569e already get close from Cinderella Castle
2023-09-27T16:51:41.537+02:00 DEBUG 7856 --- [pool-2-thread-1] c.o.tourguide.service.RewardsService     : Calculate distance between -81.5812/28.419411 and -14.007683974043829/27.05642387371026
2023-09-27T16:51:41.537+02:00 DEBUG 7856 --- [pool-2-thread-1] c.o.tourguide.service.RewardsService     : Checking if the user 4b0a3d6f-3db3-4382-97c2-b259d696569e already get close from Disneyland
2023-09-27T16:51:41.537+02:00 DEBUG 7856 --- [pool-2-thread-1] c.o.tourguide.service.RewardsService     : Calculate distance between -117.922008/33.817595 and 69.98859011802784/65.35787648793945
2023-09-27T16:51:41.537+02:00 DEBUG 7856 --- [pool-2-thread-1] c.o.tourguide.service.RewardsService     : Checking if the user 4b0a3d6f-3db3-4382-97c2-b259d696569e already get close from Jackson Hole
2023-09-27T16:51:41.537+02:00 DEBUG 7856 --- [pool-2-thread-1] c.o.tourguide.service.RewardsService     : Calculate distance between -110.821999/43.582767 and 69.98859011802784/65.35787648793945
2023-09-27T16:51:41.538+02:00 DEBUG 7856 --- [pool-2-thread-1] c.o.tourguide.service.RewardsService     : Checking if the user 4b0a3d6f-3db3-4382-97c2-b259d696569e already get close from Mojave National Preserve
2023-09-27T16:51:41.538+02:00 DEBUG 7856 --- [pool-2-thread-1] c.o.tourguide.service.RewardsService     : Calculate distance between -115.510399/35.141689 and 69.98859011802784/65.35787648793945
2023-09-27T16:51:41.538+02:00 DEBUG 7856 --- [pool-2-thread-1] c.o.tourguide.service.RewardsService     : Checking if the user 4b0a3d6f-3db3-4382-97c2-b259d696569e already get close from Joshua Tree National Park
2023-09-27T16:51:41.538+02:00 DEBUG 7856 --- [pool-2-thread-1] c.o.tourguide.service.RewardsService     : Calculate distance between -115.90065/33.881866 and 69.98859011802784/65.35787648793945
2023-09-27T16:51:41.538+02:00 DEBUG 7856 --- [pool-2-thread-1] c.o.tourguide.service.RewardsService     : Checking if the user 4b0a3d6f-3db3-4382-97c2-b259d696569e already get close from Buffalo National River
2023-09-27T16:51:41.538+02:00 DEBUG 7856 --- [pool-2-thread-1] c.o.tourguide.service.RewardsService     : Calculate distance between -92.757652/35.985512 and 69.98859011802784/65.35787648793945
2023-09-27T16:51:41.538+02:00 DEBUG 7856 --- [pool-2-thread-1] c.o.tourguide.service.RewardsService     : Checking if the user 4b0a3d6f-3db3-4382-97c2-b259d696569e already get close from Hot Springs National Park
2023-09-27T16:51:41.538+02:00 DEBUG 7856 --- [pool-2-thread-1] c.o.tourguide.service.RewardsService     : Calculate distance between -93.042267/34.52153 and 69.98859011802784/65.35787648793945
2023-09-27T16:51:41.538+02:00 DEBUG 7856 --- [pool-2-thread-1] c.o.tourguide.service.RewardsService     : Checking if the user 4b0a3d6f-3db3-4382-97c2-b259d696569e already get close from Kartchner Caverns State Park
2023-09-27T16:51:41.538+02:00 DEBUG 7856 --- [pool-2-thread-1] c.o.tourguide.service.RewardsService     : Calculate distance between -110.347382/31.837551 and 69.98859011802784/65.35787648793945
2023-09-27T16:51:41.538+02:00 DEBUG 7856 --- [pool-2-thread-1] c.o.tourguide.service.RewardsService     : Checking if the user 4b0a3d6f-3db3-4382-97c2-b259d696569e already get close from Legend Valley
2023-09-27T16:51:41.538+02:00 DEBUG 7856 --- [pool-2-thread-1] c.o.tourguide.service.RewardsService     : Calculate distance between -82.40667/39.937778 and 69.98859011802784/65.35787648793945
2023-09-27T16:51:41.538+02:00 DEBUG 7856 --- [pool-2-thread-1] c.o.tourguide.service.RewardsService     : Checking if the user 4b0a3d6f-3db3-4382-97c2-b259d696569e already get close from Flowers Bakery of London
2023-09-27T16:51:41.538+02:00 DEBUG 7856 --- [pool-2-thread-1] c.o.tourguide.service.RewardsService     : Calculate distance between -84.07486/37.131527 and 69.98859011802784/65.35787648793945
2023-09-27T16:51:41.538+02:00 DEBUG 7856 --- [pool-2-thread-1] c.o.tourguide.service.RewardsService     : Checking if the user 4b0a3d6f-3db3-4382-97c2-b259d696569e already get close from McKinley Tower
2023-09-27T16:51:41.538+02:00 DEBUG 7856 --- [pool-2-thread-1] c.o.tourguide.service.RewardsService     : Calculate distance between -149.877502/61.218887 and 69.98859011802784/65.35787648793945
2023-09-27T16:51:41.538+02:00 DEBUG 7856 --- [pool-2-thread-1] c.o.tourguide.service.RewardsService     : Checking if the user 4b0a3d6f-3db3-4382-97c2-b259d696569e already get close from Flatiron Building
2023-09-27T16:51:41.538+02:00 DEBUG 7856 --- [pool-2-thread-1] c.o.tourguide.service.RewardsService     : Calculate distance between -73.989723/40.741112 and 69.98859011802784/65.35787648793945
2023-09-27T16:51:41.538+02:00 DEBUG 7856 --- [pool-2-thread-1] c.o.tourguide.service.RewardsService     : Checking if the user 4b0a3d6f-3db3-4382-97c2-b259d696569e already get close from Fallingwater
2023-09-27T16:51:41.538+02:00 DEBUG 7856 --- [pool-2-thread-1] c.o.tourguide.service.RewardsService     : Calculate distance between -79.468056/39.906113 and 69.98859011802784/65.35787648793945
2023-09-27T16:51:41.538+02:00 DEBUG 7856 --- [pool-2-thread-1] c.o.tourguide.service.RewardsService     : Checking if the user 4b0a3d6f-3db3-4382-97c2-b259d696569e already get close from Union Station
2023-09-27T16:51:41.538+02:00 DEBUG 7856 --- [pool-2-thread-1] c.o.tourguide.service.RewardsService     : Calculate distance between -77.006332/38.897095 and 69.98859011802784/65.35787648793945
2023-09-27T16:51:41.538+02:00 DEBUG 7856 --- [pool-2-thread-1] c.o.tourguide.service.RewardsService     : Checking if the user 4b0a3d6f-3db3-4382-97c2-b259d696569e already get close from Roger Dean Stadium
2023-09-27T16:51:41.538+02:00 DEBUG 7856 --- [pool-2-thread-1] c.o.tourguide.service.RewardsService     : Calculate distance between -80.116577/26.890959 and 69.98859011802784/65.35787648793945
2023-09-27T16:51:41.538+02:00 DEBUG 7856 --- [pool-2-thread-1] c.o.tourguide.service.RewardsService     : Checking if the user 4b0a3d6f-3db3-4382-97c2-b259d696569e already get close from Texas Memorial Stadium
2023-09-27T16:51:41.538+02:00 DEBUG 7856 --- [pool-2-thread-1] c.o.tourguide.service.RewardsService     : Calculate distance between -97.732536/30.283682 and 69.98859011802784/65.35787648793945
2023-09-27T16:51:41.538+02:00 DEBUG 7856 --- [pool-2-thread-1] c.o.tourguide.service.RewardsService     : Checking if the user 4b0a3d6f-3db3-4382-97c2-b259d696569e already get close from Bryant-Denny Stadium
2023-09-27T16:51:41.538+02:00 DEBUG 7856 --- [pool-2-thread-1] c.o.tourguide.service.RewardsService     : Calculate distance between -87.550438/33.208973 and 69.98859011802784/65.35787648793945
2023-09-27T16:51:41.538+02:00 DEBUG 7856 --- [pool-2-thread-1] c.o.tourguide.service.RewardsService     : Checking if the user 4b0a3d6f-3db3-4382-97c2-b259d696569e already get close from Tiger Stadium
2023-09-27T16:51:41.538+02:00 DEBUG 7856 --- [pool-2-thread-1] c.o.tourguide.service.RewardsService     : Calculate distance between -91.183815/30.412035 and 69.98859011802784/65.35787648793945
2023-09-27T16:51:41.538+02:00 DEBUG 7856 --- [pool-2-thread-1] c.o.tourguide.service.RewardsService     : Checking if the user 4b0a3d6f-3db3-4382-97c2-b259d696569e already get close from Neyland Stadium
2023-09-27T16:51:41.538+02:00 DEBUG 7856 --- [pool-2-thread-1] c.o.tourguide.service.RewardsService     : Calculate distance between -83.925011/35.955013 and 69.98859011802784/65.35787648793945
2023-09-27T16:51:41.538+02:00 DEBUG 7856 --- [pool-2-thread-1] c.o.tourguide.service.RewardsService     : Checking if the user 4b0a3d6f-3db3-4382-97c2-b259d696569e already get close from Kyle Field
2023-09-27T16:51:41.538+02:00 DEBUG 7856 --- [pool-2-thread-1] c.o.tourguide.service.RewardsService     : Calculate distance between -96.339844/30.61025 and 69.98859011802784/65.35787648793945
2023-09-27T16:51:41.538+02:00 DEBUG 7856 --- [pool-2-thread-1] c.o.tourguide.service.RewardsService     : Checking if the user 4b0a3d6f-3db3-4382-97c2-b259d696569e already get close from San Diego Zoo
2023-09-27T16:51:41.538+02:00 DEBUG 7856 --- [pool-2-thread-1] c.o.tourguide.service.RewardsService     : Calculate distance between -117.149048/32.735317 and 69.98859011802784/65.35787648793945
2023-09-27T16:51:41.538+02:00 DEBUG 7856 --- [pool-2-thread-1] c.o.tourguide.service.RewardsService     : Checking if the user 4b0a3d6f-3db3-4382-97c2-b259d696569e already get close from Zoo Tampa at Lowry Park
2023-09-27T16:51:41.538+02:00 DEBUG 7856 --- [pool-2-thread-1] c.o.tourguide.service.RewardsService     : Calculate distance between -82.469269/28.012804 and 69.98859011802784/65.35787648793945
2023-09-27T16:51:41.538+02:00 DEBUG 7856 --- [pool-2-thread-1] c.o.tourguide.service.RewardsService     : Checking if the user 4b0a3d6f-3db3-4382-97c2-b259d696569e already get close from Franklin Park Zoo
2023-09-27T16:51:41.538+02:00 DEBUG 7856 --- [pool-2-thread-1] c.o.tourguide.service.RewardsService     : Calculate distance between -71.086731/42.302601 and 69.98859011802784/65.35787648793945
2023-09-27T16:51:41.538+02:00 DEBUG 7856 --- [pool-2-thread-1] c.o.tourguide.service.RewardsService     : Checking if the user 4b0a3d6f-3db3-4382-97c2-b259d696569e already get close from El Paso Zoo
2023-09-27T16:51:41.538+02:00 DEBUG 7856 --- [pool-2-thread-1] c.o.tourguide.service.RewardsService     : Calculate distance between -106.44487/31.769125 and 69.98859011802784/65.35787648793945
2023-09-27T16:51:41.538+02:00 DEBUG 7856 --- [pool-2-thread-1] c.o.tourguide.service.RewardsService     : Checking if the user 4b0a3d6f-3db3-4382-97c2-b259d696569e already get close from Kansas City Zoo
2023-09-27T16:51:41.538+02:00 DEBUG 7856 --- [pool-2-thread-1] c.o.tourguide.service.RewardsService     : Calculate distance between -94.529625/39.007504 and 69.98859011802784/65.35787648793945
2023-09-27T16:51:41.538+02:00 DEBUG 7856 --- [pool-2-thread-1] c.o.tourguide.service.RewardsService     : Checking if the user 4b0a3d6f-3db3-4382-97c2-b259d696569e already get close from Bronx Zoo
2023-09-27T16:51:41.538+02:00 DEBUG 7856 --- [pool-2-thread-1] c.o.tourguide.service.RewardsService     : Calculate distance between -73.872971/40.852905 and 69.98859011802784/65.35787648793945
2023-09-27T16:51:41.538+02:00 DEBUG 7856 --- [pool-2-thread-1] c.o.tourguide.service.RewardsService     : Checking if the user 4b0a3d6f-3db3-4382-97c2-b259d696569e already get close from Cinderella Castle
2023-09-27T16:51:41.538+02:00 DEBUG 7856 --- [pool-2-thread-1] c.o.tourguide.service.RewardsService     : Calculate distance between -81.5812/28.419411 and 69.98859011802784/65.35787648793945
2023-09-27T16:51:41.538+02:00 DEBUG 7856 --- [pool-2-thread-1] c.o.tourguide.service.RewardsService     : Checking if the user 4b0a3d6f-3db3-4382-97c2-b259d696569e already get close from Disneyland
2023-09-27T16:51:41.538+02:00 DEBUG 7856 --- [pool-2-thread-1] c.o.tourguide.service.RewardsService     : Calculate distance between -117.922008/33.817595 and -30.257561/-37.797059
2023-09-27T16:51:41.538+02:00 DEBUG 7856 --- [pool-2-thread-1] c.o.tourguide.service.RewardsService     : Checking if the user 4b0a3d6f-3db3-4382-97c2-b259d696569e already get close from Jackson Hole
2023-09-27T16:51:41.538+02:00 DEBUG 7856 --- [pool-2-thread-1] c.o.tourguide.service.RewardsService     : Calculate distance between -110.821999/43.582767 and -30.257561/-37.797059
2023-09-27T16:51:41.538+02:00 DEBUG 7856 --- [pool-2-thread-1] c.o.tourguide.service.RewardsService     : Checking if the user 4b0a3d6f-3db3-4382-97c2-b259d696569e already get close from Mojave National Preserve
2023-09-27T16:51:41.538+02:00 DEBUG 7856 --- [pool-2-thread-1] c.o.tourguide.service.RewardsService     : Calculate distance between -115.510399/35.141689 and -30.257561/-37.797059
2023-09-27T16:51:41.538+02:00 DEBUG 7856 --- [pool-2-thread-1] c.o.tourguide.service.RewardsService     : Checking if the user 4b0a3d6f-3db3-4382-97c2-b259d696569e already get close from Joshua Tree National Park
2023-09-27T16:51:41.538+02:00 DEBUG 7856 --- [pool-2-thread-1] c.o.tourguide.service.RewardsService     : Calculate distance between -115.90065/33.881866 and -30.257561/-37.797059
2023-09-27T16:51:41.538+02:00 DEBUG 7856 --- [pool-2-thread-1] c.o.tourguide.service.RewardsService     : Checking if the user 4b0a3d6f-3db3-4382-97c2-b259d696569e already get close from Buffalo National River
2023-09-27T16:51:41.538+02:00 DEBUG 7856 --- [pool-2-thread-1] c.o.tourguide.service.RewardsService     : Calculate distance between -92.757652/35.985512 and -30.257561/-37.797059
2023-09-27T16:51:41.538+02:00 DEBUG 7856 --- [pool-2-thread-1] c.o.tourguide.service.RewardsService     : Checking if the user 4b0a3d6f-3db3-4382-97c2-b259d696569e already get close from Hot Springs National Park
2023-09-27T16:51:41.538+02:00 DEBUG 7856 --- [pool-2-thread-1] c.o.tourguide.service.RewardsService     : Calculate distance between -93.042267/34.52153 and -30.257561/-37.797059
2023-09-27T16:51:41.538+02:00 DEBUG 7856 --- [pool-2-thread-1] c.o.tourguide.service.RewardsService     : Checking if the user 4b0a3d6f-3db3-4382-97c2-b259d696569e already get close from Kartchner Caverns State Park
2023-09-27T16:51:41.538+02:00 DEBUG 7856 --- [pool-2-thread-1] c.o.tourguide.service.RewardsService     : Calculate distance between -110.347382/31.837551 and -30.257561/-37.797059
2023-09-27T16:51:41.538+02:00 DEBUG 7856 --- [pool-2-thread-1] c.o.tourguide.service.RewardsService     : Checking if the user 4b0a3d6f-3db3-4382-97c2-b259d696569e already get close from Legend Valley
2023-09-27T16:51:41.538+02:00 DEBUG 7856 --- [pool-2-thread-1] c.o.tourguide.service.RewardsService     : Calculate distance between -82.40667/39.937778 and -30.257561/-37.797059
2023-09-27T16:51:41.538+02:00 DEBUG 7856 --- [pool-2-thread-1] c.o.tourguide.service.RewardsService     : Checking if the user 4b0a3d6f-3db3-4382-97c2-b259d696569e already get close from Flowers Bakery of London
2023-09-27T16:51:41.538+02:00 DEBUG 7856 --- [pool-2-thread-1] c.o.tourguide.service.RewardsService     : Calculate distance between -84.07486/37.131527 and -30.257561/-37.797059
2023-09-27T16:51:41.538+02:00 DEBUG 7856 --- [pool-2-thread-1] c.o.tourguide.service.RewardsService     : Checking if the user 4b0a3d6f-3db3-4382-97c2-b259d696569e already get close from McKinley Tower
2023-09-27T16:51:41.538+02:00 DEBUG 7856 --- [pool-2-thread-1] c.o.tourguide.service.RewardsService     : Calculate distance between -149.877502/61.218887 and -30.257561/-37.797059
2023-09-27T16:51:41.538+02:00 DEBUG 7856 --- [pool-2-thread-1] c.o.tourguide.service.RewardsService     : Checking if the user 4b0a3d6f-3db3-4382-97c2-b259d696569e already get close from Flatiron Building
2023-09-27T16:51:41.538+02:00 DEBUG 7856 --- [pool-2-thread-1] c.o.tourguide.service.RewardsService     : Calculate distance between -73.989723/40.741112 and -30.257561/-37.797059
2023-09-27T16:51:41.538+02:00 DEBUG 7856 --- [pool-2-thread-1] c.o.tourguide.service.RewardsService     : Checking if the user 4b0a3d6f-3db3-4382-97c2-b259d696569e already get close from Fallingwater
2023-09-27T16:51:41.538+02:00 DEBUG 7856 --- [pool-2-thread-1] c.o.tourguide.service.RewardsService     : Calculate distance between -79.468056/39.906113 and -30.257561/-37.797059
2023-09-27T16:51:41.538+02:00 DEBUG 7856 --- [pool-2-thread-1] c.o.tourguide.service.RewardsService     : Checking if the user 4b0a3d6f-3db3-4382-97c2-b259d696569e already get close from Union Station
2023-09-27T16:51:41.538+02:00 DEBUG 7856 --- [pool-2-thread-1] c.o.tourguide.service.RewardsService     : Calculate distance between -77.006332/38.897095 and -30.257561/-37.797059
2023-09-27T16:51:41.538+02:00 DEBUG 7856 --- [pool-2-thread-1] c.o.tourguide.service.RewardsService     : Checking if the user 4b0a3d6f-3db3-4382-97c2-b259d696569e already get close from Roger Dean Stadium
2023-09-27T16:51:41.538+02:00 DEBUG 7856 --- [pool-2-thread-1] c.o.tourguide.service.RewardsService     : Calculate distance between -80.116577/26.890959 and -30.257561/-37.797059
2023-09-27T16:51:41.538+02:00 DEBUG 7856 --- [pool-2-thread-1] c.o.tourguide.service.RewardsService     : Checking if the user 4b0a3d6f-3db3-4382-97c2-b259d696569e already get close from Texas Memorial Stadium
2023-09-27T16:51:41.538+02:00 DEBUG 7856 --- [pool-2-thread-1] c.o.tourguide.service.RewardsService     : Calculate distance between -97.732536/30.283682 and -30.257561/-37.797059
2023-09-27T16:51:41.538+02:00 DEBUG 7856 --- [pool-2-thread-1] c.o.tourguide.service.RewardsService     : Checking if the user 4b0a3d6f-3db3-4382-97c2-b259d696569e already get close from Bryant-Denny Stadium
2023-09-27T16:51:41.538+02:00 DEBUG 7856 --- [pool-2-thread-1] c.o.tourguide.service.RewardsService     : Calculate distance between -87.550438/33.208973 and -30.257561/-37.797059
2023-09-27T16:51:41.538+02:00 DEBUG 7856 --- [pool-2-thread-1] c.o.tourguide.service.RewardsService     : Checking if the user 4b0a3d6f-3db3-4382-97c2-b259d696569e already get close from Tiger Stadium
2023-09-27T16:51:41.538+02:00 DEBUG 7856 --- [pool-2-thread-1] c.o.tourguide.service.RewardsService     : Calculate distance between -91.183815/30.412035 and -30.257561/-37.797059
2023-09-27T16:51:41.538+02:00 DEBUG 7856 --- [pool-2-thread-1] c.o.tourguide.service.RewardsService     : Checking if the user 4b0a3d6f-3db3-4382-97c2-b259d696569e already get close from Neyland Stadium
2023-09-27T16:51:41.538+02:00 DEBUG 7856 --- [pool-2-thread-1] c.o.tourguide.service.RewardsService     : Calculate distance between -83.925011/35.955013 and -30.257561/-37.797059
2023-09-27T16:51:41.538+02:00 DEBUG 7856 --- [pool-2-thread-1] c.o.tourguide.service.RewardsService     : Checking if the user 4b0a3d6f-3db3-4382-97c2-b259d696569e already get close from Kyle Field
2023-09-27T16:51:41.538+02:00 DEBUG 7856 --- [pool-2-thread-1] c.o.tourguide.service.RewardsService     : Calculate distance between -96.339844/30.61025 and -30.257561/-37.797059
2023-09-27T16:51:41.538+02:00 DEBUG 7856 --- [pool-2-thread-1] c.o.tourguide.service.RewardsService     : Checking if the user 4b0a3d6f-3db3-4382-97c2-b259d696569e already get close from San Diego Zoo
2023-09-27T16:51:41.538+02:00 DEBUG 7856 --- [pool-2-thread-1] c.o.tourguide.service.RewardsService     : Calculate distance between -117.149048/32.735317 and -30.257561/-37.797059
2023-09-27T16:51:41.538+02:00 DEBUG 7856 --- [pool-2-thread-1] c.o.tourguide.service.RewardsService     : Checking if the user 4b0a3d6f-3db3-4382-97c2-b259d696569e already get close from Zoo Tampa at Lowry Park
2023-09-27T16:51:41.538+02:00 DEBUG 7856 --- [pool-2-thread-1] c.o.tourguide.service.RewardsService     : Calculate distance between -82.469269/28.012804 and -30.257561/-37.797059
2023-09-27T16:51:41.538+02:00 DEBUG 7856 --- [pool-2-thread-1] c.o.tourguide.service.RewardsService     : Checking if the user 4b0a3d6f-3db3-4382-97c2-b259d696569e already get close from Franklin Park Zoo
2023-09-27T16:51:41.538+02:00 DEBUG 7856 --- [pool-2-thread-1] c.o.tourguide.service.RewardsService     : Calculate distance between -71.086731/42.302601 and -30.257561/-37.797059
2023-09-27T16:51:41.538+02:00 DEBUG 7856 --- [pool-2-thread-1] c.o.tourguide.service.RewardsService     : Checking if the user 4b0a3d6f-3db3-4382-97c2-b259d696569e already get close from El Paso Zoo
2023-09-27T16:51:41.539+02:00 DEBUG 7856 --- [pool-2-thread-1] c.o.tourguide.service.RewardsService     : Calculate distance between -106.44487/31.769125 and -30.257561/-37.797059
2023-09-27T16:51:41.539+02:00 DEBUG 7856 --- [pool-2-thread-1] c.o.tourguide.service.RewardsService     : Checking if the user 4b0a3d6f-3db3-4382-97c2-b259d696569e already get close from Kansas City Zoo
2023-09-27T16:51:41.539+02:00 DEBUG 7856 --- [pool-2-thread-1] c.o.tourguide.service.RewardsService     : Calculate distance between -94.529625/39.007504 and -30.257561/-37.797059
2023-09-27T16:51:41.539+02:00 DEBUG 7856 --- [pool-2-thread-1] c.o.tourguide.service.RewardsService     : Checking if the user 4b0a3d6f-3db3-4382-97c2-b259d696569e already get close from Bronx Zoo
2023-09-27T16:51:41.539+02:00 DEBUG 7856 --- [pool-2-thread-1] c.o.tourguide.service.RewardsService     : Calculate distance between -73.872971/40.852905 and -30.257561/-37.797059
2023-09-27T16:51:41.539+02:00 DEBUG 7856 --- [pool-2-thread-1] c.o.tourguide.service.RewardsService     : Checking if the user 4b0a3d6f-3db3-4382-97c2-b259d696569e already get close from Cinderella Castle
2023-09-27T16:51:41.539+02:00 DEBUG 7856 --- [pool-2-thread-1] c.o.tourguide.service.RewardsService     : Calculate distance between -81.5812/28.419411 and -30.257561/-37.797059
2023-09-27T16:51:41.539+02:00 DEBUG 7856 --- [pool-2-thread-1] c.o.tourguide.service.RewardsService     : Checking if the user 4b0a3d6f-3db3-4382-97c2-b259d696569e already get close from Disneyland
2023-09-27T16:51:41.539+02:00 DEBUG 7856 --- [pool-2-thread-1] c.o.tourguide.service.RewardsService     : Calculate distance between -117.922008/33.817595 and -74.536915/-10.911841
2023-09-27T16:51:41.539+02:00 DEBUG 7856 --- [pool-2-thread-1] c.o.tourguide.service.RewardsService     : Checking if the user 4b0a3d6f-3db3-4382-97c2-b259d696569e already get close from Jackson Hole
2023-09-27T16:51:41.539+02:00 DEBUG 7856 --- [pool-2-thread-1] c.o.tourguide.service.RewardsService     : Calculate distance between -110.821999/43.582767 and -74.536915/-10.911841
2023-09-27T16:51:41.539+02:00 DEBUG 7856 --- [pool-2-thread-1] c.o.tourguide.service.RewardsService     : Checking if the user 4b0a3d6f-3db3-4382-97c2-b259d696569e already get close from Mojave National Preserve
2023-09-27T16:51:41.539+02:00 DEBUG 7856 --- [pool-2-thread-1] c.o.tourguide.service.RewardsService     : Calculate distance between -115.510399/35.141689 and -74.536915/-10.911841
2023-09-27T16:51:41.539+02:00 DEBUG 7856 --- [pool-2-thread-1] c.o.tourguide.service.RewardsService     : Checking if the user 4b0a3d6f-3db3-4382-97c2-b259d696569e already get close from Joshua Tree National Park
2023-09-27T16:51:41.539+02:00 DEBUG 7856 --- [pool-2-thread-1] c.o.tourguide.service.RewardsService     : Calculate distance between -115.90065/33.881866 and -74.536915/-10.911841
2023-09-27T16:51:41.539+02:00 DEBUG 7856 --- [pool-2-thread-1] c.o.tourguide.service.RewardsService     : Checking if the user 4b0a3d6f-3db3-4382-97c2-b259d696569e already get close from Buffalo National River
2023-09-27T16:51:41.539+02:00 DEBUG 7856 --- [pool-2-thread-1] c.o.tourguide.service.RewardsService     : Calculate distance between -92.757652/35.985512 and -74.536915/-10.911841
2023-09-27T16:51:41.539+02:00 DEBUG 7856 --- [pool-2-thread-1] c.o.tourguide.service.RewardsService     : Checking if the user 4b0a3d6f-3db3-4382-97c2-b259d696569e already get close from Hot Springs National Park
2023-09-27T16:51:41.539+02:00 DEBUG 7856 --- [pool-2-thread-1] c.o.tourguide.service.RewardsService     : Calculate distance between -93.042267/34.52153 and -74.536915/-10.911841
2023-09-27T16:51:41.539+02:00 DEBUG 7856 --- [pool-2-thread-1] c.o.tourguide.service.RewardsService     : Checking if the user 4b0a3d6f-3db3-4382-97c2-b259d696569e already get close from Kartchner Caverns State Park
2023-09-27T16:51:41.539+02:00 DEBUG 7856 --- [pool-2-thread-1] c.o.tourguide.service.RewardsService     : Calculate distance between -110.347382/31.837551 and -74.536915/-10.911841
2023-09-27T16:51:41.539+02:00 DEBUG 7856 --- [pool-2-thread-1] c.o.tourguide.service.RewardsService     : Checking if the user 4b0a3d6f-3db3-4382-97c2-b259d696569e already get close from Legend Valley
2023-09-27T16:51:41.539+02:00 DEBUG 7856 --- [pool-2-thread-1] c.o.tourguide.service.RewardsService     : Calculate distance between -82.40667/39.937778 and -74.536915/-10.911841
2023-09-27T16:51:41.539+02:00 DEBUG 7856 --- [pool-2-thread-1] c.o.tourguide.service.RewardsService     : Checking if the user 4b0a3d6f-3db3-4382-97c2-b259d696569e already get close from Flowers Bakery of London
2023-09-27T16:51:41.539+02:00 DEBUG 7856 --- [pool-2-thread-1] c.o.tourguide.service.RewardsService     : Calculate distance between -84.07486/37.131527 and -74.536915/-10.911841
2023-09-27T16:51:41.539+02:00 DEBUG 7856 --- [pool-2-thread-1] c.o.tourguide.service.RewardsService     : Checking if the user 4b0a3d6f-3db3-4382-97c2-b259d696569e already get close from McKinley Tower
2023-09-27T16:51:41.539+02:00 DEBUG 7856 --- [pool-2-thread-1] c.o.tourguide.service.RewardsService     : Calculate distance between -149.877502/61.218887 and -74.536915/-10.911841
2023-09-27T16:51:41.539+02:00 DEBUG 7856 --- [pool-2-thread-1] c.o.tourguide.service.RewardsService     : Checking if the user 4b0a3d6f-3db3-4382-97c2-b259d696569e already get close from Flatiron Building
2023-09-27T16:51:41.539+02:00 DEBUG 7856 --- [pool-2-thread-1] c.o.tourguide.service.RewardsService     : Calculate distance between -73.989723/40.741112 and -74.536915/-10.911841
2023-09-27T16:51:41.539+02:00 DEBUG 7856 --- [pool-2-thread-1] c.o.tourguide.service.RewardsService     : Checking if the user 4b0a3d6f-3db3-4382-97c2-b259d696569e already get close from Fallingwater
2023-09-27T16:51:41.539+02:00 DEBUG 7856 --- [pool-2-thread-1] c.o.tourguide.service.RewardsService     : Calculate distance between -79.468056/39.906113 and -74.536915/-10.911841
2023-09-27T16:51:41.539+02:00 DEBUG 7856 --- [pool-2-thread-1] c.o.tourguide.service.RewardsService     : Checking if the user 4b0a3d6f-3db3-4382-97c2-b259d696569e already get close from Union Station
2023-09-27T16:51:41.539+02:00 DEBUG 7856 --- [pool-2-thread-1] c.o.tourguide.service.RewardsService     : Calculate distance between -77.006332/38.897095 and -74.536915/-10.911841
2023-09-27T16:51:41.539+02:00 DEBUG 7856 --- [pool-2-thread-1] c.o.tourguide.service.RewardsService     : Checking if the user 4b0a3d6f-3db3-4382-97c2-b259d696569e already get close from Roger Dean Stadium
2023-09-27T16:51:41.539+02:00 DEBUG 7856 --- [pool-2-thread-1] c.o.tourguide.service.RewardsService     : Calculate distance between -80.116577/26.890959 and -74.536915/-10.911841
2023-09-27T16:51:41.539+02:00 DEBUG 7856 --- [pool-2-thread-1] c.o.tourguide.service.RewardsService     : Checking if the user 4b0a3d6f-3db3-4382-97c2-b259d696569e already get close from Texas Memorial Stadium
2023-09-27T16:51:41.539+02:00 DEBUG 7856 --- [pool-2-thread-1] c.o.tourguide.service.RewardsService     : Calculate distance between -97.732536/30.283682 and -74.536915/-10.911841
2023-09-27T16:51:41.539+02:00 DEBUG 7856 --- [pool-2-thread-1] c.o.tourguide.service.RewardsService     : Checking if the user 4b0a3d6f-3db3-4382-97c2-b259d696569e already get close from Bryant-Denny Stadium
2023-09-27T16:51:41.539+02:00 DEBUG 7856 --- [pool-2-thread-1] c.o.tourguide.service.RewardsService     : Calculate distance between -87.550438/33.208973 and -74.536915/-10.911841
2023-09-27T16:51:41.539+02:00 DEBUG 7856 --- [pool-2-thread-1] c.o.tourguide.service.RewardsService     : Checking if the user 4b0a3d6f-3db3-4382-97c2-b259d696569e already get close from Tiger Stadium
2023-09-27T16:51:41.539+02:00 DEBUG 7856 --- [pool-2-thread-1] c.o.tourguide.service.RewardsService     : Calculate distance between -91.183815/30.412035 and -74.536915/-10.911841
2023-09-27T16:51:41.539+02:00 DEBUG 7856 --- [pool-2-thread-1] c.o.tourguide.service.RewardsService     : Checking if the user 4b0a3d6f-3db3-4382-97c2-b259d696569e already get close from Neyland Stadium
2023-09-27T16:51:41.539+02:00 DEBUG 7856 --- [pool-2-thread-1] c.o.tourguide.service.RewardsService     : Calculate distance between -83.925011/35.955013 and -74.536915/-10.911841
2023-09-27T16:51:41.539+02:00 DEBUG 7856 --- [pool-2-thread-1] c.o.tourguide.service.RewardsService     : Checking if the user 4b0a3d6f-3db3-4382-97c2-b259d696569e already get close from Kyle Field
2023-09-27T16:51:41.539+02:00 DEBUG 7856 --- [pool-2-thread-1] c.o.tourguide.service.RewardsService     : Calculate distance between -96.339844/30.61025 and -74.536915/-10.911841
2023-09-27T16:51:41.539+02:00 DEBUG 7856 --- [pool-2-thread-1] c.o.tourguide.service.RewardsService     : Checking if the user 4b0a3d6f-3db3-4382-97c2-b259d696569e already get close from San Diego Zoo
2023-09-27T16:51:41.539+02:00 DEBUG 7856 --- [pool-2-thread-1] c.o.tourguide.service.RewardsService     : Calculate distance between -117.149048/32.735317 and -74.536915/-10.911841
2023-09-27T16:51:41.539+02:00 DEBUG 7856 --- [pool-2-thread-1] c.o.tourguide.service.RewardsService     : Checking if the user 4b0a3d6f-3db3-4382-97c2-b259d696569e already get close from Zoo Tampa at Lowry Park
2023-09-27T16:51:41.539+02:00 DEBUG 7856 --- [pool-2-thread-1] c.o.tourguide.service.RewardsService     : Calculate distance between -82.469269/28.012804 and -74.536915/-10.911841
2023-09-27T16:51:41.539+02:00 DEBUG 7856 --- [pool-2-thread-1] c.o.tourguide.service.RewardsService     : Checking if the user 4b0a3d6f-3db3-4382-97c2-b259d696569e already get close from Franklin Park Zoo
2023-09-27T16:51:41.539+02:00 DEBUG 7856 --- [pool-2-thread-1] c.o.tourguide.service.RewardsService     : Calculate distance between -71.086731/42.302601 and -74.536915/-10.911841
2023-09-27T16:51:41.539+02:00 DEBUG 7856 --- [pool-2-thread-1] c.o.tourguide.service.RewardsService     : Checking if the user 4b0a3d6f-3db3-4382-97c2-b259d696569e already get close from El Paso Zoo
2023-09-27T16:51:41.539+02:00 DEBUG 7856 --- [pool-2-thread-1] c.o.tourguide.service.RewardsService     : Calculate distance between -106.44487/31.769125 and -74.536915/-10.911841
2023-09-27T16:51:41.539+02:00 DEBUG 7856 --- [pool-2-thread-1] c.o.tourguide.service.RewardsService     : Checking if the user 4b0a3d6f-3db3-4382-97c2-b259d696569e already get close from Kansas City Zoo
2023-09-27T16:51:41.539+02:00 DEBUG 7856 --- [pool-2-thread-1] c.o.tourguide.service.RewardsService     : Calculate distance between -94.529625/39.007504 and -74.536915/-10.911841
2023-09-27T16:51:41.539+02:00 DEBUG 7856 --- [pool-2-thread-1] c.o.tourguide.service.RewardsService     : Checking if the user 4b0a3d6f-3db3-4382-97c2-b259d696569e already get close from Bronx Zoo
2023-09-27T16:51:41.539+02:00 DEBUG 7856 --- [pool-2-thread-1] c.o.tourguide.service.RewardsService     : Calculate distance between -73.872971/40.852905 and -74.536915/-10.911841
2023-09-27T16:51:41.539+02:00 DEBUG 7856 --- [pool-2-thread-1] c.o.tourguide.service.RewardsService     : Checking if the user 4b0a3d6f-3db3-4382-97c2-b259d696569e already get close from Cinderella Castle
2023-09-27T16:51:41.539+02:00 DEBUG 7856 --- [pool-2-thread-1] c.o.tourguide.service.RewardsService     : Calculate distance between -81.5812/28.419411 and -74.536915/-10.911841
2023-09-27T16:51:41.539+02:00 DEBUG 7856 --- [pool-2-thread-1] c.o.tourguide.service.RewardsService     : Trying to add 0 rewards
2023-09-27T16:51:41.626+02:00  INFO 7856 --- [pool-2-thread-1] c.o.tourguide.service.TourGuideService   : Adding the current location to the user internalUser5157
2023-09-27T16:51:41.626+02:00 DEBUG 7856 --- [pool-2-thread-1] c.o.tourguide.service.RewardsService     : calculate reward for internalUser5157 on his 5 known locations
2023-09-27T16:51:41.648+02:00 DEBUG 7856 --- [pool-2-thread-1] c.o.tourguide.service.RewardsService     : Checking if the user 35762c0d-10c9-4d36-b370-e00bc320e1d3 already get close from Disneyland
2023-09-27T16:51:41.648+02:00 DEBUG 7856 --- [pool-2-thread-1] c.o.tourguide.service.RewardsService     : Calculate distance between -117.922008/33.817595 and 63.92759794474577/25.58848781706625
2023-09-27T16:51:41.648+02:00 DEBUG 7856 --- [pool-2-thread-1] c.o.tourguide.service.RewardsService     : Checking if the user 35762c0d-10c9-4d36-b370-e00bc320e1d3 already get close from Jackson Hole
2023-09-27T16:51:41.648+02:00 DEBUG 7856 --- [pool-2-thread-1] c.o.tourguide.service.RewardsService     : Calculate distance between -110.821999/43.582767 and 63.92759794474577/25.58848781706625
2023-09-27T16:51:41.648+02:00 DEBUG 7856 --- [pool-2-thread-1] c.o.tourguide.service.RewardsService     : Checking if the user 35762c0d-10c9-4d36-b370-e00bc320e1d3 already get close from Mojave National Preserve
2023-09-27T16:51:41.648+02:00 DEBUG 7856 --- [pool-2-thread-1] c.o.tourguide.service.RewardsService     : Calculate distance between -115.510399/35.141689 and 63.92759794474577/25.58848781706625
2023-09-27T16:51:41.648+02:00 DEBUG 7856 --- [pool-2-thread-1] c.o.tourguide.service.RewardsService     : Checking if the user 35762c0d-10c9-4d36-b370-e00bc320e1d3 already get close from Joshua Tree National Park
2023-09-27T16:51:41.648+02:00 DEBUG 7856 --- [pool-2-thread-1] c.o.tourguide.service.RewardsService     : Calculate distance between -115.90065/33.881866 and 63.92759794474577/25.58848781706625
2023-09-27T16:51:41.648+02:00 DEBUG 7856 --- [pool-2-thread-1] c.o.tourguide.service.RewardsService     : Checking if the user 35762c0d-10c9-4d36-b370-e00bc320e1d3 already get close from Buffalo National River
2023-09-27T16:51:41.648+02:00 DEBUG 7856 --- [pool-2-thread-1] c.o.tourguide.service.RewardsService     : Calculate distance between -92.757652/35.985512 and 63.92759794474577/25.58848781706625
2023-09-27T16:51:41.648+02:00 DEBUG 7856 --- [pool-2-thread-1] c.o.tourguide.service.RewardsService     : Checking if the user 35762c0d-10c9-4d36-b370-e00bc320e1d3 already get close from Hot Springs National Park
2023-09-27T16:51:41.648+02:00 DEBUG 7856 --- [pool-2-thread-1] c.o.tourguide.service.RewardsService     : Calculate distance between -93.042267/34.52153 and 63.92759794474577/25.58848781706625
2023-09-27T16:51:41.648+02:00 DEBUG 7856 --- [pool-2-thread-1] c.o.tourguide.service.RewardsService     : Checking if the user 35762c0d-10c9-4d36-b370-e00bc320e1d3 already get close from Kartchner Caverns State Park
2023-09-27T16:51:41.648+02:00 DEBUG 7856 --- [pool-2-thread-1] c.o.tourguide.service.RewardsService     : Calculate distance between -110.347382/31.837551 and 63.92759794474577/25.58848781706625
2023-09-27T16:51:41.648+02:00 DEBUG 7856 --- [pool-2-thread-1] c.o.tourguide.service.RewardsService     : Checking if the user 35762c0d-10c9-4d36-b370-e00bc320e1d3 already get close from Legend Valley
2023-09-27T16:51:41.648+02:00 DEBUG 7856 --- [pool-2-thread-1] c.o.tourguide.service.RewardsService     : Calculate distance between -82.40667/39.937778 and 63.92759794474577/25.58848781706625
2023-09-27T16:51:41.648+02:00 DEBUG 7856 --- [pool-2-thread-1] c.o.tourguide.service.RewardsService     : Checking if the user 35762c0d-10c9-4d36-b370-e00bc320e1d3 already get close from Flowers Bakery of London
2023-09-27T16:51:41.648+02:00 DEBUG 7856 --- [pool-2-thread-1] c.o.tourguide.service.RewardsService     : Calculate distance between -84.07486/37.131527 and 63.92759794474577/25.58848781706625
2023-09-27T16:51:41.648+02:00 DEBUG 7856 --- [pool-2-thread-1] c.o.tourguide.service.RewardsService     : Checking if the user 35762c0d-10c9-4d36-b370-e00bc320e1d3 already get close from McKinley Tower
2023-09-27T16:51:41.648+02:00 DEBUG 7856 --- [pool-2-thread-1] c.o.tourguide.service.RewardsService     : Calculate distance between -149.877502/61.218887 and 63.92759794474577/25.58848781706625
2023-09-27T16:51:41.648+02:00 DEBUG 7856 --- [pool-2-thread-1] c.o.tourguide.service.RewardsService     : Checking if the user 35762c0d-10c9-4d36-b370-e00bc320e1d3 already get close from Flatiron Building
2023-09-27T16:51:41.648+02:00 DEBUG 7856 --- [pool-2-thread-1] c.o.tourguide.service.RewardsService     : Calculate distance between -73.989723/40.741112 and 63.92759794474577/25.58848781706625
2023-09-27T16:51:41.648+02:00 DEBUG 7856 --- [pool-2-thread-1] c.o.tourguide.service.RewardsService     : Checking if the user 35762c0d-10c9-4d36-b370-e00bc320e1d3 already get close from Fallingwater
2023-09-27T16:51:41.648+02:00 DEBUG 7856 --- [pool-2-thread-1] c.o.tourguide.service.RewardsService     : Calculate distance between -79.468056/39.906113 and 63.92759794474577/25.58848781706625
2023-09-27T16:51:41.648+02:00 DEBUG 7856 --- [pool-2-thread-1] c.o.tourguide.service.RewardsService     : Checking if the user 35762c0d-10c9-4d36-b370-e00bc320e1d3 already get close from Union Station
2023-09-27T16:51:41.648+02:00 DEBUG 7856 --- [pool-2-thread-1] c.o.tourguide.service.RewardsService     : Calculate distance between -77.006332/38.897095 and 63.92759794474577/25.58848781706625
2023-09-27T16:51:41.648+02:00 DEBUG 7856 --- [pool-2-thread-1] c.o.tourguide.service.RewardsService     : Checking if the user 35762c0d-10c9-4d36-b370-e00bc320e1d3 already get close from Roger Dean Stadium
2023-09-27T16:51:41.648+02:00 DEBUG 7856 --- [pool-2-thread-1] c.o.tourguide.service.RewardsService     : Calculate distance between -80.116577/26.890959 and 63.92759794474577/25.58848781706625
2023-09-27T16:51:41.648+02:00 DEBUG 7856 --- [pool-2-thread-1] c.o.tourguide.service.RewardsService     : Checking if the user 35762c0d-10c9-4d36-b370-e00bc320e1d3 already get close from Texas Memorial Stadium
2023-09-27T16:51:41.648+02:00 DEBUG 7856 --- [pool-2-thread-1] c.o.tourguide.service.RewardsService     : Calculate distance between -97.732536/30.283682 and 63.92759794474577/25.58848781706625
2023-09-27T16:51:41.648+02:00 DEBUG 7856 --- [pool-2-thread-1] c.o.tourguide.service.RewardsService     : Checking if the user 35762c0d-10c9-4d36-b370-e00bc320e1d3 already get close from Bryant-Denny Stadium
2023-09-27T16:51:41.648+02:00 DEBUG 7856 --- [pool-2-thread-1] c.o.tourguide.service.RewardsService     : Calculate distance between -87.550438/33.208973 and 63.92759794474577/25.58848781706625
2023-09-27T16:51:41.648+02:00 DEBUG 7856 --- [pool-2-thread-1] c.o.tourguide.service.RewardsService     : Checking if the user 35762c0d-10c9-4d36-b370-e00bc320e1d3 already get close from Tiger Stadium
2023-09-27T16:51:41.648+02:00 DEBUG 7856 --- [pool-2-thread-1] c.o.tourguide.service.RewardsService     : Calculate distance between -91.183815/30.412035 and 63.92759794474577/25.58848781706625
2023-09-27T16:51:41.648+02:00 DEBUG 7856 --- [pool-2-thread-1] c.o.tourguide.service.RewardsService     : Checking if the user 35762c0d-10c9-4d36-b370-e00bc320e1d3 already get close from Neyland Stadium
2023-09-27T16:51:41.648+02:00 DEBUG 7856 --- [pool-2-thread-1] c.o.tourguide.service.RewardsService     : Calculate distance between -83.925011/35.955013 and 63.92759794474577/25.58848781706625
2023-09-27T16:51:41.648+02:00 DEBUG 7856 --- [pool-2-thread-1] c.o.tourguide.service.RewardsService     : Checking if the user 35762c0d-10c9-4d36-b370-e00bc320e1d3 already get close from Kyle Field
2023-09-27T16:51:41.648+02:00 DEBUG 7856 --- [pool-2-thread-1] c.o.tourguide.service.RewardsService     : Calculate distance between -96.339844/30.61025 and 63.92759794474577/25.58848781706625
2023-09-27T16:51:41.648+02:00 DEBUG 7856 --- [pool-2-thread-1] c.o.tourguide.service.RewardsService     : Checking if the user 35762c0d-10c9-4d36-b370-e00bc320e1d3 already get close from San Diego Zoo
2023-09-27T16:51:41.648+02:00 DEBUG 7856 --- [pool-2-thread-1] c.o.tourguide.service.RewardsService     : Calculate distance between -117.149048/32.735317 and 63.92759794474577/25.58848781706625
2023-09-27T16:51:41.648+02:00 DEBUG 7856 --- [pool-2-thread-1] c.o.tourguide.service.RewardsService     : Checking if the user 35762c0d-10c9-4d36-b370-e00bc320e1d3 already get close from Zoo Tampa at Lowry Park
2023-09-27T16:51:41.648+02:00 DEBUG 7856 --- [pool-2-thread-1] c.o.tourguide.service.RewardsService     : Calculate distance between -82.469269/28.012804 and 63.92759794474577/25.58848781706625
2023-09-27T16:51:41.648+02:00 DEBUG 7856 --- [pool-2-thread-1] c.o.tourguide.service.RewardsService     : Checking if the user 35762c0d-10c9-4d36-b370-e00bc320e1d3 already get close from Franklin Park Zoo
2023-09-27T16:51:41.648+02:00 DEBUG 7856 --- [pool-2-thread-1] c.o.tourguide.service.RewardsService     : Calculate distance between -71.086731/42.302601 and 63.92759794474577/25.58848781706625
2023-09-27T16:51:41.648+02:00 DEBUG 7856 --- [pool-2-thread-1] c.o.tourguide.service.RewardsService     : Checking if the user 35762c0d-10c9-4d36-b370-e00bc320e1d3 already get close from El Paso Zoo
2023-09-27T16:51:41.648+02:00 DEBUG 7856 --- [pool-2-thread-1] c.o.tourguide.service.RewardsService     : Calculate distance between -106.44487/31.769125 and 63.92759794474577/25.58848781706625
2023-09-27T16:51:41.648+02:00 DEBUG 7856 --- [pool-2-thread-1] c.o.tourguide.service.RewardsService     : Checking if the user 35762c0d-10c9-4d36-b370-e00bc320e1d3 already get close from Kansas City Zoo
2023-09-27T16:51:41.648+02:00 DEBUG 7856 --- [pool-2-thread-1] c.o.tourguide.service.RewardsService     : Calculate distance between -94.529625/39.007504 and 63.92759794474577/25.58848781706625
2023-09-27T16:51:41.648+02:00 DEBUG 7856 --- [pool-2-thread-1] c.o.tourguide.service.RewardsService     : Checking if the user 35762c0d-10c9-4d36-b370-e00bc320e1d3 already get close from Bronx Zoo
2023-09-27T16:51:41.648+02:00 DEBUG 7856 --- [pool-2-thread-1] c.o.tourguide.service.RewardsService     : Calculate distance between -73.872971/40.852905 and 63.92759794474577/25.58848781706625
2023-09-27T16:51:41.648+02:00 DEBUG 7856 --- [pool-2-thread-1] c.o.tourguide.service.RewardsService     : Checking if the user 35762c0d-10c9-4d36-b370-e00bc320e1d3 already get close from Cinderella Castle
2023-09-27T16:51:41.648+02:00 DEBUG 7856 --- [pool-2-thread-1] c.o.tourguide.service.RewardsService     : Calculate distance between -81.5812/28.419411 and 63.92759794474577/25.58848781706625
2023-09-27T16:51:41.648+02:00 DEBUG 7856 --- [pool-2-thread-1] c.o.tourguide.service.RewardsService     : Checking if the user 35762c0d-10c9-4d36-b370-e00bc320e1d3 already get close from Disneyland
2023-09-27T16:51:41.648+02:00 DEBUG 7856 --- [pool-2-thread-1] c.o.tourguide.service.RewardsService     : Calculate distance between -117.922008/33.817595 and 91.475277544032/-26.28504685595825
2023-09-27T16:51:41.648+02:00 DEBUG 7856 --- [pool-2-thread-1] c.o.tourguide.service.RewardsService     : Checking if the user 35762c0d-10c9-4d36-b370-e00bc320e1d3 already get close from Jackson Hole
2023-09-27T16:51:41.648+02:00 DEBUG 7856 --- [pool-2-thread-1] c.o.tourguide.service.RewardsService     : Calculate distance between -110.821999/43.582767 and 91.475277544032/-26.28504685595825
2023-09-27T16:51:41.648+02:00 DEBUG 7856 --- [pool-2-thread-1] c.o.tourguide.service.RewardsService     : Checking if the user 35762c0d-10c9-4d36-b370-e00bc320e1d3 already get close from Mojave National Preserve
2023-09-27T16:51:41.648+02:00 DEBUG 7856 --- [pool-2-thread-1] c.o.tourguide.service.RewardsService     : Calculate distance between -115.510399/35.141689 and 91.475277544032/-26.28504685595825
2023-09-27T16:51:41.648+02:00 DEBUG 7856 --- [pool-2-thread-1] c.o.tourguide.service.RewardsService     : Checking if the user 35762c0d-10c9-4d36-b370-e00bc320e1d3 already get close from Joshua Tree National Park
2023-09-27T16:51:41.648+02:00 DEBUG 7856 --- [pool-2-thread-1] c.o.tourguide.service.RewardsService     : Calculate distance between -115.90065/33.881866 and 91.475277544032/-26.28504685595825
2023-09-27T16:51:41.648+02:00 DEBUG 7856 --- [pool-2-thread-1] c.o.tourguide.service.RewardsService     : Checking if the user 35762c0d-10c9-4d36-b370-e00bc320e1d3 already get close from Buffalo National River
2023-09-27T16:51:41.648+02:00 DEBUG 7856 --- [pool-2-thread-1] c.o.tourguide.service.RewardsService     : Calculate distance between -92.757652/35.985512 and 91.475277544032/-26.28504685595825
2023-09-27T16:51:41.648+02:00 DEBUG 7856 --- [pool-2-thread-1] c.o.tourguide.service.RewardsService     : Checking if the user 35762c0d-10c9-4d36-b370-e00bc320e1d3 already get close from Hot Springs National Park
2023-09-27T16:51:41.648+02:00 DEBUG 7856 --- [pool-2-thread-1] c.o.tourguide.service.RewardsService     : Calculate distance between -93.042267/34.52153 and 91.475277544032/-26.28504685595825
2023-09-27T16:51:41.648+02:00 DEBUG 7856 --- [pool-2-thread-1] c.o.tourguide.service.RewardsService     : Checking if the user 35762c0d-10c9-4d36-b370-e00bc320e1d3 already get close from Kartchner Caverns State Park
2023-09-27T16:51:41.648+02:00 DEBUG 7856 --- [pool-2-thread-1] c.o.tourguide.service.RewardsService     : Calculate distance between -110.347382/31.837551 and 91.475277544032/-26.28504685595825
2023-09-27T16:51:41.648+02:00 DEBUG 7856 --- [pool-2-thread-1] c.o.tourguide.service.RewardsService     : Checking if the user 35762c0d-10c9-4d36-b370-e00bc320e1d3 already get close from Legend Valley
2023-09-27T16:51:41.648+02:00 DEBUG 7856 --- [pool-2-thread-1] c.o.tourguide.service.RewardsService     : Calculate distance between -82.40667/39.937778 and 91.475277544032/-26.28504685595825
2023-09-27T16:51:41.648+02:00 DEBUG 7856 --- [pool-2-thread-1] c.o.tourguide.service.RewardsService     : Checking if the user 35762c0d-10c9-4d36-b370-e00bc320e1d3 already get close from Flowers Bakery of London
2023-09-27T16:51:41.648+02:00 DEBUG 7856 --- [pool-2-thread-1] c.o.tourguide.service.RewardsService     : Calculate distance between -84.07486/37.131527 and 91.475277544032/-26.28504685595825
2023-09-27T16:51:41.648+02:00 DEBUG 7856 --- [pool-2-thread-1] c.o.tourguide.service.RewardsService     : Checking if the user 35762c0d-10c9-4d36-b370-e00bc320e1d3 already get close from McKinley Tower
2023-09-27T16:51:41.648+02:00 DEBUG 7856 --- [pool-2-thread-1] c.o.tourguide.service.RewardsService     : Calculate distance between -149.877502/61.218887 and 91.475277544032/-26.28504685595825
2023-09-27T16:51:41.648+02:00 DEBUG 7856 --- [pool-2-thread-1] c.o.tourguide.service.RewardsService     : Checking if the user 35762c0d-10c9-4d36-b370-e00bc320e1d3 already get close from Flatiron Building
2023-09-27T16:51:41.648+02:00 DEBUG 7856 --- [pool-2-thread-1] c.o.tourguide.service.RewardsService     : Calculate distance between -73.989723/40.741112 and 91.475277544032/-26.28504685595825
2023-09-27T16:51:41.648+02:00 DEBUG 7856 --- [pool-2-thread-1] c.o.tourguide.service.RewardsService     : Checking if the user 35762c0d-10c9-4d36-b370-e00bc320e1d3 already get close from Fallingwater
2023-09-27T16:51:41.648+02:00 DEBUG 7856 --- [pool-2-thread-1] c.o.tourguide.service.RewardsService     : Calculate distance between -79.468056/39.906113 and 91.475277544032/-26.28504685595825
2023-09-27T16:51:41.648+02:00 DEBUG 7856 --- [pool-2-thread-1] c.o.tourguide.service.RewardsService     : Checking if the user 35762c0d-10c9-4d36-b370-e00bc320e1d3 already get close from Union Station
2023-09-27T16:51:41.648+02:00 DEBUG 7856 --- [pool-2-thread-1] c.o.tourguide.service.RewardsService     : Calculate distance between -77.006332/38.897095 and 91.475277544032/-26.28504685595825
2023-09-27T16:51:41.648+02:00 DEBUG 7856 --- [pool-2-thread-1] c.o.tourguide.service.RewardsService     : Checking if the user 35762c0d-10c9-4d36-b370-e00bc320e1d3 already get close from Roger Dean Stadium
2023-09-27T16:51:41.648+02:00 DEBUG 7856 --- [pool-2-thread-1] c.o.tourguide.service.RewardsService     : Calculate distance between -80.116577/26.890959 and 91.475277544032/-26.28504685595825
2023-09-27T16:51:41.648+02:00 DEBUG 7856 --- [pool-2-thread-1] c.o.tourguide.service.RewardsService     : Checking if the user 35762c0d-10c9-4d36-b370-e00bc320e1d3 already get close from Texas Memorial Stadium
2023-09-27T16:51:41.648+02:00 DEBUG 7856 --- [pool-2-thread-1] c.o.tourguide.service.RewardsService     : Calculate distance between -97.732536/30.283682 and 91.475277544032/-26.28504685595825
2023-09-27T16:51:41.648+02:00 DEBUG 7856 --- [pool-2-thread-1] c.o.tourguide.service.RewardsService     : Checking if the user 35762c0d-10c9-4d36-b370-e00bc320e1d3 already get close from Bryant-Denny Stadium
2023-09-27T16:51:41.648+02:00 DEBUG 7856 --- [pool-2-thread-1] c.o.tourguide.service.RewardsService     : Calculate distance between -87.550438/33.208973 and 91.475277544032/-26.28504685595825
2023-09-27T16:51:41.648+02:00 DEBUG 7856 --- [pool-2-thread-1] c.o.tourguide.service.RewardsService     : Checking if the user 35762c0d-10c9-4d36-b370-e00bc320e1d3 already get close from Tiger Stadium
2023-09-27T16:51:41.648+02:00 DEBUG 7856 --- [pool-2-thread-1] c.o.tourguide.service.RewardsService     : Calculate distance between -91.183815/30.412035 and 91.475277544032/-26.28504685595825
2023-09-27T16:51:41.648+02:00 DEBUG 7856 --- [pool-2-thread-1] c.o.tourguide.service.RewardsService     : Checking if the user 35762c0d-10c9-4d36-b370-e00bc320e1d3 already get close from Neyland Stadium
2023-09-27T16:51:41.648+02:00 DEBUG 7856 --- [pool-2-thread-1] c.o.tourguide.service.RewardsService     : Calculate distance between -83.925011/35.955013 and 91.475277544032/-26.28504685595825
2023-09-27T16:51:41.648+02:00 DEBUG 7856 --- [pool-2-thread-1] c.o.tourguide.service.RewardsService     : Checking if the user 35762c0d-10c9-4d36-b370-e00bc320e1d3 already get close from Kyle Field
2023-09-27T16:51:41.648+02:00 DEBUG 7856 --- [pool-2-thread-1] c.o.tourguide.service.RewardsService     : Calculate distance between -96.339844/30.61025 and 91.475277544032/-26.28504685595825
2023-09-27T16:51:41.648+02:00 DEBUG 7856 --- [pool-2-thread-1] c.o.tourguide.service.RewardsService     : Checking if the user 35762c0d-10c9-4d36-b370-e00bc320e1d3 already get close from San Diego Zoo
2023-09-27T16:51:41.649+02:00 DEBUG 7856 --- [pool-2-thread-1] c.o.tourguide.service.RewardsService     : Calculate distance between -117.149048/32.735317 and 91.475277544032/-26.28504685595825
2023-09-27T16:51:41.649+02:00 DEBUG 7856 --- [pool-2-thread-1] c.o.tourguide.service.RewardsService     : Checking if the user 35762c0d-10c9-4d36-b370-e00bc320e1d3 already get close from Zoo Tampa at Lowry Park
2023-09-27T16:51:41.649+02:00 DEBUG 7856 --- [pool-2-thread-1] c.o.tourguide.service.RewardsService     : Calculate distance between -82.469269/28.012804 and 91.475277544032/-26.28504685595825
2023-09-27T16:51:41.649+02:00 DEBUG 7856 --- [pool-2-thread-1] c.o.tourguide.service.RewardsService     : Checking if the user 35762c0d-10c9-4d36-b370-e00bc320e1d3 already get close from Franklin Park Zoo
2023-09-27T16:51:41.649+02:00 DEBUG 7856 --- [pool-2-thread-1] c.o.tourguide.service.RewardsService     : Calculate distance between -71.086731/42.302601 and 91.475277544032/-26.28504685595825
2023-09-27T16:51:41.649+02:00 DEBUG 7856 --- [pool-2-thread-1] c.o.tourguide.service.RewardsService     : Checking if the user 35762c0d-10c9-4d36-b370-e00bc320e1d3 already get close from El Paso Zoo
2023-09-27T16:51:41.649+02:00 DEBUG 7856 --- [pool-2-thread-1] c.o.tourguide.service.RewardsService     : Calculate distance between -106.44487/31.769125 and 91.475277544032/-26.28504685595825
2023-09-27T16:51:41.649+02:00 DEBUG 7856 --- [pool-2-thread-1] c.o.tourguide.service.RewardsService     : Checking if the user 35762c0d-10c9-4d36-b370-e00bc320e1d3 already get close from Kansas City Zoo
2023-09-27T16:51:41.649+02:00 DEBUG 7856 --- [pool-2-thread-1] c.o.tourguide.service.RewardsService     : Calculate distance between -94.529625/39.007504 and 91.475277544032/-26.28504685595825
2023-09-27T16:51:41.649+02:00 DEBUG 7856 --- [pool-2-thread-1] c.o.tourguide.service.RewardsService     : Checking if the user 35762c0d-10c9-4d36-b370-e00bc320e1d3 already get close from Bronx Zoo
2023-09-27T16:51:41.649+02:00 DEBUG 7856 --- [pool-2-thread-1] c.o.tourguide.service.RewardsService     : Calculate distance between -73.872971/40.852905 and 91.475277544032/-26.28504685595825
2023-09-27T16:51:41.649+02:00 DEBUG 7856 --- [pool-2-thread-1] c.o.tourguide.service.RewardsService     : Checking if the user 35762c0d-10c9-4d36-b370-e00bc320e1d3 already get close from Cinderella Castle
2023-09-27T16:51:41.649+02:00 DEBUG 7856 --- [pool-2-thread-1] c.o.tourguide.service.RewardsService     : Calculate distance between -81.5812/28.419411 and 91.475277544032/-26.28504685595825
2023-09-27T16:51:41.649+02:00 DEBUG 7856 --- [pool-2-thread-1] c.o.tourguide.service.RewardsService     : Checking if the user 35762c0d-10c9-4d36-b370-e00bc320e1d3 already get close from Disneyland
2023-09-27T16:51:41.649+02:00 DEBUG 7856 --- [pool-2-thread-1] c.o.tourguide.service.RewardsService     : Calculate distance between -117.922008/33.817595 and -101.88820121489005/38.70732952042948
2023-09-27T16:51:41.649+02:00 DEBUG 7856 --- [pool-2-thread-1] c.o.tourguide.service.RewardsService     : Checking if the user 35762c0d-10c9-4d36-b370-e00bc320e1d3 already get close from Jackson Hole
2023-09-27T16:51:41.649+02:00 DEBUG 7856 --- [pool-2-thread-1] c.o.tourguide.service.RewardsService     : Calculate distance between -110.821999/43.582767 and -101.88820121489005/38.70732952042948
2023-09-27T16:51:41.649+02:00 DEBUG 7856 --- [pool-2-thread-1] c.o.tourguide.service.RewardsService     : Checking if the user 35762c0d-10c9-4d36-b370-e00bc320e1d3 already get close from Mojave National Preserve
2023-09-27T16:51:41.649+02:00 DEBUG 7856 --- [pool-2-thread-1] c.o.tourguide.service.RewardsService     : Calculate distance between -115.510399/35.141689 and -101.88820121489005/38.70732952042948
2023-09-27T16:51:41.649+02:00 DEBUG 7856 --- [pool-2-thread-1] c.o.tourguide.service.RewardsService     : Checking if the user 35762c0d-10c9-4d36-b370-e00bc320e1d3 already get close from Joshua Tree National Park
2023-09-27T16:51:41.649+02:00 DEBUG 7856 --- [pool-2-thread-1] c.o.tourguide.service.RewardsService     : Calculate distance between -115.90065/33.881866 and -101.88820121489005/38.70732952042948
2023-09-27T16:51:41.649+02:00 DEBUG 7856 --- [pool-2-thread-1] c.o.tourguide.service.RewardsService     : Checking if the user 35762c0d-10c9-4d36-b370-e00bc320e1d3 already get close from Buffalo National River
2023-09-27T16:51:41.649+02:00 DEBUG 7856 --- [pool-2-thread-1] c.o.tourguide.service.RewardsService     : Calculate distance between -92.757652/35.985512 and -101.88820121489005/38.70732952042948
2023-09-27T16:51:41.649+02:00 DEBUG 7856 --- [pool-2-thread-1] c.o.tourguide.service.RewardsService     : Checking if the user 35762c0d-10c9-4d36-b370-e00bc320e1d3 already get close from Hot Springs National Park
2023-09-27T16:51:41.649+02:00 DEBUG 7856 --- [pool-2-thread-1] c.o.tourguide.service.RewardsService     : Calculate distance between -93.042267/34.52153 and -101.88820121489005/38.70732952042948
2023-09-27T16:51:41.649+02:00 DEBUG 7856 --- [pool-2-thread-1] c.o.tourguide.service.RewardsService     : Checking if the user 35762c0d-10c9-4d36-b370-e00bc320e1d3 already get close from Kartchner Caverns State Park
2023-09-27T16:51:41.649+02:00 DEBUG 7856 --- [pool-2-thread-1] c.o.tourguide.service.RewardsService     : Calculate distance between -110.347382/31.837551 and -101.88820121489005/38.70732952042948
2023-09-27T16:51:41.649+02:00 DEBUG 7856 --- [pool-2-thread-1] c.o.tourguide.service.RewardsService     : Checking if the user 35762c0d-10c9-4d36-b370-e00bc320e1d3 already get close from Legend Valley
2023-09-27T16:51:41.649+02:00 DEBUG 7856 --- [pool-2-thread-1] c.o.tourguide.service.RewardsService     : Calculate distance between -82.40667/39.937778 and -101.88820121489005/38.70732952042948
2023-09-27T16:51:41.649+02:00 DEBUG 7856 --- [pool-2-thread-1] c.o.tourguide.service.RewardsService     : Checking if the user 35762c0d-10c9-4d36-b370-e00bc320e1d3 already get close from Flowers Bakery of London
2023-09-27T16:51:41.649+02:00 DEBUG 7856 --- [pool-2-thread-1] c.o.tourguide.service.RewardsService     : Calculate distance between -84.07486/37.131527 and -101.88820121489005/38.70732952042948
2023-09-27T16:51:41.649+02:00 DEBUG 7856 --- [pool-2-thread-1] c.o.tourguide.service.RewardsService     : Checking if the user 35762c0d-10c9-4d36-b370-e00bc320e1d3 already get close from McKinley Tower
2023-09-27T16:51:41.649+02:00 DEBUG 7856 --- [pool-2-thread-1] c.o.tourguide.service.RewardsService     : Calculate distance between -149.877502/61.218887 and -101.88820121489005/38.70732952042948
2023-09-27T16:51:41.649+02:00 DEBUG 7856 --- [pool-2-thread-1] c.o.tourguide.service.RewardsService     : Checking if the user 35762c0d-10c9-4d36-b370-e00bc320e1d3 already get close from Flatiron Building
2023-09-27T16:51:41.649+02:00 DEBUG 7856 --- [pool-2-thread-1] c.o.tourguide.service.RewardsService     : Calculate distance between -73.989723/40.741112 and -101.88820121489005/38.70732952042948
2023-09-27T16:51:41.649+02:00 DEBUG 7856 --- [pool-2-thread-1] c.o.tourguide.service.RewardsService     : Checking if the user 35762c0d-10c9-4d36-b370-e00bc320e1d3 already get close from Fallingwater
2023-09-27T16:51:41.649+02:00 DEBUG 7856 --- [pool-2-thread-1] c.o.tourguide.service.RewardsService     : Calculate distance between -79.468056/39.906113 and -101.88820121489005/38.70732952042948
2023-09-27T16:51:41.649+02:00 DEBUG 7856 --- [pool-2-thread-1] c.o.tourguide.service.RewardsService     : Checking if the user 35762c0d-10c9-4d36-b370-e00bc320e1d3 already get close from Union Station
2023-09-27T16:51:41.649+02:00 DEBUG 7856 --- [pool-2-thread-1] c.o.tourguide.service.RewardsService     : Calculate distance between -77.006332/38.897095 and -101.88820121489005/38.70732952042948
2023-09-27T16:51:41.649+02:00 DEBUG 7856 --- [pool-2-thread-1] c.o.tourguide.service.RewardsService     : Checking if the user 35762c0d-10c9-4d36-b370-e00bc320e1d3 already get close from Roger Dean Stadium
2023-09-27T16:51:41.649+02:00 DEBUG 7856 --- [pool-2-thread-1] c.o.tourguide.service.RewardsService     : Calculate distance between -80.116577/26.890959 and -101.88820121489005/38.70732952042948
2023-09-27T16:51:41.649+02:00 DEBUG 7856 --- [pool-2-thread-1] c.o.tourguide.service.RewardsService     : Checking if the user 35762c0d-10c9-4d36-b370-e00bc320e1d3 already get close from Texas Memorial Stadium
2023-09-27T16:51:41.649+02:00 DEBUG 7856 --- [pool-2-thread-1] c.o.tourguide.service.RewardsService     : Calculate distance between -97.732536/30.283682 and -101.88820121489005/38.70732952042948
2023-09-27T16:51:41.649+02:00 DEBUG 7856 --- [pool-2-thread-1] c.o.tourguide.service.RewardsService     : Checking if the user 35762c0d-10c9-4d36-b370-e00bc320e1d3 already get close from Bryant-Denny Stadium
2023-09-27T16:51:41.649+02:00 DEBUG 7856 --- [pool-2-thread-1] c.o.tourguide.service.RewardsService     : Calculate distance between -87.550438/33.208973 and -101.88820121489005/38.70732952042948
2023-09-27T16:51:41.649+02:00 DEBUG 7856 --- [pool-2-thread-1] c.o.tourguide.service.RewardsService     : Checking if the user 35762c0d-10c9-4d36-b370-e00bc320e1d3 already get close from Tiger Stadium
2023-09-27T16:51:41.649+02:00 DEBUG 7856 --- [pool-2-thread-1] c.o.tourguide.service.RewardsService     : Calculate distance between -91.183815/30.412035 and -101.88820121489005/38.70732952042948
2023-09-27T16:51:41.649+02:00 DEBUG 7856 --- [pool-2-thread-1] c.o.tourguide.service.RewardsService     : Checking if the user 35762c0d-10c9-4d36-b370-e00bc320e1d3 already get close from Neyland Stadium
2023-09-27T16:51:41.649+02:00 DEBUG 7856 --- [pool-2-thread-1] c.o.tourguide.service.RewardsService     : Calculate distance between -83.925011/35.955013 and -101.88820121489005/38.70732952042948
2023-09-27T16:51:41.649+02:00 DEBUG 7856 --- [pool-2-thread-1] c.o.tourguide.service.RewardsService     : Checking if the user 35762c0d-10c9-4d36-b370-e00bc320e1d3 already get close from Kyle Field
2023-09-27T16:51:41.649+02:00 DEBUG 7856 --- [pool-2-thread-1] c.o.tourguide.service.RewardsService     : Calculate distance between -96.339844/30.61025 and -101.88820121489005/38.70732952042948
2023-09-27T16:51:41.649+02:00 DEBUG 7856 --- [pool-2-thread-1] c.o.tourguide.service.RewardsService     : Checking if the user 35762c0d-10c9-4d36-b370-e00bc320e1d3 already get close from San Diego Zoo
2023-09-27T16:51:41.649+02:00 DEBUG 7856 --- [pool-2-thread-1] c.o.tourguide.service.RewardsService     : Calculate distance between -117.149048/32.735317 and -101.88820121489005/38.70732952042948
2023-09-27T16:51:41.649+02:00 DEBUG 7856 --- [pool-2-thread-1] c.o.tourguide.service.RewardsService     : Checking if the user 35762c0d-10c9-4d36-b370-e00bc320e1d3 already get close from Zoo Tampa at Lowry Park
2023-09-27T16:51:41.649+02:00 DEBUG 7856 --- [pool-2-thread-1] c.o.tourguide.service.RewardsService     : Calculate distance between -82.469269/28.012804 and -101.88820121489005/38.70732952042948
2023-09-27T16:51:41.649+02:00 DEBUG 7856 --- [pool-2-thread-1] c.o.tourguide.service.RewardsService     : Checking if the user 35762c0d-10c9-4d36-b370-e00bc320e1d3 already get close from Franklin Park Zoo
2023-09-27T16:51:41.649+02:00 DEBUG 7856 --- [pool-2-thread-1] c.o.tourguide.service.RewardsService     : Calculate distance between -71.086731/42.302601 and -101.88820121489005/38.70732952042948
2023-09-27T16:51:41.649+02:00 DEBUG 7856 --- [pool-2-thread-1] c.o.tourguide.service.RewardsService     : Checking if the user 35762c0d-10c9-4d36-b370-e00bc320e1d3 already get close from El Paso Zoo
2023-09-27T16:51:41.649+02:00 DEBUG 7856 --- [pool-2-thread-1] c.o.tourguide.service.RewardsService     : Calculate distance between -106.44487/31.769125 and -101.88820121489005/38.70732952042948
2023-09-27T16:51:41.649+02:00 DEBUG 7856 --- [pool-2-thread-1] c.o.tourguide.service.RewardsService     : Checking if the user 35762c0d-10c9-4d36-b370-e00bc320e1d3 already get close from Kansas City Zoo
2023-09-27T16:51:41.649+02:00 DEBUG 7856 --- [pool-2-thread-1] c.o.tourguide.service.RewardsService     : Calculate distance between -94.529625/39.007504 and -101.88820121489005/38.70732952042948
2023-09-27T16:51:41.649+02:00 DEBUG 7856 --- [pool-2-thread-1] c.o.tourguide.service.RewardsService     : Checking if the user 35762c0d-10c9-4d36-b370-e00bc320e1d3 already get close from Bronx Zoo
2023-09-27T16:51:41.649+02:00 DEBUG 7856 --- [pool-2-thread-1] c.o.tourguide.service.RewardsService     : Calculate distance between -73.872971/40.852905 and -101.88820121489005/38.70732952042948
2023-09-27T16:51:41.649+02:00 DEBUG 7856 --- [pool-2-thread-1] c.o.tourguide.service.RewardsService     : Checking if the user 35762c0d-10c9-4d36-b370-e00bc320e1d3 already get close from Cinderella Castle
2023-09-27T16:51:41.649+02:00 DEBUG 7856 --- [pool-2-thread-1] c.o.tourguide.service.RewardsService     : Calculate distance between -81.5812/28.419411 and -101.88820121489005/38.70732952042948
2023-09-27T16:51:41.649+02:00 DEBUG 7856 --- [pool-2-thread-1] c.o.tourguide.service.RewardsService     : Checking if the user 35762c0d-10c9-4d36-b370-e00bc320e1d3 already get close from Disneyland
2023-09-27T16:51:41.649+02:00 DEBUG 7856 --- [pool-2-thread-1] c.o.tourguide.service.RewardsService     : Calculate distance between -117.922008/33.817595 and 139.494995/-81.152686
2023-09-27T16:51:41.649+02:00 DEBUG 7856 --- [pool-2-thread-1] c.o.tourguide.service.RewardsService     : Checking if the user 35762c0d-10c9-4d36-b370-e00bc320e1d3 already get close from Jackson Hole
2023-09-27T16:51:41.649+02:00 DEBUG 7856 --- [pool-2-thread-1] c.o.tourguide.service.RewardsService     : Calculate distance between -110.821999/43.582767 and 139.494995/-81.152686
2023-09-27T16:51:41.649+02:00 DEBUG 7856 --- [pool-2-thread-1] c.o.tourguide.service.RewardsService     : Checking if the user 35762c0d-10c9-4d36-b370-e00bc320e1d3 already get close from Mojave National Preserve
2023-09-27T16:51:41.649+02:00 DEBUG 7856 --- [pool-2-thread-1] c.o.tourguide.service.RewardsService     : Calculate distance between -115.510399/35.141689 and 139.494995/-81.152686
2023-09-27T16:51:41.649+02:00 DEBUG 7856 --- [pool-2-thread-1] c.o.tourguide.service.RewardsService     : Checking if the user 35762c0d-10c9-4d36-b370-e00bc320e1d3 already get close from Joshua Tree National Park
2023-09-27T16:51:41.649+02:00 DEBUG 7856 --- [pool-2-thread-1] c.o.tourguide.service.RewardsService     : Calculate distance between -115.90065/33.881866 and 139.494995/-81.152686
2023-09-27T16:51:41.649+02:00 DEBUG 7856 --- [pool-2-thread-1] c.o.tourguide.service.RewardsService     : Checking if the user 35762c0d-10c9-4d36-b370-e00bc320e1d3 already get close from Buffalo National River
2023-09-27T16:51:41.649+02:00 DEBUG 7856 --- [pool-2-thread-1] c.o.tourguide.service.RewardsService     : Calculate distance between -92.757652/35.985512 and 139.494995/-81.152686
2023-09-27T16:51:41.649+02:00 DEBUG 7856 --- [pool-2-thread-1] c.o.tourguide.service.RewardsService     : Checking if the user 35762c0d-10c9-4d36-b370-e00bc320e1d3 already get close from Hot Springs National Park
2023-09-27T16:51:41.649+02:00 DEBUG 7856 --- [pool-2-thread-1] c.o.tourguide.service.RewardsService     : Calculate distance between -93.042267/34.52153 and 139.494995/-81.152686
2023-09-27T16:51:41.649+02:00 DEBUG 7856 --- [pool-2-thread-1] c.o.tourguide.service.RewardsService     : Checking if the user 35762c0d-10c9-4d36-b370-e00bc320e1d3 already get close from Kartchner Caverns State Park
2023-09-27T16:51:41.649+02:00 DEBUG 7856 --- [pool-2-thread-1] c.o.tourguide.service.RewardsService     : Calculate distance between -110.347382/31.837551 and 139.494995/-81.152686
2023-09-27T16:51:41.649+02:00 DEBUG 7856 --- [pool-2-thread-1] c.o.tourguide.service.RewardsService     : Checking if the user 35762c0d-10c9-4d36-b370-e00bc320e1d3 already get close from Legend Valley
2023-09-27T16:51:41.649+02:00 DEBUG 7856 --- [pool-2-thread-1] c.o.tourguide.service.RewardsService     : Calculate distance between -82.40667/39.937778 and 139.494995/-81.152686
2023-09-27T16:51:41.649+02:00 DEBUG 7856 --- [pool-2-thread-1] c.o.tourguide.service.RewardsService     : Checking if the user 35762c0d-10c9-4d36-b370-e00bc320e1d3 already get close from Flowers Bakery of London
2023-09-27T16:51:41.649+02:00 DEBUG 7856 --- [pool-2-thread-1] c.o.tourguide.service.RewardsService     : Calculate distance between -84.07486/37.131527 and 139.494995/-81.152686
2023-09-27T16:51:41.649+02:00 DEBUG 7856 --- [pool-2-thread-1] c.o.tourguide.service.RewardsService     : Checking if the user 35762c0d-10c9-4d36-b370-e00bc320e1d3 already get close from McKinley Tower
2023-09-27T16:51:41.649+02:00 DEBUG 7856 --- [pool-2-thread-1] c.o.tourguide.service.RewardsService     : Calculate distance between -149.877502/61.218887 and 139.494995/-81.152686
2023-09-27T16:51:41.649+02:00 DEBUG 7856 --- [pool-2-thread-1] c.o.tourguide.service.RewardsService     : Checking if the user 35762c0d-10c9-4d36-b370-e00bc320e1d3 already get close from Flatiron Building
2023-09-27T16:51:41.649+02:00 DEBUG 7856 --- [pool-2-thread-1] c.o.tourguide.service.RewardsService     : Calculate distance between -73.989723/40.741112 and 139.494995/-81.152686
2023-09-27T16:51:41.649+02:00 DEBUG 7856 --- [pool-2-thread-1] c.o.tourguide.service.RewardsService     : Checking if the user 35762c0d-10c9-4d36-b370-e00bc320e1d3 already get close from Fallingwater
2023-09-27T16:51:41.649+02:00 DEBUG 7856 --- [pool-2-thread-1] c.o.tourguide.service.RewardsService     : Calculate distance between -79.468056/39.906113 and 139.494995/-81.152686
2023-09-27T16:51:41.649+02:00 DEBUG 7856 --- [pool-2-thread-1] c.o.tourguide.service.RewardsService     : Checking if the user 35762c0d-10c9-4d36-b370-e00bc320e1d3 already get close from Union Station
2023-09-27T16:51:41.649+02:00 DEBUG 7856 --- [pool-2-thread-1] c.o.tourguide.service.RewardsService     : Calculate distance between -77.006332/38.897095 and 139.494995/-81.152686
2023-09-27T16:51:41.649+02:00 DEBUG 7856 --- [pool-2-thread-1] c.o.tourguide.service.RewardsService     : Checking if the user 35762c0d-10c9-4d36-b370-e00bc320e1d3 already get close from Roger Dean Stadium
2023-09-27T16:51:41.649+02:00 DEBUG 7856 --- [pool-2-thread-1] c.o.tourguide.service.RewardsService     : Calculate distance between -80.116577/26.890959 and 139.494995/-81.152686
2023-09-27T16:51:41.649+02:00 DEBUG 7856 --- [pool-2-thread-1] c.o.tourguide.service.RewardsService     : Checking if the user 35762c0d-10c9-4d36-b370-e00bc320e1d3 already get close from Texas Memorial Stadium
2023-09-27T16:51:41.649+02:00 DEBUG 7856 --- [pool-2-thread-1] c.o.tourguide.service.RewardsService     : Calculate distance between -97.732536/30.283682 and 139.494995/-81.152686
2023-09-27T16:51:41.649+02:00 DEBUG 7856 --- [pool-2-thread-1] c.o.tourguide.service.RewardsService     : Checking if the user 35762c0d-10c9-4d36-b370-e00bc320e1d3 already get close from Bryant-Denny Stadium
2023-09-27T16:51:41.649+02:00 DEBUG 7856 --- [pool-2-thread-1] c.o.tourguide.service.RewardsService     : Calculate distance between -87.550438/33.208973 and 139.494995/-81.152686
2023-09-27T16:51:41.649+02:00 DEBUG 7856 --- [pool-2-thread-1] c.o.tourguide.service.RewardsService     : Checking if the user 35762c0d-10c9-4d36-b370-e00bc320e1d3 already get close from Tiger Stadium
2023-09-27T16:51:41.649+02:00 DEBUG 7856 --- [pool-2-thread-1] c.o.tourguide.service.RewardsService     : Calculate distance between -91.183815/30.412035 and 139.494995/-81.152686
2023-09-27T16:51:41.649+02:00 DEBUG 7856 --- [pool-2-thread-1] c.o.tourguide.service.RewardsService     : Checking if the user 35762c0d-10c9-4d36-b370-e00bc320e1d3 already get close from Neyland Stadium
2023-09-27T16:51:41.649+02:00 DEBUG 7856 --- [pool-2-thread-1] c.o.tourguide.service.RewardsService     : Calculate distance between -83.925011/35.955013 and 139.494995/-81.152686
2023-09-27T16:51:41.649+02:00 DEBUG 7856 --- [pool-2-thread-1] c.o.tourguide.service.RewardsService     : Checking if the user 35762c0d-10c9-4d36-b370-e00bc320e1d3 already get close from Kyle Field
2023-09-27T16:51:41.649+02:00 DEBUG 7856 --- [pool-2-thread-1] c.o.tourguide.service.RewardsService     : Calculate distance between -96.339844/30.61025 and 139.494995/-81.152686
2023-09-27T16:51:41.649+02:00 DEBUG 7856 --- [pool-2-thread-1] c.o.tourguide.service.RewardsService     : Checking if the user 35762c0d-10c9-4d36-b370-e00bc320e1d3 already get close from San Diego Zoo
2023-09-27T16:51:41.649+02:00 DEBUG 7856 --- [pool-2-thread-1] c.o.tourguide.service.RewardsService     : Calculate distance between -117.149048/32.735317 and 139.494995/-81.152686
2023-09-27T16:51:41.649+02:00 DEBUG 7856 --- [pool-2-thread-1] c.o.tourguide.service.RewardsService     : Checking if the user 35762c0d-10c9-4d36-b370-e00bc320e1d3 already get close from Zoo Tampa at Lowry Park
2023-09-27T16:51:41.649+02:00 DEBUG 7856 --- [pool-2-thread-1] c.o.tourguide.service.RewardsService     : Calculate distance between -82.469269/28.012804 and 139.494995/-81.152686
2023-09-27T16:51:41.649+02:00 DEBUG 7856 --- [pool-2-thread-1] c.o.tourguide.service.RewardsService     : Checking if the user 35762c0d-10c9-4d36-b370-e00bc320e1d3 already get close from Franklin Park Zoo
2023-09-27T16:51:41.649+02:00 DEBUG 7856 --- [pool-2-thread-1] c.o.tourguide.service.RewardsService     : Calculate distance between -71.086731/42.302601 and 139.494995/-81.152686
2023-09-27T16:51:41.649+02:00 DEBUG 7856 --- [pool-2-thread-1] c.o.tourguide.service.RewardsService     : Checking if the user 35762c0d-10c9-4d36-b370-e00bc320e1d3 already get close from El Paso Zoo
2023-09-27T16:51:41.650+02:00 DEBUG 7856 --- [pool-2-thread-1] c.o.tourguide.service.RewardsService     : Calculate distance between -106.44487/31.769125 and 139.494995/-81.152686
2023-09-27T16:51:41.650+02:00 DEBUG 7856 --- [pool-2-thread-1] c.o.tourguide.service.RewardsService     : Checking if the user 35762c0d-10c9-4d36-b370-e00bc320e1d3 already get close from Kansas City Zoo
2023-09-27T16:51:41.650+02:00 DEBUG 7856 --- [pool-2-thread-1] c.o.tourguide.service.RewardsService     : Calculate distance between -94.529625/39.007504 and 139.494995/-81.152686
2023-09-27T16:51:41.650+02:00 DEBUG 7856 --- [pool-2-thread-1] c.o.tourguide.service.RewardsService     : Checking if the user 35762c0d-10c9-4d36-b370-e00bc320e1d3 already get close from Bronx Zoo
2023-09-27T16:51:41.650+02:00 DEBUG 7856 --- [pool-2-thread-1] c.o.tourguide.service.RewardsService     : Calculate distance between -73.872971/40.852905 and 139.494995/-81.152686
2023-09-27T16:51:41.650+02:00 DEBUG 7856 --- [pool-2-thread-1] c.o.tourguide.service.RewardsService     : Checking if the user 35762c0d-10c9-4d36-b370-e00bc320e1d3 already get close from Cinderella Castle
2023-09-27T16:51:41.650+02:00 DEBUG 7856 --- [pool-2-thread-1] c.o.tourguide.service.RewardsService     : Calculate distance between -81.5812/28.419411 and 139.494995/-81.152686
2023-09-27T16:51:41.650+02:00 DEBUG 7856 --- [pool-2-thread-1] c.o.tourguide.service.RewardsService     : Checking if the user 35762c0d-10c9-4d36-b370-e00bc320e1d3 already get close from Disneyland
2023-09-27T16:51:41.650+02:00 DEBUG 7856 --- [pool-2-thread-1] c.o.tourguide.service.RewardsService     : Calculate distance between -117.922008/33.817595 and -40.924627/-56.072948
2023-09-27T16:51:41.650+02:00 DEBUG 7856 --- [pool-2-thread-1] c.o.tourguide.service.RewardsService     : Checking if the user 35762c0d-10c9-4d36-b370-e00bc320e1d3 already get close from Jackson Hole
2023-09-27T16:51:41.650+02:00 DEBUG 7856 --- [pool-2-thread-1] c.o.tourguide.service.RewardsService     : Calculate distance between -110.821999/43.582767 and -40.924627/-56.072948
2023-09-27T16:51:41.650+02:00 DEBUG 7856 --- [pool-2-thread-1] c.o.tourguide.service.RewardsService     : Checking if the user 35762c0d-10c9-4d36-b370-e00bc320e1d3 already get close from Mojave National Preserve
2023-09-27T16:51:41.650+02:00 DEBUG 7856 --- [pool-2-thread-1] c.o.tourguide.service.RewardsService     : Calculate distance between -115.510399/35.141689 and -40.924627/-56.072948
2023-09-27T16:51:41.650+02:00 DEBUG 7856 --- [pool-2-thread-1] c.o.tourguide.service.RewardsService     : Checking if the user 35762c0d-10c9-4d36-b370-e00bc320e1d3 already get close from Joshua Tree National Park
2023-09-27T16:51:41.650+02:00 DEBUG 7856 --- [pool-2-thread-1] c.o.tourguide.service.RewardsService     : Calculate distance between -115.90065/33.881866 and -40.924627/-56.072948
2023-09-27T16:51:41.650+02:00 DEBUG 7856 --- [pool-2-thread-1] c.o.tourguide.service.RewardsService     : Checking if the user 35762c0d-10c9-4d36-b370-e00bc320e1d3 already get close from Buffalo National River
2023-09-27T16:51:41.650+02:00 DEBUG 7856 --- [pool-2-thread-1] c.o.tourguide.service.RewardsService     : Calculate distance between -92.757652/35.985512 and -40.924627/-56.072948
2023-09-27T16:51:41.650+02:00 DEBUG 7856 --- [pool-2-thread-1] c.o.tourguide.service.RewardsService     : Checking if the user 35762c0d-10c9-4d36-b370-e00bc320e1d3 already get close from Hot Springs National Park
2023-09-27T16:51:41.650+02:00 DEBUG 7856 --- [pool-2-thread-1] c.o.tourguide.service.RewardsService     : Calculate distance between -93.042267/34.52153 and -40.924627/-56.072948
2023-09-27T16:51:41.650+02:00 DEBUG 7856 --- [pool-2-thread-1] c.o.tourguide.service.RewardsService     : Checking if the user 35762c0d-10c9-4d36-b370-e00bc320e1d3 already get close from Kartchner Caverns State Park
2023-09-27T16:51:41.650+02:00 DEBUG 7856 --- [pool-2-thread-1] c.o.tourguide.service.RewardsService     : Calculate distance between -110.347382/31.837551 and -40.924627/-56.072948
2023-09-27T16:51:41.650+02:00 DEBUG 7856 --- [pool-2-thread-1] c.o.tourguide.service.RewardsService     : Checking if the user 35762c0d-10c9-4d36-b370-e00bc320e1d3 already get close from Legend Valley
2023-09-27T16:51:41.650+02:00 DEBUG 7856 --- [pool-2-thread-1] c.o.tourguide.service.RewardsService     : Calculate distance between -82.40667/39.937778 and -40.924627/-56.072948
2023-09-27T16:51:41.650+02:00 DEBUG 7856 --- [pool-2-thread-1] c.o.tourguide.service.RewardsService     : Checking if the user 35762c0d-10c9-4d36-b370-e00bc320e1d3 already get close from Flowers Bakery of London
2023-09-27T16:51:41.650+02:00 DEBUG 7856 --- [pool-2-thread-1] c.o.tourguide.service.RewardsService     : Calculate distance between -84.07486/37.131527 and -40.924627/-56.072948
2023-09-27T16:51:41.650+02:00 DEBUG 7856 --- [pool-2-thread-1] c.o.tourguide.service.RewardsService     : Checking if the user 35762c0d-10c9-4d36-b370-e00bc320e1d3 already get close from McKinley Tower
2023-09-27T16:51:41.650+02:00 DEBUG 7856 --- [pool-2-thread-1] c.o.tourguide.service.RewardsService     : Calculate distance between -149.877502/61.218887 and -40.924627/-56.072948
2023-09-27T16:51:41.650+02:00 DEBUG 7856 --- [pool-2-thread-1] c.o.tourguide.service.RewardsService     : Checking if the user 35762c0d-10c9-4d36-b370-e00bc320e1d3 already get close from Flatiron Building
2023-09-27T16:51:41.650+02:00 DEBUG 7856 --- [pool-2-thread-1] c.o.tourguide.service.RewardsService     : Calculate distance between -73.989723/40.741112 and -40.924627/-56.072948
2023-09-27T16:51:41.650+02:00 DEBUG 7856 --- [pool-2-thread-1] c.o.tourguide.service.RewardsService     : Checking if the user 35762c0d-10c9-4d36-b370-e00bc320e1d3 already get close from Fallingwater
2023-09-27T16:51:41.650+02:00 DEBUG 7856 --- [pool-2-thread-1] c.o.tourguide.service.RewardsService     : Calculate distance between -79.468056/39.906113 and -40.924627/-56.072948
2023-09-27T16:51:41.650+02:00 DEBUG 7856 --- [pool-2-thread-1] c.o.tourguide.service.RewardsService     : Checking if the user 35762c0d-10c9-4d36-b370-e00bc320e1d3 already get close from Union Station
2023-09-27T16:51:41.650+02:00 DEBUG 7856 --- [pool-2-thread-1] c.o.tourguide.service.RewardsService     : Calculate distance between -77.006332/38.897095 and -40.924627/-56.072948
2023-09-27T16:51:41.650+02:00 DEBUG 7856 --- [pool-2-thread-1] c.o.tourguide.service.RewardsService     : Checking if the user 35762c0d-10c9-4d36-b370-e00bc320e1d3 already get close from Roger Dean Stadium
2023-09-27T16:51:41.650+02:00 DEBUG 7856 --- [pool-2-thread-1] c.o.tourguide.service.RewardsService     : Calculate distance between -80.116577/26.890959 and -40.924627/-56.072948
2023-09-27T16:51:41.650+02:00 DEBUG 7856 --- [pool-2-thread-1] c.o.tourguide.service.RewardsService     : Checking if the user 35762c0d-10c9-4d36-b370-e00bc320e1d3 already get close from Texas Memorial Stadium
2023-09-27T16:51:41.650+02:00 DEBUG 7856 --- [pool-2-thread-1] c.o.tourguide.service.RewardsService     : Calculate distance between -97.732536/30.283682 and -40.924627/-56.072948
2023-09-27T16:51:41.650+02:00 DEBUG 7856 --- [pool-2-thread-1] c.o.tourguide.service.RewardsService     : Checking if the user 35762c0d-10c9-4d36-b370-e00bc320e1d3 already get close from Bryant-Denny Stadium
2023-09-27T16:51:41.650+02:00 DEBUG 7856 --- [pool-2-thread-1] c.o.tourguide.service.RewardsService     : Calculate distance between -87.550438/33.208973 and -40.924627/-56.072948
2023-09-27T16:51:41.650+02:00 DEBUG 7856 --- [pool-2-thread-1] c.o.tourguide.service.RewardsService     : Checking if the user 35762c0d-10c9-4d36-b370-e00bc320e1d3 already get close from Tiger Stadium
2023-09-27T16:51:41.650+02:00 DEBUG 7856 --- [pool-2-thread-1] c.o.tourguide.service.RewardsService     : Calculate distance between -91.183815/30.412035 and -40.924627/-56.072948
2023-09-27T16:51:41.650+02:00 DEBUG 7856 --- [pool-2-thread-1] c.o.tourguide.service.RewardsService     : Checking if the user 35762c0d-10c9-4d36-b370-e00bc320e1d3 already get close from Neyland Stadium
2023-09-27T16:51:41.650+02:00 DEBUG 7856 --- [pool-2-thread-1] c.o.tourguide.service.RewardsService     : Calculate distance between -83.925011/35.955013 and -40.924627/-56.072948
2023-09-27T16:51:41.650+02:00 DEBUG 7856 --- [pool-2-thread-1] c.o.tourguide.service.RewardsService     : Checking if the user 35762c0d-10c9-4d36-b370-e00bc320e1d3 already get close from Kyle Field
2023-09-27T16:51:41.650+02:00 DEBUG 7856 --- [pool-2-thread-1] c.o.tourguide.service.RewardsService     : Calculate distance between -96.339844/30.61025 and -40.924627/-56.072948
2023-09-27T16:51:41.650+02:00 DEBUG 7856 --- [pool-2-thread-1] c.o.tourguide.service.RewardsService     : Checking if the user 35762c0d-10c9-4d36-b370-e00bc320e1d3 already get close from San Diego Zoo
2023-09-27T16:51:41.650+02:00 DEBUG 7856 --- [pool-2-thread-1] c.o.tourguide.service.RewardsService     : Calculate distance between -117.149048/32.735317 and -40.924627/-56.072948
2023-09-27T16:51:41.650+02:00 DEBUG 7856 --- [pool-2-thread-1] c.o.tourguide.service.RewardsService     : Checking if the user 35762c0d-10c9-4d36-b370-e00bc320e1d3 already get close from Zoo Tampa at Lowry Park
2023-09-27T16:51:41.650+02:00 DEBUG 7856 --- [pool-2-thread-1] c.o.tourguide.service.RewardsService     : Calculate distance between -82.469269/28.012804 and -40.924627/-56.072948
2023-09-27T16:51:41.650+02:00 DEBUG 7856 --- [pool-2-thread-1] c.o.tourguide.service.RewardsService     : Checking if the user 35762c0d-10c9-4d36-b370-e00bc320e1d3 already get close from Franklin Park Zoo
2023-09-27T16:51:41.650+02:00 DEBUG 7856 --- [pool-2-thread-1] c.o.tourguide.service.RewardsService     : Calculate distance between -71.086731/42.302601 and -40.924627/-56.072948
2023-09-27T16:51:41.650+02:00 DEBUG 7856 --- [pool-2-thread-1] c.o.tourguide.service.RewardsService     : Checking if the user 35762c0d-10c9-4d36-b370-e00bc320e1d3 already get close from El Paso Zoo
2023-09-27T16:51:41.650+02:00 DEBUG 7856 --- [pool-2-thread-1] c.o.tourguide.service.RewardsService     : Calculate distance between -106.44487/31.769125 and -40.924627/-56.072948
2023-09-27T16:51:41.650+02:00 DEBUG 7856 --- [pool-2-thread-1] c.o.tourguide.service.RewardsService     : Checking if the user 35762c0d-10c9-4d36-b370-e00bc320e1d3 already get close from Kansas City Zoo
2023-09-27T16:51:41.650+02:00 DEBUG 7856 --- [pool-2-thread-1] c.o.tourguide.service.RewardsService     : Calculate distance between -94.529625/39.007504 and -40.924627/-56.072948
2023-09-27T16:51:41.650+02:00 DEBUG 7856 --- [pool-2-thread-1] c.o.tourguide.service.RewardsService     : Checking if the user 35762c0d-10c9-4d36-b370-e00bc320e1d3 already get close from Bronx Zoo
2023-09-27T16:51:41.650+02:00 DEBUG 7856 --- [pool-2-thread-1] c.o.tourguide.service.RewardsService     : Calculate distance between -73.872971/40.852905 and -40.924627/-56.072948
2023-09-27T16:51:41.650+02:00 DEBUG 7856 --- [pool-2-thread-1] c.o.tourguide.service.RewardsService     : Checking if the user 35762c0d-10c9-4d36-b370-e00bc320e1d3 already get close from Cinderella Castle
2023-09-27T16:51:41.650+02:00 DEBUG 7856 --- [pool-2-thread-1] c.o.tourguide.service.RewardsService     : Calculate distance between -81.5812/28.419411 and -40.924627/-56.072948
2023-09-27T16:51:41.650+02:00 DEBUG 7856 --- [pool-2-thread-1] c.o.tourguide.service.RewardsService     : Trying to add 0 rewards
2023-09-27T16:51:41.719+02:00  INFO 7856 --- [pool-2-thread-1] c.o.tourguide.service.TourGuideService   : Adding the current location to the user internalUser6488
2023-09-27T16:51:41.719+02:00 DEBUG 7856 --- [pool-2-thread-1] c.o.tourguide.service.RewardsService     : calculate reward for internalUser6488 on his 5 known locations
2023-09-27T16:51:41.742+02:00 DEBUG 7856 --- [pool-2-thread-1] c.o.tourguide.service.RewardsService     : Checking if the user 67f8fff4-54ee-46cd-8f7f-aefcda646579 already get close from Disneyland
2023-09-27T16:51:41.742+02:00 DEBUG 7856 --- [pool-2-thread-1] c.o.tourguide.service.RewardsService     : Calculate distance between -117.922008/33.817595 and -107.93651523153328/-78.352647713318
2023-09-27T16:51:41.742+02:00 DEBUG 7856 --- [pool-2-thread-1] c.o.tourguide.service.RewardsService     : Checking if the user 67f8fff4-54ee-46cd-8f7f-aefcda646579 already get close from Jackson Hole
2023-09-27T16:51:41.742+02:00 DEBUG 7856 --- [pool-2-thread-1] c.o.tourguide.service.RewardsService     : Calculate distance between -110.821999/43.582767 and -107.93651523153328/-78.352647713318
2023-09-27T16:51:41.742+02:00 DEBUG 7856 --- [pool-2-thread-1] c.o.tourguide.service.RewardsService     : Checking if the user 67f8fff4-54ee-46cd-8f7f-aefcda646579 already get close from Mojave National Preserve
2023-09-27T16:51:41.742+02:00 DEBUG 7856 --- [pool-2-thread-1] c.o.tourguide.service.RewardsService     : Calculate distance between -115.510399/35.141689 and -107.93651523153328/-78.352647713318
2023-09-27T16:51:41.742+02:00 DEBUG 7856 --- [pool-2-thread-1] c.o.tourguide.service.RewardsService     : Checking if the user 67f8fff4-54ee-46cd-8f7f-aefcda646579 already get close from Joshua Tree National Park
2023-09-27T16:51:41.742+02:00 DEBUG 7856 --- [pool-2-thread-1] c.o.tourguide.service.RewardsService     : Calculate distance between -115.90065/33.881866 and -107.93651523153328/-78.352647713318
2023-09-27T16:51:41.742+02:00 DEBUG 7856 --- [pool-2-thread-1] c.o.tourguide.service.RewardsService     : Checking if the user 67f8fff4-54ee-46cd-8f7f-aefcda646579 already get close from Buffalo National River
2023-09-27T16:51:41.742+02:00 DEBUG 7856 --- [pool-2-thread-1] c.o.tourguide.service.RewardsService     : Calculate distance between -92.757652/35.985512 and -107.93651523153328/-78.352647713318
2023-09-27T16:51:41.742+02:00 DEBUG 7856 --- [pool-2-thread-1] c.o.tourguide.service.RewardsService     : Checking if the user 67f8fff4-54ee-46cd-8f7f-aefcda646579 already get close from Hot Springs National Park
2023-09-27T16:51:41.742+02:00 DEBUG 7856 --- [pool-2-thread-1] c.o.tourguide.service.RewardsService     : Calculate distance between -93.042267/34.52153 and -107.93651523153328/-78.352647713318
2023-09-27T16:51:41.742+02:00 DEBUG 7856 --- [pool-2-thread-1] c.o.tourguide.service.RewardsService     : Checking if the user 67f8fff4-54ee-46cd-8f7f-aefcda646579 already get close from Kartchner Caverns State Park
2023-09-27T16:51:41.742+02:00 DEBUG 7856 --- [pool-2-thread-1] c.o.tourguide.service.RewardsService     : Calculate distance between -110.347382/31.837551 and -107.93651523153328/-78.352647713318
2023-09-27T16:51:41.742+02:00 DEBUG 7856 --- [pool-2-thread-1] c.o.tourguide.service.RewardsService     : Checking if the user 67f8fff4-54ee-46cd-8f7f-aefcda646579 already get close from Legend Valley
2023-09-27T16:51:41.742+02:00 DEBUG 7856 --- [pool-2-thread-1] c.o.tourguide.service.RewardsService     : Calculate distance between -82.40667/39.937778 and -107.93651523153328/-78.352647713318
2023-09-27T16:51:41.742+02:00 DEBUG 7856 --- [pool-2-thread-1] c.o.tourguide.service.RewardsService     : Checking if the user 67f8fff4-54ee-46cd-8f7f-aefcda646579 already get close from Flowers Bakery of London
2023-09-27T16:51:41.742+02:00 DEBUG 7856 --- [pool-2-thread-1] c.o.tourguide.service.RewardsService     : Calculate distance between -84.07486/37.131527 and -107.93651523153328/-78.352647713318
2023-09-27T16:51:41.742+02:00 DEBUG 7856 --- [pool-2-thread-1] c.o.tourguide.service.RewardsService     : Checking if the user 67f8fff4-54ee-46cd-8f7f-aefcda646579 already get close from McKinley Tower
2023-09-27T16:51:41.742+02:00 DEBUG 7856 --- [pool-2-thread-1] c.o.tourguide.service.RewardsService     : Calculate distance between -149.877502/61.218887 and -107.93651523153328/-78.352647713318
2023-09-27T16:51:41.742+02:00 DEBUG 7856 --- [pool-2-thread-1] c.o.tourguide.service.RewardsService     : Checking if the user 67f8fff4-54ee-46cd-8f7f-aefcda646579 already get close from Flatiron Building
2023-09-27T16:51:41.742+02:00 DEBUG 7856 --- [pool-2-thread-1] c.o.tourguide.service.RewardsService     : Calculate distance between -73.989723/40.741112 and -107.93651523153328/-78.352647713318
2023-09-27T16:51:41.742+02:00 DEBUG 7856 --- [pool-2-thread-1] c.o.tourguide.service.RewardsService     : Checking if the user 67f8fff4-54ee-46cd-8f7f-aefcda646579 already get close from Fallingwater
2023-09-27T16:51:41.742+02:00 DEBUG 7856 --- [pool-2-thread-1] c.o.tourguide.service.RewardsService     : Calculate distance between -79.468056/39.906113 and -107.93651523153328/-78.352647713318
2023-09-27T16:51:41.742+02:00 DEBUG 7856 --- [pool-2-thread-1] c.o.tourguide.service.RewardsService     : Checking if the user 67f8fff4-54ee-46cd-8f7f-aefcda646579 already get close from Union Station
2023-09-27T16:51:41.742+02:00 DEBUG 7856 --- [pool-2-thread-1] c.o.tourguide.service.RewardsService     : Calculate distance between -77.006332/38.897095 and -107.93651523153328/-78.352647713318
2023-09-27T16:51:41.742+02:00 DEBUG 7856 --- [pool-2-thread-1] c.o.tourguide.service.RewardsService     : Checking if the user 67f8fff4-54ee-46cd-8f7f-aefcda646579 already get close from Roger Dean Stadium
2023-09-27T16:51:41.742+02:00 DEBUG 7856 --- [pool-2-thread-1] c.o.tourguide.service.RewardsService     : Calculate distance between -80.116577/26.890959 and -107.93651523153328/-78.352647713318
2023-09-27T16:51:41.742+02:00 DEBUG 7856 --- [pool-2-thread-1] c.o.tourguide.service.RewardsService     : Checking if the user 67f8fff4-54ee-46cd-8f7f-aefcda646579 already get close from Texas Memorial Stadium
2023-09-27T16:51:41.742+02:00 DEBUG 7856 --- [pool-2-thread-1] c.o.tourguide.service.RewardsService     : Calculate distance between -97.732536/30.283682 and -107.93651523153328/-78.352647713318
2023-09-27T16:51:41.742+02:00 DEBUG 7856 --- [pool-2-thread-1] c.o.tourguide.service.RewardsService     : Checking if the user 67f8fff4-54ee-46cd-8f7f-aefcda646579 already get close from Bryant-Denny Stadium
2023-09-27T16:51:41.742+02:00 DEBUG 7856 --- [pool-2-thread-1] c.o.tourguide.service.RewardsService     : Calculate distance between -87.550438/33.208973 and -107.93651523153328/-78.352647713318
2023-09-27T16:51:41.742+02:00 DEBUG 7856 --- [pool-2-thread-1] c.o.tourguide.service.RewardsService     : Checking if the user 67f8fff4-54ee-46cd-8f7f-aefcda646579 already get close from Tiger Stadium
2023-09-27T16:51:41.742+02:00 DEBUG 7856 --- [pool-2-thread-1] c.o.tourguide.service.RewardsService     : Calculate distance between -91.183815/30.412035 and -107.93651523153328/-78.352647713318
2023-09-27T16:51:41.742+02:00 DEBUG 7856 --- [pool-2-thread-1] c.o.tourguide.service.RewardsService     : Checking if the user 67f8fff4-54ee-46cd-8f7f-aefcda646579 already get close from Neyland Stadium
2023-09-27T16:51:41.742+02:00 DEBUG 7856 --- [pool-2-thread-1] c.o.tourguide.service.RewardsService     : Calculate distance between -83.925011/35.955013 and -107.93651523153328/-78.352647713318
2023-09-27T16:51:41.742+02:00 DEBUG 7856 --- [pool-2-thread-1] c.o.tourguide.service.RewardsService     : Checking if the user 67f8fff4-54ee-46cd-8f7f-aefcda646579 already get close from Kyle Field
2023-09-27T16:51:41.742+02:00 DEBUG 7856 --- [pool-2-thread-1] c.o.tourguide.service.RewardsService     : Calculate distance between -96.339844/30.61025 and -107.93651523153328/-78.352647713318
2023-09-27T16:51:41.742+02:00 DEBUG 7856 --- [pool-2-thread-1] c.o.tourguide.service.RewardsService     : Checking if the user 67f8fff4-54ee-46cd-8f7f-aefcda646579 already get close from San Diego Zoo
2023-09-27T16:51:41.742+02:00 DEBUG 7856 --- [pool-2-thread-1] c.o.tourguide.service.RewardsService     : Calculate distance between -117.149048/32.735317 and -107.93651523153328/-78.352647713318
2023-09-27T16:51:41.742+02:00 DEBUG 7856 --- [pool-2-thread-1] c.o.tourguide.service.RewardsService     : Checking if the user 67f8fff4-54ee-46cd-8f7f-aefcda646579 already get close from Zoo Tampa at Lowry Park
2023-09-27T16:51:41.742+02:00 DEBUG 7856 --- [pool-2-thread-1] c.o.tourguide.service.RewardsService     : Calculate distance between -82.469269/28.012804 and -107.93651523153328/-78.352647713318
2023-09-27T16:51:41.742+02:00 DEBUG 7856 --- [pool-2-thread-1] c.o.tourguide.service.RewardsService     : Checking if the user 67f8fff4-54ee-46cd-8f7f-aefcda646579 already get close from Franklin Park Zoo
2023-09-27T16:51:41.742+02:00 DEBUG 7856 --- [pool-2-thread-1] c.o.tourguide.service.RewardsService     : Calculate distance between -71.086731/42.302601 and -107.93651523153328/-78.352647713318
2023-09-27T16:51:41.742+02:00 DEBUG 7856 --- [pool-2-thread-1] c.o.tourguide.service.RewardsService     : Checking if the user 67f8fff4-54ee-46cd-8f7f-aefcda646579 already get close from El Paso Zoo
2023-09-27T16:51:41.742+02:00 DEBUG 7856 --- [pool-2-thread-1] c.o.tourguide.service.RewardsService     : Calculate distance between -106.44487/31.769125 and -107.93651523153328/-78.352647713318
2023-09-27T16:51:41.742+02:00 DEBUG 7856 --- [pool-2-thread-1] c.o.tourguide.service.RewardsService     : Checking if the user 67f8fff4-54ee-46cd-8f7f-aefcda646579 already get close from Kansas City Zoo
2023-09-27T16:51:41.742+02:00 DEBUG 7856 --- [pool-2-thread-1] c.o.tourguide.service.RewardsService     : Calculate distance between -94.529625/39.007504 and -107.93651523153328/-78.352647713318
2023-09-27T16:51:41.742+02:00 DEBUG 7856 --- [pool-2-thread-1] c.o.tourguide.service.RewardsService     : Checking if the user 67f8fff4-54ee-46cd-8f7f-aefcda646579 already get close from Bronx Zoo
2023-09-27T16:51:41.742+02:00 DEBUG 7856 --- [pool-2-thread-1] c.o.tourguide.service.RewardsService     : Calculate distance between -73.872971/40.852905 and -107.93651523153328/-78.352647713318
2023-09-27T16:51:41.742+02:00 DEBUG 7856 --- [pool-2-thread-1] c.o.tourguide.service.RewardsService     : Checking if the user 67f8fff4-54ee-46cd-8f7f-aefcda646579 already get close from Cinderella Castle
2023-09-27T16:51:41.742+02:00 DEBUG 7856 --- [pool-2-thread-1] c.o.tourguide.service.RewardsService     : Calculate distance between -81.5812/28.419411 and -107.93651523153328/-78.352647713318
2023-09-27T16:51:41.742+02:00 DEBUG 7856 --- [pool-2-thread-1] c.o.tourguide.service.RewardsService     : Checking if the user 67f8fff4-54ee-46cd-8f7f-aefcda646579 already get close from Disneyland
2023-09-27T16:51:41.742+02:00 DEBUG 7856 --- [pool-2-thread-1] c.o.tourguide.service.RewardsService     : Calculate distance between -117.922008/33.817595 and 69.55982441668397/45.41548342405167
2023-09-27T16:51:41.742+02:00 DEBUG 7856 --- [pool-2-thread-1] c.o.tourguide.service.RewardsService     : Checking if the user 67f8fff4-54ee-46cd-8f7f-aefcda646579 already get close from Jackson Hole
2023-09-27T16:51:41.742+02:00 DEBUG 7856 --- [pool-2-thread-1] c.o.tourguide.service.RewardsService     : Calculate distance between -110.821999/43.582767 and 69.55982441668397/45.41548342405167
2023-09-27T16:51:41.742+02:00 DEBUG 7856 --- [pool-2-thread-1] c.o.tourguide.service.RewardsService     : Checking if the user 67f8fff4-54ee-46cd-8f7f-aefcda646579 already get close from Mojave National Preserve
2023-09-27T16:51:41.742+02:00 DEBUG 7856 --- [pool-2-thread-1] c.o.tourguide.service.RewardsService     : Calculate distance between -115.510399/35.141689 and 69.55982441668397/45.41548342405167
2023-09-27T16:51:41.742+02:00 DEBUG 7856 --- [pool-2-thread-1] c.o.tourguide.service.RewardsService     : Checking if the user 67f8fff4-54ee-46cd-8f7f-aefcda646579 already get close from Joshua Tree National Park
2023-09-27T16:51:41.742+02:00 DEBUG 7856 --- [pool-2-thread-1] c.o.tourguide.service.RewardsService     : Calculate distance between -115.90065/33.881866 and 69.55982441668397/45.41548342405167
2023-09-27T16:51:41.742+02:00 DEBUG 7856 --- [pool-2-thread-1] c.o.tourguide.service.RewardsService     : Checking if the user 67f8fff4-54ee-46cd-8f7f-aefcda646579 already get close from Buffalo National River
2023-09-27T16:51:41.742+02:00 DEBUG 7856 --- [pool-2-thread-1] c.o.tourguide.service.RewardsService     : Calculate distance between -92.757652/35.985512 and 69.55982441668397/45.41548342405167
2023-09-27T16:51:41.742+02:00 DEBUG 7856 --- [pool-2-thread-1] c.o.tourguide.service.RewardsService     : Checking if the user 67f8fff4-54ee-46cd-8f7f-aefcda646579 already get close from Hot Springs National Park
2023-09-27T16:51:41.742+02:00 DEBUG 7856 --- [pool-2-thread-1] c.o.tourguide.service.RewardsService     : Calculate distance between -93.042267/34.52153 and 69.55982441668397/45.41548342405167
2023-09-27T16:51:41.742+02:00 DEBUG 7856 --- [pool-2-thread-1] c.o.tourguide.service.RewardsService     : Checking if the user 67f8fff4-54ee-46cd-8f7f-aefcda646579 already get close from Kartchner Caverns State Park
2023-09-27T16:51:41.742+02:00 DEBUG 7856 --- [pool-2-thread-1] c.o.tourguide.service.RewardsService     : Calculate distance between -110.347382/31.837551 and 69.55982441668397/45.41548342405167
2023-09-27T16:51:41.742+02:00 DEBUG 7856 --- [pool-2-thread-1] c.o.tourguide.service.RewardsService     : Checking if the user 67f8fff4-54ee-46cd-8f7f-aefcda646579 already get close from Legend Valley
2023-09-27T16:51:41.742+02:00 DEBUG 7856 --- [pool-2-thread-1] c.o.tourguide.service.RewardsService     : Calculate distance between -82.40667/39.937778 and 69.55982441668397/45.41548342405167
2023-09-27T16:51:41.742+02:00 DEBUG 7856 --- [pool-2-thread-1] c.o.tourguide.service.RewardsService     : Checking if the user 67f8fff4-54ee-46cd-8f7f-aefcda646579 already get close from Flowers Bakery of London
2023-09-27T16:51:41.742+02:00 DEBUG 7856 --- [pool-2-thread-1] c.o.tourguide.service.RewardsService     : Calculate distance between -84.07486/37.131527 and 69.55982441668397/45.41548342405167
2023-09-27T16:51:41.742+02:00 DEBUG 7856 --- [pool-2-thread-1] c.o.tourguide.service.RewardsService     : Checking if the user 67f8fff4-54ee-46cd-8f7f-aefcda646579 already get close from McKinley Tower
2023-09-27T16:51:41.742+02:00 DEBUG 7856 --- [pool-2-thread-1] c.o.tourguide.service.RewardsService     : Calculate distance between -149.877502/61.218887 and 69.55982441668397/45.41548342405167
2023-09-27T16:51:41.742+02:00 DEBUG 7856 --- [pool-2-thread-1] c.o.tourguide.service.RewardsService     : Checking if the user 67f8fff4-54ee-46cd-8f7f-aefcda646579 already get close from Flatiron Building
2023-09-27T16:51:41.742+02:00 DEBUG 7856 --- [pool-2-thread-1] c.o.tourguide.service.RewardsService     : Calculate distance between -73.989723/40.741112 and 69.55982441668397/45.41548342405167
2023-09-27T16:51:41.742+02:00 DEBUG 7856 --- [pool-2-thread-1] c.o.tourguide.service.RewardsService     : Checking if the user 67f8fff4-54ee-46cd-8f7f-aefcda646579 already get close from Fallingwater
2023-09-27T16:51:41.742+02:00 DEBUG 7856 --- [pool-2-thread-1] c.o.tourguide.service.RewardsService     : Calculate distance between -79.468056/39.906113 and 69.55982441668397/45.41548342405167
2023-09-27T16:51:41.742+02:00 DEBUG 7856 --- [pool-2-thread-1] c.o.tourguide.service.RewardsService     : Checking if the user 67f8fff4-54ee-46cd-8f7f-aefcda646579 already get close from Union Station
2023-09-27T16:51:41.742+02:00 DEBUG 7856 --- [pool-2-thread-1] c.o.tourguide.service.RewardsService     : Calculate distance between -77.006332/38.897095 and 69.55982441668397/45.41548342405167
2023-09-27T16:51:41.742+02:00 DEBUG 7856 --- [pool-2-thread-1] c.o.tourguide.service.RewardsService     : Checking if the user 67f8fff4-54ee-46cd-8f7f-aefcda646579 already get close from Roger Dean Stadium
2023-09-27T16:51:41.742+02:00 DEBUG 7856 --- [pool-2-thread-1] c.o.tourguide.service.RewardsService     : Calculate distance between -80.116577/26.890959 and 69.55982441668397/45.41548342405167
2023-09-27T16:51:41.742+02:00 DEBUG 7856 --- [pool-2-thread-1] c.o.tourguide.service.RewardsService     : Checking if the user 67f8fff4-54ee-46cd-8f7f-aefcda646579 already get close from Texas Memorial Stadium
2023-09-27T16:51:41.742+02:00 DEBUG 7856 --- [pool-2-thread-1] c.o.tourguide.service.RewardsService     : Calculate distance between -97.732536/30.283682 and 69.55982441668397/45.41548342405167
2023-09-27T16:51:41.742+02:00 DEBUG 7856 --- [pool-2-thread-1] c.o.tourguide.service.RewardsService     : Checking if the user 67f8fff4-54ee-46cd-8f7f-aefcda646579 already get close from Bryant-Denny Stadium
2023-09-27T16:51:41.742+02:00 DEBUG 7856 --- [pool-2-thread-1] c.o.tourguide.service.RewardsService     : Calculate distance between -87.550438/33.208973 and 69.55982441668397/45.41548342405167
2023-09-27T16:51:41.742+02:00 DEBUG 7856 --- [pool-2-thread-1] c.o.tourguide.service.RewardsService     : Checking if the user 67f8fff4-54ee-46cd-8f7f-aefcda646579 already get close from Tiger Stadium
2023-09-27T16:51:41.742+02:00 DEBUG 7856 --- [pool-2-thread-1] c.o.tourguide.service.RewardsService     : Calculate distance between -91.183815/30.412035 and 69.55982441668397/45.41548342405167
2023-09-27T16:51:41.742+02:00 DEBUG 7856 --- [pool-2-thread-1] c.o.tourguide.service.RewardsService     : Checking if the user 67f8fff4-54ee-46cd-8f7f-aefcda646579 already get close from Neyland Stadium
2023-09-27T16:51:41.742+02:00 DEBUG 7856 --- [pool-2-thread-1] c.o.tourguide.service.RewardsService     : Calculate distance between -83.925011/35.955013 and 69.55982441668397/45.41548342405167
2023-09-27T16:51:41.742+02:00 DEBUG 7856 --- [pool-2-thread-1] c.o.tourguide.service.RewardsService     : Checking if the user 67f8fff4-54ee-46cd-8f7f-aefcda646579 already get close from Kyle Field
2023-09-27T16:51:41.742+02:00 DEBUG 7856 --- [pool-2-thread-1] c.o.tourguide.service.RewardsService     : Calculate distance between -96.339844/30.61025 and 69.55982441668397/45.41548342405167
2023-09-27T16:51:41.742+02:00 DEBUG 7856 --- [pool-2-thread-1] c.o.tourguide.service.RewardsService     : Checking if the user 67f8fff4-54ee-46cd-8f7f-aefcda646579 already get close from San Diego Zoo
2023-09-27T16:51:41.742+02:00 DEBUG 7856 --- [pool-2-thread-1] c.o.tourguide.service.RewardsService     : Calculate distance between -117.149048/32.735317 and 69.55982441668397/45.41548342405167
2023-09-27T16:51:41.742+02:00 DEBUG 7856 --- [pool-2-thread-1] c.o.tourguide.service.RewardsService     : Checking if the user 67f8fff4-54ee-46cd-8f7f-aefcda646579 already get close from Zoo Tampa at Lowry Park
2023-09-27T16:51:41.742+02:00 DEBUG 7856 --- [pool-2-thread-1] c.o.tourguide.service.RewardsService     : Calculate distance between -82.469269/28.012804 and 69.55982441668397/45.41548342405167
2023-09-27T16:51:41.742+02:00 DEBUG 7856 --- [pool-2-thread-1] c.o.tourguide.service.RewardsService     : Checking if the user 67f8fff4-54ee-46cd-8f7f-aefcda646579 already get close from Franklin Park Zoo
2023-09-27T16:51:41.742+02:00 DEBUG 7856 --- [pool-2-thread-1] c.o.tourguide.service.RewardsService     : Calculate distance between -71.086731/42.302601 and 69.55982441668397/45.41548342405167
2023-09-27T16:51:41.742+02:00 DEBUG 7856 --- [pool-2-thread-1] c.o.tourguide.service.RewardsService     : Checking if the user 67f8fff4-54ee-46cd-8f7f-aefcda646579 already get close from El Paso Zoo
2023-09-27T16:51:41.742+02:00 DEBUG 7856 --- [pool-2-thread-1] c.o.tourguide.service.RewardsService     : Calculate distance between -106.44487/31.769125 and 69.55982441668397/45.41548342405167
2023-09-27T16:51:41.742+02:00 DEBUG 7856 --- [pool-2-thread-1] c.o.tourguide.service.RewardsService     : Checking if the user 67f8fff4-54ee-46cd-8f7f-aefcda646579 already get close from Kansas City Zoo
2023-09-27T16:51:41.742+02:00 DEBUG 7856 --- [pool-2-thread-1] c.o.tourguide.service.RewardsService     : Calculate distance between -94.529625/39.007504 and 69.55982441668397/45.41548342405167
2023-09-27T16:51:41.742+02:00 DEBUG 7856 --- [pool-2-thread-1] c.o.tourguide.service.RewardsService     : Checking if the user 67f8fff4-54ee-46cd-8f7f-aefcda646579 already get close from Bronx Zoo
2023-09-27T16:51:41.742+02:00 DEBUG 7856 --- [pool-2-thread-1] c.o.tourguide.service.RewardsService     : Calculate distance between -73.872971/40.852905 and 69.55982441668397/45.41548342405167
2023-09-27T16:51:41.742+02:00 DEBUG 7856 --- [pool-2-thread-1] c.o.tourguide.service.RewardsService     : Checking if the user 67f8fff4-54ee-46cd-8f7f-aefcda646579 already get close from Cinderella Castle
2023-09-27T16:51:41.742+02:00 DEBUG 7856 --- [pool-2-thread-1] c.o.tourguide.service.RewardsService     : Calculate distance between -81.5812/28.419411 and 69.55982441668397/45.41548342405167
2023-09-27T16:51:41.742+02:00 DEBUG 7856 --- [pool-2-thread-1] c.o.tourguide.service.RewardsService     : Checking if the user 67f8fff4-54ee-46cd-8f7f-aefcda646579 already get close from Disneyland
2023-09-27T16:51:41.742+02:00 DEBUG 7856 --- [pool-2-thread-1] c.o.tourguide.service.RewardsService     : Calculate distance between -117.922008/33.817595 and 24.03822983188826/-26.52708526452919
2023-09-27T16:51:41.742+02:00 DEBUG 7856 --- [pool-2-thread-1] c.o.tourguide.service.RewardsService     : Checking if the user 67f8fff4-54ee-46cd-8f7f-aefcda646579 already get close from Jackson Hole
2023-09-27T16:51:41.742+02:00 DEBUG 7856 --- [pool-2-thread-1] c.o.tourguide.service.RewardsService     : Calculate distance between -110.821999/43.582767 and 24.03822983188826/-26.52708526452919
2023-09-27T16:51:41.742+02:00 DEBUG 7856 --- [pool-2-thread-1] c.o.tourguide.service.RewardsService     : Checking if the user 67f8fff4-54ee-46cd-8f7f-aefcda646579 already get close from Mojave National Preserve
2023-09-27T16:51:41.743+02:00 DEBUG 7856 --- [pool-2-thread-1] c.o.tourguide.service.RewardsService     : Calculate distance between -115.510399/35.141689 and 24.03822983188826/-26.52708526452919
2023-09-27T16:51:41.743+02:00 DEBUG 7856 --- [pool-2-thread-1] c.o.tourguide.service.RewardsService     : Checking if the user 67f8fff4-54ee-46cd-8f7f-aefcda646579 already get close from Joshua Tree National Park
2023-09-27T16:51:41.743+02:00 DEBUG 7856 --- [pool-2-thread-1] c.o.tourguide.service.RewardsService     : Calculate distance between -115.90065/33.881866 and 24.03822983188826/-26.52708526452919
2023-09-27T16:51:41.743+02:00 DEBUG 7856 --- [pool-2-thread-1] c.o.tourguide.service.RewardsService     : Checking if the user 67f8fff4-54ee-46cd-8f7f-aefcda646579 already get close from Buffalo National River
2023-09-27T16:51:41.743+02:00 DEBUG 7856 --- [pool-2-thread-1] c.o.tourguide.service.RewardsService     : Calculate distance between -92.757652/35.985512 and 24.03822983188826/-26.52708526452919
2023-09-27T16:51:41.743+02:00 DEBUG 7856 --- [pool-2-thread-1] c.o.tourguide.service.RewardsService     : Checking if the user 67f8fff4-54ee-46cd-8f7f-aefcda646579 already get close from Hot Springs National Park
2023-09-27T16:51:41.743+02:00 DEBUG 7856 --- [pool-2-thread-1] c.o.tourguide.service.RewardsService     : Calculate distance between -93.042267/34.52153 and 24.03822983188826/-26.52708526452919
2023-09-27T16:51:41.743+02:00 DEBUG 7856 --- [pool-2-thread-1] c.o.tourguide.service.RewardsService     : Checking if the user 67f8fff4-54ee-46cd-8f7f-aefcda646579 already get close from Kartchner Caverns State Park
2023-09-27T16:51:41.743+02:00 DEBUG 7856 --- [pool-2-thread-1] c.o.tourguide.service.RewardsService     : Calculate distance between -110.347382/31.837551 and 24.03822983188826/-26.52708526452919
2023-09-27T16:51:41.743+02:00 DEBUG 7856 --- [pool-2-thread-1] c.o.tourguide.service.RewardsService     : Checking if the user 67f8fff4-54ee-46cd-8f7f-aefcda646579 already get close from Legend Valley
2023-09-27T16:51:41.743+02:00 DEBUG 7856 --- [pool-2-thread-1] c.o.tourguide.service.RewardsService     : Calculate distance between -82.40667/39.937778 and 24.03822983188826/-26.52708526452919
2023-09-27T16:51:41.743+02:00 DEBUG 7856 --- [pool-2-thread-1] c.o.tourguide.service.RewardsService     : Checking if the user 67f8fff4-54ee-46cd-8f7f-aefcda646579 already get close from Flowers Bakery of London
2023-09-27T16:51:41.743+02:00 DEBUG 7856 --- [pool-2-thread-1] c.o.tourguide.service.RewardsService     : Calculate distance between -84.07486/37.131527 and 24.03822983188826/-26.52708526452919
2023-09-27T16:51:41.743+02:00 DEBUG 7856 --- [pool-2-thread-1] c.o.tourguide.service.RewardsService     : Checking if the user 67f8fff4-54ee-46cd-8f7f-aefcda646579 already get close from McKinley Tower
2023-09-27T16:51:41.743+02:00 DEBUG 7856 --- [pool-2-thread-1] c.o.tourguide.service.RewardsService     : Calculate distance between -149.877502/61.218887 and 24.03822983188826/-26.52708526452919
2023-09-27T16:51:41.743+02:00 DEBUG 7856 --- [pool-2-thread-1] c.o.tourguide.service.RewardsService     : Checking if the user 67f8fff4-54ee-46cd-8f7f-aefcda646579 already get close from Flatiron Building
2023-09-27T16:51:41.743+02:00 DEBUG 7856 --- [pool-2-thread-1] c.o.tourguide.service.RewardsService     : Calculate distance between -73.989723/40.741112 and 24.03822983188826/-26.52708526452919
2023-09-27T16:51:41.743+02:00 DEBUG 7856 --- [pool-2-thread-1] c.o.tourguide.service.RewardsService     : Checking if the user 67f8fff4-54ee-46cd-8f7f-aefcda646579 already get close from Fallingwater
2023-09-27T16:51:41.743+02:00 DEBUG 7856 --- [pool-2-thread-1] c.o.tourguide.service.RewardsService     : Calculate distance between -79.468056/39.906113 and 24.03822983188826/-26.52708526452919
2023-09-27T16:51:41.743+02:00 DEBUG 7856 --- [pool-2-thread-1] c.o.tourguide.service.RewardsService     : Checking if the user 67f8fff4-54ee-46cd-8f7f-aefcda646579 already get close from Union Station
2023-09-27T16:51:41.743+02:00 DEBUG 7856 --- [pool-2-thread-1] c.o.tourguide.service.RewardsService     : Calculate distance between -77.006332/38.897095 and 24.03822983188826/-26.52708526452919
2023-09-27T16:51:41.743+02:00 DEBUG 7856 --- [pool-2-thread-1] c.o.tourguide.service.RewardsService     : Checking if the user 67f8fff4-54ee-46cd-8f7f-aefcda646579 already get close from Roger Dean Stadium
2023-09-27T16:51:41.743+02:00 DEBUG 7856 --- [pool-2-thread-1] c.o.tourguide.service.RewardsService     : Calculate distance between -80.116577/26.890959 and 24.03822983188826/-26.52708526452919
2023-09-27T16:51:41.743+02:00 DEBUG 7856 --- [pool-2-thread-1] c.o.tourguide.service.RewardsService     : Checking if the user 67f8fff4-54ee-46cd-8f7f-aefcda646579 already get close from Texas Memorial Stadium
2023-09-27T16:51:41.743+02:00 DEBUG 7856 --- [pool-2-thread-1] c.o.tourguide.service.RewardsService     : Calculate distance between -97.732536/30.283682 and 24.03822983188826/-26.52708526452919
2023-09-27T16:51:41.743+02:00 DEBUG 7856 --- [pool-2-thread-1] c.o.tourguide.service.RewardsService     : Checking if the user 67f8fff4-54ee-46cd-8f7f-aefcda646579 already get close from Bryant-Denny Stadium
2023-09-27T16:51:41.743+02:00 DEBUG 7856 --- [pool-2-thread-1] c.o.tourguide.service.RewardsService     : Calculate distance between -87.550438/33.208973 and 24.03822983188826/-26.52708526452919
2023-09-27T16:51:41.743+02:00 DEBUG 7856 --- [pool-2-thread-1] c.o.tourguide.service.RewardsService     : Checking if the user 67f8fff4-54ee-46cd-8f7f-aefcda646579 already get close from Tiger Stadium
2023-09-27T16:51:41.743+02:00 DEBUG 7856 --- [pool-2-thread-1] c.o.tourguide.service.RewardsService     : Calculate distance between -91.183815/30.412035 and 24.03822983188826/-26.52708526452919
2023-09-27T16:51:41.743+02:00 DEBUG 7856 --- [pool-2-thread-1] c.o.tourguide.service.RewardsService     : Checking if the user 67f8fff4-54ee-46cd-8f7f-aefcda646579 already get close from Neyland Stadium
2023-09-27T16:51:41.743+02:00 DEBUG 7856 --- [pool-2-thread-1] c.o.tourguide.service.RewardsService     : Calculate distance between -83.925011/35.955013 and 24.03822983188826/-26.52708526452919
2023-09-27T16:51:41.743+02:00 DEBUG 7856 --- [pool-2-thread-1] c.o.tourguide.service.RewardsService     : Checking if the user 67f8fff4-54ee-46cd-8f7f-aefcda646579 already get close from Kyle Field
2023-09-27T16:51:41.743+02:00 DEBUG 7856 --- [pool-2-thread-1] c.o.tourguide.service.RewardsService     : Calculate distance between -96.339844/30.61025 and 24.03822983188826/-26.52708526452919
2023-09-27T16:51:41.743+02:00 DEBUG 7856 --- [pool-2-thread-1] c.o.tourguide.service.RewardsService     : Checking if the user 67f8fff4-54ee-46cd-8f7f-aefcda646579 already get close from San Diego Zoo
2023-09-27T16:51:41.743+02:00 DEBUG 7856 --- [pool-2-thread-1] c.o.tourguide.service.RewardsService     : Calculate distance between -117.149048/32.735317 and 24.03822983188826/-26.52708526452919
2023-09-27T16:51:41.743+02:00 DEBUG 7856 --- [pool-2-thread-1] c.o.tourguide.service.RewardsService     : Checking if the user 67f8fff4-54ee-46cd-8f7f-aefcda646579 already get close from Zoo Tampa at Lowry Park
2023-09-27T16:51:41.743+02:00 DEBUG 7856 --- [pool-2-thread-1] c.o.tourguide.service.RewardsService     : Calculate distance between -82.469269/28.012804 and 24.03822983188826/-26.52708526452919
2023-09-27T16:51:41.743+02:00 DEBUG 7856 --- [pool-2-thread-1] c.o.tourguide.service.RewardsService     : Checking if the user 67f8fff4-54ee-46cd-8f7f-aefcda646579 already get close from Franklin Park Zoo
2023-09-27T16:51:41.743+02:00 DEBUG 7856 --- [pool-2-thread-1] c.o.tourguide.service.RewardsService     : Calculate distance between -71.086731/42.302601 and 24.03822983188826/-26.52708526452919
2023-09-27T16:51:41.743+02:00 DEBUG 7856 --- [pool-2-thread-1] c.o.tourguide.service.RewardsService     : Checking if the user 67f8fff4-54ee-46cd-8f7f-aefcda646579 already get close from El Paso Zoo
2023-09-27T16:51:41.743+02:00 DEBUG 7856 --- [pool-2-thread-1] c.o.tourguide.service.RewardsService     : Calculate distance between -106.44487/31.769125 and 24.03822983188826/-26.52708526452919
2023-09-27T16:51:41.743+02:00 DEBUG 7856 --- [pool-2-thread-1] c.o.tourguide.service.RewardsService     : Checking if the user 67f8fff4-54ee-46cd-8f7f-aefcda646579 already get close from Kansas City Zoo
2023-09-27T16:51:41.743+02:00 DEBUG 7856 --- [pool-2-thread-1] c.o.tourguide.service.RewardsService     : Calculate distance between -94.529625/39.007504 and 24.03822983188826/-26.52708526452919
2023-09-27T16:51:41.743+02:00 DEBUG 7856 --- [pool-2-thread-1] c.o.tourguide.service.RewardsService     : Checking if the user 67f8fff4-54ee-46cd-8f7f-aefcda646579 already get close from Bronx Zoo
2023-09-27T16:51:41.743+02:00 DEBUG 7856 --- [pool-2-thread-1] c.o.tourguide.service.RewardsService     : Calculate distance between -73.872971/40.852905 and 24.03822983188826/-26.52708526452919
2023-09-27T16:51:41.743+02:00 DEBUG 7856 --- [pool-2-thread-1] c.o.tourguide.service.RewardsService     : Checking if the user 67f8fff4-54ee-46cd-8f7f-aefcda646579 already get close from Cinderella Castle
2023-09-27T16:51:41.743+02:00 DEBUG 7856 --- [pool-2-thread-1] c.o.tourguide.service.RewardsService     : Calculate distance between -81.5812/28.419411 and 24.03822983188826/-26.52708526452919
2023-09-27T16:51:41.743+02:00 DEBUG 7856 --- [pool-2-thread-1] c.o.tourguide.service.RewardsService     : Checking if the user 67f8fff4-54ee-46cd-8f7f-aefcda646579 already get close from Disneyland
2023-09-27T16:51:41.743+02:00 DEBUG 7856 --- [pool-2-thread-1] c.o.tourguide.service.RewardsService     : Calculate distance between -117.922008/33.817595 and 152.303413/-43.168922
2023-09-27T16:51:41.743+02:00 DEBUG 7856 --- [pool-2-thread-1] c.o.tourguide.service.RewardsService     : Checking if the user 67f8fff4-54ee-46cd-8f7f-aefcda646579 already get close from Jackson Hole
2023-09-27T16:51:41.743+02:00 DEBUG 7856 --- [pool-2-thread-1] c.o.tourguide.service.RewardsService     : Calculate distance between -110.821999/43.582767 and 152.303413/-43.168922
2023-09-27T16:51:41.743+02:00 DEBUG 7856 --- [pool-2-thread-1] c.o.tourguide.service.RewardsService     : Checking if the user 67f8fff4-54ee-46cd-8f7f-aefcda646579 already get close from Mojave National Preserve
2023-09-27T16:51:41.743+02:00 DEBUG 7856 --- [pool-2-thread-1] c.o.tourguide.service.RewardsService     : Calculate distance between -115.510399/35.141689 and 152.303413/-43.168922
2023-09-27T16:51:41.743+02:00 DEBUG 7856 --- [pool-2-thread-1] c.o.tourguide.service.RewardsService     : Checking if the user 67f8fff4-54ee-46cd-8f7f-aefcda646579 already get close from Joshua Tree National Park
2023-09-27T16:51:41.743+02:00 DEBUG 7856 --- [pool-2-thread-1] c.o.tourguide.service.RewardsService     : Calculate distance between -115.90065/33.881866 and 152.303413/-43.168922
2023-09-27T16:51:41.743+02:00 DEBUG 7856 --- [pool-2-thread-1] c.o.tourguide.service.RewardsService     : Checking if the user 67f8fff4-54ee-46cd-8f7f-aefcda646579 already get close from Buffalo National River
2023-09-27T16:51:41.743+02:00 DEBUG 7856 --- [pool-2-thread-1] c.o.tourguide.service.RewardsService     : Calculate distance between -92.757652/35.985512 and 152.303413/-43.168922
2023-09-27T16:51:41.743+02:00 DEBUG 7856 --- [pool-2-thread-1] c.o.tourguide.service.RewardsService     : Checking if the user 67f8fff4-54ee-46cd-8f7f-aefcda646579 already get close from Hot Springs National Park
2023-09-27T16:51:41.743+02:00 DEBUG 7856 --- [pool-2-thread-1] c.o.tourguide.service.RewardsService     : Calculate distance between -93.042267/34.52153 and 152.303413/-43.168922
2023-09-27T16:51:41.743+02:00 DEBUG 7856 --- [pool-2-thread-1] c.o.tourguide.service.RewardsService     : Checking if the user 67f8fff4-54ee-46cd-8f7f-aefcda646579 already get close from Kartchner Caverns State Park
2023-09-27T16:51:41.743+02:00 DEBUG 7856 --- [pool-2-thread-1] c.o.tourguide.service.RewardsService     : Calculate distance between -110.347382/31.837551 and 152.303413/-43.168922
2023-09-27T16:51:41.743+02:00 DEBUG 7856 --- [pool-2-thread-1] c.o.tourguide.service.RewardsService     : Checking if the user 67f8fff4-54ee-46cd-8f7f-aefcda646579 already get close from Legend Valley
2023-09-27T16:51:41.743+02:00 DEBUG 7856 --- [pool-2-thread-1] c.o.tourguide.service.RewardsService     : Calculate distance between -82.40667/39.937778 and 152.303413/-43.168922
2023-09-27T16:51:41.743+02:00 DEBUG 7856 --- [pool-2-thread-1] c.o.tourguide.service.RewardsService     : Checking if the user 67f8fff4-54ee-46cd-8f7f-aefcda646579 already get close from Flowers Bakery of London
2023-09-27T16:51:41.743+02:00 DEBUG 7856 --- [pool-2-thread-1] c.o.tourguide.service.RewardsService     : Calculate distance between -84.07486/37.131527 and 152.303413/-43.168922
2023-09-27T16:51:41.743+02:00 DEBUG 7856 --- [pool-2-thread-1] c.o.tourguide.service.RewardsService     : Checking if the user 67f8fff4-54ee-46cd-8f7f-aefcda646579 already get close from McKinley Tower
2023-09-27T16:51:41.743+02:00 DEBUG 7856 --- [pool-2-thread-1] c.o.tourguide.service.RewardsService     : Calculate distance between -149.877502/61.218887 and 152.303413/-43.168922
2023-09-27T16:51:41.743+02:00 DEBUG 7856 --- [pool-2-thread-1] c.o.tourguide.service.RewardsService     : Checking if the user 67f8fff4-54ee-46cd-8f7f-aefcda646579 already get close from Flatiron Building
2023-09-27T16:51:41.743+02:00 DEBUG 7856 --- [pool-2-thread-1] c.o.tourguide.service.RewardsService     : Calculate distance between -73.989723/40.741112 and 152.303413/-43.168922
2023-09-27T16:51:41.743+02:00 DEBUG 7856 --- [pool-2-thread-1] c.o.tourguide.service.RewardsService     : Checking if the user 67f8fff4-54ee-46cd-8f7f-aefcda646579 already get close from Fallingwater
2023-09-27T16:51:41.743+02:00 DEBUG 7856 --- [pool-2-thread-1] c.o.tourguide.service.RewardsService     : Calculate distance between -79.468056/39.906113 and 152.303413/-43.168922
2023-09-27T16:51:41.743+02:00 DEBUG 7856 --- [pool-2-thread-1] c.o.tourguide.service.RewardsService     : Checking if the user 67f8fff4-54ee-46cd-8f7f-aefcda646579 already get close from Union Station
2023-09-27T16:51:41.743+02:00 DEBUG 7856 --- [pool-2-thread-1] c.o.tourguide.service.RewardsService     : Calculate distance between -77.006332/38.897095 and 152.303413/-43.168922
2023-09-27T16:51:41.743+02:00 DEBUG 7856 --- [pool-2-thread-1] c.o.tourguide.service.RewardsService     : Checking if the user 67f8fff4-54ee-46cd-8f7f-aefcda646579 already get close from Roger Dean Stadium
2023-09-27T16:51:41.743+02:00 DEBUG 7856 --- [pool-2-thread-1] c.o.tourguide.service.RewardsService     : Calculate distance between -80.116577/26.890959 and 152.303413/-43.168922
2023-09-27T16:51:41.743+02:00 DEBUG 7856 --- [pool-2-thread-1] c.o.tourguide.service.RewardsService     : Checking if the user 67f8fff4-54ee-46cd-8f7f-aefcda646579 already get close from Texas Memorial Stadium
2023-09-27T16:51:41.743+02:00 DEBUG 7856 --- [pool-2-thread-1] c.o.tourguide.service.RewardsService     : Calculate distance between -97.732536/30.283682 and 152.303413/-43.168922
2023-09-27T16:51:41.743+02:00 DEBUG 7856 --- [pool-2-thread-1] c.o.tourguide.service.RewardsService     : Checking if the user 67f8fff4-54ee-46cd-8f7f-aefcda646579 already get close from Bryant-Denny Stadium
2023-09-27T16:51:41.743+02:00 DEBUG 7856 --- [pool-2-thread-1] c.o.tourguide.service.RewardsService     : Calculate distance between -87.550438/33.208973 and 152.303413/-43.168922
2023-09-27T16:51:41.743+02:00 DEBUG 7856 --- [pool-2-thread-1] c.o.tourguide.service.RewardsService     : Checking if the user 67f8fff4-54ee-46cd-8f7f-aefcda646579 already get close from Tiger Stadium
2023-09-27T16:51:41.743+02:00 DEBUG 7856 --- [pool-2-thread-1] c.o.tourguide.service.RewardsService     : Calculate distance between -91.183815/30.412035 and 152.303413/-43.168922
2023-09-27T16:51:41.743+02:00 DEBUG 7856 --- [pool-2-thread-1] c.o.tourguide.service.RewardsService     : Checking if the user 67f8fff4-54ee-46cd-8f7f-aefcda646579 already get close from Neyland Stadium
2023-09-27T16:51:41.743+02:00 DEBUG 7856 --- [pool-2-thread-1] c.o.tourguide.service.RewardsService     : Calculate distance between -83.925011/35.955013 and 152.303413/-43.168922
2023-09-27T16:51:41.743+02:00 DEBUG 7856 --- [pool-2-thread-1] c.o.tourguide.service.RewardsService     : Checking if the user 67f8fff4-54ee-46cd-8f7f-aefcda646579 already get close from Kyle Field
2023-09-27T16:51:41.743+02:00 DEBUG 7856 --- [pool-2-thread-1] c.o.tourguide.service.RewardsService     : Calculate distance between -96.339844/30.61025 and 152.303413/-43.168922
2023-09-27T16:51:41.743+02:00 DEBUG 7856 --- [pool-2-thread-1] c.o.tourguide.service.RewardsService     : Checking if the user 67f8fff4-54ee-46cd-8f7f-aefcda646579 already get close from San Diego Zoo
2023-09-27T16:51:41.743+02:00 DEBUG 7856 --- [pool-2-thread-1] c.o.tourguide.service.RewardsService     : Calculate distance between -117.149048/32.735317 and 152.303413/-43.168922
2023-09-27T16:51:41.743+02:00 DEBUG 7856 --- [pool-2-thread-1] c.o.tourguide.service.RewardsService     : Checking if the user 67f8fff4-54ee-46cd-8f7f-aefcda646579 already get close from Zoo Tampa at Lowry Park
2023-09-27T16:51:41.743+02:00 DEBUG 7856 --- [pool-2-thread-1] c.o.tourguide.service.RewardsService     : Calculate distance between -82.469269/28.012804 and 152.303413/-43.168922
2023-09-27T16:51:41.743+02:00 DEBUG 7856 --- [pool-2-thread-1] c.o.tourguide.service.RewardsService     : Checking if the user 67f8fff4-54ee-46cd-8f7f-aefcda646579 already get close from Franklin Park Zoo
2023-09-27T16:51:41.743+02:00 DEBUG 7856 --- [pool-2-thread-1] c.o.tourguide.service.RewardsService     : Calculate distance between -71.086731/42.302601 and 152.303413/-43.168922
2023-09-27T16:51:41.743+02:00 DEBUG 7856 --- [pool-2-thread-1] c.o.tourguide.service.RewardsService     : Checking if the user 67f8fff4-54ee-46cd-8f7f-aefcda646579 already get close from El Paso Zoo
2023-09-27T16:51:41.743+02:00 DEBUG 7856 --- [pool-2-thread-1] c.o.tourguide.service.RewardsService     : Calculate distance between -106.44487/31.769125 and 152.303413/-43.168922
2023-09-27T16:51:41.743+02:00 DEBUG 7856 --- [pool-2-thread-1] c.o.tourguide.service.RewardsService     : Checking if the user 67f8fff4-54ee-46cd-8f7f-aefcda646579 already get close from Kansas City Zoo
2023-09-27T16:51:41.743+02:00 DEBUG 7856 --- [pool-2-thread-1] c.o.tourguide.service.RewardsService     : Calculate distance between -94.529625/39.007504 and 152.303413/-43.168922
2023-09-27T16:51:41.743+02:00 DEBUG 7856 --- [pool-2-thread-1] c.o.tourguide.service.RewardsService     : Checking if the user 67f8fff4-54ee-46cd-8f7f-aefcda646579 already get close from Bronx Zoo
2023-09-27T16:51:41.743+02:00 DEBUG 7856 --- [pool-2-thread-1] c.o.tourguide.service.RewardsService     : Calculate distance between -73.872971/40.852905 and 152.303413/-43.168922
2023-09-27T16:51:41.743+02:00 DEBUG 7856 --- [pool-2-thread-1] c.o.tourguide.service.RewardsService     : Checking if the user 67f8fff4-54ee-46cd-8f7f-aefcda646579 already get close from Cinderella Castle
2023-09-27T16:51:41.743+02:00 DEBUG 7856 --- [pool-2-thread-1] c.o.tourguide.service.RewardsService     : Calculate distance between -81.5812/28.419411 and 152.303413/-43.168922
2023-09-27T16:51:41.743+02:00 DEBUG 7856 --- [pool-2-thread-1] c.o.tourguide.service.RewardsService     : Checking if the user 67f8fff4-54ee-46cd-8f7f-aefcda646579 already get close from Disneyland
2023-09-27T16:51:41.743+02:00 DEBUG 7856 --- [pool-2-thread-1] c.o.tourguide.service.RewardsService     : Calculate distance between -117.922008/33.817595 and 13.41652/-61.310472
2023-09-27T16:51:41.743+02:00 DEBUG 7856 --- [pool-2-thread-1] c.o.tourguide.service.RewardsService     : Checking if the user 67f8fff4-54ee-46cd-8f7f-aefcda646579 already get close from Jackson Hole
2023-09-27T16:51:41.743+02:00 DEBUG 7856 --- [pool-2-thread-1] c.o.tourguide.service.RewardsService     : Calculate distance between -110.821999/43.582767 and 13.41652/-61.310472
2023-09-27T16:51:41.743+02:00 DEBUG 7856 --- [pool-2-thread-1] c.o.tourguide.service.RewardsService     : Checking if the user 67f8fff4-54ee-46cd-8f7f-aefcda646579 already get close from Mojave National Preserve
2023-09-27T16:51:41.743+02:00 DEBUG 7856 --- [pool-2-thread-1] c.o.tourguide.service.RewardsService     : Calculate distance between -115.510399/35.141689 and 13.41652/-61.310472
2023-09-27T16:51:41.743+02:00 DEBUG 7856 --- [pool-2-thread-1] c.o.tourguide.service.RewardsService     : Checking if the user 67f8fff4-54ee-46cd-8f7f-aefcda646579 already get close from Joshua Tree National Park
2023-09-27T16:51:41.743+02:00 DEBUG 7856 --- [pool-2-thread-1] c.o.tourguide.service.RewardsService     : Calculate distance between -115.90065/33.881866 and 13.41652/-61.310472
2023-09-27T16:51:41.743+02:00 DEBUG 7856 --- [pool-2-thread-1] c.o.tourguide.service.RewardsService     : Checking if the user 67f8fff4-54ee-46cd-8f7f-aefcda646579 already get close from Buffalo National River
2023-09-27T16:51:41.743+02:00 DEBUG 7856 --- [pool-2-thread-1] c.o.tourguide.service.RewardsService     : Calculate distance between -92.757652/35.985512 and 13.41652/-61.310472
2023-09-27T16:51:41.743+02:00 DEBUG 7856 --- [pool-2-thread-1] c.o.tourguide.service.RewardsService     : Checking if the user 67f8fff4-54ee-46cd-8f7f-aefcda646579 already get close from Hot Springs National Park
2023-09-27T16:51:41.743+02:00 DEBUG 7856 --- [pool-2-thread-1] c.o.tourguide.service.RewardsService     : Calculate distance between -93.042267/34.52153 and 13.41652/-61.310472
2023-09-27T16:51:41.743+02:00 DEBUG 7856 --- [pool-2-thread-1] c.o.tourguide.service.RewardsService     : Checking if the user 67f8fff4-54ee-46cd-8f7f-aefcda646579 already get close from Kartchner Caverns State Park
2023-09-27T16:51:41.743+02:00 DEBUG 7856 --- [pool-2-thread-1] c.o.tourguide.service.RewardsService     : Calculate distance between -110.347382/31.837551 and 13.41652/-61.310472
2023-09-27T16:51:41.743+02:00 DEBUG 7856 --- [pool-2-thread-1] c.o.tourguide.service.RewardsService     : Checking if the user 67f8fff4-54ee-46cd-8f7f-aefcda646579 already get close from Legend Valley
2023-09-27T16:51:41.743+02:00 DEBUG 7856 --- [pool-2-thread-1] c.o.tourguide.service.RewardsService     : Calculate distance between -82.40667/39.937778 and 13.41652/-61.310472
2023-09-27T16:51:41.743+02:00 DEBUG 7856 --- [pool-2-thread-1] c.o.tourguide.service.RewardsService     : Checking if the user 67f8fff4-54ee-46cd-8f7f-aefcda646579 already get close from Flowers Bakery of London
2023-09-27T16:51:41.743+02:00 DEBUG 7856 --- [pool-2-thread-1] c.o.tourguide.service.RewardsService     : Calculate distance between -84.07486/37.131527 and 13.41652/-61.310472
2023-09-27T16:51:41.743+02:00 DEBUG 7856 --- [pool-2-thread-1] c.o.tourguide.service.RewardsService     : Checking if the user 67f8fff4-54ee-46cd-8f7f-aefcda646579 already get close from McKinley Tower
2023-09-27T16:51:41.743+02:00 DEBUG 7856 --- [pool-2-thread-1] c.o.tourguide.service.RewardsService     : Calculate distance between -149.877502/61.218887 and 13.41652/-61.310472
2023-09-27T16:51:41.743+02:00 DEBUG 7856 --- [pool-2-thread-1] c.o.tourguide.service.RewardsService     : Checking if the user 67f8fff4-54ee-46cd-8f7f-aefcda646579 already get close from Flatiron Building
2023-09-27T16:51:41.743+02:00 DEBUG 7856 --- [pool-2-thread-1] c.o.tourguide.service.RewardsService     : Calculate distance between -73.989723/40.741112 and 13.41652/-61.310472
2023-09-27T16:51:41.743+02:00 DEBUG 7856 --- [pool-2-thread-1] c.o.tourguide.service.RewardsService     : Checking if the user 67f8fff4-54ee-46cd-8f7f-aefcda646579 already get close from Fallingwater
2023-09-27T16:51:41.743+02:00 DEBUG 7856 --- [pool-2-thread-1] c.o.tourguide.service.RewardsService     : Calculate distance between -79.468056/39.906113 and 13.41652/-61.310472
2023-09-27T16:51:41.743+02:00 DEBUG 7856 --- [pool-2-thread-1] c.o.tourguide.service.RewardsService     : Checking if the user 67f8fff4-54ee-46cd-8f7f-aefcda646579 already get close from Union Station
2023-09-27T16:51:41.743+02:00 DEBUG 7856 --- [pool-2-thread-1] c.o.tourguide.service.RewardsService     : Calculate distance between -77.006332/38.897095 and 13.41652/-61.310472
2023-09-27T16:51:41.743+02:00 DEBUG 7856 --- [pool-2-thread-1] c.o.tourguide.service.RewardsService     : Checking if the user 67f8fff4-54ee-46cd-8f7f-aefcda646579 already get close from Roger Dean Stadium
2023-09-27T16:51:41.743+02:00 DEBUG 7856 --- [pool-2-thread-1] c.o.tourguide.service.RewardsService     : Calculate distance between -80.116577/26.890959 and 13.41652/-61.310472
2023-09-27T16:51:41.743+02:00 DEBUG 7856 --- [pool-2-thread-1] c.o.tourguide.service.RewardsService     : Checking if the user 67f8fff4-54ee-46cd-8f7f-aefcda646579 already get close from Texas Memorial Stadium
2023-09-27T16:51:41.743+02:00 DEBUG 7856 --- [pool-2-thread-1] c.o.tourguide.service.RewardsService     : Calculate distance between -97.732536/30.283682 and 13.41652/-61.310472
2023-09-27T16:51:41.743+02:00 DEBUG 7856 --- [pool-2-thread-1] c.o.tourguide.service.RewardsService     : Checking if the user 67f8fff4-54ee-46cd-8f7f-aefcda646579 already get close from Bryant-Denny Stadium
2023-09-27T16:51:41.743+02:00 DEBUG 7856 --- [pool-2-thread-1] c.o.tourguide.service.RewardsService     : Calculate distance between -87.550438/33.208973 and 13.41652/-61.310472
2023-09-27T16:51:41.743+02:00 DEBUG 7856 --- [pool-2-thread-1] c.o.tourguide.service.RewardsService     : Checking if the user 67f8fff4-54ee-46cd-8f7f-aefcda646579 already get close from Tiger Stadium
2023-09-27T16:51:41.743+02:00 DEBUG 7856 --- [pool-2-thread-1] c.o.tourguide.service.RewardsService     : Calculate distance between -91.183815/30.412035 and 13.41652/-61.310472
2023-09-27T16:51:41.743+02:00 DEBUG 7856 --- [pool-2-thread-1] c.o.tourguide.service.RewardsService     : Checking if the user 67f8fff4-54ee-46cd-8f7f-aefcda646579 already get close from Neyland Stadium
2023-09-27T16:51:41.743+02:00 DEBUG 7856 --- [pool-2-thread-1] c.o.tourguide.service.RewardsService     : Calculate distance between -83.925011/35.955013 and 13.41652/-61.310472
2023-09-27T16:51:41.743+02:00 DEBUG 7856 --- [pool-2-thread-1] c.o.tourguide.service.RewardsService     : Checking if the user 67f8fff4-54ee-46cd-8f7f-aefcda646579 already get close from Kyle Field
2023-09-27T16:51:41.743+02:00 DEBUG 7856 --- [pool-2-thread-1] c.o.tourguide.service.RewardsService     : Calculate distance between -96.339844/30.61025 and 13.41652/-61.310472
2023-09-27T16:51:41.743+02:00 DEBUG 7856 --- [pool-2-thread-1] c.o.tourguide.service.RewardsService     : Checking if the user 67f8fff4-54ee-46cd-8f7f-aefcda646579 already get close from San Diego Zoo
2023-09-27T16:51:41.743+02:00 DEBUG 7856 --- [pool-2-thread-1] c.o.tourguide.service.RewardsService     : Calculate distance between -117.149048/32.735317 and 13.41652/-61.310472
2023-09-27T16:51:41.744+02:00 DEBUG 7856 --- [pool-2-thread-1] c.o.tourguide.service.RewardsService     : Checking if the user 67f8fff4-54ee-46cd-8f7f-aefcda646579 already get close from Zoo Tampa at Lowry Park
2023-09-27T16:51:41.744+02:00 DEBUG 7856 --- [pool-2-thread-1] c.o.tourguide.service.RewardsService     : Calculate distance between -82.469269/28.012804 and 13.41652/-61.310472
2023-09-27T16:51:41.744+02:00 DEBUG 7856 --- [pool-2-thread-1] c.o.tourguide.service.RewardsService     : Checking if the user 67f8fff4-54ee-46cd-8f7f-aefcda646579 already get close from Franklin Park Zoo
2023-09-27T16:51:41.744+02:00 DEBUG 7856 --- [pool-2-thread-1] c.o.tourguide.service.RewardsService     : Calculate distance between -71.086731/42.302601 and 13.41652/-61.310472
2023-09-27T16:51:41.744+02:00 DEBUG 7856 --- [pool-2-thread-1] c.o.tourguide.service.RewardsService     : Checking if the user 67f8fff4-54ee-46cd-8f7f-aefcda646579 already get close from El Paso Zoo
2023-09-27T16:51:41.744+02:00 DEBUG 7856 --- [pool-2-thread-1] c.o.tourguide.service.RewardsService     : Calculate distance between -106.44487/31.769125 and 13.41652/-61.310472
2023-09-27T16:51:41.744+02:00 DEBUG 7856 --- [pool-2-thread-1] c.o.tourguide.service.RewardsService     : Checking if the user 67f8fff4-54ee-46cd-8f7f-aefcda646579 already get close from Kansas City Zoo
2023-09-27T16:51:41.744+02:00 DEBUG 7856 --- [pool-2-thread-1] c.o.tourguide.service.RewardsService     : Calculate distance between -94.529625/39.007504 and 13.41652/-61.310472
2023-09-27T16:51:41.744+02:00 DEBUG 7856 --- [pool-2-thread-1] c.o.tourguide.service.RewardsService     : Checking if the user 67f8fff4-54ee-46cd-8f7f-aefcda646579 already get close from Bronx Zoo
2023-09-27T16:51:41.744+02:00 DEBUG 7856 --- [pool-2-thread-1] c.o.tourguide.service.RewardsService     : Calculate distance between -73.872971/40.852905 and 13.41652/-61.310472
2023-09-27T16:51:41.744+02:00 DEBUG 7856 --- [pool-2-thread-1] c.o.tourguide.service.RewardsService     : Checking if the user 67f8fff4-54ee-46cd-8f7f-aefcda646579 already get close from Cinderella Castle
2023-09-27T16:51:41.744+02:00 DEBUG 7856 --- [pool-2-thread-1] c.o.tourguide.service.RewardsService     : Calculate distance between -81.5812/28.419411 and 13.41652/-61.310472
2023-09-27T16:51:41.744+02:00 DEBUG 7856 --- [pool-2-thread-1] c.o.tourguide.service.RewardsService     : Trying to add 0 rewards
2023-09-27T16:51:41.825+02:00  INFO 7856 --- [           main] o.s.b.a.e.web.EndpointLinksResolver      : Exposing 1 endpoint(s) beneath base path '/actuator'
2023-09-27T16:51:41.833+02:00  INFO 7856 --- [pool-2-thread-1] c.o.tourguide.service.TourGuideService   : Adding the current location to the user internalUser6490
2023-09-27T16:51:41.833+02:00 DEBUG 7856 --- [pool-2-thread-1] c.o.tourguide.service.RewardsService     : calculate reward for internalUser6490 on his 5 known locations
2023-09-27T16:51:41.851+02:00 DEBUG 7856 --- [pool-2-thread-1] c.o.tourguide.service.RewardsService     : Checking if the user 0e661c02-4232-4a05-afba-81e741782a11 already get close from Disneyland
2023-09-27T16:51:41.851+02:00 DEBUG 7856 --- [pool-2-thread-1] c.o.tourguide.service.RewardsService     : Calculate distance between -117.922008/33.817595 and 43.03684162219807/-17.753417499768403
2023-09-27T16:51:41.851+02:00 DEBUG 7856 --- [pool-2-thread-1] c.o.tourguide.service.RewardsService     : Checking if the user 0e661c02-4232-4a05-afba-81e741782a11 already get close from Jackson Hole
2023-09-27T16:51:41.851+02:00 DEBUG 7856 --- [pool-2-thread-1] c.o.tourguide.service.RewardsService     : Calculate distance between -110.821999/43.582767 and 43.03684162219807/-17.753417499768403
2023-09-27T16:51:41.851+02:00 DEBUG 7856 --- [pool-2-thread-1] c.o.tourguide.service.RewardsService     : Checking if the user 0e661c02-4232-4a05-afba-81e741782a11 already get close from Mojave National Preserve
2023-09-27T16:51:41.851+02:00 DEBUG 7856 --- [pool-2-thread-1] c.o.tourguide.service.RewardsService     : Calculate distance between -115.510399/35.141689 and 43.03684162219807/-17.753417499768403
2023-09-27T16:51:41.851+02:00 DEBUG 7856 --- [pool-2-thread-1] c.o.tourguide.service.RewardsService     : Checking if the user 0e661c02-4232-4a05-afba-81e741782a11 already get close from Joshua Tree National Park
2023-09-27T16:51:41.851+02:00 DEBUG 7856 --- [pool-2-thread-1] c.o.tourguide.service.RewardsService     : Calculate distance between -115.90065/33.881866 and 43.03684162219807/-17.753417499768403
2023-09-27T16:51:41.851+02:00 DEBUG 7856 --- [pool-2-thread-1] c.o.tourguide.service.RewardsService     : Checking if the user 0e661c02-4232-4a05-afba-81e741782a11 already get close from Buffalo National River
2023-09-27T16:51:41.851+02:00 DEBUG 7856 --- [pool-2-thread-1] c.o.tourguide.service.RewardsService     : Calculate distance between -92.757652/35.985512 and 43.03684162219807/-17.753417499768403
2023-09-27T16:51:41.851+02:00 DEBUG 7856 --- [pool-2-thread-1] c.o.tourguide.service.RewardsService     : Checking if the user 0e661c02-4232-4a05-afba-81e741782a11 already get close from Hot Springs National Park
2023-09-27T16:51:41.851+02:00 DEBUG 7856 --- [pool-2-thread-1] c.o.tourguide.service.RewardsService     : Calculate distance between -93.042267/34.52153 and 43.03684162219807/-17.753417499768403
2023-09-27T16:51:41.851+02:00 DEBUG 7856 --- [pool-2-thread-1] c.o.tourguide.service.RewardsService     : Checking if the user 0e661c02-4232-4a05-afba-81e741782a11 already get close from Kartchner Caverns State Park
2023-09-27T16:51:41.851+02:00 DEBUG 7856 --- [pool-2-thread-1] c.o.tourguide.service.RewardsService     : Calculate distance between -110.347382/31.837551 and 43.03684162219807/-17.753417499768403
2023-09-27T16:51:41.851+02:00 DEBUG 7856 --- [pool-2-thread-1] c.o.tourguide.service.RewardsService     : Checking if the user 0e661c02-4232-4a05-afba-81e741782a11 already get close from Legend Valley
2023-09-27T16:51:41.851+02:00 DEBUG 7856 --- [pool-2-thread-1] c.o.tourguide.service.RewardsService     : Calculate distance between -82.40667/39.937778 and 43.03684162219807/-17.753417499768403
2023-09-27T16:51:41.851+02:00 DEBUG 7856 --- [pool-2-thread-1] c.o.tourguide.service.RewardsService     : Checking if the user 0e661c02-4232-4a05-afba-81e741782a11 already get close from Flowers Bakery of London
2023-09-27T16:51:41.851+02:00 DEBUG 7856 --- [pool-2-thread-1] c.o.tourguide.service.RewardsService     : Calculate distance between -84.07486/37.131527 and 43.03684162219807/-17.753417499768403
2023-09-27T16:51:41.851+02:00 DEBUG 7856 --- [pool-2-thread-1] c.o.tourguide.service.RewardsService     : Checking if the user 0e661c02-4232-4a05-afba-81e741782a11 already get close from McKinley Tower
2023-09-27T16:51:41.851+02:00 DEBUG 7856 --- [pool-2-thread-1] c.o.tourguide.service.RewardsService     : Calculate distance between -149.877502/61.218887 and 43.03684162219807/-17.753417499768403
2023-09-27T16:51:41.851+02:00 DEBUG 7856 --- [pool-2-thread-1] c.o.tourguide.service.RewardsService     : Checking if the user 0e661c02-4232-4a05-afba-81e741782a11 already get close from Flatiron Building
2023-09-27T16:51:41.851+02:00 DEBUG 7856 --- [pool-2-thread-1] c.o.tourguide.service.RewardsService     : Calculate distance between -73.989723/40.741112 and 43.03684162219807/-17.753417499768403
2023-09-27T16:51:41.851+02:00 DEBUG 7856 --- [pool-2-thread-1] c.o.tourguide.service.RewardsService     : Checking if the user 0e661c02-4232-4a05-afba-81e741782a11 already get close from Fallingwater
2023-09-27T16:51:41.851+02:00 DEBUG 7856 --- [pool-2-thread-1] c.o.tourguide.service.RewardsService     : Calculate distance between -79.468056/39.906113 and 43.03684162219807/-17.753417499768403
2023-09-27T16:51:41.851+02:00 DEBUG 7856 --- [pool-2-thread-1] c.o.tourguide.service.RewardsService     : Checking if the user 0e661c02-4232-4a05-afba-81e741782a11 already get close from Union Station
2023-09-27T16:51:41.851+02:00 DEBUG 7856 --- [pool-2-thread-1] c.o.tourguide.service.RewardsService     : Calculate distance between -77.006332/38.897095 and 43.03684162219807/-17.753417499768403
2023-09-27T16:51:41.851+02:00 DEBUG 7856 --- [pool-2-thread-1] c.o.tourguide.service.RewardsService     : Checking if the user 0e661c02-4232-4a05-afba-81e741782a11 already get close from Roger Dean Stadium
2023-09-27T16:51:41.851+02:00 DEBUG 7856 --- [pool-2-thread-1] c.o.tourguide.service.RewardsService     : Calculate distance between -80.116577/26.890959 and 43.03684162219807/-17.753417499768403
2023-09-27T16:51:41.851+02:00 DEBUG 7856 --- [pool-2-thread-1] c.o.tourguide.service.RewardsService     : Checking if the user 0e661c02-4232-4a05-afba-81e741782a11 already get close from Texas Memorial Stadium
2023-09-27T16:51:41.851+02:00 DEBUG 7856 --- [pool-2-thread-1] c.o.tourguide.service.RewardsService     : Calculate distance between -97.732536/30.283682 and 43.03684162219807/-17.753417499768403
2023-09-27T16:51:41.851+02:00 DEBUG 7856 --- [pool-2-thread-1] c.o.tourguide.service.RewardsService     : Checking if the user 0e661c02-4232-4a05-afba-81e741782a11 already get close from Bryant-Denny Stadium
2023-09-27T16:51:41.851+02:00 DEBUG 7856 --- [pool-2-thread-1] c.o.tourguide.service.RewardsService     : Calculate distance between -87.550438/33.208973 and 43.03684162219807/-17.753417499768403
2023-09-27T16:51:41.851+02:00 DEBUG 7856 --- [pool-2-thread-1] c.o.tourguide.service.RewardsService     : Checking if the user 0e661c02-4232-4a05-afba-81e741782a11 already get close from Tiger Stadium
2023-09-27T16:51:41.851+02:00 DEBUG 7856 --- [pool-2-thread-1] c.o.tourguide.service.RewardsService     : Calculate distance between -91.183815/30.412035 and 43.03684162219807/-17.753417499768403
2023-09-27T16:51:41.851+02:00 DEBUG 7856 --- [pool-2-thread-1] c.o.tourguide.service.RewardsService     : Checking if the user 0e661c02-4232-4a05-afba-81e741782a11 already get close from Neyland Stadium
2023-09-27T16:51:41.851+02:00 DEBUG 7856 --- [pool-2-thread-1] c.o.tourguide.service.RewardsService     : Calculate distance between -83.925011/35.955013 and 43.03684162219807/-17.753417499768403
2023-09-27T16:51:41.851+02:00 DEBUG 7856 --- [pool-2-thread-1] c.o.tourguide.service.RewardsService     : Checking if the user 0e661c02-4232-4a05-afba-81e741782a11 already get close from Kyle Field
2023-09-27T16:51:41.851+02:00 DEBUG 7856 --- [pool-2-thread-1] c.o.tourguide.service.RewardsService     : Calculate distance between -96.339844/30.61025 and 43.03684162219807/-17.753417499768403
2023-09-27T16:51:41.851+02:00 DEBUG 7856 --- [pool-2-thread-1] c.o.tourguide.service.RewardsService     : Checking if the user 0e661c02-4232-4a05-afba-81e741782a11 already get close from San Diego Zoo
2023-09-27T16:51:41.851+02:00 DEBUG 7856 --- [pool-2-thread-1] c.o.tourguide.service.RewardsService     : Calculate distance between -117.149048/32.735317 and 43.03684162219807/-17.753417499768403
2023-09-27T16:51:41.851+02:00 DEBUG 7856 --- [pool-2-thread-1] c.o.tourguide.service.RewardsService     : Checking if the user 0e661c02-4232-4a05-afba-81e741782a11 already get close from Zoo Tampa at Lowry Park
2023-09-27T16:51:41.851+02:00 DEBUG 7856 --- [pool-2-thread-1] c.o.tourguide.service.RewardsService     : Calculate distance between -82.469269/28.012804 and 43.03684162219807/-17.753417499768403
2023-09-27T16:51:41.851+02:00 DEBUG 7856 --- [pool-2-thread-1] c.o.tourguide.service.RewardsService     : Checking if the user 0e661c02-4232-4a05-afba-81e741782a11 already get close from Franklin Park Zoo
2023-09-27T16:51:41.851+02:00 DEBUG 7856 --- [pool-2-thread-1] c.o.tourguide.service.RewardsService     : Calculate distance between -71.086731/42.302601 and 43.03684162219807/-17.753417499768403
2023-09-27T16:51:41.851+02:00 DEBUG 7856 --- [pool-2-thread-1] c.o.tourguide.service.RewardsService     : Checking if the user 0e661c02-4232-4a05-afba-81e741782a11 already get close from El Paso Zoo
2023-09-27T16:51:41.851+02:00 DEBUG 7856 --- [pool-2-thread-1] c.o.tourguide.service.RewardsService     : Calculate distance between -106.44487/31.769125 and 43.03684162219807/-17.753417499768403
2023-09-27T16:51:41.851+02:00 DEBUG 7856 --- [pool-2-thread-1] c.o.tourguide.service.RewardsService     : Checking if the user 0e661c02-4232-4a05-afba-81e741782a11 already get close from Kansas City Zoo
2023-09-27T16:51:41.851+02:00 DEBUG 7856 --- [pool-2-thread-1] c.o.tourguide.service.RewardsService     : Calculate distance between -94.529625/39.007504 and 43.03684162219807/-17.753417499768403
2023-09-27T16:51:41.851+02:00 DEBUG 7856 --- [pool-2-thread-1] c.o.tourguide.service.RewardsService     : Checking if the user 0e661c02-4232-4a05-afba-81e741782a11 already get close from Bronx Zoo
2023-09-27T16:51:41.851+02:00 DEBUG 7856 --- [pool-2-thread-1] c.o.tourguide.service.RewardsService     : Calculate distance between -73.872971/40.852905 and 43.03684162219807/-17.753417499768403
2023-09-27T16:51:41.851+02:00 DEBUG 7856 --- [pool-2-thread-1] c.o.tourguide.service.RewardsService     : Checking if the user 0e661c02-4232-4a05-afba-81e741782a11 already get close from Cinderella Castle
2023-09-27T16:51:41.851+02:00 DEBUG 7856 --- [pool-2-thread-1] c.o.tourguide.service.RewardsService     : Calculate distance between -81.5812/28.419411 and 43.03684162219807/-17.753417499768403
2023-09-27T16:51:41.851+02:00 DEBUG 7856 --- [pool-2-thread-1] c.o.tourguide.service.RewardsService     : Checking if the user 0e661c02-4232-4a05-afba-81e741782a11 already get close from Disneyland
2023-09-27T16:51:41.851+02:00 DEBUG 7856 --- [pool-2-thread-1] c.o.tourguide.service.RewardsService     : Calculate distance between -117.922008/33.817595 and 146.81535563410642/-19.225250112103964
2023-09-27T16:51:41.851+02:00 DEBUG 7856 --- [pool-2-thread-1] c.o.tourguide.service.RewardsService     : Checking if the user 0e661c02-4232-4a05-afba-81e741782a11 already get close from Jackson Hole
2023-09-27T16:51:41.851+02:00 DEBUG 7856 --- [pool-2-thread-1] c.o.tourguide.service.RewardsService     : Calculate distance between -110.821999/43.582767 and 146.81535563410642/-19.225250112103964
2023-09-27T16:51:41.851+02:00 DEBUG 7856 --- [pool-2-thread-1] c.o.tourguide.service.RewardsService     : Checking if the user 0e661c02-4232-4a05-afba-81e741782a11 already get close from Mojave National Preserve
2023-09-27T16:51:41.851+02:00 DEBUG 7856 --- [pool-2-thread-1] c.o.tourguide.service.RewardsService     : Calculate distance between -115.510399/35.141689 and 146.81535563410642/-19.225250112103964
2023-09-27T16:51:41.851+02:00 DEBUG 7856 --- [pool-2-thread-1] c.o.tourguide.service.RewardsService     : Checking if the user 0e661c02-4232-4a05-afba-81e741782a11 already get close from Joshua Tree National Park
2023-09-27T16:51:41.851+02:00 DEBUG 7856 --- [pool-2-thread-1] c.o.tourguide.service.RewardsService     : Calculate distance between -115.90065/33.881866 and 146.81535563410642/-19.225250112103964
2023-09-27T16:51:41.851+02:00 DEBUG 7856 --- [pool-2-thread-1] c.o.tourguide.service.RewardsService     : Checking if the user 0e661c02-4232-4a05-afba-81e741782a11 already get close from Buffalo National River
2023-09-27T16:51:41.851+02:00 DEBUG 7856 --- [pool-2-thread-1] c.o.tourguide.service.RewardsService     : Calculate distance between -92.757652/35.985512 and 146.81535563410642/-19.225250112103964
2023-09-27T16:51:41.851+02:00 DEBUG 7856 --- [pool-2-thread-1] c.o.tourguide.service.RewardsService     : Checking if the user 0e661c02-4232-4a05-afba-81e741782a11 already get close from Hot Springs National Park
2023-09-27T16:51:41.851+02:00 DEBUG 7856 --- [pool-2-thread-1] c.o.tourguide.service.RewardsService     : Calculate distance between -93.042267/34.52153 and 146.81535563410642/-19.225250112103964
2023-09-27T16:51:41.851+02:00 DEBUG 7856 --- [pool-2-thread-1] c.o.tourguide.service.RewardsService     : Checking if the user 0e661c02-4232-4a05-afba-81e741782a11 already get close from Kartchner Caverns State Park
2023-09-27T16:51:41.851+02:00 DEBUG 7856 --- [pool-2-thread-1] c.o.tourguide.service.RewardsService     : Calculate distance between -110.347382/31.837551 and 146.81535563410642/-19.225250112103964
2023-09-27T16:51:41.851+02:00 DEBUG 7856 --- [pool-2-thread-1] c.o.tourguide.service.RewardsService     : Checking if the user 0e661c02-4232-4a05-afba-81e741782a11 already get close from Legend Valley
2023-09-27T16:51:41.851+02:00 DEBUG 7856 --- [pool-2-thread-1] c.o.tourguide.service.RewardsService     : Calculate distance between -82.40667/39.937778 and 146.81535563410642/-19.225250112103964
2023-09-27T16:51:41.851+02:00 DEBUG 7856 --- [pool-2-thread-1] c.o.tourguide.service.RewardsService     : Checking if the user 0e661c02-4232-4a05-afba-81e741782a11 already get close from Flowers Bakery of London
2023-09-27T16:51:41.851+02:00 DEBUG 7856 --- [pool-2-thread-1] c.o.tourguide.service.RewardsService     : Calculate distance between -84.07486/37.131527 and 146.81535563410642/-19.225250112103964
2023-09-27T16:51:41.851+02:00 DEBUG 7856 --- [pool-2-thread-1] c.o.tourguide.service.RewardsService     : Checking if the user 0e661c02-4232-4a05-afba-81e741782a11 already get close from McKinley Tower
2023-09-27T16:51:41.851+02:00 DEBUG 7856 --- [pool-2-thread-1] c.o.tourguide.service.RewardsService     : Calculate distance between -149.877502/61.218887 and 146.81535563410642/-19.225250112103964
2023-09-27T16:51:41.851+02:00 DEBUG 7856 --- [pool-2-thread-1] c.o.tourguide.service.RewardsService     : Checking if the user 0e661c02-4232-4a05-afba-81e741782a11 already get close from Flatiron Building
2023-09-27T16:51:41.851+02:00 DEBUG 7856 --- [pool-2-thread-1] c.o.tourguide.service.RewardsService     : Calculate distance between -73.989723/40.741112 and 146.81535563410642/-19.225250112103964
2023-09-27T16:51:41.851+02:00 DEBUG 7856 --- [pool-2-thread-1] c.o.tourguide.service.RewardsService     : Checking if the user 0e661c02-4232-4a05-afba-81e741782a11 already get close from Fallingwater
2023-09-27T16:51:41.851+02:00 DEBUG 7856 --- [pool-2-thread-1] c.o.tourguide.service.RewardsService     : Calculate distance between -79.468056/39.906113 and 146.81535563410642/-19.225250112103964
2023-09-27T16:51:41.851+02:00 DEBUG 7856 --- [pool-2-thread-1] c.o.tourguide.service.RewardsService     : Checking if the user 0e661c02-4232-4a05-afba-81e741782a11 already get close from Union Station
2023-09-27T16:51:41.851+02:00 DEBUG 7856 --- [pool-2-thread-1] c.o.tourguide.service.RewardsService     : Calculate distance between -77.006332/38.897095 and 146.81535563410642/-19.225250112103964
2023-09-27T16:51:41.851+02:00 DEBUG 7856 --- [pool-2-thread-1] c.o.tourguide.service.RewardsService     : Checking if the user 0e661c02-4232-4a05-afba-81e741782a11 already get close from Roger Dean Stadium
2023-09-27T16:51:41.851+02:00 DEBUG 7856 --- [pool-2-thread-1] c.o.tourguide.service.RewardsService     : Calculate distance between -80.116577/26.890959 and 146.81535563410642/-19.225250112103964
2023-09-27T16:51:41.851+02:00 DEBUG 7856 --- [pool-2-thread-1] c.o.tourguide.service.RewardsService     : Checking if the user 0e661c02-4232-4a05-afba-81e741782a11 already get close from Texas Memorial Stadium
2023-09-27T16:51:41.851+02:00 DEBUG 7856 --- [pool-2-thread-1] c.o.tourguide.service.RewardsService     : Calculate distance between -97.732536/30.283682 and 146.81535563410642/-19.225250112103964
2023-09-27T16:51:41.851+02:00 DEBUG 7856 --- [pool-2-thread-1] c.o.tourguide.service.RewardsService     : Checking if the user 0e661c02-4232-4a05-afba-81e741782a11 already get close from Bryant-Denny Stadium
2023-09-27T16:51:41.851+02:00 DEBUG 7856 --- [pool-2-thread-1] c.o.tourguide.service.RewardsService     : Calculate distance between -87.550438/33.208973 and 146.81535563410642/-19.225250112103964
2023-09-27T16:51:41.851+02:00 DEBUG 7856 --- [pool-2-thread-1] c.o.tourguide.service.RewardsService     : Checking if the user 0e661c02-4232-4a05-afba-81e741782a11 already get close from Tiger Stadium
2023-09-27T16:51:41.851+02:00 DEBUG 7856 --- [pool-2-thread-1] c.o.tourguide.service.RewardsService     : Calculate distance between -91.183815/30.412035 and 146.81535563410642/-19.225250112103964
2023-09-27T16:51:41.851+02:00 DEBUG 7856 --- [pool-2-thread-1] c.o.tourguide.service.RewardsService     : Checking if the user 0e661c02-4232-4a05-afba-81e741782a11 already get close from Neyland Stadium
2023-09-27T16:51:41.851+02:00 DEBUG 7856 --- [pool-2-thread-1] c.o.tourguide.service.RewardsService     : Calculate distance between -83.925011/35.955013 and 146.81535563410642/-19.225250112103964
2023-09-27T16:51:41.852+02:00 DEBUG 7856 --- [pool-2-thread-1] c.o.tourguide.service.RewardsService     : Checking if the user 0e661c02-4232-4a05-afba-81e741782a11 already get close from Kyle Field
2023-09-27T16:51:41.852+02:00 DEBUG 7856 --- [pool-2-thread-1] c.o.tourguide.service.RewardsService     : Calculate distance between -96.339844/30.61025 and 146.81535563410642/-19.225250112103964
2023-09-27T16:51:41.852+02:00 DEBUG 7856 --- [pool-2-thread-1] c.o.tourguide.service.RewardsService     : Checking if the user 0e661c02-4232-4a05-afba-81e741782a11 already get close from San Diego Zoo
2023-09-27T16:51:41.852+02:00 DEBUG 7856 --- [pool-2-thread-1] c.o.tourguide.service.RewardsService     : Calculate distance between -117.149048/32.735317 and 146.81535563410642/-19.225250112103964
2023-09-27T16:51:41.852+02:00 DEBUG 7856 --- [pool-2-thread-1] c.o.tourguide.service.RewardsService     : Checking if the user 0e661c02-4232-4a05-afba-81e741782a11 already get close from Zoo Tampa at Lowry Park
2023-09-27T16:51:41.852+02:00 DEBUG 7856 --- [pool-2-thread-1] c.o.tourguide.service.RewardsService     : Calculate distance between -82.469269/28.012804 and 146.81535563410642/-19.225250112103964
2023-09-27T16:51:41.852+02:00 DEBUG 7856 --- [pool-2-thread-1] c.o.tourguide.service.RewardsService     : Checking if the user 0e661c02-4232-4a05-afba-81e741782a11 already get close from Franklin Park Zoo
2023-09-27T16:51:41.852+02:00 DEBUG 7856 --- [pool-2-thread-1] c.o.tourguide.service.RewardsService     : Calculate distance between -71.086731/42.302601 and 146.81535563410642/-19.225250112103964
2023-09-27T16:51:41.852+02:00 DEBUG 7856 --- [pool-2-thread-1] c.o.tourguide.service.RewardsService     : Checking if the user 0e661c02-4232-4a05-afba-81e741782a11 already get close from El Paso Zoo
2023-09-27T16:51:41.852+02:00 DEBUG 7856 --- [pool-2-thread-1] c.o.tourguide.service.RewardsService     : Calculate distance between -106.44487/31.769125 and 146.81535563410642/-19.225250112103964
2023-09-27T16:51:41.852+02:00 DEBUG 7856 --- [pool-2-thread-1] c.o.tourguide.service.RewardsService     : Checking if the user 0e661c02-4232-4a05-afba-81e741782a11 already get close from Kansas City Zoo
2023-09-27T16:51:41.852+02:00 DEBUG 7856 --- [pool-2-thread-1] c.o.tourguide.service.RewardsService     : Calculate distance between -94.529625/39.007504 and 146.81535563410642/-19.225250112103964
2023-09-27T16:51:41.852+02:00 DEBUG 7856 --- [pool-2-thread-1] c.o.tourguide.service.RewardsService     : Checking if the user 0e661c02-4232-4a05-afba-81e741782a11 already get close from Bronx Zoo
2023-09-27T16:51:41.852+02:00 DEBUG 7856 --- [pool-2-thread-1] c.o.tourguide.service.RewardsService     : Calculate distance between -73.872971/40.852905 and 146.81535563410642/-19.225250112103964
2023-09-27T16:51:41.852+02:00 DEBUG 7856 --- [pool-2-thread-1] c.o.tourguide.service.RewardsService     : Checking if the user 0e661c02-4232-4a05-afba-81e741782a11 already get close from Cinderella Castle
2023-09-27T16:51:41.852+02:00 DEBUG 7856 --- [pool-2-thread-1] c.o.tourguide.service.RewardsService     : Calculate distance between -81.5812/28.419411 and 146.81535563410642/-19.225250112103964
2023-09-27T16:51:41.852+02:00 DEBUG 7856 --- [pool-2-thread-1] c.o.tourguide.service.RewardsService     : Checking if the user 0e661c02-4232-4a05-afba-81e741782a11 already get close from Disneyland
2023-09-27T16:51:41.852+02:00 DEBUG 7856 --- [pool-2-thread-1] c.o.tourguide.service.RewardsService     : Calculate distance between -117.922008/33.817595 and 120.13525395453166/-9.350262055192886
2023-09-27T16:51:41.852+02:00 DEBUG 7856 --- [pool-2-thread-1] c.o.tourguide.service.RewardsService     : Checking if the user 0e661c02-4232-4a05-afba-81e741782a11 already get close from Jackson Hole
2023-09-27T16:51:41.852+02:00 DEBUG 7856 --- [pool-2-thread-1] c.o.tourguide.service.RewardsService     : Calculate distance between -110.821999/43.582767 and 120.13525395453166/-9.350262055192886
2023-09-27T16:51:41.852+02:00 DEBUG 7856 --- [pool-2-thread-1] c.o.tourguide.service.RewardsService     : Checking if the user 0e661c02-4232-4a05-afba-81e741782a11 already get close from Mojave National Preserve
2023-09-27T16:51:41.852+02:00 DEBUG 7856 --- [pool-2-thread-1] c.o.tourguide.service.RewardsService     : Calculate distance between -115.510399/35.141689 and 120.13525395453166/-9.350262055192886
2023-09-27T16:51:41.852+02:00 DEBUG 7856 --- [pool-2-thread-1] c.o.tourguide.service.RewardsService     : Checking if the user 0e661c02-4232-4a05-afba-81e741782a11 already get close from Joshua Tree National Park
2023-09-27T16:51:41.852+02:00 DEBUG 7856 --- [pool-2-thread-1] c.o.tourguide.service.RewardsService     : Calculate distance between -115.90065/33.881866 and 120.13525395453166/-9.350262055192886
2023-09-27T16:51:41.852+02:00 DEBUG 7856 --- [pool-2-thread-1] c.o.tourguide.service.RewardsService     : Checking if the user 0e661c02-4232-4a05-afba-81e741782a11 already get close from Buffalo National River
2023-09-27T16:51:41.852+02:00 DEBUG 7856 --- [pool-2-thread-1] c.o.tourguide.service.RewardsService     : Calculate distance between -92.757652/35.985512 and 120.13525395453166/-9.350262055192886
2023-09-27T16:51:41.852+02:00 DEBUG 7856 --- [pool-2-thread-1] c.o.tourguide.service.RewardsService     : Checking if the user 0e661c02-4232-4a05-afba-81e741782a11 already get close from Hot Springs National Park
2023-09-27T16:51:41.852+02:00 DEBUG 7856 --- [pool-2-thread-1] c.o.tourguide.service.RewardsService     : Calculate distance between -93.042267/34.52153 and 120.13525395453166/-9.350262055192886
2023-09-27T16:51:41.852+02:00 DEBUG 7856 --- [pool-2-thread-1] c.o.tourguide.service.RewardsService     : Checking if the user 0e661c02-4232-4a05-afba-81e741782a11 already get close from Kartchner Caverns State Park
2023-09-27T16:51:41.852+02:00 DEBUG 7856 --- [pool-2-thread-1] c.o.tourguide.service.RewardsService     : Calculate distance between -110.347382/31.837551 and 120.13525395453166/-9.350262055192886
2023-09-27T16:51:41.852+02:00 DEBUG 7856 --- [pool-2-thread-1] c.o.tourguide.service.RewardsService     : Checking if the user 0e661c02-4232-4a05-afba-81e741782a11 already get close from Legend Valley
2023-09-27T16:51:41.852+02:00 DEBUG 7856 --- [pool-2-thread-1] c.o.tourguide.service.RewardsService     : Calculate distance between -82.40667/39.937778 and 120.13525395453166/-9.350262055192886
2023-09-27T16:51:41.852+02:00 DEBUG 7856 --- [pool-2-thread-1] c.o.tourguide.service.RewardsService     : Checking if the user 0e661c02-4232-4a05-afba-81e741782a11 already get close from Flowers Bakery of London
2023-09-27T16:51:41.852+02:00 DEBUG 7856 --- [pool-2-thread-1] c.o.tourguide.service.RewardsService     : Calculate distance between -84.07486/37.131527 and 120.13525395453166/-9.350262055192886
2023-09-27T16:51:41.852+02:00 DEBUG 7856 --- [pool-2-thread-1] c.o.tourguide.service.RewardsService     : Checking if the user 0e661c02-4232-4a05-afba-81e741782a11 already get close from McKinley Tower
2023-09-27T16:51:41.852+02:00 DEBUG 7856 --- [pool-2-thread-1] c.o.tourguide.service.RewardsService     : Calculate distance between -149.877502/61.218887 and 120.13525395453166/-9.350262055192886
2023-09-27T16:51:41.852+02:00 DEBUG 7856 --- [pool-2-thread-1] c.o.tourguide.service.RewardsService     : Checking if the user 0e661c02-4232-4a05-afba-81e741782a11 already get close from Flatiron Building
2023-09-27T16:51:41.852+02:00 DEBUG 7856 --- [pool-2-thread-1] c.o.tourguide.service.RewardsService     : Calculate distance between -73.989723/40.741112 and 120.13525395453166/-9.350262055192886
2023-09-27T16:51:41.852+02:00 DEBUG 7856 --- [pool-2-thread-1] c.o.tourguide.service.RewardsService     : Checking if the user 0e661c02-4232-4a05-afba-81e741782a11 already get close from Fallingwater
2023-09-27T16:51:41.852+02:00 DEBUG 7856 --- [pool-2-thread-1] c.o.tourguide.service.RewardsService     : Calculate distance between -79.468056/39.906113 and 120.13525395453166/-9.350262055192886
2023-09-27T16:51:41.852+02:00 DEBUG 7856 --- [pool-2-thread-1] c.o.tourguide.service.RewardsService     : Checking if the user 0e661c02-4232-4a05-afba-81e741782a11 already get close from Union Station
2023-09-27T16:51:41.852+02:00 DEBUG 7856 --- [pool-2-thread-1] c.o.tourguide.service.RewardsService     : Calculate distance between -77.006332/38.897095 and 120.13525395453166/-9.350262055192886
2023-09-27T16:51:41.852+02:00 DEBUG 7856 --- [pool-2-thread-1] c.o.tourguide.service.RewardsService     : Checking if the user 0e661c02-4232-4a05-afba-81e741782a11 already get close from Roger Dean Stadium
2023-09-27T16:51:41.852+02:00 DEBUG 7856 --- [pool-2-thread-1] c.o.tourguide.service.RewardsService     : Calculate distance between -80.116577/26.890959 and 120.13525395453166/-9.350262055192886
2023-09-27T16:51:41.852+02:00 DEBUG 7856 --- [pool-2-thread-1] c.o.tourguide.service.RewardsService     : Checking if the user 0e661c02-4232-4a05-afba-81e741782a11 already get close from Texas Memorial Stadium
2023-09-27T16:51:41.852+02:00 DEBUG 7856 --- [pool-2-thread-1] c.o.tourguide.service.RewardsService     : Calculate distance between -97.732536/30.283682 and 120.13525395453166/-9.350262055192886
2023-09-27T16:51:41.852+02:00 DEBUG 7856 --- [pool-2-thread-1] c.o.tourguide.service.RewardsService     : Checking if the user 0e661c02-4232-4a05-afba-81e741782a11 already get close from Bryant-Denny Stadium
2023-09-27T16:51:41.852+02:00 DEBUG 7856 --- [pool-2-thread-1] c.o.tourguide.service.RewardsService     : Calculate distance between -87.550438/33.208973 and 120.13525395453166/-9.350262055192886
2023-09-27T16:51:41.852+02:00 DEBUG 7856 --- [pool-2-thread-1] c.o.tourguide.service.RewardsService     : Checking if the user 0e661c02-4232-4a05-afba-81e741782a11 already get close from Tiger Stadium
2023-09-27T16:51:41.852+02:00 DEBUG 7856 --- [pool-2-thread-1] c.o.tourguide.service.RewardsService     : Calculate distance between -91.183815/30.412035 and 120.13525395453166/-9.350262055192886
2023-09-27T16:51:41.852+02:00 DEBUG 7856 --- [pool-2-thread-1] c.o.tourguide.service.RewardsService     : Checking if the user 0e661c02-4232-4a05-afba-81e741782a11 already get close from Neyland Stadium
2023-09-27T16:51:41.852+02:00 DEBUG 7856 --- [pool-2-thread-1] c.o.tourguide.service.RewardsService     : Calculate distance between -83.925011/35.955013 and 120.13525395453166/-9.350262055192886
2023-09-27T16:51:41.852+02:00 DEBUG 7856 --- [pool-2-thread-1] c.o.tourguide.service.RewardsService     : Checking if the user 0e661c02-4232-4a05-afba-81e741782a11 already get close from Kyle Field
2023-09-27T16:51:41.852+02:00 DEBUG 7856 --- [pool-2-thread-1] c.o.tourguide.service.RewardsService     : Calculate distance between -96.339844/30.61025 and 120.13525395453166/-9.350262055192886
2023-09-27T16:51:41.852+02:00 DEBUG 7856 --- [pool-2-thread-1] c.o.tourguide.service.RewardsService     : Checking if the user 0e661c02-4232-4a05-afba-81e741782a11 already get close from San Diego Zoo
2023-09-27T16:51:41.852+02:00 DEBUG 7856 --- [pool-2-thread-1] c.o.tourguide.service.RewardsService     : Calculate distance between -117.149048/32.735317 and 120.13525395453166/-9.350262055192886
2023-09-27T16:51:41.852+02:00 DEBUG 7856 --- [pool-2-thread-1] c.o.tourguide.service.RewardsService     : Checking if the user 0e661c02-4232-4a05-afba-81e741782a11 already get close from Zoo Tampa at Lowry Park
2023-09-27T16:51:41.852+02:00 DEBUG 7856 --- [pool-2-thread-1] c.o.tourguide.service.RewardsService     : Calculate distance between -82.469269/28.012804 and 120.13525395453166/-9.350262055192886
2023-09-27T16:51:41.852+02:00 DEBUG 7856 --- [pool-2-thread-1] c.o.tourguide.service.RewardsService     : Checking if the user 0e661c02-4232-4a05-afba-81e741782a11 already get close from Franklin Park Zoo
2023-09-27T16:51:41.852+02:00 DEBUG 7856 --- [pool-2-thread-1] c.o.tourguide.service.RewardsService     : Calculate distance between -71.086731/42.302601 and 120.13525395453166/-9.350262055192886
2023-09-27T16:51:41.852+02:00 DEBUG 7856 --- [pool-2-thread-1] c.o.tourguide.service.RewardsService     : Checking if the user 0e661c02-4232-4a05-afba-81e741782a11 already get close from El Paso Zoo
2023-09-27T16:51:41.852+02:00 DEBUG 7856 --- [pool-2-thread-1] c.o.tourguide.service.RewardsService     : Calculate distance between -106.44487/31.769125 and 120.13525395453166/-9.350262055192886
2023-09-27T16:51:41.852+02:00 DEBUG 7856 --- [pool-2-thread-1] c.o.tourguide.service.RewardsService     : Checking if the user 0e661c02-4232-4a05-afba-81e741782a11 already get close from Kansas City Zoo
2023-09-27T16:51:41.852+02:00 DEBUG 7856 --- [pool-2-thread-1] c.o.tourguide.service.RewardsService     : Calculate distance between -94.529625/39.007504 and 120.13525395453166/-9.350262055192886
2023-09-27T16:51:41.852+02:00 DEBUG 7856 --- [pool-2-thread-1] c.o.tourguide.service.RewardsService     : Checking if the user 0e661c02-4232-4a05-afba-81e741782a11 already get close from Bronx Zoo
2023-09-27T16:51:41.852+02:00 DEBUG 7856 --- [pool-2-thread-1] c.o.tourguide.service.RewardsService     : Calculate distance between -73.872971/40.852905 and 120.13525395453166/-9.350262055192886
2023-09-27T16:51:41.852+02:00 DEBUG 7856 --- [pool-2-thread-1] c.o.tourguide.service.RewardsService     : Checking if the user 0e661c02-4232-4a05-afba-81e741782a11 already get close from Cinderella Castle
2023-09-27T16:51:41.852+02:00 DEBUG 7856 --- [pool-2-thread-1] c.o.tourguide.service.RewardsService     : Calculate distance between -81.5812/28.419411 and 120.13525395453166/-9.350262055192886
2023-09-27T16:51:41.852+02:00 DEBUG 7856 --- [pool-2-thread-1] c.o.tourguide.service.RewardsService     : Checking if the user 0e661c02-4232-4a05-afba-81e741782a11 already get close from Disneyland
2023-09-27T16:51:41.852+02:00 DEBUG 7856 --- [pool-2-thread-1] c.o.tourguide.service.RewardsService     : Calculate distance between -117.922008/33.817595 and -91.971519/27.033808
2023-09-27T16:51:41.852+02:00 DEBUG 7856 --- [pool-2-thread-1] c.o.tourguide.service.RewardsService     : Checking if the user 0e661c02-4232-4a05-afba-81e741782a11 already get close from Jackson Hole
2023-09-27T16:51:41.852+02:00 DEBUG 7856 --- [pool-2-thread-1] c.o.tourguide.service.RewardsService     : Calculate distance between -110.821999/43.582767 and -91.971519/27.033808
2023-09-27T16:51:41.852+02:00 DEBUG 7856 --- [pool-2-thread-1] c.o.tourguide.service.RewardsService     : Checking if the user 0e661c02-4232-4a05-afba-81e741782a11 already get close from Mojave National Preserve
2023-09-27T16:51:41.852+02:00 DEBUG 7856 --- [pool-2-thread-1] c.o.tourguide.service.RewardsService     : Calculate distance between -115.510399/35.141689 and -91.971519/27.033808
2023-09-27T16:51:41.852+02:00 DEBUG 7856 --- [pool-2-thread-1] c.o.tourguide.service.RewardsService     : Checking if the user 0e661c02-4232-4a05-afba-81e741782a11 already get close from Joshua Tree National Park
2023-09-27T16:51:41.852+02:00 DEBUG 7856 --- [pool-2-thread-1] c.o.tourguide.service.RewardsService     : Calculate distance between -115.90065/33.881866 and -91.971519/27.033808
2023-09-27T16:51:41.852+02:00 DEBUG 7856 --- [pool-2-thread-1] c.o.tourguide.service.RewardsService     : Checking if the user 0e661c02-4232-4a05-afba-81e741782a11 already get close from Buffalo National River
2023-09-27T16:51:41.852+02:00 DEBUG 7856 --- [pool-2-thread-1] c.o.tourguide.service.RewardsService     : Calculate distance between -92.757652/35.985512 and -91.971519/27.033808
2023-09-27T16:51:41.852+02:00 DEBUG 7856 --- [pool-2-thread-1] c.o.tourguide.service.RewardsService     : Checking if the user 0e661c02-4232-4a05-afba-81e741782a11 already get close from Hot Springs National Park
2023-09-27T16:51:41.852+02:00 DEBUG 7856 --- [pool-2-thread-1] c.o.tourguide.service.RewardsService     : Calculate distance between -93.042267/34.52153 and -91.971519/27.033808
2023-09-27T16:51:41.852+02:00 DEBUG 7856 --- [pool-2-thread-1] c.o.tourguide.service.RewardsService     : Checking if the user 0e661c02-4232-4a05-afba-81e741782a11 already get close from Kartchner Caverns State Park
2023-09-27T16:51:41.852+02:00 DEBUG 7856 --- [pool-2-thread-1] c.o.tourguide.service.RewardsService     : Calculate distance between -110.347382/31.837551 and -91.971519/27.033808
2023-09-27T16:51:41.852+02:00 DEBUG 7856 --- [pool-2-thread-1] c.o.tourguide.service.RewardsService     : Checking if the user 0e661c02-4232-4a05-afba-81e741782a11 already get close from Legend Valley
2023-09-27T16:51:41.852+02:00 DEBUG 7856 --- [pool-2-thread-1] c.o.tourguide.service.RewardsService     : Calculate distance between -82.40667/39.937778 and -91.971519/27.033808
2023-09-27T16:51:41.852+02:00 DEBUG 7856 --- [pool-2-thread-1] c.o.tourguide.service.RewardsService     : Checking if the user 0e661c02-4232-4a05-afba-81e741782a11 already get close from Flowers Bakery of London
2023-09-27T16:51:41.852+02:00 DEBUG 7856 --- [pool-2-thread-1] c.o.tourguide.service.RewardsService     : Calculate distance between -84.07486/37.131527 and -91.971519/27.033808
2023-09-27T16:51:41.852+02:00 DEBUG 7856 --- [pool-2-thread-1] c.o.tourguide.service.RewardsService     : Checking if the user 0e661c02-4232-4a05-afba-81e741782a11 already get close from McKinley Tower
2023-09-27T16:51:41.852+02:00 DEBUG 7856 --- [pool-2-thread-1] c.o.tourguide.service.RewardsService     : Calculate distance between -149.877502/61.218887 and -91.971519/27.033808
2023-09-27T16:51:41.852+02:00 DEBUG 7856 --- [pool-2-thread-1] c.o.tourguide.service.RewardsService     : Checking if the user 0e661c02-4232-4a05-afba-81e741782a11 already get close from Flatiron Building
2023-09-27T16:51:41.852+02:00 DEBUG 7856 --- [pool-2-thread-1] c.o.tourguide.service.RewardsService     : Calculate distance between -73.989723/40.741112 and -91.971519/27.033808
2023-09-27T16:51:41.852+02:00 DEBUG 7856 --- [pool-2-thread-1] c.o.tourguide.service.RewardsService     : Checking if the user 0e661c02-4232-4a05-afba-81e741782a11 already get close from Fallingwater
2023-09-27T16:51:41.852+02:00 DEBUG 7856 --- [pool-2-thread-1] c.o.tourguide.service.RewardsService     : Calculate distance between -79.468056/39.906113 and -91.971519/27.033808
2023-09-27T16:51:41.852+02:00 DEBUG 7856 --- [pool-2-thread-1] c.o.tourguide.service.RewardsService     : Checking if the user 0e661c02-4232-4a05-afba-81e741782a11 already get close from Union Station
2023-09-27T16:51:41.852+02:00 DEBUG 7856 --- [pool-2-thread-1] c.o.tourguide.service.RewardsService     : Calculate distance between -77.006332/38.897095 and -91.971519/27.033808
2023-09-27T16:51:41.852+02:00 DEBUG 7856 --- [pool-2-thread-1] c.o.tourguide.service.RewardsService     : Checking if the user 0e661c02-4232-4a05-afba-81e741782a11 already get close from Roger Dean Stadium
2023-09-27T16:51:41.852+02:00 DEBUG 7856 --- [pool-2-thread-1] c.o.tourguide.service.RewardsService     : Calculate distance between -80.116577/26.890959 and -91.971519/27.033808
2023-09-27T16:51:41.852+02:00 DEBUG 7856 --- [pool-2-thread-1] c.o.tourguide.service.RewardsService     : Checking if the user 0e661c02-4232-4a05-afba-81e741782a11 already get close from Texas Memorial Stadium
2023-09-27T16:51:41.852+02:00 DEBUG 7856 --- [pool-2-thread-1] c.o.tourguide.service.RewardsService     : Calculate distance between -97.732536/30.283682 and -91.971519/27.033808
2023-09-27T16:51:41.852+02:00 DEBUG 7856 --- [pool-2-thread-1] c.o.tourguide.service.RewardsService     : Checking if the user 0e661c02-4232-4a05-afba-81e741782a11 already get close from Bryant-Denny Stadium
2023-09-27T16:51:41.852+02:00 DEBUG 7856 --- [pool-2-thread-1] c.o.tourguide.service.RewardsService     : Calculate distance between -87.550438/33.208973 and -91.971519/27.033808
2023-09-27T16:51:41.852+02:00 DEBUG 7856 --- [pool-2-thread-1] c.o.tourguide.service.RewardsService     : Checking if the user 0e661c02-4232-4a05-afba-81e741782a11 already get close from Tiger Stadium
2023-09-27T16:51:41.852+02:00 DEBUG 7856 --- [pool-2-thread-1] c.o.tourguide.service.RewardsService     : Calculate distance between -91.183815/30.412035 and -91.971519/27.033808
2023-09-27T16:51:41.852+02:00 DEBUG 7856 --- [pool-2-thread-1] c.o.tourguide.service.RewardsService     : Checking if the user 0e661c02-4232-4a05-afba-81e741782a11 already get close from Neyland Stadium
2023-09-27T16:51:41.852+02:00 DEBUG 7856 --- [pool-2-thread-1] c.o.tourguide.service.RewardsService     : Calculate distance between -83.925011/35.955013 and -91.971519/27.033808
2023-09-27T16:51:41.852+02:00 DEBUG 7856 --- [pool-2-thread-1] c.o.tourguide.service.RewardsService     : Checking if the user 0e661c02-4232-4a05-afba-81e741782a11 already get close from Kyle Field
2023-09-27T16:51:41.852+02:00 DEBUG 7856 --- [pool-2-thread-1] c.o.tourguide.service.RewardsService     : Calculate distance between -96.339844/30.61025 and -91.971519/27.033808
2023-09-27T16:51:41.852+02:00 DEBUG 7856 --- [pool-2-thread-1] c.o.tourguide.service.RewardsService     : Checking if the user 0e661c02-4232-4a05-afba-81e741782a11 already get close from San Diego Zoo
2023-09-27T16:51:41.852+02:00 DEBUG 7856 --- [pool-2-thread-1] c.o.tourguide.service.RewardsService     : Calculate distance between -117.149048/32.735317 and -91.971519/27.033808
2023-09-27T16:51:41.852+02:00 DEBUG 7856 --- [pool-2-thread-1] c.o.tourguide.service.RewardsService     : Checking if the user 0e661c02-4232-4a05-afba-81e741782a11 already get close from Zoo Tampa at Lowry Park
2023-09-27T16:51:41.852+02:00 DEBUG 7856 --- [pool-2-thread-1] c.o.tourguide.service.RewardsService     : Calculate distance between -82.469269/28.012804 and -91.971519/27.033808
2023-09-27T16:51:41.852+02:00 DEBUG 7856 --- [pool-2-thread-1] c.o.tourguide.service.RewardsService     : Checking if the user 0e661c02-4232-4a05-afba-81e741782a11 already get close from Franklin Park Zoo
2023-09-27T16:51:41.852+02:00 DEBUG 7856 --- [pool-2-thread-1] c.o.tourguide.service.RewardsService     : Calculate distance between -71.086731/42.302601 and -91.971519/27.033808
2023-09-27T16:51:41.852+02:00 DEBUG 7856 --- [pool-2-thread-1] c.o.tourguide.service.RewardsService     : Checking if the user 0e661c02-4232-4a05-afba-81e741782a11 already get close from El Paso Zoo
2023-09-27T16:51:41.852+02:00 DEBUG 7856 --- [pool-2-thread-1] c.o.tourguide.service.RewardsService     : Calculate distance between -106.44487/31.769125 and -91.971519/27.033808
2023-09-27T16:51:41.852+02:00 DEBUG 7856 --- [pool-2-thread-1] c.o.tourguide.service.RewardsService     : Checking if the user 0e661c02-4232-4a05-afba-81e741782a11 already get close from Kansas City Zoo
2023-09-27T16:51:41.852+02:00 DEBUG 7856 --- [pool-2-thread-1] c.o.tourguide.service.RewardsService     : Calculate distance between -94.529625/39.007504 and -91.971519/27.033808
2023-09-27T16:51:41.852+02:00 DEBUG 7856 --- [pool-2-thread-1] c.o.tourguide.service.RewardsService     : Checking if the user 0e661c02-4232-4a05-afba-81e741782a11 already get close from Bronx Zoo
2023-09-27T16:51:41.852+02:00 DEBUG 7856 --- [pool-2-thread-1] c.o.tourguide.service.RewardsService     : Calculate distance between -73.872971/40.852905 and -91.971519/27.033808
2023-09-27T16:51:41.852+02:00 DEBUG 7856 --- [pool-2-thread-1] c.o.tourguide.service.RewardsService     : Checking if the user 0e661c02-4232-4a05-afba-81e741782a11 already get close from Cinderella Castle
2023-09-27T16:51:41.852+02:00 DEBUG 7856 --- [pool-2-thread-1] c.o.tourguide.service.RewardsService     : Calculate distance between -81.5812/28.419411 and -91.971519/27.033808
2023-09-27T16:51:41.852+02:00 DEBUG 7856 --- [pool-2-thread-1] c.o.tourguide.service.RewardsService     : Checking if the user 0e661c02-4232-4a05-afba-81e741782a11 already get close from Disneyland
2023-09-27T16:51:41.852+02:00 DEBUG 7856 --- [pool-2-thread-1] c.o.tourguide.service.RewardsService     : Calculate distance between -117.922008/33.817595 and 127.955371/82.445458
2023-09-27T16:51:41.852+02:00 DEBUG 7856 --- [pool-2-thread-1] c.o.tourguide.service.RewardsService     : Checking if the user 0e661c02-4232-4a05-afba-81e741782a11 already get close from Jackson Hole
2023-09-27T16:51:41.853+02:00 DEBUG 7856 --- [pool-2-thread-1] c.o.tourguide.service.RewardsService     : Calculate distance between -110.821999/43.582767 and 127.955371/82.445458
2023-09-27T16:51:41.853+02:00 DEBUG 7856 --- [pool-2-thread-1] c.o.tourguide.service.RewardsService     : Checking if the user 0e661c02-4232-4a05-afba-81e741782a11 already get close from Mojave National Preserve
2023-09-27T16:51:41.853+02:00 DEBUG 7856 --- [pool-2-thread-1] c.o.tourguide.service.RewardsService     : Calculate distance between -115.510399/35.141689 and 127.955371/82.445458
2023-09-27T16:51:41.853+02:00 DEBUG 7856 --- [pool-2-thread-1] c.o.tourguide.service.RewardsService     : Checking if the user 0e661c02-4232-4a05-afba-81e741782a11 already get close from Joshua Tree National Park
2023-09-27T16:51:41.853+02:00 DEBUG 7856 --- [pool-2-thread-1] c.o.tourguide.service.RewardsService     : Calculate distance between -115.90065/33.881866 and 127.955371/82.445458
2023-09-27T16:51:41.853+02:00 DEBUG 7856 --- [pool-2-thread-1] c.o.tourguide.service.RewardsService     : Checking if the user 0e661c02-4232-4a05-afba-81e741782a11 already get close from Buffalo National River
2023-09-27T16:51:41.853+02:00 DEBUG 7856 --- [pool-2-thread-1] c.o.tourguide.service.RewardsService     : Calculate distance between -92.757652/35.985512 and 127.955371/82.445458
2023-09-27T16:51:41.853+02:00 DEBUG 7856 --- [pool-2-thread-1] c.o.tourguide.service.RewardsService     : Checking if the user 0e661c02-4232-4a05-afba-81e741782a11 already get close from Hot Springs National Park
2023-09-27T16:51:41.853+02:00 DEBUG 7856 --- [pool-2-thread-1] c.o.tourguide.service.RewardsService     : Calculate distance between -93.042267/34.52153 and 127.955371/82.445458
2023-09-27T16:51:41.853+02:00 DEBUG 7856 --- [pool-2-thread-1] c.o.tourguide.service.RewardsService     : Checking if the user 0e661c02-4232-4a05-afba-81e741782a11 already get close from Kartchner Caverns State Park
2023-09-27T16:51:41.853+02:00 DEBUG 7856 --- [pool-2-thread-1] c.o.tourguide.service.RewardsService     : Calculate distance between -110.347382/31.837551 and 127.955371/82.445458
2023-09-27T16:51:41.853+02:00 DEBUG 7856 --- [pool-2-thread-1] c.o.tourguide.service.RewardsService     : Checking if the user 0e661c02-4232-4a05-afba-81e741782a11 already get close from Legend Valley
2023-09-27T16:51:41.853+02:00 DEBUG 7856 --- [pool-2-thread-1] c.o.tourguide.service.RewardsService     : Calculate distance between -82.40667/39.937778 and 127.955371/82.445458
2023-09-27T16:51:41.853+02:00 DEBUG 7856 --- [pool-2-thread-1] c.o.tourguide.service.RewardsService     : Checking if the user 0e661c02-4232-4a05-afba-81e741782a11 already get close from Flowers Bakery of London
2023-09-27T16:51:41.853+02:00 DEBUG 7856 --- [pool-2-thread-1] c.o.tourguide.service.RewardsService     : Calculate distance between -84.07486/37.131527 and 127.955371/82.445458
2023-09-27T16:51:41.853+02:00 DEBUG 7856 --- [pool-2-thread-1] c.o.tourguide.service.RewardsService     : Checking if the user 0e661c02-4232-4a05-afba-81e741782a11 already get close from McKinley Tower
2023-09-27T16:51:41.853+02:00 DEBUG 7856 --- [pool-2-thread-1] c.o.tourguide.service.RewardsService     : Calculate distance between -149.877502/61.218887 and 127.955371/82.445458
2023-09-27T16:51:41.853+02:00 DEBUG 7856 --- [pool-2-thread-1] c.o.tourguide.service.RewardsService     : Checking if the user 0e661c02-4232-4a05-afba-81e741782a11 already get close from Flatiron Building
2023-09-27T16:51:41.853+02:00 DEBUG 7856 --- [pool-2-thread-1] c.o.tourguide.service.RewardsService     : Calculate distance between -73.989723/40.741112 and 127.955371/82.445458
2023-09-27T16:51:41.853+02:00 DEBUG 7856 --- [pool-2-thread-1] c.o.tourguide.service.RewardsService     : Checking if the user 0e661c02-4232-4a05-afba-81e741782a11 already get close from Fallingwater
2023-09-27T16:51:41.853+02:00 DEBUG 7856 --- [pool-2-thread-1] c.o.tourguide.service.RewardsService     : Calculate distance between -79.468056/39.906113 and 127.955371/82.445458
2023-09-27T16:51:41.853+02:00 DEBUG 7856 --- [pool-2-thread-1] c.o.tourguide.service.RewardsService     : Checking if the user 0e661c02-4232-4a05-afba-81e741782a11 already get close from Union Station
2023-09-27T16:51:41.853+02:00 DEBUG 7856 --- [pool-2-thread-1] c.o.tourguide.service.RewardsService     : Calculate distance between -77.006332/38.897095 and 127.955371/82.445458
2023-09-27T16:51:41.853+02:00 DEBUG 7856 --- [pool-2-thread-1] c.o.tourguide.service.RewardsService     : Checking if the user 0e661c02-4232-4a05-afba-81e741782a11 already get close from Roger Dean Stadium
2023-09-27T16:51:41.853+02:00 DEBUG 7856 --- [pool-2-thread-1] c.o.tourguide.service.RewardsService     : Calculate distance between -80.116577/26.890959 and 127.955371/82.445458
2023-09-27T16:51:41.853+02:00 DEBUG 7856 --- [pool-2-thread-1] c.o.tourguide.service.RewardsService     : Checking if the user 0e661c02-4232-4a05-afba-81e741782a11 already get close from Texas Memorial Stadium
2023-09-27T16:51:41.853+02:00 DEBUG 7856 --- [pool-2-thread-1] c.o.tourguide.service.RewardsService     : Calculate distance between -97.732536/30.283682 and 127.955371/82.445458
2023-09-27T16:51:41.853+02:00 DEBUG 7856 --- [pool-2-thread-1] c.o.tourguide.service.RewardsService     : Checking if the user 0e661c02-4232-4a05-afba-81e741782a11 already get close from Bryant-Denny Stadium
2023-09-27T16:51:41.853+02:00 DEBUG 7856 --- [pool-2-thread-1] c.o.tourguide.service.RewardsService     : Calculate distance between -87.550438/33.208973 and 127.955371/82.445458
2023-09-27T16:51:41.853+02:00 DEBUG 7856 --- [pool-2-thread-1] c.o.tourguide.service.RewardsService     : Checking if the user 0e661c02-4232-4a05-afba-81e741782a11 already get close from Tiger Stadium
2023-09-27T16:51:41.853+02:00 DEBUG 7856 --- [pool-2-thread-1] c.o.tourguide.service.RewardsService     : Calculate distance between -91.183815/30.412035 and 127.955371/82.445458
2023-09-27T16:51:41.853+02:00 DEBUG 7856 --- [pool-2-thread-1] c.o.tourguide.service.RewardsService     : Checking if the user 0e661c02-4232-4a05-afba-81e741782a11 already get close from Neyland Stadium
2023-09-27T16:51:41.853+02:00 DEBUG 7856 --- [pool-2-thread-1] c.o.tourguide.service.RewardsService     : Calculate distance between -83.925011/35.955013 and 127.955371/82.445458
2023-09-27T16:51:41.853+02:00 DEBUG 7856 --- [pool-2-thread-1] c.o.tourguide.service.RewardsService     : Checking if the user 0e661c02-4232-4a05-afba-81e741782a11 already get close from Kyle Field
2023-09-27T16:51:41.853+02:00 DEBUG 7856 --- [pool-2-thread-1] c.o.tourguide.service.RewardsService     : Calculate distance between -96.339844/30.61025 and 127.955371/82.445458
2023-09-27T16:51:41.853+02:00 DEBUG 7856 --- [pool-2-thread-1] c.o.tourguide.service.RewardsService     : Checking if the user 0e661c02-4232-4a05-afba-81e741782a11 already get close from San Diego Zoo
2023-09-27T16:51:41.853+02:00 DEBUG 7856 --- [pool-2-thread-1] c.o.tourguide.service.RewardsService     : Calculate distance between -117.149048/32.735317 and 127.955371/82.445458
2023-09-27T16:51:41.853+02:00 DEBUG 7856 --- [pool-2-thread-1] c.o.tourguide.service.RewardsService     : Checking if the user 0e661c02-4232-4a05-afba-81e741782a11 already get close from Zoo Tampa at Lowry Park
2023-09-27T16:51:41.853+02:00 DEBUG 7856 --- [pool-2-thread-1] c.o.tourguide.service.RewardsService     : Calculate distance between -82.469269/28.012804 and 127.955371/82.445458
2023-09-27T16:51:41.853+02:00 DEBUG 7856 --- [pool-2-thread-1] c.o.tourguide.service.RewardsService     : Checking if the user 0e661c02-4232-4a05-afba-81e741782a11 already get close from Franklin Park Zoo
2023-09-27T16:51:41.853+02:00 DEBUG 7856 --- [pool-2-thread-1] c.o.tourguide.service.RewardsService     : Calculate distance between -71.086731/42.302601 and 127.955371/82.445458
2023-09-27T16:51:41.853+02:00 DEBUG 7856 --- [pool-2-thread-1] c.o.tourguide.service.RewardsService     : Checking if the user 0e661c02-4232-4a05-afba-81e741782a11 already get close from El Paso Zoo
2023-09-27T16:51:41.853+02:00 DEBUG 7856 --- [pool-2-thread-1] c.o.tourguide.service.RewardsService     : Calculate distance between -106.44487/31.769125 and 127.955371/82.445458
2023-09-27T16:51:41.853+02:00 DEBUG 7856 --- [pool-2-thread-1] c.o.tourguide.service.RewardsService     : Checking if the user 0e661c02-4232-4a05-afba-81e741782a11 already get close from Kansas City Zoo
2023-09-27T16:51:41.853+02:00 DEBUG 7856 --- [pool-2-thread-1] c.o.tourguide.service.RewardsService     : Calculate distance between -94.529625/39.007504 and 127.955371/82.445458
2023-09-27T16:51:41.853+02:00 DEBUG 7856 --- [pool-2-thread-1] c.o.tourguide.service.RewardsService     : Checking if the user 0e661c02-4232-4a05-afba-81e741782a11 already get close from Bronx Zoo
2023-09-27T16:51:41.853+02:00 DEBUG 7856 --- [pool-2-thread-1] c.o.tourguide.service.RewardsService     : Calculate distance between -73.872971/40.852905 and 127.955371/82.445458
2023-09-27T16:51:41.853+02:00 DEBUG 7856 --- [pool-2-thread-1] c.o.tourguide.service.RewardsService     : Checking if the user 0e661c02-4232-4a05-afba-81e741782a11 already get close from Cinderella Castle
2023-09-27T16:51:41.853+02:00 DEBUG 7856 --- [pool-2-thread-1] c.o.tourguide.service.RewardsService     : Calculate distance between -81.5812/28.419411 and 127.955371/82.445458
2023-09-27T16:51:41.853+02:00 DEBUG 7856 --- [pool-2-thread-1] c.o.tourguide.service.RewardsService     : Trying to add 0 rewards
2023-09-27T16:51:41.894+02:00  INFO 7856 --- [pool-2-thread-1] c.o.tourguide.service.TourGuideService   : Adding the current location to the user internalUser5161
2023-09-27T16:51:41.895+02:00 DEBUG 7856 --- [pool-2-thread-1] c.o.tourguide.service.RewardsService     : calculate reward for internalUser5161 on his 5 known locations
2023-09-27T16:51:41.899+02:00  INFO 7856 --- [           main] c.o.tourguide.TourguideApplicationTests  : Started TourguideApplicationTests in 2.868 seconds (process running for 101.511)
2023-09-27T16:51:41.915+02:00 DEBUG 7856 --- [pool-2-thread-1] c.o.tourguide.service.RewardsService     : Checking if the user 81006492-57b7-4c9d-b179-9d962c6c8e91 already get close from Disneyland
2023-09-27T16:51:41.915+02:00 DEBUG 7856 --- [pool-2-thread-1] c.o.tourguide.service.RewardsService     : Calculate distance between -117.922008/33.817595 and -31.751697387510006/-22.97547546590826
2023-09-27T16:51:41.916+02:00 DEBUG 7856 --- [pool-2-thread-1] c.o.tourguide.service.RewardsService     : Checking if the user 81006492-57b7-4c9d-b179-9d962c6c8e91 already get close from Jackson Hole
2023-09-27T16:51:41.916+02:00 DEBUG 7856 --- [pool-2-thread-1] c.o.tourguide.service.RewardsService     : Calculate distance between -110.821999/43.582767 and -31.751697387510006/-22.97547546590826
2023-09-27T16:51:41.916+02:00 DEBUG 7856 --- [pool-2-thread-1] c.o.tourguide.service.RewardsService     : Checking if the user 81006492-57b7-4c9d-b179-9d962c6c8e91 already get close from Mojave National Preserve
2023-09-27T16:51:41.916+02:00 DEBUG 7856 --- [pool-2-thread-1] c.o.tourguide.service.RewardsService     : Calculate distance between -115.510399/35.141689 and -31.751697387510006/-22.97547546590826
2023-09-27T16:51:41.916+02:00 DEBUG 7856 --- [pool-2-thread-1] c.o.tourguide.service.RewardsService     : Checking if the user 81006492-57b7-4c9d-b179-9d962c6c8e91 already get close from Joshua Tree National Park
2023-09-27T16:51:41.916+02:00 DEBUG 7856 --- [pool-2-thread-1] c.o.tourguide.service.RewardsService     : Calculate distance between -115.90065/33.881866 and -31.751697387510006/-22.97547546590826
2023-09-27T16:51:41.916+02:00 DEBUG 7856 --- [pool-2-thread-1] c.o.tourguide.service.RewardsService     : Checking if the user 81006492-57b7-4c9d-b179-9d962c6c8e91 already get close from Buffalo National River
2023-09-27T16:51:41.916+02:00 DEBUG 7856 --- [pool-2-thread-1] c.o.tourguide.service.RewardsService     : Calculate distance between -92.757652/35.985512 and -31.751697387510006/-22.97547546590826
2023-09-27T16:51:41.916+02:00 DEBUG 7856 --- [pool-2-thread-1] c.o.tourguide.service.RewardsService     : Checking if the user 81006492-57b7-4c9d-b179-9d962c6c8e91 already get close from Hot Springs National Park
2023-09-27T16:51:41.916+02:00 DEBUG 7856 --- [pool-2-thread-1] c.o.tourguide.service.RewardsService     : Calculate distance between -93.042267/34.52153 and -31.751697387510006/-22.97547546590826
2023-09-27T16:51:41.916+02:00 DEBUG 7856 --- [pool-2-thread-1] c.o.tourguide.service.RewardsService     : Checking if the user 81006492-57b7-4c9d-b179-9d962c6c8e91 already get close from Kartchner Caverns State Park
2023-09-27T16:51:41.916+02:00 DEBUG 7856 --- [pool-2-thread-1] c.o.tourguide.service.RewardsService     : Calculate distance between -110.347382/31.837551 and -31.751697387510006/-22.97547546590826
2023-09-27T16:51:41.916+02:00 DEBUG 7856 --- [pool-2-thread-1] c.o.tourguide.service.RewardsService     : Checking if the user 81006492-57b7-4c9d-b179-9d962c6c8e91 already get close from Legend Valley
2023-09-27T16:51:41.916+02:00 DEBUG 7856 --- [pool-2-thread-1] c.o.tourguide.service.RewardsService     : Calculate distance between -82.40667/39.937778 and -31.751697387510006/-22.97547546590826
2023-09-27T16:51:41.917+02:00 DEBUG 7856 --- [pool-2-thread-1] c.o.tourguide.service.RewardsService     : Checking if the user 81006492-57b7-4c9d-b179-9d962c6c8e91 already get close from Flowers Bakery of London
2023-09-27T16:51:41.917+02:00 DEBUG 7856 --- [pool-2-thread-1] c.o.tourguide.service.RewardsService     : Calculate distance between -84.07486/37.131527 and -31.751697387510006/-22.97547546590826
2023-09-27T16:51:41.917+02:00 DEBUG 7856 --- [pool-2-thread-1] c.o.tourguide.service.RewardsService     : Checking if the user 81006492-57b7-4c9d-b179-9d962c6c8e91 already get close from McKinley Tower
2023-09-27T16:51:41.917+02:00 DEBUG 7856 --- [pool-2-thread-1] c.o.tourguide.service.RewardsService     : Calculate distance between -149.877502/61.218887 and -31.751697387510006/-22.97547546590826
2023-09-27T16:51:41.917+02:00 DEBUG 7856 --- [pool-2-thread-1] c.o.tourguide.service.RewardsService     : Checking if the user 81006492-57b7-4c9d-b179-9d962c6c8e91 already get close from Flatiron Building
2023-09-27T16:51:41.917+02:00 DEBUG 7856 --- [pool-2-thread-1] c.o.tourguide.service.RewardsService     : Calculate distance between -73.989723/40.741112 and -31.751697387510006/-22.97547546590826
2023-09-27T16:51:41.917+02:00 DEBUG 7856 --- [pool-2-thread-1] c.o.tourguide.service.RewardsService     : Checking if the user 81006492-57b7-4c9d-b179-9d962c6c8e91 already get close from Fallingwater
2023-09-27T16:51:41.917+02:00 DEBUG 7856 --- [pool-2-thread-1] c.o.tourguide.service.RewardsService     : Calculate distance between -79.468056/39.906113 and -31.751697387510006/-22.97547546590826
2023-09-27T16:51:41.917+02:00 DEBUG 7856 --- [pool-2-thread-1] c.o.tourguide.service.RewardsService     : Checking if the user 81006492-57b7-4c9d-b179-9d962c6c8e91 already get close from Union Station
2023-09-27T16:51:41.917+02:00 DEBUG 7856 --- [pool-2-thread-1] c.o.tourguide.service.RewardsService     : Calculate distance between -77.006332/38.897095 and -31.751697387510006/-22.97547546590826
2023-09-27T16:51:41.917+02:00 DEBUG 7856 --- [pool-2-thread-1] c.o.tourguide.service.RewardsService     : Checking if the user 81006492-57b7-4c9d-b179-9d962c6c8e91 already get close from Roger Dean Stadium
2023-09-27T16:51:41.917+02:00 DEBUG 7856 --- [pool-2-thread-1] c.o.tourguide.service.RewardsService     : Calculate distance between -80.116577/26.890959 and -31.751697387510006/-22.97547546590826
2023-09-27T16:51:41.917+02:00 DEBUG 7856 --- [pool-2-thread-1] c.o.tourguide.service.RewardsService     : Checking if the user 81006492-57b7-4c9d-b179-9d962c6c8e91 already get close from Texas Memorial Stadium
2023-09-27T16:51:41.917+02:00 DEBUG 7856 --- [pool-2-thread-1] c.o.tourguide.service.RewardsService     : Calculate distance between -97.732536/30.283682 and -31.751697387510006/-22.97547546590826
2023-09-27T16:51:41.917+02:00 DEBUG 7856 --- [pool-2-thread-1] c.o.tourguide.service.RewardsService     : Checking if the user 81006492-57b7-4c9d-b179-9d962c6c8e91 already get close from Bryant-Denny Stadium
2023-09-27T16:51:41.917+02:00 DEBUG 7856 --- [pool-2-thread-1] c.o.tourguide.service.RewardsService     : Calculate distance between -87.550438/33.208973 and -31.751697387510006/-22.97547546590826
2023-09-27T16:51:41.917+02:00 DEBUG 7856 --- [pool-2-thread-1] c.o.tourguide.service.RewardsService     : Checking if the user 81006492-57b7-4c9d-b179-9d962c6c8e91 already get close from Tiger Stadium
2023-09-27T16:51:41.917+02:00 DEBUG 7856 --- [pool-2-thread-1] c.o.tourguide.service.RewardsService     : Calculate distance between -91.183815/30.412035 and -31.751697387510006/-22.97547546590826
2023-09-27T16:51:41.917+02:00 DEBUG 7856 --- [pool-2-thread-1] c.o.tourguide.service.RewardsService     : Checking if the user 81006492-57b7-4c9d-b179-9d962c6c8e91 already get close from Neyland Stadium
2023-09-27T16:51:41.917+02:00 DEBUG 7856 --- [pool-2-thread-1] c.o.tourguide.service.RewardsService     : Calculate distance between -83.925011/35.955013 and -31.751697387510006/-22.97547546590826
2023-09-27T16:51:41.917+02:00 DEBUG 7856 --- [pool-2-thread-1] c.o.tourguide.service.RewardsService     : Checking if the user 81006492-57b7-4c9d-b179-9d962c6c8e91 already get close from Kyle Field
2023-09-27T16:51:41.917+02:00 DEBUG 7856 --- [pool-2-thread-1] c.o.tourguide.service.RewardsService     : Calculate distance between -96.339844/30.61025 and -31.751697387510006/-22.97547546590826
2023-09-27T16:51:41.917+02:00 DEBUG 7856 --- [pool-2-thread-1] c.o.tourguide.service.RewardsService     : Checking if the user 81006492-57b7-4c9d-b179-9d962c6c8e91 already get close from San Diego Zoo
2023-09-27T16:51:41.917+02:00 DEBUG 7856 --- [pool-2-thread-1] c.o.tourguide.service.RewardsService     : Calculate distance between -117.149048/32.735317 and -31.751697387510006/-22.97547546590826
2023-09-27T16:51:41.917+02:00 DEBUG 7856 --- [pool-2-thread-1] c.o.tourguide.service.RewardsService     : Checking if the user 81006492-57b7-4c9d-b179-9d962c6c8e91 already get close from Zoo Tampa at Lowry Park
2023-09-27T16:51:41.917+02:00 DEBUG 7856 --- [pool-2-thread-1] c.o.tourguide.service.RewardsService     : Calculate distance between -82.469269/28.012804 and -31.751697387510006/-22.97547546590826
2023-09-27T16:51:41.917+02:00 DEBUG 7856 --- [pool-2-thread-1] c.o.tourguide.service.RewardsService     : Checking if the user 81006492-57b7-4c9d-b179-9d962c6c8e91 already get close from Franklin Park Zoo
2023-09-27T16:51:41.917+02:00 DEBUG 7856 --- [pool-2-thread-1] c.o.tourguide.service.RewardsService     : Calculate distance between -71.086731/42.302601 and -31.751697387510006/-22.97547546590826
2023-09-27T16:51:41.917+02:00 DEBUG 7856 --- [pool-2-thread-1] c.o.tourguide.service.RewardsService     : Checking if the user 81006492-57b7-4c9d-b179-9d962c6c8e91 already get close from El Paso Zoo
2023-09-27T16:51:41.917+02:00 DEBUG 7856 --- [pool-2-thread-1] c.o.tourguide.service.RewardsService     : Calculate distance between -106.44487/31.769125 and -31.751697387510006/-22.97547546590826
2023-09-27T16:51:41.917+02:00 DEBUG 7856 --- [pool-2-thread-1] c.o.tourguide.service.RewardsService     : Checking if the user 81006492-57b7-4c9d-b179-9d962c6c8e91 already get close from Kansas City Zoo
2023-09-27T16:51:41.917+02:00 DEBUG 7856 --- [pool-2-thread-1] c.o.tourguide.service.RewardsService     : Calculate distance between -94.529625/39.007504 and -31.751697387510006/-22.97547546590826
2023-09-27T16:51:41.917+02:00 DEBUG 7856 --- [pool-2-thread-1] c.o.tourguide.service.RewardsService     : Checking if the user 81006492-57b7-4c9d-b179-9d962c6c8e91 already get close from Bronx Zoo
2023-09-27T16:51:41.917+02:00 DEBUG 7856 --- [pool-2-thread-1] c.o.tourguide.service.RewardsService     : Calculate distance between -73.872971/40.852905 and -31.751697387510006/-22.97547546590826
2023-09-27T16:51:41.917+02:00 DEBUG 7856 --- [pool-2-thread-1] c.o.tourguide.service.RewardsService     : Checking if the user 81006492-57b7-4c9d-b179-9d962c6c8e91 already get close from Cinderella Castle
2023-09-27T16:51:41.917+02:00 DEBUG 7856 --- [pool-2-thread-1] c.o.tourguide.service.RewardsService     : Calculate distance between -81.5812/28.419411 and -31.751697387510006/-22.97547546590826
2023-09-27T16:51:41.917+02:00 DEBUG 7856 --- [pool-2-thread-1] c.o.tourguide.service.RewardsService     : Checking if the user 81006492-57b7-4c9d-b179-9d962c6c8e91 already get close from Disneyland
2023-09-27T16:51:41.917+02:00 DEBUG 7856 --- [pool-2-thread-1] c.o.tourguide.service.RewardsService     : Calculate distance between -117.922008/33.817595 and -143.5163095873878/-35.441851606891134
2023-09-27T16:51:41.917+02:00 DEBUG 7856 --- [pool-2-thread-1] c.o.tourguide.service.RewardsService     : Checking if the user 81006492-57b7-4c9d-b179-9d962c6c8e91 already get close from Jackson Hole
2023-09-27T16:51:41.917+02:00 DEBUG 7856 --- [pool-2-thread-1] c.o.tourguide.service.RewardsService     : Calculate distance between -110.821999/43.582767 and -143.5163095873878/-35.441851606891134
2023-09-27T16:51:41.917+02:00 DEBUG 7856 --- [pool-2-thread-1] c.o.tourguide.service.RewardsService     : Checking if the user 81006492-57b7-4c9d-b179-9d962c6c8e91 already get close from Mojave National Preserve
2023-09-27T16:51:41.917+02:00 DEBUG 7856 --- [pool-2-thread-1] c.o.tourguide.service.RewardsService     : Calculate distance between -115.510399/35.141689 and -143.5163095873878/-35.441851606891134
2023-09-27T16:51:41.917+02:00 DEBUG 7856 --- [pool-2-thread-1] c.o.tourguide.service.RewardsService     : Checking if the user 81006492-57b7-4c9d-b179-9d962c6c8e91 already get close from Joshua Tree National Park
2023-09-27T16:51:41.917+02:00 DEBUG 7856 --- [pool-2-thread-1] c.o.tourguide.service.RewardsService     : Calculate distance between -115.90065/33.881866 and -143.5163095873878/-35.441851606891134
2023-09-27T16:51:41.917+02:00 DEBUG 7856 --- [pool-2-thread-1] c.o.tourguide.service.RewardsService     : Checking if the user 81006492-57b7-4c9d-b179-9d962c6c8e91 already get close from Buffalo National River
2023-09-27T16:51:41.917+02:00 DEBUG 7856 --- [pool-2-thread-1] c.o.tourguide.service.RewardsService     : Calculate distance between -92.757652/35.985512 and -143.5163095873878/-35.441851606891134
2023-09-27T16:51:41.917+02:00 DEBUG 7856 --- [pool-2-thread-1] c.o.tourguide.service.RewardsService     : Checking if the user 81006492-57b7-4c9d-b179-9d962c6c8e91 already get close from Hot Springs National Park
2023-09-27T16:51:41.917+02:00 DEBUG 7856 --- [pool-2-thread-1] c.o.tourguide.service.RewardsService     : Calculate distance between -93.042267/34.52153 and -143.5163095873878/-35.441851606891134
2023-09-27T16:51:41.917+02:00 DEBUG 7856 --- [pool-2-thread-1] c.o.tourguide.service.RewardsService     : Checking if the user 81006492-57b7-4c9d-b179-9d962c6c8e91 already get close from Kartchner Caverns State Park
2023-09-27T16:51:41.917+02:00 DEBUG 7856 --- [pool-2-thread-1] c.o.tourguide.service.RewardsService     : Calculate distance between -110.347382/31.837551 and -143.5163095873878/-35.441851606891134
2023-09-27T16:51:41.917+02:00 DEBUG 7856 --- [pool-2-thread-1] c.o.tourguide.service.RewardsService     : Checking if the user 81006492-57b7-4c9d-b179-9d962c6c8e91 already get close from Legend Valley
2023-09-27T16:51:41.917+02:00 DEBUG 7856 --- [pool-2-thread-1] c.o.tourguide.service.RewardsService     : Calculate distance between -82.40667/39.937778 and -143.5163095873878/-35.441851606891134
2023-09-27T16:51:41.917+02:00 DEBUG 7856 --- [pool-2-thread-1] c.o.tourguide.service.RewardsService     : Checking if the user 81006492-57b7-4c9d-b179-9d962c6c8e91 already get close from Flowers Bakery of London
2023-09-27T16:51:41.917+02:00 DEBUG 7856 --- [pool-2-thread-1] c.o.tourguide.service.RewardsService     : Calculate distance between -84.07486/37.131527 and -143.5163095873878/-35.441851606891134
2023-09-27T16:51:41.917+02:00 DEBUG 7856 --- [pool-2-thread-1] c.o.tourguide.service.RewardsService     : Checking if the user 81006492-57b7-4c9d-b179-9d962c6c8e91 already get close from McKinley Tower
2023-09-27T16:51:41.917+02:00 DEBUG 7856 --- [pool-2-thread-1] c.o.tourguide.service.RewardsService     : Calculate distance between -149.877502/61.218887 and -143.5163095873878/-35.441851606891134
2023-09-27T16:51:41.917+02:00 DEBUG 7856 --- [pool-2-thread-1] c.o.tourguide.service.RewardsService     : Checking if the user 81006492-57b7-4c9d-b179-9d962c6c8e91 already get close from Flatiron Building
2023-09-27T16:51:41.917+02:00 DEBUG 7856 --- [pool-2-thread-1] c.o.tourguide.service.RewardsService     : Calculate distance between -73.989723/40.741112 and -143.5163095873878/-35.441851606891134
2023-09-27T16:51:41.917+02:00 DEBUG 7856 --- [pool-2-thread-1] c.o.tourguide.service.RewardsService     : Checking if the user 81006492-57b7-4c9d-b179-9d962c6c8e91 already get close from Fallingwater
2023-09-27T16:51:41.917+02:00 DEBUG 7856 --- [pool-2-thread-1] c.o.tourguide.service.RewardsService     : Calculate distance between -79.468056/39.906113 and -143.5163095873878/-35.441851606891134
2023-09-27T16:51:41.917+02:00 DEBUG 7856 --- [pool-2-thread-1] c.o.tourguide.service.RewardsService     : Checking if the user 81006492-57b7-4c9d-b179-9d962c6c8e91 already get close from Union Station
2023-09-27T16:51:41.917+02:00 DEBUG 7856 --- [pool-2-thread-1] c.o.tourguide.service.RewardsService     : Calculate distance between -77.006332/38.897095 and -143.5163095873878/-35.441851606891134
2023-09-27T16:51:41.917+02:00 DEBUG 7856 --- [pool-2-thread-1] c.o.tourguide.service.RewardsService     : Checking if the user 81006492-57b7-4c9d-b179-9d962c6c8e91 already get close from Roger Dean Stadium
2023-09-27T16:51:41.917+02:00 DEBUG 7856 --- [pool-2-thread-1] c.o.tourguide.service.RewardsService     : Calculate distance between -80.116577/26.890959 and -143.5163095873878/-35.441851606891134
2023-09-27T16:51:41.917+02:00 DEBUG 7856 --- [pool-2-thread-1] c.o.tourguide.service.RewardsService     : Checking if the user 81006492-57b7-4c9d-b179-9d962c6c8e91 already get close from Texas Memorial Stadium
2023-09-27T16:51:41.917+02:00 DEBUG 7856 --- [pool-2-thread-1] c.o.tourguide.service.RewardsService     : Calculate distance between -97.732536/30.283682 and -143.5163095873878/-35.441851606891134
2023-09-27T16:51:41.917+02:00 DEBUG 7856 --- [pool-2-thread-1] c.o.tourguide.service.RewardsService     : Checking if the user 81006492-57b7-4c9d-b179-9d962c6c8e91 already get close from Bryant-Denny Stadium
2023-09-27T16:51:41.917+02:00 DEBUG 7856 --- [pool-2-thread-1] c.o.tourguide.service.RewardsService     : Calculate distance between -87.550438/33.208973 and -143.5163095873878/-35.441851606891134
2023-09-27T16:51:41.917+02:00 DEBUG 7856 --- [pool-2-thread-1] c.o.tourguide.service.RewardsService     : Checking if the user 81006492-57b7-4c9d-b179-9d962c6c8e91 already get close from Tiger Stadium
2023-09-27T16:51:41.917+02:00 DEBUG 7856 --- [pool-2-thread-1] c.o.tourguide.service.RewardsService     : Calculate distance between -91.183815/30.412035 and -143.5163095873878/-35.441851606891134
2023-09-27T16:51:41.917+02:00 DEBUG 7856 --- [pool-2-thread-1] c.o.tourguide.service.RewardsService     : Checking if the user 81006492-57b7-4c9d-b179-9d962c6c8e91 already get close from Neyland Stadium
2023-09-27T16:51:41.918+02:00 DEBUG 7856 --- [pool-2-thread-1] c.o.tourguide.service.RewardsService     : Calculate distance between -83.925011/35.955013 and -143.5163095873878/-35.441851606891134
2023-09-27T16:51:41.918+02:00 DEBUG 7856 --- [pool-2-thread-1] c.o.tourguide.service.RewardsService     : Checking if the user 81006492-57b7-4c9d-b179-9d962c6c8e91 already get close from Kyle Field
2023-09-27T16:51:41.918+02:00 DEBUG 7856 --- [pool-2-thread-1] c.o.tourguide.service.RewardsService     : Calculate distance between -96.339844/30.61025 and -143.5163095873878/-35.441851606891134
2023-09-27T16:51:41.918+02:00 DEBUG 7856 --- [pool-2-thread-1] c.o.tourguide.service.RewardsService     : Checking if the user 81006492-57b7-4c9d-b179-9d962c6c8e91 already get close from San Diego Zoo
2023-09-27T16:51:41.918+02:00 DEBUG 7856 --- [pool-2-thread-1] c.o.tourguide.service.RewardsService     : Calculate distance between -117.149048/32.735317 and -143.5163095873878/-35.441851606891134
2023-09-27T16:51:41.918+02:00 DEBUG 7856 --- [pool-2-thread-1] c.o.tourguide.service.RewardsService     : Checking if the user 81006492-57b7-4c9d-b179-9d962c6c8e91 already get close from Zoo Tampa at Lowry Park
2023-09-27T16:51:41.918+02:00 DEBUG 7856 --- [pool-2-thread-1] c.o.tourguide.service.RewardsService     : Calculate distance between -82.469269/28.012804 and -143.5163095873878/-35.441851606891134
2023-09-27T16:51:41.918+02:00 DEBUG 7856 --- [pool-2-thread-1] c.o.tourguide.service.RewardsService     : Checking if the user 81006492-57b7-4c9d-b179-9d962c6c8e91 already get close from Franklin Park Zoo
2023-09-27T16:51:41.918+02:00 DEBUG 7856 --- [pool-2-thread-1] c.o.tourguide.service.RewardsService     : Calculate distance between -71.086731/42.302601 and -143.5163095873878/-35.441851606891134
2023-09-27T16:51:41.918+02:00 DEBUG 7856 --- [pool-2-thread-1] c.o.tourguide.service.RewardsService     : Checking if the user 81006492-57b7-4c9d-b179-9d962c6c8e91 already get close from El Paso Zoo
2023-09-27T16:51:41.918+02:00 DEBUG 7856 --- [pool-2-thread-1] c.o.tourguide.service.RewardsService     : Calculate distance between -106.44487/31.769125 and -143.5163095873878/-35.441851606891134
2023-09-27T16:51:41.918+02:00 DEBUG 7856 --- [pool-2-thread-1] c.o.tourguide.service.RewardsService     : Checking if the user 81006492-57b7-4c9d-b179-9d962c6c8e91 already get close from Kansas City Zoo
2023-09-27T16:51:41.918+02:00 DEBUG 7856 --- [pool-2-thread-1] c.o.tourguide.service.RewardsService     : Calculate distance between -94.529625/39.007504 and -143.5163095873878/-35.441851606891134
2023-09-27T16:51:41.918+02:00 DEBUG 7856 --- [pool-2-thread-1] c.o.tourguide.service.RewardsService     : Checking if the user 81006492-57b7-4c9d-b179-9d962c6c8e91 already get close from Bronx Zoo
2023-09-27T16:51:41.918+02:00 DEBUG 7856 --- [pool-2-thread-1] c.o.tourguide.service.RewardsService     : Calculate distance between -73.872971/40.852905 and -143.5163095873878/-35.441851606891134
2023-09-27T16:51:41.918+02:00 DEBUG 7856 --- [pool-2-thread-1] c.o.tourguide.service.RewardsService     : Checking if the user 81006492-57b7-4c9d-b179-9d962c6c8e91 already get close from Cinderella Castle
2023-09-27T16:51:41.918+02:00 DEBUG 7856 --- [pool-2-thread-1] c.o.tourguide.service.RewardsService     : Calculate distance between -81.5812/28.419411 and -143.5163095873878/-35.441851606891134
2023-09-27T16:51:41.918+02:00 DEBUG 7856 --- [pool-2-thread-1] c.o.tourguide.service.RewardsService     : Checking if the user 81006492-57b7-4c9d-b179-9d962c6c8e91 already get close from Disneyland
2023-09-27T16:51:41.918+02:00 DEBUG 7856 --- [pool-2-thread-1] c.o.tourguide.service.RewardsService     : Calculate distance between -117.922008/33.817595 and 12.011678149323757/82.54671468759048
2023-09-27T16:51:41.918+02:00 DEBUG 7856 --- [pool-2-thread-1] c.o.tourguide.service.RewardsService     : Checking if the user 81006492-57b7-4c9d-b179-9d962c6c8e91 already get close from Jackson Hole
2023-09-27T16:51:41.918+02:00 DEBUG 7856 --- [pool-2-thread-1] c.o.tourguide.service.RewardsService     : Calculate distance between -110.821999/43.582767 and 12.011678149323757/82.54671468759048
2023-09-27T16:51:41.918+02:00 DEBUG 7856 --- [pool-2-thread-1] c.o.tourguide.service.RewardsService     : Checking if the user 81006492-57b7-4c9d-b179-9d962c6c8e91 already get close from Mojave National Preserve
2023-09-27T16:51:41.918+02:00 DEBUG 7856 --- [pool-2-thread-1] c.o.tourguide.service.RewardsService     : Calculate distance between -115.510399/35.141689 and 12.011678149323757/82.54671468759048
2023-09-27T16:51:41.918+02:00 DEBUG 7856 --- [pool-2-thread-1] c.o.tourguide.service.RewardsService     : Checking if the user 81006492-57b7-4c9d-b179-9d962c6c8e91 already get close from Joshua Tree National Park
2023-09-27T16:51:41.918+02:00 DEBUG 7856 --- [pool-2-thread-1] c.o.tourguide.service.RewardsService     : Calculate distance between -115.90065/33.881866 and 12.011678149323757/82.54671468759048
2023-09-27T16:51:41.918+02:00 DEBUG 7856 --- [pool-2-thread-1] c.o.tourguide.service.RewardsService     : Checking if the user 81006492-57b7-4c9d-b179-9d962c6c8e91 already get close from Buffalo National River
2023-09-27T16:51:41.918+02:00 DEBUG 7856 --- [pool-2-thread-1] c.o.tourguide.service.RewardsService     : Calculate distance between -92.757652/35.985512 and 12.011678149323757/82.54671468759048
2023-09-27T16:51:41.918+02:00 DEBUG 7856 --- [pool-2-thread-1] c.o.tourguide.service.RewardsService     : Checking if the user 81006492-57b7-4c9d-b179-9d962c6c8e91 already get close from Hot Springs National Park
2023-09-27T16:51:41.918+02:00 DEBUG 7856 --- [pool-2-thread-1] c.o.tourguide.service.RewardsService     : Calculate distance between -93.042267/34.52153 and 12.011678149323757/82.54671468759048
2023-09-27T16:51:41.918+02:00 DEBUG 7856 --- [pool-2-thread-1] c.o.tourguide.service.RewardsService     : Checking if the user 81006492-57b7-4c9d-b179-9d962c6c8e91 already get close from Kartchner Caverns State Park
2023-09-27T16:51:41.918+02:00 DEBUG 7856 --- [pool-2-thread-1] c.o.tourguide.service.RewardsService     : Calculate distance between -110.347382/31.837551 and 12.011678149323757/82.54671468759048
2023-09-27T16:51:41.918+02:00 DEBUG 7856 --- [pool-2-thread-1] c.o.tourguide.service.RewardsService     : Checking if the user 81006492-57b7-4c9d-b179-9d962c6c8e91 already get close from Legend Valley
2023-09-27T16:51:41.918+02:00 DEBUG 7856 --- [pool-2-thread-1] c.o.tourguide.service.RewardsService     : Calculate distance between -82.40667/39.937778 and 12.011678149323757/82.54671468759048
2023-09-27T16:51:41.918+02:00 DEBUG 7856 --- [pool-2-thread-1] c.o.tourguide.service.RewardsService     : Checking if the user 81006492-57b7-4c9d-b179-9d962c6c8e91 already get close from Flowers Bakery of London
2023-09-27T16:51:41.918+02:00 DEBUG 7856 --- [pool-2-thread-1] c.o.tourguide.service.RewardsService     : Calculate distance between -84.07486/37.131527 and 12.011678149323757/82.54671468759048
2023-09-27T16:51:41.918+02:00 DEBUG 7856 --- [pool-2-thread-1] c.o.tourguide.service.RewardsService     : Checking if the user 81006492-57b7-4c9d-b179-9d962c6c8e91 already get close from McKinley Tower
2023-09-27T16:51:41.918+02:00 DEBUG 7856 --- [pool-2-thread-1] c.o.tourguide.service.RewardsService     : Calculate distance between -149.877502/61.218887 and 12.011678149323757/82.54671468759048
2023-09-27T16:51:41.918+02:00 DEBUG 7856 --- [pool-2-thread-1] c.o.tourguide.service.RewardsService     : Checking if the user 81006492-57b7-4c9d-b179-9d962c6c8e91 already get close from Flatiron Building
2023-09-27T16:51:41.918+02:00 DEBUG 7856 --- [pool-2-thread-1] c.o.tourguide.service.RewardsService     : Calculate distance between -73.989723/40.741112 and 12.011678149323757/82.54671468759048
2023-09-27T16:51:41.918+02:00 DEBUG 7856 --- [pool-2-thread-1] c.o.tourguide.service.RewardsService     : Checking if the user 81006492-57b7-4c9d-b179-9d962c6c8e91 already get close from Fallingwater
2023-09-27T16:51:41.918+02:00 DEBUG 7856 --- [pool-2-thread-1] c.o.tourguide.service.RewardsService     : Calculate distance between -79.468056/39.906113 and 12.011678149323757/82.54671468759048
2023-09-27T16:51:41.918+02:00 DEBUG 7856 --- [pool-2-thread-1] c.o.tourguide.service.RewardsService     : Checking if the user 81006492-57b7-4c9d-b179-9d962c6c8e91 already get close from Union Station
2023-09-27T16:51:41.918+02:00 DEBUG 7856 --- [pool-2-thread-1] c.o.tourguide.service.RewardsService     : Calculate distance between -77.006332/38.897095 and 12.011678149323757/82.54671468759048
2023-09-27T16:51:41.918+02:00 DEBUG 7856 --- [pool-2-thread-1] c.o.tourguide.service.RewardsService     : Checking if the user 81006492-57b7-4c9d-b179-9d962c6c8e91 already get close from Roger Dean Stadium
2023-09-27T16:51:41.918+02:00 DEBUG 7856 --- [pool-2-thread-1] c.o.tourguide.service.RewardsService     : Calculate distance between -80.116577/26.890959 and 12.011678149323757/82.54671468759048
2023-09-27T16:51:41.918+02:00 DEBUG 7856 --- [pool-2-thread-1] c.o.tourguide.service.RewardsService     : Checking if the user 81006492-57b7-4c9d-b179-9d962c6c8e91 already get close from Texas Memorial Stadium
2023-09-27T16:51:41.918+02:00 DEBUG 7856 --- [pool-2-thread-1] c.o.tourguide.service.RewardsService     : Calculate distance between -97.732536/30.283682 and 12.011678149323757/82.54671468759048
2023-09-27T16:51:41.918+02:00 DEBUG 7856 --- [pool-2-thread-1] c.o.tourguide.service.RewardsService     : Checking if the user 81006492-57b7-4c9d-b179-9d962c6c8e91 already get close from Bryant-Denny Stadium
2023-09-27T16:51:41.918+02:00 DEBUG 7856 --- [pool-2-thread-1] c.o.tourguide.service.RewardsService     : Calculate distance between -87.550438/33.208973 and 12.011678149323757/82.54671468759048
2023-09-27T16:51:41.918+02:00 DEBUG 7856 --- [pool-2-thread-1] c.o.tourguide.service.RewardsService     : Checking if the user 81006492-57b7-4c9d-b179-9d962c6c8e91 already get close from Tiger Stadium
2023-09-27T16:51:41.918+02:00 DEBUG 7856 --- [pool-2-thread-1] c.o.tourguide.service.RewardsService     : Calculate distance between -91.183815/30.412035 and 12.011678149323757/82.54671468759048
2023-09-27T16:51:41.918+02:00 DEBUG 7856 --- [pool-2-thread-1] c.o.tourguide.service.RewardsService     : Checking if the user 81006492-57b7-4c9d-b179-9d962c6c8e91 already get close from Neyland Stadium
2023-09-27T16:51:41.918+02:00 DEBUG 7856 --- [pool-2-thread-1] c.o.tourguide.service.RewardsService     : Calculate distance between -83.925011/35.955013 and 12.011678149323757/82.54671468759048
2023-09-27T16:51:41.918+02:00 DEBUG 7856 --- [pool-2-thread-1] c.o.tourguide.service.RewardsService     : Checking if the user 81006492-57b7-4c9d-b179-9d962c6c8e91 already get close from Kyle Field
2023-09-27T16:51:41.918+02:00 DEBUG 7856 --- [pool-2-thread-1] c.o.tourguide.service.RewardsService     : Calculate distance between -96.339844/30.61025 and 12.011678149323757/82.54671468759048
2023-09-27T16:51:41.918+02:00 DEBUG 7856 --- [pool-2-thread-1] c.o.tourguide.service.RewardsService     : Checking if the user 81006492-57b7-4c9d-b179-9d962c6c8e91 already get close from San Diego Zoo
2023-09-27T16:51:41.918+02:00 DEBUG 7856 --- [pool-2-thread-1] c.o.tourguide.service.RewardsService     : Calculate distance between -117.149048/32.735317 and 12.011678149323757/82.54671468759048
2023-09-27T16:51:41.918+02:00 DEBUG 7856 --- [pool-2-thread-1] c.o.tourguide.service.RewardsService     : Checking if the user 81006492-57b7-4c9d-b179-9d962c6c8e91 already get close from Zoo Tampa at Lowry Park
2023-09-27T16:51:41.918+02:00 DEBUG 7856 --- [pool-2-thread-1] c.o.tourguide.service.RewardsService     : Calculate distance between -82.469269/28.012804 and 12.011678149323757/82.54671468759048
2023-09-27T16:51:41.918+02:00 DEBUG 7856 --- [pool-2-thread-1] c.o.tourguide.service.RewardsService     : Checking if the user 81006492-57b7-4c9d-b179-9d962c6c8e91 already get close from Franklin Park Zoo
2023-09-27T16:51:41.918+02:00 DEBUG 7856 --- [pool-2-thread-1] c.o.tourguide.service.RewardsService     : Calculate distance between -71.086731/42.302601 and 12.011678149323757/82.54671468759048
2023-09-27T16:51:41.918+02:00 DEBUG 7856 --- [pool-2-thread-1] c.o.tourguide.service.RewardsService     : Checking if the user 81006492-57b7-4c9d-b179-9d962c6c8e91 already get close from El Paso Zoo
2023-09-27T16:51:41.918+02:00 DEBUG 7856 --- [pool-2-thread-1] c.o.tourguide.service.RewardsService     : Calculate distance between -106.44487/31.769125 and 12.011678149323757/82.54671468759048
2023-09-27T16:51:41.918+02:00 DEBUG 7856 --- [pool-2-thread-1] c.o.tourguide.service.RewardsService     : Checking if the user 81006492-57b7-4c9d-b179-9d962c6c8e91 already get close from Kansas City Zoo
2023-09-27T16:51:41.918+02:00 DEBUG 7856 --- [pool-2-thread-1] c.o.tourguide.service.RewardsService     : Calculate distance between -94.529625/39.007504 and 12.011678149323757/82.54671468759048
2023-09-27T16:51:41.918+02:00 DEBUG 7856 --- [pool-2-thread-1] c.o.tourguide.service.RewardsService     : Checking if the user 81006492-57b7-4c9d-b179-9d962c6c8e91 already get close from Bronx Zoo
2023-09-27T16:51:41.918+02:00 DEBUG 7856 --- [pool-2-thread-1] c.o.tourguide.service.RewardsService     : Calculate distance between -73.872971/40.852905 and 12.011678149323757/82.54671468759048
2023-09-27T16:51:41.918+02:00 DEBUG 7856 --- [pool-2-thread-1] c.o.tourguide.service.RewardsService     : Checking if the user 81006492-57b7-4c9d-b179-9d962c6c8e91 already get close from Cinderella Castle
2023-09-27T16:51:41.918+02:00 DEBUG 7856 --- [pool-2-thread-1] c.o.tourguide.service.RewardsService     : Calculate distance between -81.5812/28.419411 and 12.011678149323757/82.54671468759048
2023-09-27T16:51:41.918+02:00 DEBUG 7856 --- [pool-2-thread-1] c.o.tourguide.service.RewardsService     : Checking if the user 81006492-57b7-4c9d-b179-9d962c6c8e91 already get close from Disneyland
2023-09-27T16:51:41.918+02:00 DEBUG 7856 --- [pool-2-thread-1] c.o.tourguide.service.RewardsService     : Calculate distance between -117.922008/33.817595 and -26.715601/-18.029653
2023-09-27T16:51:41.918+02:00 DEBUG 7856 --- [pool-2-thread-1] c.o.tourguide.service.RewardsService     : Checking if the user 81006492-57b7-4c9d-b179-9d962c6c8e91 already get close from Jackson Hole
2023-09-27T16:51:41.918+02:00 DEBUG 7856 --- [pool-2-thread-1] c.o.tourguide.service.RewardsService     : Calculate distance between -110.821999/43.582767 and -26.715601/-18.029653
2023-09-27T16:51:41.918+02:00 DEBUG 7856 --- [pool-2-thread-1] c.o.tourguide.service.RewardsService     : Checking if the user 81006492-57b7-4c9d-b179-9d962c6c8e91 already get close from Mojave National Preserve
2023-09-27T16:51:41.918+02:00 DEBUG 7856 --- [pool-2-thread-1] c.o.tourguide.service.RewardsService     : Calculate distance between -115.510399/35.141689 and -26.715601/-18.029653
2023-09-27T16:51:41.918+02:00 DEBUG 7856 --- [pool-2-thread-1] c.o.tourguide.service.RewardsService     : Checking if the user 81006492-57b7-4c9d-b179-9d962c6c8e91 already get close from Joshua Tree National Park
2023-09-27T16:51:41.918+02:00 DEBUG 7856 --- [pool-2-thread-1] c.o.tourguide.service.RewardsService     : Calculate distance between -115.90065/33.881866 and -26.715601/-18.029653
2023-09-27T16:51:41.918+02:00 DEBUG 7856 --- [pool-2-thread-1] c.o.tourguide.service.RewardsService     : Checking if the user 81006492-57b7-4c9d-b179-9d962c6c8e91 already get close from Buffalo National River
2023-09-27T16:51:41.918+02:00 DEBUG 7856 --- [pool-2-thread-1] c.o.tourguide.service.RewardsService     : Calculate distance between -92.757652/35.985512 and -26.715601/-18.029653
2023-09-27T16:51:41.918+02:00 DEBUG 7856 --- [pool-2-thread-1] c.o.tourguide.service.RewardsService     : Checking if the user 81006492-57b7-4c9d-b179-9d962c6c8e91 already get close from Hot Springs National Park
2023-09-27T16:51:41.918+02:00 DEBUG 7856 --- [pool-2-thread-1] c.o.tourguide.service.RewardsService     : Calculate distance between -93.042267/34.52153 and -26.715601/-18.029653
2023-09-27T16:51:41.918+02:00 DEBUG 7856 --- [pool-2-thread-1] c.o.tourguide.service.RewardsService     : Checking if the user 81006492-57b7-4c9d-b179-9d962c6c8e91 already get close from Kartchner Caverns State Park
2023-09-27T16:51:41.918+02:00 DEBUG 7856 --- [pool-2-thread-1] c.o.tourguide.service.RewardsService     : Calculate distance between -110.347382/31.837551 and -26.715601/-18.029653
2023-09-27T16:51:41.918+02:00 DEBUG 7856 --- [pool-2-thread-1] c.o.tourguide.service.RewardsService     : Checking if the user 81006492-57b7-4c9d-b179-9d962c6c8e91 already get close from Legend Valley
2023-09-27T16:51:41.918+02:00 DEBUG 7856 --- [pool-2-thread-1] c.o.tourguide.service.RewardsService     : Calculate distance between -82.40667/39.937778 and -26.715601/-18.029653
2023-09-27T16:51:41.918+02:00 DEBUG 7856 --- [pool-2-thread-1] c.o.tourguide.service.RewardsService     : Checking if the user 81006492-57b7-4c9d-b179-9d962c6c8e91 already get close from Flowers Bakery of London
2023-09-27T16:51:41.919+02:00 DEBUG 7856 --- [pool-2-thread-1] c.o.tourguide.service.RewardsService     : Calculate distance between -84.07486/37.131527 and -26.715601/-18.029653
2023-09-27T16:51:41.919+02:00 DEBUG 7856 --- [pool-2-thread-1] c.o.tourguide.service.RewardsService     : Checking if the user 81006492-57b7-4c9d-b179-9d962c6c8e91 already get close from McKinley Tower
2023-09-27T16:51:41.919+02:00 DEBUG 7856 --- [pool-2-thread-1] c.o.tourguide.service.RewardsService     : Calculate distance between -149.877502/61.218887 and -26.715601/-18.029653
2023-09-27T16:51:41.919+02:00 DEBUG 7856 --- [pool-2-thread-1] c.o.tourguide.service.RewardsService     : Checking if the user 81006492-57b7-4c9d-b179-9d962c6c8e91 already get close from Flatiron Building
2023-09-27T16:51:41.919+02:00 DEBUG 7856 --- [pool-2-thread-1] c.o.tourguide.service.RewardsService     : Calculate distance between -73.989723/40.741112 and -26.715601/-18.029653
2023-09-27T16:51:41.919+02:00 DEBUG 7856 --- [pool-2-thread-1] c.o.tourguide.service.RewardsService     : Checking if the user 81006492-57b7-4c9d-b179-9d962c6c8e91 already get close from Fallingwater
2023-09-27T16:51:41.919+02:00 DEBUG 7856 --- [pool-2-thread-1] c.o.tourguide.service.RewardsService     : Calculate distance between -79.468056/39.906113 and -26.715601/-18.029653
2023-09-27T16:51:41.919+02:00 DEBUG 7856 --- [pool-2-thread-1] c.o.tourguide.service.RewardsService     : Checking if the user 81006492-57b7-4c9d-b179-9d962c6c8e91 already get close from Union Station
2023-09-27T16:51:41.919+02:00 DEBUG 7856 --- [pool-2-thread-1] c.o.tourguide.service.RewardsService     : Calculate distance between -77.006332/38.897095 and -26.715601/-18.029653
2023-09-27T16:51:41.919+02:00 DEBUG 7856 --- [pool-2-thread-1] c.o.tourguide.service.RewardsService     : Checking if the user 81006492-57b7-4c9d-b179-9d962c6c8e91 already get close from Roger Dean Stadium
2023-09-27T16:51:41.919+02:00 DEBUG 7856 --- [pool-2-thread-1] c.o.tourguide.service.RewardsService     : Calculate distance between -80.116577/26.890959 and -26.715601/-18.029653
2023-09-27T16:51:41.919+02:00 DEBUG 7856 --- [pool-2-thread-1] c.o.tourguide.service.RewardsService     : Checking if the user 81006492-57b7-4c9d-b179-9d962c6c8e91 already get close from Texas Memorial Stadium
2023-09-27T16:51:41.919+02:00 DEBUG 7856 --- [pool-2-thread-1] c.o.tourguide.service.RewardsService     : Calculate distance between -97.732536/30.283682 and -26.715601/-18.029653
2023-09-27T16:51:41.919+02:00 DEBUG 7856 --- [pool-2-thread-1] c.o.tourguide.service.RewardsService     : Checking if the user 81006492-57b7-4c9d-b179-9d962c6c8e91 already get close from Bryant-Denny Stadium
2023-09-27T16:51:41.919+02:00 DEBUG 7856 --- [pool-2-thread-1] c.o.tourguide.service.RewardsService     : Calculate distance between -87.550438/33.208973 and -26.715601/-18.029653
2023-09-27T16:51:41.919+02:00 DEBUG 7856 --- [pool-2-thread-1] c.o.tourguide.service.RewardsService     : Checking if the user 81006492-57b7-4c9d-b179-9d962c6c8e91 already get close from Tiger Stadium
2023-09-27T16:51:41.919+02:00 DEBUG 7856 --- [pool-2-thread-1] c.o.tourguide.service.RewardsService     : Calculate distance between -91.183815/30.412035 and -26.715601/-18.029653
2023-09-27T16:51:41.919+02:00 DEBUG 7856 --- [pool-2-thread-1] c.o.tourguide.service.RewardsService     : Checking if the user 81006492-57b7-4c9d-b179-9d962c6c8e91 already get close from Neyland Stadium
2023-09-27T16:51:41.919+02:00 DEBUG 7856 --- [pool-2-thread-1] c.o.tourguide.service.RewardsService     : Calculate distance between -83.925011/35.955013 and -26.715601/-18.029653
2023-09-27T16:51:41.919+02:00 DEBUG 7856 --- [pool-2-thread-1] c.o.tourguide.service.RewardsService     : Checking if the user 81006492-57b7-4c9d-b179-9d962c6c8e91 already get close from Kyle Field
2023-09-27T16:51:41.919+02:00 DEBUG 7856 --- [pool-2-thread-1] c.o.tourguide.service.RewardsService     : Calculate distance between -96.339844/30.61025 and -26.715601/-18.029653
2023-09-27T16:51:41.919+02:00 DEBUG 7856 --- [pool-2-thread-1] c.o.tourguide.service.RewardsService     : Checking if the user 81006492-57b7-4c9d-b179-9d962c6c8e91 already get close from San Diego Zoo
2023-09-27T16:51:41.919+02:00 DEBUG 7856 --- [pool-2-thread-1] c.o.tourguide.service.RewardsService     : Calculate distance between -117.149048/32.735317 and -26.715601/-18.029653
2023-09-27T16:51:41.919+02:00 DEBUG 7856 --- [pool-2-thread-1] c.o.tourguide.service.RewardsService     : Checking if the user 81006492-57b7-4c9d-b179-9d962c6c8e91 already get close from Zoo Tampa at Lowry Park
2023-09-27T16:51:41.919+02:00 DEBUG 7856 --- [pool-2-thread-1] c.o.tourguide.service.RewardsService     : Calculate distance between -82.469269/28.012804 and -26.715601/-18.029653
2023-09-27T16:51:41.919+02:00 DEBUG 7856 --- [pool-2-thread-1] c.o.tourguide.service.RewardsService     : Checking if the user 81006492-57b7-4c9d-b179-9d962c6c8e91 already get close from Franklin Park Zoo
2023-09-27T16:51:41.919+02:00 DEBUG 7856 --- [pool-2-thread-1] c.o.tourguide.service.RewardsService     : Calculate distance between -71.086731/42.302601 and -26.715601/-18.029653
2023-09-27T16:51:41.919+02:00 DEBUG 7856 --- [pool-2-thread-1] c.o.tourguide.service.RewardsService     : Checking if the user 81006492-57b7-4c9d-b179-9d962c6c8e91 already get close from El Paso Zoo
2023-09-27T16:51:41.919+02:00 DEBUG 7856 --- [pool-2-thread-1] c.o.tourguide.service.RewardsService     : Calculate distance between -106.44487/31.769125 and -26.715601/-18.029653
2023-09-27T16:51:41.919+02:00 DEBUG 7856 --- [pool-2-thread-1] c.o.tourguide.service.RewardsService     : Checking if the user 81006492-57b7-4c9d-b179-9d962c6c8e91 already get close from Kansas City Zoo
2023-09-27T16:51:41.919+02:00 DEBUG 7856 --- [pool-2-thread-1] c.o.tourguide.service.RewardsService     : Calculate distance between -94.529625/39.007504 and -26.715601/-18.029653
2023-09-27T16:51:41.919+02:00 DEBUG 7856 --- [pool-2-thread-1] c.o.tourguide.service.RewardsService     : Checking if the user 81006492-57b7-4c9d-b179-9d962c6c8e91 already get close from Bronx Zoo
2023-09-27T16:51:41.919+02:00 DEBUG 7856 --- [pool-2-thread-1] c.o.tourguide.service.RewardsService     : Calculate distance between -73.872971/40.852905 and -26.715601/-18.029653
2023-09-27T16:51:41.919+02:00 DEBUG 7856 --- [pool-2-thread-1] c.o.tourguide.service.RewardsService     : Checking if the user 81006492-57b7-4c9d-b179-9d962c6c8e91 already get close from Cinderella Castle
2023-09-27T16:51:41.919+02:00 DEBUG 7856 --- [pool-2-thread-1] c.o.tourguide.service.RewardsService     : Calculate distance between -81.5812/28.419411 and -26.715601/-18.029653
2023-09-27T16:51:41.919+02:00 DEBUG 7856 --- [pool-2-thread-1] c.o.tourguide.service.RewardsService     : Checking if the user 81006492-57b7-4c9d-b179-9d962c6c8e91 already get close from Disneyland
2023-09-27T16:51:41.919+02:00 DEBUG 7856 --- [pool-2-thread-1] c.o.tourguide.service.RewardsService     : Calculate distance between -117.922008/33.817595 and -158.649021/47.994558
2023-09-27T16:51:41.919+02:00 DEBUG 7856 --- [pool-2-thread-1] c.o.tourguide.service.RewardsService     : Checking if the user 81006492-57b7-4c9d-b179-9d962c6c8e91 already get close from Jackson Hole
2023-09-27T16:51:41.919+02:00 DEBUG 7856 --- [pool-2-thread-1] c.o.tourguide.service.RewardsService     : Calculate distance between -110.821999/43.582767 and -158.649021/47.994558
2023-09-27T16:51:41.919+02:00 DEBUG 7856 --- [pool-2-thread-1] c.o.tourguide.service.RewardsService     : Checking if the user 81006492-57b7-4c9d-b179-9d962c6c8e91 already get close from Mojave National Preserve
2023-09-27T16:51:41.919+02:00 DEBUG 7856 --- [pool-2-thread-1] c.o.tourguide.service.RewardsService     : Calculate distance between -115.510399/35.141689 and -158.649021/47.994558
2023-09-27T16:51:41.919+02:00 DEBUG 7856 --- [pool-2-thread-1] c.o.tourguide.service.RewardsService     : Checking if the user 81006492-57b7-4c9d-b179-9d962c6c8e91 already get close from Joshua Tree National Park
2023-09-27T16:51:41.919+02:00 DEBUG 7856 --- [pool-2-thread-1] c.o.tourguide.service.RewardsService     : Calculate distance between -115.90065/33.881866 and -158.649021/47.994558
2023-09-27T16:51:41.919+02:00 DEBUG 7856 --- [pool-2-thread-1] c.o.tourguide.service.RewardsService     : Checking if the user 81006492-57b7-4c9d-b179-9d962c6c8e91 already get close from Buffalo National River
2023-09-27T16:51:41.919+02:00 DEBUG 7856 --- [pool-2-thread-1] c.o.tourguide.service.RewardsService     : Calculate distance between -92.757652/35.985512 and -158.649021/47.994558
2023-09-27T16:51:41.919+02:00 DEBUG 7856 --- [pool-2-thread-1] c.o.tourguide.service.RewardsService     : Checking if the user 81006492-57b7-4c9d-b179-9d962c6c8e91 already get close from Hot Springs National Park
2023-09-27T16:51:41.919+02:00 DEBUG 7856 --- [pool-2-thread-1] c.o.tourguide.service.RewardsService     : Calculate distance between -93.042267/34.52153 and -158.649021/47.994558
2023-09-27T16:51:41.919+02:00 DEBUG 7856 --- [pool-2-thread-1] c.o.tourguide.service.RewardsService     : Checking if the user 81006492-57b7-4c9d-b179-9d962c6c8e91 already get close from Kartchner Caverns State Park
2023-09-27T16:51:41.919+02:00 DEBUG 7856 --- [pool-2-thread-1] c.o.tourguide.service.RewardsService     : Calculate distance between -110.347382/31.837551 and -158.649021/47.994558
2023-09-27T16:51:41.919+02:00 DEBUG 7856 --- [pool-2-thread-1] c.o.tourguide.service.RewardsService     : Checking if the user 81006492-57b7-4c9d-b179-9d962c6c8e91 already get close from Legend Valley
2023-09-27T16:51:41.919+02:00 DEBUG 7856 --- [pool-2-thread-1] c.o.tourguide.service.RewardsService     : Calculate distance between -82.40667/39.937778 and -158.649021/47.994558
2023-09-27T16:51:41.919+02:00 DEBUG 7856 --- [pool-2-thread-1] c.o.tourguide.service.RewardsService     : Checking if the user 81006492-57b7-4c9d-b179-9d962c6c8e91 already get close from Flowers Bakery of London
2023-09-27T16:51:41.919+02:00 DEBUG 7856 --- [pool-2-thread-1] c.o.tourguide.service.RewardsService     : Calculate distance between -84.07486/37.131527 and -158.649021/47.994558
2023-09-27T16:51:41.919+02:00 DEBUG 7856 --- [pool-2-thread-1] c.o.tourguide.service.RewardsService     : Checking if the user 81006492-57b7-4c9d-b179-9d962c6c8e91 already get close from McKinley Tower
2023-09-27T16:51:41.919+02:00 DEBUG 7856 --- [pool-2-thread-1] c.o.tourguide.service.RewardsService     : Calculate distance between -149.877502/61.218887 and -158.649021/47.994558
2023-09-27T16:51:41.919+02:00 DEBUG 7856 --- [pool-2-thread-1] c.o.tourguide.service.RewardsService     : Checking if the user 81006492-57b7-4c9d-b179-9d962c6c8e91 already get close from Flatiron Building
2023-09-27T16:51:41.919+02:00 DEBUG 7856 --- [pool-2-thread-1] c.o.tourguide.service.RewardsService     : Calculate distance between -73.989723/40.741112 and -158.649021/47.994558
2023-09-27T16:51:41.919+02:00 DEBUG 7856 --- [pool-2-thread-1] c.o.tourguide.service.RewardsService     : Checking if the user 81006492-57b7-4c9d-b179-9d962c6c8e91 already get close from Fallingwater
2023-09-27T16:51:41.919+02:00 DEBUG 7856 --- [pool-2-thread-1] c.o.tourguide.service.RewardsService     : Calculate distance between -79.468056/39.906113 and -158.649021/47.994558
2023-09-27T16:51:41.919+02:00 DEBUG 7856 --- [pool-2-thread-1] c.o.tourguide.service.RewardsService     : Checking if the user 81006492-57b7-4c9d-b179-9d962c6c8e91 already get close from Union Station
2023-09-27T16:51:41.919+02:00 DEBUG 7856 --- [pool-2-thread-1] c.o.tourguide.service.RewardsService     : Calculate distance between -77.006332/38.897095 and -158.649021/47.994558
2023-09-27T16:51:41.919+02:00 DEBUG 7856 --- [pool-2-thread-1] c.o.tourguide.service.RewardsService     : Checking if the user 81006492-57b7-4c9d-b179-9d962c6c8e91 already get close from Roger Dean Stadium
2023-09-27T16:51:41.919+02:00 DEBUG 7856 --- [pool-2-thread-1] c.o.tourguide.service.RewardsService     : Calculate distance between -80.116577/26.890959 and -158.649021/47.994558
2023-09-27T16:51:41.919+02:00 DEBUG 7856 --- [pool-2-thread-1] c.o.tourguide.service.RewardsService     : Checking if the user 81006492-57b7-4c9d-b179-9d962c6c8e91 already get close from Texas Memorial Stadium
2023-09-27T16:51:41.919+02:00 DEBUG 7856 --- [pool-2-thread-1] c.o.tourguide.service.RewardsService     : Calculate distance between -97.732536/30.283682 and -158.649021/47.994558
2023-09-27T16:51:41.919+02:00 DEBUG 7856 --- [pool-2-thread-1] c.o.tourguide.service.RewardsService     : Checking if the user 81006492-57b7-4c9d-b179-9d962c6c8e91 already get close from Bryant-Denny Stadium
2023-09-27T16:51:41.919+02:00 DEBUG 7856 --- [pool-2-thread-1] c.o.tourguide.service.RewardsService     : Calculate distance between -87.550438/33.208973 and -158.649021/47.994558
2023-09-27T16:51:41.919+02:00 DEBUG 7856 --- [pool-2-thread-1] c.o.tourguide.service.RewardsService     : Checking if the user 81006492-57b7-4c9d-b179-9d962c6c8e91 already get close from Tiger Stadium
2023-09-27T16:51:41.919+02:00 DEBUG 7856 --- [pool-2-thread-1] c.o.tourguide.service.RewardsService     : Calculate distance between -91.183815/30.412035 and -158.649021/47.994558
2023-09-27T16:51:41.919+02:00 DEBUG 7856 --- [pool-2-thread-1] c.o.tourguide.service.RewardsService     : Checking if the user 81006492-57b7-4c9d-b179-9d962c6c8e91 already get close from Neyland Stadium
2023-09-27T16:51:41.919+02:00 DEBUG 7856 --- [pool-2-thread-1] c.o.tourguide.service.RewardsService     : Calculate distance between -83.925011/35.955013 and -158.649021/47.994558
2023-09-27T16:51:41.919+02:00 DEBUG 7856 --- [pool-2-thread-1] c.o.tourguide.service.RewardsService     : Checking if the user 81006492-57b7-4c9d-b179-9d962c6c8e91 already get close from Kyle Field
2023-09-27T16:51:41.919+02:00 DEBUG 7856 --- [pool-2-thread-1] c.o.tourguide.service.RewardsService     : Calculate distance between -96.339844/30.61025 and -158.649021/47.994558
2023-09-27T16:51:41.919+02:00 DEBUG 7856 --- [pool-2-thread-1] c.o.tourguide.service.RewardsService     : Checking if the user 81006492-57b7-4c9d-b179-9d962c6c8e91 already get close from San Diego Zoo
2023-09-27T16:51:41.919+02:00 DEBUG 7856 --- [pool-2-thread-1] c.o.tourguide.service.RewardsService     : Calculate distance between -117.149048/32.735317 and -158.649021/47.994558
2023-09-27T16:51:41.919+02:00 DEBUG 7856 --- [pool-2-thread-1] c.o.tourguide.service.RewardsService     : Checking if the user 81006492-57b7-4c9d-b179-9d962c6c8e91 already get close from Zoo Tampa at Lowry Park
2023-09-27T16:51:41.919+02:00 DEBUG 7856 --- [pool-2-thread-1] c.o.tourguide.service.RewardsService     : Calculate distance between -82.469269/28.012804 and -158.649021/47.994558
2023-09-27T16:51:41.919+02:00 DEBUG 7856 --- [pool-2-thread-1] c.o.tourguide.service.RewardsService     : Checking if the user 81006492-57b7-4c9d-b179-9d962c6c8e91 already get close from Franklin Park Zoo
2023-09-27T16:51:41.920+02:00 DEBUG 7856 --- [pool-2-thread-1] c.o.tourguide.service.RewardsService     : Calculate distance between -71.086731/42.302601 and -158.649021/47.994558
2023-09-27T16:51:41.920+02:00 DEBUG 7856 --- [pool-2-thread-1] c.o.tourguide.service.RewardsService     : Checking if the user 81006492-57b7-4c9d-b179-9d962c6c8e91 already get close from El Paso Zoo
2023-09-27T16:51:41.920+02:00 DEBUG 7856 --- [pool-2-thread-1] c.o.tourguide.service.RewardsService     : Calculate distance between -106.44487/31.769125 and -158.649021/47.994558
2023-09-27T16:51:41.920+02:00 DEBUG 7856 --- [pool-2-thread-1] c.o.tourguide.service.RewardsService     : Checking if the user 81006492-57b7-4c9d-b179-9d962c6c8e91 already get close from Kansas City Zoo
2023-09-27T16:51:41.920+02:00 DEBUG 7856 --- [pool-2-thread-1] c.o.tourguide.service.RewardsService     : Calculate distance between -94.529625/39.007504 and -158.649021/47.994558
2023-09-27T16:51:41.920+02:00 DEBUG 7856 --- [pool-2-thread-1] c.o.tourguide.service.RewardsService     : Checking if the user 81006492-57b7-4c9d-b179-9d962c6c8e91 already get close from Bronx Zoo
2023-09-27T16:51:41.920+02:00 DEBUG 7856 --- [pool-2-thread-1] c.o.tourguide.service.RewardsService     : Calculate distance between -73.872971/40.852905 and -158.649021/47.994558
2023-09-27T16:51:41.920+02:00 DEBUG 7856 --- [pool-2-thread-1] c.o.tourguide.service.RewardsService     : Checking if the user 81006492-57b7-4c9d-b179-9d962c6c8e91 already get close from Cinderella Castle
2023-09-27T16:51:41.920+02:00 DEBUG 7856 --- [pool-2-thread-1] c.o.tourguide.service.RewardsService     : Calculate distance between -81.5812/28.419411 and -158.649021/47.994558
2023-09-27T16:51:41.920+02:00 DEBUG 7856 --- [pool-2-thread-1] c.o.tourguide.service.RewardsService     : Trying to add 0 rewards
2023-09-27T16:51:41.958+02:00  INFO 7856 --- [pool-2-thread-1] c.o.tourguide.service.TourGuideService   : Adding the current location to the user internalUser6492
2023-09-27T16:51:41.958+02:00 DEBUG 7856 --- [pool-2-thread-1] c.o.tourguide.service.RewardsService     : calculate reward for internalUser6492 on his 5 known locations
2023-09-27T16:51:41.978+02:00 DEBUG 7856 --- [pool-2-thread-1] c.o.tourguide.service.RewardsService     : Checking if the user 493d2668-6a46-4b41-99f0-b7fb1b6e0f5f already get close from Disneyland
2023-09-27T16:51:41.978+02:00 DEBUG 7856 --- [pool-2-thread-1] c.o.tourguide.service.RewardsService     : Calculate distance between -117.922008/33.817595 and -34.221821906299795/-45.517835208744295
2023-09-27T16:51:41.978+02:00 DEBUG 7856 --- [pool-2-thread-1] c.o.tourguide.service.RewardsService     : Checking if the user 493d2668-6a46-4b41-99f0-b7fb1b6e0f5f already get close from Jackson Hole
2023-09-27T16:51:41.978+02:00 DEBUG 7856 --- [pool-2-thread-1] c.o.tourguide.service.RewardsService     : Calculate distance between -110.821999/43.582767 and -34.221821906299795/-45.517835208744295
2023-09-27T16:51:41.978+02:00 DEBUG 7856 --- [pool-2-thread-1] c.o.tourguide.service.RewardsService     : Checking if the user 493d2668-6a46-4b41-99f0-b7fb1b6e0f5f already get close from Mojave National Preserve
2023-09-27T16:51:41.978+02:00 DEBUG 7856 --- [pool-2-thread-1] c.o.tourguide.service.RewardsService     : Calculate distance between -115.510399/35.141689 and -34.221821906299795/-45.517835208744295
2023-09-27T16:51:41.978+02:00 DEBUG 7856 --- [pool-2-thread-1] c.o.tourguide.service.RewardsService     : Checking if the user 493d2668-6a46-4b41-99f0-b7fb1b6e0f5f already get close from Joshua Tree National Park
2023-09-27T16:51:41.978+02:00 DEBUG 7856 --- [pool-2-thread-1] c.o.tourguide.service.RewardsService     : Calculate distance between -115.90065/33.881866 and -34.221821906299795/-45.517835208744295
2023-09-27T16:51:41.978+02:00 DEBUG 7856 --- [pool-2-thread-1] c.o.tourguide.service.RewardsService     : Checking if the user 493d2668-6a46-4b41-99f0-b7fb1b6e0f5f already get close from Buffalo National River
2023-09-27T16:51:41.978+02:00 DEBUG 7856 --- [pool-2-thread-1] c.o.tourguide.service.RewardsService     : Calculate distance between -92.757652/35.985512 and -34.221821906299795/-45.517835208744295
2023-09-27T16:51:41.978+02:00 DEBUG 7856 --- [pool-2-thread-1] c.o.tourguide.service.RewardsService     : Checking if the user 493d2668-6a46-4b41-99f0-b7fb1b6e0f5f already get close from Hot Springs National Park
2023-09-27T16:51:41.978+02:00 DEBUG 7856 --- [pool-2-thread-1] c.o.tourguide.service.RewardsService     : Calculate distance between -93.042267/34.52153 and -34.221821906299795/-45.517835208744295
2023-09-27T16:51:41.978+02:00 DEBUG 7856 --- [pool-2-thread-1] c.o.tourguide.service.RewardsService     : Checking if the user 493d2668-6a46-4b41-99f0-b7fb1b6e0f5f already get close from Kartchner Caverns State Park
2023-09-27T16:51:41.978+02:00 DEBUG 7856 --- [pool-2-thread-1] c.o.tourguide.service.RewardsService     : Calculate distance between -110.347382/31.837551 and -34.221821906299795/-45.517835208744295
2023-09-27T16:51:41.978+02:00 DEBUG 7856 --- [pool-2-thread-1] c.o.tourguide.service.RewardsService     : Checking if the user 493d2668-6a46-4b41-99f0-b7fb1b6e0f5f already get close from Legend Valley
2023-09-27T16:51:41.978+02:00 DEBUG 7856 --- [pool-2-thread-1] c.o.tourguide.service.RewardsService     : Calculate distance between -82.40667/39.937778 and -34.221821906299795/-45.517835208744295
2023-09-27T16:51:41.978+02:00 DEBUG 7856 --- [pool-2-thread-1] c.o.tourguide.service.RewardsService     : Checking if the user 493d2668-6a46-4b41-99f0-b7fb1b6e0f5f already get close from Flowers Bakery of London
2023-09-27T16:51:41.978+02:00 DEBUG 7856 --- [pool-2-thread-1] c.o.tourguide.service.RewardsService     : Calculate distance between -84.07486/37.131527 and -34.221821906299795/-45.517835208744295
2023-09-27T16:51:41.978+02:00 DEBUG 7856 --- [pool-2-thread-1] c.o.tourguide.service.RewardsService     : Checking if the user 493d2668-6a46-4b41-99f0-b7fb1b6e0f5f already get close from McKinley Tower
2023-09-27T16:51:41.978+02:00 DEBUG 7856 --- [pool-2-thread-1] c.o.tourguide.service.RewardsService     : Calculate distance between -149.877502/61.218887 and -34.221821906299795/-45.517835208744295
2023-09-27T16:51:41.978+02:00 DEBUG 7856 --- [pool-2-thread-1] c.o.tourguide.service.RewardsService     : Checking if the user 493d2668-6a46-4b41-99f0-b7fb1b6e0f5f already get close from Flatiron Building
2023-09-27T16:51:41.978+02:00 DEBUG 7856 --- [pool-2-thread-1] c.o.tourguide.service.RewardsService     : Calculate distance between -73.989723/40.741112 and -34.221821906299795/-45.517835208744295
2023-09-27T16:51:41.978+02:00 DEBUG 7856 --- [pool-2-thread-1] c.o.tourguide.service.RewardsService     : Checking if the user 493d2668-6a46-4b41-99f0-b7fb1b6e0f5f already get close from Fallingwater
2023-09-27T16:51:41.978+02:00 DEBUG 7856 --- [pool-2-thread-1] c.o.tourguide.service.RewardsService     : Calculate distance between -79.468056/39.906113 and -34.221821906299795/-45.517835208744295
2023-09-27T16:51:41.978+02:00 DEBUG 7856 --- [pool-2-thread-1] c.o.tourguide.service.RewardsService     : Checking if the user 493d2668-6a46-4b41-99f0-b7fb1b6e0f5f already get close from Union Station
2023-09-27T16:51:41.978+02:00 DEBUG 7856 --- [pool-2-thread-1] c.o.tourguide.service.RewardsService     : Calculate distance between -77.006332/38.897095 and -34.221821906299795/-45.517835208744295
2023-09-27T16:51:41.978+02:00 DEBUG 7856 --- [pool-2-thread-1] c.o.tourguide.service.RewardsService     : Checking if the user 493d2668-6a46-4b41-99f0-b7fb1b6e0f5f already get close from Roger Dean Stadium
2023-09-27T16:51:41.978+02:00 DEBUG 7856 --- [pool-2-thread-1] c.o.tourguide.service.RewardsService     : Calculate distance between -80.116577/26.890959 and -34.221821906299795/-45.517835208744295
2023-09-27T16:51:41.978+02:00 DEBUG 7856 --- [pool-2-thread-1] c.o.tourguide.service.RewardsService     : Checking if the user 493d2668-6a46-4b41-99f0-b7fb1b6e0f5f already get close from Texas Memorial Stadium
2023-09-27T16:51:41.978+02:00 DEBUG 7856 --- [pool-2-thread-1] c.o.tourguide.service.RewardsService     : Calculate distance between -97.732536/30.283682 and -34.221821906299795/-45.517835208744295
2023-09-27T16:51:41.978+02:00 DEBUG 7856 --- [pool-2-thread-1] c.o.tourguide.service.RewardsService     : Checking if the user 493d2668-6a46-4b41-99f0-b7fb1b6e0f5f already get close from Bryant-Denny Stadium
2023-09-27T16:51:41.978+02:00 DEBUG 7856 --- [pool-2-thread-1] c.o.tourguide.service.RewardsService     : Calculate distance between -87.550438/33.208973 and -34.221821906299795/-45.517835208744295
2023-09-27T16:51:41.978+02:00 DEBUG 7856 --- [pool-2-thread-1] c.o.tourguide.service.RewardsService     : Checking if the user 493d2668-6a46-4b41-99f0-b7fb1b6e0f5f already get close from Tiger Stadium
2023-09-27T16:51:41.978+02:00 DEBUG 7856 --- [pool-2-thread-1] c.o.tourguide.service.RewardsService     : Calculate distance between -91.183815/30.412035 and -34.221821906299795/-45.517835208744295
2023-09-27T16:51:41.978+02:00 DEBUG 7856 --- [pool-2-thread-1] c.o.tourguide.service.RewardsService     : Checking if the user 493d2668-6a46-4b41-99f0-b7fb1b6e0f5f already get close from Neyland Stadium
2023-09-27T16:51:41.978+02:00 DEBUG 7856 --- [pool-2-thread-1] c.o.tourguide.service.RewardsService     : Calculate distance between -83.925011/35.955013 and -34.221821906299795/-45.517835208744295
2023-09-27T16:51:41.978+02:00 DEBUG 7856 --- [pool-2-thread-1] c.o.tourguide.service.RewardsService     : Checking if the user 493d2668-6a46-4b41-99f0-b7fb1b6e0f5f already get close from Kyle Field
2023-09-27T16:51:41.978+02:00 DEBUG 7856 --- [pool-2-thread-1] c.o.tourguide.service.RewardsService     : Calculate distance between -96.339844/30.61025 and -34.221821906299795/-45.517835208744295
2023-09-27T16:51:41.978+02:00 DEBUG 7856 --- [pool-2-thread-1] c.o.tourguide.service.RewardsService     : Checking if the user 493d2668-6a46-4b41-99f0-b7fb1b6e0f5f already get close from San Diego Zoo
2023-09-27T16:51:41.978+02:00 DEBUG 7856 --- [pool-2-thread-1] c.o.tourguide.service.RewardsService     : Calculate distance between -117.149048/32.735317 and -34.221821906299795/-45.517835208744295
2023-09-27T16:51:41.978+02:00 DEBUG 7856 --- [pool-2-thread-1] c.o.tourguide.service.RewardsService     : Checking if the user 493d2668-6a46-4b41-99f0-b7fb1b6e0f5f already get close from Zoo Tampa at Lowry Park
2023-09-27T16:51:41.978+02:00 DEBUG 7856 --- [pool-2-thread-1] c.o.tourguide.service.RewardsService     : Calculate distance between -82.469269/28.012804 and -34.221821906299795/-45.517835208744295
2023-09-27T16:51:41.978+02:00 DEBUG 7856 --- [pool-2-thread-1] c.o.tourguide.service.RewardsService     : Checking if the user 493d2668-6a46-4b41-99f0-b7fb1b6e0f5f already get close from Franklin Park Zoo
2023-09-27T16:51:41.978+02:00 DEBUG 7856 --- [pool-2-thread-1] c.o.tourguide.service.RewardsService     : Calculate distance between -71.086731/42.302601 and -34.221821906299795/-45.517835208744295
2023-09-27T16:51:41.978+02:00 DEBUG 7856 --- [pool-2-thread-1] c.o.tourguide.service.RewardsService     : Checking if the user 493d2668-6a46-4b41-99f0-b7fb1b6e0f5f already get close from El Paso Zoo
2023-09-27T16:51:41.978+02:00 DEBUG 7856 --- [pool-2-thread-1] c.o.tourguide.service.RewardsService     : Calculate distance between -106.44487/31.769125 and -34.221821906299795/-45.517835208744295
2023-09-27T16:51:41.978+02:00 DEBUG 7856 --- [pool-2-thread-1] c.o.tourguide.service.RewardsService     : Checking if the user 493d2668-6a46-4b41-99f0-b7fb1b6e0f5f already get close from Kansas City Zoo
2023-09-27T16:51:41.978+02:00 DEBUG 7856 --- [pool-2-thread-1] c.o.tourguide.service.RewardsService     : Calculate distance between -94.529625/39.007504 and -34.221821906299795/-45.517835208744295
2023-09-27T16:51:41.978+02:00 DEBUG 7856 --- [pool-2-thread-1] c.o.tourguide.service.RewardsService     : Checking if the user 493d2668-6a46-4b41-99f0-b7fb1b6e0f5f already get close from Bronx Zoo
2023-09-27T16:51:41.978+02:00 DEBUG 7856 --- [pool-2-thread-1] c.o.tourguide.service.RewardsService     : Calculate distance between -73.872971/40.852905 and -34.221821906299795/-45.517835208744295
2023-09-27T16:51:41.978+02:00 DEBUG 7856 --- [pool-2-thread-1] c.o.tourguide.service.RewardsService     : Checking if the user 493d2668-6a46-4b41-99f0-b7fb1b6e0f5f already get close from Cinderella Castle
2023-09-27T16:51:41.978+02:00 DEBUG 7856 --- [pool-2-thread-1] c.o.tourguide.service.RewardsService     : Calculate distance between -81.5812/28.419411 and -34.221821906299795/-45.517835208744295
2023-09-27T16:51:41.978+02:00 DEBUG 7856 --- [pool-2-thread-1] c.o.tourguide.service.RewardsService     : Checking if the user 493d2668-6a46-4b41-99f0-b7fb1b6e0f5f already get close from Disneyland
2023-09-27T16:51:41.978+02:00 DEBUG 7856 --- [pool-2-thread-1] c.o.tourguide.service.RewardsService     : Calculate distance between -117.922008/33.817595 and 172.80541891491316/-76.13088501778
2023-09-27T16:51:41.978+02:00 DEBUG 7856 --- [pool-2-thread-1] c.o.tourguide.service.RewardsService     : Checking if the user 493d2668-6a46-4b41-99f0-b7fb1b6e0f5f already get close from Jackson Hole
2023-09-27T16:51:41.978+02:00 DEBUG 7856 --- [pool-2-thread-1] c.o.tourguide.service.RewardsService     : Calculate distance between -110.821999/43.582767 and 172.80541891491316/-76.13088501778
2023-09-27T16:51:41.978+02:00 DEBUG 7856 --- [pool-2-thread-1] c.o.tourguide.service.RewardsService     : Checking if the user 493d2668-6a46-4b41-99f0-b7fb1b6e0f5f already get close from Mojave National Preserve
2023-09-27T16:51:41.978+02:00 DEBUG 7856 --- [pool-2-thread-1] c.o.tourguide.service.RewardsService     : Calculate distance between -115.510399/35.141689 and 172.80541891491316/-76.13088501778
2023-09-27T16:51:41.978+02:00 DEBUG 7856 --- [pool-2-thread-1] c.o.tourguide.service.RewardsService     : Checking if the user 493d2668-6a46-4b41-99f0-b7fb1b6e0f5f already get close from Joshua Tree National Park
2023-09-27T16:51:41.978+02:00 DEBUG 7856 --- [pool-2-thread-1] c.o.tourguide.service.RewardsService     : Calculate distance between -115.90065/33.881866 and 172.80541891491316/-76.13088501778
2023-09-27T16:51:41.978+02:00 DEBUG 7856 --- [pool-2-thread-1] c.o.tourguide.service.RewardsService     : Checking if the user 493d2668-6a46-4b41-99f0-b7fb1b6e0f5f already get close from Buffalo National River
2023-09-27T16:51:41.978+02:00 DEBUG 7856 --- [pool-2-thread-1] c.o.tourguide.service.RewardsService     : Calculate distance between -92.757652/35.985512 and 172.80541891491316/-76.13088501778
2023-09-27T16:51:41.978+02:00 DEBUG 7856 --- [pool-2-thread-1] c.o.tourguide.service.RewardsService     : Checking if the user 493d2668-6a46-4b41-99f0-b7fb1b6e0f5f already get close from Hot Springs National Park
2023-09-27T16:51:41.978+02:00 DEBUG 7856 --- [pool-2-thread-1] c.o.tourguide.service.RewardsService     : Calculate distance between -93.042267/34.52153 and 172.80541891491316/-76.13088501778
2023-09-27T16:51:41.978+02:00 DEBUG 7856 --- [pool-2-thread-1] c.o.tourguide.service.RewardsService     : Checking if the user 493d2668-6a46-4b41-99f0-b7fb1b6e0f5f already get close from Kartchner Caverns State Park
2023-09-27T16:51:41.978+02:00 DEBUG 7856 --- [pool-2-thread-1] c.o.tourguide.service.RewardsService     : Calculate distance between -110.347382/31.837551 and 172.80541891491316/-76.13088501778
2023-09-27T16:51:41.978+02:00 DEBUG 7856 --- [pool-2-thread-1] c.o.tourguide.service.RewardsService     : Checking if the user 493d2668-6a46-4b41-99f0-b7fb1b6e0f5f already get close from Legend Valley
2023-09-27T16:51:41.978+02:00 DEBUG 7856 --- [pool-2-thread-1] c.o.tourguide.service.RewardsService     : Calculate distance between -82.40667/39.937778 and 172.80541891491316/-76.13088501778
2023-09-27T16:51:41.978+02:00 DEBUG 7856 --- [pool-2-thread-1] c.o.tourguide.service.RewardsService     : Checking if the user 493d2668-6a46-4b41-99f0-b7fb1b6e0f5f already get close from Flowers Bakery of London
2023-09-27T16:51:41.978+02:00 DEBUG 7856 --- [pool-2-thread-1] c.o.tourguide.service.RewardsService     : Calculate distance between -84.07486/37.131527 and 172.80541891491316/-76.13088501778
2023-09-27T16:51:41.978+02:00 DEBUG 7856 --- [pool-2-thread-1] c.o.tourguide.service.RewardsService     : Checking if the user 493d2668-6a46-4b41-99f0-b7fb1b6e0f5f already get close from McKinley Tower
2023-09-27T16:51:41.978+02:00 DEBUG 7856 --- [pool-2-thread-1] c.o.tourguide.service.RewardsService     : Calculate distance between -149.877502/61.218887 and 172.80541891491316/-76.13088501778
2023-09-27T16:51:41.978+02:00 DEBUG 7856 --- [pool-2-thread-1] c.o.tourguide.service.RewardsService     : Checking if the user 493d2668-6a46-4b41-99f0-b7fb1b6e0f5f already get close from Flatiron Building
2023-09-27T16:51:41.978+02:00 DEBUG 7856 --- [pool-2-thread-1] c.o.tourguide.service.RewardsService     : Calculate distance between -73.989723/40.741112 and 172.80541891491316/-76.13088501778
2023-09-27T16:51:41.978+02:00 DEBUG 7856 --- [pool-2-thread-1] c.o.tourguide.service.RewardsService     : Checking if the user 493d2668-6a46-4b41-99f0-b7fb1b6e0f5f already get close from Fallingwater
2023-09-27T16:51:41.978+02:00 DEBUG 7856 --- [pool-2-thread-1] c.o.tourguide.service.RewardsService     : Calculate distance between -79.468056/39.906113 and 172.80541891491316/-76.13088501778
2023-09-27T16:51:41.978+02:00 DEBUG 7856 --- [pool-2-thread-1] c.o.tourguide.service.RewardsService     : Checking if the user 493d2668-6a46-4b41-99f0-b7fb1b6e0f5f already get close from Union Station
2023-09-27T16:51:41.978+02:00 DEBUG 7856 --- [pool-2-thread-1] c.o.tourguide.service.RewardsService     : Calculate distance between -77.006332/38.897095 and 172.80541891491316/-76.13088501778
2023-09-27T16:51:41.978+02:00 DEBUG 7856 --- [pool-2-thread-1] c.o.tourguide.service.RewardsService     : Checking if the user 493d2668-6a46-4b41-99f0-b7fb1b6e0f5f already get close from Roger Dean Stadium
2023-09-27T16:51:41.978+02:00 DEBUG 7856 --- [pool-2-thread-1] c.o.tourguide.service.RewardsService     : Calculate distance between -80.116577/26.890959 and 172.80541891491316/-76.13088501778
2023-09-27T16:51:41.978+02:00 DEBUG 7856 --- [pool-2-thread-1] c.o.tourguide.service.RewardsService     : Checking if the user 493d2668-6a46-4b41-99f0-b7fb1b6e0f5f already get close from Texas Memorial Stadium
2023-09-27T16:51:41.978+02:00 DEBUG 7856 --- [pool-2-thread-1] c.o.tourguide.service.RewardsService     : Calculate distance between -97.732536/30.283682 and 172.80541891491316/-76.13088501778
2023-09-27T16:51:41.978+02:00 DEBUG 7856 --- [pool-2-thread-1] c.o.tourguide.service.RewardsService     : Checking if the user 493d2668-6a46-4b41-99f0-b7fb1b6e0f5f already get close from Bryant-Denny Stadium
2023-09-27T16:51:41.978+02:00 DEBUG 7856 --- [pool-2-thread-1] c.o.tourguide.service.RewardsService     : Calculate distance between -87.550438/33.208973 and 172.80541891491316/-76.13088501778
2023-09-27T16:51:41.979+02:00 DEBUG 7856 --- [pool-2-thread-1] c.o.tourguide.service.RewardsService     : Checking if the user 493d2668-6a46-4b41-99f0-b7fb1b6e0f5f already get close from Tiger Stadium
2023-09-27T16:51:41.979+02:00 DEBUG 7856 --- [pool-2-thread-1] c.o.tourguide.service.RewardsService     : Calculate distance between -91.183815/30.412035 and 172.80541891491316/-76.13088501778
2023-09-27T16:51:41.979+02:00 DEBUG 7856 --- [pool-2-thread-1] c.o.tourguide.service.RewardsService     : Checking if the user 493d2668-6a46-4b41-99f0-b7fb1b6e0f5f already get close from Neyland Stadium
2023-09-27T16:51:41.979+02:00 DEBUG 7856 --- [pool-2-thread-1] c.o.tourguide.service.RewardsService     : Calculate distance between -83.925011/35.955013 and 172.80541891491316/-76.13088501778
2023-09-27T16:51:41.979+02:00 DEBUG 7856 --- [pool-2-thread-1] c.o.tourguide.service.RewardsService     : Checking if the user 493d2668-6a46-4b41-99f0-b7fb1b6e0f5f already get close from Kyle Field
2023-09-27T16:51:41.979+02:00 DEBUG 7856 --- [pool-2-thread-1] c.o.tourguide.service.RewardsService     : Calculate distance between -96.339844/30.61025 and 172.80541891491316/-76.13088501778
2023-09-27T16:51:41.979+02:00 DEBUG 7856 --- [pool-2-thread-1] c.o.tourguide.service.RewardsService     : Checking if the user 493d2668-6a46-4b41-99f0-b7fb1b6e0f5f already get close from San Diego Zoo
2023-09-27T16:51:41.979+02:00 DEBUG 7856 --- [pool-2-thread-1] c.o.tourguide.service.RewardsService     : Calculate distance between -117.149048/32.735317 and 172.80541891491316/-76.13088501778
2023-09-27T16:51:41.979+02:00 DEBUG 7856 --- [pool-2-thread-1] c.o.tourguide.service.RewardsService     : Checking if the user 493d2668-6a46-4b41-99f0-b7fb1b6e0f5f already get close from Zoo Tampa at Lowry Park
2023-09-27T16:51:41.979+02:00 DEBUG 7856 --- [pool-2-thread-1] c.o.tourguide.service.RewardsService     : Calculate distance between -82.469269/28.012804 and 172.80541891491316/-76.13088501778
2023-09-27T16:51:41.979+02:00 DEBUG 7856 --- [pool-2-thread-1] c.o.tourguide.service.RewardsService     : Checking if the user 493d2668-6a46-4b41-99f0-b7fb1b6e0f5f already get close from Franklin Park Zoo
2023-09-27T16:51:41.979+02:00 DEBUG 7856 --- [pool-2-thread-1] c.o.tourguide.service.RewardsService     : Calculate distance between -71.086731/42.302601 and 172.80541891491316/-76.13088501778
2023-09-27T16:51:41.979+02:00 DEBUG 7856 --- [pool-2-thread-1] c.o.tourguide.service.RewardsService     : Checking if the user 493d2668-6a46-4b41-99f0-b7fb1b6e0f5f already get close from El Paso Zoo
2023-09-27T16:51:41.979+02:00 DEBUG 7856 --- [pool-2-thread-1] c.o.tourguide.service.RewardsService     : Calculate distance between -106.44487/31.769125 and 172.80541891491316/-76.13088501778
2023-09-27T16:51:41.979+02:00 DEBUG 7856 --- [pool-2-thread-1] c.o.tourguide.service.RewardsService     : Checking if the user 493d2668-6a46-4b41-99f0-b7fb1b6e0f5f already get close from Kansas City Zoo
2023-09-27T16:51:41.979+02:00 DEBUG 7856 --- [pool-2-thread-1] c.o.tourguide.service.RewardsService     : Calculate distance between -94.529625/39.007504 and 172.80541891491316/-76.13088501778
2023-09-27T16:51:41.979+02:00 DEBUG 7856 --- [pool-2-thread-1] c.o.tourguide.service.RewardsService     : Checking if the user 493d2668-6a46-4b41-99f0-b7fb1b6e0f5f already get close from Bronx Zoo
2023-09-27T16:51:41.979+02:00 DEBUG 7856 --- [pool-2-thread-1] c.o.tourguide.service.RewardsService     : Calculate distance between -73.872971/40.852905 and 172.80541891491316/-76.13088501778
2023-09-27T16:51:41.979+02:00 DEBUG 7856 --- [pool-2-thread-1] c.o.tourguide.service.RewardsService     : Checking if the user 493d2668-6a46-4b41-99f0-b7fb1b6e0f5f already get close from Cinderella Castle
2023-09-27T16:51:41.979+02:00 DEBUG 7856 --- [pool-2-thread-1] c.o.tourguide.service.RewardsService     : Calculate distance between -81.5812/28.419411 and 172.80541891491316/-76.13088501778
2023-09-27T16:51:41.979+02:00 DEBUG 7856 --- [pool-2-thread-1] c.o.tourguide.service.RewardsService     : Checking if the user 493d2668-6a46-4b41-99f0-b7fb1b6e0f5f already get close from Disneyland
2023-09-27T16:51:41.979+02:00 DEBUG 7856 --- [pool-2-thread-1] c.o.tourguide.service.RewardsService     : Calculate distance between -117.922008/33.817595 and 48.87489152655888/18.78902241153328
2023-09-27T16:51:41.979+02:00 DEBUG 7856 --- [pool-2-thread-1] c.o.tourguide.service.RewardsService     : Checking if the user 493d2668-6a46-4b41-99f0-b7fb1b6e0f5f already get close from Jackson Hole
2023-09-27T16:51:41.979+02:00 DEBUG 7856 --- [pool-2-thread-1] c.o.tourguide.service.RewardsService     : Calculate distance between -110.821999/43.582767 and 48.87489152655888/18.78902241153328
2023-09-27T16:51:41.979+02:00 DEBUG 7856 --- [pool-2-thread-1] c.o.tourguide.service.RewardsService     : Checking if the user 493d2668-6a46-4b41-99f0-b7fb1b6e0f5f already get close from Mojave National Preserve
2023-09-27T16:51:41.979+02:00 DEBUG 7856 --- [pool-2-thread-1] c.o.tourguide.service.RewardsService     : Calculate distance between -115.510399/35.141689 and 48.87489152655888/18.78902241153328
2023-09-27T16:51:41.979+02:00 DEBUG 7856 --- [pool-2-thread-1] c.o.tourguide.service.RewardsService     : Checking if the user 493d2668-6a46-4b41-99f0-b7fb1b6e0f5f already get close from Joshua Tree National Park
2023-09-27T16:51:41.979+02:00 DEBUG 7856 --- [pool-2-thread-1] c.o.tourguide.service.RewardsService     : Calculate distance between -115.90065/33.881866 and 48.87489152655888/18.78902241153328
2023-09-27T16:51:41.979+02:00 DEBUG 7856 --- [pool-2-thread-1] c.o.tourguide.service.RewardsService     : Checking if the user 493d2668-6a46-4b41-99f0-b7fb1b6e0f5f already get close from Buffalo National River
2023-09-27T16:51:41.979+02:00 DEBUG 7856 --- [pool-2-thread-1] c.o.tourguide.service.RewardsService     : Calculate distance between -92.757652/35.985512 and 48.87489152655888/18.78902241153328
2023-09-27T16:51:41.979+02:00 DEBUG 7856 --- [pool-2-thread-1] c.o.tourguide.service.RewardsService     : Checking if the user 493d2668-6a46-4b41-99f0-b7fb1b6e0f5f already get close from Hot Springs National Park
2023-09-27T16:51:41.979+02:00 DEBUG 7856 --- [pool-2-thread-1] c.o.tourguide.service.RewardsService     : Calculate distance between -93.042267/34.52153 and 48.87489152655888/18.78902241153328
2023-09-27T16:51:41.979+02:00 DEBUG 7856 --- [pool-2-thread-1] c.o.tourguide.service.RewardsService     : Checking if the user 493d2668-6a46-4b41-99f0-b7fb1b6e0f5f already get close from Kartchner Caverns State Park
2023-09-27T16:51:41.979+02:00 DEBUG 7856 --- [pool-2-thread-1] c.o.tourguide.service.RewardsService     : Calculate distance between -110.347382/31.837551 and 48.87489152655888/18.78902241153328
2023-09-27T16:51:41.979+02:00 DEBUG 7856 --- [pool-2-thread-1] c.o.tourguide.service.RewardsService     : Checking if the user 493d2668-6a46-4b41-99f0-b7fb1b6e0f5f already get close from Legend Valley
2023-09-27T16:51:41.979+02:00 DEBUG 7856 --- [pool-2-thread-1] c.o.tourguide.service.RewardsService     : Calculate distance between -82.40667/39.937778 and 48.87489152655888/18.78902241153328
2023-09-27T16:51:41.979+02:00 DEBUG 7856 --- [pool-2-thread-1] c.o.tourguide.service.RewardsService     : Checking if the user 493d2668-6a46-4b41-99f0-b7fb1b6e0f5f already get close from Flowers Bakery of London
2023-09-27T16:51:41.979+02:00 DEBUG 7856 --- [pool-2-thread-1] c.o.tourguide.service.RewardsService     : Calculate distance between -84.07486/37.131527 and 48.87489152655888/18.78902241153328
2023-09-27T16:51:41.979+02:00 DEBUG 7856 --- [pool-2-thread-1] c.o.tourguide.service.RewardsService     : Checking if the user 493d2668-6a46-4b41-99f0-b7fb1b6e0f5f already get close from McKinley Tower
2023-09-27T16:51:41.979+02:00 DEBUG 7856 --- [pool-2-thread-1] c.o.tourguide.service.RewardsService     : Calculate distance between -149.877502/61.218887 and 48.87489152655888/18.78902241153328
2023-09-27T16:51:41.979+02:00 DEBUG 7856 --- [pool-2-thread-1] c.o.tourguide.service.RewardsService     : Checking if the user 493d2668-6a46-4b41-99f0-b7fb1b6e0f5f already get close from Flatiron Building
2023-09-27T16:51:41.979+02:00 DEBUG 7856 --- [pool-2-thread-1] c.o.tourguide.service.RewardsService     : Calculate distance between -73.989723/40.741112 and 48.87489152655888/18.78902241153328
2023-09-27T16:51:41.979+02:00 DEBUG 7856 --- [pool-2-thread-1] c.o.tourguide.service.RewardsService     : Checking if the user 493d2668-6a46-4b41-99f0-b7fb1b6e0f5f already get close from Fallingwater
2023-09-27T16:51:41.979+02:00 DEBUG 7856 --- [pool-2-thread-1] c.o.tourguide.service.RewardsService     : Calculate distance between -79.468056/39.906113 and 48.87489152655888/18.78902241153328
2023-09-27T16:51:41.979+02:00 DEBUG 7856 --- [pool-2-thread-1] c.o.tourguide.service.RewardsService     : Checking if the user 493d2668-6a46-4b41-99f0-b7fb1b6e0f5f already get close from Union Station
2023-09-27T16:51:41.979+02:00 DEBUG 7856 --- [pool-2-thread-1] c.o.tourguide.service.RewardsService     : Calculate distance between -77.006332/38.897095 and 48.87489152655888/18.78902241153328
2023-09-27T16:51:41.979+02:00 DEBUG 7856 --- [pool-2-thread-1] c.o.tourguide.service.RewardsService     : Checking if the user 493d2668-6a46-4b41-99f0-b7fb1b6e0f5f already get close from Roger Dean Stadium
2023-09-27T16:51:41.979+02:00 DEBUG 7856 --- [pool-2-thread-1] c.o.tourguide.service.RewardsService     : Calculate distance between -80.116577/26.890959 and 48.87489152655888/18.78902241153328
2023-09-27T16:51:41.979+02:00 DEBUG 7856 --- [pool-2-thread-1] c.o.tourguide.service.RewardsService     : Checking if the user 493d2668-6a46-4b41-99f0-b7fb1b6e0f5f already get close from Texas Memorial Stadium
2023-09-27T16:51:41.979+02:00 DEBUG 7856 --- [pool-2-thread-1] c.o.tourguide.service.RewardsService     : Calculate distance between -97.732536/30.283682 and 48.87489152655888/18.78902241153328
2023-09-27T16:51:41.979+02:00 DEBUG 7856 --- [pool-2-thread-1] c.o.tourguide.service.RewardsService     : Checking if the user 493d2668-6a46-4b41-99f0-b7fb1b6e0f5f already get close from Bryant-Denny Stadium
2023-09-27T16:51:41.979+02:00 DEBUG 7856 --- [pool-2-thread-1] c.o.tourguide.service.RewardsService     : Calculate distance between -87.550438/33.208973 and 48.87489152655888/18.78902241153328
2023-09-27T16:51:41.979+02:00 DEBUG 7856 --- [pool-2-thread-1] c.o.tourguide.service.RewardsService     : Checking if the user 493d2668-6a46-4b41-99f0-b7fb1b6e0f5f already get close from Tiger Stadium
2023-09-27T16:51:41.979+02:00 DEBUG 7856 --- [pool-2-thread-1] c.o.tourguide.service.RewardsService     : Calculate distance between -91.183815/30.412035 and 48.87489152655888/18.78902241153328
2023-09-27T16:51:41.979+02:00 DEBUG 7856 --- [pool-2-thread-1] c.o.tourguide.service.RewardsService     : Checking if the user 493d2668-6a46-4b41-99f0-b7fb1b6e0f5f already get close from Neyland Stadium
2023-09-27T16:51:41.979+02:00 DEBUG 7856 --- [pool-2-thread-1] c.o.tourguide.service.RewardsService     : Calculate distance between -83.925011/35.955013 and 48.87489152655888/18.78902241153328
2023-09-27T16:51:41.979+02:00 DEBUG 7856 --- [pool-2-thread-1] c.o.tourguide.service.RewardsService     : Checking if the user 493d2668-6a46-4b41-99f0-b7fb1b6e0f5f already get close from Kyle Field
2023-09-27T16:51:41.979+02:00 DEBUG 7856 --- [pool-2-thread-1] c.o.tourguide.service.RewardsService     : Calculate distance between -96.339844/30.61025 and 48.87489152655888/18.78902241153328
2023-09-27T16:51:41.979+02:00 DEBUG 7856 --- [pool-2-thread-1] c.o.tourguide.service.RewardsService     : Checking if the user 493d2668-6a46-4b41-99f0-b7fb1b6e0f5f already get close from San Diego Zoo
2023-09-27T16:51:41.979+02:00 DEBUG 7856 --- [pool-2-thread-1] c.o.tourguide.service.RewardsService     : Calculate distance between -117.149048/32.735317 and 48.87489152655888/18.78902241153328
2023-09-27T16:51:41.979+02:00 DEBUG 7856 --- [pool-2-thread-1] c.o.tourguide.service.RewardsService     : Checking if the user 493d2668-6a46-4b41-99f0-b7fb1b6e0f5f already get close from Zoo Tampa at Lowry Park
2023-09-27T16:51:41.979+02:00 DEBUG 7856 --- [pool-2-thread-1] c.o.tourguide.service.RewardsService     : Calculate distance between -82.469269/28.012804 and 48.87489152655888/18.78902241153328
2023-09-27T16:51:41.979+02:00 DEBUG 7856 --- [pool-2-thread-1] c.o.tourguide.service.RewardsService     : Checking if the user 493d2668-6a46-4b41-99f0-b7fb1b6e0f5f already get close from Franklin Park Zoo
2023-09-27T16:51:41.979+02:00 DEBUG 7856 --- [pool-2-thread-1] c.o.tourguide.service.RewardsService     : Calculate distance between -71.086731/42.302601 and 48.87489152655888/18.78902241153328
2023-09-27T16:51:41.979+02:00 DEBUG 7856 --- [pool-2-thread-1] c.o.tourguide.service.RewardsService     : Checking if the user 493d2668-6a46-4b41-99f0-b7fb1b6e0f5f already get close from El Paso Zoo
2023-09-27T16:51:41.979+02:00 DEBUG 7856 --- [pool-2-thread-1] c.o.tourguide.service.RewardsService     : Calculate distance between -106.44487/31.769125 and 48.87489152655888/18.78902241153328
2023-09-27T16:51:41.979+02:00 DEBUG 7856 --- [pool-2-thread-1] c.o.tourguide.service.RewardsService     : Checking if the user 493d2668-6a46-4b41-99f0-b7fb1b6e0f5f already get close from Kansas City Zoo
2023-09-27T16:51:41.979+02:00 DEBUG 7856 --- [pool-2-thread-1] c.o.tourguide.service.RewardsService     : Calculate distance between -94.529625/39.007504 and 48.87489152655888/18.78902241153328
2023-09-27T16:51:41.979+02:00 DEBUG 7856 --- [pool-2-thread-1] c.o.tourguide.service.RewardsService     : Checking if the user 493d2668-6a46-4b41-99f0-b7fb1b6e0f5f already get close from Bronx Zoo
2023-09-27T16:51:41.979+02:00 DEBUG 7856 --- [pool-2-thread-1] c.o.tourguide.service.RewardsService     : Calculate distance between -73.872971/40.852905 and 48.87489152655888/18.78902241153328
2023-09-27T16:51:41.980+02:00 DEBUG 7856 --- [pool-2-thread-1] c.o.tourguide.service.RewardsService     : Checking if the user 493d2668-6a46-4b41-99f0-b7fb1b6e0f5f already get close from Cinderella Castle
2023-09-27T16:51:41.980+02:00 DEBUG 7856 --- [pool-2-thread-1] c.o.tourguide.service.RewardsService     : Calculate distance between -81.5812/28.419411 and 48.87489152655888/18.78902241153328
2023-09-27T16:51:41.980+02:00 DEBUG 7856 --- [pool-2-thread-1] c.o.tourguide.service.RewardsService     : Checking if the user 493d2668-6a46-4b41-99f0-b7fb1b6e0f5f already get close from Disneyland
2023-09-27T16:51:41.980+02:00 DEBUG 7856 --- [pool-2-thread-1] c.o.tourguide.service.RewardsService     : Calculate distance between -117.922008/33.817595 and -12.783553/41.579214
2023-09-27T16:51:41.980+02:00 DEBUG 7856 --- [pool-2-thread-1] c.o.tourguide.service.RewardsService     : Checking if the user 493d2668-6a46-4b41-99f0-b7fb1b6e0f5f already get close from Jackson Hole
2023-09-27T16:51:41.980+02:00 DEBUG 7856 --- [pool-2-thread-1] c.o.tourguide.service.RewardsService     : Calculate distance between -110.821999/43.582767 and -12.783553/41.579214
2023-09-27T16:51:41.980+02:00 DEBUG 7856 --- [pool-2-thread-1] c.o.tourguide.service.RewardsService     : Checking if the user 493d2668-6a46-4b41-99f0-b7fb1b6e0f5f already get close from Mojave National Preserve
2023-09-27T16:51:41.980+02:00 DEBUG 7856 --- [pool-2-thread-1] c.o.tourguide.service.RewardsService     : Calculate distance between -115.510399/35.141689 and -12.783553/41.579214
2023-09-27T16:51:41.980+02:00 DEBUG 7856 --- [pool-2-thread-1] c.o.tourguide.service.RewardsService     : Checking if the user 493d2668-6a46-4b41-99f0-b7fb1b6e0f5f already get close from Joshua Tree National Park
2023-09-27T16:51:41.980+02:00 DEBUG 7856 --- [pool-2-thread-1] c.o.tourguide.service.RewardsService     : Calculate distance between -115.90065/33.881866 and -12.783553/41.579214
2023-09-27T16:51:41.980+02:00 DEBUG 7856 --- [pool-2-thread-1] c.o.tourguide.service.RewardsService     : Checking if the user 493d2668-6a46-4b41-99f0-b7fb1b6e0f5f already get close from Buffalo National River
2023-09-27T16:51:41.980+02:00 DEBUG 7856 --- [pool-2-thread-1] c.o.tourguide.service.RewardsService     : Calculate distance between -92.757652/35.985512 and -12.783553/41.579214
2023-09-27T16:51:41.980+02:00 DEBUG 7856 --- [pool-2-thread-1] c.o.tourguide.service.RewardsService     : Checking if the user 493d2668-6a46-4b41-99f0-b7fb1b6e0f5f already get close from Hot Springs National Park
2023-09-27T16:51:41.980+02:00 DEBUG 7856 --- [pool-2-thread-1] c.o.tourguide.service.RewardsService     : Calculate distance between -93.042267/34.52153 and -12.783553/41.579214
2023-09-27T16:51:41.980+02:00 DEBUG 7856 --- [pool-2-thread-1] c.o.tourguide.service.RewardsService     : Checking if the user 493d2668-6a46-4b41-99f0-b7fb1b6e0f5f already get close from Kartchner Caverns State Park
2023-09-27T16:51:41.980+02:00 DEBUG 7856 --- [pool-2-thread-1] c.o.tourguide.service.RewardsService     : Calculate distance between -110.347382/31.837551 and -12.783553/41.579214
2023-09-27T16:51:41.980+02:00 DEBUG 7856 --- [pool-2-thread-1] c.o.tourguide.service.RewardsService     : Checking if the user 493d2668-6a46-4b41-99f0-b7fb1b6e0f5f already get close from Legend Valley
2023-09-27T16:51:41.980+02:00 DEBUG 7856 --- [pool-2-thread-1] c.o.tourguide.service.RewardsService     : Calculate distance between -82.40667/39.937778 and -12.783553/41.579214
2023-09-27T16:51:41.980+02:00 DEBUG 7856 --- [pool-2-thread-1] c.o.tourguide.service.RewardsService     : Checking if the user 493d2668-6a46-4b41-99f0-b7fb1b6e0f5f already get close from Flowers Bakery of London
2023-09-27T16:51:41.980+02:00 DEBUG 7856 --- [pool-2-thread-1] c.o.tourguide.service.RewardsService     : Calculate distance between -84.07486/37.131527 and -12.783553/41.579214
2023-09-27T16:51:41.980+02:00 DEBUG 7856 --- [pool-2-thread-1] c.o.tourguide.service.RewardsService     : Checking if the user 493d2668-6a46-4b41-99f0-b7fb1b6e0f5f already get close from McKinley Tower
2023-09-27T16:51:41.980+02:00 DEBUG 7856 --- [pool-2-thread-1] c.o.tourguide.service.RewardsService     : Calculate distance between -149.877502/61.218887 and -12.783553/41.579214
2023-09-27T16:51:41.980+02:00 DEBUG 7856 --- [pool-2-thread-1] c.o.tourguide.service.RewardsService     : Checking if the user 493d2668-6a46-4b41-99f0-b7fb1b6e0f5f already get close from Flatiron Building
2023-09-27T16:51:41.980+02:00 DEBUG 7856 --- [pool-2-thread-1] c.o.tourguide.service.RewardsService     : Calculate distance between -73.989723/40.741112 and -12.783553/41.579214
2023-09-27T16:51:41.980+02:00 DEBUG 7856 --- [pool-2-thread-1] c.o.tourguide.service.RewardsService     : Checking if the user 493d2668-6a46-4b41-99f0-b7fb1b6e0f5f already get close from Fallingwater
2023-09-27T16:51:41.980+02:00 DEBUG 7856 --- [pool-2-thread-1] c.o.tourguide.service.RewardsService     : Calculate distance between -79.468056/39.906113 and -12.783553/41.579214
2023-09-27T16:51:41.980+02:00 DEBUG 7856 --- [pool-2-thread-1] c.o.tourguide.service.RewardsService     : Checking if the user 493d2668-6a46-4b41-99f0-b7fb1b6e0f5f already get close from Union Station
2023-09-27T16:51:41.980+02:00 DEBUG 7856 --- [pool-2-thread-1] c.o.tourguide.service.RewardsService     : Calculate distance between -77.006332/38.897095 and -12.783553/41.579214
2023-09-27T16:51:41.980+02:00 DEBUG 7856 --- [pool-2-thread-1] c.o.tourguide.service.RewardsService     : Checking if the user 493d2668-6a46-4b41-99f0-b7fb1b6e0f5f already get close from Roger Dean Stadium
2023-09-27T16:51:41.980+02:00 DEBUG 7856 --- [pool-2-thread-1] c.o.tourguide.service.RewardsService     : Calculate distance between -80.116577/26.890959 and -12.783553/41.579214
2023-09-27T16:51:41.980+02:00 DEBUG 7856 --- [pool-2-thread-1] c.o.tourguide.service.RewardsService     : Checking if the user 493d2668-6a46-4b41-99f0-b7fb1b6e0f5f already get close from Texas Memorial Stadium
2023-09-27T16:51:41.980+02:00 DEBUG 7856 --- [pool-2-thread-1] c.o.tourguide.service.RewardsService     : Calculate distance between -97.732536/30.283682 and -12.783553/41.579214
2023-09-27T16:51:41.980+02:00 DEBUG 7856 --- [pool-2-thread-1] c.o.tourguide.service.RewardsService     : Checking if the user 493d2668-6a46-4b41-99f0-b7fb1b6e0f5f already get close from Bryant-Denny Stadium
2023-09-27T16:51:41.980+02:00 DEBUG 7856 --- [pool-2-thread-1] c.o.tourguide.service.RewardsService     : Calculate distance between -87.550438/33.208973 and -12.783553/41.579214
2023-09-27T16:51:41.980+02:00 DEBUG 7856 --- [pool-2-thread-1] c.o.tourguide.service.RewardsService     : Checking if the user 493d2668-6a46-4b41-99f0-b7fb1b6e0f5f already get close from Tiger Stadium
2023-09-27T16:51:41.980+02:00 DEBUG 7856 --- [pool-2-thread-1] c.o.tourguide.service.RewardsService     : Calculate distance between -91.183815/30.412035 and -12.783553/41.579214
2023-09-27T16:51:41.980+02:00 DEBUG 7856 --- [pool-2-thread-1] c.o.tourguide.service.RewardsService     : Checking if the user 493d2668-6a46-4b41-99f0-b7fb1b6e0f5f already get close from Neyland Stadium
2023-09-27T16:51:41.980+02:00 DEBUG 7856 --- [pool-2-thread-1] c.o.tourguide.service.RewardsService     : Calculate distance between -83.925011/35.955013 and -12.783553/41.579214
2023-09-27T16:51:41.980+02:00 DEBUG 7856 --- [pool-2-thread-1] c.o.tourguide.service.RewardsService     : Checking if the user 493d2668-6a46-4b41-99f0-b7fb1b6e0f5f already get close from Kyle Field
2023-09-27T16:51:41.980+02:00 DEBUG 7856 --- [pool-2-thread-1] c.o.tourguide.service.RewardsService     : Calculate distance between -96.339844/30.61025 and -12.783553/41.579214
2023-09-27T16:51:41.980+02:00 DEBUG 7856 --- [pool-2-thread-1] c.o.tourguide.service.RewardsService     : Checking if the user 493d2668-6a46-4b41-99f0-b7fb1b6e0f5f already get close from San Diego Zoo
2023-09-27T16:51:41.980+02:00 DEBUG 7856 --- [pool-2-thread-1] c.o.tourguide.service.RewardsService     : Calculate distance between -117.149048/32.735317 and -12.783553/41.579214
2023-09-27T16:51:41.980+02:00 DEBUG 7856 --- [pool-2-thread-1] c.o.tourguide.service.RewardsService     : Checking if the user 493d2668-6a46-4b41-99f0-b7fb1b6e0f5f already get close from Zoo Tampa at Lowry Park
2023-09-27T16:51:41.980+02:00 DEBUG 7856 --- [pool-2-thread-1] c.o.tourguide.service.RewardsService     : Calculate distance between -82.469269/28.012804 and -12.783553/41.579214
2023-09-27T16:51:41.980+02:00 DEBUG 7856 --- [pool-2-thread-1] c.o.tourguide.service.RewardsService     : Checking if the user 493d2668-6a46-4b41-99f0-b7fb1b6e0f5f already get close from Franklin Park Zoo
2023-09-27T16:51:41.980+02:00 DEBUG 7856 --- [pool-2-thread-1] c.o.tourguide.service.RewardsService     : Calculate distance between -71.086731/42.302601 and -12.783553/41.579214
2023-09-27T16:51:41.980+02:00 DEBUG 7856 --- [pool-2-thread-1] c.o.tourguide.service.RewardsService     : Checking if the user 493d2668-6a46-4b41-99f0-b7fb1b6e0f5f already get close from El Paso Zoo
2023-09-27T16:51:41.980+02:00 DEBUG 7856 --- [pool-2-thread-1] c.o.tourguide.service.RewardsService     : Calculate distance between -106.44487/31.769125 and -12.783553/41.579214
2023-09-27T16:51:41.980+02:00 DEBUG 7856 --- [pool-2-thread-1] c.o.tourguide.service.RewardsService     : Checking if the user 493d2668-6a46-4b41-99f0-b7fb1b6e0f5f already get close from Kansas City Zoo
2023-09-27T16:51:41.980+02:00 DEBUG 7856 --- [pool-2-thread-1] c.o.tourguide.service.RewardsService     : Calculate distance between -94.529625/39.007504 and -12.783553/41.579214
2023-09-27T16:51:41.980+02:00 DEBUG 7856 --- [pool-2-thread-1] c.o.tourguide.service.RewardsService     : Checking if the user 493d2668-6a46-4b41-99f0-b7fb1b6e0f5f already get close from Bronx Zoo
2023-09-27T16:51:41.980+02:00 DEBUG 7856 --- [pool-2-thread-1] c.o.tourguide.service.RewardsService     : Calculate distance between -73.872971/40.852905 and -12.783553/41.579214
2023-09-27T16:51:41.980+02:00 DEBUG 7856 --- [pool-2-thread-1] c.o.tourguide.service.RewardsService     : Checking if the user 493d2668-6a46-4b41-99f0-b7fb1b6e0f5f already get close from Cinderella Castle
2023-09-27T16:51:41.980+02:00 DEBUG 7856 --- [pool-2-thread-1] c.o.tourguide.service.RewardsService     : Calculate distance between -81.5812/28.419411 and -12.783553/41.579214
2023-09-27T16:51:41.980+02:00 DEBUG 7856 --- [pool-2-thread-1] c.o.tourguide.service.RewardsService     : Checking if the user 493d2668-6a46-4b41-99f0-b7fb1b6e0f5f already get close from Disneyland
2023-09-27T16:51:41.980+02:00 DEBUG 7856 --- [pool-2-thread-1] c.o.tourguide.service.RewardsService     : Calculate distance between -117.922008/33.817595 and 60.652634/24.061799
2023-09-27T16:51:41.980+02:00 DEBUG 7856 --- [pool-2-thread-1] c.o.tourguide.service.RewardsService     : Checking if the user 493d2668-6a46-4b41-99f0-b7fb1b6e0f5f already get close from Jackson Hole
2023-09-27T16:51:41.980+02:00 DEBUG 7856 --- [pool-2-thread-1] c.o.tourguide.service.RewardsService     : Calculate distance between -110.821999/43.582767 and 60.652634/24.061799
2023-09-27T16:51:41.980+02:00 DEBUG 7856 --- [pool-2-thread-1] c.o.tourguide.service.RewardsService     : Checking if the user 493d2668-6a46-4b41-99f0-b7fb1b6e0f5f already get close from Mojave National Preserve
2023-09-27T16:51:41.980+02:00 DEBUG 7856 --- [pool-2-thread-1] c.o.tourguide.service.RewardsService     : Calculate distance between -115.510399/35.141689 and 60.652634/24.061799
2023-09-27T16:51:41.980+02:00 DEBUG 7856 --- [pool-2-thread-1] c.o.tourguide.service.RewardsService     : Checking if the user 493d2668-6a46-4b41-99f0-b7fb1b6e0f5f already get close from Joshua Tree National Park
2023-09-27T16:51:41.980+02:00 DEBUG 7856 --- [pool-2-thread-1] c.o.tourguide.service.RewardsService     : Calculate distance between -115.90065/33.881866 and 60.652634/24.061799
2023-09-27T16:51:41.980+02:00 DEBUG 7856 --- [pool-2-thread-1] c.o.tourguide.service.RewardsService     : Checking if the user 493d2668-6a46-4b41-99f0-b7fb1b6e0f5f already get close from Buffalo National River
2023-09-27T16:51:41.980+02:00 DEBUG 7856 --- [pool-2-thread-1] c.o.tourguide.service.RewardsService     : Calculate distance between -92.757652/35.985512 and 60.652634/24.061799
2023-09-27T16:51:41.980+02:00 DEBUG 7856 --- [pool-2-thread-1] c.o.tourguide.service.RewardsService     : Checking if the user 493d2668-6a46-4b41-99f0-b7fb1b6e0f5f already get close from Hot Springs National Park
2023-09-27T16:51:41.980+02:00 DEBUG 7856 --- [pool-2-thread-1] c.o.tourguide.service.RewardsService     : Calculate distance between -93.042267/34.52153 and 60.652634/24.061799
2023-09-27T16:51:41.980+02:00 DEBUG 7856 --- [pool-2-thread-1] c.o.tourguide.service.RewardsService     : Checking if the user 493d2668-6a46-4b41-99f0-b7fb1b6e0f5f already get close from Kartchner Caverns State Park
2023-09-27T16:51:41.980+02:00 DEBUG 7856 --- [pool-2-thread-1] c.o.tourguide.service.RewardsService     : Calculate distance between -110.347382/31.837551 and 60.652634/24.061799
2023-09-27T16:51:41.980+02:00 DEBUG 7856 --- [pool-2-thread-1] c.o.tourguide.service.RewardsService     : Checking if the user 493d2668-6a46-4b41-99f0-b7fb1b6e0f5f already get close from Legend Valley
2023-09-27T16:51:41.980+02:00 DEBUG 7856 --- [pool-2-thread-1] c.o.tourguide.service.RewardsService     : Calculate distance between -82.40667/39.937778 and 60.652634/24.061799
2023-09-27T16:51:41.980+02:00 DEBUG 7856 --- [pool-2-thread-1] c.o.tourguide.service.RewardsService     : Checking if the user 493d2668-6a46-4b41-99f0-b7fb1b6e0f5f already get close from Flowers Bakery of London
2023-09-27T16:51:41.980+02:00 DEBUG 7856 --- [pool-2-thread-1] c.o.tourguide.service.RewardsService     : Calculate distance between -84.07486/37.131527 and 60.652634/24.061799
2023-09-27T16:51:41.980+02:00 DEBUG 7856 --- [pool-2-thread-1] c.o.tourguide.service.RewardsService     : Checking if the user 493d2668-6a46-4b41-99f0-b7fb1b6e0f5f already get close from McKinley Tower
2023-09-27T16:51:41.980+02:00 DEBUG 7856 --- [pool-2-thread-1] c.o.tourguide.service.RewardsService     : Calculate distance between -149.877502/61.218887 and 60.652634/24.061799
2023-09-27T16:51:41.980+02:00 DEBUG 7856 --- [pool-2-thread-1] c.o.tourguide.service.RewardsService     : Checking if the user 493d2668-6a46-4b41-99f0-b7fb1b6e0f5f already get close from Flatiron Building
2023-09-27T16:51:41.980+02:00 DEBUG 7856 --- [pool-2-thread-1] c.o.tourguide.service.RewardsService     : Calculate distance between -73.989723/40.741112 and 60.652634/24.061799
2023-09-27T16:51:41.980+02:00 DEBUG 7856 --- [pool-2-thread-1] c.o.tourguide.service.RewardsService     : Checking if the user 493d2668-6a46-4b41-99f0-b7fb1b6e0f5f already get close from Fallingwater
2023-09-27T16:51:41.980+02:00 DEBUG 7856 --- [pool-2-thread-1] c.o.tourguide.service.RewardsService     : Calculate distance between -79.468056/39.906113 and 60.652634/24.061799
2023-09-27T16:51:41.980+02:00 DEBUG 7856 --- [pool-2-thread-1] c.o.tourguide.service.RewardsService     : Checking if the user 493d2668-6a46-4b41-99f0-b7fb1b6e0f5f already get close from Union Station
2023-09-27T16:51:41.980+02:00 DEBUG 7856 --- [pool-2-thread-1] c.o.tourguide.service.RewardsService     : Calculate distance between -77.006332/38.897095 and 60.652634/24.061799
2023-09-27T16:51:41.980+02:00 DEBUG 7856 --- [pool-2-thread-1] c.o.tourguide.service.RewardsService     : Checking if the user 493d2668-6a46-4b41-99f0-b7fb1b6e0f5f already get close from Roger Dean Stadium
2023-09-27T16:51:41.980+02:00 DEBUG 7856 --- [pool-2-thread-1] c.o.tourguide.service.RewardsService     : Calculate distance between -80.116577/26.890959 and 60.652634/24.061799
2023-09-27T16:51:41.980+02:00 DEBUG 7856 --- [pool-2-thread-1] c.o.tourguide.service.RewardsService     : Checking if the user 493d2668-6a46-4b41-99f0-b7fb1b6e0f5f already get close from Texas Memorial Stadium
2023-09-27T16:51:41.980+02:00 DEBUG 7856 --- [pool-2-thread-1] c.o.tourguide.service.RewardsService     : Calculate distance between -97.732536/30.283682 and 60.652634/24.061799
2023-09-27T16:51:41.980+02:00 DEBUG 7856 --- [pool-2-thread-1] c.o.tourguide.service.RewardsService     : Checking if the user 493d2668-6a46-4b41-99f0-b7fb1b6e0f5f already get close from Bryant-Denny Stadium
2023-09-27T16:51:41.980+02:00 DEBUG 7856 --- [pool-2-thread-1] c.o.tourguide.service.RewardsService     : Calculate distance between -87.550438/33.208973 and 60.652634/24.061799
2023-09-27T16:51:41.980+02:00 DEBUG 7856 --- [pool-2-thread-1] c.o.tourguide.service.RewardsService     : Checking if the user 493d2668-6a46-4b41-99f0-b7fb1b6e0f5f already get close from Tiger Stadium
2023-09-27T16:51:41.980+02:00 DEBUG 7856 --- [pool-2-thread-1] c.o.tourguide.service.RewardsService     : Calculate distance between -91.183815/30.412035 and 60.652634/24.061799
2023-09-27T16:51:41.980+02:00 DEBUG 7856 --- [pool-2-thread-1] c.o.tourguide.service.RewardsService     : Checking if the user 493d2668-6a46-4b41-99f0-b7fb1b6e0f5f already get close from Neyland Stadium
2023-09-27T16:51:41.980+02:00 DEBUG 7856 --- [pool-2-thread-1] c.o.tourguide.service.RewardsService     : Calculate distance between -83.925011/35.955013 and 60.652634/24.061799
2023-09-27T16:51:41.980+02:00 DEBUG 7856 --- [pool-2-thread-1] c.o.tourguide.service.RewardsService     : Checking if the user 493d2668-6a46-4b41-99f0-b7fb1b6e0f5f already get close from Kyle Field
2023-09-27T16:51:41.980+02:00 DEBUG 7856 --- [pool-2-thread-1] c.o.tourguide.service.RewardsService     : Calculate distance between -96.339844/30.61025 and 60.652634/24.061799
2023-09-27T16:51:41.980+02:00 DEBUG 7856 --- [pool-2-thread-1] c.o.tourguide.service.RewardsService     : Checking if the user 493d2668-6a46-4b41-99f0-b7fb1b6e0f5f already get close from San Diego Zoo
2023-09-27T16:51:41.980+02:00 DEBUG 7856 --- [pool-2-thread-1] c.o.tourguide.service.RewardsService     : Calculate distance between -117.149048/32.735317 and 60.652634/24.061799
2023-09-27T16:51:41.980+02:00 DEBUG 7856 --- [pool-2-thread-1] c.o.tourguide.service.RewardsService     : Checking if the user 493d2668-6a46-4b41-99f0-b7fb1b6e0f5f already get close from Zoo Tampa at Lowry Park
2023-09-27T16:51:41.980+02:00 DEBUG 7856 --- [pool-2-thread-1] c.o.tourguide.service.RewardsService     : Calculate distance between -82.469269/28.012804 and 60.652634/24.061799
2023-09-27T16:51:41.980+02:00 DEBUG 7856 --- [pool-2-thread-1] c.o.tourguide.service.RewardsService     : Checking if the user 493d2668-6a46-4b41-99f0-b7fb1b6e0f5f already get close from Franklin Park Zoo
2023-09-27T16:51:41.980+02:00 DEBUG 7856 --- [pool-2-thread-1] c.o.tourguide.service.RewardsService     : Calculate distance between -71.086731/42.302601 and 60.652634/24.061799
2023-09-27T16:51:41.980+02:00 DEBUG 7856 --- [pool-2-thread-1] c.o.tourguide.service.RewardsService     : Checking if the user 493d2668-6a46-4b41-99f0-b7fb1b6e0f5f already get close from El Paso Zoo
2023-09-27T16:51:41.980+02:00 DEBUG 7856 --- [pool-2-thread-1] c.o.tourguide.service.RewardsService     : Calculate distance between -106.44487/31.769125 and 60.652634/24.061799
2023-09-27T16:51:41.981+02:00 DEBUG 7856 --- [pool-2-thread-1] c.o.tourguide.service.RewardsService     : Checking if the user 493d2668-6a46-4b41-99f0-b7fb1b6e0f5f already get close from Kansas City Zoo
2023-09-27T16:51:41.981+02:00 DEBUG 7856 --- [pool-2-thread-1] c.o.tourguide.service.RewardsService     : Calculate distance between -94.529625/39.007504 and 60.652634/24.061799
2023-09-27T16:51:41.981+02:00 DEBUG 7856 --- [pool-2-thread-1] c.o.tourguide.service.RewardsService     : Checking if the user 493d2668-6a46-4b41-99f0-b7fb1b6e0f5f already get close from Bronx Zoo
2023-09-27T16:51:41.981+02:00 DEBUG 7856 --- [pool-2-thread-1] c.o.tourguide.service.RewardsService     : Calculate distance between -73.872971/40.852905 and 60.652634/24.061799
2023-09-27T16:51:41.981+02:00 DEBUG 7856 --- [pool-2-thread-1] c.o.tourguide.service.RewardsService     : Checking if the user 493d2668-6a46-4b41-99f0-b7fb1b6e0f5f already get close from Cinderella Castle
2023-09-27T16:51:41.981+02:00 DEBUG 7856 --- [pool-2-thread-1] c.o.tourguide.service.RewardsService     : Calculate distance between -81.5812/28.419411 and 60.652634/24.061799
2023-09-27T16:51:41.981+02:00 DEBUG 7856 --- [pool-2-thread-1] c.o.tourguide.service.RewardsService     : Trying to add 0 rewards
2023-09-27T16:51:42.076+02:00  INFO 7856 --- [pool-2-thread-1] c.o.tourguide.service.TourGuideService   : Adding the current location to the user internalUser5160
2023-09-27T16:51:42.076+02:00 DEBUG 7856 --- [pool-2-thread-1] c.o.tourguide.service.RewardsService     : calculate reward for internalUser5160 on his 5 known locations
2023-09-27T16:51:42.089+02:00 DEBUG 7856 --- [pool-2-thread-1] c.o.tourguide.service.RewardsService     : Checking if the user 357f35bb-e0de-4fda-9f32-6677ee9e5827 already get close from Disneyland
2023-09-27T16:51:42.089+02:00 DEBUG 7856 --- [pool-2-thread-1] c.o.tourguide.service.RewardsService     : Calculate distance between -117.922008/33.817595 and -117.73945612326011/27.03283386799474
2023-09-27T16:51:42.089+02:00 DEBUG 7856 --- [pool-2-thread-1] c.o.tourguide.service.RewardsService     : Checking if the user 357f35bb-e0de-4fda-9f32-6677ee9e5827 already get close from Jackson Hole
2023-09-27T16:51:42.089+02:00 DEBUG 7856 --- [pool-2-thread-1] c.o.tourguide.service.RewardsService     : Calculate distance between -110.821999/43.582767 and -117.73945612326011/27.03283386799474
2023-09-27T16:51:42.089+02:00 DEBUG 7856 --- [pool-2-thread-1] c.o.tourguide.service.RewardsService     : Checking if the user 357f35bb-e0de-4fda-9f32-6677ee9e5827 already get close from Mojave National Preserve
2023-09-27T16:51:42.089+02:00 DEBUG 7856 --- [pool-2-thread-1] c.o.tourguide.service.RewardsService     : Calculate distance between -115.510399/35.141689 and -117.73945612326011/27.03283386799474
2023-09-27T16:51:42.089+02:00 DEBUG 7856 --- [pool-2-thread-1] c.o.tourguide.service.RewardsService     : Checking if the user 357f35bb-e0de-4fda-9f32-6677ee9e5827 already get close from Joshua Tree National Park
2023-09-27T16:51:42.089+02:00 DEBUG 7856 --- [pool-2-thread-1] c.o.tourguide.service.RewardsService     : Calculate distance between -115.90065/33.881866 and -117.73945612326011/27.03283386799474
2023-09-27T16:51:42.089+02:00 DEBUG 7856 --- [pool-2-thread-1] c.o.tourguide.service.RewardsService     : Checking if the user 357f35bb-e0de-4fda-9f32-6677ee9e5827 already get close from Buffalo National River
2023-09-27T16:51:42.089+02:00 DEBUG 7856 --- [pool-2-thread-1] c.o.tourguide.service.RewardsService     : Calculate distance between -92.757652/35.985512 and -117.73945612326011/27.03283386799474
2023-09-27T16:51:42.089+02:00 DEBUG 7856 --- [pool-2-thread-1] c.o.tourguide.service.RewardsService     : Checking if the user 357f35bb-e0de-4fda-9f32-6677ee9e5827 already get close from Hot Springs National Park
2023-09-27T16:51:42.089+02:00 DEBUG 7856 --- [pool-2-thread-1] c.o.tourguide.service.RewardsService     : Calculate distance between -93.042267/34.52153 and -117.73945612326011/27.03283386799474
2023-09-27T16:51:42.089+02:00 DEBUG 7856 --- [pool-2-thread-1] c.o.tourguide.service.RewardsService     : Checking if the user 357f35bb-e0de-4fda-9f32-6677ee9e5827 already get close from Kartchner Caverns State Park
2023-09-27T16:51:42.089+02:00 DEBUG 7856 --- [pool-2-thread-1] c.o.tourguide.service.RewardsService     : Calculate distance between -110.347382/31.837551 and -117.73945612326011/27.03283386799474
2023-09-27T16:51:42.089+02:00 DEBUG 7856 --- [pool-2-thread-1] c.o.tourguide.service.RewardsService     : Checking if the user 357f35bb-e0de-4fda-9f32-6677ee9e5827 already get close from Legend Valley
2023-09-27T16:51:42.089+02:00 DEBUG 7856 --- [pool-2-thread-1] c.o.tourguide.service.RewardsService     : Calculate distance between -82.40667/39.937778 and -117.73945612326011/27.03283386799474
2023-09-27T16:51:42.089+02:00 DEBUG 7856 --- [pool-2-thread-1] c.o.tourguide.service.RewardsService     : Checking if the user 357f35bb-e0de-4fda-9f32-6677ee9e5827 already get close from Flowers Bakery of London
2023-09-27T16:51:42.089+02:00 DEBUG 7856 --- [pool-2-thread-1] c.o.tourguide.service.RewardsService     : Calculate distance between -84.07486/37.131527 and -117.73945612326011/27.03283386799474
2023-09-27T16:51:42.089+02:00 DEBUG 7856 --- [pool-2-thread-1] c.o.tourguide.service.RewardsService     : Checking if the user 357f35bb-e0de-4fda-9f32-6677ee9e5827 already get close from McKinley Tower
2023-09-27T16:51:42.089+02:00 DEBUG 7856 --- [pool-2-thread-1] c.o.tourguide.service.RewardsService     : Calculate distance between -149.877502/61.218887 and -117.73945612326011/27.03283386799474
2023-09-27T16:51:42.089+02:00 DEBUG 7856 --- [pool-2-thread-1] c.o.tourguide.service.RewardsService     : Checking if the user 357f35bb-e0de-4fda-9f32-6677ee9e5827 already get close from Flatiron Building
2023-09-27T16:51:42.089+02:00 DEBUG 7856 --- [pool-2-thread-1] c.o.tourguide.service.RewardsService     : Calculate distance between -73.989723/40.741112 and -117.73945612326011/27.03283386799474
2023-09-27T16:51:42.089+02:00 DEBUG 7856 --- [pool-2-thread-1] c.o.tourguide.service.RewardsService     : Checking if the user 357f35bb-e0de-4fda-9f32-6677ee9e5827 already get close from Fallingwater
2023-09-27T16:51:42.089+02:00 DEBUG 7856 --- [pool-2-thread-1] c.o.tourguide.service.RewardsService     : Calculate distance between -79.468056/39.906113 and -117.73945612326011/27.03283386799474
2023-09-27T16:51:42.089+02:00 DEBUG 7856 --- [pool-2-thread-1] c.o.tourguide.service.RewardsService     : Checking if the user 357f35bb-e0de-4fda-9f32-6677ee9e5827 already get close from Union Station
2023-09-27T16:51:42.089+02:00 DEBUG 7856 --- [pool-2-thread-1] c.o.tourguide.service.RewardsService     : Calculate distance between -77.006332/38.897095 and -117.73945612326011/27.03283386799474
2023-09-27T16:51:42.089+02:00 DEBUG 7856 --- [pool-2-thread-1] c.o.tourguide.service.RewardsService     : Checking if the user 357f35bb-e0de-4fda-9f32-6677ee9e5827 already get close from Roger Dean Stadium
2023-09-27T16:51:42.089+02:00 DEBUG 7856 --- [pool-2-thread-1] c.o.tourguide.service.RewardsService     : Calculate distance between -80.116577/26.890959 and -117.73945612326011/27.03283386799474
2023-09-27T16:51:42.089+02:00 DEBUG 7856 --- [pool-2-thread-1] c.o.tourguide.service.RewardsService     : Checking if the user 357f35bb-e0de-4fda-9f32-6677ee9e5827 already get close from Texas Memorial Stadium
2023-09-27T16:51:42.089+02:00 DEBUG 7856 --- [pool-2-thread-1] c.o.tourguide.service.RewardsService     : Calculate distance between -97.732536/30.283682 and -117.73945612326011/27.03283386799474
2023-09-27T16:51:42.089+02:00 DEBUG 7856 --- [pool-2-thread-1] c.o.tourguide.service.RewardsService     : Checking if the user 357f35bb-e0de-4fda-9f32-6677ee9e5827 already get close from Bryant-Denny Stadium
2023-09-27T16:51:42.089+02:00 DEBUG 7856 --- [pool-2-thread-1] c.o.tourguide.service.RewardsService     : Calculate distance between -87.550438/33.208973 and -117.73945612326011/27.03283386799474
2023-09-27T16:51:42.089+02:00 DEBUG 7856 --- [pool-2-thread-1] c.o.tourguide.service.RewardsService     : Checking if the user 357f35bb-e0de-4fda-9f32-6677ee9e5827 already get close from Tiger Stadium
2023-09-27T16:51:42.089+02:00 DEBUG 7856 --- [pool-2-thread-1] c.o.tourguide.service.RewardsService     : Calculate distance between -91.183815/30.412035 and -117.73945612326011/27.03283386799474
2023-09-27T16:51:42.089+02:00 DEBUG 7856 --- [pool-2-thread-1] c.o.tourguide.service.RewardsService     : Checking if the user 357f35bb-e0de-4fda-9f32-6677ee9e5827 already get close from Neyland Stadium
2023-09-27T16:51:42.089+02:00 DEBUG 7856 --- [pool-2-thread-1] c.o.tourguide.service.RewardsService     : Calculate distance between -83.925011/35.955013 and -117.73945612326011/27.03283386799474
2023-09-27T16:51:42.089+02:00 DEBUG 7856 --- [pool-2-thread-1] c.o.tourguide.service.RewardsService     : Checking if the user 357f35bb-e0de-4fda-9f32-6677ee9e5827 already get close from Kyle Field
2023-09-27T16:51:42.089+02:00 DEBUG 7856 --- [pool-2-thread-1] c.o.tourguide.service.RewardsService     : Calculate distance between -96.339844/30.61025 and -117.73945612326011/27.03283386799474
2023-09-27T16:51:42.089+02:00 DEBUG 7856 --- [pool-2-thread-1] c.o.tourguide.service.RewardsService     : Checking if the user 357f35bb-e0de-4fda-9f32-6677ee9e5827 already get close from San Diego Zoo
2023-09-27T16:51:42.089+02:00 DEBUG 7856 --- [pool-2-thread-1] c.o.tourguide.service.RewardsService     : Calculate distance between -117.149048/32.735317 and -117.73945612326011/27.03283386799474
2023-09-27T16:51:42.089+02:00 DEBUG 7856 --- [pool-2-thread-1] c.o.tourguide.service.RewardsService     : Checking if the user 357f35bb-e0de-4fda-9f32-6677ee9e5827 already get close from Zoo Tampa at Lowry Park
2023-09-27T16:51:42.089+02:00 DEBUG 7856 --- [pool-2-thread-1] c.o.tourguide.service.RewardsService     : Calculate distance between -82.469269/28.012804 and -117.73945612326011/27.03283386799474
2023-09-27T16:51:42.089+02:00 DEBUG 7856 --- [pool-2-thread-1] c.o.tourguide.service.RewardsService     : Checking if the user 357f35bb-e0de-4fda-9f32-6677ee9e5827 already get close from Franklin Park Zoo
2023-09-27T16:51:42.089+02:00 DEBUG 7856 --- [pool-2-thread-1] c.o.tourguide.service.RewardsService     : Calculate distance between -71.086731/42.302601 and -117.73945612326011/27.03283386799474
2023-09-27T16:51:42.089+02:00 DEBUG 7856 --- [pool-2-thread-1] c.o.tourguide.service.RewardsService     : Checking if the user 357f35bb-e0de-4fda-9f32-6677ee9e5827 already get close from El Paso Zoo
2023-09-27T16:51:42.089+02:00 DEBUG 7856 --- [pool-2-thread-1] c.o.tourguide.service.RewardsService     : Calculate distance between -106.44487/31.769125 and -117.73945612326011/27.03283386799474
2023-09-27T16:51:42.089+02:00 DEBUG 7856 --- [pool-2-thread-1] c.o.tourguide.service.RewardsService     : Checking if the user 357f35bb-e0de-4fda-9f32-6677ee9e5827 already get close from Kansas City Zoo
2023-09-27T16:51:42.089+02:00 DEBUG 7856 --- [pool-2-thread-1] c.o.tourguide.service.RewardsService     : Calculate distance between -94.529625/39.007504 and -117.73945612326011/27.03283386799474
2023-09-27T16:51:42.089+02:00 DEBUG 7856 --- [pool-2-thread-1] c.o.tourguide.service.RewardsService     : Checking if the user 357f35bb-e0de-4fda-9f32-6677ee9e5827 already get close from Bronx Zoo
2023-09-27T16:51:42.089+02:00 DEBUG 7856 --- [pool-2-thread-1] c.o.tourguide.service.RewardsService     : Calculate distance between -73.872971/40.852905 and -117.73945612326011/27.03283386799474
2023-09-27T16:51:42.089+02:00 DEBUG 7856 --- [pool-2-thread-1] c.o.tourguide.service.RewardsService     : Checking if the user 357f35bb-e0de-4fda-9f32-6677ee9e5827 already get close from Cinderella Castle
2023-09-27T16:51:42.089+02:00 DEBUG 7856 --- [pool-2-thread-1] c.o.tourguide.service.RewardsService     : Calculate distance between -81.5812/28.419411 and -117.73945612326011/27.03283386799474
2023-09-27T16:51:42.089+02:00 DEBUG 7856 --- [pool-2-thread-1] c.o.tourguide.service.RewardsService     : Checking if the user 357f35bb-e0de-4fda-9f32-6677ee9e5827 already get close from Disneyland
2023-09-27T16:51:42.089+02:00 DEBUG 7856 --- [pool-2-thread-1] c.o.tourguide.service.RewardsService     : Calculate distance between -117.922008/33.817595 and -131.36016628909184/-84.63378757092494
2023-09-27T16:51:42.089+02:00 DEBUG 7856 --- [pool-2-thread-1] c.o.tourguide.service.RewardsService     : Checking if the user 357f35bb-e0de-4fda-9f32-6677ee9e5827 already get close from Jackson Hole
2023-09-27T16:51:42.089+02:00 DEBUG 7856 --- [pool-2-thread-1] c.o.tourguide.service.RewardsService     : Calculate distance between -110.821999/43.582767 and -131.36016628909184/-84.63378757092494
2023-09-27T16:51:42.089+02:00 DEBUG 7856 --- [pool-2-thread-1] c.o.tourguide.service.RewardsService     : Checking if the user 357f35bb-e0de-4fda-9f32-6677ee9e5827 already get close from Mojave National Preserve
2023-09-27T16:51:42.089+02:00 DEBUG 7856 --- [pool-2-thread-1] c.o.tourguide.service.RewardsService     : Calculate distance between -115.510399/35.141689 and -131.36016628909184/-84.63378757092494
2023-09-27T16:51:42.089+02:00 DEBUG 7856 --- [pool-2-thread-1] c.o.tourguide.service.RewardsService     : Checking if the user 357f35bb-e0de-4fda-9f32-6677ee9e5827 already get close from Joshua Tree National Park
2023-09-27T16:51:42.089+02:00 DEBUG 7856 --- [pool-2-thread-1] c.o.tourguide.service.RewardsService     : Calculate distance between -115.90065/33.881866 and -131.36016628909184/-84.63378757092494
2023-09-27T16:51:42.089+02:00 DEBUG 7856 --- [pool-2-thread-1] c.o.tourguide.service.RewardsService     : Checking if the user 357f35bb-e0de-4fda-9f32-6677ee9e5827 already get close from Buffalo National River
2023-09-27T16:51:42.089+02:00 DEBUG 7856 --- [pool-2-thread-1] c.o.tourguide.service.RewardsService     : Calculate distance between -92.757652/35.985512 and -131.36016628909184/-84.63378757092494
2023-09-27T16:51:42.089+02:00 DEBUG 7856 --- [pool-2-thread-1] c.o.tourguide.service.RewardsService     : Checking if the user 357f35bb-e0de-4fda-9f32-6677ee9e5827 already get close from Hot Springs National Park
2023-09-27T16:51:42.089+02:00 DEBUG 7856 --- [pool-2-thread-1] c.o.tourguide.service.RewardsService     : Calculate distance between -93.042267/34.52153 and -131.36016628909184/-84.63378757092494
2023-09-27T16:51:42.089+02:00 DEBUG 7856 --- [pool-2-thread-1] c.o.tourguide.service.RewardsService     : Checking if the user 357f35bb-e0de-4fda-9f32-6677ee9e5827 already get close from Kartchner Caverns State Park
2023-09-27T16:51:42.089+02:00 DEBUG 7856 --- [pool-2-thread-1] c.o.tourguide.service.RewardsService     : Calculate distance between -110.347382/31.837551 and -131.36016628909184/-84.63378757092494
2023-09-27T16:51:42.089+02:00 DEBUG 7856 --- [pool-2-thread-1] c.o.tourguide.service.RewardsService     : Checking if the user 357f35bb-e0de-4fda-9f32-6677ee9e5827 already get close from Legend Valley
2023-09-27T16:51:42.089+02:00 DEBUG 7856 --- [pool-2-thread-1] c.o.tourguide.service.RewardsService     : Calculate distance between -82.40667/39.937778 and -131.36016628909184/-84.63378757092494
2023-09-27T16:51:42.089+02:00 DEBUG 7856 --- [pool-2-thread-1] c.o.tourguide.service.RewardsService     : Checking if the user 357f35bb-e0de-4fda-9f32-6677ee9e5827 already get close from Flowers Bakery of London
2023-09-27T16:51:42.089+02:00 DEBUG 7856 --- [pool-2-thread-1] c.o.tourguide.service.RewardsService     : Calculate distance between -84.07486/37.131527 and -131.36016628909184/-84.63378757092494
2023-09-27T16:51:42.089+02:00 DEBUG 7856 --- [pool-2-thread-1] c.o.tourguide.service.RewardsService     : Checking if the user 357f35bb-e0de-4fda-9f32-6677ee9e5827 already get close from McKinley Tower
2023-09-27T16:51:42.089+02:00 DEBUG 7856 --- [pool-2-thread-1] c.o.tourguide.service.RewardsService     : Calculate distance between -149.877502/61.218887 and -131.36016628909184/-84.63378757092494
2023-09-27T16:51:42.089+02:00 DEBUG 7856 --- [pool-2-thread-1] c.o.tourguide.service.RewardsService     : Checking if the user 357f35bb-e0de-4fda-9f32-6677ee9e5827 already get close from Flatiron Building
2023-09-27T16:51:42.089+02:00 DEBUG 7856 --- [pool-2-thread-1] c.o.tourguide.service.RewardsService     : Calculate distance between -73.989723/40.741112 and -131.36016628909184/-84.63378757092494
2023-09-27T16:51:42.089+02:00 DEBUG 7856 --- [pool-2-thread-1] c.o.tourguide.service.RewardsService     : Checking if the user 357f35bb-e0de-4fda-9f32-6677ee9e5827 already get close from Fallingwater
2023-09-27T16:51:42.089+02:00 DEBUG 7856 --- [pool-2-thread-1] c.o.tourguide.service.RewardsService     : Calculate distance between -79.468056/39.906113 and -131.36016628909184/-84.63378757092494
2023-09-27T16:51:42.089+02:00 DEBUG 7856 --- [pool-2-thread-1] c.o.tourguide.service.RewardsService     : Checking if the user 357f35bb-e0de-4fda-9f32-6677ee9e5827 already get close from Union Station
2023-09-27T16:51:42.089+02:00 DEBUG 7856 --- [pool-2-thread-1] c.o.tourguide.service.RewardsService     : Calculate distance between -77.006332/38.897095 and -131.36016628909184/-84.63378757092494
2023-09-27T16:51:42.089+02:00 DEBUG 7856 --- [pool-2-thread-1] c.o.tourguide.service.RewardsService     : Checking if the user 357f35bb-e0de-4fda-9f32-6677ee9e5827 already get close from Roger Dean Stadium
2023-09-27T16:51:42.089+02:00 DEBUG 7856 --- [pool-2-thread-1] c.o.tourguide.service.RewardsService     : Calculate distance between -80.116577/26.890959 and -131.36016628909184/-84.63378757092494
2023-09-27T16:51:42.089+02:00 DEBUG 7856 --- [pool-2-thread-1] c.o.tourguide.service.RewardsService     : Checking if the user 357f35bb-e0de-4fda-9f32-6677ee9e5827 already get close from Texas Memorial Stadium
2023-09-27T16:51:42.089+02:00 DEBUG 7856 --- [pool-2-thread-1] c.o.tourguide.service.RewardsService     : Calculate distance between -97.732536/30.283682 and -131.36016628909184/-84.63378757092494
2023-09-27T16:51:42.089+02:00 DEBUG 7856 --- [pool-2-thread-1] c.o.tourguide.service.RewardsService     : Checking if the user 357f35bb-e0de-4fda-9f32-6677ee9e5827 already get close from Bryant-Denny Stadium
2023-09-27T16:51:42.089+02:00 DEBUG 7856 --- [pool-2-thread-1] c.o.tourguide.service.RewardsService     : Calculate distance between -87.550438/33.208973 and -131.36016628909184/-84.63378757092494
2023-09-27T16:51:42.089+02:00 DEBUG 7856 --- [pool-2-thread-1] c.o.tourguide.service.RewardsService     : Checking if the user 357f35bb-e0de-4fda-9f32-6677ee9e5827 already get close from Tiger Stadium
2023-09-27T16:51:42.089+02:00 DEBUG 7856 --- [pool-2-thread-1] c.o.tourguide.service.RewardsService     : Calculate distance between -91.183815/30.412035 and -131.36016628909184/-84.63378757092494
2023-09-27T16:51:42.089+02:00 DEBUG 7856 --- [pool-2-thread-1] c.o.tourguide.service.RewardsService     : Checking if the user 357f35bb-e0de-4fda-9f32-6677ee9e5827 already get close from Neyland Stadium
2023-09-27T16:51:42.089+02:00 DEBUG 7856 --- [pool-2-thread-1] c.o.tourguide.service.RewardsService     : Calculate distance between -83.925011/35.955013 and -131.36016628909184/-84.63378757092494
2023-09-27T16:51:42.089+02:00 DEBUG 7856 --- [pool-2-thread-1] c.o.tourguide.service.RewardsService     : Checking if the user 357f35bb-e0de-4fda-9f32-6677ee9e5827 already get close from Kyle Field
2023-09-27T16:51:42.089+02:00 DEBUG 7856 --- [pool-2-thread-1] c.o.tourguide.service.RewardsService     : Calculate distance between -96.339844/30.61025 and -131.36016628909184/-84.63378757092494
2023-09-27T16:51:42.089+02:00 DEBUG 7856 --- [pool-2-thread-1] c.o.tourguide.service.RewardsService     : Checking if the user 357f35bb-e0de-4fda-9f32-6677ee9e5827 already get close from San Diego Zoo
2023-09-27T16:51:42.089+02:00 DEBUG 7856 --- [pool-2-thread-1] c.o.tourguide.service.RewardsService     : Calculate distance between -117.149048/32.735317 and -131.36016628909184/-84.63378757092494
2023-09-27T16:51:42.089+02:00 DEBUG 7856 --- [pool-2-thread-1] c.o.tourguide.service.RewardsService     : Checking if the user 357f35bb-e0de-4fda-9f32-6677ee9e5827 already get close from Zoo Tampa at Lowry Park
2023-09-27T16:51:42.089+02:00 DEBUG 7856 --- [pool-2-thread-1] c.o.tourguide.service.RewardsService     : Calculate distance between -82.469269/28.012804 and -131.36016628909184/-84.63378757092494
2023-09-27T16:51:42.089+02:00 DEBUG 7856 --- [pool-2-thread-1] c.o.tourguide.service.RewardsService     : Checking if the user 357f35bb-e0de-4fda-9f32-6677ee9e5827 already get close from Franklin Park Zoo
2023-09-27T16:51:42.089+02:00 DEBUG 7856 --- [pool-2-thread-1] c.o.tourguide.service.RewardsService     : Calculate distance between -71.086731/42.302601 and -131.36016628909184/-84.63378757092494
2023-09-27T16:51:42.089+02:00 DEBUG 7856 --- [pool-2-thread-1] c.o.tourguide.service.RewardsService     : Checking if the user 357f35bb-e0de-4fda-9f32-6677ee9e5827 already get close from El Paso Zoo
2023-09-27T16:51:42.089+02:00 DEBUG 7856 --- [pool-2-thread-1] c.o.tourguide.service.RewardsService     : Calculate distance between -106.44487/31.769125 and -131.36016628909184/-84.63378757092494
2023-09-27T16:51:42.089+02:00 DEBUG 7856 --- [pool-2-thread-1] c.o.tourguide.service.RewardsService     : Checking if the user 357f35bb-e0de-4fda-9f32-6677ee9e5827 already get close from Kansas City Zoo
2023-09-27T16:51:42.089+02:00 DEBUG 7856 --- [pool-2-thread-1] c.o.tourguide.service.RewardsService     : Calculate distance between -94.529625/39.007504 and -131.36016628909184/-84.63378757092494
2023-09-27T16:51:42.089+02:00 DEBUG 7856 --- [pool-2-thread-1] c.o.tourguide.service.RewardsService     : Checking if the user 357f35bb-e0de-4fda-9f32-6677ee9e5827 already get close from Bronx Zoo
2023-09-27T16:51:42.089+02:00 DEBUG 7856 --- [pool-2-thread-1] c.o.tourguide.service.RewardsService     : Calculate distance between -73.872971/40.852905 and -131.36016628909184/-84.63378757092494
2023-09-27T16:51:42.089+02:00 DEBUG 7856 --- [pool-2-thread-1] c.o.tourguide.service.RewardsService     : Checking if the user 357f35bb-e0de-4fda-9f32-6677ee9e5827 already get close from Cinderella Castle
2023-09-27T16:51:42.089+02:00 DEBUG 7856 --- [pool-2-thread-1] c.o.tourguide.service.RewardsService     : Calculate distance between -81.5812/28.419411 and -131.36016628909184/-84.63378757092494
2023-09-27T16:51:42.089+02:00 DEBUG 7856 --- [pool-2-thread-1] c.o.tourguide.service.RewardsService     : Checking if the user 357f35bb-e0de-4fda-9f32-6677ee9e5827 already get close from Disneyland
2023-09-27T16:51:42.090+02:00 DEBUG 7856 --- [pool-2-thread-1] c.o.tourguide.service.RewardsService     : Calculate distance between -117.922008/33.817595 and -35.79786571828592/17.251246967669516
2023-09-27T16:51:42.090+02:00 DEBUG 7856 --- [pool-2-thread-1] c.o.tourguide.service.RewardsService     : Checking if the user 357f35bb-e0de-4fda-9f32-6677ee9e5827 already get close from Jackson Hole
2023-09-27T16:51:42.090+02:00 DEBUG 7856 --- [pool-2-thread-1] c.o.tourguide.service.RewardsService     : Calculate distance between -110.821999/43.582767 and -35.79786571828592/17.251246967669516
2023-09-27T16:51:42.090+02:00 DEBUG 7856 --- [pool-2-thread-1] c.o.tourguide.service.RewardsService     : Checking if the user 357f35bb-e0de-4fda-9f32-6677ee9e5827 already get close from Mojave National Preserve
2023-09-27T16:51:42.090+02:00 DEBUG 7856 --- [pool-2-thread-1] c.o.tourguide.service.RewardsService     : Calculate distance between -115.510399/35.141689 and -35.79786571828592/17.251246967669516
2023-09-27T16:51:42.090+02:00 DEBUG 7856 --- [pool-2-thread-1] c.o.tourguide.service.RewardsService     : Checking if the user 357f35bb-e0de-4fda-9f32-6677ee9e5827 already get close from Joshua Tree National Park
2023-09-27T16:51:42.090+02:00 DEBUG 7856 --- [pool-2-thread-1] c.o.tourguide.service.RewardsService     : Calculate distance between -115.90065/33.881866 and -35.79786571828592/17.251246967669516
2023-09-27T16:51:42.090+02:00 DEBUG 7856 --- [pool-2-thread-1] c.o.tourguide.service.RewardsService     : Checking if the user 357f35bb-e0de-4fda-9f32-6677ee9e5827 already get close from Buffalo National River
2023-09-27T16:51:42.090+02:00 DEBUG 7856 --- [pool-2-thread-1] c.o.tourguide.service.RewardsService     : Calculate distance between -92.757652/35.985512 and -35.79786571828592/17.251246967669516
2023-09-27T16:51:42.090+02:00 DEBUG 7856 --- [pool-2-thread-1] c.o.tourguide.service.RewardsService     : Checking if the user 357f35bb-e0de-4fda-9f32-6677ee9e5827 already get close from Hot Springs National Park
2023-09-27T16:51:42.090+02:00 DEBUG 7856 --- [pool-2-thread-1] c.o.tourguide.service.RewardsService     : Calculate distance between -93.042267/34.52153 and -35.79786571828592/17.251246967669516
2023-09-27T16:51:42.090+02:00 DEBUG 7856 --- [pool-2-thread-1] c.o.tourguide.service.RewardsService     : Checking if the user 357f35bb-e0de-4fda-9f32-6677ee9e5827 already get close from Kartchner Caverns State Park
2023-09-27T16:51:42.090+02:00 DEBUG 7856 --- [pool-2-thread-1] c.o.tourguide.service.RewardsService     : Calculate distance between -110.347382/31.837551 and -35.79786571828592/17.251246967669516
2023-09-27T16:51:42.090+02:00 DEBUG 7856 --- [pool-2-thread-1] c.o.tourguide.service.RewardsService     : Checking if the user 357f35bb-e0de-4fda-9f32-6677ee9e5827 already get close from Legend Valley
2023-09-27T16:51:42.090+02:00 DEBUG 7856 --- [pool-2-thread-1] c.o.tourguide.service.RewardsService     : Calculate distance between -82.40667/39.937778 and -35.79786571828592/17.251246967669516
2023-09-27T16:51:42.090+02:00 DEBUG 7856 --- [pool-2-thread-1] c.o.tourguide.service.RewardsService     : Checking if the user 357f35bb-e0de-4fda-9f32-6677ee9e5827 already get close from Flowers Bakery of London
2023-09-27T16:51:42.090+02:00 DEBUG 7856 --- [pool-2-thread-1] c.o.tourguide.service.RewardsService     : Calculate distance between -84.07486/37.131527 and -35.79786571828592/17.251246967669516
2023-09-27T16:51:42.090+02:00 DEBUG 7856 --- [pool-2-thread-1] c.o.tourguide.service.RewardsService     : Checking if the user 357f35bb-e0de-4fda-9f32-6677ee9e5827 already get close from McKinley Tower
2023-09-27T16:51:42.090+02:00 DEBUG 7856 --- [pool-2-thread-1] c.o.tourguide.service.RewardsService     : Calculate distance between -149.877502/61.218887 and -35.79786571828592/17.251246967669516
2023-09-27T16:51:42.090+02:00 DEBUG 7856 --- [pool-2-thread-1] c.o.tourguide.service.RewardsService     : Checking if the user 357f35bb-e0de-4fda-9f32-6677ee9e5827 already get close from Flatiron Building
2023-09-27T16:51:42.090+02:00 DEBUG 7856 --- [pool-2-thread-1] c.o.tourguide.service.RewardsService     : Calculate distance between -73.989723/40.741112 and -35.79786571828592/17.251246967669516
2023-09-27T16:51:42.090+02:00 DEBUG 7856 --- [pool-2-thread-1] c.o.tourguide.service.RewardsService     : Checking if the user 357f35bb-e0de-4fda-9f32-6677ee9e5827 already get close from Fallingwater
2023-09-27T16:51:42.090+02:00 DEBUG 7856 --- [pool-2-thread-1] c.o.tourguide.service.RewardsService     : Calculate distance between -79.468056/39.906113 and -35.79786571828592/17.251246967669516
2023-09-27T16:51:42.090+02:00 DEBUG 7856 --- [pool-2-thread-1] c.o.tourguide.service.RewardsService     : Checking if the user 357f35bb-e0de-4fda-9f32-6677ee9e5827 already get close from Union Station
2023-09-27T16:51:42.090+02:00 DEBUG 7856 --- [pool-2-thread-1] c.o.tourguide.service.RewardsService     : Calculate distance between -77.006332/38.897095 and -35.79786571828592/17.251246967669516
2023-09-27T16:51:42.090+02:00 DEBUG 7856 --- [pool-2-thread-1] c.o.tourguide.service.RewardsService     : Checking if the user 357f35bb-e0de-4fda-9f32-6677ee9e5827 already get close from Roger Dean Stadium
2023-09-27T16:51:42.090+02:00 DEBUG 7856 --- [pool-2-thread-1] c.o.tourguide.service.RewardsService     : Calculate distance between -80.116577/26.890959 and -35.79786571828592/17.251246967669516
2023-09-27T16:51:42.090+02:00 DEBUG 7856 --- [pool-2-thread-1] c.o.tourguide.service.RewardsService     : Checking if the user 357f35bb-e0de-4fda-9f32-6677ee9e5827 already get close from Texas Memorial Stadium
2023-09-27T16:51:42.090+02:00 DEBUG 7856 --- [pool-2-thread-1] c.o.tourguide.service.RewardsService     : Calculate distance between -97.732536/30.283682 and -35.79786571828592/17.251246967669516
2023-09-27T16:51:42.090+02:00 DEBUG 7856 --- [pool-2-thread-1] c.o.tourguide.service.RewardsService     : Checking if the user 357f35bb-e0de-4fda-9f32-6677ee9e5827 already get close from Bryant-Denny Stadium
2023-09-27T16:51:42.090+02:00 DEBUG 7856 --- [pool-2-thread-1] c.o.tourguide.service.RewardsService     : Calculate distance between -87.550438/33.208973 and -35.79786571828592/17.251246967669516
2023-09-27T16:51:42.090+02:00 DEBUG 7856 --- [pool-2-thread-1] c.o.tourguide.service.RewardsService     : Checking if the user 357f35bb-e0de-4fda-9f32-6677ee9e5827 already get close from Tiger Stadium
2023-09-27T16:51:42.090+02:00 DEBUG 7856 --- [pool-2-thread-1] c.o.tourguide.service.RewardsService     : Calculate distance between -91.183815/30.412035 and -35.79786571828592/17.251246967669516
2023-09-27T16:51:42.090+02:00 DEBUG 7856 --- [pool-2-thread-1] c.o.tourguide.service.RewardsService     : Checking if the user 357f35bb-e0de-4fda-9f32-6677ee9e5827 already get close from Neyland Stadium
2023-09-27T16:51:42.090+02:00 DEBUG 7856 --- [pool-2-thread-1] c.o.tourguide.service.RewardsService     : Calculate distance between -83.925011/35.955013 and -35.79786571828592/17.251246967669516
2023-09-27T16:51:42.090+02:00 DEBUG 7856 --- [pool-2-thread-1] c.o.tourguide.service.RewardsService     : Checking if the user 357f35bb-e0de-4fda-9f32-6677ee9e5827 already get close from Kyle Field
2023-09-27T16:51:42.090+02:00 DEBUG 7856 --- [pool-2-thread-1] c.o.tourguide.service.RewardsService     : Calculate distance between -96.339844/30.61025 and -35.79786571828592/17.251246967669516
2023-09-27T16:51:42.090+02:00 DEBUG 7856 --- [pool-2-thread-1] c.o.tourguide.service.RewardsService     : Checking if the user 357f35bb-e0de-4fda-9f32-6677ee9e5827 already get close from San Diego Zoo
2023-09-27T16:51:42.090+02:00 DEBUG 7856 --- [pool-2-thread-1] c.o.tourguide.service.RewardsService     : Calculate distance between -117.149048/32.735317 and -35.79786571828592/17.251246967669516
2023-09-27T16:51:42.090+02:00 DEBUG 7856 --- [pool-2-thread-1] c.o.tourguide.service.RewardsService     : Checking if the user 357f35bb-e0de-4fda-9f32-6677ee9e5827 already get close from Zoo Tampa at Lowry Park
2023-09-27T16:51:42.090+02:00 DEBUG 7856 --- [pool-2-thread-1] c.o.tourguide.service.RewardsService     : Calculate distance between -82.469269/28.012804 and -35.79786571828592/17.251246967669516
2023-09-27T16:51:42.090+02:00 DEBUG 7856 --- [pool-2-thread-1] c.o.tourguide.service.RewardsService     : Checking if the user 357f35bb-e0de-4fda-9f32-6677ee9e5827 already get close from Franklin Park Zoo
2023-09-27T16:51:42.090+02:00 DEBUG 7856 --- [pool-2-thread-1] c.o.tourguide.service.RewardsService     : Calculate distance between -71.086731/42.302601 and -35.79786571828592/17.251246967669516
2023-09-27T16:51:42.090+02:00 DEBUG 7856 --- [pool-2-thread-1] c.o.tourguide.service.RewardsService     : Checking if the user 357f35bb-e0de-4fda-9f32-6677ee9e5827 already get close from El Paso Zoo
2023-09-27T16:51:42.090+02:00 DEBUG 7856 --- [pool-2-thread-1] c.o.tourguide.service.RewardsService     : Calculate distance between -106.44487/31.769125 and -35.79786571828592/17.251246967669516
2023-09-27T16:51:42.090+02:00 DEBUG 7856 --- [pool-2-thread-1] c.o.tourguide.service.RewardsService     : Checking if the user 357f35bb-e0de-4fda-9f32-6677ee9e5827 already get close from Kansas City Zoo
2023-09-27T16:51:42.090+02:00 DEBUG 7856 --- [pool-2-thread-1] c.o.tourguide.service.RewardsService     : Calculate distance between -94.529625/39.007504 and -35.79786571828592/17.251246967669516
2023-09-27T16:51:42.090+02:00 DEBUG 7856 --- [pool-2-thread-1] c.o.tourguide.service.RewardsService     : Checking if the user 357f35bb-e0de-4fda-9f32-6677ee9e5827 already get close from Bronx Zoo
2023-09-27T16:51:42.090+02:00 DEBUG 7856 --- [pool-2-thread-1] c.o.tourguide.service.RewardsService     : Calculate distance between -73.872971/40.852905 and -35.79786571828592/17.251246967669516
2023-09-27T16:51:42.090+02:00 DEBUG 7856 --- [pool-2-thread-1] c.o.tourguide.service.RewardsService     : Checking if the user 357f35bb-e0de-4fda-9f32-6677ee9e5827 already get close from Cinderella Castle
2023-09-27T16:51:42.090+02:00 DEBUG 7856 --- [pool-2-thread-1] c.o.tourguide.service.RewardsService     : Calculate distance between -81.5812/28.419411 and -35.79786571828592/17.251246967669516
2023-09-27T16:51:42.090+02:00 DEBUG 7856 --- [pool-2-thread-1] c.o.tourguide.service.RewardsService     : Checking if the user 357f35bb-e0de-4fda-9f32-6677ee9e5827 already get close from Disneyland
2023-09-27T16:51:42.090+02:00 DEBUG 7856 --- [pool-2-thread-1] c.o.tourguide.service.RewardsService     : Calculate distance between -117.922008/33.817595 and 42.02671/52.280964
2023-09-27T16:51:42.090+02:00 DEBUG 7856 --- [pool-2-thread-1] c.o.tourguide.service.RewardsService     : Checking if the user 357f35bb-e0de-4fda-9f32-6677ee9e5827 already get close from Jackson Hole
2023-09-27T16:51:42.090+02:00 DEBUG 7856 --- [pool-2-thread-1] c.o.tourguide.service.RewardsService     : Calculate distance between -110.821999/43.582767 and 42.02671/52.280964
2023-09-27T16:51:42.090+02:00 DEBUG 7856 --- [pool-2-thread-1] c.o.tourguide.service.RewardsService     : Checking if the user 357f35bb-e0de-4fda-9f32-6677ee9e5827 already get close from Mojave National Preserve
2023-09-27T16:51:42.090+02:00 DEBUG 7856 --- [pool-2-thread-1] c.o.tourguide.service.RewardsService     : Calculate distance between -115.510399/35.141689 and 42.02671/52.280964
2023-09-27T16:51:42.090+02:00 DEBUG 7856 --- [pool-2-thread-1] c.o.tourguide.service.RewardsService     : Checking if the user 357f35bb-e0de-4fda-9f32-6677ee9e5827 already get close from Joshua Tree National Park
2023-09-27T16:51:42.090+02:00 DEBUG 7856 --- [pool-2-thread-1] c.o.tourguide.service.RewardsService     : Calculate distance between -115.90065/33.881866 and 42.02671/52.280964
2023-09-27T16:51:42.090+02:00 DEBUG 7856 --- [pool-2-thread-1] c.o.tourguide.service.RewardsService     : Checking if the user 357f35bb-e0de-4fda-9f32-6677ee9e5827 already get close from Buffalo National River
2023-09-27T16:51:42.090+02:00 DEBUG 7856 --- [pool-2-thread-1] c.o.tourguide.service.RewardsService     : Calculate distance between -92.757652/35.985512 and 42.02671/52.280964
2023-09-27T16:51:42.090+02:00 DEBUG 7856 --- [pool-2-thread-1] c.o.tourguide.service.RewardsService     : Checking if the user 357f35bb-e0de-4fda-9f32-6677ee9e5827 already get close from Hot Springs National Park
2023-09-27T16:51:42.090+02:00 DEBUG 7856 --- [pool-2-thread-1] c.o.tourguide.service.RewardsService     : Calculate distance between -93.042267/34.52153 and 42.02671/52.280964
2023-09-27T16:51:42.090+02:00 DEBUG 7856 --- [pool-2-thread-1] c.o.tourguide.service.RewardsService     : Checking if the user 357f35bb-e0de-4fda-9f32-6677ee9e5827 already get close from Kartchner Caverns State Park
2023-09-27T16:51:42.090+02:00 DEBUG 7856 --- [pool-2-thread-1] c.o.tourguide.service.RewardsService     : Calculate distance between -110.347382/31.837551 and 42.02671/52.280964
2023-09-27T16:51:42.090+02:00 DEBUG 7856 --- [pool-2-thread-1] c.o.tourguide.service.RewardsService     : Checking if the user 357f35bb-e0de-4fda-9f32-6677ee9e5827 already get close from Legend Valley
2023-09-27T16:51:42.090+02:00 DEBUG 7856 --- [pool-2-thread-1] c.o.tourguide.service.RewardsService     : Calculate distance between -82.40667/39.937778 and 42.02671/52.280964
2023-09-27T16:51:42.090+02:00 DEBUG 7856 --- [pool-2-thread-1] c.o.tourguide.service.RewardsService     : Checking if the user 357f35bb-e0de-4fda-9f32-6677ee9e5827 already get close from Flowers Bakery of London
2023-09-27T16:51:42.090+02:00 DEBUG 7856 --- [pool-2-thread-1] c.o.tourguide.service.RewardsService     : Calculate distance between -84.07486/37.131527 and 42.02671/52.280964
2023-09-27T16:51:42.090+02:00 DEBUG 7856 --- [pool-2-thread-1] c.o.tourguide.service.RewardsService     : Checking if the user 357f35bb-e0de-4fda-9f32-6677ee9e5827 already get close from McKinley Tower
2023-09-27T16:51:42.090+02:00 DEBUG 7856 --- [pool-2-thread-1] c.o.tourguide.service.RewardsService     : Calculate distance between -149.877502/61.218887 and 42.02671/52.280964
2023-09-27T16:51:42.090+02:00 DEBUG 7856 --- [pool-2-thread-1] c.o.tourguide.service.RewardsService     : Checking if the user 357f35bb-e0de-4fda-9f32-6677ee9e5827 already get close from Flatiron Building
2023-09-27T16:51:42.090+02:00 DEBUG 7856 --- [pool-2-thread-1] c.o.tourguide.service.RewardsService     : Calculate distance between -73.989723/40.741112 and 42.02671/52.280964
2023-09-27T16:51:42.090+02:00 DEBUG 7856 --- [pool-2-thread-1] c.o.tourguide.service.RewardsService     : Checking if the user 357f35bb-e0de-4fda-9f32-6677ee9e5827 already get close from Fallingwater
2023-09-27T16:51:42.090+02:00 DEBUG 7856 --- [pool-2-thread-1] c.o.tourguide.service.RewardsService     : Calculate distance between -79.468056/39.906113 and 42.02671/52.280964
2023-09-27T16:51:42.090+02:00 DEBUG 7856 --- [pool-2-thread-1] c.o.tourguide.service.RewardsService     : Checking if the user 357f35bb-e0de-4fda-9f32-6677ee9e5827 already get close from Union Station
2023-09-27T16:51:42.090+02:00 DEBUG 7856 --- [pool-2-thread-1] c.o.tourguide.service.RewardsService     : Calculate distance between -77.006332/38.897095 and 42.02671/52.280964
2023-09-27T16:51:42.090+02:00 DEBUG 7856 --- [pool-2-thread-1] c.o.tourguide.service.RewardsService     : Checking if the user 357f35bb-e0de-4fda-9f32-6677ee9e5827 already get close from Roger Dean Stadium
2023-09-27T16:51:42.090+02:00 DEBUG 7856 --- [pool-2-thread-1] c.o.tourguide.service.RewardsService     : Calculate distance between -80.116577/26.890959 and 42.02671/52.280964
2023-09-27T16:51:42.090+02:00 DEBUG 7856 --- [pool-2-thread-1] c.o.tourguide.service.RewardsService     : Checking if the user 357f35bb-e0de-4fda-9f32-6677ee9e5827 already get close from Texas Memorial Stadium
2023-09-27T16:51:42.090+02:00 DEBUG 7856 --- [pool-2-thread-1] c.o.tourguide.service.RewardsService     : Calculate distance between -97.732536/30.283682 and 42.02671/52.280964
2023-09-27T16:51:42.090+02:00 DEBUG 7856 --- [pool-2-thread-1] c.o.tourguide.service.RewardsService     : Checking if the user 357f35bb-e0de-4fda-9f32-6677ee9e5827 already get close from Bryant-Denny Stadium
2023-09-27T16:51:42.090+02:00 DEBUG 7856 --- [pool-2-thread-1] c.o.tourguide.service.RewardsService     : Calculate distance between -87.550438/33.208973 and 42.02671/52.280964
2023-09-27T16:51:42.090+02:00 DEBUG 7856 --- [pool-2-thread-1] c.o.tourguide.service.RewardsService     : Checking if the user 357f35bb-e0de-4fda-9f32-6677ee9e5827 already get close from Tiger Stadium
2023-09-27T16:51:42.090+02:00 DEBUG 7856 --- [pool-2-thread-1] c.o.tourguide.service.RewardsService     : Calculate distance between -91.183815/30.412035 and 42.02671/52.280964
2023-09-27T16:51:42.090+02:00 DEBUG 7856 --- [pool-2-thread-1] c.o.tourguide.service.RewardsService     : Checking if the user 357f35bb-e0de-4fda-9f32-6677ee9e5827 already get close from Neyland Stadium
2023-09-27T16:51:42.090+02:00 DEBUG 7856 --- [pool-2-thread-1] c.o.tourguide.service.RewardsService     : Calculate distance between -83.925011/35.955013 and 42.02671/52.280964
2023-09-27T16:51:42.090+02:00 DEBUG 7856 --- [pool-2-thread-1] c.o.tourguide.service.RewardsService     : Checking if the user 357f35bb-e0de-4fda-9f32-6677ee9e5827 already get close from Kyle Field
2023-09-27T16:51:42.090+02:00 DEBUG 7856 --- [pool-2-thread-1] c.o.tourguide.service.RewardsService     : Calculate distance between -96.339844/30.61025 and 42.02671/52.280964
2023-09-27T16:51:42.090+02:00 DEBUG 7856 --- [pool-2-thread-1] c.o.tourguide.service.RewardsService     : Checking if the user 357f35bb-e0de-4fda-9f32-6677ee9e5827 already get close from San Diego Zoo
2023-09-27T16:51:42.090+02:00 DEBUG 7856 --- [pool-2-thread-1] c.o.tourguide.service.RewardsService     : Calculate distance between -117.149048/32.735317 and 42.02671/52.280964
2023-09-27T16:51:42.090+02:00 DEBUG 7856 --- [pool-2-thread-1] c.o.tourguide.service.RewardsService     : Checking if the user 357f35bb-e0de-4fda-9f32-6677ee9e5827 already get close from Zoo Tampa at Lowry Park
2023-09-27T16:51:42.090+02:00 DEBUG 7856 --- [pool-2-thread-1] c.o.tourguide.service.RewardsService     : Calculate distance between -82.469269/28.012804 and 42.02671/52.280964
2023-09-27T16:51:42.090+02:00 DEBUG 7856 --- [pool-2-thread-1] c.o.tourguide.service.RewardsService     : Checking if the user 357f35bb-e0de-4fda-9f32-6677ee9e5827 already get close from Franklin Park Zoo
2023-09-27T16:51:42.090+02:00 DEBUG 7856 --- [pool-2-thread-1] c.o.tourguide.service.RewardsService     : Calculate distance between -71.086731/42.302601 and 42.02671/52.280964
2023-09-27T16:51:42.090+02:00 DEBUG 7856 --- [pool-2-thread-1] c.o.tourguide.service.RewardsService     : Checking if the user 357f35bb-e0de-4fda-9f32-6677ee9e5827 already get close from El Paso Zoo
2023-09-27T16:51:42.090+02:00 DEBUG 7856 --- [pool-2-thread-1] c.o.tourguide.service.RewardsService     : Calculate distance between -106.44487/31.769125 and 42.02671/52.280964
2023-09-27T16:51:42.090+02:00 DEBUG 7856 --- [pool-2-thread-1] c.o.tourguide.service.RewardsService     : Checking if the user 357f35bb-e0de-4fda-9f32-6677ee9e5827 already get close from Kansas City Zoo
2023-09-27T16:51:42.090+02:00 DEBUG 7856 --- [pool-2-thread-1] c.o.tourguide.service.RewardsService     : Calculate distance between -94.529625/39.007504 and 42.02671/52.280964
2023-09-27T16:51:42.090+02:00 DEBUG 7856 --- [pool-2-thread-1] c.o.tourguide.service.RewardsService     : Checking if the user 357f35bb-e0de-4fda-9f32-6677ee9e5827 already get close from Bronx Zoo
2023-09-27T16:51:42.090+02:00 DEBUG 7856 --- [pool-2-thread-1] c.o.tourguide.service.RewardsService     : Calculate distance between -73.872971/40.852905 and 42.02671/52.280964
2023-09-27T16:51:42.090+02:00 DEBUG 7856 --- [pool-2-thread-1] c.o.tourguide.service.RewardsService     : Checking if the user 357f35bb-e0de-4fda-9f32-6677ee9e5827 already get close from Cinderella Castle
2023-09-27T16:51:42.090+02:00 DEBUG 7856 --- [pool-2-thread-1] c.o.tourguide.service.RewardsService     : Calculate distance between -81.5812/28.419411 and 42.02671/52.280964
2023-09-27T16:51:42.090+02:00 DEBUG 7856 --- [pool-2-thread-1] c.o.tourguide.service.RewardsService     : Checking if the user 357f35bb-e0de-4fda-9f32-6677ee9e5827 already get close from Disneyland
2023-09-27T16:51:42.090+02:00 DEBUG 7856 --- [pool-2-thread-1] c.o.tourguide.service.RewardsService     : Calculate distance between -117.922008/33.817595 and 99.173343/-37.080879
2023-09-27T16:51:42.090+02:00 DEBUG 7856 --- [pool-2-thread-1] c.o.tourguide.service.RewardsService     : Checking if the user 357f35bb-e0de-4fda-9f32-6677ee9e5827 already get close from Jackson Hole
2023-09-27T16:51:42.090+02:00 DEBUG 7856 --- [pool-2-thread-1] c.o.tourguide.service.RewardsService     : Calculate distance between -110.821999/43.582767 and 99.173343/-37.080879
2023-09-27T16:51:42.090+02:00 DEBUG 7856 --- [pool-2-thread-1] c.o.tourguide.service.RewardsService     : Checking if the user 357f35bb-e0de-4fda-9f32-6677ee9e5827 already get close from Mojave National Preserve
2023-09-27T16:51:42.090+02:00 DEBUG 7856 --- [pool-2-thread-1] c.o.tourguide.service.RewardsService     : Calculate distance between -115.510399/35.141689 and 99.173343/-37.080879
2023-09-27T16:51:42.090+02:00 DEBUG 7856 --- [pool-2-thread-1] c.o.tourguide.service.RewardsService     : Checking if the user 357f35bb-e0de-4fda-9f32-6677ee9e5827 already get close from Joshua Tree National Park
2023-09-27T16:51:42.090+02:00 DEBUG 7856 --- [pool-2-thread-1] c.o.tourguide.service.RewardsService     : Calculate distance between -115.90065/33.881866 and 99.173343/-37.080879
2023-09-27T16:51:42.090+02:00 DEBUG 7856 --- [pool-2-thread-1] c.o.tourguide.service.RewardsService     : Checking if the user 357f35bb-e0de-4fda-9f32-6677ee9e5827 already get close from Buffalo National River
2023-09-27T16:51:42.090+02:00 DEBUG 7856 --- [pool-2-thread-1] c.o.tourguide.service.RewardsService     : Calculate distance between -92.757652/35.985512 and 99.173343/-37.080879
2023-09-27T16:51:42.090+02:00 DEBUG 7856 --- [pool-2-thread-1] c.o.tourguide.service.RewardsService     : Checking if the user 357f35bb-e0de-4fda-9f32-6677ee9e5827 already get close from Hot Springs National Park
2023-09-27T16:51:42.090+02:00 DEBUG 7856 --- [pool-2-thread-1] c.o.tourguide.service.RewardsService     : Calculate distance between -93.042267/34.52153 and 99.173343/-37.080879
2023-09-27T16:51:42.090+02:00 DEBUG 7856 --- [pool-2-thread-1] c.o.tourguide.service.RewardsService     : Checking if the user 357f35bb-e0de-4fda-9f32-6677ee9e5827 already get close from Kartchner Caverns State Park
2023-09-27T16:51:42.090+02:00 DEBUG 7856 --- [pool-2-thread-1] c.o.tourguide.service.RewardsService     : Calculate distance between -110.347382/31.837551 and 99.173343/-37.080879
2023-09-27T16:51:42.090+02:00 DEBUG 7856 --- [pool-2-thread-1] c.o.tourguide.service.RewardsService     : Checking if the user 357f35bb-e0de-4fda-9f32-6677ee9e5827 already get close from Legend Valley
2023-09-27T16:51:42.090+02:00 DEBUG 7856 --- [pool-2-thread-1] c.o.tourguide.service.RewardsService     : Calculate distance between -82.40667/39.937778 and 99.173343/-37.080879
2023-09-27T16:51:42.090+02:00 DEBUG 7856 --- [pool-2-thread-1] c.o.tourguide.service.RewardsService     : Checking if the user 357f35bb-e0de-4fda-9f32-6677ee9e5827 already get close from Flowers Bakery of London
2023-09-27T16:51:42.091+02:00 DEBUG 7856 --- [pool-2-thread-1] c.o.tourguide.service.RewardsService     : Calculate distance between -84.07486/37.131527 and 99.173343/-37.080879
2023-09-27T16:51:42.091+02:00 DEBUG 7856 --- [pool-2-thread-1] c.o.tourguide.service.RewardsService     : Checking if the user 357f35bb-e0de-4fda-9f32-6677ee9e5827 already get close from McKinley Tower
2023-09-27T16:51:42.091+02:00 DEBUG 7856 --- [pool-2-thread-1] c.o.tourguide.service.RewardsService     : Calculate distance between -149.877502/61.218887 and 99.173343/-37.080879
2023-09-27T16:51:42.091+02:00 DEBUG 7856 --- [pool-2-thread-1] c.o.tourguide.service.RewardsService     : Checking if the user 357f35bb-e0de-4fda-9f32-6677ee9e5827 already get close from Flatiron Building
2023-09-27T16:51:42.091+02:00 DEBUG 7856 --- [pool-2-thread-1] c.o.tourguide.service.RewardsService     : Calculate distance between -73.989723/40.741112 and 99.173343/-37.080879
2023-09-27T16:51:42.091+02:00 DEBUG 7856 --- [pool-2-thread-1] c.o.tourguide.service.RewardsService     : Checking if the user 357f35bb-e0de-4fda-9f32-6677ee9e5827 already get close from Fallingwater
2023-09-27T16:51:42.091+02:00 DEBUG 7856 --- [pool-2-thread-1] c.o.tourguide.service.RewardsService     : Calculate distance between -79.468056/39.906113 and 99.173343/-37.080879
2023-09-27T16:51:42.091+02:00 DEBUG 7856 --- [pool-2-thread-1] c.o.tourguide.service.RewardsService     : Checking if the user 357f35bb-e0de-4fda-9f32-6677ee9e5827 already get close from Union Station
2023-09-27T16:51:42.091+02:00 DEBUG 7856 --- [pool-2-thread-1] c.o.tourguide.service.RewardsService     : Calculate distance between -77.006332/38.897095 and 99.173343/-37.080879
2023-09-27T16:51:42.091+02:00 DEBUG 7856 --- [pool-2-thread-1] c.o.tourguide.service.RewardsService     : Checking if the user 357f35bb-e0de-4fda-9f32-6677ee9e5827 already get close from Roger Dean Stadium
2023-09-27T16:51:42.091+02:00 DEBUG 7856 --- [pool-2-thread-1] c.o.tourguide.service.RewardsService     : Calculate distance between -80.116577/26.890959 and 99.173343/-37.080879
2023-09-27T16:51:42.091+02:00 DEBUG 7856 --- [pool-2-thread-1] c.o.tourguide.service.RewardsService     : Checking if the user 357f35bb-e0de-4fda-9f32-6677ee9e5827 already get close from Texas Memorial Stadium
2023-09-27T16:51:42.091+02:00 DEBUG 7856 --- [pool-2-thread-1] c.o.tourguide.service.RewardsService     : Calculate distance between -97.732536/30.283682 and 99.173343/-37.080879
2023-09-27T16:51:42.091+02:00 DEBUG 7856 --- [pool-2-thread-1] c.o.tourguide.service.RewardsService     : Checking if the user 357f35bb-e0de-4fda-9f32-6677ee9e5827 already get close from Bryant-Denny Stadium
2023-09-27T16:51:42.091+02:00 DEBUG 7856 --- [pool-2-thread-1] c.o.tourguide.service.RewardsService     : Calculate distance between -87.550438/33.208973 and 99.173343/-37.080879
2023-09-27T16:51:42.091+02:00 DEBUG 7856 --- [pool-2-thread-1] c.o.tourguide.service.RewardsService     : Checking if the user 357f35bb-e0de-4fda-9f32-6677ee9e5827 already get close from Tiger Stadium
2023-09-27T16:51:42.091+02:00 DEBUG 7856 --- [pool-2-thread-1] c.o.tourguide.service.RewardsService     : Calculate distance between -91.183815/30.412035 and 99.173343/-37.080879
2023-09-27T16:51:42.091+02:00 DEBUG 7856 --- [pool-2-thread-1] c.o.tourguide.service.RewardsService     : Checking if the user 357f35bb-e0de-4fda-9f32-6677ee9e5827 already get close from Neyland Stadium
2023-09-27T16:51:42.091+02:00 DEBUG 7856 --- [pool-2-thread-1] c.o.tourguide.service.RewardsService     : Calculate distance between -83.925011/35.955013 and 99.173343/-37.080879
2023-09-27T16:51:42.091+02:00 DEBUG 7856 --- [pool-2-thread-1] c.o.tourguide.service.RewardsService     : Checking if the user 357f35bb-e0de-4fda-9f32-6677ee9e5827 already get close from Kyle Field
2023-09-27T16:51:42.091+02:00 DEBUG 7856 --- [pool-2-thread-1] c.o.tourguide.service.RewardsService     : Calculate distance between -96.339844/30.61025 and 99.173343/-37.080879
2023-09-27T16:51:42.091+02:00 DEBUG 7856 --- [pool-2-thread-1] c.o.tourguide.service.RewardsService     : Checking if the user 357f35bb-e0de-4fda-9f32-6677ee9e5827 already get close from San Diego Zoo
2023-09-27T16:51:42.091+02:00 DEBUG 7856 --- [pool-2-thread-1] c.o.tourguide.service.RewardsService     : Calculate distance between -117.149048/32.735317 and 99.173343/-37.080879
2023-09-27T16:51:42.091+02:00 DEBUG 7856 --- [pool-2-thread-1] c.o.tourguide.service.RewardsService     : Checking if the user 357f35bb-e0de-4fda-9f32-6677ee9e5827 already get close from Zoo Tampa at Lowry Park
2023-09-27T16:51:42.091+02:00 DEBUG 7856 --- [pool-2-thread-1] c.o.tourguide.service.RewardsService     : Calculate distance between -82.469269/28.012804 and 99.173343/-37.080879
2023-09-27T16:51:42.091+02:00 DEBUG 7856 --- [pool-2-thread-1] c.o.tourguide.service.RewardsService     : Checking if the user 357f35bb-e0de-4fda-9f32-6677ee9e5827 already get close from Franklin Park Zoo
2023-09-27T16:51:42.091+02:00 DEBUG 7856 --- [pool-2-thread-1] c.o.tourguide.service.RewardsService     : Calculate distance between -71.086731/42.302601 and 99.173343/-37.080879
2023-09-27T16:51:42.091+02:00 DEBUG 7856 --- [pool-2-thread-1] c.o.tourguide.service.RewardsService     : Checking if the user 357f35bb-e0de-4fda-9f32-6677ee9e5827 already get close from El Paso Zoo
2023-09-27T16:51:42.091+02:00 DEBUG 7856 --- [pool-2-thread-1] c.o.tourguide.service.RewardsService     : Calculate distance between -106.44487/31.769125 and 99.173343/-37.080879
2023-09-27T16:51:42.091+02:00 DEBUG 7856 --- [pool-2-thread-1] c.o.tourguide.service.RewardsService     : Checking if the user 357f35bb-e0de-4fda-9f32-6677ee9e5827 already get close from Kansas City Zoo
2023-09-27T16:51:42.091+02:00 DEBUG 7856 --- [pool-2-thread-1] c.o.tourguide.service.RewardsService     : Calculate distance between -94.529625/39.007504 and 99.173343/-37.080879
2023-09-27T16:51:42.091+02:00 DEBUG 7856 --- [pool-2-thread-1] c.o.tourguide.service.RewardsService     : Checking if the user 357f35bb-e0de-4fda-9f32-6677ee9e5827 already get close from Bronx Zoo
2023-09-27T16:51:42.091+02:00 DEBUG 7856 --- [pool-2-thread-1] c.o.tourguide.service.RewardsService     : Calculate distance between -73.872971/40.852905 and 99.173343/-37.080879
2023-09-27T16:51:42.091+02:00 DEBUG 7856 --- [pool-2-thread-1] c.o.tourguide.service.RewardsService     : Checking if the user 357f35bb-e0de-4fda-9f32-6677ee9e5827 already get close from Cinderella Castle
2023-09-27T16:51:42.091+02:00 DEBUG 7856 --- [pool-2-thread-1] c.o.tourguide.service.RewardsService     : Calculate distance between -81.5812/28.419411 and 99.173343/-37.080879
2023-09-27T16:51:42.091+02:00 DEBUG 7856 --- [pool-2-thread-1] c.o.tourguide.service.RewardsService     : Trying to add 0 rewards
2023-09-27T16:51:42.125+02:00  INFO 7856 --- [pool-2-thread-1] c.o.tourguide.service.TourGuideService   : Adding the current location to the user internalUser6491
2023-09-27T16:51:42.125+02:00 DEBUG 7856 --- [pool-2-thread-1] c.o.tourguide.service.RewardsService     : calculate reward for internalUser6491 on his 5 known locations
2023-09-27T16:51:42.135+02:00 DEBUG 7856 --- [pool-2-thread-1] c.o.tourguide.service.RewardsService     : Checking if the user cc03d0de-1eba-4e65-abcc-060b83a3c7a1 already get close from Disneyland
2023-09-27T16:51:42.135+02:00 DEBUG 7856 --- [pool-2-thread-1] c.o.tourguide.service.RewardsService     : Calculate distance between -117.922008/33.817595 and -86.81393105042655/-65.0313439218
2023-09-27T16:51:42.135+02:00 DEBUG 7856 --- [pool-2-thread-1] c.o.tourguide.service.RewardsService     : Checking if the user cc03d0de-1eba-4e65-abcc-060b83a3c7a1 already get close from Jackson Hole
2023-09-27T16:51:42.135+02:00 DEBUG 7856 --- [pool-2-thread-1] c.o.tourguide.service.RewardsService     : Calculate distance between -110.821999/43.582767 and -86.81393105042655/-65.0313439218
2023-09-27T16:51:42.135+02:00 DEBUG 7856 --- [pool-2-thread-1] c.o.tourguide.service.RewardsService     : Checking if the user cc03d0de-1eba-4e65-abcc-060b83a3c7a1 already get close from Mojave National Preserve
2023-09-27T16:51:42.135+02:00 DEBUG 7856 --- [pool-2-thread-1] c.o.tourguide.service.RewardsService     : Calculate distance between -115.510399/35.141689 and -86.81393105042655/-65.0313439218
2023-09-27T16:51:42.135+02:00 DEBUG 7856 --- [pool-2-thread-1] c.o.tourguide.service.RewardsService     : Checking if the user cc03d0de-1eba-4e65-abcc-060b83a3c7a1 already get close from Joshua Tree National Park
2023-09-27T16:51:42.135+02:00 DEBUG 7856 --- [pool-2-thread-1] c.o.tourguide.service.RewardsService     : Calculate distance between -115.90065/33.881866 and -86.81393105042655/-65.0313439218
2023-09-27T16:51:42.135+02:00 DEBUG 7856 --- [pool-2-thread-1] c.o.tourguide.service.RewardsService     : Checking if the user cc03d0de-1eba-4e65-abcc-060b83a3c7a1 already get close from Buffalo National River
2023-09-27T16:51:42.135+02:00 DEBUG 7856 --- [pool-2-thread-1] c.o.tourguide.service.RewardsService     : Calculate distance between -92.757652/35.985512 and -86.81393105042655/-65.0313439218
2023-09-27T16:51:42.135+02:00 DEBUG 7856 --- [pool-2-thread-1] c.o.tourguide.service.RewardsService     : Checking if the user cc03d0de-1eba-4e65-abcc-060b83a3c7a1 already get close from Hot Springs National Park
2023-09-27T16:51:42.135+02:00 DEBUG 7856 --- [pool-2-thread-1] c.o.tourguide.service.RewardsService     : Calculate distance between -93.042267/34.52153 and -86.81393105042655/-65.0313439218
2023-09-27T16:51:42.135+02:00 DEBUG 7856 --- [pool-2-thread-1] c.o.tourguide.service.RewardsService     : Checking if the user cc03d0de-1eba-4e65-abcc-060b83a3c7a1 already get close from Kartchner Caverns State Park
2023-09-27T16:51:42.135+02:00 DEBUG 7856 --- [pool-2-thread-1] c.o.tourguide.service.RewardsService     : Calculate distance between -110.347382/31.837551 and -86.81393105042655/-65.0313439218
2023-09-27T16:51:42.135+02:00 DEBUG 7856 --- [pool-2-thread-1] c.o.tourguide.service.RewardsService     : Checking if the user cc03d0de-1eba-4e65-abcc-060b83a3c7a1 already get close from Legend Valley
2023-09-27T16:51:42.135+02:00 DEBUG 7856 --- [pool-2-thread-1] c.o.tourguide.service.RewardsService     : Calculate distance between -82.40667/39.937778 and -86.81393105042655/-65.0313439218
2023-09-27T16:51:42.135+02:00 DEBUG 7856 --- [pool-2-thread-1] c.o.tourguide.service.RewardsService     : Checking if the user cc03d0de-1eba-4e65-abcc-060b83a3c7a1 already get close from Flowers Bakery of London
2023-09-27T16:51:42.135+02:00 DEBUG 7856 --- [pool-2-thread-1] c.o.tourguide.service.RewardsService     : Calculate distance between -84.07486/37.131527 and -86.81393105042655/-65.0313439218
2023-09-27T16:51:42.135+02:00 DEBUG 7856 --- [pool-2-thread-1] c.o.tourguide.service.RewardsService     : Checking if the user cc03d0de-1eba-4e65-abcc-060b83a3c7a1 already get close from McKinley Tower
2023-09-27T16:51:42.135+02:00 DEBUG 7856 --- [pool-2-thread-1] c.o.tourguide.service.RewardsService     : Calculate distance between -149.877502/61.218887 and -86.81393105042655/-65.0313439218
2023-09-27T16:51:42.135+02:00 DEBUG 7856 --- [pool-2-thread-1] c.o.tourguide.service.RewardsService     : Checking if the user cc03d0de-1eba-4e65-abcc-060b83a3c7a1 already get close from Flatiron Building
2023-09-27T16:51:42.135+02:00 DEBUG 7856 --- [pool-2-thread-1] c.o.tourguide.service.RewardsService     : Calculate distance between -73.989723/40.741112 and -86.81393105042655/-65.0313439218
2023-09-27T16:51:42.135+02:00 DEBUG 7856 --- [pool-2-thread-1] c.o.tourguide.service.RewardsService     : Checking if the user cc03d0de-1eba-4e65-abcc-060b83a3c7a1 already get close from Fallingwater
2023-09-27T16:51:42.135+02:00 DEBUG 7856 --- [pool-2-thread-1] c.o.tourguide.service.RewardsService     : Calculate distance between -79.468056/39.906113 and -86.81393105042655/-65.0313439218
2023-09-27T16:51:42.135+02:00 DEBUG 7856 --- [pool-2-thread-1] c.o.tourguide.service.RewardsService     : Checking if the user cc03d0de-1eba-4e65-abcc-060b83a3c7a1 already get close from Union Station
2023-09-27T16:51:42.135+02:00 DEBUG 7856 --- [pool-2-thread-1] c.o.tourguide.service.RewardsService     : Calculate distance between -77.006332/38.897095 and -86.81393105042655/-65.0313439218
2023-09-27T16:51:42.135+02:00 DEBUG 7856 --- [pool-2-thread-1] c.o.tourguide.service.RewardsService     : Checking if the user cc03d0de-1eba-4e65-abcc-060b83a3c7a1 already get close from Roger Dean Stadium
2023-09-27T16:51:42.135+02:00 DEBUG 7856 --- [pool-2-thread-1] c.o.tourguide.service.RewardsService     : Calculate distance between -80.116577/26.890959 and -86.81393105042655/-65.0313439218
2023-09-27T16:51:42.135+02:00 DEBUG 7856 --- [pool-2-thread-1] c.o.tourguide.service.RewardsService     : Checking if the user cc03d0de-1eba-4e65-abcc-060b83a3c7a1 already get close from Texas Memorial Stadium
2023-09-27T16:51:42.135+02:00 DEBUG 7856 --- [pool-2-thread-1] c.o.tourguide.service.RewardsService     : Calculate distance between -97.732536/30.283682 and -86.81393105042655/-65.0313439218
2023-09-27T16:51:42.135+02:00 DEBUG 7856 --- [pool-2-thread-1] c.o.tourguide.service.RewardsService     : Checking if the user cc03d0de-1eba-4e65-abcc-060b83a3c7a1 already get close from Bryant-Denny Stadium
2023-09-27T16:51:42.135+02:00 DEBUG 7856 --- [pool-2-thread-1] c.o.tourguide.service.RewardsService     : Calculate distance between -87.550438/33.208973 and -86.81393105042655/-65.0313439218
2023-09-27T16:51:42.135+02:00 DEBUG 7856 --- [pool-2-thread-1] c.o.tourguide.service.RewardsService     : Checking if the user cc03d0de-1eba-4e65-abcc-060b83a3c7a1 already get close from Tiger Stadium
2023-09-27T16:51:42.135+02:00 DEBUG 7856 --- [pool-2-thread-1] c.o.tourguide.service.RewardsService     : Calculate distance between -91.183815/30.412035 and -86.81393105042655/-65.0313439218
2023-09-27T16:51:42.135+02:00 DEBUG 7856 --- [pool-2-thread-1] c.o.tourguide.service.RewardsService     : Checking if the user cc03d0de-1eba-4e65-abcc-060b83a3c7a1 already get close from Neyland Stadium
2023-09-27T16:51:42.135+02:00 DEBUG 7856 --- [pool-2-thread-1] c.o.tourguide.service.RewardsService     : Calculate distance between -83.925011/35.955013 and -86.81393105042655/-65.0313439218
2023-09-27T16:51:42.135+02:00 DEBUG 7856 --- [pool-2-thread-1] c.o.tourguide.service.RewardsService     : Checking if the user cc03d0de-1eba-4e65-abcc-060b83a3c7a1 already get close from Kyle Field
2023-09-27T16:51:42.135+02:00 DEBUG 7856 --- [pool-2-thread-1] c.o.tourguide.service.RewardsService     : Calculate distance between -96.339844/30.61025 and -86.81393105042655/-65.0313439218
2023-09-27T16:51:42.135+02:00 DEBUG 7856 --- [pool-2-thread-1] c.o.tourguide.service.RewardsService     : Checking if the user cc03d0de-1eba-4e65-abcc-060b83a3c7a1 already get close from San Diego Zoo
2023-09-27T16:51:42.136+02:00 DEBUG 7856 --- [pool-2-thread-1] c.o.tourguide.service.RewardsService     : Calculate distance between -117.149048/32.735317 and -86.81393105042655/-65.0313439218
2023-09-27T16:51:42.136+02:00 DEBUG 7856 --- [pool-2-thread-1] c.o.tourguide.service.RewardsService     : Checking if the user cc03d0de-1eba-4e65-abcc-060b83a3c7a1 already get close from Zoo Tampa at Lowry Park
2023-09-27T16:51:42.136+02:00 DEBUG 7856 --- [pool-2-thread-1] c.o.tourguide.service.RewardsService     : Calculate distance between -82.469269/28.012804 and -86.81393105042655/-65.0313439218
2023-09-27T16:51:42.136+02:00 DEBUG 7856 --- [pool-2-thread-1] c.o.tourguide.service.RewardsService     : Checking if the user cc03d0de-1eba-4e65-abcc-060b83a3c7a1 already get close from Franklin Park Zoo
2023-09-27T16:51:42.136+02:00 DEBUG 7856 --- [pool-2-thread-1] c.o.tourguide.service.RewardsService     : Calculate distance between -71.086731/42.302601 and -86.81393105042655/-65.0313439218
2023-09-27T16:51:42.136+02:00 DEBUG 7856 --- [pool-2-thread-1] c.o.tourguide.service.RewardsService     : Checking if the user cc03d0de-1eba-4e65-abcc-060b83a3c7a1 already get close from El Paso Zoo
2023-09-27T16:51:42.136+02:00 DEBUG 7856 --- [pool-2-thread-1] c.o.tourguide.service.RewardsService     : Calculate distance between -106.44487/31.769125 and -86.81393105042655/-65.0313439218
2023-09-27T16:51:42.136+02:00 DEBUG 7856 --- [pool-2-thread-1] c.o.tourguide.service.RewardsService     : Checking if the user cc03d0de-1eba-4e65-abcc-060b83a3c7a1 already get close from Kansas City Zoo
2023-09-27T16:51:42.136+02:00 DEBUG 7856 --- [pool-2-thread-1] c.o.tourguide.service.RewardsService     : Calculate distance between -94.529625/39.007504 and -86.81393105042655/-65.0313439218
2023-09-27T16:51:42.136+02:00 DEBUG 7856 --- [pool-2-thread-1] c.o.tourguide.service.RewardsService     : Checking if the user cc03d0de-1eba-4e65-abcc-060b83a3c7a1 already get close from Bronx Zoo
2023-09-27T16:51:42.136+02:00 DEBUG 7856 --- [pool-2-thread-1] c.o.tourguide.service.RewardsService     : Calculate distance between -73.872971/40.852905 and -86.81393105042655/-65.0313439218
2023-09-27T16:51:42.136+02:00 DEBUG 7856 --- [pool-2-thread-1] c.o.tourguide.service.RewardsService     : Checking if the user cc03d0de-1eba-4e65-abcc-060b83a3c7a1 already get close from Cinderella Castle
2023-09-27T16:51:42.136+02:00 DEBUG 7856 --- [pool-2-thread-1] c.o.tourguide.service.RewardsService     : Calculate distance between -81.5812/28.419411 and -86.81393105042655/-65.0313439218
2023-09-27T16:51:42.136+02:00 DEBUG 7856 --- [pool-2-thread-1] c.o.tourguide.service.RewardsService     : Checking if the user cc03d0de-1eba-4e65-abcc-060b83a3c7a1 already get close from Disneyland
2023-09-27T16:51:42.136+02:00 DEBUG 7856 --- [pool-2-thread-1] c.o.tourguide.service.RewardsService     : Calculate distance between -117.922008/33.817595 and -133.0438028697803/-9.051717913822316
2023-09-27T16:51:42.136+02:00 DEBUG 7856 --- [pool-2-thread-1] c.o.tourguide.service.RewardsService     : Checking if the user cc03d0de-1eba-4e65-abcc-060b83a3c7a1 already get close from Jackson Hole
2023-09-27T16:51:42.136+02:00 DEBUG 7856 --- [pool-2-thread-1] c.o.tourguide.service.RewardsService     : Calculate distance between -110.821999/43.582767 and -133.0438028697803/-9.051717913822316
2023-09-27T16:51:42.136+02:00 DEBUG 7856 --- [pool-2-thread-1] c.o.tourguide.service.RewardsService     : Checking if the user cc03d0de-1eba-4e65-abcc-060b83a3c7a1 already get close from Mojave National Preserve
2023-09-27T16:51:42.136+02:00 DEBUG 7856 --- [pool-2-thread-1] c.o.tourguide.service.RewardsService     : Calculate distance between -115.510399/35.141689 and -133.0438028697803/-9.051717913822316
2023-09-27T16:51:42.136+02:00 DEBUG 7856 --- [pool-2-thread-1] c.o.tourguide.service.RewardsService     : Checking if the user cc03d0de-1eba-4e65-abcc-060b83a3c7a1 already get close from Joshua Tree National Park
2023-09-27T16:51:42.136+02:00 DEBUG 7856 --- [pool-2-thread-1] c.o.tourguide.service.RewardsService     : Calculate distance between -115.90065/33.881866 and -133.0438028697803/-9.051717913822316
2023-09-27T16:51:42.136+02:00 DEBUG 7856 --- [pool-2-thread-1] c.o.tourguide.service.RewardsService     : Checking if the user cc03d0de-1eba-4e65-abcc-060b83a3c7a1 already get close from Buffalo National River
2023-09-27T16:51:42.136+02:00 DEBUG 7856 --- [pool-2-thread-1] c.o.tourguide.service.RewardsService     : Calculate distance between -92.757652/35.985512 and -133.0438028697803/-9.051717913822316
2023-09-27T16:51:42.136+02:00 DEBUG 7856 --- [pool-2-thread-1] c.o.tourguide.service.RewardsService     : Checking if the user cc03d0de-1eba-4e65-abcc-060b83a3c7a1 already get close from Hot Springs National Park
2023-09-27T16:51:42.136+02:00 DEBUG 7856 --- [pool-2-thread-1] c.o.tourguide.service.RewardsService     : Calculate distance between -93.042267/34.52153 and -133.0438028697803/-9.051717913822316
2023-09-27T16:51:42.136+02:00 DEBUG 7856 --- [pool-2-thread-1] c.o.tourguide.service.RewardsService     : Checking if the user cc03d0de-1eba-4e65-abcc-060b83a3c7a1 already get close from Kartchner Caverns State Park
2023-09-27T16:51:42.136+02:00 DEBUG 7856 --- [pool-2-thread-1] c.o.tourguide.service.RewardsService     : Calculate distance between -110.347382/31.837551 and -133.0438028697803/-9.051717913822316
2023-09-27T16:51:42.136+02:00 DEBUG 7856 --- [pool-2-thread-1] c.o.tourguide.service.RewardsService     : Checking if the user cc03d0de-1eba-4e65-abcc-060b83a3c7a1 already get close from Legend Valley
2023-09-27T16:51:42.136+02:00 DEBUG 7856 --- [pool-2-thread-1] c.o.tourguide.service.RewardsService     : Calculate distance between -82.40667/39.937778 and -133.0438028697803/-9.051717913822316
2023-09-27T16:51:42.136+02:00 DEBUG 7856 --- [pool-2-thread-1] c.o.tourguide.service.RewardsService     : Checking if the user cc03d0de-1eba-4e65-abcc-060b83a3c7a1 already get close from Flowers Bakery of London
2023-09-27T16:51:42.136+02:00 DEBUG 7856 --- [pool-2-thread-1] c.o.tourguide.service.RewardsService     : Calculate distance between -84.07486/37.131527 and -133.0438028697803/-9.051717913822316
2023-09-27T16:51:42.136+02:00 DEBUG 7856 --- [pool-2-thread-1] c.o.tourguide.service.RewardsService     : Checking if the user cc03d0de-1eba-4e65-abcc-060b83a3c7a1 already get close from McKinley Tower
2023-09-27T16:51:42.136+02:00 DEBUG 7856 --- [pool-2-thread-1] c.o.tourguide.service.RewardsService     : Calculate distance between -149.877502/61.218887 and -133.0438028697803/-9.051717913822316
2023-09-27T16:51:42.136+02:00 DEBUG 7856 --- [pool-2-thread-1] c.o.tourguide.service.RewardsService     : Checking if the user cc03d0de-1eba-4e65-abcc-060b83a3c7a1 already get close from Flatiron Building
2023-09-27T16:51:42.136+02:00 DEBUG 7856 --- [pool-2-thread-1] c.o.tourguide.service.RewardsService     : Calculate distance between -73.989723/40.741112 and -133.0438028697803/-9.051717913822316
2023-09-27T16:51:42.136+02:00 DEBUG 7856 --- [pool-2-thread-1] c.o.tourguide.service.RewardsService     : Checking if the user cc03d0de-1eba-4e65-abcc-060b83a3c7a1 already get close from Fallingwater
2023-09-27T16:51:42.136+02:00 DEBUG 7856 --- [pool-2-thread-1] c.o.tourguide.service.RewardsService     : Calculate distance between -79.468056/39.906113 and -133.0438028697803/-9.051717913822316
2023-09-27T16:51:42.136+02:00 DEBUG 7856 --- [pool-2-thread-1] c.o.tourguide.service.RewardsService     : Checking if the user cc03d0de-1eba-4e65-abcc-060b83a3c7a1 already get close from Union Station
2023-09-27T16:51:42.136+02:00 DEBUG 7856 --- [pool-2-thread-1] c.o.tourguide.service.RewardsService     : Calculate distance between -77.006332/38.897095 and -133.0438028697803/-9.051717913822316
2023-09-27T16:51:42.136+02:00 DEBUG 7856 --- [pool-2-thread-1] c.o.tourguide.service.RewardsService     : Checking if the user cc03d0de-1eba-4e65-abcc-060b83a3c7a1 already get close from Roger Dean Stadium
2023-09-27T16:51:42.136+02:00 DEBUG 7856 --- [pool-2-thread-1] c.o.tourguide.service.RewardsService     : Calculate distance between -80.116577/26.890959 and -133.0438028697803/-9.051717913822316
2023-09-27T16:51:42.136+02:00 DEBUG 7856 --- [pool-2-thread-1] c.o.tourguide.service.RewardsService     : Checking if the user cc03d0de-1eba-4e65-abcc-060b83a3c7a1 already get close from Texas Memorial Stadium
2023-09-27T16:51:42.136+02:00 DEBUG 7856 --- [pool-2-thread-1] c.o.tourguide.service.RewardsService     : Calculate distance between -97.732536/30.283682 and -133.0438028697803/-9.051717913822316
2023-09-27T16:51:42.136+02:00 DEBUG 7856 --- [pool-2-thread-1] c.o.tourguide.service.RewardsService     : Checking if the user cc03d0de-1eba-4e65-abcc-060b83a3c7a1 already get close from Bryant-Denny Stadium
2023-09-27T16:51:42.136+02:00 DEBUG 7856 --- [pool-2-thread-1] c.o.tourguide.service.RewardsService     : Calculate distance between -87.550438/33.208973 and -133.0438028697803/-9.051717913822316
2023-09-27T16:51:42.136+02:00 DEBUG 7856 --- [pool-2-thread-1] c.o.tourguide.service.RewardsService     : Checking if the user cc03d0de-1eba-4e65-abcc-060b83a3c7a1 already get close from Tiger Stadium
2023-09-27T16:51:42.136+02:00 DEBUG 7856 --- [pool-2-thread-1] c.o.tourguide.service.RewardsService     : Calculate distance between -91.183815/30.412035 and -133.0438028697803/-9.051717913822316
2023-09-27T16:51:42.136+02:00 DEBUG 7856 --- [pool-2-thread-1] c.o.tourguide.service.RewardsService     : Checking if the user cc03d0de-1eba-4e65-abcc-060b83a3c7a1 already get close from Neyland Stadium
2023-09-27T16:51:42.136+02:00 DEBUG 7856 --- [pool-2-thread-1] c.o.tourguide.service.RewardsService     : Calculate distance between -83.925011/35.955013 and -133.0438028697803/-9.051717913822316
2023-09-27T16:51:42.136+02:00 DEBUG 7856 --- [pool-2-thread-1] c.o.tourguide.service.RewardsService     : Checking if the user cc03d0de-1eba-4e65-abcc-060b83a3c7a1 already get close from Kyle Field
2023-09-27T16:51:42.136+02:00 DEBUG 7856 --- [pool-2-thread-1] c.o.tourguide.service.RewardsService     : Calculate distance between -96.339844/30.61025 and -133.0438028697803/-9.051717913822316
2023-09-27T16:51:42.136+02:00 DEBUG 7856 --- [pool-2-thread-1] c.o.tourguide.service.RewardsService     : Checking if the user cc03d0de-1eba-4e65-abcc-060b83a3c7a1 already get close from San Diego Zoo
2023-09-27T16:51:42.136+02:00 DEBUG 7856 --- [pool-2-thread-1] c.o.tourguide.service.RewardsService     : Calculate distance between -117.149048/32.735317 and -133.0438028697803/-9.051717913822316
2023-09-27T16:51:42.136+02:00 DEBUG 7856 --- [pool-2-thread-1] c.o.tourguide.service.RewardsService     : Checking if the user cc03d0de-1eba-4e65-abcc-060b83a3c7a1 already get close from Zoo Tampa at Lowry Park
2023-09-27T16:51:42.136+02:00 DEBUG 7856 --- [pool-2-thread-1] c.o.tourguide.service.RewardsService     : Calculate distance between -82.469269/28.012804 and -133.0438028697803/-9.051717913822316
2023-09-27T16:51:42.136+02:00 DEBUG 7856 --- [pool-2-thread-1] c.o.tourguide.service.RewardsService     : Checking if the user cc03d0de-1eba-4e65-abcc-060b83a3c7a1 already get close from Franklin Park Zoo
2023-09-27T16:51:42.136+02:00 DEBUG 7856 --- [pool-2-thread-1] c.o.tourguide.service.RewardsService     : Calculate distance between -71.086731/42.302601 and -133.0438028697803/-9.051717913822316
2023-09-27T16:51:42.136+02:00 DEBUG 7856 --- [pool-2-thread-1] c.o.tourguide.service.RewardsService     : Checking if the user cc03d0de-1eba-4e65-abcc-060b83a3c7a1 already get close from El Paso Zoo
2023-09-27T16:51:42.136+02:00 DEBUG 7856 --- [pool-2-thread-1] c.o.tourguide.service.RewardsService     : Calculate distance between -106.44487/31.769125 and -133.0438028697803/-9.051717913822316
2023-09-27T16:51:42.136+02:00 DEBUG 7856 --- [pool-2-thread-1] c.o.tourguide.service.RewardsService     : Checking if the user cc03d0de-1eba-4e65-abcc-060b83a3c7a1 already get close from Kansas City Zoo
2023-09-27T16:51:42.136+02:00 DEBUG 7856 --- [pool-2-thread-1] c.o.tourguide.service.RewardsService     : Calculate distance between -94.529625/39.007504 and -133.0438028697803/-9.051717913822316
2023-09-27T16:51:42.136+02:00 DEBUG 7856 --- [pool-2-thread-1] c.o.tourguide.service.RewardsService     : Checking if the user cc03d0de-1eba-4e65-abcc-060b83a3c7a1 already get close from Bronx Zoo
2023-09-27T16:51:42.136+02:00 DEBUG 7856 --- [pool-2-thread-1] c.o.tourguide.service.RewardsService     : Calculate distance between -73.872971/40.852905 and -133.0438028697803/-9.051717913822316
2023-09-27T16:51:42.136+02:00 DEBUG 7856 --- [pool-2-thread-1] c.o.tourguide.service.RewardsService     : Checking if the user cc03d0de-1eba-4e65-abcc-060b83a3c7a1 already get close from Cinderella Castle
2023-09-27T16:51:42.136+02:00 DEBUG 7856 --- [pool-2-thread-1] c.o.tourguide.service.RewardsService     : Calculate distance between -81.5812/28.419411 and -133.0438028697803/-9.051717913822316
2023-09-27T16:51:42.136+02:00 DEBUG 7856 --- [pool-2-thread-1] c.o.tourguide.service.RewardsService     : Checking if the user cc03d0de-1eba-4e65-abcc-060b83a3c7a1 already get close from Disneyland
2023-09-27T16:51:42.136+02:00 DEBUG 7856 --- [pool-2-thread-1] c.o.tourguide.service.RewardsService     : Calculate distance between -117.922008/33.817595 and 74.92645924939472/-21.659789714075963
2023-09-27T16:51:42.136+02:00 DEBUG 7856 --- [pool-2-thread-1] c.o.tourguide.service.RewardsService     : Checking if the user cc03d0de-1eba-4e65-abcc-060b83a3c7a1 already get close from Jackson Hole
2023-09-27T16:51:42.136+02:00 DEBUG 7856 --- [pool-2-thread-1] c.o.tourguide.service.RewardsService     : Calculate distance between -110.821999/43.582767 and 74.92645924939472/-21.659789714075963
2023-09-27T16:51:42.136+02:00 DEBUG 7856 --- [pool-2-thread-1] c.o.tourguide.service.RewardsService     : Checking if the user cc03d0de-1eba-4e65-abcc-060b83a3c7a1 already get close from Mojave National Preserve
2023-09-27T16:51:42.136+02:00 DEBUG 7856 --- [pool-2-thread-1] c.o.tourguide.service.RewardsService     : Calculate distance between -115.510399/35.141689 and 74.92645924939472/-21.659789714075963
2023-09-27T16:51:42.136+02:00 DEBUG 7856 --- [pool-2-thread-1] c.o.tourguide.service.RewardsService     : Checking if the user cc03d0de-1eba-4e65-abcc-060b83a3c7a1 already get close from Joshua Tree National Park
2023-09-27T16:51:42.136+02:00 DEBUG 7856 --- [pool-2-thread-1] c.o.tourguide.service.RewardsService     : Calculate distance between -115.90065/33.881866 and 74.92645924939472/-21.659789714075963
2023-09-27T16:51:42.136+02:00 DEBUG 7856 --- [pool-2-thread-1] c.o.tourguide.service.RewardsService     : Checking if the user cc03d0de-1eba-4e65-abcc-060b83a3c7a1 already get close from Buffalo National River
2023-09-27T16:51:42.136+02:00 DEBUG 7856 --- [pool-2-thread-1] c.o.tourguide.service.RewardsService     : Calculate distance between -92.757652/35.985512 and 74.92645924939472/-21.659789714075963
2023-09-27T16:51:42.136+02:00 DEBUG 7856 --- [pool-2-thread-1] c.o.tourguide.service.RewardsService     : Checking if the user cc03d0de-1eba-4e65-abcc-060b83a3c7a1 already get close from Hot Springs National Park
2023-09-27T16:51:42.136+02:00 DEBUG 7856 --- [pool-2-thread-1] c.o.tourguide.service.RewardsService     : Calculate distance between -93.042267/34.52153 and 74.92645924939472/-21.659789714075963
2023-09-27T16:51:42.136+02:00 DEBUG 7856 --- [pool-2-thread-1] c.o.tourguide.service.RewardsService     : Checking if the user cc03d0de-1eba-4e65-abcc-060b83a3c7a1 already get close from Kartchner Caverns State Park
2023-09-27T16:51:42.136+02:00 DEBUG 7856 --- [pool-2-thread-1] c.o.tourguide.service.RewardsService     : Calculate distance between -110.347382/31.837551 and 74.92645924939472/-21.659789714075963
2023-09-27T16:51:42.136+02:00 DEBUG 7856 --- [pool-2-thread-1] c.o.tourguide.service.RewardsService     : Checking if the user cc03d0de-1eba-4e65-abcc-060b83a3c7a1 already get close from Legend Valley
2023-09-27T16:51:42.136+02:00 DEBUG 7856 --- [pool-2-thread-1] c.o.tourguide.service.RewardsService     : Calculate distance between -82.40667/39.937778 and 74.92645924939472/-21.659789714075963
2023-09-27T16:51:42.136+02:00 DEBUG 7856 --- [pool-2-thread-1] c.o.tourguide.service.RewardsService     : Checking if the user cc03d0de-1eba-4e65-abcc-060b83a3c7a1 already get close from Flowers Bakery of London
2023-09-27T16:51:42.136+02:00 DEBUG 7856 --- [pool-2-thread-1] c.o.tourguide.service.RewardsService     : Calculate distance between -84.07486/37.131527 and 74.92645924939472/-21.659789714075963
2023-09-27T16:51:42.136+02:00 DEBUG 7856 --- [pool-2-thread-1] c.o.tourguide.service.RewardsService     : Checking if the user cc03d0de-1eba-4e65-abcc-060b83a3c7a1 already get close from McKinley Tower
2023-09-27T16:51:42.136+02:00 DEBUG 7856 --- [pool-2-thread-1] c.o.tourguide.service.RewardsService     : Calculate distance between -149.877502/61.218887 and 74.92645924939472/-21.659789714075963
2023-09-27T16:51:42.136+02:00 DEBUG 7856 --- [pool-2-thread-1] c.o.tourguide.service.RewardsService     : Checking if the user cc03d0de-1eba-4e65-abcc-060b83a3c7a1 already get close from Flatiron Building
2023-09-27T16:51:42.136+02:00 DEBUG 7856 --- [pool-2-thread-1] c.o.tourguide.service.RewardsService     : Calculate distance between -73.989723/40.741112 and 74.92645924939472/-21.659789714075963
2023-09-27T16:51:42.136+02:00 DEBUG 7856 --- [pool-2-thread-1] c.o.tourguide.service.RewardsService     : Checking if the user cc03d0de-1eba-4e65-abcc-060b83a3c7a1 already get close from Fallingwater
2023-09-27T16:51:42.136+02:00 DEBUG 7856 --- [pool-2-thread-1] c.o.tourguide.service.RewardsService     : Calculate distance between -79.468056/39.906113 and 74.92645924939472/-21.659789714075963
2023-09-27T16:51:42.136+02:00 DEBUG 7856 --- [pool-2-thread-1] c.o.tourguide.service.RewardsService     : Checking if the user cc03d0de-1eba-4e65-abcc-060b83a3c7a1 already get close from Union Station
2023-09-27T16:51:42.136+02:00 DEBUG 7856 --- [pool-2-thread-1] c.o.tourguide.service.RewardsService     : Calculate distance between -77.006332/38.897095 and 74.92645924939472/-21.659789714075963
2023-09-27T16:51:42.136+02:00 DEBUG 7856 --- [pool-2-thread-1] c.o.tourguide.service.RewardsService     : Checking if the user cc03d0de-1eba-4e65-abcc-060b83a3c7a1 already get close from Roger Dean Stadium
2023-09-27T16:51:42.136+02:00 DEBUG 7856 --- [pool-2-thread-1] c.o.tourguide.service.RewardsService     : Calculate distance between -80.116577/26.890959 and 74.92645924939472/-21.659789714075963
2023-09-27T16:51:42.136+02:00 DEBUG 7856 --- [pool-2-thread-1] c.o.tourguide.service.RewardsService     : Checking if the user cc03d0de-1eba-4e65-abcc-060b83a3c7a1 already get close from Texas Memorial Stadium
2023-09-27T16:51:42.136+02:00 DEBUG 7856 --- [pool-2-thread-1] c.o.tourguide.service.RewardsService     : Calculate distance between -97.732536/30.283682 and 74.92645924939472/-21.659789714075963
2023-09-27T16:51:42.136+02:00 DEBUG 7856 --- [pool-2-thread-1] c.o.tourguide.service.RewardsService     : Checking if the user cc03d0de-1eba-4e65-abcc-060b83a3c7a1 already get close from Bryant-Denny Stadium
2023-09-27T16:51:42.136+02:00 DEBUG 7856 --- [pool-2-thread-1] c.o.tourguide.service.RewardsService     : Calculate distance between -87.550438/33.208973 and 74.92645924939472/-21.659789714075963
2023-09-27T16:51:42.136+02:00 DEBUG 7856 --- [pool-2-thread-1] c.o.tourguide.service.RewardsService     : Checking if the user cc03d0de-1eba-4e65-abcc-060b83a3c7a1 already get close from Tiger Stadium
2023-09-27T16:51:42.136+02:00 DEBUG 7856 --- [pool-2-thread-1] c.o.tourguide.service.RewardsService     : Calculate distance between -91.183815/30.412035 and 74.92645924939472/-21.659789714075963
2023-09-27T16:51:42.136+02:00 DEBUG 7856 --- [pool-2-thread-1] c.o.tourguide.service.RewardsService     : Checking if the user cc03d0de-1eba-4e65-abcc-060b83a3c7a1 already get close from Neyland Stadium
2023-09-27T16:51:42.136+02:00 DEBUG 7856 --- [pool-2-thread-1] c.o.tourguide.service.RewardsService     : Calculate distance between -83.925011/35.955013 and 74.92645924939472/-21.659789714075963
2023-09-27T16:51:42.136+02:00 DEBUG 7856 --- [pool-2-thread-1] c.o.tourguide.service.RewardsService     : Checking if the user cc03d0de-1eba-4e65-abcc-060b83a3c7a1 already get close from Kyle Field
2023-09-27T16:51:42.136+02:00 DEBUG 7856 --- [pool-2-thread-1] c.o.tourguide.service.RewardsService     : Calculate distance between -96.339844/30.61025 and 74.92645924939472/-21.659789714075963
2023-09-27T16:51:42.136+02:00 DEBUG 7856 --- [pool-2-thread-1] c.o.tourguide.service.RewardsService     : Checking if the user cc03d0de-1eba-4e65-abcc-060b83a3c7a1 already get close from San Diego Zoo
2023-09-27T16:51:42.136+02:00 DEBUG 7856 --- [pool-2-thread-1] c.o.tourguide.service.RewardsService     : Calculate distance between -117.149048/32.735317 and 74.92645924939472/-21.659789714075963
2023-09-27T16:51:42.136+02:00 DEBUG 7856 --- [pool-2-thread-1] c.o.tourguide.service.RewardsService     : Checking if the user cc03d0de-1eba-4e65-abcc-060b83a3c7a1 already get close from Zoo Tampa at Lowry Park
2023-09-27T16:51:42.136+02:00 DEBUG 7856 --- [pool-2-thread-1] c.o.tourguide.service.RewardsService     : Calculate distance between -82.469269/28.012804 and 74.92645924939472/-21.659789714075963
2023-09-27T16:51:42.136+02:00 DEBUG 7856 --- [pool-2-thread-1] c.o.tourguide.service.RewardsService     : Checking if the user cc03d0de-1eba-4e65-abcc-060b83a3c7a1 already get close from Franklin Park Zoo
2023-09-27T16:51:42.136+02:00 DEBUG 7856 --- [pool-2-thread-1] c.o.tourguide.service.RewardsService     : Calculate distance between -71.086731/42.302601 and 74.92645924939472/-21.659789714075963
2023-09-27T16:51:42.136+02:00 DEBUG 7856 --- [pool-2-thread-1] c.o.tourguide.service.RewardsService     : Checking if the user cc03d0de-1eba-4e65-abcc-060b83a3c7a1 already get close from El Paso Zoo
2023-09-27T16:51:42.136+02:00 DEBUG 7856 --- [pool-2-thread-1] c.o.tourguide.service.RewardsService     : Calculate distance between -106.44487/31.769125 and 74.92645924939472/-21.659789714075963
2023-09-27T16:51:42.136+02:00 DEBUG 7856 --- [pool-2-thread-1] c.o.tourguide.service.RewardsService     : Checking if the user cc03d0de-1eba-4e65-abcc-060b83a3c7a1 already get close from Kansas City Zoo
2023-09-27T16:51:42.136+02:00 DEBUG 7856 --- [pool-2-thread-1] c.o.tourguide.service.RewardsService     : Calculate distance between -94.529625/39.007504 and 74.92645924939472/-21.659789714075963
2023-09-27T16:51:42.136+02:00 DEBUG 7856 --- [pool-2-thread-1] c.o.tourguide.service.RewardsService     : Checking if the user cc03d0de-1eba-4e65-abcc-060b83a3c7a1 already get close from Bronx Zoo
2023-09-27T16:51:42.136+02:00 DEBUG 7856 --- [pool-2-thread-1] c.o.tourguide.service.RewardsService     : Calculate distance between -73.872971/40.852905 and 74.92645924939472/-21.659789714075963
2023-09-27T16:51:42.136+02:00 DEBUG 7856 --- [pool-2-thread-1] c.o.tourguide.service.RewardsService     : Checking if the user cc03d0de-1eba-4e65-abcc-060b83a3c7a1 already get close from Cinderella Castle
2023-09-27T16:51:42.136+02:00 DEBUG 7856 --- [pool-2-thread-1] c.o.tourguide.service.RewardsService     : Calculate distance between -81.5812/28.419411 and 74.92645924939472/-21.659789714075963
2023-09-27T16:51:42.136+02:00 DEBUG 7856 --- [pool-2-thread-1] c.o.tourguide.service.RewardsService     : Checking if the user cc03d0de-1eba-4e65-abcc-060b83a3c7a1 already get close from Disneyland
2023-09-27T16:51:42.136+02:00 DEBUG 7856 --- [pool-2-thread-1] c.o.tourguide.service.RewardsService     : Calculate distance between -117.922008/33.817595 and -165.490869/-26.129364
2023-09-27T16:51:42.136+02:00 DEBUG 7856 --- [pool-2-thread-1] c.o.tourguide.service.RewardsService     : Checking if the user cc03d0de-1eba-4e65-abcc-060b83a3c7a1 already get close from Jackson Hole
2023-09-27T16:51:42.136+02:00 DEBUG 7856 --- [pool-2-thread-1] c.o.tourguide.service.RewardsService     : Calculate distance between -110.821999/43.582767 and -165.490869/-26.129364
2023-09-27T16:51:42.136+02:00 DEBUG 7856 --- [pool-2-thread-1] c.o.tourguide.service.RewardsService     : Checking if the user cc03d0de-1eba-4e65-abcc-060b83a3c7a1 already get close from Mojave National Preserve
2023-09-27T16:51:42.136+02:00 DEBUG 7856 --- [pool-2-thread-1] c.o.tourguide.service.RewardsService     : Calculate distance between -115.510399/35.141689 and -165.490869/-26.129364
2023-09-27T16:51:42.136+02:00 DEBUG 7856 --- [pool-2-thread-1] c.o.tourguide.service.RewardsService     : Checking if the user cc03d0de-1eba-4e65-abcc-060b83a3c7a1 already get close from Joshua Tree National Park
2023-09-27T16:51:42.136+02:00 DEBUG 7856 --- [pool-2-thread-1] c.o.tourguide.service.RewardsService     : Calculate distance between -115.90065/33.881866 and -165.490869/-26.129364
2023-09-27T16:51:42.136+02:00 DEBUG 7856 --- [pool-2-thread-1] c.o.tourguide.service.RewardsService     : Checking if the user cc03d0de-1eba-4e65-abcc-060b83a3c7a1 already get close from Buffalo National River
2023-09-27T16:51:42.136+02:00 DEBUG 7856 --- [pool-2-thread-1] c.o.tourguide.service.RewardsService     : Calculate distance between -92.757652/35.985512 and -165.490869/-26.129364
2023-09-27T16:51:42.137+02:00 DEBUG 7856 --- [pool-2-thread-1] c.o.tourguide.service.RewardsService     : Checking if the user cc03d0de-1eba-4e65-abcc-060b83a3c7a1 already get close from Hot Springs National Park
2023-09-27T16:51:42.137+02:00 DEBUG 7856 --- [pool-2-thread-1] c.o.tourguide.service.RewardsService     : Calculate distance between -93.042267/34.52153 and -165.490869/-26.129364
2023-09-27T16:51:42.137+02:00 DEBUG 7856 --- [pool-2-thread-1] c.o.tourguide.service.RewardsService     : Checking if the user cc03d0de-1eba-4e65-abcc-060b83a3c7a1 already get close from Kartchner Caverns State Park
2023-09-27T16:51:42.137+02:00 DEBUG 7856 --- [pool-2-thread-1] c.o.tourguide.service.RewardsService     : Calculate distance between -110.347382/31.837551 and -165.490869/-26.129364
2023-09-27T16:51:42.137+02:00 DEBUG 7856 --- [pool-2-thread-1] c.o.tourguide.service.RewardsService     : Checking if the user cc03d0de-1eba-4e65-abcc-060b83a3c7a1 already get close from Legend Valley
2023-09-27T16:51:42.137+02:00 DEBUG 7856 --- [pool-2-thread-1] c.o.tourguide.service.RewardsService     : Calculate distance between -82.40667/39.937778 and -165.490869/-26.129364
2023-09-27T16:51:42.137+02:00 DEBUG 7856 --- [pool-2-thread-1] c.o.tourguide.service.RewardsService     : Checking if the user cc03d0de-1eba-4e65-abcc-060b83a3c7a1 already get close from Flowers Bakery of London
2023-09-27T16:51:42.137+02:00 DEBUG 7856 --- [pool-2-thread-1] c.o.tourguide.service.RewardsService     : Calculate distance between -84.07486/37.131527 and -165.490869/-26.129364
2023-09-27T16:51:42.137+02:00 DEBUG 7856 --- [pool-2-thread-1] c.o.tourguide.service.RewardsService     : Checking if the user cc03d0de-1eba-4e65-abcc-060b83a3c7a1 already get close from McKinley Tower
2023-09-27T16:51:42.137+02:00 DEBUG 7856 --- [pool-2-thread-1] c.o.tourguide.service.RewardsService     : Calculate distance between -149.877502/61.218887 and -165.490869/-26.129364
2023-09-27T16:51:42.137+02:00 DEBUG 7856 --- [pool-2-thread-1] c.o.tourguide.service.RewardsService     : Checking if the user cc03d0de-1eba-4e65-abcc-060b83a3c7a1 already get close from Flatiron Building
2023-09-27T16:51:42.137+02:00 DEBUG 7856 --- [pool-2-thread-1] c.o.tourguide.service.RewardsService     : Calculate distance between -73.989723/40.741112 and -165.490869/-26.129364
2023-09-27T16:51:42.137+02:00 DEBUG 7856 --- [pool-2-thread-1] c.o.tourguide.service.RewardsService     : Checking if the user cc03d0de-1eba-4e65-abcc-060b83a3c7a1 already get close from Fallingwater
2023-09-27T16:51:42.137+02:00 DEBUG 7856 --- [pool-2-thread-1] c.o.tourguide.service.RewardsService     : Calculate distance between -79.468056/39.906113 and -165.490869/-26.129364
2023-09-27T16:51:42.137+02:00 DEBUG 7856 --- [pool-2-thread-1] c.o.tourguide.service.RewardsService     : Checking if the user cc03d0de-1eba-4e65-abcc-060b83a3c7a1 already get close from Union Station
2023-09-27T16:51:42.137+02:00 DEBUG 7856 --- [pool-2-thread-1] c.o.tourguide.service.RewardsService     : Calculate distance between -77.006332/38.897095 and -165.490869/-26.129364
2023-09-27T16:51:42.137+02:00 DEBUG 7856 --- [pool-2-thread-1] c.o.tourguide.service.RewardsService     : Checking if the user cc03d0de-1eba-4e65-abcc-060b83a3c7a1 already get close from Roger Dean Stadium
2023-09-27T16:51:42.137+02:00 DEBUG 7856 --- [pool-2-thread-1] c.o.tourguide.service.RewardsService     : Calculate distance between -80.116577/26.890959 and -165.490869/-26.129364
2023-09-27T16:51:42.137+02:00 DEBUG 7856 --- [pool-2-thread-1] c.o.tourguide.service.RewardsService     : Checking if the user cc03d0de-1eba-4e65-abcc-060b83a3c7a1 already get close from Texas Memorial Stadium
2023-09-27T16:51:42.137+02:00 DEBUG 7856 --- [pool-2-thread-1] c.o.tourguide.service.RewardsService     : Calculate distance between -97.732536/30.283682 and -165.490869/-26.129364
2023-09-27T16:51:42.137+02:00 DEBUG 7856 --- [pool-2-thread-1] c.o.tourguide.service.RewardsService     : Checking if the user cc03d0de-1eba-4e65-abcc-060b83a3c7a1 already get close from Bryant-Denny Stadium
2023-09-27T16:51:42.137+02:00 DEBUG 7856 --- [pool-2-thread-1] c.o.tourguide.service.RewardsService     : Calculate distance between -87.550438/33.208973 and -165.490869/-26.129364
2023-09-27T16:51:42.137+02:00 DEBUG 7856 --- [pool-2-thread-1] c.o.tourguide.service.RewardsService     : Checking if the user cc03d0de-1eba-4e65-abcc-060b83a3c7a1 already get close from Tiger Stadium
2023-09-27T16:51:42.137+02:00 DEBUG 7856 --- [pool-2-thread-1] c.o.tourguide.service.RewardsService     : Calculate distance between -91.183815/30.412035 and -165.490869/-26.129364
2023-09-27T16:51:42.137+02:00 DEBUG 7856 --- [pool-2-thread-1] c.o.tourguide.service.RewardsService     : Checking if the user cc03d0de-1eba-4e65-abcc-060b83a3c7a1 already get close from Neyland Stadium
2023-09-27T16:51:42.137+02:00 DEBUG 7856 --- [pool-2-thread-1] c.o.tourguide.service.RewardsService     : Calculate distance between -83.925011/35.955013 and -165.490869/-26.129364
2023-09-27T16:51:42.137+02:00 DEBUG 7856 --- [pool-2-thread-1] c.o.tourguide.service.RewardsService     : Checking if the user cc03d0de-1eba-4e65-abcc-060b83a3c7a1 already get close from Kyle Field
2023-09-27T16:51:42.137+02:00 DEBUG 7856 --- [pool-2-thread-1] c.o.tourguide.service.RewardsService     : Calculate distance between -96.339844/30.61025 and -165.490869/-26.129364
2023-09-27T16:51:42.137+02:00 DEBUG 7856 --- [pool-2-thread-1] c.o.tourguide.service.RewardsService     : Checking if the user cc03d0de-1eba-4e65-abcc-060b83a3c7a1 already get close from San Diego Zoo
2023-09-27T16:51:42.137+02:00 DEBUG 7856 --- [pool-2-thread-1] c.o.tourguide.service.RewardsService     : Calculate distance between -117.149048/32.735317 and -165.490869/-26.129364
2023-09-27T16:51:42.137+02:00 DEBUG 7856 --- [pool-2-thread-1] c.o.tourguide.service.RewardsService     : Checking if the user cc03d0de-1eba-4e65-abcc-060b83a3c7a1 already get close from Zoo Tampa at Lowry Park
2023-09-27T16:51:42.137+02:00 DEBUG 7856 --- [pool-2-thread-1] c.o.tourguide.service.RewardsService     : Calculate distance between -82.469269/28.012804 and -165.490869/-26.129364
2023-09-27T16:51:42.137+02:00 DEBUG 7856 --- [pool-2-thread-1] c.o.tourguide.service.RewardsService     : Checking if the user cc03d0de-1eba-4e65-abcc-060b83a3c7a1 already get close from Franklin Park Zoo
2023-09-27T16:51:42.137+02:00 DEBUG 7856 --- [pool-2-thread-1] c.o.tourguide.service.RewardsService     : Calculate distance between -71.086731/42.302601 and -165.490869/-26.129364
2023-09-27T16:51:42.137+02:00 DEBUG 7856 --- [pool-2-thread-1] c.o.tourguide.service.RewardsService     : Checking if the user cc03d0de-1eba-4e65-abcc-060b83a3c7a1 already get close from El Paso Zoo
2023-09-27T16:51:42.137+02:00 DEBUG 7856 --- [pool-2-thread-1] c.o.tourguide.service.RewardsService     : Calculate distance between -106.44487/31.769125 and -165.490869/-26.129364
2023-09-27T16:51:42.137+02:00 DEBUG 7856 --- [pool-2-thread-1] c.o.tourguide.service.RewardsService     : Checking if the user cc03d0de-1eba-4e65-abcc-060b83a3c7a1 already get close from Kansas City Zoo
2023-09-27T16:51:42.137+02:00 DEBUG 7856 --- [pool-2-thread-1] c.o.tourguide.service.RewardsService     : Calculate distance between -94.529625/39.007504 and -165.490869/-26.129364
2023-09-27T16:51:42.137+02:00 DEBUG 7856 --- [pool-2-thread-1] c.o.tourguide.service.RewardsService     : Checking if the user cc03d0de-1eba-4e65-abcc-060b83a3c7a1 already get close from Bronx Zoo
2023-09-27T16:51:42.137+02:00 DEBUG 7856 --- [pool-2-thread-1] c.o.tourguide.service.RewardsService     : Calculate distance between -73.872971/40.852905 and -165.490869/-26.129364
2023-09-27T16:51:42.137+02:00 DEBUG 7856 --- [pool-2-thread-1] c.o.tourguide.service.RewardsService     : Checking if the user cc03d0de-1eba-4e65-abcc-060b83a3c7a1 already get close from Cinderella Castle
2023-09-27T16:51:42.137+02:00 DEBUG 7856 --- [pool-2-thread-1] c.o.tourguide.service.RewardsService     : Calculate distance between -81.5812/28.419411 and -165.490869/-26.129364
2023-09-27T16:51:42.137+02:00 DEBUG 7856 --- [pool-2-thread-1] c.o.tourguide.service.RewardsService     : Checking if the user cc03d0de-1eba-4e65-abcc-060b83a3c7a1 already get close from Disneyland
2023-09-27T16:51:42.137+02:00 DEBUG 7856 --- [pool-2-thread-1] c.o.tourguide.service.RewardsService     : Calculate distance between -117.922008/33.817595 and -80.697248/-79.643089
2023-09-27T16:51:42.137+02:00 DEBUG 7856 --- [pool-2-thread-1] c.o.tourguide.service.RewardsService     : Checking if the user cc03d0de-1eba-4e65-abcc-060b83a3c7a1 already get close from Jackson Hole
2023-09-27T16:51:42.137+02:00 DEBUG 7856 --- [pool-2-thread-1] c.o.tourguide.service.RewardsService     : Calculate distance between -110.821999/43.582767 and -80.697248/-79.643089
2023-09-27T16:51:42.137+02:00 DEBUG 7856 --- [pool-2-thread-1] c.o.tourguide.service.RewardsService     : Checking if the user cc03d0de-1eba-4e65-abcc-060b83a3c7a1 already get close from Mojave National Preserve
2023-09-27T16:51:42.137+02:00 DEBUG 7856 --- [pool-2-thread-1] c.o.tourguide.service.RewardsService     : Calculate distance between -115.510399/35.141689 and -80.697248/-79.643089
2023-09-27T16:51:42.137+02:00 DEBUG 7856 --- [pool-2-thread-1] c.o.tourguide.service.RewardsService     : Checking if the user cc03d0de-1eba-4e65-abcc-060b83a3c7a1 already get close from Joshua Tree National Park
2023-09-27T16:51:42.137+02:00 DEBUG 7856 --- [pool-2-thread-1] c.o.tourguide.service.RewardsService     : Calculate distance between -115.90065/33.881866 and -80.697248/-79.643089
2023-09-27T16:51:42.137+02:00 DEBUG 7856 --- [pool-2-thread-1] c.o.tourguide.service.RewardsService     : Checking if the user cc03d0de-1eba-4e65-abcc-060b83a3c7a1 already get close from Buffalo National River
2023-09-27T16:51:42.137+02:00 DEBUG 7856 --- [pool-2-thread-1] c.o.tourguide.service.RewardsService     : Calculate distance between -92.757652/35.985512 and -80.697248/-79.643089
2023-09-27T16:51:42.137+02:00 DEBUG 7856 --- [pool-2-thread-1] c.o.tourguide.service.RewardsService     : Checking if the user cc03d0de-1eba-4e65-abcc-060b83a3c7a1 already get close from Hot Springs National Park
2023-09-27T16:51:42.137+02:00 DEBUG 7856 --- [pool-2-thread-1] c.o.tourguide.service.RewardsService     : Calculate distance between -93.042267/34.52153 and -80.697248/-79.643089
2023-09-27T16:51:42.137+02:00 DEBUG 7856 --- [pool-2-thread-1] c.o.tourguide.service.RewardsService     : Checking if the user cc03d0de-1eba-4e65-abcc-060b83a3c7a1 already get close from Kartchner Caverns State Park
2023-09-27T16:51:42.137+02:00 DEBUG 7856 --- [pool-2-thread-1] c.o.tourguide.service.RewardsService     : Calculate distance between -110.347382/31.837551 and -80.697248/-79.643089
2023-09-27T16:51:42.137+02:00 DEBUG 7856 --- [pool-2-thread-1] c.o.tourguide.service.RewardsService     : Checking if the user cc03d0de-1eba-4e65-abcc-060b83a3c7a1 already get close from Legend Valley
2023-09-27T16:51:42.137+02:00 DEBUG 7856 --- [pool-2-thread-1] c.o.tourguide.service.RewardsService     : Calculate distance between -82.40667/39.937778 and -80.697248/-79.643089
2023-09-27T16:51:42.137+02:00 DEBUG 7856 --- [pool-2-thread-1] c.o.tourguide.service.RewardsService     : Checking if the user cc03d0de-1eba-4e65-abcc-060b83a3c7a1 already get close from Flowers Bakery of London
2023-09-27T16:51:42.137+02:00 DEBUG 7856 --- [pool-2-thread-1] c.o.tourguide.service.RewardsService     : Calculate distance between -84.07486/37.131527 and -80.697248/-79.643089
2023-09-27T16:51:42.137+02:00 DEBUG 7856 --- [pool-2-thread-1] c.o.tourguide.service.RewardsService     : Checking if the user cc03d0de-1eba-4e65-abcc-060b83a3c7a1 already get close from McKinley Tower
2023-09-27T16:51:42.137+02:00 DEBUG 7856 --- [pool-2-thread-1] c.o.tourguide.service.RewardsService     : Calculate distance between -149.877502/61.218887 and -80.697248/-79.643089
2023-09-27T16:51:42.137+02:00 DEBUG 7856 --- [pool-2-thread-1] c.o.tourguide.service.RewardsService     : Checking if the user cc03d0de-1eba-4e65-abcc-060b83a3c7a1 already get close from Flatiron Building
2023-09-27T16:51:42.137+02:00 DEBUG 7856 --- [pool-2-thread-1] c.o.tourguide.service.RewardsService     : Calculate distance between -73.989723/40.741112 and -80.697248/-79.643089
2023-09-27T16:51:42.137+02:00 DEBUG 7856 --- [pool-2-thread-1] c.o.tourguide.service.RewardsService     : Checking if the user cc03d0de-1eba-4e65-abcc-060b83a3c7a1 already get close from Fallingwater
2023-09-27T16:51:42.137+02:00 DEBUG 7856 --- [pool-2-thread-1] c.o.tourguide.service.RewardsService     : Calculate distance between -79.468056/39.906113 and -80.697248/-79.643089
2023-09-27T16:51:42.137+02:00 DEBUG 7856 --- [pool-2-thread-1] c.o.tourguide.service.RewardsService     : Checking if the user cc03d0de-1eba-4e65-abcc-060b83a3c7a1 already get close from Union Station
2023-09-27T16:51:42.137+02:00 DEBUG 7856 --- [pool-2-thread-1] c.o.tourguide.service.RewardsService     : Calculate distance between -77.006332/38.897095 and -80.697248/-79.643089
2023-09-27T16:51:42.137+02:00 DEBUG 7856 --- [pool-2-thread-1] c.o.tourguide.service.RewardsService     : Checking if the user cc03d0de-1eba-4e65-abcc-060b83a3c7a1 already get close from Roger Dean Stadium
2023-09-27T16:51:42.137+02:00 DEBUG 7856 --- [pool-2-thread-1] c.o.tourguide.service.RewardsService     : Calculate distance between -80.116577/26.890959 and -80.697248/-79.643089
2023-09-27T16:51:42.137+02:00 DEBUG 7856 --- [pool-2-thread-1] c.o.tourguide.service.RewardsService     : Checking if the user cc03d0de-1eba-4e65-abcc-060b83a3c7a1 already get close from Texas Memorial Stadium
2023-09-27T16:51:42.137+02:00 DEBUG 7856 --- [pool-2-thread-1] c.o.tourguide.service.RewardsService     : Calculate distance between -97.732536/30.283682 and -80.697248/-79.643089
2023-09-27T16:51:42.137+02:00 DEBUG 7856 --- [pool-2-thread-1] c.o.tourguide.service.RewardsService     : Checking if the user cc03d0de-1eba-4e65-abcc-060b83a3c7a1 already get close from Bryant-Denny Stadium
2023-09-27T16:51:42.137+02:00 DEBUG 7856 --- [pool-2-thread-1] c.o.tourguide.service.RewardsService     : Calculate distance between -87.550438/33.208973 and -80.697248/-79.643089
2023-09-27T16:51:42.137+02:00 DEBUG 7856 --- [pool-2-thread-1] c.o.tourguide.service.RewardsService     : Checking if the user cc03d0de-1eba-4e65-abcc-060b83a3c7a1 already get close from Tiger Stadium
2023-09-27T16:51:42.137+02:00 DEBUG 7856 --- [pool-2-thread-1] c.o.tourguide.service.RewardsService     : Calculate distance between -91.183815/30.412035 and -80.697248/-79.643089
2023-09-27T16:51:42.137+02:00 DEBUG 7856 --- [pool-2-thread-1] c.o.tourguide.service.RewardsService     : Checking if the user cc03d0de-1eba-4e65-abcc-060b83a3c7a1 already get close from Neyland Stadium
2023-09-27T16:51:42.137+02:00 DEBUG 7856 --- [pool-2-thread-1] c.o.tourguide.service.RewardsService     : Calculate distance between -83.925011/35.955013 and -80.697248/-79.643089
2023-09-27T16:51:42.137+02:00 DEBUG 7856 --- [pool-2-thread-1] c.o.tourguide.service.RewardsService     : Checking if the user cc03d0de-1eba-4e65-abcc-060b83a3c7a1 already get close from Kyle Field
2023-09-27T16:51:42.137+02:00 DEBUG 7856 --- [pool-2-thread-1] c.o.tourguide.service.RewardsService     : Calculate distance between -96.339844/30.61025 and -80.697248/-79.643089
2023-09-27T16:51:42.137+02:00 DEBUG 7856 --- [pool-2-thread-1] c.o.tourguide.service.RewardsService     : Checking if the user cc03d0de-1eba-4e65-abcc-060b83a3c7a1 already get close from San Diego Zoo
2023-09-27T16:51:42.137+02:00 DEBUG 7856 --- [pool-2-thread-1] c.o.tourguide.service.RewardsService     : Calculate distance between -117.149048/32.735317 and -80.697248/-79.643089
2023-09-27T16:51:42.137+02:00 DEBUG 7856 --- [pool-2-thread-1] c.o.tourguide.service.RewardsService     : Checking if the user cc03d0de-1eba-4e65-abcc-060b83a3c7a1 already get close from Zoo Tampa at Lowry Park
2023-09-27T16:51:42.137+02:00 DEBUG 7856 --- [pool-2-thread-1] c.o.tourguide.service.RewardsService     : Calculate distance between -82.469269/28.012804 and -80.697248/-79.643089
2023-09-27T16:51:42.137+02:00 DEBUG 7856 --- [pool-2-thread-1] c.o.tourguide.service.RewardsService     : Checking if the user cc03d0de-1eba-4e65-abcc-060b83a3c7a1 already get close from Franklin Park Zoo
2023-09-27T16:51:42.137+02:00 DEBUG 7856 --- [pool-2-thread-1] c.o.tourguide.service.RewardsService     : Calculate distance between -71.086731/42.302601 and -80.697248/-79.643089
2023-09-27T16:51:42.137+02:00 DEBUG 7856 --- [pool-2-thread-1] c.o.tourguide.service.RewardsService     : Checking if the user cc03d0de-1eba-4e65-abcc-060b83a3c7a1 already get close from El Paso Zoo
2023-09-27T16:51:42.137+02:00 DEBUG 7856 --- [pool-2-thread-1] c.o.tourguide.service.RewardsService     : Calculate distance between -106.44487/31.769125 and -80.697248/-79.643089
2023-09-27T16:51:42.137+02:00 DEBUG 7856 --- [pool-2-thread-1] c.o.tourguide.service.RewardsService     : Checking if the user cc03d0de-1eba-4e65-abcc-060b83a3c7a1 already get close from Kansas City Zoo
2023-09-27T16:51:42.137+02:00 DEBUG 7856 --- [pool-2-thread-1] c.o.tourguide.service.RewardsService     : Calculate distance between -94.529625/39.007504 and -80.697248/-79.643089
2023-09-27T16:51:42.137+02:00 DEBUG 7856 --- [pool-2-thread-1] c.o.tourguide.service.RewardsService     : Checking if the user cc03d0de-1eba-4e65-abcc-060b83a3c7a1 already get close from Bronx Zoo
2023-09-27T16:51:42.137+02:00 DEBUG 7856 --- [pool-2-thread-1] c.o.tourguide.service.RewardsService     : Calculate distance between -73.872971/40.852905 and -80.697248/-79.643089
2023-09-27T16:51:42.137+02:00 DEBUG 7856 --- [pool-2-thread-1] c.o.tourguide.service.RewardsService     : Checking if the user cc03d0de-1eba-4e65-abcc-060b83a3c7a1 already get close from Cinderella Castle
2023-09-27T16:51:42.137+02:00 DEBUG 7856 --- [pool-2-thread-1] c.o.tourguide.service.RewardsService     : Calculate distance between -81.5812/28.419411 and -80.697248/-79.643089
2023-09-27T16:51:42.137+02:00 DEBUG 7856 --- [pool-2-thread-1] c.o.tourguide.service.RewardsService     : Trying to add 0 rewards
2023-09-27T16:51:42.174+02:00 DEBUG 7856 --- [pool-3-thread-1] c.o.tourguide.service.RewardsService     : Checking if the user 7b2b8fe2-9e69-474b-b415-7c5568a28c75 already get close from San Diego Zoo
2023-09-27T16:51:42.174+02:00 DEBUG 7856 --- [pool-3-thread-1] c.o.tourguide.service.RewardsService     : Calculate distance between -117.149048/32.735317 and 121.958671/-62.099573
2023-09-27T16:51:42.174+02:00 DEBUG 7856 --- [pool-3-thread-1] c.o.tourguide.service.RewardsService     : Assign reward points to 7b2b8fe2-9e69-474b-b415-7c5568a28c75 for attraction San Diego Zoo
2023-09-27T16:51:42.196+02:00  INFO 7856 --- [pool-2-thread-1] c.o.tourguide.service.TourGuideService   : Adding the current location to the user internalUser5127
2023-09-27T16:51:42.196+02:00 DEBUG 7856 --- [pool-2-thread-1] c.o.tourguide.service.RewardsService     : calculate reward for internalUser5127 on his 5 known locations
2023-09-27T16:51:42.206+02:00 DEBUG 7856 --- [pool-2-thread-1] c.o.tourguide.service.RewardsService     : Checking if the user 3ed339c3-82d5-4c74-b30f-6c9ec336b3f8 already get close from Disneyland
2023-09-27T16:51:42.206+02:00 DEBUG 7856 --- [pool-2-thread-1] c.o.tourguide.service.RewardsService     : Calculate distance between -117.922008/33.817595 and 48.55263784814434/-31.477156148916187
2023-09-27T16:51:42.206+02:00 DEBUG 7856 --- [pool-2-thread-1] c.o.tourguide.service.RewardsService     : Checking if the user 3ed339c3-82d5-4c74-b30f-6c9ec336b3f8 already get close from Jackson Hole
2023-09-27T16:51:42.206+02:00 DEBUG 7856 --- [pool-2-thread-1] c.o.tourguide.service.RewardsService     : Calculate distance between -110.821999/43.582767 and 48.55263784814434/-31.477156148916187
2023-09-27T16:51:42.206+02:00 DEBUG 7856 --- [pool-2-thread-1] c.o.tourguide.service.RewardsService     : Checking if the user 3ed339c3-82d5-4c74-b30f-6c9ec336b3f8 already get close from Mojave National Preserve
2023-09-27T16:51:42.206+02:00 DEBUG 7856 --- [pool-2-thread-1] c.o.tourguide.service.RewardsService     : Calculate distance between -115.510399/35.141689 and 48.55263784814434/-31.477156148916187
2023-09-27T16:51:42.206+02:00 DEBUG 7856 --- [pool-2-thread-1] c.o.tourguide.service.RewardsService     : Checking if the user 3ed339c3-82d5-4c74-b30f-6c9ec336b3f8 already get close from Joshua Tree National Park
2023-09-27T16:51:42.206+02:00 DEBUG 7856 --- [pool-2-thread-1] c.o.tourguide.service.RewardsService     : Calculate distance between -115.90065/33.881866 and 48.55263784814434/-31.477156148916187
2023-09-27T16:51:42.206+02:00 DEBUG 7856 --- [pool-2-thread-1] c.o.tourguide.service.RewardsService     : Checking if the user 3ed339c3-82d5-4c74-b30f-6c9ec336b3f8 already get close from Buffalo National River
2023-09-27T16:51:42.206+02:00 DEBUG 7856 --- [pool-2-thread-1] c.o.tourguide.service.RewardsService     : Calculate distance between -92.757652/35.985512 and 48.55263784814434/-31.477156148916187
2023-09-27T16:51:42.206+02:00 DEBUG 7856 --- [pool-2-thread-1] c.o.tourguide.service.RewardsService     : Checking if the user 3ed339c3-82d5-4c74-b30f-6c9ec336b3f8 already get close from Hot Springs National Park
2023-09-27T16:51:42.206+02:00 DEBUG 7856 --- [pool-2-thread-1] c.o.tourguide.service.RewardsService     : Calculate distance between -93.042267/34.52153 and 48.55263784814434/-31.477156148916187
2023-09-27T16:51:42.206+02:00 DEBUG 7856 --- [pool-2-thread-1] c.o.tourguide.service.RewardsService     : Checking if the user 3ed339c3-82d5-4c74-b30f-6c9ec336b3f8 already get close from Kartchner Caverns State Park
2023-09-27T16:51:42.206+02:00 DEBUG 7856 --- [pool-2-thread-1] c.o.tourguide.service.RewardsService     : Calculate distance between -110.347382/31.837551 and 48.55263784814434/-31.477156148916187
2023-09-27T16:51:42.206+02:00 DEBUG 7856 --- [pool-2-thread-1] c.o.tourguide.service.RewardsService     : Checking if the user 3ed339c3-82d5-4c74-b30f-6c9ec336b3f8 already get close from Legend Valley
2023-09-27T16:51:42.206+02:00 DEBUG 7856 --- [pool-2-thread-1] c.o.tourguide.service.RewardsService     : Calculate distance between -82.40667/39.937778 and 48.55263784814434/-31.477156148916187
2023-09-27T16:51:42.206+02:00 DEBUG 7856 --- [pool-2-thread-1] c.o.tourguide.service.RewardsService     : Checking if the user 3ed339c3-82d5-4c74-b30f-6c9ec336b3f8 already get close from Flowers Bakery of London
2023-09-27T16:51:42.206+02:00 DEBUG 7856 --- [pool-2-thread-1] c.o.tourguide.service.RewardsService     : Calculate distance between -84.07486/37.131527 and 48.55263784814434/-31.477156148916187
2023-09-27T16:51:42.206+02:00 DEBUG 7856 --- [pool-2-thread-1] c.o.tourguide.service.RewardsService     : Checking if the user 3ed339c3-82d5-4c74-b30f-6c9ec336b3f8 already get close from McKinley Tower
2023-09-27T16:51:42.206+02:00 DEBUG 7856 --- [pool-2-thread-1] c.o.tourguide.service.RewardsService     : Calculate distance between -149.877502/61.218887 and 48.55263784814434/-31.477156148916187
2023-09-27T16:51:42.206+02:00 DEBUG 7856 --- [pool-2-thread-1] c.o.tourguide.service.RewardsService     : Checking if the user 3ed339c3-82d5-4c74-b30f-6c9ec336b3f8 already get close from Flatiron Building
2023-09-27T16:51:42.206+02:00 DEBUG 7856 --- [pool-2-thread-1] c.o.tourguide.service.RewardsService     : Calculate distance between -73.989723/40.741112 and 48.55263784814434/-31.477156148916187
2023-09-27T16:51:42.206+02:00 DEBUG 7856 --- [pool-2-thread-1] c.o.tourguide.service.RewardsService     : Checking if the user 3ed339c3-82d5-4c74-b30f-6c9ec336b3f8 already get close from Fallingwater
2023-09-27T16:51:42.206+02:00 DEBUG 7856 --- [pool-2-thread-1] c.o.tourguide.service.RewardsService     : Calculate distance between -79.468056/39.906113 and 48.55263784814434/-31.477156148916187
2023-09-27T16:51:42.206+02:00 DEBUG 7856 --- [pool-2-thread-1] c.o.tourguide.service.RewardsService     : Checking if the user 3ed339c3-82d5-4c74-b30f-6c9ec336b3f8 already get close from Union Station
2023-09-27T16:51:42.206+02:00 DEBUG 7856 --- [pool-2-thread-1] c.o.tourguide.service.RewardsService     : Calculate distance between -77.006332/38.897095 and 48.55263784814434/-31.477156148916187
2023-09-27T16:51:42.206+02:00 DEBUG 7856 --- [pool-2-thread-1] c.o.tourguide.service.RewardsService     : Checking if the user 3ed339c3-82d5-4c74-b30f-6c9ec336b3f8 already get close from Roger Dean Stadium
2023-09-27T16:51:42.206+02:00 DEBUG 7856 --- [pool-2-thread-1] c.o.tourguide.service.RewardsService     : Calculate distance between -80.116577/26.890959 and 48.55263784814434/-31.477156148916187
2023-09-27T16:51:42.206+02:00 DEBUG 7856 --- [pool-2-thread-1] c.o.tourguide.service.RewardsService     : Checking if the user 3ed339c3-82d5-4c74-b30f-6c9ec336b3f8 already get close from Texas Memorial Stadium
2023-09-27T16:51:42.206+02:00 DEBUG 7856 --- [pool-2-thread-1] c.o.tourguide.service.RewardsService     : Calculate distance between -97.732536/30.283682 and 48.55263784814434/-31.477156148916187
2023-09-27T16:51:42.206+02:00 DEBUG 7856 --- [pool-2-thread-1] c.o.tourguide.service.RewardsService     : Checking if the user 3ed339c3-82d5-4c74-b30f-6c9ec336b3f8 already get close from Bryant-Denny Stadium
2023-09-27T16:51:42.206+02:00 DEBUG 7856 --- [pool-2-thread-1] c.o.tourguide.service.RewardsService     : Calculate distance between -87.550438/33.208973 and 48.55263784814434/-31.477156148916187
2023-09-27T16:51:42.206+02:00 DEBUG 7856 --- [pool-2-thread-1] c.o.tourguide.service.RewardsService     : Checking if the user 3ed339c3-82d5-4c74-b30f-6c9ec336b3f8 already get close from Tiger Stadium
2023-09-27T16:51:42.206+02:00 DEBUG 7856 --- [pool-2-thread-1] c.o.tourguide.service.RewardsService     : Calculate distance between -91.183815/30.412035 and 48.55263784814434/-31.477156148916187
2023-09-27T16:51:42.206+02:00 DEBUG 7856 --- [pool-2-thread-1] c.o.tourguide.service.RewardsService     : Checking if the user 3ed339c3-82d5-4c74-b30f-6c9ec336b3f8 already get close from Neyland Stadium
2023-09-27T16:51:42.206+02:00 DEBUG 7856 --- [pool-2-thread-1] c.o.tourguide.service.RewardsService     : Calculate distance between -83.925011/35.955013 and 48.55263784814434/-31.477156148916187
2023-09-27T16:51:42.206+02:00 DEBUG 7856 --- [pool-2-thread-1] c.o.tourguide.service.RewardsService     : Checking if the user 3ed339c3-82d5-4c74-b30f-6c9ec336b3f8 already get close from Kyle Field
2023-09-27T16:51:42.206+02:00 DEBUG 7856 --- [pool-2-thread-1] c.o.tourguide.service.RewardsService     : Calculate distance between -96.339844/30.61025 and 48.55263784814434/-31.477156148916187
2023-09-27T16:51:42.206+02:00 DEBUG 7856 --- [pool-2-thread-1] c.o.tourguide.service.RewardsService     : Checking if the user 3ed339c3-82d5-4c74-b30f-6c9ec336b3f8 already get close from San Diego Zoo
2023-09-27T16:51:42.206+02:00 DEBUG 7856 --- [pool-2-thread-1] c.o.tourguide.service.RewardsService     : Calculate distance between -117.149048/32.735317 and 48.55263784814434/-31.477156148916187
2023-09-27T16:51:42.206+02:00 DEBUG 7856 --- [pool-2-thread-1] c.o.tourguide.service.RewardsService     : Checking if the user 3ed339c3-82d5-4c74-b30f-6c9ec336b3f8 already get close from Zoo Tampa at Lowry Park
2023-09-27T16:51:42.206+02:00 DEBUG 7856 --- [pool-2-thread-1] c.o.tourguide.service.RewardsService     : Calculate distance between -82.469269/28.012804 and 48.55263784814434/-31.477156148916187
2023-09-27T16:51:42.206+02:00 DEBUG 7856 --- [pool-2-thread-1] c.o.tourguide.service.RewardsService     : Checking if the user 3ed339c3-82d5-4c74-b30f-6c9ec336b3f8 already get close from Franklin Park Zoo
2023-09-27T16:51:42.206+02:00 DEBUG 7856 --- [pool-2-thread-1] c.o.tourguide.service.RewardsService     : Calculate distance between -71.086731/42.302601 and 48.55263784814434/-31.477156148916187
2023-09-27T16:51:42.206+02:00 DEBUG 7856 --- [pool-2-thread-1] c.o.tourguide.service.RewardsService     : Checking if the user 3ed339c3-82d5-4c74-b30f-6c9ec336b3f8 already get close from El Paso Zoo
2023-09-27T16:51:42.206+02:00 DEBUG 7856 --- [pool-2-thread-1] c.o.tourguide.service.RewardsService     : Calculate distance between -106.44487/31.769125 and 48.55263784814434/-31.477156148916187
2023-09-27T16:51:42.206+02:00 DEBUG 7856 --- [pool-2-thread-1] c.o.tourguide.service.RewardsService     : Checking if the user 3ed339c3-82d5-4c74-b30f-6c9ec336b3f8 already get close from Kansas City Zoo
2023-09-27T16:51:42.206+02:00 DEBUG 7856 --- [pool-2-thread-1] c.o.tourguide.service.RewardsService     : Calculate distance between -94.529625/39.007504 and 48.55263784814434/-31.477156148916187
2023-09-27T16:51:42.206+02:00 DEBUG 7856 --- [pool-2-thread-1] c.o.tourguide.service.RewardsService     : Checking if the user 3ed339c3-82d5-4c74-b30f-6c9ec336b3f8 already get close from Bronx Zoo
2023-09-27T16:51:42.206+02:00 DEBUG 7856 --- [pool-2-thread-1] c.o.tourguide.service.RewardsService     : Calculate distance between -73.872971/40.852905 and 48.55263784814434/-31.477156148916187
2023-09-27T16:51:42.206+02:00 DEBUG 7856 --- [pool-2-thread-1] c.o.tourguide.service.RewardsService     : Checking if the user 3ed339c3-82d5-4c74-b30f-6c9ec336b3f8 already get close from Cinderella Castle
2023-09-27T16:51:42.206+02:00 DEBUG 7856 --- [pool-2-thread-1] c.o.tourguide.service.RewardsService     : Calculate distance between -81.5812/28.419411 and 48.55263784814434/-31.477156148916187
2023-09-27T16:51:42.206+02:00 DEBUG 7856 --- [pool-2-thread-1] c.o.tourguide.service.RewardsService     : Checking if the user 3ed339c3-82d5-4c74-b30f-6c9ec336b3f8 already get close from Disneyland
2023-09-27T16:51:42.206+02:00 DEBUG 7856 --- [pool-2-thread-1] c.o.tourguide.service.RewardsService     : Calculate distance between -117.922008/33.817595 and 88.31486159196118/-28.058312370295376
2023-09-27T16:51:42.206+02:00 DEBUG 7856 --- [pool-2-thread-1] c.o.tourguide.service.RewardsService     : Checking if the user 3ed339c3-82d5-4c74-b30f-6c9ec336b3f8 already get close from Jackson Hole
2023-09-27T16:51:42.206+02:00 DEBUG 7856 --- [pool-2-thread-1] c.o.tourguide.service.RewardsService     : Calculate distance between -110.821999/43.582767 and 88.31486159196118/-28.058312370295376
2023-09-27T16:51:42.206+02:00 DEBUG 7856 --- [pool-2-thread-1] c.o.tourguide.service.RewardsService     : Checking if the user 3ed339c3-82d5-4c74-b30f-6c9ec336b3f8 already get close from Mojave National Preserve
2023-09-27T16:51:42.206+02:00 DEBUG 7856 --- [pool-2-thread-1] c.o.tourguide.service.RewardsService     : Calculate distance between -115.510399/35.141689 and 88.31486159196118/-28.058312370295376
2023-09-27T16:51:42.206+02:00 DEBUG 7856 --- [pool-2-thread-1] c.o.tourguide.service.RewardsService     : Checking if the user 3ed339c3-82d5-4c74-b30f-6c9ec336b3f8 already get close from Joshua Tree National Park
2023-09-27T16:51:42.206+02:00 DEBUG 7856 --- [pool-2-thread-1] c.o.tourguide.service.RewardsService     : Calculate distance between -115.90065/33.881866 and 88.31486159196118/-28.058312370295376
2023-09-27T16:51:42.206+02:00 DEBUG 7856 --- [pool-2-thread-1] c.o.tourguide.service.RewardsService     : Checking if the user 3ed339c3-82d5-4c74-b30f-6c9ec336b3f8 already get close from Buffalo National River
2023-09-27T16:51:42.206+02:00 DEBUG 7856 --- [pool-2-thread-1] c.o.tourguide.service.RewardsService     : Calculate distance between -92.757652/35.985512 and 88.31486159196118/-28.058312370295376
2023-09-27T16:51:42.206+02:00 DEBUG 7856 --- [pool-2-thread-1] c.o.tourguide.service.RewardsService     : Checking if the user 3ed339c3-82d5-4c74-b30f-6c9ec336b3f8 already get close from Hot Springs National Park
2023-09-27T16:51:42.206+02:00 DEBUG 7856 --- [pool-2-thread-1] c.o.tourguide.service.RewardsService     : Calculate distance between -93.042267/34.52153 and 88.31486159196118/-28.058312370295376
2023-09-27T16:51:42.206+02:00 DEBUG 7856 --- [pool-2-thread-1] c.o.tourguide.service.RewardsService     : Checking if the user 3ed339c3-82d5-4c74-b30f-6c9ec336b3f8 already get close from Kartchner Caverns State Park
2023-09-27T16:51:42.206+02:00 DEBUG 7856 --- [pool-2-thread-1] c.o.tourguide.service.RewardsService     : Calculate distance between -110.347382/31.837551 and 88.31486159196118/-28.058312370295376
2023-09-27T16:51:42.206+02:00 DEBUG 7856 --- [pool-2-thread-1] c.o.tourguide.service.RewardsService     : Checking if the user 3ed339c3-82d5-4c74-b30f-6c9ec336b3f8 already get close from Legend Valley
2023-09-27T16:51:42.206+02:00 DEBUG 7856 --- [pool-2-thread-1] c.o.tourguide.service.RewardsService     : Calculate distance between -82.40667/39.937778 and 88.31486159196118/-28.058312370295376
2023-09-27T16:51:42.206+02:00 DEBUG 7856 --- [pool-2-thread-1] c.o.tourguide.service.RewardsService     : Checking if the user 3ed339c3-82d5-4c74-b30f-6c9ec336b3f8 already get close from Flowers Bakery of London
2023-09-27T16:51:42.206+02:00 DEBUG 7856 --- [pool-2-thread-1] c.o.tourguide.service.RewardsService     : Calculate distance between -84.07486/37.131527 and 88.31486159196118/-28.058312370295376
2023-09-27T16:51:42.206+02:00 DEBUG 7856 --- [pool-2-thread-1] c.o.tourguide.service.RewardsService     : Checking if the user 3ed339c3-82d5-4c74-b30f-6c9ec336b3f8 already get close from McKinley Tower
2023-09-27T16:51:42.206+02:00 DEBUG 7856 --- [pool-2-thread-1] c.o.tourguide.service.RewardsService     : Calculate distance between -149.877502/61.218887 and 88.31486159196118/-28.058312370295376
2023-09-27T16:51:42.206+02:00 DEBUG 7856 --- [pool-2-thread-1] c.o.tourguide.service.RewardsService     : Checking if the user 3ed339c3-82d5-4c74-b30f-6c9ec336b3f8 already get close from Flatiron Building
2023-09-27T16:51:42.206+02:00 DEBUG 7856 --- [pool-2-thread-1] c.o.tourguide.service.RewardsService     : Calculate distance between -73.989723/40.741112 and 88.31486159196118/-28.058312370295376
2023-09-27T16:51:42.206+02:00 DEBUG 7856 --- [pool-2-thread-1] c.o.tourguide.service.RewardsService     : Checking if the user 3ed339c3-82d5-4c74-b30f-6c9ec336b3f8 already get close from Fallingwater
2023-09-27T16:51:42.206+02:00 DEBUG 7856 --- [pool-2-thread-1] c.o.tourguide.service.RewardsService     : Calculate distance between -79.468056/39.906113 and 88.31486159196118/-28.058312370295376
2023-09-27T16:51:42.206+02:00 DEBUG 7856 --- [pool-2-thread-1] c.o.tourguide.service.RewardsService     : Checking if the user 3ed339c3-82d5-4c74-b30f-6c9ec336b3f8 already get close from Union Station
2023-09-27T16:51:42.206+02:00 DEBUG 7856 --- [pool-2-thread-1] c.o.tourguide.service.RewardsService     : Calculate distance between -77.006332/38.897095 and 88.31486159196118/-28.058312370295376
2023-09-27T16:51:42.206+02:00 DEBUG 7856 --- [pool-2-thread-1] c.o.tourguide.service.RewardsService     : Checking if the user 3ed339c3-82d5-4c74-b30f-6c9ec336b3f8 already get close from Roger Dean Stadium
2023-09-27T16:51:42.206+02:00 DEBUG 7856 --- [pool-2-thread-1] c.o.tourguide.service.RewardsService     : Calculate distance between -80.116577/26.890959 and 88.31486159196118/-28.058312370295376
2023-09-27T16:51:42.206+02:00 DEBUG 7856 --- [pool-2-thread-1] c.o.tourguide.service.RewardsService     : Checking if the user 3ed339c3-82d5-4c74-b30f-6c9ec336b3f8 already get close from Texas Memorial Stadium
2023-09-27T16:51:42.206+02:00 DEBUG 7856 --- [pool-2-thread-1] c.o.tourguide.service.RewardsService     : Calculate distance between -97.732536/30.283682 and 88.31486159196118/-28.058312370295376
2023-09-27T16:51:42.206+02:00 DEBUG 7856 --- [pool-2-thread-1] c.o.tourguide.service.RewardsService     : Checking if the user 3ed339c3-82d5-4c74-b30f-6c9ec336b3f8 already get close from Bryant-Denny Stadium
2023-09-27T16:51:42.206+02:00 DEBUG 7856 --- [pool-2-thread-1] c.o.tourguide.service.RewardsService     : Calculate distance between -87.550438/33.208973 and 88.31486159196118/-28.058312370295376
2023-09-27T16:51:42.206+02:00 DEBUG 7856 --- [pool-2-thread-1] c.o.tourguide.service.RewardsService     : Checking if the user 3ed339c3-82d5-4c74-b30f-6c9ec336b3f8 already get close from Tiger Stadium
2023-09-27T16:51:42.206+02:00 DEBUG 7856 --- [pool-2-thread-1] c.o.tourguide.service.RewardsService     : Calculate distance between -91.183815/30.412035 and 88.31486159196118/-28.058312370295376
2023-09-27T16:51:42.206+02:00 DEBUG 7856 --- [pool-2-thread-1] c.o.tourguide.service.RewardsService     : Checking if the user 3ed339c3-82d5-4c74-b30f-6c9ec336b3f8 already get close from Neyland Stadium
2023-09-27T16:51:42.206+02:00 DEBUG 7856 --- [pool-2-thread-1] c.o.tourguide.service.RewardsService     : Calculate distance between -83.925011/35.955013 and 88.31486159196118/-28.058312370295376
2023-09-27T16:51:42.206+02:00 DEBUG 7856 --- [pool-2-thread-1] c.o.tourguide.service.RewardsService     : Checking if the user 3ed339c3-82d5-4c74-b30f-6c9ec336b3f8 already get close from Kyle Field
2023-09-27T16:51:42.206+02:00 DEBUG 7856 --- [pool-2-thread-1] c.o.tourguide.service.RewardsService     : Calculate distance between -96.339844/30.61025 and 88.31486159196118/-28.058312370295376
2023-09-27T16:51:42.206+02:00 DEBUG 7856 --- [pool-2-thread-1] c.o.tourguide.service.RewardsService     : Checking if the user 3ed339c3-82d5-4c74-b30f-6c9ec336b3f8 already get close from San Diego Zoo
2023-09-27T16:51:42.206+02:00 DEBUG 7856 --- [pool-2-thread-1] c.o.tourguide.service.RewardsService     : Calculate distance between -117.149048/32.735317 and 88.31486159196118/-28.058312370295376
2023-09-27T16:51:42.206+02:00 DEBUG 7856 --- [pool-2-thread-1] c.o.tourguide.service.RewardsService     : Checking if the user 3ed339c3-82d5-4c74-b30f-6c9ec336b3f8 already get close from Zoo Tampa at Lowry Park
2023-09-27T16:51:42.206+02:00 DEBUG 7856 --- [pool-2-thread-1] c.o.tourguide.service.RewardsService     : Calculate distance between -82.469269/28.012804 and 88.31486159196118/-28.058312370295376
2023-09-27T16:51:42.206+02:00 DEBUG 7856 --- [pool-2-thread-1] c.o.tourguide.service.RewardsService     : Checking if the user 3ed339c3-82d5-4c74-b30f-6c9ec336b3f8 already get close from Franklin Park Zoo
2023-09-27T16:51:42.207+02:00 DEBUG 7856 --- [pool-2-thread-1] c.o.tourguide.service.RewardsService     : Calculate distance between -71.086731/42.302601 and 88.31486159196118/-28.058312370295376
2023-09-27T16:51:42.207+02:00 DEBUG 7856 --- [pool-2-thread-1] c.o.tourguide.service.RewardsService     : Checking if the user 3ed339c3-82d5-4c74-b30f-6c9ec336b3f8 already get close from El Paso Zoo
2023-09-27T16:51:42.207+02:00 DEBUG 7856 --- [pool-2-thread-1] c.o.tourguide.service.RewardsService     : Calculate distance between -106.44487/31.769125 and 88.31486159196118/-28.058312370295376
2023-09-27T16:51:42.207+02:00 DEBUG 7856 --- [pool-2-thread-1] c.o.tourguide.service.RewardsService     : Checking if the user 3ed339c3-82d5-4c74-b30f-6c9ec336b3f8 already get close from Kansas City Zoo
2023-09-27T16:51:42.207+02:00 DEBUG 7856 --- [pool-2-thread-1] c.o.tourguide.service.RewardsService     : Calculate distance between -94.529625/39.007504 and 88.31486159196118/-28.058312370295376
2023-09-27T16:51:42.207+02:00 DEBUG 7856 --- [pool-2-thread-1] c.o.tourguide.service.RewardsService     : Checking if the user 3ed339c3-82d5-4c74-b30f-6c9ec336b3f8 already get close from Bronx Zoo
2023-09-27T16:51:42.207+02:00 DEBUG 7856 --- [pool-2-thread-1] c.o.tourguide.service.RewardsService     : Calculate distance between -73.872971/40.852905 and 88.31486159196118/-28.058312370295376
2023-09-27T16:51:42.207+02:00 DEBUG 7856 --- [pool-2-thread-1] c.o.tourguide.service.RewardsService     : Checking if the user 3ed339c3-82d5-4c74-b30f-6c9ec336b3f8 already get close from Cinderella Castle
2023-09-27T16:51:42.207+02:00 DEBUG 7856 --- [pool-2-thread-1] c.o.tourguide.service.RewardsService     : Calculate distance between -81.5812/28.419411 and 88.31486159196118/-28.058312370295376
2023-09-27T16:51:42.207+02:00 DEBUG 7856 --- [pool-2-thread-1] c.o.tourguide.service.RewardsService     : Checking if the user 3ed339c3-82d5-4c74-b30f-6c9ec336b3f8 already get close from Disneyland
2023-09-27T16:51:42.207+02:00 DEBUG 7856 --- [pool-2-thread-1] c.o.tourguide.service.RewardsService     : Calculate distance between -117.922008/33.817595 and -67.24708412303752/76.0412129108006
2023-09-27T16:51:42.207+02:00 DEBUG 7856 --- [pool-2-thread-1] c.o.tourguide.service.RewardsService     : Checking if the user 3ed339c3-82d5-4c74-b30f-6c9ec336b3f8 already get close from Jackson Hole
2023-09-27T16:51:42.207+02:00 DEBUG 7856 --- [pool-2-thread-1] c.o.tourguide.service.RewardsService     : Calculate distance between -110.821999/43.582767 and -67.24708412303752/76.0412129108006
2023-09-27T16:51:42.207+02:00 DEBUG 7856 --- [pool-2-thread-1] c.o.tourguide.service.RewardsService     : Checking if the user 3ed339c3-82d5-4c74-b30f-6c9ec336b3f8 already get close from Mojave National Preserve
2023-09-27T16:51:42.207+02:00 DEBUG 7856 --- [pool-2-thread-1] c.o.tourguide.service.RewardsService     : Calculate distance between -115.510399/35.141689 and -67.24708412303752/76.0412129108006
2023-09-27T16:51:42.207+02:00 DEBUG 7856 --- [pool-2-thread-1] c.o.tourguide.service.RewardsService     : Checking if the user 3ed339c3-82d5-4c74-b30f-6c9ec336b3f8 already get close from Joshua Tree National Park
2023-09-27T16:51:42.207+02:00 DEBUG 7856 --- [pool-2-thread-1] c.o.tourguide.service.RewardsService     : Calculate distance between -115.90065/33.881866 and -67.24708412303752/76.0412129108006
2023-09-27T16:51:42.207+02:00 DEBUG 7856 --- [pool-2-thread-1] c.o.tourguide.service.RewardsService     : Checking if the user 3ed339c3-82d5-4c74-b30f-6c9ec336b3f8 already get close from Buffalo National River
2023-09-27T16:51:42.207+02:00 DEBUG 7856 --- [pool-2-thread-1] c.o.tourguide.service.RewardsService     : Calculate distance between -92.757652/35.985512 and -67.24708412303752/76.0412129108006
2023-09-27T16:51:42.207+02:00 DEBUG 7856 --- [pool-2-thread-1] c.o.tourguide.service.RewardsService     : Checking if the user 3ed339c3-82d5-4c74-b30f-6c9ec336b3f8 already get close from Hot Springs National Park
2023-09-27T16:51:42.207+02:00 DEBUG 7856 --- [pool-2-thread-1] c.o.tourguide.service.RewardsService     : Calculate distance between -93.042267/34.52153 and -67.24708412303752/76.0412129108006
2023-09-27T16:51:42.207+02:00 DEBUG 7856 --- [pool-2-thread-1] c.o.tourguide.service.RewardsService     : Checking if the user 3ed339c3-82d5-4c74-b30f-6c9ec336b3f8 already get close from Kartchner Caverns State Park
2023-09-27T16:51:42.207+02:00 DEBUG 7856 --- [pool-2-thread-1] c.o.tourguide.service.RewardsService     : Calculate distance between -110.347382/31.837551 and -67.24708412303752/76.0412129108006
2023-09-27T16:51:42.207+02:00 DEBUG 7856 --- [pool-2-thread-1] c.o.tourguide.service.RewardsService     : Checking if the user 3ed339c3-82d5-4c74-b30f-6c9ec336b3f8 already get close from Legend Valley
2023-09-27T16:51:42.207+02:00 DEBUG 7856 --- [pool-2-thread-1] c.o.tourguide.service.RewardsService     : Calculate distance between -82.40667/39.937778 and -67.24708412303752/76.0412129108006
2023-09-27T16:51:42.207+02:00 DEBUG 7856 --- [pool-2-thread-1] c.o.tourguide.service.RewardsService     : Checking if the user 3ed339c3-82d5-4c74-b30f-6c9ec336b3f8 already get close from Flowers Bakery of London
2023-09-27T16:51:42.207+02:00 DEBUG 7856 --- [pool-2-thread-1] c.o.tourguide.service.RewardsService     : Calculate distance between -84.07486/37.131527 and -67.24708412303752/76.0412129108006
2023-09-27T16:51:42.207+02:00 DEBUG 7856 --- [pool-2-thread-1] c.o.tourguide.service.RewardsService     : Checking if the user 3ed339c3-82d5-4c74-b30f-6c9ec336b3f8 already get close from McKinley Tower
2023-09-27T16:51:42.207+02:00 DEBUG 7856 --- [pool-2-thread-1] c.o.tourguide.service.RewardsService     : Calculate distance between -149.877502/61.218887 and -67.24708412303752/76.0412129108006
2023-09-27T16:51:42.207+02:00 DEBUG 7856 --- [pool-2-thread-1] c.o.tourguide.service.RewardsService     : Checking if the user 3ed339c3-82d5-4c74-b30f-6c9ec336b3f8 already get close from Flatiron Building
2023-09-27T16:51:42.207+02:00 DEBUG 7856 --- [pool-2-thread-1] c.o.tourguide.service.RewardsService     : Calculate distance between -73.989723/40.741112 and -67.24708412303752/76.0412129108006
2023-09-27T16:51:42.207+02:00 DEBUG 7856 --- [pool-2-thread-1] c.o.tourguide.service.RewardsService     : Checking if the user 3ed339c3-82d5-4c74-b30f-6c9ec336b3f8 already get close from Fallingwater
2023-09-27T16:51:42.207+02:00 DEBUG 7856 --- [pool-2-thread-1] c.o.tourguide.service.RewardsService     : Calculate distance between -79.468056/39.906113 and -67.24708412303752/76.0412129108006
2023-09-27T16:51:42.207+02:00 DEBUG 7856 --- [pool-2-thread-1] c.o.tourguide.service.RewardsService     : Checking if the user 3ed339c3-82d5-4c74-b30f-6c9ec336b3f8 already get close from Union Station
2023-09-27T16:51:42.207+02:00 DEBUG 7856 --- [pool-2-thread-1] c.o.tourguide.service.RewardsService     : Calculate distance between -77.006332/38.897095 and -67.24708412303752/76.0412129108006
2023-09-27T16:51:42.207+02:00 DEBUG 7856 --- [pool-2-thread-1] c.o.tourguide.service.RewardsService     : Checking if the user 3ed339c3-82d5-4c74-b30f-6c9ec336b3f8 already get close from Roger Dean Stadium
2023-09-27T16:51:42.207+02:00 DEBUG 7856 --- [pool-2-thread-1] c.o.tourguide.service.RewardsService     : Calculate distance between -80.116577/26.890959 and -67.24708412303752/76.0412129108006
2023-09-27T16:51:42.207+02:00 DEBUG 7856 --- [pool-2-thread-1] c.o.tourguide.service.RewardsService     : Checking if the user 3ed339c3-82d5-4c74-b30f-6c9ec336b3f8 already get close from Texas Memorial Stadium
2023-09-27T16:51:42.207+02:00 DEBUG 7856 --- [pool-2-thread-1] c.o.tourguide.service.RewardsService     : Calculate distance between -97.732536/30.283682 and -67.24708412303752/76.0412129108006
2023-09-27T16:51:42.207+02:00 DEBUG 7856 --- [pool-2-thread-1] c.o.tourguide.service.RewardsService     : Checking if the user 3ed339c3-82d5-4c74-b30f-6c9ec336b3f8 already get close from Bryant-Denny Stadium
2023-09-27T16:51:42.207+02:00 DEBUG 7856 --- [pool-2-thread-1] c.o.tourguide.service.RewardsService     : Calculate distance between -87.550438/33.208973 and -67.24708412303752/76.0412129108006
2023-09-27T16:51:42.207+02:00 DEBUG 7856 --- [pool-2-thread-1] c.o.tourguide.service.RewardsService     : Checking if the user 3ed339c3-82d5-4c74-b30f-6c9ec336b3f8 already get close from Tiger Stadium
2023-09-27T16:51:42.207+02:00 DEBUG 7856 --- [pool-2-thread-1] c.o.tourguide.service.RewardsService     : Calculate distance between -91.183815/30.412035 and -67.24708412303752/76.0412129108006
2023-09-27T16:51:42.207+02:00 DEBUG 7856 --- [pool-2-thread-1] c.o.tourguide.service.RewardsService     : Checking if the user 3ed339c3-82d5-4c74-b30f-6c9ec336b3f8 already get close from Neyland Stadium
2023-09-27T16:51:42.207+02:00 DEBUG 7856 --- [pool-2-thread-1] c.o.tourguide.service.RewardsService     : Calculate distance between -83.925011/35.955013 and -67.24708412303752/76.0412129108006
2023-09-27T16:51:42.207+02:00 DEBUG 7856 --- [pool-2-thread-1] c.o.tourguide.service.RewardsService     : Checking if the user 3ed339c3-82d5-4c74-b30f-6c9ec336b3f8 already get close from Kyle Field
2023-09-27T16:51:42.207+02:00 DEBUG 7856 --- [pool-2-thread-1] c.o.tourguide.service.RewardsService     : Calculate distance between -96.339844/30.61025 and -67.24708412303752/76.0412129108006
2023-09-27T16:51:42.207+02:00 DEBUG 7856 --- [pool-2-thread-1] c.o.tourguide.service.RewardsService     : Checking if the user 3ed339c3-82d5-4c74-b30f-6c9ec336b3f8 already get close from San Diego Zoo
2023-09-27T16:51:42.207+02:00 DEBUG 7856 --- [pool-2-thread-1] c.o.tourguide.service.RewardsService     : Calculate distance between -117.149048/32.735317 and -67.24708412303752/76.0412129108006
2023-09-27T16:51:42.207+02:00 DEBUG 7856 --- [pool-2-thread-1] c.o.tourguide.service.RewardsService     : Checking if the user 3ed339c3-82d5-4c74-b30f-6c9ec336b3f8 already get close from Zoo Tampa at Lowry Park
2023-09-27T16:51:42.207+02:00 DEBUG 7856 --- [pool-2-thread-1] c.o.tourguide.service.RewardsService     : Calculate distance between -82.469269/28.012804 and -67.24708412303752/76.0412129108006
2023-09-27T16:51:42.207+02:00 DEBUG 7856 --- [pool-2-thread-1] c.o.tourguide.service.RewardsService     : Checking if the user 3ed339c3-82d5-4c74-b30f-6c9ec336b3f8 already get close from Franklin Park Zoo
2023-09-27T16:51:42.207+02:00 DEBUG 7856 --- [pool-2-thread-1] c.o.tourguide.service.RewardsService     : Calculate distance between -71.086731/42.302601 and -67.24708412303752/76.0412129108006
2023-09-27T16:51:42.207+02:00 DEBUG 7856 --- [pool-2-thread-1] c.o.tourguide.service.RewardsService     : Checking if the user 3ed339c3-82d5-4c74-b30f-6c9ec336b3f8 already get close from El Paso Zoo
2023-09-27T16:51:42.207+02:00 DEBUG 7856 --- [pool-2-thread-1] c.o.tourguide.service.RewardsService     : Calculate distance between -106.44487/31.769125 and -67.24708412303752/76.0412129108006
2023-09-27T16:51:42.207+02:00 DEBUG 7856 --- [pool-2-thread-1] c.o.tourguide.service.RewardsService     : Checking if the user 3ed339c3-82d5-4c74-b30f-6c9ec336b3f8 already get close from Kansas City Zoo
2023-09-27T16:51:42.207+02:00 DEBUG 7856 --- [pool-2-thread-1] c.o.tourguide.service.RewardsService     : Calculate distance between -94.529625/39.007504 and -67.24708412303752/76.0412129108006
2023-09-27T16:51:42.207+02:00 DEBUG 7856 --- [pool-2-thread-1] c.o.tourguide.service.RewardsService     : Checking if the user 3ed339c3-82d5-4c74-b30f-6c9ec336b3f8 already get close from Bronx Zoo
2023-09-27T16:51:42.207+02:00 DEBUG 7856 --- [pool-2-thread-1] c.o.tourguide.service.RewardsService     : Calculate distance between -73.872971/40.852905 and -67.24708412303752/76.0412129108006
2023-09-27T16:51:42.207+02:00 DEBUG 7856 --- [pool-2-thread-1] c.o.tourguide.service.RewardsService     : Checking if the user 3ed339c3-82d5-4c74-b30f-6c9ec336b3f8 already get close from Cinderella Castle
2023-09-27T16:51:42.207+02:00 DEBUG 7856 --- [pool-2-thread-1] c.o.tourguide.service.RewardsService     : Calculate distance between -81.5812/28.419411 and -67.24708412303752/76.0412129108006
2023-09-27T16:51:42.207+02:00 DEBUG 7856 --- [pool-2-thread-1] c.o.tourguide.service.RewardsService     : Checking if the user 3ed339c3-82d5-4c74-b30f-6c9ec336b3f8 already get close from Disneyland
2023-09-27T16:51:42.207+02:00 DEBUG 7856 --- [pool-2-thread-1] c.o.tourguide.service.RewardsService     : Calculate distance between -117.922008/33.817595 and 58.940333/49.373888
2023-09-27T16:51:42.207+02:00 DEBUG 7856 --- [pool-2-thread-1] c.o.tourguide.service.RewardsService     : Checking if the user 3ed339c3-82d5-4c74-b30f-6c9ec336b3f8 already get close from Jackson Hole
2023-09-27T16:51:42.207+02:00 DEBUG 7856 --- [pool-2-thread-1] c.o.tourguide.service.RewardsService     : Calculate distance between -110.821999/43.582767 and 58.940333/49.373888
2023-09-27T16:51:42.207+02:00 DEBUG 7856 --- [pool-2-thread-1] c.o.tourguide.service.RewardsService     : Checking if the user 3ed339c3-82d5-4c74-b30f-6c9ec336b3f8 already get close from Mojave National Preserve
2023-09-27T16:51:42.207+02:00 DEBUG 7856 --- [pool-2-thread-1] c.o.tourguide.service.RewardsService     : Calculate distance between -115.510399/35.141689 and 58.940333/49.373888
2023-09-27T16:51:42.207+02:00 DEBUG 7856 --- [pool-2-thread-1] c.o.tourguide.service.RewardsService     : Checking if the user 3ed339c3-82d5-4c74-b30f-6c9ec336b3f8 already get close from Joshua Tree National Park
2023-09-27T16:51:42.207+02:00 DEBUG 7856 --- [pool-2-thread-1] c.o.tourguide.service.RewardsService     : Calculate distance between -115.90065/33.881866 and 58.940333/49.373888
2023-09-27T16:51:42.207+02:00 DEBUG 7856 --- [pool-2-thread-1] c.o.tourguide.service.RewardsService     : Checking if the user 3ed339c3-82d5-4c74-b30f-6c9ec336b3f8 already get close from Buffalo National River
2023-09-27T16:51:42.207+02:00 DEBUG 7856 --- [pool-2-thread-1] c.o.tourguide.service.RewardsService     : Calculate distance between -92.757652/35.985512 and 58.940333/49.373888
2023-09-27T16:51:42.207+02:00 DEBUG 7856 --- [pool-2-thread-1] c.o.tourguide.service.RewardsService     : Checking if the user 3ed339c3-82d5-4c74-b30f-6c9ec336b3f8 already get close from Hot Springs National Park
2023-09-27T16:51:42.207+02:00 DEBUG 7856 --- [pool-2-thread-1] c.o.tourguide.service.RewardsService     : Calculate distance between -93.042267/34.52153 and 58.940333/49.373888
2023-09-27T16:51:42.207+02:00 DEBUG 7856 --- [pool-2-thread-1] c.o.tourguide.service.RewardsService     : Checking if the user 3ed339c3-82d5-4c74-b30f-6c9ec336b3f8 already get close from Kartchner Caverns State Park
2023-09-27T16:51:42.207+02:00 DEBUG 7856 --- [pool-2-thread-1] c.o.tourguide.service.RewardsService     : Calculate distance between -110.347382/31.837551 and 58.940333/49.373888
2023-09-27T16:51:42.207+02:00 DEBUG 7856 --- [pool-2-thread-1] c.o.tourguide.service.RewardsService     : Checking if the user 3ed339c3-82d5-4c74-b30f-6c9ec336b3f8 already get close from Legend Valley
2023-09-27T16:51:42.207+02:00 DEBUG 7856 --- [pool-2-thread-1] c.o.tourguide.service.RewardsService     : Calculate distance between -82.40667/39.937778 and 58.940333/49.373888
2023-09-27T16:51:42.207+02:00 DEBUG 7856 --- [pool-2-thread-1] c.o.tourguide.service.RewardsService     : Checking if the user 3ed339c3-82d5-4c74-b30f-6c9ec336b3f8 already get close from Flowers Bakery of London
2023-09-27T16:51:42.207+02:00 DEBUG 7856 --- [pool-2-thread-1] c.o.tourguide.service.RewardsService     : Calculate distance between -84.07486/37.131527 and 58.940333/49.373888
2023-09-27T16:51:42.207+02:00 DEBUG 7856 --- [pool-2-thread-1] c.o.tourguide.service.RewardsService     : Checking if the user 3ed339c3-82d5-4c74-b30f-6c9ec336b3f8 already get close from McKinley Tower
2023-09-27T16:51:42.207+02:00 DEBUG 7856 --- [pool-2-thread-1] c.o.tourguide.service.RewardsService     : Calculate distance between -149.877502/61.218887 and 58.940333/49.373888
2023-09-27T16:51:42.207+02:00 DEBUG 7856 --- [pool-2-thread-1] c.o.tourguide.service.RewardsService     : Checking if the user 3ed339c3-82d5-4c74-b30f-6c9ec336b3f8 already get close from Flatiron Building
2023-09-27T16:51:42.207+02:00 DEBUG 7856 --- [pool-2-thread-1] c.o.tourguide.service.RewardsService     : Calculate distance between -73.989723/40.741112 and 58.940333/49.373888
2023-09-27T16:51:42.207+02:00 DEBUG 7856 --- [pool-2-thread-1] c.o.tourguide.service.RewardsService     : Checking if the user 3ed339c3-82d5-4c74-b30f-6c9ec336b3f8 already get close from Fallingwater
2023-09-27T16:51:42.207+02:00 DEBUG 7856 --- [pool-2-thread-1] c.o.tourguide.service.RewardsService     : Calculate distance between -79.468056/39.906113 and 58.940333/49.373888
2023-09-27T16:51:42.207+02:00 DEBUG 7856 --- [pool-2-thread-1] c.o.tourguide.service.RewardsService     : Checking if the user 3ed339c3-82d5-4c74-b30f-6c9ec336b3f8 already get close from Union Station
2023-09-27T16:51:42.207+02:00 DEBUG 7856 --- [pool-2-thread-1] c.o.tourguide.service.RewardsService     : Calculate distance between -77.006332/38.897095 and 58.940333/49.373888
2023-09-27T16:51:42.207+02:00 DEBUG 7856 --- [pool-2-thread-1] c.o.tourguide.service.RewardsService     : Checking if the user 3ed339c3-82d5-4c74-b30f-6c9ec336b3f8 already get close from Roger Dean Stadium
2023-09-27T16:51:42.207+02:00 DEBUG 7856 --- [pool-2-thread-1] c.o.tourguide.service.RewardsService     : Calculate distance between -80.116577/26.890959 and 58.940333/49.373888
2023-09-27T16:51:42.207+02:00 DEBUG 7856 --- [pool-2-thread-1] c.o.tourguide.service.RewardsService     : Checking if the user 3ed339c3-82d5-4c74-b30f-6c9ec336b3f8 already get close from Texas Memorial Stadium
2023-09-27T16:51:42.207+02:00 DEBUG 7856 --- [pool-2-thread-1] c.o.tourguide.service.RewardsService     : Calculate distance between -97.732536/30.283682 and 58.940333/49.373888
2023-09-27T16:51:42.207+02:00 DEBUG 7856 --- [pool-2-thread-1] c.o.tourguide.service.RewardsService     : Checking if the user 3ed339c3-82d5-4c74-b30f-6c9ec336b3f8 already get close from Bryant-Denny Stadium
2023-09-27T16:51:42.207+02:00 DEBUG 7856 --- [pool-2-thread-1] c.o.tourguide.service.RewardsService     : Calculate distance between -87.550438/33.208973 and 58.940333/49.373888
2023-09-27T16:51:42.207+02:00 DEBUG 7856 --- [pool-2-thread-1] c.o.tourguide.service.RewardsService     : Checking if the user 3ed339c3-82d5-4c74-b30f-6c9ec336b3f8 already get close from Tiger Stadium
2023-09-27T16:51:42.207+02:00 DEBUG 7856 --- [pool-2-thread-1] c.o.tourguide.service.RewardsService     : Calculate distance between -91.183815/30.412035 and 58.940333/49.373888
2023-09-27T16:51:42.207+02:00 DEBUG 7856 --- [pool-2-thread-1] c.o.tourguide.service.RewardsService     : Checking if the user 3ed339c3-82d5-4c74-b30f-6c9ec336b3f8 already get close from Neyland Stadium
2023-09-27T16:51:42.207+02:00 DEBUG 7856 --- [pool-2-thread-1] c.o.tourguide.service.RewardsService     : Calculate distance between -83.925011/35.955013 and 58.940333/49.373888
2023-09-27T16:51:42.207+02:00 DEBUG 7856 --- [pool-2-thread-1] c.o.tourguide.service.RewardsService     : Checking if the user 3ed339c3-82d5-4c74-b30f-6c9ec336b3f8 already get close from Kyle Field
2023-09-27T16:51:42.207+02:00 DEBUG 7856 --- [pool-2-thread-1] c.o.tourguide.service.RewardsService     : Calculate distance between -96.339844/30.61025 and 58.940333/49.373888
2023-09-27T16:51:42.207+02:00 DEBUG 7856 --- [pool-2-thread-1] c.o.tourguide.service.RewardsService     : Checking if the user 3ed339c3-82d5-4c74-b30f-6c9ec336b3f8 already get close from San Diego Zoo
2023-09-27T16:51:42.207+02:00 DEBUG 7856 --- [pool-2-thread-1] c.o.tourguide.service.RewardsService     : Calculate distance between -117.149048/32.735317 and 58.940333/49.373888
2023-09-27T16:51:42.207+02:00 DEBUG 7856 --- [pool-2-thread-1] c.o.tourguide.service.RewardsService     : Checking if the user 3ed339c3-82d5-4c74-b30f-6c9ec336b3f8 already get close from Zoo Tampa at Lowry Park
2023-09-27T16:51:42.207+02:00 DEBUG 7856 --- [pool-2-thread-1] c.o.tourguide.service.RewardsService     : Calculate distance between -82.469269/28.012804 and 58.940333/49.373888
2023-09-27T16:51:42.207+02:00 DEBUG 7856 --- [pool-2-thread-1] c.o.tourguide.service.RewardsService     : Checking if the user 3ed339c3-82d5-4c74-b30f-6c9ec336b3f8 already get close from Franklin Park Zoo
2023-09-27T16:51:42.207+02:00 DEBUG 7856 --- [pool-2-thread-1] c.o.tourguide.service.RewardsService     : Calculate distance between -71.086731/42.302601 and 58.940333/49.373888
2023-09-27T16:51:42.207+02:00 DEBUG 7856 --- [pool-2-thread-1] c.o.tourguide.service.RewardsService     : Checking if the user 3ed339c3-82d5-4c74-b30f-6c9ec336b3f8 already get close from El Paso Zoo
2023-09-27T16:51:42.207+02:00 DEBUG 7856 --- [pool-2-thread-1] c.o.tourguide.service.RewardsService     : Calculate distance between -106.44487/31.769125 and 58.940333/49.373888
2023-09-27T16:51:42.207+02:00 DEBUG 7856 --- [pool-2-thread-1] c.o.tourguide.service.RewardsService     : Checking if the user 3ed339c3-82d5-4c74-b30f-6c9ec336b3f8 already get close from Kansas City Zoo
2023-09-27T16:51:42.207+02:00 DEBUG 7856 --- [pool-2-thread-1] c.o.tourguide.service.RewardsService     : Calculate distance between -94.529625/39.007504 and 58.940333/49.373888
2023-09-27T16:51:42.207+02:00 DEBUG 7856 --- [pool-2-thread-1] c.o.tourguide.service.RewardsService     : Checking if the user 3ed339c3-82d5-4c74-b30f-6c9ec336b3f8 already get close from Bronx Zoo
2023-09-27T16:51:42.207+02:00 DEBUG 7856 --- [pool-2-thread-1] c.o.tourguide.service.RewardsService     : Calculate distance between -73.872971/40.852905 and 58.940333/49.373888
2023-09-27T16:51:42.207+02:00 DEBUG 7856 --- [pool-2-thread-1] c.o.tourguide.service.RewardsService     : Checking if the user 3ed339c3-82d5-4c74-b30f-6c9ec336b3f8 already get close from Cinderella Castle
2023-09-27T16:51:42.207+02:00 DEBUG 7856 --- [pool-2-thread-1] c.o.tourguide.service.RewardsService     : Calculate distance between -81.5812/28.419411 and 58.940333/49.373888
2023-09-27T16:51:42.207+02:00 DEBUG 7856 --- [pool-2-thread-1] c.o.tourguide.service.RewardsService     : Checking if the user 3ed339c3-82d5-4c74-b30f-6c9ec336b3f8 already get close from Disneyland
2023-09-27T16:51:42.207+02:00 DEBUG 7856 --- [pool-2-thread-1] c.o.tourguide.service.RewardsService     : Calculate distance between -117.922008/33.817595 and 156.557802/-62.405838
2023-09-27T16:51:42.207+02:00 DEBUG 7856 --- [pool-2-thread-1] c.o.tourguide.service.RewardsService     : Checking if the user 3ed339c3-82d5-4c74-b30f-6c9ec336b3f8 already get close from Jackson Hole
2023-09-27T16:51:42.207+02:00 DEBUG 7856 --- [pool-2-thread-1] c.o.tourguide.service.RewardsService     : Calculate distance between -110.821999/43.582767 and 156.557802/-62.405838
2023-09-27T16:51:42.207+02:00 DEBUG 7856 --- [pool-2-thread-1] c.o.tourguide.service.RewardsService     : Checking if the user 3ed339c3-82d5-4c74-b30f-6c9ec336b3f8 already get close from Mojave National Preserve
2023-09-27T16:51:42.207+02:00 DEBUG 7856 --- [pool-2-thread-1] c.o.tourguide.service.RewardsService     : Calculate distance between -115.510399/35.141689 and 156.557802/-62.405838
2023-09-27T16:51:42.207+02:00 DEBUG 7856 --- [pool-2-thread-1] c.o.tourguide.service.RewardsService     : Checking if the user 3ed339c3-82d5-4c74-b30f-6c9ec336b3f8 already get close from Joshua Tree National Park
2023-09-27T16:51:42.207+02:00 DEBUG 7856 --- [pool-2-thread-1] c.o.tourguide.service.RewardsService     : Calculate distance between -115.90065/33.881866 and 156.557802/-62.405838
2023-09-27T16:51:42.207+02:00 DEBUG 7856 --- [pool-2-thread-1] c.o.tourguide.service.RewardsService     : Checking if the user 3ed339c3-82d5-4c74-b30f-6c9ec336b3f8 already get close from Buffalo National River
2023-09-27T16:51:42.207+02:00 DEBUG 7856 --- [pool-2-thread-1] c.o.tourguide.service.RewardsService     : Calculate distance between -92.757652/35.985512 and 156.557802/-62.405838
2023-09-27T16:51:42.207+02:00 DEBUG 7856 --- [pool-2-thread-1] c.o.tourguide.service.RewardsService     : Checking if the user 3ed339c3-82d5-4c74-b30f-6c9ec336b3f8 already get close from Hot Springs National Park
2023-09-27T16:51:42.208+02:00 DEBUG 7856 --- [pool-2-thread-1] c.o.tourguide.service.RewardsService     : Calculate distance between -93.042267/34.52153 and 156.557802/-62.405838
2023-09-27T16:51:42.208+02:00 DEBUG 7856 --- [pool-2-thread-1] c.o.tourguide.service.RewardsService     : Checking if the user 3ed339c3-82d5-4c74-b30f-6c9ec336b3f8 already get close from Kartchner Caverns State Park
2023-09-27T16:51:42.208+02:00 DEBUG 7856 --- [pool-2-thread-1] c.o.tourguide.service.RewardsService     : Calculate distance between -110.347382/31.837551 and 156.557802/-62.405838
2023-09-27T16:51:42.208+02:00 DEBUG 7856 --- [pool-2-thread-1] c.o.tourguide.service.RewardsService     : Checking if the user 3ed339c3-82d5-4c74-b30f-6c9ec336b3f8 already get close from Legend Valley
2023-09-27T16:51:42.208+02:00 DEBUG 7856 --- [pool-2-thread-1] c.o.tourguide.service.RewardsService     : Calculate distance between -82.40667/39.937778 and 156.557802/-62.405838
2023-09-27T16:51:42.208+02:00 DEBUG 7856 --- [pool-2-thread-1] c.o.tourguide.service.RewardsService     : Checking if the user 3ed339c3-82d5-4c74-b30f-6c9ec336b3f8 already get close from Flowers Bakery of London
2023-09-27T16:51:42.208+02:00 DEBUG 7856 --- [pool-2-thread-1] c.o.tourguide.service.RewardsService     : Calculate distance between -84.07486/37.131527 and 156.557802/-62.405838
2023-09-27T16:51:42.208+02:00 DEBUG 7856 --- [pool-2-thread-1] c.o.tourguide.service.RewardsService     : Checking if the user 3ed339c3-82d5-4c74-b30f-6c9ec336b3f8 already get close from McKinley Tower
2023-09-27T16:51:42.208+02:00 DEBUG 7856 --- [pool-2-thread-1] c.o.tourguide.service.RewardsService     : Calculate distance between -149.877502/61.218887 and 156.557802/-62.405838
2023-09-27T16:51:42.208+02:00 DEBUG 7856 --- [pool-2-thread-1] c.o.tourguide.service.RewardsService     : Checking if the user 3ed339c3-82d5-4c74-b30f-6c9ec336b3f8 already get close from Flatiron Building
2023-09-27T16:51:42.208+02:00 DEBUG 7856 --- [pool-2-thread-1] c.o.tourguide.service.RewardsService     : Calculate distance between -73.989723/40.741112 and 156.557802/-62.405838
2023-09-27T16:51:42.208+02:00 DEBUG 7856 --- [pool-2-thread-1] c.o.tourguide.service.RewardsService     : Checking if the user 3ed339c3-82d5-4c74-b30f-6c9ec336b3f8 already get close from Fallingwater
2023-09-27T16:51:42.208+02:00 DEBUG 7856 --- [pool-2-thread-1] c.o.tourguide.service.RewardsService     : Calculate distance between -79.468056/39.906113 and 156.557802/-62.405838
2023-09-27T16:51:42.208+02:00 DEBUG 7856 --- [pool-2-thread-1] c.o.tourguide.service.RewardsService     : Checking if the user 3ed339c3-82d5-4c74-b30f-6c9ec336b3f8 already get close from Union Station
2023-09-27T16:51:42.208+02:00 DEBUG 7856 --- [pool-2-thread-1] c.o.tourguide.service.RewardsService     : Calculate distance between -77.006332/38.897095 and 156.557802/-62.405838
2023-09-27T16:51:42.208+02:00 DEBUG 7856 --- [pool-2-thread-1] c.o.tourguide.service.RewardsService     : Checking if the user 3ed339c3-82d5-4c74-b30f-6c9ec336b3f8 already get close from Roger Dean Stadium
2023-09-27T16:51:42.208+02:00 DEBUG 7856 --- [pool-2-thread-1] c.o.tourguide.service.RewardsService     : Calculate distance between -80.116577/26.890959 and 156.557802/-62.405838
2023-09-27T16:51:42.208+02:00 DEBUG 7856 --- [pool-2-thread-1] c.o.tourguide.service.RewardsService     : Checking if the user 3ed339c3-82d5-4c74-b30f-6c9ec336b3f8 already get close from Texas Memorial Stadium
2023-09-27T16:51:42.208+02:00 DEBUG 7856 --- [pool-2-thread-1] c.o.tourguide.service.RewardsService     : Calculate distance between -97.732536/30.283682 and 156.557802/-62.405838
2023-09-27T16:51:42.208+02:00 DEBUG 7856 --- [pool-2-thread-1] c.o.tourguide.service.RewardsService     : Checking if the user 3ed339c3-82d5-4c74-b30f-6c9ec336b3f8 already get close from Bryant-Denny Stadium
2023-09-27T16:51:42.208+02:00 DEBUG 7856 --- [pool-2-thread-1] c.o.tourguide.service.RewardsService     : Calculate distance between -87.550438/33.208973 and 156.557802/-62.405838
2023-09-27T16:51:42.208+02:00 DEBUG 7856 --- [pool-2-thread-1] c.o.tourguide.service.RewardsService     : Checking if the user 3ed339c3-82d5-4c74-b30f-6c9ec336b3f8 already get close from Tiger Stadium
2023-09-27T16:51:42.208+02:00 DEBUG 7856 --- [pool-2-thread-1] c.o.tourguide.service.RewardsService     : Calculate distance between -91.183815/30.412035 and 156.557802/-62.405838
2023-09-27T16:51:42.208+02:00 DEBUG 7856 --- [pool-2-thread-1] c.o.tourguide.service.RewardsService     : Checking if the user 3ed339c3-82d5-4c74-b30f-6c9ec336b3f8 already get close from Neyland Stadium
2023-09-27T16:51:42.208+02:00 DEBUG 7856 --- [pool-2-thread-1] c.o.tourguide.service.RewardsService     : Calculate distance between -83.925011/35.955013 and 156.557802/-62.405838
2023-09-27T16:51:42.208+02:00 DEBUG 7856 --- [pool-2-thread-1] c.o.tourguide.service.RewardsService     : Checking if the user 3ed339c3-82d5-4c74-b30f-6c9ec336b3f8 already get close from Kyle Field
2023-09-27T16:51:42.208+02:00 DEBUG 7856 --- [pool-2-thread-1] c.o.tourguide.service.RewardsService     : Calculate distance between -96.339844/30.61025 and 156.557802/-62.405838
2023-09-27T16:51:42.208+02:00 DEBUG 7856 --- [pool-2-thread-1] c.o.tourguide.service.RewardsService     : Checking if the user 3ed339c3-82d5-4c74-b30f-6c9ec336b3f8 already get close from San Diego Zoo
2023-09-27T16:51:42.208+02:00 DEBUG 7856 --- [pool-2-thread-1] c.o.tourguide.service.RewardsService     : Calculate distance between -117.149048/32.735317 and 156.557802/-62.405838
2023-09-27T16:51:42.208+02:00 DEBUG 7856 --- [pool-2-thread-1] c.o.tourguide.service.RewardsService     : Checking if the user 3ed339c3-82d5-4c74-b30f-6c9ec336b3f8 already get close from Zoo Tampa at Lowry Park
2023-09-27T16:51:42.208+02:00 DEBUG 7856 --- [pool-2-thread-1] c.o.tourguide.service.RewardsService     : Calculate distance between -82.469269/28.012804 and 156.557802/-62.405838
2023-09-27T16:51:42.208+02:00 DEBUG 7856 --- [pool-2-thread-1] c.o.tourguide.service.RewardsService     : Checking if the user 3ed339c3-82d5-4c74-b30f-6c9ec336b3f8 already get close from Franklin Park Zoo
2023-09-27T16:51:42.208+02:00 DEBUG 7856 --- [pool-2-thread-1] c.o.tourguide.service.RewardsService     : Calculate distance between -71.086731/42.302601 and 156.557802/-62.405838
2023-09-27T16:51:42.208+02:00 DEBUG 7856 --- [pool-2-thread-1] c.o.tourguide.service.RewardsService     : Checking if the user 3ed339c3-82d5-4c74-b30f-6c9ec336b3f8 already get close from El Paso Zoo
2023-09-27T16:51:42.208+02:00 DEBUG 7856 --- [pool-2-thread-1] c.o.tourguide.service.RewardsService     : Calculate distance between -106.44487/31.769125 and 156.557802/-62.405838
2023-09-27T16:51:42.208+02:00 DEBUG 7856 --- [pool-2-thread-1] c.o.tourguide.service.RewardsService     : Checking if the user 3ed339c3-82d5-4c74-b30f-6c9ec336b3f8 already get close from Kansas City Zoo
2023-09-27T16:51:42.208+02:00 DEBUG 7856 --- [pool-2-thread-1] c.o.tourguide.service.RewardsService     : Calculate distance between -94.529625/39.007504 and 156.557802/-62.405838
2023-09-27T16:51:42.208+02:00 DEBUG 7856 --- [pool-2-thread-1] c.o.tourguide.service.RewardsService     : Checking if the user 3ed339c3-82d5-4c74-b30f-6c9ec336b3f8 already get close from Bronx Zoo
2023-09-27T16:51:42.208+02:00 DEBUG 7856 --- [pool-2-thread-1] c.o.tourguide.service.RewardsService     : Calculate distance between -73.872971/40.852905 and 156.557802/-62.405838
2023-09-27T16:51:42.208+02:00 DEBUG 7856 --- [pool-2-thread-1] c.o.tourguide.service.RewardsService     : Checking if the user 3ed339c3-82d5-4c74-b30f-6c9ec336b3f8 already get close from Cinderella Castle
2023-09-27T16:51:42.208+02:00 DEBUG 7856 --- [pool-2-thread-1] c.o.tourguide.service.RewardsService     : Calculate distance between -81.5812/28.419411 and 156.557802/-62.405838
2023-09-27T16:51:42.208+02:00 DEBUG 7856 --- [pool-2-thread-1] c.o.tourguide.service.RewardsService     : Trying to add 0 rewards
2023-09-27T16:51:42.305+02:00  INFO 7856 --- [pool-2-thread-1] c.o.tourguide.service.TourGuideService   : Adding the current location to the user internalUser6458
2023-09-27T16:51:42.305+02:00 DEBUG 7856 --- [pool-2-thread-1] c.o.tourguide.service.RewardsService     : calculate reward for internalUser6458 on his 5 known locations
2023-09-27T16:51:42.317+02:00 DEBUG 7856 --- [pool-2-thread-1] c.o.tourguide.service.RewardsService     : Checking if the user 2ecec01a-4849-4ed6-918e-4c5a2e3201f9 already get close from Disneyland
2023-09-27T16:51:42.317+02:00 DEBUG 7856 --- [pool-2-thread-1] c.o.tourguide.service.RewardsService     : Calculate distance between -117.922008/33.817595 and 140.79872248669966/-70.1856433185768
2023-09-27T16:51:42.317+02:00 DEBUG 7856 --- [pool-2-thread-1] c.o.tourguide.service.RewardsService     : Checking if the user 2ecec01a-4849-4ed6-918e-4c5a2e3201f9 already get close from Jackson Hole
2023-09-27T16:51:42.317+02:00 DEBUG 7856 --- [pool-2-thread-1] c.o.tourguide.service.RewardsService     : Calculate distance between -110.821999/43.582767 and 140.79872248669966/-70.1856433185768
2023-09-27T16:51:42.317+02:00 DEBUG 7856 --- [pool-2-thread-1] c.o.tourguide.service.RewardsService     : Checking if the user 2ecec01a-4849-4ed6-918e-4c5a2e3201f9 already get close from Mojave National Preserve
2023-09-27T16:51:42.317+02:00 DEBUG 7856 --- [pool-2-thread-1] c.o.tourguide.service.RewardsService     : Calculate distance between -115.510399/35.141689 and 140.79872248669966/-70.1856433185768
2023-09-27T16:51:42.317+02:00 DEBUG 7856 --- [pool-2-thread-1] c.o.tourguide.service.RewardsService     : Checking if the user 2ecec01a-4849-4ed6-918e-4c5a2e3201f9 already get close from Joshua Tree National Park
2023-09-27T16:51:42.317+02:00 DEBUG 7856 --- [pool-2-thread-1] c.o.tourguide.service.RewardsService     : Calculate distance between -115.90065/33.881866 and 140.79872248669966/-70.1856433185768
2023-09-27T16:51:42.317+02:00 DEBUG 7856 --- [pool-2-thread-1] c.o.tourguide.service.RewardsService     : Checking if the user 2ecec01a-4849-4ed6-918e-4c5a2e3201f9 already get close from Buffalo National River
2023-09-27T16:51:42.317+02:00 DEBUG 7856 --- [pool-2-thread-1] c.o.tourguide.service.RewardsService     : Calculate distance between -92.757652/35.985512 and 140.79872248669966/-70.1856433185768
2023-09-27T16:51:42.317+02:00 DEBUG 7856 --- [pool-2-thread-1] c.o.tourguide.service.RewardsService     : Checking if the user 2ecec01a-4849-4ed6-918e-4c5a2e3201f9 already get close from Hot Springs National Park
2023-09-27T16:51:42.317+02:00 DEBUG 7856 --- [pool-2-thread-1] c.o.tourguide.service.RewardsService     : Calculate distance between -93.042267/34.52153 and 140.79872248669966/-70.1856433185768
2023-09-27T16:51:42.317+02:00 DEBUG 7856 --- [pool-2-thread-1] c.o.tourguide.service.RewardsService     : Checking if the user 2ecec01a-4849-4ed6-918e-4c5a2e3201f9 already get close from Kartchner Caverns State Park
2023-09-27T16:51:42.317+02:00 DEBUG 7856 --- [pool-2-thread-1] c.o.tourguide.service.RewardsService     : Calculate distance between -110.347382/31.837551 and 140.79872248669966/-70.1856433185768
2023-09-27T16:51:42.317+02:00 DEBUG 7856 --- [pool-2-thread-1] c.o.tourguide.service.RewardsService     : Checking if the user 2ecec01a-4849-4ed6-918e-4c5a2e3201f9 already get close from Legend Valley
2023-09-27T16:51:42.317+02:00 DEBUG 7856 --- [pool-2-thread-1] c.o.tourguide.service.RewardsService     : Calculate distance between -82.40667/39.937778 and 140.79872248669966/-70.1856433185768
2023-09-27T16:51:42.317+02:00 DEBUG 7856 --- [pool-2-thread-1] c.o.tourguide.service.RewardsService     : Checking if the user 2ecec01a-4849-4ed6-918e-4c5a2e3201f9 already get close from Flowers Bakery of London
2023-09-27T16:51:42.317+02:00 DEBUG 7856 --- [pool-2-thread-1] c.o.tourguide.service.RewardsService     : Calculate distance between -84.07486/37.131527 and 140.79872248669966/-70.1856433185768
2023-09-27T16:51:42.317+02:00 DEBUG 7856 --- [pool-2-thread-1] c.o.tourguide.service.RewardsService     : Checking if the user 2ecec01a-4849-4ed6-918e-4c5a2e3201f9 already get close from McKinley Tower
2023-09-27T16:51:42.317+02:00 DEBUG 7856 --- [pool-2-thread-1] c.o.tourguide.service.RewardsService     : Calculate distance between -149.877502/61.218887 and 140.79872248669966/-70.1856433185768
2023-09-27T16:51:42.317+02:00 DEBUG 7856 --- [pool-2-thread-1] c.o.tourguide.service.RewardsService     : Checking if the user 2ecec01a-4849-4ed6-918e-4c5a2e3201f9 already get close from Flatiron Building
2023-09-27T16:51:42.317+02:00 DEBUG 7856 --- [pool-2-thread-1] c.o.tourguide.service.RewardsService     : Calculate distance between -73.989723/40.741112 and 140.79872248669966/-70.1856433185768
2023-09-27T16:51:42.317+02:00 DEBUG 7856 --- [pool-2-thread-1] c.o.tourguide.service.RewardsService     : Checking if the user 2ecec01a-4849-4ed6-918e-4c5a2e3201f9 already get close from Fallingwater
2023-09-27T16:51:42.317+02:00 DEBUG 7856 --- [pool-2-thread-1] c.o.tourguide.service.RewardsService     : Calculate distance between -79.468056/39.906113 and 140.79872248669966/-70.1856433185768
2023-09-27T16:51:42.317+02:00 DEBUG 7856 --- [pool-2-thread-1] c.o.tourguide.service.RewardsService     : Checking if the user 2ecec01a-4849-4ed6-918e-4c5a2e3201f9 already get close from Union Station
2023-09-27T16:51:42.317+02:00 DEBUG 7856 --- [pool-2-thread-1] c.o.tourguide.service.RewardsService     : Calculate distance between -77.006332/38.897095 and 140.79872248669966/-70.1856433185768
2023-09-27T16:51:42.317+02:00 DEBUG 7856 --- [pool-2-thread-1] c.o.tourguide.service.RewardsService     : Checking if the user 2ecec01a-4849-4ed6-918e-4c5a2e3201f9 already get close from Roger Dean Stadium
2023-09-27T16:51:42.317+02:00 DEBUG 7856 --- [pool-2-thread-1] c.o.tourguide.service.RewardsService     : Calculate distance between -80.116577/26.890959 and 140.79872248669966/-70.1856433185768
2023-09-27T16:51:42.317+02:00 DEBUG 7856 --- [pool-2-thread-1] c.o.tourguide.service.RewardsService     : Checking if the user 2ecec01a-4849-4ed6-918e-4c5a2e3201f9 already get close from Texas Memorial Stadium
2023-09-27T16:51:42.317+02:00 DEBUG 7856 --- [pool-2-thread-1] c.o.tourguide.service.RewardsService     : Calculate distance between -97.732536/30.283682 and 140.79872248669966/-70.1856433185768
2023-09-27T16:51:42.317+02:00 DEBUG 7856 --- [pool-2-thread-1] c.o.tourguide.service.RewardsService     : Checking if the user 2ecec01a-4849-4ed6-918e-4c5a2e3201f9 already get close from Bryant-Denny Stadium
2023-09-27T16:51:42.317+02:00 DEBUG 7856 --- [pool-2-thread-1] c.o.tourguide.service.RewardsService     : Calculate distance between -87.550438/33.208973 and 140.79872248669966/-70.1856433185768
2023-09-27T16:51:42.317+02:00 DEBUG 7856 --- [pool-2-thread-1] c.o.tourguide.service.RewardsService     : Checking if the user 2ecec01a-4849-4ed6-918e-4c5a2e3201f9 already get close from Tiger Stadium
2023-09-27T16:51:42.317+02:00 DEBUG 7856 --- [pool-2-thread-1] c.o.tourguide.service.RewardsService     : Calculate distance between -91.183815/30.412035 and 140.79872248669966/-70.1856433185768
2023-09-27T16:51:42.317+02:00 DEBUG 7856 --- [pool-2-thread-1] c.o.tourguide.service.RewardsService     : Checking if the user 2ecec01a-4849-4ed6-918e-4c5a2e3201f9 already get close from Neyland Stadium
2023-09-27T16:51:42.317+02:00 DEBUG 7856 --- [pool-2-thread-1] c.o.tourguide.service.RewardsService     : Calculate distance between -83.925011/35.955013 and 140.79872248669966/-70.1856433185768
2023-09-27T16:51:42.317+02:00 DEBUG 7856 --- [pool-2-thread-1] c.o.tourguide.service.RewardsService     : Checking if the user 2ecec01a-4849-4ed6-918e-4c5a2e3201f9 already get close from Kyle Field
2023-09-27T16:51:42.317+02:00 DEBUG 7856 --- [pool-2-thread-1] c.o.tourguide.service.RewardsService     : Calculate distance between -96.339844/30.61025 and 140.79872248669966/-70.1856433185768
2023-09-27T16:51:42.317+02:00 DEBUG 7856 --- [pool-2-thread-1] c.o.tourguide.service.RewardsService     : Checking if the user 2ecec01a-4849-4ed6-918e-4c5a2e3201f9 already get close from San Diego Zoo
2023-09-27T16:51:42.317+02:00 DEBUG 7856 --- [pool-2-thread-1] c.o.tourguide.service.RewardsService     : Calculate distance between -117.149048/32.735317 and 140.79872248669966/-70.1856433185768
2023-09-27T16:51:42.317+02:00 DEBUG 7856 --- [pool-2-thread-1] c.o.tourguide.service.RewardsService     : Checking if the user 2ecec01a-4849-4ed6-918e-4c5a2e3201f9 already get close from Zoo Tampa at Lowry Park
2023-09-27T16:51:42.317+02:00 DEBUG 7856 --- [pool-2-thread-1] c.o.tourguide.service.RewardsService     : Calculate distance between -82.469269/28.012804 and 140.79872248669966/-70.1856433185768
2023-09-27T16:51:42.317+02:00 DEBUG 7856 --- [pool-2-thread-1] c.o.tourguide.service.RewardsService     : Checking if the user 2ecec01a-4849-4ed6-918e-4c5a2e3201f9 already get close from Franklin Park Zoo
2023-09-27T16:51:42.317+02:00 DEBUG 7856 --- [pool-2-thread-1] c.o.tourguide.service.RewardsService     : Calculate distance between -71.086731/42.302601 and 140.79872248669966/-70.1856433185768
2023-09-27T16:51:42.317+02:00 DEBUG 7856 --- [pool-2-thread-1] c.o.tourguide.service.RewardsService     : Checking if the user 2ecec01a-4849-4ed6-918e-4c5a2e3201f9 already get close from El Paso Zoo
2023-09-27T16:51:42.317+02:00 DEBUG 7856 --- [pool-2-thread-1] c.o.tourguide.service.RewardsService     : Calculate distance between -106.44487/31.769125 and 140.79872248669966/-70.1856433185768
2023-09-27T16:51:42.317+02:00 DEBUG 7856 --- [pool-2-thread-1] c.o.tourguide.service.RewardsService     : Checking if the user 2ecec01a-4849-4ed6-918e-4c5a2e3201f9 already get close from Kansas City Zoo
2023-09-27T16:51:42.317+02:00 DEBUG 7856 --- [pool-2-thread-1] c.o.tourguide.service.RewardsService     : Calculate distance between -94.529625/39.007504 and 140.79872248669966/-70.1856433185768
2023-09-27T16:51:42.317+02:00 DEBUG 7856 --- [pool-2-thread-1] c.o.tourguide.service.RewardsService     : Checking if the user 2ecec01a-4849-4ed6-918e-4c5a2e3201f9 already get close from Bronx Zoo
2023-09-27T16:51:42.317+02:00 DEBUG 7856 --- [pool-2-thread-1] c.o.tourguide.service.RewardsService     : Calculate distance between -73.872971/40.852905 and 140.79872248669966/-70.1856433185768
2023-09-27T16:51:42.317+02:00 DEBUG 7856 --- [pool-2-thread-1] c.o.tourguide.service.RewardsService     : Checking if the user 2ecec01a-4849-4ed6-918e-4c5a2e3201f9 already get close from Cinderella Castle
2023-09-27T16:51:42.317+02:00 DEBUG 7856 --- [pool-2-thread-1] c.o.tourguide.service.RewardsService     : Calculate distance between -81.5812/28.419411 and 140.79872248669966/-70.1856433185768
2023-09-27T16:51:42.317+02:00 DEBUG 7856 --- [pool-2-thread-1] c.o.tourguide.service.RewardsService     : Checking if the user 2ecec01a-4849-4ed6-918e-4c5a2e3201f9 already get close from Disneyland
2023-09-27T16:51:42.317+02:00 DEBUG 7856 --- [pool-2-thread-1] c.o.tourguide.service.RewardsService     : Calculate distance between -117.922008/33.817595 and -23.25967863588494/34.92491852167444
2023-09-27T16:51:42.317+02:00 DEBUG 7856 --- [pool-2-thread-1] c.o.tourguide.service.RewardsService     : Checking if the user 2ecec01a-4849-4ed6-918e-4c5a2e3201f9 already get close from Jackson Hole
2023-09-27T16:51:42.317+02:00 DEBUG 7856 --- [pool-2-thread-1] c.o.tourguide.service.RewardsService     : Calculate distance between -110.821999/43.582767 and -23.25967863588494/34.92491852167444
2023-09-27T16:51:42.317+02:00 DEBUG 7856 --- [pool-2-thread-1] c.o.tourguide.service.RewardsService     : Checking if the user 2ecec01a-4849-4ed6-918e-4c5a2e3201f9 already get close from Mojave National Preserve
2023-09-27T16:51:42.317+02:00 DEBUG 7856 --- [pool-2-thread-1] c.o.tourguide.service.RewardsService     : Calculate distance between -115.510399/35.141689 and -23.25967863588494/34.92491852167444
2023-09-27T16:51:42.317+02:00 DEBUG 7856 --- [pool-2-thread-1] c.o.tourguide.service.RewardsService     : Checking if the user 2ecec01a-4849-4ed6-918e-4c5a2e3201f9 already get close from Joshua Tree National Park
2023-09-27T16:51:42.317+02:00 DEBUG 7856 --- [pool-2-thread-1] c.o.tourguide.service.RewardsService     : Calculate distance between -115.90065/33.881866 and -23.25967863588494/34.92491852167444
2023-09-27T16:51:42.317+02:00 DEBUG 7856 --- [pool-2-thread-1] c.o.tourguide.service.RewardsService     : Checking if the user 2ecec01a-4849-4ed6-918e-4c5a2e3201f9 already get close from Buffalo National River
2023-09-27T16:51:42.317+02:00 DEBUG 7856 --- [pool-2-thread-1] c.o.tourguide.service.RewardsService     : Calculate distance between -92.757652/35.985512 and -23.25967863588494/34.92491852167444
2023-09-27T16:51:42.317+02:00 DEBUG 7856 --- [pool-2-thread-1] c.o.tourguide.service.RewardsService     : Checking if the user 2ecec01a-4849-4ed6-918e-4c5a2e3201f9 already get close from Hot Springs National Park
2023-09-27T16:51:42.317+02:00 DEBUG 7856 --- [pool-2-thread-1] c.o.tourguide.service.RewardsService     : Calculate distance between -93.042267/34.52153 and -23.25967863588494/34.92491852167444
2023-09-27T16:51:42.317+02:00 DEBUG 7856 --- [pool-2-thread-1] c.o.tourguide.service.RewardsService     : Checking if the user 2ecec01a-4849-4ed6-918e-4c5a2e3201f9 already get close from Kartchner Caverns State Park
2023-09-27T16:51:42.317+02:00 DEBUG 7856 --- [pool-2-thread-1] c.o.tourguide.service.RewardsService     : Calculate distance between -110.347382/31.837551 and -23.25967863588494/34.92491852167444
2023-09-27T16:51:42.317+02:00 DEBUG 7856 --- [pool-2-thread-1] c.o.tourguide.service.RewardsService     : Checking if the user 2ecec01a-4849-4ed6-918e-4c5a2e3201f9 already get close from Legend Valley
2023-09-27T16:51:42.317+02:00 DEBUG 7856 --- [pool-2-thread-1] c.o.tourguide.service.RewardsService     : Calculate distance between -82.40667/39.937778 and -23.25967863588494/34.92491852167444
2023-09-27T16:51:42.317+02:00 DEBUG 7856 --- [pool-2-thread-1] c.o.tourguide.service.RewardsService     : Checking if the user 2ecec01a-4849-4ed6-918e-4c5a2e3201f9 already get close from Flowers Bakery of London
2023-09-27T16:51:42.317+02:00 DEBUG 7856 --- [pool-2-thread-1] c.o.tourguide.service.RewardsService     : Calculate distance between -84.07486/37.131527 and -23.25967863588494/34.92491852167444
2023-09-27T16:51:42.317+02:00 DEBUG 7856 --- [pool-2-thread-1] c.o.tourguide.service.RewardsService     : Checking if the user 2ecec01a-4849-4ed6-918e-4c5a2e3201f9 already get close from McKinley Tower
2023-09-27T16:51:42.317+02:00 DEBUG 7856 --- [pool-2-thread-1] c.o.tourguide.service.RewardsService     : Calculate distance between -149.877502/61.218887 and -23.25967863588494/34.92491852167444
2023-09-27T16:51:42.317+02:00 DEBUG 7856 --- [pool-2-thread-1] c.o.tourguide.service.RewardsService     : Checking if the user 2ecec01a-4849-4ed6-918e-4c5a2e3201f9 already get close from Flatiron Building
2023-09-27T16:51:42.317+02:00 DEBUG 7856 --- [pool-2-thread-1] c.o.tourguide.service.RewardsService     : Calculate distance between -73.989723/40.741112 and -23.25967863588494/34.92491852167444
2023-09-27T16:51:42.317+02:00 DEBUG 7856 --- [pool-2-thread-1] c.o.tourguide.service.RewardsService     : Checking if the user 2ecec01a-4849-4ed6-918e-4c5a2e3201f9 already get close from Fallingwater
2023-09-27T16:51:42.317+02:00 DEBUG 7856 --- [pool-2-thread-1] c.o.tourguide.service.RewardsService     : Calculate distance between -79.468056/39.906113 and -23.25967863588494/34.92491852167444
2023-09-27T16:51:42.317+02:00 DEBUG 7856 --- [pool-2-thread-1] c.o.tourguide.service.RewardsService     : Checking if the user 2ecec01a-4849-4ed6-918e-4c5a2e3201f9 already get close from Union Station
2023-09-27T16:51:42.317+02:00 DEBUG 7856 --- [pool-2-thread-1] c.o.tourguide.service.RewardsService     : Calculate distance between -77.006332/38.897095 and -23.25967863588494/34.92491852167444
2023-09-27T16:51:42.317+02:00 DEBUG 7856 --- [pool-2-thread-1] c.o.tourguide.service.RewardsService     : Checking if the user 2ecec01a-4849-4ed6-918e-4c5a2e3201f9 already get close from Roger Dean Stadium
2023-09-27T16:51:42.317+02:00 DEBUG 7856 --- [pool-2-thread-1] c.o.tourguide.service.RewardsService     : Calculate distance between -80.116577/26.890959 and -23.25967863588494/34.92491852167444
2023-09-27T16:51:42.317+02:00 DEBUG 7856 --- [pool-2-thread-1] c.o.tourguide.service.RewardsService     : Checking if the user 2ecec01a-4849-4ed6-918e-4c5a2e3201f9 already get close from Texas Memorial Stadium
2023-09-27T16:51:42.317+02:00 DEBUG 7856 --- [pool-2-thread-1] c.o.tourguide.service.RewardsService     : Calculate distance between -97.732536/30.283682 and -23.25967863588494/34.92491852167444
2023-09-27T16:51:42.318+02:00 DEBUG 7856 --- [pool-2-thread-1] c.o.tourguide.service.RewardsService     : Checking if the user 2ecec01a-4849-4ed6-918e-4c5a2e3201f9 already get close from Bryant-Denny Stadium
2023-09-27T16:51:42.318+02:00 DEBUG 7856 --- [pool-2-thread-1] c.o.tourguide.service.RewardsService     : Calculate distance between -87.550438/33.208973 and -23.25967863588494/34.92491852167444
2023-09-27T16:51:42.318+02:00 DEBUG 7856 --- [pool-2-thread-1] c.o.tourguide.service.RewardsService     : Checking if the user 2ecec01a-4849-4ed6-918e-4c5a2e3201f9 already get close from Tiger Stadium
2023-09-27T16:51:42.318+02:00 DEBUG 7856 --- [pool-2-thread-1] c.o.tourguide.service.RewardsService     : Calculate distance between -91.183815/30.412035 and -23.25967863588494/34.92491852167444
2023-09-27T16:51:42.318+02:00 DEBUG 7856 --- [pool-2-thread-1] c.o.tourguide.service.RewardsService     : Checking if the user 2ecec01a-4849-4ed6-918e-4c5a2e3201f9 already get close from Neyland Stadium
2023-09-27T16:51:42.318+02:00 DEBUG 7856 --- [pool-2-thread-1] c.o.tourguide.service.RewardsService     : Calculate distance between -83.925011/35.955013 and -23.25967863588494/34.92491852167444
2023-09-27T16:51:42.318+02:00 DEBUG 7856 --- [pool-2-thread-1] c.o.tourguide.service.RewardsService     : Checking if the user 2ecec01a-4849-4ed6-918e-4c5a2e3201f9 already get close from Kyle Field
2023-09-27T16:51:42.318+02:00 DEBUG 7856 --- [pool-2-thread-1] c.o.tourguide.service.RewardsService     : Calculate distance between -96.339844/30.61025 and -23.25967863588494/34.92491852167444
2023-09-27T16:51:42.318+02:00 DEBUG 7856 --- [pool-2-thread-1] c.o.tourguide.service.RewardsService     : Checking if the user 2ecec01a-4849-4ed6-918e-4c5a2e3201f9 already get close from San Diego Zoo
2023-09-27T16:51:42.318+02:00 DEBUG 7856 --- [pool-2-thread-1] c.o.tourguide.service.RewardsService     : Calculate distance between -117.149048/32.735317 and -23.25967863588494/34.92491852167444
2023-09-27T16:51:42.318+02:00 DEBUG 7856 --- [pool-2-thread-1] c.o.tourguide.service.RewardsService     : Checking if the user 2ecec01a-4849-4ed6-918e-4c5a2e3201f9 already get close from Zoo Tampa at Lowry Park
2023-09-27T16:51:42.318+02:00 DEBUG 7856 --- [pool-2-thread-1] c.o.tourguide.service.RewardsService     : Calculate distance between -82.469269/28.012804 and -23.25967863588494/34.92491852167444
2023-09-27T16:51:42.318+02:00 DEBUG 7856 --- [pool-2-thread-1] c.o.tourguide.service.RewardsService     : Checking if the user 2ecec01a-4849-4ed6-918e-4c5a2e3201f9 already get close from Franklin Park Zoo
2023-09-27T16:51:42.318+02:00 DEBUG 7856 --- [pool-2-thread-1] c.o.tourguide.service.RewardsService     : Calculate distance between -71.086731/42.302601 and -23.25967863588494/34.92491852167444
2023-09-27T16:51:42.318+02:00 DEBUG 7856 --- [pool-2-thread-1] c.o.tourguide.service.RewardsService     : Checking if the user 2ecec01a-4849-4ed6-918e-4c5a2e3201f9 already get close from El Paso Zoo
2023-09-27T16:51:42.318+02:00 DEBUG 7856 --- [pool-2-thread-1] c.o.tourguide.service.RewardsService     : Calculate distance between -106.44487/31.769125 and -23.25967863588494/34.92491852167444
2023-09-27T16:51:42.318+02:00 DEBUG 7856 --- [pool-2-thread-1] c.o.tourguide.service.RewardsService     : Checking if the user 2ecec01a-4849-4ed6-918e-4c5a2e3201f9 already get close from Kansas City Zoo
2023-09-27T16:51:42.318+02:00 DEBUG 7856 --- [pool-2-thread-1] c.o.tourguide.service.RewardsService     : Calculate distance between -94.529625/39.007504 and -23.25967863588494/34.92491852167444
2023-09-27T16:51:42.318+02:00 DEBUG 7856 --- [pool-2-thread-1] c.o.tourguide.service.RewardsService     : Checking if the user 2ecec01a-4849-4ed6-918e-4c5a2e3201f9 already get close from Bronx Zoo
2023-09-27T16:51:42.318+02:00 DEBUG 7856 --- [pool-2-thread-1] c.o.tourguide.service.RewardsService     : Calculate distance between -73.872971/40.852905 and -23.25967863588494/34.92491852167444
2023-09-27T16:51:42.318+02:00 DEBUG 7856 --- [pool-2-thread-1] c.o.tourguide.service.RewardsService     : Checking if the user 2ecec01a-4849-4ed6-918e-4c5a2e3201f9 already get close from Cinderella Castle
2023-09-27T16:51:42.318+02:00 DEBUG 7856 --- [pool-2-thread-1] c.o.tourguide.service.RewardsService     : Calculate distance between -81.5812/28.419411 and -23.25967863588494/34.92491852167444
2023-09-27T16:51:42.318+02:00 DEBUG 7856 --- [pool-2-thread-1] c.o.tourguide.service.RewardsService     : Checking if the user 2ecec01a-4849-4ed6-918e-4c5a2e3201f9 already get close from Disneyland
2023-09-27T16:51:42.318+02:00 DEBUG 7856 --- [pool-2-thread-1] c.o.tourguide.service.RewardsService     : Calculate distance between -117.922008/33.817595 and -62.41876268159619/14.07112069157013
2023-09-27T16:51:42.318+02:00 DEBUG 7856 --- [pool-2-thread-1] c.o.tourguide.service.RewardsService     : Checking if the user 2ecec01a-4849-4ed6-918e-4c5a2e3201f9 already get close from Jackson Hole
2023-09-27T16:51:42.318+02:00 DEBUG 7856 --- [pool-2-thread-1] c.o.tourguide.service.RewardsService     : Calculate distance between -110.821999/43.582767 and -62.41876268159619/14.07112069157013
2023-09-27T16:51:42.318+02:00 DEBUG 7856 --- [pool-2-thread-1] c.o.tourguide.service.RewardsService     : Checking if the user 2ecec01a-4849-4ed6-918e-4c5a2e3201f9 already get close from Mojave National Preserve
2023-09-27T16:51:42.318+02:00 DEBUG 7856 --- [pool-2-thread-1] c.o.tourguide.service.RewardsService     : Calculate distance between -115.510399/35.141689 and -62.41876268159619/14.07112069157013
2023-09-27T16:51:42.318+02:00 DEBUG 7856 --- [pool-2-thread-1] c.o.tourguide.service.RewardsService     : Checking if the user 2ecec01a-4849-4ed6-918e-4c5a2e3201f9 already get close from Joshua Tree National Park
2023-09-27T16:51:42.318+02:00 DEBUG 7856 --- [pool-2-thread-1] c.o.tourguide.service.RewardsService     : Calculate distance between -115.90065/33.881866 and -62.41876268159619/14.07112069157013
2023-09-27T16:51:42.318+02:00 DEBUG 7856 --- [pool-2-thread-1] c.o.tourguide.service.RewardsService     : Checking if the user 2ecec01a-4849-4ed6-918e-4c5a2e3201f9 already get close from Buffalo National River
2023-09-27T16:51:42.318+02:00 DEBUG 7856 --- [pool-2-thread-1] c.o.tourguide.service.RewardsService     : Calculate distance between -92.757652/35.985512 and -62.41876268159619/14.07112069157013
2023-09-27T16:51:42.318+02:00 DEBUG 7856 --- [pool-2-thread-1] c.o.tourguide.service.RewardsService     : Checking if the user 2ecec01a-4849-4ed6-918e-4c5a2e3201f9 already get close from Hot Springs National Park
2023-09-27T16:51:42.318+02:00 DEBUG 7856 --- [pool-2-thread-1] c.o.tourguide.service.RewardsService     : Calculate distance between -93.042267/34.52153 and -62.41876268159619/14.07112069157013
2023-09-27T16:51:42.318+02:00 DEBUG 7856 --- [pool-2-thread-1] c.o.tourguide.service.RewardsService     : Checking if the user 2ecec01a-4849-4ed6-918e-4c5a2e3201f9 already get close from Kartchner Caverns State Park
2023-09-27T16:51:42.318+02:00 DEBUG 7856 --- [pool-2-thread-1] c.o.tourguide.service.RewardsService     : Calculate distance between -110.347382/31.837551 and -62.41876268159619/14.07112069157013
2023-09-27T16:51:42.318+02:00 DEBUG 7856 --- [pool-2-thread-1] c.o.tourguide.service.RewardsService     : Checking if the user 2ecec01a-4849-4ed6-918e-4c5a2e3201f9 already get close from Legend Valley
2023-09-27T16:51:42.318+02:00 DEBUG 7856 --- [pool-2-thread-1] c.o.tourguide.service.RewardsService     : Calculate distance between -82.40667/39.937778 and -62.41876268159619/14.07112069157013
2023-09-27T16:51:42.318+02:00 DEBUG 7856 --- [pool-2-thread-1] c.o.tourguide.service.RewardsService     : Checking if the user 2ecec01a-4849-4ed6-918e-4c5a2e3201f9 already get close from Flowers Bakery of London
2023-09-27T16:51:42.318+02:00 DEBUG 7856 --- [pool-2-thread-1] c.o.tourguide.service.RewardsService     : Calculate distance between -84.07486/37.131527 and -62.41876268159619/14.07112069157013
2023-09-27T16:51:42.318+02:00 DEBUG 7856 --- [pool-2-thread-1] c.o.tourguide.service.RewardsService     : Checking if the user 2ecec01a-4849-4ed6-918e-4c5a2e3201f9 already get close from McKinley Tower
2023-09-27T16:51:42.318+02:00 DEBUG 7856 --- [pool-2-thread-1] c.o.tourguide.service.RewardsService     : Calculate distance between -149.877502/61.218887 and -62.41876268159619/14.07112069157013
2023-09-27T16:51:42.318+02:00 DEBUG 7856 --- [pool-2-thread-1] c.o.tourguide.service.RewardsService     : Checking if the user 2ecec01a-4849-4ed6-918e-4c5a2e3201f9 already get close from Flatiron Building
2023-09-27T16:51:42.318+02:00 DEBUG 7856 --- [pool-2-thread-1] c.o.tourguide.service.RewardsService     : Calculate distance between -73.989723/40.741112 and -62.41876268159619/14.07112069157013
2023-09-27T16:51:42.318+02:00 DEBUG 7856 --- [pool-2-thread-1] c.o.tourguide.service.RewardsService     : Checking if the user 2ecec01a-4849-4ed6-918e-4c5a2e3201f9 already get close from Fallingwater
2023-09-27T16:51:42.318+02:00 DEBUG 7856 --- [pool-2-thread-1] c.o.tourguide.service.RewardsService     : Calculate distance between -79.468056/39.906113 and -62.41876268159619/14.07112069157013
2023-09-27T16:51:42.318+02:00 DEBUG 7856 --- [pool-2-thread-1] c.o.tourguide.service.RewardsService     : Checking if the user 2ecec01a-4849-4ed6-918e-4c5a2e3201f9 already get close from Union Station
2023-09-27T16:51:42.318+02:00 DEBUG 7856 --- [pool-2-thread-1] c.o.tourguide.service.RewardsService     : Calculate distance between -77.006332/38.897095 and -62.41876268159619/14.07112069157013
2023-09-27T16:51:42.318+02:00 DEBUG 7856 --- [pool-2-thread-1] c.o.tourguide.service.RewardsService     : Checking if the user 2ecec01a-4849-4ed6-918e-4c5a2e3201f9 already get close from Roger Dean Stadium
2023-09-27T16:51:42.318+02:00 DEBUG 7856 --- [pool-2-thread-1] c.o.tourguide.service.RewardsService     : Calculate distance between -80.116577/26.890959 and -62.41876268159619/14.07112069157013
2023-09-27T16:51:42.318+02:00 DEBUG 7856 --- [pool-2-thread-1] c.o.tourguide.service.RewardsService     : Checking if the user 2ecec01a-4849-4ed6-918e-4c5a2e3201f9 already get close from Texas Memorial Stadium
2023-09-27T16:51:42.318+02:00 DEBUG 7856 --- [pool-2-thread-1] c.o.tourguide.service.RewardsService     : Calculate distance between -97.732536/30.283682 and -62.41876268159619/14.07112069157013
2023-09-27T16:51:42.318+02:00 DEBUG 7856 --- [pool-2-thread-1] c.o.tourguide.service.RewardsService     : Checking if the user 2ecec01a-4849-4ed6-918e-4c5a2e3201f9 already get close from Bryant-Denny Stadium
2023-09-27T16:51:42.318+02:00 DEBUG 7856 --- [pool-2-thread-1] c.o.tourguide.service.RewardsService     : Calculate distance between -87.550438/33.208973 and -62.41876268159619/14.07112069157013
2023-09-27T16:51:42.318+02:00 DEBUG 7856 --- [pool-2-thread-1] c.o.tourguide.service.RewardsService     : Checking if the user 2ecec01a-4849-4ed6-918e-4c5a2e3201f9 already get close from Tiger Stadium
2023-09-27T16:51:42.318+02:00 DEBUG 7856 --- [pool-2-thread-1] c.o.tourguide.service.RewardsService     : Calculate distance between -91.183815/30.412035 and -62.41876268159619/14.07112069157013
2023-09-27T16:51:42.318+02:00 DEBUG 7856 --- [pool-2-thread-1] c.o.tourguide.service.RewardsService     : Checking if the user 2ecec01a-4849-4ed6-918e-4c5a2e3201f9 already get close from Neyland Stadium
2023-09-27T16:51:42.318+02:00 DEBUG 7856 --- [pool-2-thread-1] c.o.tourguide.service.RewardsService     : Calculate distance between -83.925011/35.955013 and -62.41876268159619/14.07112069157013
2023-09-27T16:51:42.318+02:00 DEBUG 7856 --- [pool-2-thread-1] c.o.tourguide.service.RewardsService     : Checking if the user 2ecec01a-4849-4ed6-918e-4c5a2e3201f9 already get close from Kyle Field
2023-09-27T16:51:42.318+02:00 DEBUG 7856 --- [pool-2-thread-1] c.o.tourguide.service.RewardsService     : Calculate distance between -96.339844/30.61025 and -62.41876268159619/14.07112069157013
2023-09-27T16:51:42.318+02:00 DEBUG 7856 --- [pool-2-thread-1] c.o.tourguide.service.RewardsService     : Checking if the user 2ecec01a-4849-4ed6-918e-4c5a2e3201f9 already get close from San Diego Zoo
2023-09-27T16:51:42.318+02:00 DEBUG 7856 --- [pool-2-thread-1] c.o.tourguide.service.RewardsService     : Calculate distance between -117.149048/32.735317 and -62.41876268159619/14.07112069157013
2023-09-27T16:51:42.318+02:00 DEBUG 7856 --- [pool-2-thread-1] c.o.tourguide.service.RewardsService     : Checking if the user 2ecec01a-4849-4ed6-918e-4c5a2e3201f9 already get close from Zoo Tampa at Lowry Park
2023-09-27T16:51:42.318+02:00 DEBUG 7856 --- [pool-2-thread-1] c.o.tourguide.service.RewardsService     : Calculate distance between -82.469269/28.012804 and -62.41876268159619/14.07112069157013
2023-09-27T16:51:42.318+02:00 DEBUG 7856 --- [pool-2-thread-1] c.o.tourguide.service.RewardsService     : Checking if the user 2ecec01a-4849-4ed6-918e-4c5a2e3201f9 already get close from Franklin Park Zoo
2023-09-27T16:51:42.318+02:00 DEBUG 7856 --- [pool-2-thread-1] c.o.tourguide.service.RewardsService     : Calculate distance between -71.086731/42.302601 and -62.41876268159619/14.07112069157013
2023-09-27T16:51:42.318+02:00 DEBUG 7856 --- [pool-2-thread-1] c.o.tourguide.service.RewardsService     : Checking if the user 2ecec01a-4849-4ed6-918e-4c5a2e3201f9 already get close from El Paso Zoo
2023-09-27T16:51:42.318+02:00 DEBUG 7856 --- [pool-2-thread-1] c.o.tourguide.service.RewardsService     : Calculate distance between -106.44487/31.769125 and -62.41876268159619/14.07112069157013
2023-09-27T16:51:42.318+02:00 DEBUG 7856 --- [pool-2-thread-1] c.o.tourguide.service.RewardsService     : Checking if the user 2ecec01a-4849-4ed6-918e-4c5a2e3201f9 already get close from Kansas City Zoo
2023-09-27T16:51:42.318+02:00 DEBUG 7856 --- [pool-2-thread-1] c.o.tourguide.service.RewardsService     : Calculate distance between -94.529625/39.007504 and -62.41876268159619/14.07112069157013
2023-09-27T16:51:42.318+02:00 DEBUG 7856 --- [pool-2-thread-1] c.o.tourguide.service.RewardsService     : Checking if the user 2ecec01a-4849-4ed6-918e-4c5a2e3201f9 already get close from Bronx Zoo
2023-09-27T16:51:42.318+02:00 DEBUG 7856 --- [pool-2-thread-1] c.o.tourguide.service.RewardsService     : Calculate distance between -73.872971/40.852905 and -62.41876268159619/14.07112069157013
2023-09-27T16:51:42.318+02:00 DEBUG 7856 --- [pool-2-thread-1] c.o.tourguide.service.RewardsService     : Checking if the user 2ecec01a-4849-4ed6-918e-4c5a2e3201f9 already get close from Cinderella Castle
2023-09-27T16:51:42.318+02:00 DEBUG 7856 --- [pool-2-thread-1] c.o.tourguide.service.RewardsService     : Calculate distance between -81.5812/28.419411 and -62.41876268159619/14.07112069157013
2023-09-27T16:51:42.318+02:00 DEBUG 7856 --- [pool-2-thread-1] c.o.tourguide.service.RewardsService     : Checking if the user 2ecec01a-4849-4ed6-918e-4c5a2e3201f9 already get close from Disneyland
2023-09-27T16:51:42.318+02:00 DEBUG 7856 --- [pool-2-thread-1] c.o.tourguide.service.RewardsService     : Calculate distance between -117.922008/33.817595 and -111.071008/-9.042684
2023-09-27T16:51:42.318+02:00 DEBUG 7856 --- [pool-2-thread-1] c.o.tourguide.service.RewardsService     : Checking if the user 2ecec01a-4849-4ed6-918e-4c5a2e3201f9 already get close from Jackson Hole
2023-09-27T16:51:42.318+02:00 DEBUG 7856 --- [pool-2-thread-1] c.o.tourguide.service.RewardsService     : Calculate distance between -110.821999/43.582767 and -111.071008/-9.042684
2023-09-27T16:51:42.318+02:00 DEBUG 7856 --- [pool-2-thread-1] c.o.tourguide.service.RewardsService     : Checking if the user 2ecec01a-4849-4ed6-918e-4c5a2e3201f9 already get close from Mojave National Preserve
2023-09-27T16:51:42.318+02:00 DEBUG 7856 --- [pool-2-thread-1] c.o.tourguide.service.RewardsService     : Calculate distance between -115.510399/35.141689 and -111.071008/-9.042684
2023-09-27T16:51:42.318+02:00 DEBUG 7856 --- [pool-2-thread-1] c.o.tourguide.service.RewardsService     : Checking if the user 2ecec01a-4849-4ed6-918e-4c5a2e3201f9 already get close from Joshua Tree National Park
2023-09-27T16:51:42.318+02:00 DEBUG 7856 --- [pool-2-thread-1] c.o.tourguide.service.RewardsService     : Calculate distance between -115.90065/33.881866 and -111.071008/-9.042684
2023-09-27T16:51:42.318+02:00 DEBUG 7856 --- [pool-2-thread-1] c.o.tourguide.service.RewardsService     : Checking if the user 2ecec01a-4849-4ed6-918e-4c5a2e3201f9 already get close from Buffalo National River
2023-09-27T16:51:42.318+02:00 DEBUG 7856 --- [pool-2-thread-1] c.o.tourguide.service.RewardsService     : Calculate distance between -92.757652/35.985512 and -111.071008/-9.042684
2023-09-27T16:51:42.318+02:00 DEBUG 7856 --- [pool-2-thread-1] c.o.tourguide.service.RewardsService     : Checking if the user 2ecec01a-4849-4ed6-918e-4c5a2e3201f9 already get close from Hot Springs National Park
2023-09-27T16:51:42.318+02:00 DEBUG 7856 --- [pool-2-thread-1] c.o.tourguide.service.RewardsService     : Calculate distance between -93.042267/34.52153 and -111.071008/-9.042684
2023-09-27T16:51:42.318+02:00 DEBUG 7856 --- [pool-2-thread-1] c.o.tourguide.service.RewardsService     : Checking if the user 2ecec01a-4849-4ed6-918e-4c5a2e3201f9 already get close from Kartchner Caverns State Park
2023-09-27T16:51:42.318+02:00 DEBUG 7856 --- [pool-2-thread-1] c.o.tourguide.service.RewardsService     : Calculate distance between -110.347382/31.837551 and -111.071008/-9.042684
2023-09-27T16:51:42.318+02:00 DEBUG 7856 --- [pool-2-thread-1] c.o.tourguide.service.RewardsService     : Checking if the user 2ecec01a-4849-4ed6-918e-4c5a2e3201f9 already get close from Legend Valley
2023-09-27T16:51:42.318+02:00 DEBUG 7856 --- [pool-2-thread-1] c.o.tourguide.service.RewardsService     : Calculate distance between -82.40667/39.937778 and -111.071008/-9.042684
2023-09-27T16:51:42.318+02:00 DEBUG 7856 --- [pool-2-thread-1] c.o.tourguide.service.RewardsService     : Checking if the user 2ecec01a-4849-4ed6-918e-4c5a2e3201f9 already get close from Flowers Bakery of London
2023-09-27T16:51:42.318+02:00 DEBUG 7856 --- [pool-2-thread-1] c.o.tourguide.service.RewardsService     : Calculate distance between -84.07486/37.131527 and -111.071008/-9.042684
2023-09-27T16:51:42.318+02:00 DEBUG 7856 --- [pool-2-thread-1] c.o.tourguide.service.RewardsService     : Checking if the user 2ecec01a-4849-4ed6-918e-4c5a2e3201f9 already get close from McKinley Tower
2023-09-27T16:51:42.318+02:00 DEBUG 7856 --- [pool-2-thread-1] c.o.tourguide.service.RewardsService     : Calculate distance between -149.877502/61.218887 and -111.071008/-9.042684
2023-09-27T16:51:42.318+02:00 DEBUG 7856 --- [pool-2-thread-1] c.o.tourguide.service.RewardsService     : Checking if the user 2ecec01a-4849-4ed6-918e-4c5a2e3201f9 already get close from Flatiron Building
2023-09-27T16:51:42.318+02:00 DEBUG 7856 --- [pool-2-thread-1] c.o.tourguide.service.RewardsService     : Calculate distance between -73.989723/40.741112 and -111.071008/-9.042684
2023-09-27T16:51:42.318+02:00 DEBUG 7856 --- [pool-2-thread-1] c.o.tourguide.service.RewardsService     : Checking if the user 2ecec01a-4849-4ed6-918e-4c5a2e3201f9 already get close from Fallingwater
2023-09-27T16:51:42.318+02:00 DEBUG 7856 --- [pool-2-thread-1] c.o.tourguide.service.RewardsService     : Calculate distance between -79.468056/39.906113 and -111.071008/-9.042684
2023-09-27T16:51:42.318+02:00 DEBUG 7856 --- [pool-2-thread-1] c.o.tourguide.service.RewardsService     : Checking if the user 2ecec01a-4849-4ed6-918e-4c5a2e3201f9 already get close from Union Station
2023-09-27T16:51:42.318+02:00 DEBUG 7856 --- [pool-2-thread-1] c.o.tourguide.service.RewardsService     : Calculate distance between -77.006332/38.897095 and -111.071008/-9.042684
2023-09-27T16:51:42.318+02:00 DEBUG 7856 --- [pool-2-thread-1] c.o.tourguide.service.RewardsService     : Checking if the user 2ecec01a-4849-4ed6-918e-4c5a2e3201f9 already get close from Roger Dean Stadium
2023-09-27T16:51:42.318+02:00 DEBUG 7856 --- [pool-2-thread-1] c.o.tourguide.service.RewardsService     : Calculate distance between -80.116577/26.890959 and -111.071008/-9.042684
2023-09-27T16:51:42.318+02:00 DEBUG 7856 --- [pool-2-thread-1] c.o.tourguide.service.RewardsService     : Checking if the user 2ecec01a-4849-4ed6-918e-4c5a2e3201f9 already get close from Texas Memorial Stadium
2023-09-27T16:51:42.318+02:00 DEBUG 7856 --- [pool-2-thread-1] c.o.tourguide.service.RewardsService     : Calculate distance between -97.732536/30.283682 and -111.071008/-9.042684
2023-09-27T16:51:42.318+02:00 DEBUG 7856 --- [pool-2-thread-1] c.o.tourguide.service.RewardsService     : Checking if the user 2ecec01a-4849-4ed6-918e-4c5a2e3201f9 already get close from Bryant-Denny Stadium
2023-09-27T16:51:42.318+02:00 DEBUG 7856 --- [pool-2-thread-1] c.o.tourguide.service.RewardsService     : Calculate distance between -87.550438/33.208973 and -111.071008/-9.042684
2023-09-27T16:51:42.318+02:00 DEBUG 7856 --- [pool-2-thread-1] c.o.tourguide.service.RewardsService     : Checking if the user 2ecec01a-4849-4ed6-918e-4c5a2e3201f9 already get close from Tiger Stadium
2023-09-27T16:51:42.318+02:00 DEBUG 7856 --- [pool-2-thread-1] c.o.tourguide.service.RewardsService     : Calculate distance between -91.183815/30.412035 and -111.071008/-9.042684
2023-09-27T16:51:42.318+02:00 DEBUG 7856 --- [pool-2-thread-1] c.o.tourguide.service.RewardsService     : Checking if the user 2ecec01a-4849-4ed6-918e-4c5a2e3201f9 already get close from Neyland Stadium
2023-09-27T16:51:42.318+02:00 DEBUG 7856 --- [pool-2-thread-1] c.o.tourguide.service.RewardsService     : Calculate distance between -83.925011/35.955013 and -111.071008/-9.042684
2023-09-27T16:51:42.318+02:00 DEBUG 7856 --- [pool-2-thread-1] c.o.tourguide.service.RewardsService     : Checking if the user 2ecec01a-4849-4ed6-918e-4c5a2e3201f9 already get close from Kyle Field
2023-09-27T16:51:42.318+02:00 DEBUG 7856 --- [pool-2-thread-1] c.o.tourguide.service.RewardsService     : Calculate distance between -96.339844/30.61025 and -111.071008/-9.042684
2023-09-27T16:51:42.318+02:00 DEBUG 7856 --- [pool-2-thread-1] c.o.tourguide.service.RewardsService     : Checking if the user 2ecec01a-4849-4ed6-918e-4c5a2e3201f9 already get close from San Diego Zoo
2023-09-27T16:51:42.318+02:00 DEBUG 7856 --- [pool-2-thread-1] c.o.tourguide.service.RewardsService     : Calculate distance between -117.149048/32.735317 and -111.071008/-9.042684
2023-09-27T16:51:42.318+02:00 DEBUG 7856 --- [pool-2-thread-1] c.o.tourguide.service.RewardsService     : Checking if the user 2ecec01a-4849-4ed6-918e-4c5a2e3201f9 already get close from Zoo Tampa at Lowry Park
2023-09-27T16:51:42.318+02:00 DEBUG 7856 --- [pool-2-thread-1] c.o.tourguide.service.RewardsService     : Calculate distance between -82.469269/28.012804 and -111.071008/-9.042684
2023-09-27T16:51:42.319+02:00 DEBUG 7856 --- [pool-2-thread-1] c.o.tourguide.service.RewardsService     : Checking if the user 2ecec01a-4849-4ed6-918e-4c5a2e3201f9 already get close from Franklin Park Zoo
2023-09-27T16:51:42.319+02:00 DEBUG 7856 --- [pool-2-thread-1] c.o.tourguide.service.RewardsService     : Calculate distance between -71.086731/42.302601 and -111.071008/-9.042684
2023-09-27T16:51:42.319+02:00 DEBUG 7856 --- [pool-2-thread-1] c.o.tourguide.service.RewardsService     : Checking if the user 2ecec01a-4849-4ed6-918e-4c5a2e3201f9 already get close from El Paso Zoo
2023-09-27T16:51:42.319+02:00 DEBUG 7856 --- [pool-2-thread-1] c.o.tourguide.service.RewardsService     : Calculate distance between -106.44487/31.769125 and -111.071008/-9.042684
2023-09-27T16:51:42.319+02:00 DEBUG 7856 --- [pool-2-thread-1] c.o.tourguide.service.RewardsService     : Checking if the user 2ecec01a-4849-4ed6-918e-4c5a2e3201f9 already get close from Kansas City Zoo
2023-09-27T16:51:42.319+02:00 DEBUG 7856 --- [pool-2-thread-1] c.o.tourguide.service.RewardsService     : Calculate distance between -94.529625/39.007504 and -111.071008/-9.042684
2023-09-27T16:51:42.319+02:00 DEBUG 7856 --- [pool-2-thread-1] c.o.tourguide.service.RewardsService     : Checking if the user 2ecec01a-4849-4ed6-918e-4c5a2e3201f9 already get close from Bronx Zoo
2023-09-27T16:51:42.319+02:00 DEBUG 7856 --- [pool-2-thread-1] c.o.tourguide.service.RewardsService     : Calculate distance between -73.872971/40.852905 and -111.071008/-9.042684
2023-09-27T16:51:42.319+02:00 DEBUG 7856 --- [pool-2-thread-1] c.o.tourguide.service.RewardsService     : Checking if the user 2ecec01a-4849-4ed6-918e-4c5a2e3201f9 already get close from Cinderella Castle
2023-09-27T16:51:42.319+02:00 DEBUG 7856 --- [pool-2-thread-1] c.o.tourguide.service.RewardsService     : Calculate distance between -81.5812/28.419411 and -111.071008/-9.042684
2023-09-27T16:51:42.319+02:00 DEBUG 7856 --- [pool-2-thread-1] c.o.tourguide.service.RewardsService     : Checking if the user 2ecec01a-4849-4ed6-918e-4c5a2e3201f9 already get close from Disneyland
2023-09-27T16:51:42.319+02:00 DEBUG 7856 --- [pool-2-thread-1] c.o.tourguide.service.RewardsService     : Calculate distance between -117.922008/33.817595 and 102.987882/83.888829
2023-09-27T16:51:42.319+02:00 DEBUG 7856 --- [pool-2-thread-1] c.o.tourguide.service.RewardsService     : Checking if the user 2ecec01a-4849-4ed6-918e-4c5a2e3201f9 already get close from Jackson Hole
2023-09-27T16:51:42.319+02:00 DEBUG 7856 --- [pool-2-thread-1] c.o.tourguide.service.RewardsService     : Calculate distance between -110.821999/43.582767 and 102.987882/83.888829
2023-09-27T16:51:42.319+02:00 DEBUG 7856 --- [pool-2-thread-1] c.o.tourguide.service.RewardsService     : Checking if the user 2ecec01a-4849-4ed6-918e-4c5a2e3201f9 already get close from Mojave National Preserve
2023-09-27T16:51:42.319+02:00 DEBUG 7856 --- [pool-2-thread-1] c.o.tourguide.service.RewardsService     : Calculate distance between -115.510399/35.141689 and 102.987882/83.888829
2023-09-27T16:51:42.319+02:00 DEBUG 7856 --- [pool-2-thread-1] c.o.tourguide.service.RewardsService     : Checking if the user 2ecec01a-4849-4ed6-918e-4c5a2e3201f9 already get close from Joshua Tree National Park
2023-09-27T16:51:42.319+02:00 DEBUG 7856 --- [pool-2-thread-1] c.o.tourguide.service.RewardsService     : Calculate distance between -115.90065/33.881866 and 102.987882/83.888829
2023-09-27T16:51:42.319+02:00 DEBUG 7856 --- [pool-2-thread-1] c.o.tourguide.service.RewardsService     : Checking if the user 2ecec01a-4849-4ed6-918e-4c5a2e3201f9 already get close from Buffalo National River
2023-09-27T16:51:42.319+02:00 DEBUG 7856 --- [pool-2-thread-1] c.o.tourguide.service.RewardsService     : Calculate distance between -92.757652/35.985512 and 102.987882/83.888829
2023-09-27T16:51:42.319+02:00 DEBUG 7856 --- [pool-2-thread-1] c.o.tourguide.service.RewardsService     : Checking if the user 2ecec01a-4849-4ed6-918e-4c5a2e3201f9 already get close from Hot Springs National Park
2023-09-27T16:51:42.319+02:00 DEBUG 7856 --- [pool-2-thread-1] c.o.tourguide.service.RewardsService     : Calculate distance between -93.042267/34.52153 and 102.987882/83.888829
2023-09-27T16:51:42.319+02:00 DEBUG 7856 --- [pool-2-thread-1] c.o.tourguide.service.RewardsService     : Checking if the user 2ecec01a-4849-4ed6-918e-4c5a2e3201f9 already get close from Kartchner Caverns State Park
2023-09-27T16:51:42.319+02:00 DEBUG 7856 --- [pool-2-thread-1] c.o.tourguide.service.RewardsService     : Calculate distance between -110.347382/31.837551 and 102.987882/83.888829
2023-09-27T16:51:42.319+02:00 DEBUG 7856 --- [pool-2-thread-1] c.o.tourguide.service.RewardsService     : Checking if the user 2ecec01a-4849-4ed6-918e-4c5a2e3201f9 already get close from Legend Valley
2023-09-27T16:51:42.319+02:00 DEBUG 7856 --- [pool-2-thread-1] c.o.tourguide.service.RewardsService     : Calculate distance between -82.40667/39.937778 and 102.987882/83.888829
2023-09-27T16:51:42.319+02:00 DEBUG 7856 --- [pool-2-thread-1] c.o.tourguide.service.RewardsService     : Checking if the user 2ecec01a-4849-4ed6-918e-4c5a2e3201f9 already get close from Flowers Bakery of London
2023-09-27T16:51:42.319+02:00 DEBUG 7856 --- [pool-2-thread-1] c.o.tourguide.service.RewardsService     : Calculate distance between -84.07486/37.131527 and 102.987882/83.888829
2023-09-27T16:51:42.319+02:00 DEBUG 7856 --- [pool-2-thread-1] c.o.tourguide.service.RewardsService     : Checking if the user 2ecec01a-4849-4ed6-918e-4c5a2e3201f9 already get close from McKinley Tower
2023-09-27T16:51:42.319+02:00 DEBUG 7856 --- [pool-2-thread-1] c.o.tourguide.service.RewardsService     : Calculate distance between -149.877502/61.218887 and 102.987882/83.888829
2023-09-27T16:51:42.319+02:00 DEBUG 7856 --- [pool-2-thread-1] c.o.tourguide.service.RewardsService     : Checking if the user 2ecec01a-4849-4ed6-918e-4c5a2e3201f9 already get close from Flatiron Building
2023-09-27T16:51:42.319+02:00 DEBUG 7856 --- [pool-2-thread-1] c.o.tourguide.service.RewardsService     : Calculate distance between -73.989723/40.741112 and 102.987882/83.888829
2023-09-27T16:51:42.319+02:00 DEBUG 7856 --- [pool-2-thread-1] c.o.tourguide.service.RewardsService     : Checking if the user 2ecec01a-4849-4ed6-918e-4c5a2e3201f9 already get close from Fallingwater
2023-09-27T16:51:42.319+02:00 DEBUG 7856 --- [pool-2-thread-1] c.o.tourguide.service.RewardsService     : Calculate distance between -79.468056/39.906113 and 102.987882/83.888829
2023-09-27T16:51:42.319+02:00 DEBUG 7856 --- [pool-2-thread-1] c.o.tourguide.service.RewardsService     : Checking if the user 2ecec01a-4849-4ed6-918e-4c5a2e3201f9 already get close from Union Station
2023-09-27T16:51:42.319+02:00 DEBUG 7856 --- [pool-2-thread-1] c.o.tourguide.service.RewardsService     : Calculate distance between -77.006332/38.897095 and 102.987882/83.888829
2023-09-27T16:51:42.319+02:00 DEBUG 7856 --- [pool-2-thread-1] c.o.tourguide.service.RewardsService     : Checking if the user 2ecec01a-4849-4ed6-918e-4c5a2e3201f9 already get close from Roger Dean Stadium
2023-09-27T16:51:42.319+02:00 DEBUG 7856 --- [pool-2-thread-1] c.o.tourguide.service.RewardsService     : Calculate distance between -80.116577/26.890959 and 102.987882/83.888829
2023-09-27T16:51:42.319+02:00 DEBUG 7856 --- [pool-2-thread-1] c.o.tourguide.service.RewardsService     : Checking if the user 2ecec01a-4849-4ed6-918e-4c5a2e3201f9 already get close from Texas Memorial Stadium
2023-09-27T16:51:42.319+02:00 DEBUG 7856 --- [pool-2-thread-1] c.o.tourguide.service.RewardsService     : Calculate distance between -97.732536/30.283682 and 102.987882/83.888829
2023-09-27T16:51:42.319+02:00 DEBUG 7856 --- [pool-2-thread-1] c.o.tourguide.service.RewardsService     : Checking if the user 2ecec01a-4849-4ed6-918e-4c5a2e3201f9 already get close from Bryant-Denny Stadium
2023-09-27T16:51:42.319+02:00 DEBUG 7856 --- [pool-2-thread-1] c.o.tourguide.service.RewardsService     : Calculate distance between -87.550438/33.208973 and 102.987882/83.888829
2023-09-27T16:51:42.319+02:00 DEBUG 7856 --- [pool-2-thread-1] c.o.tourguide.service.RewardsService     : Checking if the user 2ecec01a-4849-4ed6-918e-4c5a2e3201f9 already get close from Tiger Stadium
2023-09-27T16:51:42.319+02:00 DEBUG 7856 --- [pool-2-thread-1] c.o.tourguide.service.RewardsService     : Calculate distance between -91.183815/30.412035 and 102.987882/83.888829
2023-09-27T16:51:42.319+02:00 DEBUG 7856 --- [pool-2-thread-1] c.o.tourguide.service.RewardsService     : Checking if the user 2ecec01a-4849-4ed6-918e-4c5a2e3201f9 already get close from Neyland Stadium
2023-09-27T16:51:42.319+02:00 DEBUG 7856 --- [pool-2-thread-1] c.o.tourguide.service.RewardsService     : Calculate distance between -83.925011/35.955013 and 102.987882/83.888829
2023-09-27T16:51:42.319+02:00 DEBUG 7856 --- [pool-2-thread-1] c.o.tourguide.service.RewardsService     : Checking if the user 2ecec01a-4849-4ed6-918e-4c5a2e3201f9 already get close from Kyle Field
2023-09-27T16:51:42.319+02:00 DEBUG 7856 --- [pool-2-thread-1] c.o.tourguide.service.RewardsService     : Calculate distance between -96.339844/30.61025 and 102.987882/83.888829
2023-09-27T16:51:42.319+02:00 DEBUG 7856 --- [pool-2-thread-1] c.o.tourguide.service.RewardsService     : Checking if the user 2ecec01a-4849-4ed6-918e-4c5a2e3201f9 already get close from San Diego Zoo
2023-09-27T16:51:42.319+02:00 DEBUG 7856 --- [pool-2-thread-1] c.o.tourguide.service.RewardsService     : Calculate distance between -117.149048/32.735317 and 102.987882/83.888829
2023-09-27T16:51:42.319+02:00 DEBUG 7856 --- [pool-2-thread-1] c.o.tourguide.service.RewardsService     : Checking if the user 2ecec01a-4849-4ed6-918e-4c5a2e3201f9 already get close from Zoo Tampa at Lowry Park
2023-09-27T16:51:42.319+02:00 DEBUG 7856 --- [pool-2-thread-1] c.o.tourguide.service.RewardsService     : Calculate distance between -82.469269/28.012804 and 102.987882/83.888829
2023-09-27T16:51:42.319+02:00 DEBUG 7856 --- [pool-2-thread-1] c.o.tourguide.service.RewardsService     : Checking if the user 2ecec01a-4849-4ed6-918e-4c5a2e3201f9 already get close from Franklin Park Zoo
2023-09-27T16:51:42.319+02:00 DEBUG 7856 --- [pool-2-thread-1] c.o.tourguide.service.RewardsService     : Calculate distance between -71.086731/42.302601 and 102.987882/83.888829
2023-09-27T16:51:42.321+02:00 DEBUG 7856 --- [pool-2-thread-1] c.o.tourguide.service.RewardsService     : Checking if the user 2ecec01a-4849-4ed6-918e-4c5a2e3201f9 already get close from El Paso Zoo
2023-09-27T16:51:42.321+02:00 DEBUG 7856 --- [pool-2-thread-1] c.o.tourguide.service.RewardsService     : Calculate distance between -106.44487/31.769125 and 102.987882/83.888829
2023-09-27T16:51:42.321+02:00 DEBUG 7856 --- [pool-2-thread-1] c.o.tourguide.service.RewardsService     : Checking if the user 2ecec01a-4849-4ed6-918e-4c5a2e3201f9 already get close from Kansas City Zoo
2023-09-27T16:51:42.321+02:00 DEBUG 7856 --- [pool-2-thread-1] c.o.tourguide.service.RewardsService     : Calculate distance between -94.529625/39.007504 and 102.987882/83.888829
2023-09-27T16:51:42.321+02:00 DEBUG 7856 --- [pool-2-thread-1] c.o.tourguide.service.RewardsService     : Checking if the user 2ecec01a-4849-4ed6-918e-4c5a2e3201f9 already get close from Bronx Zoo
2023-09-27T16:51:42.321+02:00 DEBUG 7856 --- [pool-2-thread-1] c.o.tourguide.service.RewardsService     : Calculate distance between -73.872971/40.852905 and 102.987882/83.888829
2023-09-27T16:51:42.321+02:00 DEBUG 7856 --- [pool-2-thread-1] c.o.tourguide.service.RewardsService     : Checking if the user 2ecec01a-4849-4ed6-918e-4c5a2e3201f9 already get close from Cinderella Castle
2023-09-27T16:51:42.321+02:00 DEBUG 7856 --- [pool-2-thread-1] c.o.tourguide.service.RewardsService     : Calculate distance between -81.5812/28.419411 and 102.987882/83.888829
2023-09-27T16:51:42.321+02:00 DEBUG 7856 --- [pool-2-thread-1] c.o.tourguide.service.RewardsService     : Trying to add 0 rewards
2023-09-27T16:51:42.395+02:00  INFO 7856 --- [pool-2-thread-1] c.o.tourguide.service.TourGuideService   : Adding the current location to the user internalUser5126
2023-09-27T16:51:42.395+02:00 DEBUG 7856 --- [pool-2-thread-1] c.o.tourguide.service.RewardsService     : calculate reward for internalUser5126 on his 5 known locations
2023-09-27T16:51:42.406+02:00 DEBUG 7856 --- [pool-2-thread-1] c.o.tourguide.service.RewardsService     : Checking if the user 8b5dfee7-247f-443c-bcff-83ed48376a11 already get close from Disneyland
2023-09-27T16:51:42.406+02:00 DEBUG 7856 --- [pool-2-thread-1] c.o.tourguide.service.RewardsService     : Calculate distance between -117.922008/33.817595 and 108.05820386318862/-29.211375307907602
2023-09-27T16:51:42.406+02:00 DEBUG 7856 --- [pool-2-thread-1] c.o.tourguide.service.RewardsService     : Checking if the user 8b5dfee7-247f-443c-bcff-83ed48376a11 already get close from Jackson Hole
2023-09-27T16:51:42.406+02:00 DEBUG 7856 --- [pool-2-thread-1] c.o.tourguide.service.RewardsService     : Calculate distance between -110.821999/43.582767 and 108.05820386318862/-29.211375307907602
2023-09-27T16:51:42.406+02:00 DEBUG 7856 --- [pool-2-thread-1] c.o.tourguide.service.RewardsService     : Checking if the user 8b5dfee7-247f-443c-bcff-83ed48376a11 already get close from Mojave National Preserve
2023-09-27T16:51:42.406+02:00 DEBUG 7856 --- [pool-2-thread-1] c.o.tourguide.service.RewardsService     : Calculate distance between -115.510399/35.141689 and 108.05820386318862/-29.211375307907602
2023-09-27T16:51:42.406+02:00 DEBUG 7856 --- [pool-2-thread-1] c.o.tourguide.service.RewardsService     : Checking if the user 8b5dfee7-247f-443c-bcff-83ed48376a11 already get close from Joshua Tree National Park
2023-09-27T16:51:42.406+02:00 DEBUG 7856 --- [pool-2-thread-1] c.o.tourguide.service.RewardsService     : Calculate distance between -115.90065/33.881866 and 108.05820386318862/-29.211375307907602
2023-09-27T16:51:42.406+02:00 DEBUG 7856 --- [pool-2-thread-1] c.o.tourguide.service.RewardsService     : Checking if the user 8b5dfee7-247f-443c-bcff-83ed48376a11 already get close from Buffalo National River
2023-09-27T16:51:42.406+02:00 DEBUG 7856 --- [pool-2-thread-1] c.o.tourguide.service.RewardsService     : Calculate distance between -92.757652/35.985512 and 108.05820386318862/-29.211375307907602
2023-09-27T16:51:42.406+02:00 DEBUG 7856 --- [pool-2-thread-1] c.o.tourguide.service.RewardsService     : Checking if the user 8b5dfee7-247f-443c-bcff-83ed48376a11 already get close from Hot Springs National Park
2023-09-27T16:51:42.406+02:00 DEBUG 7856 --- [pool-2-thread-1] c.o.tourguide.service.RewardsService     : Calculate distance between -93.042267/34.52153 and 108.05820386318862/-29.211375307907602
2023-09-27T16:51:42.406+02:00 DEBUG 7856 --- [pool-2-thread-1] c.o.tourguide.service.RewardsService     : Checking if the user 8b5dfee7-247f-443c-bcff-83ed48376a11 already get close from Kartchner Caverns State Park
2023-09-27T16:51:42.406+02:00 DEBUG 7856 --- [pool-2-thread-1] c.o.tourguide.service.RewardsService     : Calculate distance between -110.347382/31.837551 and 108.05820386318862/-29.211375307907602
2023-09-27T16:51:42.406+02:00 DEBUG 7856 --- [pool-2-thread-1] c.o.tourguide.service.RewardsService     : Checking if the user 8b5dfee7-247f-443c-bcff-83ed48376a11 already get close from Legend Valley
2023-09-27T16:51:42.406+02:00 DEBUG 7856 --- [pool-2-thread-1] c.o.tourguide.service.RewardsService     : Calculate distance between -82.40667/39.937778 and 108.05820386318862/-29.211375307907602
2023-09-27T16:51:42.406+02:00 DEBUG 7856 --- [pool-2-thread-1] c.o.tourguide.service.RewardsService     : Checking if the user 8b5dfee7-247f-443c-bcff-83ed48376a11 already get close from Flowers Bakery of London
2023-09-27T16:51:42.406+02:00 DEBUG 7856 --- [pool-2-thread-1] c.o.tourguide.service.RewardsService     : Calculate distance between -84.07486/37.131527 and 108.05820386318862/-29.211375307907602
2023-09-27T16:51:42.406+02:00 DEBUG 7856 --- [pool-2-thread-1] c.o.tourguide.service.RewardsService     : Checking if the user 8b5dfee7-247f-443c-bcff-83ed48376a11 already get close from McKinley Tower
2023-09-27T16:51:42.406+02:00 DEBUG 7856 --- [pool-2-thread-1] c.o.tourguide.service.RewardsService     : Calculate distance between -149.877502/61.218887 and 108.05820386318862/-29.211375307907602
2023-09-27T16:51:42.406+02:00 DEBUG 7856 --- [pool-2-thread-1] c.o.tourguide.service.RewardsService     : Checking if the user 8b5dfee7-247f-443c-bcff-83ed48376a11 already get close from Flatiron Building
2023-09-27T16:51:42.406+02:00 DEBUG 7856 --- [pool-2-thread-1] c.o.tourguide.service.RewardsService     : Calculate distance between -73.989723/40.741112 and 108.05820386318862/-29.211375307907602
2023-09-27T16:51:42.406+02:00 DEBUG 7856 --- [pool-2-thread-1] c.o.tourguide.service.RewardsService     : Checking if the user 8b5dfee7-247f-443c-bcff-83ed48376a11 already get close from Fallingwater
2023-09-27T16:51:42.406+02:00 DEBUG 7856 --- [pool-2-thread-1] c.o.tourguide.service.RewardsService     : Calculate distance between -79.468056/39.906113 and 108.05820386318862/-29.211375307907602
2023-09-27T16:51:42.406+02:00 DEBUG 7856 --- [pool-2-thread-1] c.o.tourguide.service.RewardsService     : Checking if the user 8b5dfee7-247f-443c-bcff-83ed48376a11 already get close from Union Station
2023-09-27T16:51:42.406+02:00 DEBUG 7856 --- [pool-2-thread-1] c.o.tourguide.service.RewardsService     : Calculate distance between -77.006332/38.897095 and 108.05820386318862/-29.211375307907602
2023-09-27T16:51:42.406+02:00 DEBUG 7856 --- [pool-2-thread-1] c.o.tourguide.service.RewardsService     : Checking if the user 8b5dfee7-247f-443c-bcff-83ed48376a11 already get close from Roger Dean Stadium
2023-09-27T16:51:42.406+02:00 DEBUG 7856 --- [pool-2-thread-1] c.o.tourguide.service.RewardsService     : Calculate distance between -80.116577/26.890959 and 108.05820386318862/-29.211375307907602
2023-09-27T16:51:42.406+02:00 DEBUG 7856 --- [pool-2-thread-1] c.o.tourguide.service.RewardsService     : Checking if the user 8b5dfee7-247f-443c-bcff-83ed48376a11 already get close from Texas Memorial Stadium
2023-09-27T16:51:42.406+02:00 DEBUG 7856 --- [pool-2-thread-1] c.o.tourguide.service.RewardsService     : Calculate distance between -97.732536/30.283682 and 108.05820386318862/-29.211375307907602
2023-09-27T16:51:42.406+02:00 DEBUG 7856 --- [pool-2-thread-1] c.o.tourguide.service.RewardsService     : Checking if the user 8b5dfee7-247f-443c-bcff-83ed48376a11 already get close from Bryant-Denny Stadium
2023-09-27T16:51:42.406+02:00 DEBUG 7856 --- [pool-2-thread-1] c.o.tourguide.service.RewardsService     : Calculate distance between -87.550438/33.208973 and 108.05820386318862/-29.211375307907602
2023-09-27T16:51:42.406+02:00 DEBUG 7856 --- [pool-2-thread-1] c.o.tourguide.service.RewardsService     : Checking if the user 8b5dfee7-247f-443c-bcff-83ed48376a11 already get close from Tiger Stadium
2023-09-27T16:51:42.406+02:00 DEBUG 7856 --- [pool-2-thread-1] c.o.tourguide.service.RewardsService     : Calculate distance between -91.183815/30.412035 and 108.05820386318862/-29.211375307907602
2023-09-27T16:51:42.406+02:00 DEBUG 7856 --- [pool-2-thread-1] c.o.tourguide.service.RewardsService     : Checking if the user 8b5dfee7-247f-443c-bcff-83ed48376a11 already get close from Neyland Stadium
2023-09-27T16:51:42.406+02:00 DEBUG 7856 --- [pool-2-thread-1] c.o.tourguide.service.RewardsService     : Calculate distance between -83.925011/35.955013 and 108.05820386318862/-29.211375307907602
2023-09-27T16:51:42.406+02:00 DEBUG 7856 --- [pool-2-thread-1] c.o.tourguide.service.RewardsService     : Checking if the user 8b5dfee7-247f-443c-bcff-83ed48376a11 already get close from Kyle Field
2023-09-27T16:51:42.406+02:00 DEBUG 7856 --- [pool-2-thread-1] c.o.tourguide.service.RewardsService     : Calculate distance between -96.339844/30.61025 and 108.05820386318862/-29.211375307907602
2023-09-27T16:51:42.406+02:00 DEBUG 7856 --- [pool-2-thread-1] c.o.tourguide.service.RewardsService     : Checking if the user 8b5dfee7-247f-443c-bcff-83ed48376a11 already get close from San Diego Zoo
2023-09-27T16:51:42.406+02:00 DEBUG 7856 --- [pool-2-thread-1] c.o.tourguide.service.RewardsService     : Calculate distance between -117.149048/32.735317 and 108.05820386318862/-29.211375307907602
2023-09-27T16:51:42.406+02:00 DEBUG 7856 --- [pool-2-thread-1] c.o.tourguide.service.RewardsService     : Checking if the user 8b5dfee7-247f-443c-bcff-83ed48376a11 already get close from Zoo Tampa at Lowry Park
2023-09-27T16:51:42.406+02:00 DEBUG 7856 --- [pool-2-thread-1] c.o.tourguide.service.RewardsService     : Calculate distance between -82.469269/28.012804 and 108.05820386318862/-29.211375307907602
2023-09-27T16:51:42.406+02:00 DEBUG 7856 --- [pool-2-thread-1] c.o.tourguide.service.RewardsService     : Checking if the user 8b5dfee7-247f-443c-bcff-83ed48376a11 already get close from Franklin Park Zoo
2023-09-27T16:51:42.406+02:00 DEBUG 7856 --- [pool-2-thread-1] c.o.tourguide.service.RewardsService     : Calculate distance between -71.086731/42.302601 and 108.05820386318862/-29.211375307907602
2023-09-27T16:51:42.406+02:00 DEBUG 7856 --- [pool-2-thread-1] c.o.tourguide.service.RewardsService     : Checking if the user 8b5dfee7-247f-443c-bcff-83ed48376a11 already get close from El Paso Zoo
2023-09-27T16:51:42.406+02:00 DEBUG 7856 --- [pool-2-thread-1] c.o.tourguide.service.RewardsService     : Calculate distance between -106.44487/31.769125 and 108.05820386318862/-29.211375307907602
2023-09-27T16:51:42.406+02:00 DEBUG 7856 --- [pool-2-thread-1] c.o.tourguide.service.RewardsService     : Checking if the user 8b5dfee7-247f-443c-bcff-83ed48376a11 already get close from Kansas City Zoo
2023-09-27T16:51:42.406+02:00 DEBUG 7856 --- [pool-2-thread-1] c.o.tourguide.service.RewardsService     : Calculate distance between -94.529625/39.007504 and 108.05820386318862/-29.211375307907602
2023-09-27T16:51:42.406+02:00 DEBUG 7856 --- [pool-2-thread-1] c.o.tourguide.service.RewardsService     : Checking if the user 8b5dfee7-247f-443c-bcff-83ed48376a11 already get close from Bronx Zoo
2023-09-27T16:51:42.406+02:00 DEBUG 7856 --- [pool-2-thread-1] c.o.tourguide.service.RewardsService     : Calculate distance between -73.872971/40.852905 and 108.05820386318862/-29.211375307907602
2023-09-27T16:51:42.406+02:00 DEBUG 7856 --- [pool-2-thread-1] c.o.tourguide.service.RewardsService     : Checking if the user 8b5dfee7-247f-443c-bcff-83ed48376a11 already get close from Cinderella Castle
2023-09-27T16:51:42.406+02:00 DEBUG 7856 --- [pool-2-thread-1] c.o.tourguide.service.RewardsService     : Calculate distance between -81.5812/28.419411 and 108.05820386318862/-29.211375307907602
2023-09-27T16:51:42.406+02:00 DEBUG 7856 --- [pool-2-thread-1] c.o.tourguide.service.RewardsService     : Checking if the user 8b5dfee7-247f-443c-bcff-83ed48376a11 already get close from Disneyland
2023-09-27T16:51:42.406+02:00 DEBUG 7856 --- [pool-2-thread-1] c.o.tourguide.service.RewardsService     : Calculate distance between -117.922008/33.817595 and -116.26329603150626/75.4562325112027
2023-09-27T16:51:42.406+02:00 DEBUG 7856 --- [pool-2-thread-1] c.o.tourguide.service.RewardsService     : Checking if the user 8b5dfee7-247f-443c-bcff-83ed48376a11 already get close from Jackson Hole
2023-09-27T16:51:42.406+02:00 DEBUG 7856 --- [pool-2-thread-1] c.o.tourguide.service.RewardsService     : Calculate distance between -110.821999/43.582767 and -116.26329603150626/75.4562325112027
2023-09-27T16:51:42.406+02:00 DEBUG 7856 --- [pool-2-thread-1] c.o.tourguide.service.RewardsService     : Checking if the user 8b5dfee7-247f-443c-bcff-83ed48376a11 already get close from Mojave National Preserve
2023-09-27T16:51:42.406+02:00 DEBUG 7856 --- [pool-2-thread-1] c.o.tourguide.service.RewardsService     : Calculate distance between -115.510399/35.141689 and -116.26329603150626/75.4562325112027
2023-09-27T16:51:42.406+02:00 DEBUG 7856 --- [pool-2-thread-1] c.o.tourguide.service.RewardsService     : Checking if the user 8b5dfee7-247f-443c-bcff-83ed48376a11 already get close from Joshua Tree National Park
2023-09-27T16:51:42.406+02:00 DEBUG 7856 --- [pool-2-thread-1] c.o.tourguide.service.RewardsService     : Calculate distance between -115.90065/33.881866 and -116.26329603150626/75.4562325112027
2023-09-27T16:51:42.406+02:00 DEBUG 7856 --- [pool-2-thread-1] c.o.tourguide.service.RewardsService     : Checking if the user 8b5dfee7-247f-443c-bcff-83ed48376a11 already get close from Buffalo National River
2023-09-27T16:51:42.406+02:00 DEBUG 7856 --- [pool-2-thread-1] c.o.tourguide.service.RewardsService     : Calculate distance between -92.757652/35.985512 and -116.26329603150626/75.4562325112027
2023-09-27T16:51:42.406+02:00 DEBUG 7856 --- [pool-2-thread-1] c.o.tourguide.service.RewardsService     : Checking if the user 8b5dfee7-247f-443c-bcff-83ed48376a11 already get close from Hot Springs National Park
2023-09-27T16:51:42.406+02:00 DEBUG 7856 --- [pool-2-thread-1] c.o.tourguide.service.RewardsService     : Calculate distance between -93.042267/34.52153 and -116.26329603150626/75.4562325112027
2023-09-27T16:51:42.406+02:00 DEBUG 7856 --- [pool-2-thread-1] c.o.tourguide.service.RewardsService     : Checking if the user 8b5dfee7-247f-443c-bcff-83ed48376a11 already get close from Kartchner Caverns State Park
2023-09-27T16:51:42.406+02:00 DEBUG 7856 --- [pool-2-thread-1] c.o.tourguide.service.RewardsService     : Calculate distance between -110.347382/31.837551 and -116.26329603150626/75.4562325112027
2023-09-27T16:51:42.406+02:00 DEBUG 7856 --- [pool-2-thread-1] c.o.tourguide.service.RewardsService     : Checking if the user 8b5dfee7-247f-443c-bcff-83ed48376a11 already get close from Legend Valley
2023-09-27T16:51:42.406+02:00 DEBUG 7856 --- [pool-2-thread-1] c.o.tourguide.service.RewardsService     : Calculate distance between -82.40667/39.937778 and -116.26329603150626/75.4562325112027
2023-09-27T16:51:42.406+02:00 DEBUG 7856 --- [pool-2-thread-1] c.o.tourguide.service.RewardsService     : Checking if the user 8b5dfee7-247f-443c-bcff-83ed48376a11 already get close from Flowers Bakery of London
2023-09-27T16:51:42.406+02:00 DEBUG 7856 --- [pool-2-thread-1] c.o.tourguide.service.RewardsService     : Calculate distance between -84.07486/37.131527 and -116.26329603150626/75.4562325112027
2023-09-27T16:51:42.406+02:00 DEBUG 7856 --- [pool-2-thread-1] c.o.tourguide.service.RewardsService     : Checking if the user 8b5dfee7-247f-443c-bcff-83ed48376a11 already get close from McKinley Tower
2023-09-27T16:51:42.406+02:00 DEBUG 7856 --- [pool-2-thread-1] c.o.tourguide.service.RewardsService     : Calculate distance between -149.877502/61.218887 and -116.26329603150626/75.4562325112027
2023-09-27T16:51:42.406+02:00 DEBUG 7856 --- [pool-2-thread-1] c.o.tourguide.service.RewardsService     : Checking if the user 8b5dfee7-247f-443c-bcff-83ed48376a11 already get close from Flatiron Building
2023-09-27T16:51:42.406+02:00 DEBUG 7856 --- [pool-2-thread-1] c.o.tourguide.service.RewardsService     : Calculate distance between -73.989723/40.741112 and -116.26329603150626/75.4562325112027
2023-09-27T16:51:42.406+02:00 DEBUG 7856 --- [pool-2-thread-1] c.o.tourguide.service.RewardsService     : Checking if the user 8b5dfee7-247f-443c-bcff-83ed48376a11 already get close from Fallingwater
2023-09-27T16:51:42.406+02:00 DEBUG 7856 --- [pool-2-thread-1] c.o.tourguide.service.RewardsService     : Calculate distance between -79.468056/39.906113 and -116.26329603150626/75.4562325112027
2023-09-27T16:51:42.406+02:00 DEBUG 7856 --- [pool-2-thread-1] c.o.tourguide.service.RewardsService     : Checking if the user 8b5dfee7-247f-443c-bcff-83ed48376a11 already get close from Union Station
2023-09-27T16:51:42.406+02:00 DEBUG 7856 --- [pool-2-thread-1] c.o.tourguide.service.RewardsService     : Calculate distance between -77.006332/38.897095 and -116.26329603150626/75.4562325112027
2023-09-27T16:51:42.406+02:00 DEBUG 7856 --- [pool-2-thread-1] c.o.tourguide.service.RewardsService     : Checking if the user 8b5dfee7-247f-443c-bcff-83ed48376a11 already get close from Roger Dean Stadium
2023-09-27T16:51:42.406+02:00 DEBUG 7856 --- [pool-2-thread-1] c.o.tourguide.service.RewardsService     : Calculate distance between -80.116577/26.890959 and -116.26329603150626/75.4562325112027
2023-09-27T16:51:42.406+02:00 DEBUG 7856 --- [pool-2-thread-1] c.o.tourguide.service.RewardsService     : Checking if the user 8b5dfee7-247f-443c-bcff-83ed48376a11 already get close from Texas Memorial Stadium
2023-09-27T16:51:42.406+02:00 DEBUG 7856 --- [pool-2-thread-1] c.o.tourguide.service.RewardsService     : Calculate distance between -97.732536/30.283682 and -116.26329603150626/75.4562325112027
2023-09-27T16:51:42.406+02:00 DEBUG 7856 --- [pool-2-thread-1] c.o.tourguide.service.RewardsService     : Checking if the user 8b5dfee7-247f-443c-bcff-83ed48376a11 already get close from Bryant-Denny Stadium
2023-09-27T16:51:42.407+02:00 DEBUG 7856 --- [pool-2-thread-1] c.o.tourguide.service.RewardsService     : Calculate distance between -87.550438/33.208973 and -116.26329603150626/75.4562325112027
2023-09-27T16:51:42.407+02:00 DEBUG 7856 --- [pool-2-thread-1] c.o.tourguide.service.RewardsService     : Checking if the user 8b5dfee7-247f-443c-bcff-83ed48376a11 already get close from Tiger Stadium
2023-09-27T16:51:42.407+02:00 DEBUG 7856 --- [pool-2-thread-1] c.o.tourguide.service.RewardsService     : Calculate distance between -91.183815/30.412035 and -116.26329603150626/75.4562325112027
2023-09-27T16:51:42.407+02:00 DEBUG 7856 --- [pool-2-thread-1] c.o.tourguide.service.RewardsService     : Checking if the user 8b5dfee7-247f-443c-bcff-83ed48376a11 already get close from Neyland Stadium
2023-09-27T16:51:42.407+02:00 DEBUG 7856 --- [pool-2-thread-1] c.o.tourguide.service.RewardsService     : Calculate distance between -83.925011/35.955013 and -116.26329603150626/75.4562325112027
2023-09-27T16:51:42.407+02:00 DEBUG 7856 --- [pool-2-thread-1] c.o.tourguide.service.RewardsService     : Checking if the user 8b5dfee7-247f-443c-bcff-83ed48376a11 already get close from Kyle Field
2023-09-27T16:51:42.407+02:00 DEBUG 7856 --- [pool-2-thread-1] c.o.tourguide.service.RewardsService     : Calculate distance between -96.339844/30.61025 and -116.26329603150626/75.4562325112027
2023-09-27T16:51:42.407+02:00 DEBUG 7856 --- [pool-2-thread-1] c.o.tourguide.service.RewardsService     : Checking if the user 8b5dfee7-247f-443c-bcff-83ed48376a11 already get close from San Diego Zoo
2023-09-27T16:51:42.407+02:00 DEBUG 7856 --- [pool-2-thread-1] c.o.tourguide.service.RewardsService     : Calculate distance between -117.149048/32.735317 and -116.26329603150626/75.4562325112027
2023-09-27T16:51:42.407+02:00 DEBUG 7856 --- [pool-2-thread-1] c.o.tourguide.service.RewardsService     : Checking if the user 8b5dfee7-247f-443c-bcff-83ed48376a11 already get close from Zoo Tampa at Lowry Park
2023-09-27T16:51:42.407+02:00 DEBUG 7856 --- [pool-2-thread-1] c.o.tourguide.service.RewardsService     : Calculate distance between -82.469269/28.012804 and -116.26329603150626/75.4562325112027
2023-09-27T16:51:42.407+02:00 DEBUG 7856 --- [pool-2-thread-1] c.o.tourguide.service.RewardsService     : Checking if the user 8b5dfee7-247f-443c-bcff-83ed48376a11 already get close from Franklin Park Zoo
2023-09-27T16:51:42.407+02:00 DEBUG 7856 --- [pool-2-thread-1] c.o.tourguide.service.RewardsService     : Calculate distance between -71.086731/42.302601 and -116.26329603150626/75.4562325112027
2023-09-27T16:51:42.407+02:00 DEBUG 7856 --- [pool-2-thread-1] c.o.tourguide.service.RewardsService     : Checking if the user 8b5dfee7-247f-443c-bcff-83ed48376a11 already get close from El Paso Zoo
2023-09-27T16:51:42.407+02:00 DEBUG 7856 --- [pool-2-thread-1] c.o.tourguide.service.RewardsService     : Calculate distance between -106.44487/31.769125 and -116.26329603150626/75.4562325112027
2023-09-27T16:51:42.407+02:00 DEBUG 7856 --- [pool-2-thread-1] c.o.tourguide.service.RewardsService     : Checking if the user 8b5dfee7-247f-443c-bcff-83ed48376a11 already get close from Kansas City Zoo
2023-09-27T16:51:42.407+02:00 DEBUG 7856 --- [pool-2-thread-1] c.o.tourguide.service.RewardsService     : Calculate distance between -94.529625/39.007504 and -116.26329603150626/75.4562325112027
2023-09-27T16:51:42.407+02:00 DEBUG 7856 --- [pool-2-thread-1] c.o.tourguide.service.RewardsService     : Checking if the user 8b5dfee7-247f-443c-bcff-83ed48376a11 already get close from Bronx Zoo
2023-09-27T16:51:42.407+02:00 DEBUG 7856 --- [pool-2-thread-1] c.o.tourguide.service.RewardsService     : Calculate distance between -73.872971/40.852905 and -116.26329603150626/75.4562325112027
2023-09-27T16:51:42.407+02:00 DEBUG 7856 --- [pool-2-thread-1] c.o.tourguide.service.RewardsService     : Checking if the user 8b5dfee7-247f-443c-bcff-83ed48376a11 already get close from Cinderella Castle
2023-09-27T16:51:42.407+02:00 DEBUG 7856 --- [pool-2-thread-1] c.o.tourguide.service.RewardsService     : Calculate distance between -81.5812/28.419411 and -116.26329603150626/75.4562325112027
2023-09-27T16:51:42.407+02:00 DEBUG 7856 --- [pool-2-thread-1] c.o.tourguide.service.RewardsService     : Checking if the user 8b5dfee7-247f-443c-bcff-83ed48376a11 already get close from Disneyland
2023-09-27T16:51:42.407+02:00 DEBUG 7856 --- [pool-2-thread-1] c.o.tourguide.service.RewardsService     : Calculate distance between -117.922008/33.817595 and -148.54695167083474/-10.546345401279382
2023-09-27T16:51:42.407+02:00 DEBUG 7856 --- [pool-2-thread-1] c.o.tourguide.service.RewardsService     : Checking if the user 8b5dfee7-247f-443c-bcff-83ed48376a11 already get close from Jackson Hole
2023-09-27T16:51:42.407+02:00 DEBUG 7856 --- [pool-2-thread-1] c.o.tourguide.service.RewardsService     : Calculate distance between -110.821999/43.582767 and -148.54695167083474/-10.546345401279382
2023-09-27T16:51:42.407+02:00 DEBUG 7856 --- [pool-2-thread-1] c.o.tourguide.service.RewardsService     : Checking if the user 8b5dfee7-247f-443c-bcff-83ed48376a11 already get close from Mojave National Preserve
2023-09-27T16:51:42.407+02:00 DEBUG 7856 --- [pool-2-thread-1] c.o.tourguide.service.RewardsService     : Calculate distance between -115.510399/35.141689 and -148.54695167083474/-10.546345401279382
2023-09-27T16:51:42.407+02:00 DEBUG 7856 --- [pool-2-thread-1] c.o.tourguide.service.RewardsService     : Checking if the user 8b5dfee7-247f-443c-bcff-83ed48376a11 already get close from Joshua Tree National Park
2023-09-27T16:51:42.407+02:00 DEBUG 7856 --- [pool-2-thread-1] c.o.tourguide.service.RewardsService     : Calculate distance between -115.90065/33.881866 and -148.54695167083474/-10.546345401279382
2023-09-27T16:51:42.407+02:00 DEBUG 7856 --- [pool-2-thread-1] c.o.tourguide.service.RewardsService     : Checking if the user 8b5dfee7-247f-443c-bcff-83ed48376a11 already get close from Buffalo National River
2023-09-27T16:51:42.407+02:00 DEBUG 7856 --- [pool-2-thread-1] c.o.tourguide.service.RewardsService     : Calculate distance between -92.757652/35.985512 and -148.54695167083474/-10.546345401279382
2023-09-27T16:51:42.407+02:00 DEBUG 7856 --- [pool-2-thread-1] c.o.tourguide.service.RewardsService     : Checking if the user 8b5dfee7-247f-443c-bcff-83ed48376a11 already get close from Hot Springs National Park
2023-09-27T16:51:42.407+02:00 DEBUG 7856 --- [pool-2-thread-1] c.o.tourguide.service.RewardsService     : Calculate distance between -93.042267/34.52153 and -148.54695167083474/-10.546345401279382
2023-09-27T16:51:42.407+02:00 DEBUG 7856 --- [pool-2-thread-1] c.o.tourguide.service.RewardsService     : Checking if the user 8b5dfee7-247f-443c-bcff-83ed48376a11 already get close from Kartchner Caverns State Park
2023-09-27T16:51:42.407+02:00 DEBUG 7856 --- [pool-2-thread-1] c.o.tourguide.service.RewardsService     : Calculate distance between -110.347382/31.837551 and -148.54695167083474/-10.546345401279382
2023-09-27T16:51:42.407+02:00 DEBUG 7856 --- [pool-2-thread-1] c.o.tourguide.service.RewardsService     : Checking if the user 8b5dfee7-247f-443c-bcff-83ed48376a11 already get close from Legend Valley
2023-09-27T16:51:42.407+02:00 DEBUG 7856 --- [pool-2-thread-1] c.o.tourguide.service.RewardsService     : Calculate distance between -82.40667/39.937778 and -148.54695167083474/-10.546345401279382
2023-09-27T16:51:42.407+02:00 DEBUG 7856 --- [pool-2-thread-1] c.o.tourguide.service.RewardsService     : Checking if the user 8b5dfee7-247f-443c-bcff-83ed48376a11 already get close from Flowers Bakery of London
2023-09-27T16:51:42.407+02:00 DEBUG 7856 --- [pool-2-thread-1] c.o.tourguide.service.RewardsService     : Calculate distance between -84.07486/37.131527 and -148.54695167083474/-10.546345401279382
2023-09-27T16:51:42.407+02:00 DEBUG 7856 --- [pool-2-thread-1] c.o.tourguide.service.RewardsService     : Checking if the user 8b5dfee7-247f-443c-bcff-83ed48376a11 already get close from McKinley Tower
2023-09-27T16:51:42.407+02:00 DEBUG 7856 --- [pool-2-thread-1] c.o.tourguide.service.RewardsService     : Calculate distance between -149.877502/61.218887 and -148.54695167083474/-10.546345401279382
2023-09-27T16:51:42.407+02:00 DEBUG 7856 --- [pool-2-thread-1] c.o.tourguide.service.RewardsService     : Checking if the user 8b5dfee7-247f-443c-bcff-83ed48376a11 already get close from Flatiron Building
2023-09-27T16:51:42.407+02:00 DEBUG 7856 --- [pool-2-thread-1] c.o.tourguide.service.RewardsService     : Calculate distance between -73.989723/40.741112 and -148.54695167083474/-10.546345401279382
2023-09-27T16:51:42.407+02:00 DEBUG 7856 --- [pool-2-thread-1] c.o.tourguide.service.RewardsService     : Checking if the user 8b5dfee7-247f-443c-bcff-83ed48376a11 already get close from Fallingwater
2023-09-27T16:51:42.407+02:00 DEBUG 7856 --- [pool-2-thread-1] c.o.tourguide.service.RewardsService     : Calculate distance between -79.468056/39.906113 and -148.54695167083474/-10.546345401279382
2023-09-27T16:51:42.407+02:00 DEBUG 7856 --- [pool-2-thread-1] c.o.tourguide.service.RewardsService     : Checking if the user 8b5dfee7-247f-443c-bcff-83ed48376a11 already get close from Union Station
2023-09-27T16:51:42.407+02:00 DEBUG 7856 --- [pool-2-thread-1] c.o.tourguide.service.RewardsService     : Calculate distance between -77.006332/38.897095 and -148.54695167083474/-10.546345401279382
2023-09-27T16:51:42.407+02:00 DEBUG 7856 --- [pool-2-thread-1] c.o.tourguide.service.RewardsService     : Checking if the user 8b5dfee7-247f-443c-bcff-83ed48376a11 already get close from Roger Dean Stadium
2023-09-27T16:51:42.407+02:00 DEBUG 7856 --- [pool-2-thread-1] c.o.tourguide.service.RewardsService     : Calculate distance between -80.116577/26.890959 and -148.54695167083474/-10.546345401279382
2023-09-27T16:51:42.407+02:00 DEBUG 7856 --- [pool-2-thread-1] c.o.tourguide.service.RewardsService     : Checking if the user 8b5dfee7-247f-443c-bcff-83ed48376a11 already get close from Texas Memorial Stadium
2023-09-27T16:51:42.407+02:00 DEBUG 7856 --- [pool-2-thread-1] c.o.tourguide.service.RewardsService     : Calculate distance between -97.732536/30.283682 and -148.54695167083474/-10.546345401279382
2023-09-27T16:51:42.407+02:00 DEBUG 7856 --- [pool-2-thread-1] c.o.tourguide.service.RewardsService     : Checking if the user 8b5dfee7-247f-443c-bcff-83ed48376a11 already get close from Bryant-Denny Stadium
2023-09-27T16:51:42.407+02:00 DEBUG 7856 --- [pool-2-thread-1] c.o.tourguide.service.RewardsService     : Calculate distance between -87.550438/33.208973 and -148.54695167083474/-10.546345401279382
2023-09-27T16:51:42.407+02:00 DEBUG 7856 --- [pool-2-thread-1] c.o.tourguide.service.RewardsService     : Checking if the user 8b5dfee7-247f-443c-bcff-83ed48376a11 already get close from Tiger Stadium
2023-09-27T16:51:42.407+02:00 DEBUG 7856 --- [pool-2-thread-1] c.o.tourguide.service.RewardsService     : Calculate distance between -91.183815/30.412035 and -148.54695167083474/-10.546345401279382
2023-09-27T16:51:42.407+02:00 DEBUG 7856 --- [pool-2-thread-1] c.o.tourguide.service.RewardsService     : Checking if the user 8b5dfee7-247f-443c-bcff-83ed48376a11 already get close from Neyland Stadium
2023-09-27T16:51:42.407+02:00 DEBUG 7856 --- [pool-2-thread-1] c.o.tourguide.service.RewardsService     : Calculate distance between -83.925011/35.955013 and -148.54695167083474/-10.546345401279382
2023-09-27T16:51:42.407+02:00 DEBUG 7856 --- [pool-2-thread-1] c.o.tourguide.service.RewardsService     : Checking if the user 8b5dfee7-247f-443c-bcff-83ed48376a11 already get close from Kyle Field
2023-09-27T16:51:42.407+02:00 DEBUG 7856 --- [pool-2-thread-1] c.o.tourguide.service.RewardsService     : Calculate distance between -96.339844/30.61025 and -148.54695167083474/-10.546345401279382
2023-09-27T16:51:42.407+02:00 DEBUG 7856 --- [pool-2-thread-1] c.o.tourguide.service.RewardsService     : Checking if the user 8b5dfee7-247f-443c-bcff-83ed48376a11 already get close from San Diego Zoo
2023-09-27T16:51:42.407+02:00 DEBUG 7856 --- [pool-2-thread-1] c.o.tourguide.service.RewardsService     : Calculate distance between -117.149048/32.735317 and -148.54695167083474/-10.546345401279382
2023-09-27T16:51:42.407+02:00 DEBUG 7856 --- [pool-2-thread-1] c.o.tourguide.service.RewardsService     : Checking if the user 8b5dfee7-247f-443c-bcff-83ed48376a11 already get close from Zoo Tampa at Lowry Park
2023-09-27T16:51:42.407+02:00 DEBUG 7856 --- [pool-2-thread-1] c.o.tourguide.service.RewardsService     : Calculate distance between -82.469269/28.012804 and -148.54695167083474/-10.546345401279382
2023-09-27T16:51:42.407+02:00 DEBUG 7856 --- [pool-2-thread-1] c.o.tourguide.service.RewardsService     : Checking if the user 8b5dfee7-247f-443c-bcff-83ed48376a11 already get close from Franklin Park Zoo
2023-09-27T16:51:42.407+02:00 DEBUG 7856 --- [pool-2-thread-1] c.o.tourguide.service.RewardsService     : Calculate distance between -71.086731/42.302601 and -148.54695167083474/-10.546345401279382
2023-09-27T16:51:42.407+02:00 DEBUG 7856 --- [pool-2-thread-1] c.o.tourguide.service.RewardsService     : Checking if the user 8b5dfee7-247f-443c-bcff-83ed48376a11 already get close from El Paso Zoo
2023-09-27T16:51:42.407+02:00 DEBUG 7856 --- [pool-2-thread-1] c.o.tourguide.service.RewardsService     : Calculate distance between -106.44487/31.769125 and -148.54695167083474/-10.546345401279382
2023-09-27T16:51:42.407+02:00 DEBUG 7856 --- [pool-2-thread-1] c.o.tourguide.service.RewardsService     : Checking if the user 8b5dfee7-247f-443c-bcff-83ed48376a11 already get close from Kansas City Zoo
2023-09-27T16:51:42.407+02:00 DEBUG 7856 --- [pool-2-thread-1] c.o.tourguide.service.RewardsService     : Calculate distance between -94.529625/39.007504 and -148.54695167083474/-10.546345401279382
2023-09-27T16:51:42.407+02:00 DEBUG 7856 --- [pool-2-thread-1] c.o.tourguide.service.RewardsService     : Checking if the user 8b5dfee7-247f-443c-bcff-83ed48376a11 already get close from Bronx Zoo
2023-09-27T16:51:42.407+02:00 DEBUG 7856 --- [pool-2-thread-1] c.o.tourguide.service.RewardsService     : Calculate distance between -73.872971/40.852905 and -148.54695167083474/-10.546345401279382
2023-09-27T16:51:42.407+02:00 DEBUG 7856 --- [pool-2-thread-1] c.o.tourguide.service.RewardsService     : Checking if the user 8b5dfee7-247f-443c-bcff-83ed48376a11 already get close from Cinderella Castle
2023-09-27T16:51:42.407+02:00 DEBUG 7856 --- [pool-2-thread-1] c.o.tourguide.service.RewardsService     : Calculate distance between -81.5812/28.419411 and -148.54695167083474/-10.546345401279382
2023-09-27T16:51:42.407+02:00 DEBUG 7856 --- [pool-2-thread-1] c.o.tourguide.service.RewardsService     : Checking if the user 8b5dfee7-247f-443c-bcff-83ed48376a11 already get close from Disneyland
2023-09-27T16:51:42.407+02:00 DEBUG 7856 --- [pool-2-thread-1] c.o.tourguide.service.RewardsService     : Calculate distance between -117.922008/33.817595 and 59.48222/3.250204
2023-09-27T16:51:42.407+02:00 DEBUG 7856 --- [pool-2-thread-1] c.o.tourguide.service.RewardsService     : Checking if the user 8b5dfee7-247f-443c-bcff-83ed48376a11 already get close from Jackson Hole
2023-09-27T16:51:42.407+02:00 DEBUG 7856 --- [pool-2-thread-1] c.o.tourguide.service.RewardsService     : Calculate distance between -110.821999/43.582767 and 59.48222/3.250204
2023-09-27T16:51:42.407+02:00 DEBUG 7856 --- [pool-2-thread-1] c.o.tourguide.service.RewardsService     : Checking if the user 8b5dfee7-247f-443c-bcff-83ed48376a11 already get close from Mojave National Preserve
2023-09-27T16:51:42.407+02:00 DEBUG 7856 --- [pool-2-thread-1] c.o.tourguide.service.RewardsService     : Calculate distance between -115.510399/35.141689 and 59.48222/3.250204
2023-09-27T16:51:42.407+02:00 DEBUG 7856 --- [pool-2-thread-1] c.o.tourguide.service.RewardsService     : Checking if the user 8b5dfee7-247f-443c-bcff-83ed48376a11 already get close from Joshua Tree National Park
2023-09-27T16:51:42.407+02:00 DEBUG 7856 --- [pool-2-thread-1] c.o.tourguide.service.RewardsService     : Calculate distance between -115.90065/33.881866 and 59.48222/3.250204
2023-09-27T16:51:42.407+02:00 DEBUG 7856 --- [pool-2-thread-1] c.o.tourguide.service.RewardsService     : Checking if the user 8b5dfee7-247f-443c-bcff-83ed48376a11 already get close from Buffalo National River
2023-09-27T16:51:42.407+02:00 DEBUG 7856 --- [pool-2-thread-1] c.o.tourguide.service.RewardsService     : Calculate distance between -92.757652/35.985512 and 59.48222/3.250204
2023-09-27T16:51:42.407+02:00 DEBUG 7856 --- [pool-2-thread-1] c.o.tourguide.service.RewardsService     : Checking if the user 8b5dfee7-247f-443c-bcff-83ed48376a11 already get close from Hot Springs National Park
2023-09-27T16:51:42.407+02:00 DEBUG 7856 --- [pool-2-thread-1] c.o.tourguide.service.RewardsService     : Calculate distance between -93.042267/34.52153 and 59.48222/3.250204
2023-09-27T16:51:42.407+02:00 DEBUG 7856 --- [pool-2-thread-1] c.o.tourguide.service.RewardsService     : Checking if the user 8b5dfee7-247f-443c-bcff-83ed48376a11 already get close from Kartchner Caverns State Park
2023-09-27T16:51:42.407+02:00 DEBUG 7856 --- [pool-2-thread-1] c.o.tourguide.service.RewardsService     : Calculate distance between -110.347382/31.837551 and 59.48222/3.250204
2023-09-27T16:51:42.407+02:00 DEBUG 7856 --- [pool-2-thread-1] c.o.tourguide.service.RewardsService     : Checking if the user 8b5dfee7-247f-443c-bcff-83ed48376a11 already get close from Legend Valley
2023-09-27T16:51:42.407+02:00 DEBUG 7856 --- [pool-2-thread-1] c.o.tourguide.service.RewardsService     : Calculate distance between -82.40667/39.937778 and 59.48222/3.250204
2023-09-27T16:51:42.407+02:00 DEBUG 7856 --- [pool-2-thread-1] c.o.tourguide.service.RewardsService     : Checking if the user 8b5dfee7-247f-443c-bcff-83ed48376a11 already get close from Flowers Bakery of London
2023-09-27T16:51:42.407+02:00 DEBUG 7856 --- [pool-2-thread-1] c.o.tourguide.service.RewardsService     : Calculate distance between -84.07486/37.131527 and 59.48222/3.250204
2023-09-27T16:51:42.407+02:00 DEBUG 7856 --- [pool-2-thread-1] c.o.tourguide.service.RewardsService     : Checking if the user 8b5dfee7-247f-443c-bcff-83ed48376a11 already get close from McKinley Tower
2023-09-27T16:51:42.407+02:00 DEBUG 7856 --- [pool-2-thread-1] c.o.tourguide.service.RewardsService     : Calculate distance between -149.877502/61.218887 and 59.48222/3.250204
2023-09-27T16:51:42.407+02:00 DEBUG 7856 --- [pool-2-thread-1] c.o.tourguide.service.RewardsService     : Checking if the user 8b5dfee7-247f-443c-bcff-83ed48376a11 already get close from Flatiron Building
2023-09-27T16:51:42.407+02:00 DEBUG 7856 --- [pool-2-thread-1] c.o.tourguide.service.RewardsService     : Calculate distance between -73.989723/40.741112 and 59.48222/3.250204
2023-09-27T16:51:42.407+02:00 DEBUG 7856 --- [pool-2-thread-1] c.o.tourguide.service.RewardsService     : Checking if the user 8b5dfee7-247f-443c-bcff-83ed48376a11 already get close from Fallingwater
2023-09-27T16:51:42.407+02:00 DEBUG 7856 --- [pool-2-thread-1] c.o.tourguide.service.RewardsService     : Calculate distance between -79.468056/39.906113 and 59.48222/3.250204
2023-09-27T16:51:42.408+02:00 DEBUG 7856 --- [pool-2-thread-1] c.o.tourguide.service.RewardsService     : Checking if the user 8b5dfee7-247f-443c-bcff-83ed48376a11 already get close from Union Station
2023-09-27T16:51:42.408+02:00 DEBUG 7856 --- [pool-2-thread-1] c.o.tourguide.service.RewardsService     : Calculate distance between -77.006332/38.897095 and 59.48222/3.250204
2023-09-27T16:51:42.408+02:00 DEBUG 7856 --- [pool-2-thread-1] c.o.tourguide.service.RewardsService     : Checking if the user 8b5dfee7-247f-443c-bcff-83ed48376a11 already get close from Roger Dean Stadium
2023-09-27T16:51:42.408+02:00 DEBUG 7856 --- [pool-2-thread-1] c.o.tourguide.service.RewardsService     : Calculate distance between -80.116577/26.890959 and 59.48222/3.250204
2023-09-27T16:51:42.408+02:00 DEBUG 7856 --- [pool-2-thread-1] c.o.tourguide.service.RewardsService     : Checking if the user 8b5dfee7-247f-443c-bcff-83ed48376a11 already get close from Texas Memorial Stadium
2023-09-27T16:51:42.408+02:00 DEBUG 7856 --- [pool-2-thread-1] c.o.tourguide.service.RewardsService     : Calculate distance between -97.732536/30.283682 and 59.48222/3.250204
2023-09-27T16:51:42.408+02:00 DEBUG 7856 --- [pool-2-thread-1] c.o.tourguide.service.RewardsService     : Checking if the user 8b5dfee7-247f-443c-bcff-83ed48376a11 already get close from Bryant-Denny Stadium
2023-09-27T16:51:42.408+02:00 DEBUG 7856 --- [pool-2-thread-1] c.o.tourguide.service.RewardsService     : Calculate distance between -87.550438/33.208973 and 59.48222/3.250204
2023-09-27T16:51:42.408+02:00 DEBUG 7856 --- [pool-2-thread-1] c.o.tourguide.service.RewardsService     : Checking if the user 8b5dfee7-247f-443c-bcff-83ed48376a11 already get close from Tiger Stadium
2023-09-27T16:51:42.408+02:00 DEBUG 7856 --- [pool-2-thread-1] c.o.tourguide.service.RewardsService     : Calculate distance between -91.183815/30.412035 and 59.48222/3.250204
2023-09-27T16:51:42.408+02:00 DEBUG 7856 --- [pool-2-thread-1] c.o.tourguide.service.RewardsService     : Checking if the user 8b5dfee7-247f-443c-bcff-83ed48376a11 already get close from Neyland Stadium
2023-09-27T16:51:42.408+02:00 DEBUG 7856 --- [pool-2-thread-1] c.o.tourguide.service.RewardsService     : Calculate distance between -83.925011/35.955013 and 59.48222/3.250204
2023-09-27T16:51:42.408+02:00 DEBUG 7856 --- [pool-2-thread-1] c.o.tourguide.service.RewardsService     : Checking if the user 8b5dfee7-247f-443c-bcff-83ed48376a11 already get close from Kyle Field
2023-09-27T16:51:42.408+02:00 DEBUG 7856 --- [pool-2-thread-1] c.o.tourguide.service.RewardsService     : Calculate distance between -96.339844/30.61025 and 59.48222/3.250204
2023-09-27T16:51:42.408+02:00 DEBUG 7856 --- [pool-2-thread-1] c.o.tourguide.service.RewardsService     : Checking if the user 8b5dfee7-247f-443c-bcff-83ed48376a11 already get close from San Diego Zoo
2023-09-27T16:51:42.408+02:00 DEBUG 7856 --- [pool-2-thread-1] c.o.tourguide.service.RewardsService     : Calculate distance between -117.149048/32.735317 and 59.48222/3.250204
2023-09-27T16:51:42.408+02:00 DEBUG 7856 --- [pool-2-thread-1] c.o.tourguide.service.RewardsService     : Checking if the user 8b5dfee7-247f-443c-bcff-83ed48376a11 already get close from Zoo Tampa at Lowry Park
2023-09-27T16:51:42.408+02:00 DEBUG 7856 --- [pool-2-thread-1] c.o.tourguide.service.RewardsService     : Calculate distance between -82.469269/28.012804 and 59.48222/3.250204
2023-09-27T16:51:42.408+02:00 DEBUG 7856 --- [pool-2-thread-1] c.o.tourguide.service.RewardsService     : Checking if the user 8b5dfee7-247f-443c-bcff-83ed48376a11 already get close from Franklin Park Zoo
2023-09-27T16:51:42.408+02:00 DEBUG 7856 --- [pool-2-thread-1] c.o.tourguide.service.RewardsService     : Calculate distance between -71.086731/42.302601 and 59.48222/3.250204
2023-09-27T16:51:42.408+02:00 DEBUG 7856 --- [pool-2-thread-1] c.o.tourguide.service.RewardsService     : Checking if the user 8b5dfee7-247f-443c-bcff-83ed48376a11 already get close from El Paso Zoo
2023-09-27T16:51:42.408+02:00 DEBUG 7856 --- [pool-2-thread-1] c.o.tourguide.service.RewardsService     : Calculate distance between -106.44487/31.769125 and 59.48222/3.250204
2023-09-27T16:51:42.408+02:00 DEBUG 7856 --- [pool-2-thread-1] c.o.tourguide.service.RewardsService     : Checking if the user 8b5dfee7-247f-443c-bcff-83ed48376a11 already get close from Kansas City Zoo
2023-09-27T16:51:42.408+02:00 DEBUG 7856 --- [pool-2-thread-1] c.o.tourguide.service.RewardsService     : Calculate distance between -94.529625/39.007504 and 59.48222/3.250204
2023-09-27T16:51:42.408+02:00 DEBUG 7856 --- [pool-2-thread-1] c.o.tourguide.service.RewardsService     : Checking if the user 8b5dfee7-247f-443c-bcff-83ed48376a11 already get close from Bronx Zoo
2023-09-27T16:51:42.408+02:00 DEBUG 7856 --- [pool-2-thread-1] c.o.tourguide.service.RewardsService     : Calculate distance between -73.872971/40.852905 and 59.48222/3.250204
2023-09-27T16:51:42.408+02:00 DEBUG 7856 --- [pool-2-thread-1] c.o.tourguide.service.RewardsService     : Checking if the user 8b5dfee7-247f-443c-bcff-83ed48376a11 already get close from Cinderella Castle
2023-09-27T16:51:42.408+02:00 DEBUG 7856 --- [pool-2-thread-1] c.o.tourguide.service.RewardsService     : Calculate distance between -81.5812/28.419411 and 59.48222/3.250204
2023-09-27T16:51:42.408+02:00 DEBUG 7856 --- [pool-2-thread-1] c.o.tourguide.service.RewardsService     : Checking if the user 8b5dfee7-247f-443c-bcff-83ed48376a11 already get close from Disneyland
2023-09-27T16:51:42.408+02:00 DEBUG 7856 --- [pool-2-thread-1] c.o.tourguide.service.RewardsService     : Calculate distance between -117.922008/33.817595 and 168.097842/11.516386
2023-09-27T16:51:42.408+02:00 DEBUG 7856 --- [pool-2-thread-1] c.o.tourguide.service.RewardsService     : Checking if the user 8b5dfee7-247f-443c-bcff-83ed48376a11 already get close from Jackson Hole
2023-09-27T16:51:42.408+02:00 DEBUG 7856 --- [pool-2-thread-1] c.o.tourguide.service.RewardsService     : Calculate distance between -110.821999/43.582767 and 168.097842/11.516386
2023-09-27T16:51:42.408+02:00 DEBUG 7856 --- [pool-2-thread-1] c.o.tourguide.service.RewardsService     : Checking if the user 8b5dfee7-247f-443c-bcff-83ed48376a11 already get close from Mojave National Preserve
2023-09-27T16:51:42.408+02:00 DEBUG 7856 --- [pool-2-thread-1] c.o.tourguide.service.RewardsService     : Calculate distance between -115.510399/35.141689 and 168.097842/11.516386
2023-09-27T16:51:42.408+02:00 DEBUG 7856 --- [pool-2-thread-1] c.o.tourguide.service.RewardsService     : Checking if the user 8b5dfee7-247f-443c-bcff-83ed48376a11 already get close from Joshua Tree National Park
2023-09-27T16:51:42.408+02:00 DEBUG 7856 --- [pool-2-thread-1] c.o.tourguide.service.RewardsService     : Calculate distance between -115.90065/33.881866 and 168.097842/11.516386
2023-09-27T16:51:42.408+02:00 DEBUG 7856 --- [pool-2-thread-1] c.o.tourguide.service.RewardsService     : Checking if the user 8b5dfee7-247f-443c-bcff-83ed48376a11 already get close from Buffalo National River
2023-09-27T16:51:42.408+02:00 DEBUG 7856 --- [pool-2-thread-1] c.o.tourguide.service.RewardsService     : Calculate distance between -92.757652/35.985512 and 168.097842/11.516386
2023-09-27T16:51:42.408+02:00 DEBUG 7856 --- [pool-2-thread-1] c.o.tourguide.service.RewardsService     : Checking if the user 8b5dfee7-247f-443c-bcff-83ed48376a11 already get close from Hot Springs National Park
2023-09-27T16:51:42.408+02:00 DEBUG 7856 --- [pool-2-thread-1] c.o.tourguide.service.RewardsService     : Calculate distance between -93.042267/34.52153 and 168.097842/11.516386
2023-09-27T16:51:42.408+02:00 DEBUG 7856 --- [pool-2-thread-1] c.o.tourguide.service.RewardsService     : Checking if the user 8b5dfee7-247f-443c-bcff-83ed48376a11 already get close from Kartchner Caverns State Park
2023-09-27T16:51:42.408+02:00 DEBUG 7856 --- [pool-2-thread-1] c.o.tourguide.service.RewardsService     : Calculate distance between -110.347382/31.837551 and 168.097842/11.516386
2023-09-27T16:51:42.408+02:00 DEBUG 7856 --- [pool-2-thread-1] c.o.tourguide.service.RewardsService     : Checking if the user 8b5dfee7-247f-443c-bcff-83ed48376a11 already get close from Legend Valley
2023-09-27T16:51:42.408+02:00 DEBUG 7856 --- [pool-2-thread-1] c.o.tourguide.service.RewardsService     : Calculate distance between -82.40667/39.937778 and 168.097842/11.516386
2023-09-27T16:51:42.408+02:00 DEBUG 7856 --- [pool-2-thread-1] c.o.tourguide.service.RewardsService     : Checking if the user 8b5dfee7-247f-443c-bcff-83ed48376a11 already get close from Flowers Bakery of London
2023-09-27T16:51:42.408+02:00 DEBUG 7856 --- [pool-2-thread-1] c.o.tourguide.service.RewardsService     : Calculate distance between -84.07486/37.131527 and 168.097842/11.516386
2023-09-27T16:51:42.408+02:00 DEBUG 7856 --- [pool-2-thread-1] c.o.tourguide.service.RewardsService     : Checking if the user 8b5dfee7-247f-443c-bcff-83ed48376a11 already get close from McKinley Tower
2023-09-27T16:51:42.408+02:00 DEBUG 7856 --- [pool-2-thread-1] c.o.tourguide.service.RewardsService     : Calculate distance between -149.877502/61.218887 and 168.097842/11.516386
2023-09-27T16:51:42.408+02:00 DEBUG 7856 --- [pool-2-thread-1] c.o.tourguide.service.RewardsService     : Checking if the user 8b5dfee7-247f-443c-bcff-83ed48376a11 already get close from Flatiron Building
2023-09-27T16:51:42.408+02:00 DEBUG 7856 --- [pool-2-thread-1] c.o.tourguide.service.RewardsService     : Calculate distance between -73.989723/40.741112 and 168.097842/11.516386
2023-09-27T16:51:42.408+02:00 DEBUG 7856 --- [pool-2-thread-1] c.o.tourguide.service.RewardsService     : Checking if the user 8b5dfee7-247f-443c-bcff-83ed48376a11 already get close from Fallingwater
2023-09-27T16:51:42.408+02:00 DEBUG 7856 --- [pool-2-thread-1] c.o.tourguide.service.RewardsService     : Calculate distance between -79.468056/39.906113 and 168.097842/11.516386
2023-09-27T16:51:42.408+02:00 DEBUG 7856 --- [pool-2-thread-1] c.o.tourguide.service.RewardsService     : Checking if the user 8b5dfee7-247f-443c-bcff-83ed48376a11 already get close from Union Station
2023-09-27T16:51:42.408+02:00 DEBUG 7856 --- [pool-2-thread-1] c.o.tourguide.service.RewardsService     : Calculate distance between -77.006332/38.897095 and 168.097842/11.516386
2023-09-27T16:51:42.408+02:00 DEBUG 7856 --- [pool-2-thread-1] c.o.tourguide.service.RewardsService     : Checking if the user 8b5dfee7-247f-443c-bcff-83ed48376a11 already get close from Roger Dean Stadium
2023-09-27T16:51:42.408+02:00 DEBUG 7856 --- [pool-2-thread-1] c.o.tourguide.service.RewardsService     : Calculate distance between -80.116577/26.890959 and 168.097842/11.516386
2023-09-27T16:51:42.408+02:00 DEBUG 7856 --- [pool-2-thread-1] c.o.tourguide.service.RewardsService     : Checking if the user 8b5dfee7-247f-443c-bcff-83ed48376a11 already get close from Texas Memorial Stadium
2023-09-27T16:51:42.408+02:00 DEBUG 7856 --- [pool-2-thread-1] c.o.tourguide.service.RewardsService     : Calculate distance between -97.732536/30.283682 and 168.097842/11.516386
2023-09-27T16:51:42.408+02:00 DEBUG 7856 --- [pool-2-thread-1] c.o.tourguide.service.RewardsService     : Checking if the user 8b5dfee7-247f-443c-bcff-83ed48376a11 already get close from Bryant-Denny Stadium
2023-09-27T16:51:42.408+02:00 DEBUG 7856 --- [pool-2-thread-1] c.o.tourguide.service.RewardsService     : Calculate distance between -87.550438/33.208973 and 168.097842/11.516386
2023-09-27T16:51:42.408+02:00 DEBUG 7856 --- [pool-2-thread-1] c.o.tourguide.service.RewardsService     : Checking if the user 8b5dfee7-247f-443c-bcff-83ed48376a11 already get close from Tiger Stadium
2023-09-27T16:51:42.408+02:00 DEBUG 7856 --- [pool-2-thread-1] c.o.tourguide.service.RewardsService     : Calculate distance between -91.183815/30.412035 and 168.097842/11.516386
2023-09-27T16:51:42.408+02:00 DEBUG 7856 --- [pool-2-thread-1] c.o.tourguide.service.RewardsService     : Checking if the user 8b5dfee7-247f-443c-bcff-83ed48376a11 already get close from Neyland Stadium
2023-09-27T16:51:42.408+02:00 DEBUG 7856 --- [pool-2-thread-1] c.o.tourguide.service.RewardsService     : Calculate distance between -83.925011/35.955013 and 168.097842/11.516386
2023-09-27T16:51:42.408+02:00 DEBUG 7856 --- [pool-2-thread-1] c.o.tourguide.service.RewardsService     : Checking if the user 8b5dfee7-247f-443c-bcff-83ed48376a11 already get close from Kyle Field
2023-09-27T16:51:42.408+02:00 DEBUG 7856 --- [pool-2-thread-1] c.o.tourguide.service.RewardsService     : Calculate distance between -96.339844/30.61025 and 168.097842/11.516386
2023-09-27T16:51:42.408+02:00 DEBUG 7856 --- [pool-2-thread-1] c.o.tourguide.service.RewardsService     : Checking if the user 8b5dfee7-247f-443c-bcff-83ed48376a11 already get close from San Diego Zoo
2023-09-27T16:51:42.408+02:00 DEBUG 7856 --- [pool-2-thread-1] c.o.tourguide.service.RewardsService     : Calculate distance between -117.149048/32.735317 and 168.097842/11.516386
2023-09-27T16:51:42.408+02:00 DEBUG 7856 --- [pool-2-thread-1] c.o.tourguide.service.RewardsService     : Checking if the user 8b5dfee7-247f-443c-bcff-83ed48376a11 already get close from Zoo Tampa at Lowry Park
2023-09-27T16:51:42.408+02:00 DEBUG 7856 --- [pool-2-thread-1] c.o.tourguide.service.RewardsService     : Calculate distance between -82.469269/28.012804 and 168.097842/11.516386
2023-09-27T16:51:42.408+02:00 DEBUG 7856 --- [pool-2-thread-1] c.o.tourguide.service.RewardsService     : Checking if the user 8b5dfee7-247f-443c-bcff-83ed48376a11 already get close from Franklin Park Zoo
2023-09-27T16:51:42.408+02:00 DEBUG 7856 --- [pool-2-thread-1] c.o.tourguide.service.RewardsService     : Calculate distance between -71.086731/42.302601 and 168.097842/11.516386
2023-09-27T16:51:42.408+02:00 DEBUG 7856 --- [pool-2-thread-1] c.o.tourguide.service.RewardsService     : Checking if the user 8b5dfee7-247f-443c-bcff-83ed48376a11 already get close from El Paso Zoo
2023-09-27T16:51:42.408+02:00 DEBUG 7856 --- [pool-2-thread-1] c.o.tourguide.service.RewardsService     : Calculate distance between -106.44487/31.769125 and 168.097842/11.516386
2023-09-27T16:51:42.408+02:00 DEBUG 7856 --- [pool-2-thread-1] c.o.tourguide.service.RewardsService     : Checking if the user 8b5dfee7-247f-443c-bcff-83ed48376a11 already get close from Kansas City Zoo
2023-09-27T16:51:42.408+02:00 DEBUG 7856 --- [pool-2-thread-1] c.o.tourguide.service.RewardsService     : Calculate distance between -94.529625/39.007504 and 168.097842/11.516386
2023-09-27T16:51:42.408+02:00 DEBUG 7856 --- [pool-2-thread-1] c.o.tourguide.service.RewardsService     : Checking if the user 8b5dfee7-247f-443c-bcff-83ed48376a11 already get close from Bronx Zoo
2023-09-27T16:51:42.408+02:00 DEBUG 7856 --- [pool-2-thread-1] c.o.tourguide.service.RewardsService     : Calculate distance between -73.872971/40.852905 and 168.097842/11.516386
2023-09-27T16:51:42.408+02:00 DEBUG 7856 --- [pool-2-thread-1] c.o.tourguide.service.RewardsService     : Checking if the user 8b5dfee7-247f-443c-bcff-83ed48376a11 already get close from Cinderella Castle
2023-09-27T16:51:42.408+02:00 DEBUG 7856 --- [pool-2-thread-1] c.o.tourguide.service.RewardsService     : Calculate distance between -81.5812/28.419411 and 168.097842/11.516386
2023-09-27T16:51:42.408+02:00 DEBUG 7856 --- [pool-2-thread-1] c.o.tourguide.service.RewardsService     : Trying to add 0 rewards
2023-09-27T16:51:42.508+02:00  INFO 7856 --- [pool-2-thread-1] c.o.tourguide.service.TourGuideService   : Adding the current location to the user internalUser6457
2023-09-27T16:51:42.508+02:00 DEBUG 7856 --- [pool-2-thread-1] c.o.tourguide.service.RewardsService     : calculate reward for internalUser6457 on his 5 known locations
2023-09-27T16:51:42.512+02:00 DEBUG 7856 --- [pool-3-thread-1] c.o.tourguide.service.RewardsService     : Checking if the user 7b2b8fe2-9e69-474b-b415-7c5568a28c75 already get close from Zoo Tampa at Lowry Park
2023-09-27T16:51:42.512+02:00 DEBUG 7856 --- [pool-3-thread-1] c.o.tourguide.service.RewardsService     : Calculate distance between -82.469269/28.012804 and 121.958671/-62.099573
2023-09-27T16:51:42.512+02:00 DEBUG 7856 --- [pool-3-thread-1] c.o.tourguide.service.RewardsService     : Assign reward points to 7b2b8fe2-9e69-474b-b415-7c5568a28c75 for attraction Zoo Tampa at Lowry Park
2023-09-27T16:51:42.518+02:00 DEBUG 7856 --- [pool-2-thread-1] c.o.tourguide.service.RewardsService     : Checking if the user 26b09b1b-5f2e-460a-8018-d88ec33361bb already get close from Disneyland
2023-09-27T16:51:42.518+02:00 DEBUG 7856 --- [pool-2-thread-1] c.o.tourguide.service.RewardsService     : Calculate distance between -117.922008/33.817595 and 73.33505452711205/-75.48265715028089
2023-09-27T16:51:42.518+02:00 DEBUG 7856 --- [pool-2-thread-1] c.o.tourguide.service.RewardsService     : Checking if the user 26b09b1b-5f2e-460a-8018-d88ec33361bb already get close from Jackson Hole
2023-09-27T16:51:42.518+02:00 DEBUG 7856 --- [pool-2-thread-1] c.o.tourguide.service.RewardsService     : Calculate distance between -110.821999/43.582767 and 73.33505452711205/-75.48265715028089
2023-09-27T16:51:42.518+02:00 DEBUG 7856 --- [pool-2-thread-1] c.o.tourguide.service.RewardsService     : Checking if the user 26b09b1b-5f2e-460a-8018-d88ec33361bb already get close from Mojave National Preserve
2023-09-27T16:51:42.518+02:00 DEBUG 7856 --- [pool-2-thread-1] c.o.tourguide.service.RewardsService     : Calculate distance between -115.510399/35.141689 and 73.33505452711205/-75.48265715028089
2023-09-27T16:51:42.518+02:00 DEBUG 7856 --- [pool-2-thread-1] c.o.tourguide.service.RewardsService     : Checking if the user 26b09b1b-5f2e-460a-8018-d88ec33361bb already get close from Joshua Tree National Park
2023-09-27T16:51:42.518+02:00 DEBUG 7856 --- [pool-2-thread-1] c.o.tourguide.service.RewardsService     : Calculate distance between -115.90065/33.881866 and 73.33505452711205/-75.48265715028089
2023-09-27T16:51:42.518+02:00 DEBUG 7856 --- [pool-2-thread-1] c.o.tourguide.service.RewardsService     : Checking if the user 26b09b1b-5f2e-460a-8018-d88ec33361bb already get close from Buffalo National River
2023-09-27T16:51:42.518+02:00 DEBUG 7856 --- [pool-2-thread-1] c.o.tourguide.service.RewardsService     : Calculate distance between -92.757652/35.985512 and 73.33505452711205/-75.48265715028089
2023-09-27T16:51:42.518+02:00 DEBUG 7856 --- [pool-2-thread-1] c.o.tourguide.service.RewardsService     : Checking if the user 26b09b1b-5f2e-460a-8018-d88ec33361bb already get close from Hot Springs National Park
2023-09-27T16:51:42.518+02:00 DEBUG 7856 --- [pool-2-thread-1] c.o.tourguide.service.RewardsService     : Calculate distance between -93.042267/34.52153 and 73.33505452711205/-75.48265715028089
2023-09-27T16:51:42.518+02:00 DEBUG 7856 --- [pool-2-thread-1] c.o.tourguide.service.RewardsService     : Checking if the user 26b09b1b-5f2e-460a-8018-d88ec33361bb already get close from Kartchner Caverns State Park
2023-09-27T16:51:42.518+02:00 DEBUG 7856 --- [pool-2-thread-1] c.o.tourguide.service.RewardsService     : Calculate distance between -110.347382/31.837551 and 73.33505452711205/-75.48265715028089
2023-09-27T16:51:42.518+02:00 DEBUG 7856 --- [pool-2-thread-1] c.o.tourguide.service.RewardsService     : Checking if the user 26b09b1b-5f2e-460a-8018-d88ec33361bb already get close from Legend Valley
2023-09-27T16:51:42.518+02:00 DEBUG 7856 --- [pool-2-thread-1] c.o.tourguide.service.RewardsService     : Calculate distance between -82.40667/39.937778 and 73.33505452711205/-75.48265715028089
2023-09-27T16:51:42.518+02:00 DEBUG 7856 --- [pool-2-thread-1] c.o.tourguide.service.RewardsService     : Checking if the user 26b09b1b-5f2e-460a-8018-d88ec33361bb already get close from Flowers Bakery of London
2023-09-27T16:51:42.518+02:00 DEBUG 7856 --- [pool-2-thread-1] c.o.tourguide.service.RewardsService     : Calculate distance between -84.07486/37.131527 and 73.33505452711205/-75.48265715028089
2023-09-27T16:51:42.518+02:00 DEBUG 7856 --- [pool-2-thread-1] c.o.tourguide.service.RewardsService     : Checking if the user 26b09b1b-5f2e-460a-8018-d88ec33361bb already get close from McKinley Tower
2023-09-27T16:51:42.518+02:00 DEBUG 7856 --- [pool-2-thread-1] c.o.tourguide.service.RewardsService     : Calculate distance between -149.877502/61.218887 and 73.33505452711205/-75.48265715028089
2023-09-27T16:51:42.518+02:00 DEBUG 7856 --- [pool-2-thread-1] c.o.tourguide.service.RewardsService     : Checking if the user 26b09b1b-5f2e-460a-8018-d88ec33361bb already get close from Flatiron Building
2023-09-27T16:51:42.518+02:00 DEBUG 7856 --- [pool-2-thread-1] c.o.tourguide.service.RewardsService     : Calculate distance between -73.989723/40.741112 and 73.33505452711205/-75.48265715028089
2023-09-27T16:51:42.518+02:00 DEBUG 7856 --- [pool-2-thread-1] c.o.tourguide.service.RewardsService     : Checking if the user 26b09b1b-5f2e-460a-8018-d88ec33361bb already get close from Fallingwater
2023-09-27T16:51:42.518+02:00 DEBUG 7856 --- [pool-2-thread-1] c.o.tourguide.service.RewardsService     : Calculate distance between -79.468056/39.906113 and 73.33505452711205/-75.48265715028089
2023-09-27T16:51:42.518+02:00 DEBUG 7856 --- [pool-2-thread-1] c.o.tourguide.service.RewardsService     : Checking if the user 26b09b1b-5f2e-460a-8018-d88ec33361bb already get close from Union Station
2023-09-27T16:51:42.518+02:00 DEBUG 7856 --- [pool-2-thread-1] c.o.tourguide.service.RewardsService     : Calculate distance between -77.006332/38.897095 and 73.33505452711205/-75.48265715028089
2023-09-27T16:51:42.518+02:00 DEBUG 7856 --- [pool-2-thread-1] c.o.tourguide.service.RewardsService     : Checking if the user 26b09b1b-5f2e-460a-8018-d88ec33361bb already get close from Roger Dean Stadium
2023-09-27T16:51:42.518+02:00 DEBUG 7856 --- [pool-2-thread-1] c.o.tourguide.service.RewardsService     : Calculate distance between -80.116577/26.890959 and 73.33505452711205/-75.48265715028089
2023-09-27T16:51:42.518+02:00 DEBUG 7856 --- [pool-2-thread-1] c.o.tourguide.service.RewardsService     : Checking if the user 26b09b1b-5f2e-460a-8018-d88ec33361bb already get close from Texas Memorial Stadium
2023-09-27T16:51:42.518+02:00 DEBUG 7856 --- [pool-2-thread-1] c.o.tourguide.service.RewardsService     : Calculate distance between -97.732536/30.283682 and 73.33505452711205/-75.48265715028089
2023-09-27T16:51:42.518+02:00 DEBUG 7856 --- [pool-2-thread-1] c.o.tourguide.service.RewardsService     : Checking if the user 26b09b1b-5f2e-460a-8018-d88ec33361bb already get close from Bryant-Denny Stadium
2023-09-27T16:51:42.518+02:00 DEBUG 7856 --- [pool-2-thread-1] c.o.tourguide.service.RewardsService     : Calculate distance between -87.550438/33.208973 and 73.33505452711205/-75.48265715028089
2023-09-27T16:51:42.518+02:00 DEBUG 7856 --- [pool-2-thread-1] c.o.tourguide.service.RewardsService     : Checking if the user 26b09b1b-5f2e-460a-8018-d88ec33361bb already get close from Tiger Stadium
2023-09-27T16:51:42.518+02:00 DEBUG 7856 --- [pool-2-thread-1] c.o.tourguide.service.RewardsService     : Calculate distance between -91.183815/30.412035 and 73.33505452711205/-75.48265715028089
2023-09-27T16:51:42.518+02:00 DEBUG 7856 --- [pool-2-thread-1] c.o.tourguide.service.RewardsService     : Checking if the user 26b09b1b-5f2e-460a-8018-d88ec33361bb already get close from Neyland Stadium
2023-09-27T16:51:42.518+02:00 DEBUG 7856 --- [pool-2-thread-1] c.o.tourguide.service.RewardsService     : Calculate distance between -83.925011/35.955013 and 73.33505452711205/-75.48265715028089
2023-09-27T16:51:42.518+02:00 DEBUG 7856 --- [pool-2-thread-1] c.o.tourguide.service.RewardsService     : Checking if the user 26b09b1b-5f2e-460a-8018-d88ec33361bb already get close from Kyle Field
2023-09-27T16:51:42.518+02:00 DEBUG 7856 --- [pool-2-thread-1] c.o.tourguide.service.RewardsService     : Calculate distance between -96.339844/30.61025 and 73.33505452711205/-75.48265715028089
2023-09-27T16:51:42.519+02:00 DEBUG 7856 --- [pool-2-thread-1] c.o.tourguide.service.RewardsService     : Checking if the user 26b09b1b-5f2e-460a-8018-d88ec33361bb already get close from San Diego Zoo
2023-09-27T16:51:42.519+02:00 DEBUG 7856 --- [pool-2-thread-1] c.o.tourguide.service.RewardsService     : Calculate distance between -117.149048/32.735317 and 73.33505452711205/-75.48265715028089
2023-09-27T16:51:42.519+02:00 DEBUG 7856 --- [pool-2-thread-1] c.o.tourguide.service.RewardsService     : Checking if the user 26b09b1b-5f2e-460a-8018-d88ec33361bb already get close from Zoo Tampa at Lowry Park
2023-09-27T16:51:42.519+02:00 DEBUG 7856 --- [pool-2-thread-1] c.o.tourguide.service.RewardsService     : Calculate distance between -82.469269/28.012804 and 73.33505452711205/-75.48265715028089
2023-09-27T16:51:42.519+02:00 DEBUG 7856 --- [pool-2-thread-1] c.o.tourguide.service.RewardsService     : Checking if the user 26b09b1b-5f2e-460a-8018-d88ec33361bb already get close from Franklin Park Zoo
2023-09-27T16:51:42.519+02:00 DEBUG 7856 --- [pool-2-thread-1] c.o.tourguide.service.RewardsService     : Calculate distance between -71.086731/42.302601 and 73.33505452711205/-75.48265715028089
2023-09-27T16:51:42.519+02:00 DEBUG 7856 --- [pool-2-thread-1] c.o.tourguide.service.RewardsService     : Checking if the user 26b09b1b-5f2e-460a-8018-d88ec33361bb already get close from El Paso Zoo
2023-09-27T16:51:42.519+02:00 DEBUG 7856 --- [pool-2-thread-1] c.o.tourguide.service.RewardsService     : Calculate distance between -106.44487/31.769125 and 73.33505452711205/-75.48265715028089
2023-09-27T16:51:42.519+02:00 DEBUG 7856 --- [pool-2-thread-1] c.o.tourguide.service.RewardsService     : Checking if the user 26b09b1b-5f2e-460a-8018-d88ec33361bb already get close from Kansas City Zoo
2023-09-27T16:51:42.519+02:00 DEBUG 7856 --- [pool-2-thread-1] c.o.tourguide.service.RewardsService     : Calculate distance between -94.529625/39.007504 and 73.33505452711205/-75.48265715028089
2023-09-27T16:51:42.519+02:00 DEBUG 7856 --- [pool-2-thread-1] c.o.tourguide.service.RewardsService     : Checking if the user 26b09b1b-5f2e-460a-8018-d88ec33361bb already get close from Bronx Zoo
2023-09-27T16:51:42.519+02:00 DEBUG 7856 --- [pool-2-thread-1] c.o.tourguide.service.RewardsService     : Calculate distance between -73.872971/40.852905 and 73.33505452711205/-75.48265715028089
2023-09-27T16:51:42.519+02:00 DEBUG 7856 --- [pool-2-thread-1] c.o.tourguide.service.RewardsService     : Checking if the user 26b09b1b-5f2e-460a-8018-d88ec33361bb already get close from Cinderella Castle
2023-09-27T16:51:42.519+02:00 DEBUG 7856 --- [pool-2-thread-1] c.o.tourguide.service.RewardsService     : Calculate distance between -81.5812/28.419411 and 73.33505452711205/-75.48265715028089
2023-09-27T16:51:42.519+02:00 DEBUG 7856 --- [pool-2-thread-1] c.o.tourguide.service.RewardsService     : Checking if the user 26b09b1b-5f2e-460a-8018-d88ec33361bb already get close from Disneyland
2023-09-27T16:51:42.519+02:00 DEBUG 7856 --- [pool-2-thread-1] c.o.tourguide.service.RewardsService     : Calculate distance between -117.922008/33.817595 and 110.09933266678524/42.01076058464203
2023-09-27T16:51:42.519+02:00 DEBUG 7856 --- [pool-2-thread-1] c.o.tourguide.service.RewardsService     : Checking if the user 26b09b1b-5f2e-460a-8018-d88ec33361bb already get close from Jackson Hole
2023-09-27T16:51:42.519+02:00 DEBUG 7856 --- [pool-2-thread-1] c.o.tourguide.service.RewardsService     : Calculate distance between -110.821999/43.582767 and 110.09933266678524/42.01076058464203
2023-09-27T16:51:42.519+02:00 DEBUG 7856 --- [pool-2-thread-1] c.o.tourguide.service.RewardsService     : Checking if the user 26b09b1b-5f2e-460a-8018-d88ec33361bb already get close from Mojave National Preserve
2023-09-27T16:51:42.519+02:00 DEBUG 7856 --- [pool-2-thread-1] c.o.tourguide.service.RewardsService     : Calculate distance between -115.510399/35.141689 and 110.09933266678524/42.01076058464203
2023-09-27T16:51:42.519+02:00 DEBUG 7856 --- [pool-2-thread-1] c.o.tourguide.service.RewardsService     : Checking if the user 26b09b1b-5f2e-460a-8018-d88ec33361bb already get close from Joshua Tree National Park
2023-09-27T16:51:42.519+02:00 DEBUG 7856 --- [pool-2-thread-1] c.o.tourguide.service.RewardsService     : Calculate distance between -115.90065/33.881866 and 110.09933266678524/42.01076058464203
2023-09-27T16:51:42.519+02:00 DEBUG 7856 --- [pool-2-thread-1] c.o.tourguide.service.RewardsService     : Checking if the user 26b09b1b-5f2e-460a-8018-d88ec33361bb already get close from Buffalo National River
2023-09-27T16:51:42.519+02:00 DEBUG 7856 --- [pool-2-thread-1] c.o.tourguide.service.RewardsService     : Calculate distance between -92.757652/35.985512 and 110.09933266678524/42.01076058464203
2023-09-27T16:51:42.519+02:00 DEBUG 7856 --- [pool-2-thread-1] c.o.tourguide.service.RewardsService     : Checking if the user 26b09b1b-5f2e-460a-8018-d88ec33361bb already get close from Hot Springs National Park
2023-09-27T16:51:42.519+02:00 DEBUG 7856 --- [pool-2-thread-1] c.o.tourguide.service.RewardsService     : Calculate distance between -93.042267/34.52153 and 110.09933266678524/42.01076058464203
2023-09-27T16:51:42.519+02:00 DEBUG 7856 --- [pool-2-thread-1] c.o.tourguide.service.RewardsService     : Checking if the user 26b09b1b-5f2e-460a-8018-d88ec33361bb already get close from Kartchner Caverns State Park
2023-09-27T16:51:42.519+02:00 DEBUG 7856 --- [pool-2-thread-1] c.o.tourguide.service.RewardsService     : Calculate distance between -110.347382/31.837551 and 110.09933266678524/42.01076058464203
2023-09-27T16:51:42.519+02:00 DEBUG 7856 --- [pool-2-thread-1] c.o.tourguide.service.RewardsService     : Checking if the user 26b09b1b-5f2e-460a-8018-d88ec33361bb already get close from Legend Valley
2023-09-27T16:51:42.519+02:00 DEBUG 7856 --- [pool-2-thread-1] c.o.tourguide.service.RewardsService     : Calculate distance between -82.40667/39.937778 and 110.09933266678524/42.01076058464203
2023-09-27T16:51:42.519+02:00 DEBUG 7856 --- [pool-2-thread-1] c.o.tourguide.service.RewardsService     : Checking if the user 26b09b1b-5f2e-460a-8018-d88ec33361bb already get close from Flowers Bakery of London
2023-09-27T16:51:42.519+02:00 DEBUG 7856 --- [pool-2-thread-1] c.o.tourguide.service.RewardsService     : Calculate distance between -84.07486/37.131527 and 110.09933266678524/42.01076058464203
2023-09-27T16:51:42.519+02:00 DEBUG 7856 --- [pool-2-thread-1] c.o.tourguide.service.RewardsService     : Checking if the user 26b09b1b-5f2e-460a-8018-d88ec33361bb already get close from McKinley Tower
2023-09-27T16:51:42.519+02:00 DEBUG 7856 --- [pool-2-thread-1] c.o.tourguide.service.RewardsService     : Calculate distance between -149.877502/61.218887 and 110.09933266678524/42.01076058464203
2023-09-27T16:51:42.519+02:00 DEBUG 7856 --- [pool-2-thread-1] c.o.tourguide.service.RewardsService     : Checking if the user 26b09b1b-5f2e-460a-8018-d88ec33361bb already get close from Flatiron Building
2023-09-27T16:51:42.519+02:00 DEBUG 7856 --- [pool-2-thread-1] c.o.tourguide.service.RewardsService     : Calculate distance between -73.989723/40.741112 and 110.09933266678524/42.01076058464203
2023-09-27T16:51:42.519+02:00 DEBUG 7856 --- [pool-2-thread-1] c.o.tourguide.service.RewardsService     : Checking if the user 26b09b1b-5f2e-460a-8018-d88ec33361bb already get close from Fallingwater
2023-09-27T16:51:42.519+02:00 DEBUG 7856 --- [pool-2-thread-1] c.o.tourguide.service.RewardsService     : Calculate distance between -79.468056/39.906113 and 110.09933266678524/42.01076058464203
2023-09-27T16:51:42.519+02:00 DEBUG 7856 --- [pool-2-thread-1] c.o.tourguide.service.RewardsService     : Checking if the user 26b09b1b-5f2e-460a-8018-d88ec33361bb already get close from Union Station
2023-09-27T16:51:42.519+02:00 DEBUG 7856 --- [pool-2-thread-1] c.o.tourguide.service.RewardsService     : Calculate distance between -77.006332/38.897095 and 110.09933266678524/42.01076058464203
2023-09-27T16:51:42.519+02:00 DEBUG 7856 --- [pool-2-thread-1] c.o.tourguide.service.RewardsService     : Checking if the user 26b09b1b-5f2e-460a-8018-d88ec33361bb already get close from Roger Dean Stadium
2023-09-27T16:51:42.519+02:00 DEBUG 7856 --- [pool-2-thread-1] c.o.tourguide.service.RewardsService     : Calculate distance between -80.116577/26.890959 and 110.09933266678524/42.01076058464203
2023-09-27T16:51:42.519+02:00 DEBUG 7856 --- [pool-2-thread-1] c.o.tourguide.service.RewardsService     : Checking if the user 26b09b1b-5f2e-460a-8018-d88ec33361bb already get close from Texas Memorial Stadium
2023-09-27T16:51:42.519+02:00 DEBUG 7856 --- [pool-2-thread-1] c.o.tourguide.service.RewardsService     : Calculate distance between -97.732536/30.283682 and 110.09933266678524/42.01076058464203
2023-09-27T16:51:42.519+02:00 DEBUG 7856 --- [pool-2-thread-1] c.o.tourguide.service.RewardsService     : Checking if the user 26b09b1b-5f2e-460a-8018-d88ec33361bb already get close from Bryant-Denny Stadium
2023-09-27T16:51:42.519+02:00 DEBUG 7856 --- [pool-2-thread-1] c.o.tourguide.service.RewardsService     : Calculate distance between -87.550438/33.208973 and 110.09933266678524/42.01076058464203
2023-09-27T16:51:42.519+02:00 DEBUG 7856 --- [pool-2-thread-1] c.o.tourguide.service.RewardsService     : Checking if the user 26b09b1b-5f2e-460a-8018-d88ec33361bb already get close from Tiger Stadium
2023-09-27T16:51:42.519+02:00 DEBUG 7856 --- [pool-2-thread-1] c.o.tourguide.service.RewardsService     : Calculate distance between -91.183815/30.412035 and 110.09933266678524/42.01076058464203
2023-09-27T16:51:42.519+02:00 DEBUG 7856 --- [pool-2-thread-1] c.o.tourguide.service.RewardsService     : Checking if the user 26b09b1b-5f2e-460a-8018-d88ec33361bb already get close from Neyland Stadium
2023-09-27T16:51:42.519+02:00 DEBUG 7856 --- [pool-2-thread-1] c.o.tourguide.service.RewardsService     : Calculate distance between -83.925011/35.955013 and 110.09933266678524/42.01076058464203
2023-09-27T16:51:42.519+02:00 DEBUG 7856 --- [pool-2-thread-1] c.o.tourguide.service.RewardsService     : Checking if the user 26b09b1b-5f2e-460a-8018-d88ec33361bb already get close from Kyle Field
2023-09-27T16:51:42.519+02:00 DEBUG 7856 --- [pool-2-thread-1] c.o.tourguide.service.RewardsService     : Calculate distance between -96.339844/30.61025 and 110.09933266678524/42.01076058464203
2023-09-27T16:51:42.519+02:00 DEBUG 7856 --- [pool-2-thread-1] c.o.tourguide.service.RewardsService     : Checking if the user 26b09b1b-5f2e-460a-8018-d88ec33361bb already get close from San Diego Zoo
2023-09-27T16:51:42.519+02:00 DEBUG 7856 --- [pool-2-thread-1] c.o.tourguide.service.RewardsService     : Calculate distance between -117.149048/32.735317 and 110.09933266678524/42.01076058464203
2023-09-27T16:51:42.519+02:00 DEBUG 7856 --- [pool-2-thread-1] c.o.tourguide.service.RewardsService     : Checking if the user 26b09b1b-5f2e-460a-8018-d88ec33361bb already get close from Zoo Tampa at Lowry Park
2023-09-27T16:51:42.519+02:00 DEBUG 7856 --- [pool-2-thread-1] c.o.tourguide.service.RewardsService     : Calculate distance between -82.469269/28.012804 and 110.09933266678524/42.01076058464203
2023-09-27T16:51:42.519+02:00 DEBUG 7856 --- [pool-2-thread-1] c.o.tourguide.service.RewardsService     : Checking if the user 26b09b1b-5f2e-460a-8018-d88ec33361bb already get close from Franklin Park Zoo
2023-09-27T16:51:42.519+02:00 DEBUG 7856 --- [pool-2-thread-1] c.o.tourguide.service.RewardsService     : Calculate distance between -71.086731/42.302601 and 110.09933266678524/42.01076058464203
2023-09-27T16:51:42.519+02:00 DEBUG 7856 --- [pool-2-thread-1] c.o.tourguide.service.RewardsService     : Checking if the user 26b09b1b-5f2e-460a-8018-d88ec33361bb already get close from El Paso Zoo
2023-09-27T16:51:42.519+02:00 DEBUG 7856 --- [pool-2-thread-1] c.o.tourguide.service.RewardsService     : Calculate distance between -106.44487/31.769125 and 110.09933266678524/42.01076058464203
2023-09-27T16:51:42.519+02:00 DEBUG 7856 --- [pool-2-thread-1] c.o.tourguide.service.RewardsService     : Checking if the user 26b09b1b-5f2e-460a-8018-d88ec33361bb already get close from Kansas City Zoo
2023-09-27T16:51:42.519+02:00 DEBUG 7856 --- [pool-2-thread-1] c.o.tourguide.service.RewardsService     : Calculate distance between -94.529625/39.007504 and 110.09933266678524/42.01076058464203
2023-09-27T16:51:42.519+02:00 DEBUG 7856 --- [pool-2-thread-1] c.o.tourguide.service.RewardsService     : Checking if the user 26b09b1b-5f2e-460a-8018-d88ec33361bb already get close from Bronx Zoo
2023-09-27T16:51:42.519+02:00 DEBUG 7856 --- [pool-2-thread-1] c.o.tourguide.service.RewardsService     : Calculate distance between -73.872971/40.852905 and 110.09933266678524/42.01076058464203
2023-09-27T16:51:42.519+02:00 DEBUG 7856 --- [pool-2-thread-1] c.o.tourguide.service.RewardsService     : Checking if the user 26b09b1b-5f2e-460a-8018-d88ec33361bb already get close from Cinderella Castle
2023-09-27T16:51:42.519+02:00 DEBUG 7856 --- [pool-2-thread-1] c.o.tourguide.service.RewardsService     : Calculate distance between -81.5812/28.419411 and 110.09933266678524/42.01076058464203
2023-09-27T16:51:42.519+02:00 DEBUG 7856 --- [pool-2-thread-1] c.o.tourguide.service.RewardsService     : Checking if the user 26b09b1b-5f2e-460a-8018-d88ec33361bb already get close from Disneyland
2023-09-27T16:51:42.519+02:00 DEBUG 7856 --- [pool-2-thread-1] c.o.tourguide.service.RewardsService     : Calculate distance between -117.922008/33.817595 and 163.8318235054519/55.688081447961025
2023-09-27T16:51:42.519+02:00 DEBUG 7856 --- [pool-2-thread-1] c.o.tourguide.service.RewardsService     : Checking if the user 26b09b1b-5f2e-460a-8018-d88ec33361bb already get close from Jackson Hole
2023-09-27T16:51:42.519+02:00 DEBUG 7856 --- [pool-2-thread-1] c.o.tourguide.service.RewardsService     : Calculate distance between -110.821999/43.582767 and 163.8318235054519/55.688081447961025
2023-09-27T16:51:42.519+02:00 DEBUG 7856 --- [pool-2-thread-1] c.o.tourguide.service.RewardsService     : Checking if the user 26b09b1b-5f2e-460a-8018-d88ec33361bb already get close from Mojave National Preserve
2023-09-27T16:51:42.519+02:00 DEBUG 7856 --- [pool-2-thread-1] c.o.tourguide.service.RewardsService     : Calculate distance between -115.510399/35.141689 and 163.8318235054519/55.688081447961025
2023-09-27T16:51:42.519+02:00 DEBUG 7856 --- [pool-2-thread-1] c.o.tourguide.service.RewardsService     : Checking if the user 26b09b1b-5f2e-460a-8018-d88ec33361bb already get close from Joshua Tree National Park
2023-09-27T16:51:42.519+02:00 DEBUG 7856 --- [pool-2-thread-1] c.o.tourguide.service.RewardsService     : Calculate distance between -115.90065/33.881866 and 163.8318235054519/55.688081447961025
2023-09-27T16:51:42.519+02:00 DEBUG 7856 --- [pool-2-thread-1] c.o.tourguide.service.RewardsService     : Checking if the user 26b09b1b-5f2e-460a-8018-d88ec33361bb already get close from Buffalo National River
2023-09-27T16:51:42.519+02:00 DEBUG 7856 --- [pool-2-thread-1] c.o.tourguide.service.RewardsService     : Calculate distance between -92.757652/35.985512 and 163.8318235054519/55.688081447961025
2023-09-27T16:51:42.519+02:00 DEBUG 7856 --- [pool-2-thread-1] c.o.tourguide.service.RewardsService     : Checking if the user 26b09b1b-5f2e-460a-8018-d88ec33361bb already get close from Hot Springs National Park
2023-09-27T16:51:42.519+02:00 DEBUG 7856 --- [pool-2-thread-1] c.o.tourguide.service.RewardsService     : Calculate distance between -93.042267/34.52153 and 163.8318235054519/55.688081447961025
2023-09-27T16:51:42.519+02:00 DEBUG 7856 --- [pool-2-thread-1] c.o.tourguide.service.RewardsService     : Checking if the user 26b09b1b-5f2e-460a-8018-d88ec33361bb already get close from Kartchner Caverns State Park
2023-09-27T16:51:42.519+02:00 DEBUG 7856 --- [pool-2-thread-1] c.o.tourguide.service.RewardsService     : Calculate distance between -110.347382/31.837551 and 163.8318235054519/55.688081447961025
2023-09-27T16:51:42.519+02:00 DEBUG 7856 --- [pool-2-thread-1] c.o.tourguide.service.RewardsService     : Checking if the user 26b09b1b-5f2e-460a-8018-d88ec33361bb already get close from Legend Valley
2023-09-27T16:51:42.519+02:00 DEBUG 7856 --- [pool-2-thread-1] c.o.tourguide.service.RewardsService     : Calculate distance between -82.40667/39.937778 and 163.8318235054519/55.688081447961025
2023-09-27T16:51:42.519+02:00 DEBUG 7856 --- [pool-2-thread-1] c.o.tourguide.service.RewardsService     : Checking if the user 26b09b1b-5f2e-460a-8018-d88ec33361bb already get close from Flowers Bakery of London
2023-09-27T16:51:42.519+02:00 DEBUG 7856 --- [pool-2-thread-1] c.o.tourguide.service.RewardsService     : Calculate distance between -84.07486/37.131527 and 163.8318235054519/55.688081447961025
2023-09-27T16:51:42.519+02:00 DEBUG 7856 --- [pool-2-thread-1] c.o.tourguide.service.RewardsService     : Checking if the user 26b09b1b-5f2e-460a-8018-d88ec33361bb already get close from McKinley Tower
2023-09-27T16:51:42.519+02:00 DEBUG 7856 --- [pool-2-thread-1] c.o.tourguide.service.RewardsService     : Calculate distance between -149.877502/61.218887 and 163.8318235054519/55.688081447961025
2023-09-27T16:51:42.519+02:00 DEBUG 7856 --- [pool-2-thread-1] c.o.tourguide.service.RewardsService     : Checking if the user 26b09b1b-5f2e-460a-8018-d88ec33361bb already get close from Flatiron Building
2023-09-27T16:51:42.519+02:00 DEBUG 7856 --- [pool-2-thread-1] c.o.tourguide.service.RewardsService     : Calculate distance between -73.989723/40.741112 and 163.8318235054519/55.688081447961025
2023-09-27T16:51:42.519+02:00 DEBUG 7856 --- [pool-2-thread-1] c.o.tourguide.service.RewardsService     : Checking if the user 26b09b1b-5f2e-460a-8018-d88ec33361bb already get close from Fallingwater
2023-09-27T16:51:42.519+02:00 DEBUG 7856 --- [pool-2-thread-1] c.o.tourguide.service.RewardsService     : Calculate distance between -79.468056/39.906113 and 163.8318235054519/55.688081447961025
2023-09-27T16:51:42.519+02:00 DEBUG 7856 --- [pool-2-thread-1] c.o.tourguide.service.RewardsService     : Checking if the user 26b09b1b-5f2e-460a-8018-d88ec33361bb already get close from Union Station
2023-09-27T16:51:42.519+02:00 DEBUG 7856 --- [pool-2-thread-1] c.o.tourguide.service.RewardsService     : Calculate distance between -77.006332/38.897095 and 163.8318235054519/55.688081447961025
2023-09-27T16:51:42.519+02:00 DEBUG 7856 --- [pool-2-thread-1] c.o.tourguide.service.RewardsService     : Checking if the user 26b09b1b-5f2e-460a-8018-d88ec33361bb already get close from Roger Dean Stadium
2023-09-27T16:51:42.519+02:00 DEBUG 7856 --- [pool-2-thread-1] c.o.tourguide.service.RewardsService     : Calculate distance between -80.116577/26.890959 and 163.8318235054519/55.688081447961025
2023-09-27T16:51:42.519+02:00 DEBUG 7856 --- [pool-2-thread-1] c.o.tourguide.service.RewardsService     : Checking if the user 26b09b1b-5f2e-460a-8018-d88ec33361bb already get close from Texas Memorial Stadium
2023-09-27T16:51:42.519+02:00 DEBUG 7856 --- [pool-2-thread-1] c.o.tourguide.service.RewardsService     : Calculate distance between -97.732536/30.283682 and 163.8318235054519/55.688081447961025
2023-09-27T16:51:42.519+02:00 DEBUG 7856 --- [pool-2-thread-1] c.o.tourguide.service.RewardsService     : Checking if the user 26b09b1b-5f2e-460a-8018-d88ec33361bb already get close from Bryant-Denny Stadium
2023-09-27T16:51:42.519+02:00 DEBUG 7856 --- [pool-2-thread-1] c.o.tourguide.service.RewardsService     : Calculate distance between -87.550438/33.208973 and 163.8318235054519/55.688081447961025
2023-09-27T16:51:42.519+02:00 DEBUG 7856 --- [pool-2-thread-1] c.o.tourguide.service.RewardsService     : Checking if the user 26b09b1b-5f2e-460a-8018-d88ec33361bb already get close from Tiger Stadium
2023-09-27T16:51:42.519+02:00 DEBUG 7856 --- [pool-2-thread-1] c.o.tourguide.service.RewardsService     : Calculate distance between -91.183815/30.412035 and 163.8318235054519/55.688081447961025
2023-09-27T16:51:42.519+02:00 DEBUG 7856 --- [pool-2-thread-1] c.o.tourguide.service.RewardsService     : Checking if the user 26b09b1b-5f2e-460a-8018-d88ec33361bb already get close from Neyland Stadium
2023-09-27T16:51:42.519+02:00 DEBUG 7856 --- [pool-2-thread-1] c.o.tourguide.service.RewardsService     : Calculate distance between -83.925011/35.955013 and 163.8318235054519/55.688081447961025
2023-09-27T16:51:42.519+02:00 DEBUG 7856 --- [pool-2-thread-1] c.o.tourguide.service.RewardsService     : Checking if the user 26b09b1b-5f2e-460a-8018-d88ec33361bb already get close from Kyle Field
2023-09-27T16:51:42.519+02:00 DEBUG 7856 --- [pool-2-thread-1] c.o.tourguide.service.RewardsService     : Calculate distance between -96.339844/30.61025 and 163.8318235054519/55.688081447961025
2023-09-27T16:51:42.519+02:00 DEBUG 7856 --- [pool-2-thread-1] c.o.tourguide.service.RewardsService     : Checking if the user 26b09b1b-5f2e-460a-8018-d88ec33361bb already get close from San Diego Zoo
2023-09-27T16:51:42.519+02:00 DEBUG 7856 --- [pool-2-thread-1] c.o.tourguide.service.RewardsService     : Calculate distance between -117.149048/32.735317 and 163.8318235054519/55.688081447961025
2023-09-27T16:51:42.519+02:00 DEBUG 7856 --- [pool-2-thread-1] c.o.tourguide.service.RewardsService     : Checking if the user 26b09b1b-5f2e-460a-8018-d88ec33361bb already get close from Zoo Tampa at Lowry Park
2023-09-27T16:51:42.519+02:00 DEBUG 7856 --- [pool-2-thread-1] c.o.tourguide.service.RewardsService     : Calculate distance between -82.469269/28.012804 and 163.8318235054519/55.688081447961025
2023-09-27T16:51:42.519+02:00 DEBUG 7856 --- [pool-2-thread-1] c.o.tourguide.service.RewardsService     : Checking if the user 26b09b1b-5f2e-460a-8018-d88ec33361bb already get close from Franklin Park Zoo
2023-09-27T16:51:42.519+02:00 DEBUG 7856 --- [pool-2-thread-1] c.o.tourguide.service.RewardsService     : Calculate distance between -71.086731/42.302601 and 163.8318235054519/55.688081447961025
2023-09-27T16:51:42.519+02:00 DEBUG 7856 --- [pool-2-thread-1] c.o.tourguide.service.RewardsService     : Checking if the user 26b09b1b-5f2e-460a-8018-d88ec33361bb already get close from El Paso Zoo
2023-09-27T16:51:42.519+02:00 DEBUG 7856 --- [pool-2-thread-1] c.o.tourguide.service.RewardsService     : Calculate distance between -106.44487/31.769125 and 163.8318235054519/55.688081447961025
2023-09-27T16:51:42.519+02:00 DEBUG 7856 --- [pool-2-thread-1] c.o.tourguide.service.RewardsService     : Checking if the user 26b09b1b-5f2e-460a-8018-d88ec33361bb already get close from Kansas City Zoo
2023-09-27T16:51:42.519+02:00 DEBUG 7856 --- [pool-2-thread-1] c.o.tourguide.service.RewardsService     : Calculate distance between -94.529625/39.007504 and 163.8318235054519/55.688081447961025
2023-09-27T16:51:42.519+02:00 DEBUG 7856 --- [pool-2-thread-1] c.o.tourguide.service.RewardsService     : Checking if the user 26b09b1b-5f2e-460a-8018-d88ec33361bb already get close from Bronx Zoo
2023-09-27T16:51:42.519+02:00 DEBUG 7856 --- [pool-2-thread-1] c.o.tourguide.service.RewardsService     : Calculate distance between -73.872971/40.852905 and 163.8318235054519/55.688081447961025
2023-09-27T16:51:42.519+02:00 DEBUG 7856 --- [pool-2-thread-1] c.o.tourguide.service.RewardsService     : Checking if the user 26b09b1b-5f2e-460a-8018-d88ec33361bb already get close from Cinderella Castle
2023-09-27T16:51:42.519+02:00 DEBUG 7856 --- [pool-2-thread-1] c.o.tourguide.service.RewardsService     : Calculate distance between -81.5812/28.419411 and 163.8318235054519/55.688081447961025
2023-09-27T16:51:42.519+02:00 DEBUG 7856 --- [pool-2-thread-1] c.o.tourguide.service.RewardsService     : Checking if the user 26b09b1b-5f2e-460a-8018-d88ec33361bb already get close from Disneyland
2023-09-27T16:51:42.519+02:00 DEBUG 7856 --- [pool-2-thread-1] c.o.tourguide.service.RewardsService     : Calculate distance between -117.922008/33.817595 and 50.472559/-35.60663
2023-09-27T16:51:42.519+02:00 DEBUG 7856 --- [pool-2-thread-1] c.o.tourguide.service.RewardsService     : Checking if the user 26b09b1b-5f2e-460a-8018-d88ec33361bb already get close from Jackson Hole
2023-09-27T16:51:42.519+02:00 DEBUG 7856 --- [pool-2-thread-1] c.o.tourguide.service.RewardsService     : Calculate distance between -110.821999/43.582767 and 50.472559/-35.60663
2023-09-27T16:51:42.519+02:00 DEBUG 7856 --- [pool-2-thread-1] c.o.tourguide.service.RewardsService     : Checking if the user 26b09b1b-5f2e-460a-8018-d88ec33361bb already get close from Mojave National Preserve
2023-09-27T16:51:42.519+02:00 DEBUG 7856 --- [pool-2-thread-1] c.o.tourguide.service.RewardsService     : Calculate distance between -115.510399/35.141689 and 50.472559/-35.60663
2023-09-27T16:51:42.520+02:00 DEBUG 7856 --- [pool-2-thread-1] c.o.tourguide.service.RewardsService     : Checking if the user 26b09b1b-5f2e-460a-8018-d88ec33361bb already get close from Joshua Tree National Park
2023-09-27T16:51:42.520+02:00 DEBUG 7856 --- [pool-2-thread-1] c.o.tourguide.service.RewardsService     : Calculate distance between -115.90065/33.881866 and 50.472559/-35.60663
2023-09-27T16:51:42.520+02:00 DEBUG 7856 --- [pool-2-thread-1] c.o.tourguide.service.RewardsService     : Checking if the user 26b09b1b-5f2e-460a-8018-d88ec33361bb already get close from Buffalo National River
2023-09-27T16:51:42.520+02:00 DEBUG 7856 --- [pool-2-thread-1] c.o.tourguide.service.RewardsService     : Calculate distance between -92.757652/35.985512 and 50.472559/-35.60663
2023-09-27T16:51:42.520+02:00 DEBUG 7856 --- [pool-2-thread-1] c.o.tourguide.service.RewardsService     : Checking if the user 26b09b1b-5f2e-460a-8018-d88ec33361bb already get close from Hot Springs National Park
2023-09-27T16:51:42.520+02:00 DEBUG 7856 --- [pool-2-thread-1] c.o.tourguide.service.RewardsService     : Calculate distance between -93.042267/34.52153 and 50.472559/-35.60663
2023-09-27T16:51:42.520+02:00 DEBUG 7856 --- [pool-2-thread-1] c.o.tourguide.service.RewardsService     : Checking if the user 26b09b1b-5f2e-460a-8018-d88ec33361bb already get close from Kartchner Caverns State Park
2023-09-27T16:51:42.520+02:00 DEBUG 7856 --- [pool-2-thread-1] c.o.tourguide.service.RewardsService     : Calculate distance between -110.347382/31.837551 and 50.472559/-35.60663
2023-09-27T16:51:42.520+02:00 DEBUG 7856 --- [pool-2-thread-1] c.o.tourguide.service.RewardsService     : Checking if the user 26b09b1b-5f2e-460a-8018-d88ec33361bb already get close from Legend Valley
2023-09-27T16:51:42.520+02:00 DEBUG 7856 --- [pool-2-thread-1] c.o.tourguide.service.RewardsService     : Calculate distance between -82.40667/39.937778 and 50.472559/-35.60663
2023-09-27T16:51:42.520+02:00 DEBUG 7856 --- [pool-2-thread-1] c.o.tourguide.service.RewardsService     : Checking if the user 26b09b1b-5f2e-460a-8018-d88ec33361bb already get close from Flowers Bakery of London
2023-09-27T16:51:42.520+02:00 DEBUG 7856 --- [pool-2-thread-1] c.o.tourguide.service.RewardsService     : Calculate distance between -84.07486/37.131527 and 50.472559/-35.60663
2023-09-27T16:51:42.520+02:00 DEBUG 7856 --- [pool-2-thread-1] c.o.tourguide.service.RewardsService     : Checking if the user 26b09b1b-5f2e-460a-8018-d88ec33361bb already get close from McKinley Tower
2023-09-27T16:51:42.520+02:00 DEBUG 7856 --- [pool-2-thread-1] c.o.tourguide.service.RewardsService     : Calculate distance between -149.877502/61.218887 and 50.472559/-35.60663
2023-09-27T16:51:42.520+02:00 DEBUG 7856 --- [pool-2-thread-1] c.o.tourguide.service.RewardsService     : Checking if the user 26b09b1b-5f2e-460a-8018-d88ec33361bb already get close from Flatiron Building
2023-09-27T16:51:42.520+02:00 DEBUG 7856 --- [pool-2-thread-1] c.o.tourguide.service.RewardsService     : Calculate distance between -73.989723/40.741112 and 50.472559/-35.60663
2023-09-27T16:51:42.520+02:00 DEBUG 7856 --- [pool-2-thread-1] c.o.tourguide.service.RewardsService     : Checking if the user 26b09b1b-5f2e-460a-8018-d88ec33361bb already get close from Fallingwater
2023-09-27T16:51:42.520+02:00 DEBUG 7856 --- [pool-2-thread-1] c.o.tourguide.service.RewardsService     : Calculate distance between -79.468056/39.906113 and 50.472559/-35.60663
2023-09-27T16:51:42.520+02:00 DEBUG 7856 --- [pool-2-thread-1] c.o.tourguide.service.RewardsService     : Checking if the user 26b09b1b-5f2e-460a-8018-d88ec33361bb already get close from Union Station
2023-09-27T16:51:42.520+02:00 DEBUG 7856 --- [pool-2-thread-1] c.o.tourguide.service.RewardsService     : Calculate distance between -77.006332/38.897095 and 50.472559/-35.60663
2023-09-27T16:51:42.520+02:00 DEBUG 7856 --- [pool-2-thread-1] c.o.tourguide.service.RewardsService     : Checking if the user 26b09b1b-5f2e-460a-8018-d88ec33361bb already get close from Roger Dean Stadium
2023-09-27T16:51:42.520+02:00 DEBUG 7856 --- [pool-2-thread-1] c.o.tourguide.service.RewardsService     : Calculate distance between -80.116577/26.890959 and 50.472559/-35.60663
2023-09-27T16:51:42.520+02:00 DEBUG 7856 --- [pool-2-thread-1] c.o.tourguide.service.RewardsService     : Checking if the user 26b09b1b-5f2e-460a-8018-d88ec33361bb already get close from Texas Memorial Stadium
2023-09-27T16:51:42.520+02:00 DEBUG 7856 --- [pool-2-thread-1] c.o.tourguide.service.RewardsService     : Calculate distance between -97.732536/30.283682 and 50.472559/-35.60663
2023-09-27T16:51:42.520+02:00 DEBUG 7856 --- [pool-2-thread-1] c.o.tourguide.service.RewardsService     : Checking if the user 26b09b1b-5f2e-460a-8018-d88ec33361bb already get close from Bryant-Denny Stadium
2023-09-27T16:51:42.520+02:00 DEBUG 7856 --- [pool-2-thread-1] c.o.tourguide.service.RewardsService     : Calculate distance between -87.550438/33.208973 and 50.472559/-35.60663
2023-09-27T16:51:42.520+02:00 DEBUG 7856 --- [pool-2-thread-1] c.o.tourguide.service.RewardsService     : Checking if the user 26b09b1b-5f2e-460a-8018-d88ec33361bb already get close from Tiger Stadium
2023-09-27T16:51:42.520+02:00 DEBUG 7856 --- [pool-2-thread-1] c.o.tourguide.service.RewardsService     : Calculate distance between -91.183815/30.412035 and 50.472559/-35.60663
2023-09-27T16:51:42.520+02:00 DEBUG 7856 --- [pool-2-thread-1] c.o.tourguide.service.RewardsService     : Checking if the user 26b09b1b-5f2e-460a-8018-d88ec33361bb already get close from Neyland Stadium
2023-09-27T16:51:42.520+02:00 DEBUG 7856 --- [pool-2-thread-1] c.o.tourguide.service.RewardsService     : Calculate distance between -83.925011/35.955013 and 50.472559/-35.60663
2023-09-27T16:51:42.520+02:00 DEBUG 7856 --- [pool-2-thread-1] c.o.tourguide.service.RewardsService     : Checking if the user 26b09b1b-5f2e-460a-8018-d88ec33361bb already get close from Kyle Field
2023-09-27T16:51:42.520+02:00 DEBUG 7856 --- [pool-2-thread-1] c.o.tourguide.service.RewardsService     : Calculate distance between -96.339844/30.61025 and 50.472559/-35.60663
2023-09-27T16:51:42.520+02:00 DEBUG 7856 --- [pool-2-thread-1] c.o.tourguide.service.RewardsService     : Checking if the user 26b09b1b-5f2e-460a-8018-d88ec33361bb already get close from San Diego Zoo
2023-09-27T16:51:42.520+02:00 DEBUG 7856 --- [pool-2-thread-1] c.o.tourguide.service.RewardsService     : Calculate distance between -117.149048/32.735317 and 50.472559/-35.60663
2023-09-27T16:51:42.520+02:00 DEBUG 7856 --- [pool-2-thread-1] c.o.tourguide.service.RewardsService     : Checking if the user 26b09b1b-5f2e-460a-8018-d88ec33361bb already get close from Zoo Tampa at Lowry Park
2023-09-27T16:51:42.520+02:00 DEBUG 7856 --- [pool-2-thread-1] c.o.tourguide.service.RewardsService     : Calculate distance between -82.469269/28.012804 and 50.472559/-35.60663
2023-09-27T16:51:42.520+02:00 DEBUG 7856 --- [pool-2-thread-1] c.o.tourguide.service.RewardsService     : Checking if the user 26b09b1b-5f2e-460a-8018-d88ec33361bb already get close from Franklin Park Zoo
2023-09-27T16:51:42.520+02:00 DEBUG 7856 --- [pool-2-thread-1] c.o.tourguide.service.RewardsService     : Calculate distance between -71.086731/42.302601 and 50.472559/-35.60663
2023-09-27T16:51:42.520+02:00 DEBUG 7856 --- [pool-2-thread-1] c.o.tourguide.service.RewardsService     : Checking if the user 26b09b1b-5f2e-460a-8018-d88ec33361bb already get close from El Paso Zoo
2023-09-27T16:51:42.520+02:00 DEBUG 7856 --- [pool-2-thread-1] c.o.tourguide.service.RewardsService     : Calculate distance between -106.44487/31.769125 and 50.472559/-35.60663
2023-09-27T16:51:42.520+02:00 DEBUG 7856 --- [pool-2-thread-1] c.o.tourguide.service.RewardsService     : Checking if the user 26b09b1b-5f2e-460a-8018-d88ec33361bb already get close from Kansas City Zoo
2023-09-27T16:51:42.520+02:00 DEBUG 7856 --- [pool-2-thread-1] c.o.tourguide.service.RewardsService     : Calculate distance between -94.529625/39.007504 and 50.472559/-35.60663
2023-09-27T16:51:42.520+02:00 DEBUG 7856 --- [pool-2-thread-1] c.o.tourguide.service.RewardsService     : Checking if the user 26b09b1b-5f2e-460a-8018-d88ec33361bb already get close from Bronx Zoo
2023-09-27T16:51:42.520+02:00 DEBUG 7856 --- [pool-2-thread-1] c.o.tourguide.service.RewardsService     : Calculate distance between -73.872971/40.852905 and 50.472559/-35.60663
2023-09-27T16:51:42.520+02:00 DEBUG 7856 --- [pool-2-thread-1] c.o.tourguide.service.RewardsService     : Checking if the user 26b09b1b-5f2e-460a-8018-d88ec33361bb already get close from Cinderella Castle
2023-09-27T16:51:42.520+02:00 DEBUG 7856 --- [pool-2-thread-1] c.o.tourguide.service.RewardsService     : Calculate distance between -81.5812/28.419411 and 50.472559/-35.60663
2023-09-27T16:51:42.520+02:00 DEBUG 7856 --- [pool-2-thread-1] c.o.tourguide.service.RewardsService     : Checking if the user 26b09b1b-5f2e-460a-8018-d88ec33361bb already get close from Disneyland
2023-09-27T16:51:42.520+02:00 DEBUG 7856 --- [pool-2-thread-1] c.o.tourguide.service.RewardsService     : Calculate distance between -117.922008/33.817595 and -15.510396/-36.232478
2023-09-27T16:51:42.520+02:00 DEBUG 7856 --- [pool-2-thread-1] c.o.tourguide.service.RewardsService     : Checking if the user 26b09b1b-5f2e-460a-8018-d88ec33361bb already get close from Jackson Hole
2023-09-27T16:51:42.520+02:00 DEBUG 7856 --- [pool-2-thread-1] c.o.tourguide.service.RewardsService     : Calculate distance between -110.821999/43.582767 and -15.510396/-36.232478
2023-09-27T16:51:42.520+02:00 DEBUG 7856 --- [pool-2-thread-1] c.o.tourguide.service.RewardsService     : Checking if the user 26b09b1b-5f2e-460a-8018-d88ec33361bb already get close from Mojave National Preserve
2023-09-27T16:51:42.520+02:00 DEBUG 7856 --- [pool-2-thread-1] c.o.tourguide.service.RewardsService     : Calculate distance between -115.510399/35.141689 and -15.510396/-36.232478
2023-09-27T16:51:42.520+02:00 DEBUG 7856 --- [pool-2-thread-1] c.o.tourguide.service.RewardsService     : Checking if the user 26b09b1b-5f2e-460a-8018-d88ec33361bb already get close from Joshua Tree National Park
2023-09-27T16:51:42.520+02:00 DEBUG 7856 --- [pool-2-thread-1] c.o.tourguide.service.RewardsService     : Calculate distance between -115.90065/33.881866 and -15.510396/-36.232478
2023-09-27T16:51:42.520+02:00 DEBUG 7856 --- [pool-2-thread-1] c.o.tourguide.service.RewardsService     : Checking if the user 26b09b1b-5f2e-460a-8018-d88ec33361bb already get close from Buffalo National River
2023-09-27T16:51:42.520+02:00 DEBUG 7856 --- [pool-2-thread-1] c.o.tourguide.service.RewardsService     : Calculate distance between -92.757652/35.985512 and -15.510396/-36.232478
2023-09-27T16:51:42.520+02:00 DEBUG 7856 --- [pool-2-thread-1] c.o.tourguide.service.RewardsService     : Checking if the user 26b09b1b-5f2e-460a-8018-d88ec33361bb already get close from Hot Springs National Park
2023-09-27T16:51:42.520+02:00 DEBUG 7856 --- [pool-2-thread-1] c.o.tourguide.service.RewardsService     : Calculate distance between -93.042267/34.52153 and -15.510396/-36.232478
2023-09-27T16:51:42.520+02:00 DEBUG 7856 --- [pool-2-thread-1] c.o.tourguide.service.RewardsService     : Checking if the user 26b09b1b-5f2e-460a-8018-d88ec33361bb already get close from Kartchner Caverns State Park
2023-09-27T16:51:42.520+02:00 DEBUG 7856 --- [pool-2-thread-1] c.o.tourguide.service.RewardsService     : Calculate distance between -110.347382/31.837551 and -15.510396/-36.232478
2023-09-27T16:51:42.520+02:00 DEBUG 7856 --- [pool-2-thread-1] c.o.tourguide.service.RewardsService     : Checking if the user 26b09b1b-5f2e-460a-8018-d88ec33361bb already get close from Legend Valley
2023-09-27T16:51:42.520+02:00 DEBUG 7856 --- [pool-2-thread-1] c.o.tourguide.service.RewardsService     : Calculate distance between -82.40667/39.937778 and -15.510396/-36.232478
2023-09-27T16:51:42.520+02:00 DEBUG 7856 --- [pool-2-thread-1] c.o.tourguide.service.RewardsService     : Checking if the user 26b09b1b-5f2e-460a-8018-d88ec33361bb already get close from Flowers Bakery of London
2023-09-27T16:51:42.520+02:00 DEBUG 7856 --- [pool-2-thread-1] c.o.tourguide.service.RewardsService     : Calculate distance between -84.07486/37.131527 and -15.510396/-36.232478
2023-09-27T16:51:42.520+02:00 DEBUG 7856 --- [pool-2-thread-1] c.o.tourguide.service.RewardsService     : Checking if the user 26b09b1b-5f2e-460a-8018-d88ec33361bb already get close from McKinley Tower
2023-09-27T16:51:42.520+02:00 DEBUG 7856 --- [pool-2-thread-1] c.o.tourguide.service.RewardsService     : Calculate distance between -149.877502/61.218887 and -15.510396/-36.232478
2023-09-27T16:51:42.520+02:00 DEBUG 7856 --- [pool-2-thread-1] c.o.tourguide.service.RewardsService     : Checking if the user 26b09b1b-5f2e-460a-8018-d88ec33361bb already get close from Flatiron Building
2023-09-27T16:51:42.520+02:00 DEBUG 7856 --- [pool-2-thread-1] c.o.tourguide.service.RewardsService     : Calculate distance between -73.989723/40.741112 and -15.510396/-36.232478
2023-09-27T16:51:42.520+02:00 DEBUG 7856 --- [pool-2-thread-1] c.o.tourguide.service.RewardsService     : Checking if the user 26b09b1b-5f2e-460a-8018-d88ec33361bb already get close from Fallingwater
2023-09-27T16:51:42.520+02:00 DEBUG 7856 --- [pool-2-thread-1] c.o.tourguide.service.RewardsService     : Calculate distance between -79.468056/39.906113 and -15.510396/-36.232478
2023-09-27T16:51:42.520+02:00 DEBUG 7856 --- [pool-2-thread-1] c.o.tourguide.service.RewardsService     : Checking if the user 26b09b1b-5f2e-460a-8018-d88ec33361bb already get close from Union Station
2023-09-27T16:51:42.520+02:00 DEBUG 7856 --- [pool-2-thread-1] c.o.tourguide.service.RewardsService     : Calculate distance between -77.006332/38.897095 and -15.510396/-36.232478
2023-09-27T16:51:42.520+02:00 DEBUG 7856 --- [pool-2-thread-1] c.o.tourguide.service.RewardsService     : Checking if the user 26b09b1b-5f2e-460a-8018-d88ec33361bb already get close from Roger Dean Stadium
2023-09-27T16:51:42.520+02:00 DEBUG 7856 --- [pool-2-thread-1] c.o.tourguide.service.RewardsService     : Calculate distance between -80.116577/26.890959 and -15.510396/-36.232478
2023-09-27T16:51:42.520+02:00 DEBUG 7856 --- [pool-2-thread-1] c.o.tourguide.service.RewardsService     : Checking if the user 26b09b1b-5f2e-460a-8018-d88ec33361bb already get close from Texas Memorial Stadium
2023-09-27T16:51:42.520+02:00 DEBUG 7856 --- [pool-2-thread-1] c.o.tourguide.service.RewardsService     : Calculate distance between -97.732536/30.283682 and -15.510396/-36.232478
2023-09-27T16:51:42.520+02:00 DEBUG 7856 --- [pool-2-thread-1] c.o.tourguide.service.RewardsService     : Checking if the user 26b09b1b-5f2e-460a-8018-d88ec33361bb already get close from Bryant-Denny Stadium
2023-09-27T16:51:42.520+02:00 DEBUG 7856 --- [pool-2-thread-1] c.o.tourguide.service.RewardsService     : Calculate distance between -87.550438/33.208973 and -15.510396/-36.232478
2023-09-27T16:51:42.520+02:00 DEBUG 7856 --- [pool-2-thread-1] c.o.tourguide.service.RewardsService     : Checking if the user 26b09b1b-5f2e-460a-8018-d88ec33361bb already get close from Tiger Stadium
2023-09-27T16:51:42.520+02:00 DEBUG 7856 --- [pool-2-thread-1] c.o.tourguide.service.RewardsService     : Calculate distance between -91.183815/30.412035 and -15.510396/-36.232478
2023-09-27T16:51:42.520+02:00 DEBUG 7856 --- [pool-2-thread-1] c.o.tourguide.service.RewardsService     : Checking if the user 26b09b1b-5f2e-460a-8018-d88ec33361bb already get close from Neyland Stadium
2023-09-27T16:51:42.520+02:00 DEBUG 7856 --- [pool-2-thread-1] c.o.tourguide.service.RewardsService     : Calculate distance between -83.925011/35.955013 and -15.510396/-36.232478
2023-09-27T16:51:42.520+02:00 DEBUG 7856 --- [pool-2-thread-1] c.o.tourguide.service.RewardsService     : Checking if the user 26b09b1b-5f2e-460a-8018-d88ec33361bb already get close from Kyle Field
2023-09-27T16:51:42.520+02:00 DEBUG 7856 --- [pool-2-thread-1] c.o.tourguide.service.RewardsService     : Calculate distance between -96.339844/30.61025 and -15.510396/-36.232478
2023-09-27T16:51:42.520+02:00 DEBUG 7856 --- [pool-2-thread-1] c.o.tourguide.service.RewardsService     : Checking if the user 26b09b1b-5f2e-460a-8018-d88ec33361bb already get close from San Diego Zoo
2023-09-27T16:51:42.520+02:00 DEBUG 7856 --- [pool-2-thread-1] c.o.tourguide.service.RewardsService     : Calculate distance between -117.149048/32.735317 and -15.510396/-36.232478
2023-09-27T16:51:42.520+02:00 DEBUG 7856 --- [pool-2-thread-1] c.o.tourguide.service.RewardsService     : Checking if the user 26b09b1b-5f2e-460a-8018-d88ec33361bb already get close from Zoo Tampa at Lowry Park
2023-09-27T16:51:42.520+02:00 DEBUG 7856 --- [pool-2-thread-1] c.o.tourguide.service.RewardsService     : Calculate distance between -82.469269/28.012804 and -15.510396/-36.232478
2023-09-27T16:51:42.520+02:00 DEBUG 7856 --- [pool-2-thread-1] c.o.tourguide.service.RewardsService     : Checking if the user 26b09b1b-5f2e-460a-8018-d88ec33361bb already get close from Franklin Park Zoo
2023-09-27T16:51:42.520+02:00 DEBUG 7856 --- [pool-2-thread-1] c.o.tourguide.service.RewardsService     : Calculate distance between -71.086731/42.302601 and -15.510396/-36.232478
2023-09-27T16:51:42.520+02:00 DEBUG 7856 --- [pool-2-thread-1] c.o.tourguide.service.RewardsService     : Checking if the user 26b09b1b-5f2e-460a-8018-d88ec33361bb already get close from El Paso Zoo
2023-09-27T16:51:42.520+02:00 DEBUG 7856 --- [pool-2-thread-1] c.o.tourguide.service.RewardsService     : Calculate distance between -106.44487/31.769125 and -15.510396/-36.232478
2023-09-27T16:51:42.520+02:00 DEBUG 7856 --- [pool-2-thread-1] c.o.tourguide.service.RewardsService     : Checking if the user 26b09b1b-5f2e-460a-8018-d88ec33361bb already get close from Kansas City Zoo
2023-09-27T16:51:42.520+02:00 DEBUG 7856 --- [pool-2-thread-1] c.o.tourguide.service.RewardsService     : Calculate distance between -94.529625/39.007504 and -15.510396/-36.232478
2023-09-27T16:51:42.520+02:00 DEBUG 7856 --- [pool-2-thread-1] c.o.tourguide.service.RewardsService     : Checking if the user 26b09b1b-5f2e-460a-8018-d88ec33361bb already get close from Bronx Zoo
2023-09-27T16:51:42.520+02:00 DEBUG 7856 --- [pool-2-thread-1] c.o.tourguide.service.RewardsService     : Calculate distance between -73.872971/40.852905 and -15.510396/-36.232478
2023-09-27T16:51:42.520+02:00 DEBUG 7856 --- [pool-2-thread-1] c.o.tourguide.service.RewardsService     : Checking if the user 26b09b1b-5f2e-460a-8018-d88ec33361bb already get close from Cinderella Castle
2023-09-27T16:51:42.520+02:00 DEBUG 7856 --- [pool-2-thread-1] c.o.tourguide.service.RewardsService     : Calculate distance between -81.5812/28.419411 and -15.510396/-36.232478
2023-09-27T16:51:42.520+02:00 DEBUG 7856 --- [pool-2-thread-1] c.o.tourguide.service.RewardsService     : Trying to add 0 rewards
2023-09-27T16:51:42.606+02:00 DEBUG 7856 --- [pool-3-thread-1] c.o.tourguide.service.RewardsService     : Checking if the user 7b2b8fe2-9e69-474b-b415-7c5568a28c75 already get close from Franklin Park Zoo
2023-09-27T16:51:42.606+02:00 DEBUG 7856 --- [pool-3-thread-1] c.o.tourguide.service.RewardsService     : Calculate distance between -71.086731/42.302601 and 121.958671/-62.099573
2023-09-27T16:51:42.606+02:00 DEBUG 7856 --- [pool-3-thread-1] c.o.tourguide.service.RewardsService     : Assign reward points to 7b2b8fe2-9e69-474b-b415-7c5568a28c75 for attraction Franklin Park Zoo
2023-09-27T16:51:42.619+02:00  INFO 7856 --- [pool-2-thread-1] c.o.tourguide.service.TourGuideService   : Adding the current location to the user internalUser5129
2023-09-27T16:51:42.619+02:00 DEBUG 7856 --- [pool-2-thread-1] c.o.tourguide.service.RewardsService     : calculate reward for internalUser5129 on his 5 known locations
2023-09-27T16:51:42.631+02:00 DEBUG 7856 --- [pool-2-thread-1] c.o.tourguide.service.RewardsService     : Checking if the user fb2c3247-58ce-440b-b3f6-235b6818b795 already get close from Disneyland
2023-09-27T16:51:42.631+02:00 DEBUG 7856 --- [pool-2-thread-1] c.o.tourguide.service.RewardsService     : Calculate distance between -117.922008/33.817595 and 133.00665990807386/74.36249028345344
2023-09-27T16:51:42.631+02:00 DEBUG 7856 --- [pool-2-thread-1] c.o.tourguide.service.RewardsService     : Checking if the user fb2c3247-58ce-440b-b3f6-235b6818b795 already get close from Jackson Hole
2023-09-27T16:51:42.631+02:00 DEBUG 7856 --- [pool-2-thread-1] c.o.tourguide.service.RewardsService     : Calculate distance between -110.821999/43.582767 and 133.00665990807386/74.36249028345344
2023-09-27T16:51:42.631+02:00 DEBUG 7856 --- [pool-2-thread-1] c.o.tourguide.service.RewardsService     : Checking if the user fb2c3247-58ce-440b-b3f6-235b6818b795 already get close from Mojave National Preserve
2023-09-27T16:51:42.631+02:00 DEBUG 7856 --- [pool-2-thread-1] c.o.tourguide.service.RewardsService     : Calculate distance between -115.510399/35.141689 and 133.00665990807386/74.36249028345344
2023-09-27T16:51:42.631+02:00 DEBUG 7856 --- [pool-2-thread-1] c.o.tourguide.service.RewardsService     : Checking if the user fb2c3247-58ce-440b-b3f6-235b6818b795 already get close from Joshua Tree National Park
2023-09-27T16:51:42.631+02:00 DEBUG 7856 --- [pool-2-thread-1] c.o.tourguide.service.RewardsService     : Calculate distance between -115.90065/33.881866 and 133.00665990807386/74.36249028345344
2023-09-27T16:51:42.631+02:00 DEBUG 7856 --- [pool-2-thread-1] c.o.tourguide.service.RewardsService     : Checking if the user fb2c3247-58ce-440b-b3f6-235b6818b795 already get close from Buffalo National River
2023-09-27T16:51:42.631+02:00 DEBUG 7856 --- [pool-2-thread-1] c.o.tourguide.service.RewardsService     : Calculate distance between -92.757652/35.985512 and 133.00665990807386/74.36249028345344
2023-09-27T16:51:42.631+02:00 DEBUG 7856 --- [pool-2-thread-1] c.o.tourguide.service.RewardsService     : Checking if the user fb2c3247-58ce-440b-b3f6-235b6818b795 already get close from Hot Springs National Park
2023-09-27T16:51:42.631+02:00 DEBUG 7856 --- [pool-2-thread-1] c.o.tourguide.service.RewardsService     : Calculate distance between -93.042267/34.52153 and 133.00665990807386/74.36249028345344
2023-09-27T16:51:42.631+02:00 DEBUG 7856 --- [pool-2-thread-1] c.o.tourguide.service.RewardsService     : Checking if the user fb2c3247-58ce-440b-b3f6-235b6818b795 already get close from Kartchner Caverns State Park
2023-09-27T16:51:42.631+02:00 DEBUG 7856 --- [pool-2-thread-1] c.o.tourguide.service.RewardsService     : Calculate distance between -110.347382/31.837551 and 133.00665990807386/74.36249028345344
2023-09-27T16:51:42.631+02:00 DEBUG 7856 --- [pool-2-thread-1] c.o.tourguide.service.RewardsService     : Checking if the user fb2c3247-58ce-440b-b3f6-235b6818b795 already get close from Legend Valley
2023-09-27T16:51:42.631+02:00 DEBUG 7856 --- [pool-2-thread-1] c.o.tourguide.service.RewardsService     : Calculate distance between -82.40667/39.937778 and 133.00665990807386/74.36249028345344
2023-09-27T16:51:42.631+02:00 DEBUG 7856 --- [pool-2-thread-1] c.o.tourguide.service.RewardsService     : Checking if the user fb2c3247-58ce-440b-b3f6-235b6818b795 already get close from Flowers Bakery of London
2023-09-27T16:51:42.631+02:00 DEBUG 7856 --- [pool-2-thread-1] c.o.tourguide.service.RewardsService     : Calculate distance between -84.07486/37.131527 and 133.00665990807386/74.36249028345344
2023-09-27T16:51:42.631+02:00 DEBUG 7856 --- [pool-2-thread-1] c.o.tourguide.service.RewardsService     : Checking if the user fb2c3247-58ce-440b-b3f6-235b6818b795 already get close from McKinley Tower
2023-09-27T16:51:42.631+02:00 DEBUG 7856 --- [pool-2-thread-1] c.o.tourguide.service.RewardsService     : Calculate distance between -149.877502/61.218887 and 133.00665990807386/74.36249028345344
2023-09-27T16:51:42.631+02:00 DEBUG 7856 --- [pool-2-thread-1] c.o.tourguide.service.RewardsService     : Checking if the user fb2c3247-58ce-440b-b3f6-235b6818b795 already get close from Flatiron Building
2023-09-27T16:51:42.631+02:00 DEBUG 7856 --- [pool-2-thread-1] c.o.tourguide.service.RewardsService     : Calculate distance between -73.989723/40.741112 and 133.00665990807386/74.36249028345344
2023-09-27T16:51:42.631+02:00 DEBUG 7856 --- [pool-2-thread-1] c.o.tourguide.service.RewardsService     : Checking if the user fb2c3247-58ce-440b-b3f6-235b6818b795 already get close from Fallingwater
2023-09-27T16:51:42.631+02:00 DEBUG 7856 --- [pool-2-thread-1] c.o.tourguide.service.RewardsService     : Calculate distance between -79.468056/39.906113 and 133.00665990807386/74.36249028345344
2023-09-27T16:51:42.631+02:00 DEBUG 7856 --- [pool-2-thread-1] c.o.tourguide.service.RewardsService     : Checking if the user fb2c3247-58ce-440b-b3f6-235b6818b795 already get close from Union Station
2023-09-27T16:51:42.631+02:00 DEBUG 7856 --- [pool-2-thread-1] c.o.tourguide.service.RewardsService     : Calculate distance between -77.006332/38.897095 and 133.00665990807386/74.36249028345344
2023-09-27T16:51:42.631+02:00 DEBUG 7856 --- [pool-2-thread-1] c.o.tourguide.service.RewardsService     : Checking if the user fb2c3247-58ce-440b-b3f6-235b6818b795 already get close from Roger Dean Stadium
2023-09-27T16:51:42.631+02:00 DEBUG 7856 --- [pool-2-thread-1] c.o.tourguide.service.RewardsService     : Calculate distance between -80.116577/26.890959 and 133.00665990807386/74.36249028345344
2023-09-27T16:51:42.631+02:00 DEBUG 7856 --- [pool-2-thread-1] c.o.tourguide.service.RewardsService     : Checking if the user fb2c3247-58ce-440b-b3f6-235b6818b795 already get close from Texas Memorial Stadium
2023-09-27T16:51:42.631+02:00 DEBUG 7856 --- [pool-2-thread-1] c.o.tourguide.service.RewardsService     : Calculate distance between -97.732536/30.283682 and 133.00665990807386/74.36249028345344
2023-09-27T16:51:42.631+02:00 DEBUG 7856 --- [pool-2-thread-1] c.o.tourguide.service.RewardsService     : Checking if the user fb2c3247-58ce-440b-b3f6-235b6818b795 already get close from Bryant-Denny Stadium
2023-09-27T16:51:42.631+02:00 DEBUG 7856 --- [pool-2-thread-1] c.o.tourguide.service.RewardsService     : Calculate distance between -87.550438/33.208973 and 133.00665990807386/74.36249028345344
2023-09-27T16:51:42.631+02:00 DEBUG 7856 --- [pool-2-thread-1] c.o.tourguide.service.RewardsService     : Checking if the user fb2c3247-58ce-440b-b3f6-235b6818b795 already get close from Tiger Stadium
2023-09-27T16:51:42.631+02:00 DEBUG 7856 --- [pool-2-thread-1] c.o.tourguide.service.RewardsService     : Calculate distance between -91.183815/30.412035 and 133.00665990807386/74.36249028345344
2023-09-27T16:51:42.631+02:00 DEBUG 7856 --- [pool-2-thread-1] c.o.tourguide.service.RewardsService     : Checking if the user fb2c3247-58ce-440b-b3f6-235b6818b795 already get close from Neyland Stadium
2023-09-27T16:51:42.631+02:00 DEBUG 7856 --- [pool-2-thread-1] c.o.tourguide.service.RewardsService     : Calculate distance between -83.925011/35.955013 and 133.00665990807386/74.36249028345344
2023-09-27T16:51:42.631+02:00 DEBUG 7856 --- [pool-2-thread-1] c.o.tourguide.service.RewardsService     : Checking if the user fb2c3247-58ce-440b-b3f6-235b6818b795 already get close from Kyle Field
2023-09-27T16:51:42.631+02:00 DEBUG 7856 --- [pool-2-thread-1] c.o.tourguide.service.RewardsService     : Calculate distance between -96.339844/30.61025 and 133.00665990807386/74.36249028345344
2023-09-27T16:51:42.631+02:00 DEBUG 7856 --- [pool-2-thread-1] c.o.tourguide.service.RewardsService     : Checking if the user fb2c3247-58ce-440b-b3f6-235b6818b795 already get close from San Diego Zoo
2023-09-27T16:51:42.631+02:00 DEBUG 7856 --- [pool-2-thread-1] c.o.tourguide.service.RewardsService     : Calculate distance between -117.149048/32.735317 and 133.00665990807386/74.36249028345344
2023-09-27T16:51:42.631+02:00 DEBUG 7856 --- [pool-2-thread-1] c.o.tourguide.service.RewardsService     : Checking if the user fb2c3247-58ce-440b-b3f6-235b6818b795 already get close from Zoo Tampa at Lowry Park
2023-09-27T16:51:42.631+02:00 DEBUG 7856 --- [pool-2-thread-1] c.o.tourguide.service.RewardsService     : Calculate distance between -82.469269/28.012804 and 133.00665990807386/74.36249028345344
2023-09-27T16:51:42.631+02:00 DEBUG 7856 --- [pool-2-thread-1] c.o.tourguide.service.RewardsService     : Checking if the user fb2c3247-58ce-440b-b3f6-235b6818b795 already get close from Franklin Park Zoo
2023-09-27T16:51:42.631+02:00 DEBUG 7856 --- [pool-2-thread-1] c.o.tourguide.service.RewardsService     : Calculate distance between -71.086731/42.302601 and 133.00665990807386/74.36249028345344
2023-09-27T16:51:42.631+02:00 DEBUG 7856 --- [pool-2-thread-1] c.o.tourguide.service.RewardsService     : Checking if the user fb2c3247-58ce-440b-b3f6-235b6818b795 already get close from El Paso Zoo
2023-09-27T16:51:42.631+02:00 DEBUG 7856 --- [pool-2-thread-1] c.o.tourguide.service.RewardsService     : Calculate distance between -106.44487/31.769125 and 133.00665990807386/74.36249028345344
2023-09-27T16:51:42.631+02:00 DEBUG 7856 --- [pool-2-thread-1] c.o.tourguide.service.RewardsService     : Checking if the user fb2c3247-58ce-440b-b3f6-235b6818b795 already get close from Kansas City Zoo
2023-09-27T16:51:42.631+02:00 DEBUG 7856 --- [pool-2-thread-1] c.o.tourguide.service.RewardsService     : Calculate distance between -94.529625/39.007504 and 133.00665990807386/74.36249028345344
2023-09-27T16:51:42.631+02:00 DEBUG 7856 --- [pool-2-thread-1] c.o.tourguide.service.RewardsService     : Checking if the user fb2c3247-58ce-440b-b3f6-235b6818b795 already get close from Bronx Zoo
2023-09-27T16:51:42.631+02:00 DEBUG 7856 --- [pool-2-thread-1] c.o.tourguide.service.RewardsService     : Calculate distance between -73.872971/40.852905 and 133.00665990807386/74.36249028345344
2023-09-27T16:51:42.631+02:00 DEBUG 7856 --- [pool-2-thread-1] c.o.tourguide.service.RewardsService     : Checking if the user fb2c3247-58ce-440b-b3f6-235b6818b795 already get close from Cinderella Castle
2023-09-27T16:51:42.631+02:00 DEBUG 7856 --- [pool-2-thread-1] c.o.tourguide.service.RewardsService     : Calculate distance between -81.5812/28.419411 and 133.00665990807386/74.36249028345344
2023-09-27T16:51:42.631+02:00 DEBUG 7856 --- [pool-2-thread-1] c.o.tourguide.service.RewardsService     : Checking if the user fb2c3247-58ce-440b-b3f6-235b6818b795 already get close from Disneyland
2023-09-27T16:51:42.631+02:00 DEBUG 7856 --- [pool-2-thread-1] c.o.tourguide.service.RewardsService     : Calculate distance between -117.922008/33.817595 and 146.7243541378458/40.04903682724684
2023-09-27T16:51:42.631+02:00 DEBUG 7856 --- [pool-2-thread-1] c.o.tourguide.service.RewardsService     : Checking if the user fb2c3247-58ce-440b-b3f6-235b6818b795 already get close from Jackson Hole
2023-09-27T16:51:42.631+02:00 DEBUG 7856 --- [pool-2-thread-1] c.o.tourguide.service.RewardsService     : Calculate distance between -110.821999/43.582767 and 146.7243541378458/40.04903682724684
2023-09-27T16:51:42.631+02:00 DEBUG 7856 --- [pool-2-thread-1] c.o.tourguide.service.RewardsService     : Checking if the user fb2c3247-58ce-440b-b3f6-235b6818b795 already get close from Mojave National Preserve
2023-09-27T16:51:42.631+02:00 DEBUG 7856 --- [pool-2-thread-1] c.o.tourguide.service.RewardsService     : Calculate distance between -115.510399/35.141689 and 146.7243541378458/40.04903682724684
2023-09-27T16:51:42.631+02:00 DEBUG 7856 --- [pool-2-thread-1] c.o.tourguide.service.RewardsService     : Checking if the user fb2c3247-58ce-440b-b3f6-235b6818b795 already get close from Joshua Tree National Park
2023-09-27T16:51:42.631+02:00 DEBUG 7856 --- [pool-2-thread-1] c.o.tourguide.service.RewardsService     : Calculate distance between -115.90065/33.881866 and 146.7243541378458/40.04903682724684
2023-09-27T16:51:42.631+02:00 DEBUG 7856 --- [pool-2-thread-1] c.o.tourguide.service.RewardsService     : Checking if the user fb2c3247-58ce-440b-b3f6-235b6818b795 already get close from Buffalo National River
2023-09-27T16:51:42.631+02:00 DEBUG 7856 --- [pool-2-thread-1] c.o.tourguide.service.RewardsService     : Calculate distance between -92.757652/35.985512 and 146.7243541378458/40.04903682724684
2023-09-27T16:51:42.631+02:00 DEBUG 7856 --- [pool-2-thread-1] c.o.tourguide.service.RewardsService     : Checking if the user fb2c3247-58ce-440b-b3f6-235b6818b795 already get close from Hot Springs National Park
2023-09-27T16:51:42.631+02:00 DEBUG 7856 --- [pool-2-thread-1] c.o.tourguide.service.RewardsService     : Calculate distance between -93.042267/34.52153 and 146.7243541378458/40.04903682724684
2023-09-27T16:51:42.631+02:00 DEBUG 7856 --- [pool-2-thread-1] c.o.tourguide.service.RewardsService     : Checking if the user fb2c3247-58ce-440b-b3f6-235b6818b795 already get close from Kartchner Caverns State Park
2023-09-27T16:51:42.631+02:00 DEBUG 7856 --- [pool-2-thread-1] c.o.tourguide.service.RewardsService     : Calculate distance between -110.347382/31.837551 and 146.7243541378458/40.04903682724684
2023-09-27T16:51:42.631+02:00 DEBUG 7856 --- [pool-2-thread-1] c.o.tourguide.service.RewardsService     : Checking if the user fb2c3247-58ce-440b-b3f6-235b6818b795 already get close from Legend Valley
2023-09-27T16:51:42.631+02:00 DEBUG 7856 --- [pool-2-thread-1] c.o.tourguide.service.RewardsService     : Calculate distance between -82.40667/39.937778 and 146.7243541378458/40.04903682724684
2023-09-27T16:51:42.631+02:00 DEBUG 7856 --- [pool-2-thread-1] c.o.tourguide.service.RewardsService     : Checking if the user fb2c3247-58ce-440b-b3f6-235b6818b795 already get close from Flowers Bakery of London
2023-09-27T16:51:42.631+02:00 DEBUG 7856 --- [pool-2-thread-1] c.o.tourguide.service.RewardsService     : Calculate distance between -84.07486/37.131527 and 146.7243541378458/40.04903682724684
2023-09-27T16:51:42.631+02:00 DEBUG 7856 --- [pool-2-thread-1] c.o.tourguide.service.RewardsService     : Checking if the user fb2c3247-58ce-440b-b3f6-235b6818b795 already get close from McKinley Tower
2023-09-27T16:51:42.631+02:00 DEBUG 7856 --- [pool-2-thread-1] c.o.tourguide.service.RewardsService     : Calculate distance between -149.877502/61.218887 and 146.7243541378458/40.04903682724684
2023-09-27T16:51:42.631+02:00 DEBUG 7856 --- [pool-2-thread-1] c.o.tourguide.service.RewardsService     : Checking if the user fb2c3247-58ce-440b-b3f6-235b6818b795 already get close from Flatiron Building
2023-09-27T16:51:42.631+02:00 DEBUG 7856 --- [pool-2-thread-1] c.o.tourguide.service.RewardsService     : Calculate distance between -73.989723/40.741112 and 146.7243541378458/40.04903682724684
2023-09-27T16:51:42.631+02:00 DEBUG 7856 --- [pool-2-thread-1] c.o.tourguide.service.RewardsService     : Checking if the user fb2c3247-58ce-440b-b3f6-235b6818b795 already get close from Fallingwater
2023-09-27T16:51:42.631+02:00 DEBUG 7856 --- [pool-2-thread-1] c.o.tourguide.service.RewardsService     : Calculate distance between -79.468056/39.906113 and 146.7243541378458/40.04903682724684
2023-09-27T16:51:42.631+02:00 DEBUG 7856 --- [pool-2-thread-1] c.o.tourguide.service.RewardsService     : Checking if the user fb2c3247-58ce-440b-b3f6-235b6818b795 already get close from Union Station
2023-09-27T16:51:42.631+02:00 DEBUG 7856 --- [pool-2-thread-1] c.o.tourguide.service.RewardsService     : Calculate distance between -77.006332/38.897095 and 146.7243541378458/40.04903682724684
2023-09-27T16:51:42.631+02:00 DEBUG 7856 --- [pool-2-thread-1] c.o.tourguide.service.RewardsService     : Checking if the user fb2c3247-58ce-440b-b3f6-235b6818b795 already get close from Roger Dean Stadium
2023-09-27T16:51:42.631+02:00 DEBUG 7856 --- [pool-2-thread-1] c.o.tourguide.service.RewardsService     : Calculate distance between -80.116577/26.890959 and 146.7243541378458/40.04903682724684
2023-09-27T16:51:42.631+02:00 DEBUG 7856 --- [pool-2-thread-1] c.o.tourguide.service.RewardsService     : Checking if the user fb2c3247-58ce-440b-b3f6-235b6818b795 already get close from Texas Memorial Stadium
2023-09-27T16:51:42.631+02:00 DEBUG 7856 --- [pool-2-thread-1] c.o.tourguide.service.RewardsService     : Calculate distance between -97.732536/30.283682 and 146.7243541378458/40.04903682724684
2023-09-27T16:51:42.631+02:00 DEBUG 7856 --- [pool-2-thread-1] c.o.tourguide.service.RewardsService     : Checking if the user fb2c3247-58ce-440b-b3f6-235b6818b795 already get close from Bryant-Denny Stadium
2023-09-27T16:51:42.631+02:00 DEBUG 7856 --- [pool-2-thread-1] c.o.tourguide.service.RewardsService     : Calculate distance between -87.550438/33.208973 and 146.7243541378458/40.04903682724684
2023-09-27T16:51:42.631+02:00 DEBUG 7856 --- [pool-2-thread-1] c.o.tourguide.service.RewardsService     : Checking if the user fb2c3247-58ce-440b-b3f6-235b6818b795 already get close from Tiger Stadium
2023-09-27T16:51:42.631+02:00 DEBUG 7856 --- [pool-2-thread-1] c.o.tourguide.service.RewardsService     : Calculate distance between -91.183815/30.412035 and 146.7243541378458/40.04903682724684
2023-09-27T16:51:42.631+02:00 DEBUG 7856 --- [pool-2-thread-1] c.o.tourguide.service.RewardsService     : Checking if the user fb2c3247-58ce-440b-b3f6-235b6818b795 already get close from Neyland Stadium
2023-09-27T16:51:42.631+02:00 DEBUG 7856 --- [pool-2-thread-1] c.o.tourguide.service.RewardsService     : Calculate distance between -83.925011/35.955013 and 146.7243541378458/40.04903682724684
2023-09-27T16:51:42.631+02:00 DEBUG 7856 --- [pool-2-thread-1] c.o.tourguide.service.RewardsService     : Checking if the user fb2c3247-58ce-440b-b3f6-235b6818b795 already get close from Kyle Field
2023-09-27T16:51:42.631+02:00 DEBUG 7856 --- [pool-2-thread-1] c.o.tourguide.service.RewardsService     : Calculate distance between -96.339844/30.61025 and 146.7243541378458/40.04903682724684
2023-09-27T16:51:42.631+02:00 DEBUG 7856 --- [pool-2-thread-1] c.o.tourguide.service.RewardsService     : Checking if the user fb2c3247-58ce-440b-b3f6-235b6818b795 already get close from San Diego Zoo
2023-09-27T16:51:42.631+02:00 DEBUG 7856 --- [pool-2-thread-1] c.o.tourguide.service.RewardsService     : Calculate distance between -117.149048/32.735317 and 146.7243541378458/40.04903682724684
2023-09-27T16:51:42.631+02:00 DEBUG 7856 --- [pool-2-thread-1] c.o.tourguide.service.RewardsService     : Checking if the user fb2c3247-58ce-440b-b3f6-235b6818b795 already get close from Zoo Tampa at Lowry Park
2023-09-27T16:51:42.631+02:00 DEBUG 7856 --- [pool-2-thread-1] c.o.tourguide.service.RewardsService     : Calculate distance between -82.469269/28.012804 and 146.7243541378458/40.04903682724684
2023-09-27T16:51:42.631+02:00 DEBUG 7856 --- [pool-2-thread-1] c.o.tourguide.service.RewardsService     : Checking if the user fb2c3247-58ce-440b-b3f6-235b6818b795 already get close from Franklin Park Zoo
2023-09-27T16:51:42.631+02:00 DEBUG 7856 --- [pool-2-thread-1] c.o.tourguide.service.RewardsService     : Calculate distance between -71.086731/42.302601 and 146.7243541378458/40.04903682724684
2023-09-27T16:51:42.631+02:00 DEBUG 7856 --- [pool-2-thread-1] c.o.tourguide.service.RewardsService     : Checking if the user fb2c3247-58ce-440b-b3f6-235b6818b795 already get close from El Paso Zoo
2023-09-27T16:51:42.632+02:00 DEBUG 7856 --- [pool-2-thread-1] c.o.tourguide.service.RewardsService     : Calculate distance between -106.44487/31.769125 and 146.7243541378458/40.04903682724684
2023-09-27T16:51:42.632+02:00 DEBUG 7856 --- [pool-2-thread-1] c.o.tourguide.service.RewardsService     : Checking if the user fb2c3247-58ce-440b-b3f6-235b6818b795 already get close from Kansas City Zoo
2023-09-27T16:51:42.632+02:00 DEBUG 7856 --- [pool-2-thread-1] c.o.tourguide.service.RewardsService     : Calculate distance between -94.529625/39.007504 and 146.7243541378458/40.04903682724684
2023-09-27T16:51:42.632+02:00 DEBUG 7856 --- [pool-2-thread-1] c.o.tourguide.service.RewardsService     : Checking if the user fb2c3247-58ce-440b-b3f6-235b6818b795 already get close from Bronx Zoo
2023-09-27T16:51:42.632+02:00 DEBUG 7856 --- [pool-2-thread-1] c.o.tourguide.service.RewardsService     : Calculate distance between -73.872971/40.852905 and 146.7243541378458/40.04903682724684
2023-09-27T16:51:42.632+02:00 DEBUG 7856 --- [pool-2-thread-1] c.o.tourguide.service.RewardsService     : Checking if the user fb2c3247-58ce-440b-b3f6-235b6818b795 already get close from Cinderella Castle
2023-09-27T16:51:42.632+02:00 DEBUG 7856 --- [pool-2-thread-1] c.o.tourguide.service.RewardsService     : Calculate distance between -81.5812/28.419411 and 146.7243541378458/40.04903682724684
2023-09-27T16:51:42.632+02:00 DEBUG 7856 --- [pool-2-thread-1] c.o.tourguide.service.RewardsService     : Checking if the user fb2c3247-58ce-440b-b3f6-235b6818b795 already get close from Disneyland
2023-09-27T16:51:42.632+02:00 DEBUG 7856 --- [pool-2-thread-1] c.o.tourguide.service.RewardsService     : Calculate distance between -117.922008/33.817595 and 97.34231794571804/72.22307594701488
2023-09-27T16:51:42.632+02:00 DEBUG 7856 --- [pool-2-thread-1] c.o.tourguide.service.RewardsService     : Checking if the user fb2c3247-58ce-440b-b3f6-235b6818b795 already get close from Jackson Hole
2023-09-27T16:51:42.632+02:00 DEBUG 7856 --- [pool-2-thread-1] c.o.tourguide.service.RewardsService     : Calculate distance between -110.821999/43.582767 and 97.34231794571804/72.22307594701488
2023-09-27T16:51:42.632+02:00 DEBUG 7856 --- [pool-2-thread-1] c.o.tourguide.service.RewardsService     : Checking if the user fb2c3247-58ce-440b-b3f6-235b6818b795 already get close from Mojave National Preserve
2023-09-27T16:51:42.632+02:00 DEBUG 7856 --- [pool-2-thread-1] c.o.tourguide.service.RewardsService     : Calculate distance between -115.510399/35.141689 and 97.34231794571804/72.22307594701488
2023-09-27T16:51:42.632+02:00 DEBUG 7856 --- [pool-2-thread-1] c.o.tourguide.service.RewardsService     : Checking if the user fb2c3247-58ce-440b-b3f6-235b6818b795 already get close from Joshua Tree National Park
2023-09-27T16:51:42.632+02:00 DEBUG 7856 --- [pool-2-thread-1] c.o.tourguide.service.RewardsService     : Calculate distance between -115.90065/33.881866 and 97.34231794571804/72.22307594701488
2023-09-27T16:51:42.632+02:00 DEBUG 7856 --- [pool-2-thread-1] c.o.tourguide.service.RewardsService     : Checking if the user fb2c3247-58ce-440b-b3f6-235b6818b795 already get close from Buffalo National River
2023-09-27T16:51:42.632+02:00 DEBUG 7856 --- [pool-2-thread-1] c.o.tourguide.service.RewardsService     : Calculate distance between -92.757652/35.985512 and 97.34231794571804/72.22307594701488
2023-09-27T16:51:42.632+02:00 DEBUG 7856 --- [pool-2-thread-1] c.o.tourguide.service.RewardsService     : Checking if the user fb2c3247-58ce-440b-b3f6-235b6818b795 already get close from Hot Springs National Park
2023-09-27T16:51:42.632+02:00 DEBUG 7856 --- [pool-2-thread-1] c.o.tourguide.service.RewardsService     : Calculate distance between -93.042267/34.52153 and 97.34231794571804/72.22307594701488
2023-09-27T16:51:42.632+02:00 DEBUG 7856 --- [pool-2-thread-1] c.o.tourguide.service.RewardsService     : Checking if the user fb2c3247-58ce-440b-b3f6-235b6818b795 already get close from Kartchner Caverns State Park
2023-09-27T16:51:42.632+02:00 DEBUG 7856 --- [pool-2-thread-1] c.o.tourguide.service.RewardsService     : Calculate distance between -110.347382/31.837551 and 97.34231794571804/72.22307594701488
2023-09-27T16:51:42.632+02:00 DEBUG 7856 --- [pool-2-thread-1] c.o.tourguide.service.RewardsService     : Checking if the user fb2c3247-58ce-440b-b3f6-235b6818b795 already get close from Legend Valley
2023-09-27T16:51:42.632+02:00 DEBUG 7856 --- [pool-2-thread-1] c.o.tourguide.service.RewardsService     : Calculate distance between -82.40667/39.937778 and 97.34231794571804/72.22307594701488
2023-09-27T16:51:42.632+02:00 DEBUG 7856 --- [pool-2-thread-1] c.o.tourguide.service.RewardsService     : Checking if the user fb2c3247-58ce-440b-b3f6-235b6818b795 already get close from Flowers Bakery of London
2023-09-27T16:51:42.632+02:00 DEBUG 7856 --- [pool-2-thread-1] c.o.tourguide.service.RewardsService     : Calculate distance between -84.07486/37.131527 and 97.34231794571804/72.22307594701488
2023-09-27T16:51:42.632+02:00 DEBUG 7856 --- [pool-2-thread-1] c.o.tourguide.service.RewardsService     : Checking if the user fb2c3247-58ce-440b-b3f6-235b6818b795 already get close from McKinley Tower
2023-09-27T16:51:42.632+02:00 DEBUG 7856 --- [pool-2-thread-1] c.o.tourguide.service.RewardsService     : Calculate distance between -149.877502/61.218887 and 97.34231794571804/72.22307594701488
2023-09-27T16:51:42.632+02:00 DEBUG 7856 --- [pool-2-thread-1] c.o.tourguide.service.RewardsService     : Checking if the user fb2c3247-58ce-440b-b3f6-235b6818b795 already get close from Flatiron Building
2023-09-27T16:51:42.632+02:00 DEBUG 7856 --- [pool-2-thread-1] c.o.tourguide.service.RewardsService     : Calculate distance between -73.989723/40.741112 and 97.34231794571804/72.22307594701488
2023-09-27T16:51:42.632+02:00 DEBUG 7856 --- [pool-2-thread-1] c.o.tourguide.service.RewardsService     : Checking if the user fb2c3247-58ce-440b-b3f6-235b6818b795 already get close from Fallingwater
2023-09-27T16:51:42.632+02:00 DEBUG 7856 --- [pool-2-thread-1] c.o.tourguide.service.RewardsService     : Calculate distance between -79.468056/39.906113 and 97.34231794571804/72.22307594701488
2023-09-27T16:51:42.632+02:00 DEBUG 7856 --- [pool-2-thread-1] c.o.tourguide.service.RewardsService     : Checking if the user fb2c3247-58ce-440b-b3f6-235b6818b795 already get close from Union Station
2023-09-27T16:51:42.632+02:00 DEBUG 7856 --- [pool-2-thread-1] c.o.tourguide.service.RewardsService     : Calculate distance between -77.006332/38.897095 and 97.34231794571804/72.22307594701488
2023-09-27T16:51:42.632+02:00 DEBUG 7856 --- [pool-2-thread-1] c.o.tourguide.service.RewardsService     : Checking if the user fb2c3247-58ce-440b-b3f6-235b6818b795 already get close from Roger Dean Stadium
2023-09-27T16:51:42.632+02:00 DEBUG 7856 --- [pool-2-thread-1] c.o.tourguide.service.RewardsService     : Calculate distance between -80.116577/26.890959 and 97.34231794571804/72.22307594701488
2023-09-27T16:51:42.632+02:00 DEBUG 7856 --- [pool-2-thread-1] c.o.tourguide.service.RewardsService     : Checking if the user fb2c3247-58ce-440b-b3f6-235b6818b795 already get close from Texas Memorial Stadium
2023-09-27T16:51:42.632+02:00 DEBUG 7856 --- [pool-2-thread-1] c.o.tourguide.service.RewardsService     : Calculate distance between -97.732536/30.283682 and 97.34231794571804/72.22307594701488
2023-09-27T16:51:42.632+02:00 DEBUG 7856 --- [pool-2-thread-1] c.o.tourguide.service.RewardsService     : Checking if the user fb2c3247-58ce-440b-b3f6-235b6818b795 already get close from Bryant-Denny Stadium
2023-09-27T16:51:42.632+02:00 DEBUG 7856 --- [pool-2-thread-1] c.o.tourguide.service.RewardsService     : Calculate distance between -87.550438/33.208973 and 97.34231794571804/72.22307594701488
2023-09-27T16:51:42.632+02:00 DEBUG 7856 --- [pool-2-thread-1] c.o.tourguide.service.RewardsService     : Checking if the user fb2c3247-58ce-440b-b3f6-235b6818b795 already get close from Tiger Stadium
2023-09-27T16:51:42.632+02:00 DEBUG 7856 --- [pool-2-thread-1] c.o.tourguide.service.RewardsService     : Calculate distance between -91.183815/30.412035 and 97.34231794571804/72.22307594701488
2023-09-27T16:51:42.632+02:00 DEBUG 7856 --- [pool-2-thread-1] c.o.tourguide.service.RewardsService     : Checking if the user fb2c3247-58ce-440b-b3f6-235b6818b795 already get close from Neyland Stadium
2023-09-27T16:51:42.632+02:00 DEBUG 7856 --- [pool-2-thread-1] c.o.tourguide.service.RewardsService     : Calculate distance between -83.925011/35.955013 and 97.34231794571804/72.22307594701488
2023-09-27T16:51:42.632+02:00 DEBUG 7856 --- [pool-2-thread-1] c.o.tourguide.service.RewardsService     : Checking if the user fb2c3247-58ce-440b-b3f6-235b6818b795 already get close from Kyle Field
2023-09-27T16:51:42.632+02:00 DEBUG 7856 --- [pool-2-thread-1] c.o.tourguide.service.RewardsService     : Calculate distance between -96.339844/30.61025 and 97.34231794571804/72.22307594701488
2023-09-27T16:51:42.632+02:00 DEBUG 7856 --- [pool-2-thread-1] c.o.tourguide.service.RewardsService     : Checking if the user fb2c3247-58ce-440b-b3f6-235b6818b795 already get close from San Diego Zoo
2023-09-27T16:51:42.632+02:00 DEBUG 7856 --- [pool-2-thread-1] c.o.tourguide.service.RewardsService     : Calculate distance between -117.149048/32.735317 and 97.34231794571804/72.22307594701488
2023-09-27T16:51:42.632+02:00 DEBUG 7856 --- [pool-2-thread-1] c.o.tourguide.service.RewardsService     : Checking if the user fb2c3247-58ce-440b-b3f6-235b6818b795 already get close from Zoo Tampa at Lowry Park
2023-09-27T16:51:42.632+02:00 DEBUG 7856 --- [pool-2-thread-1] c.o.tourguide.service.RewardsService     : Calculate distance between -82.469269/28.012804 and 97.34231794571804/72.22307594701488
2023-09-27T16:51:42.632+02:00 DEBUG 7856 --- [pool-2-thread-1] c.o.tourguide.service.RewardsService     : Checking if the user fb2c3247-58ce-440b-b3f6-235b6818b795 already get close from Franklin Park Zoo
2023-09-27T16:51:42.632+02:00 DEBUG 7856 --- [pool-2-thread-1] c.o.tourguide.service.RewardsService     : Calculate distance between -71.086731/42.302601 and 97.34231794571804/72.22307594701488
2023-09-27T16:51:42.632+02:00 DEBUG 7856 --- [pool-2-thread-1] c.o.tourguide.service.RewardsService     : Checking if the user fb2c3247-58ce-440b-b3f6-235b6818b795 already get close from El Paso Zoo
2023-09-27T16:51:42.632+02:00 DEBUG 7856 --- [pool-2-thread-1] c.o.tourguide.service.RewardsService     : Calculate distance between -106.44487/31.769125 and 97.34231794571804/72.22307594701488
2023-09-27T16:51:42.632+02:00 DEBUG 7856 --- [pool-2-thread-1] c.o.tourguide.service.RewardsService     : Checking if the user fb2c3247-58ce-440b-b3f6-235b6818b795 already get close from Kansas City Zoo
2023-09-27T16:51:42.632+02:00 DEBUG 7856 --- [pool-2-thread-1] c.o.tourguide.service.RewardsService     : Calculate distance between -94.529625/39.007504 and 97.34231794571804/72.22307594701488
2023-09-27T16:51:42.632+02:00 DEBUG 7856 --- [pool-2-thread-1] c.o.tourguide.service.RewardsService     : Checking if the user fb2c3247-58ce-440b-b3f6-235b6818b795 already get close from Bronx Zoo
2023-09-27T16:51:42.632+02:00 DEBUG 7856 --- [pool-2-thread-1] c.o.tourguide.service.RewardsService     : Calculate distance between -73.872971/40.852905 and 97.34231794571804/72.22307594701488
2023-09-27T16:51:42.632+02:00 DEBUG 7856 --- [pool-2-thread-1] c.o.tourguide.service.RewardsService     : Checking if the user fb2c3247-58ce-440b-b3f6-235b6818b795 already get close from Cinderella Castle
2023-09-27T16:51:42.632+02:00 DEBUG 7856 --- [pool-2-thread-1] c.o.tourguide.service.RewardsService     : Calculate distance between -81.5812/28.419411 and 97.34231794571804/72.22307594701488
2023-09-27T16:51:42.632+02:00 DEBUG 7856 --- [pool-2-thread-1] c.o.tourguide.service.RewardsService     : Checking if the user fb2c3247-58ce-440b-b3f6-235b6818b795 already get close from Disneyland
2023-09-27T16:51:42.632+02:00 DEBUG 7856 --- [pool-2-thread-1] c.o.tourguide.service.RewardsService     : Calculate distance between -117.922008/33.817595 and -15.892835/-74.750184
2023-09-27T16:51:42.632+02:00 DEBUG 7856 --- [pool-2-thread-1] c.o.tourguide.service.RewardsService     : Checking if the user fb2c3247-58ce-440b-b3f6-235b6818b795 already get close from Jackson Hole
2023-09-27T16:51:42.632+02:00 DEBUG 7856 --- [pool-2-thread-1] c.o.tourguide.service.RewardsService     : Calculate distance between -110.821999/43.582767 and -15.892835/-74.750184
2023-09-27T16:51:42.632+02:00 DEBUG 7856 --- [pool-2-thread-1] c.o.tourguide.service.RewardsService     : Checking if the user fb2c3247-58ce-440b-b3f6-235b6818b795 already get close from Mojave National Preserve
2023-09-27T16:51:42.632+02:00 DEBUG 7856 --- [pool-2-thread-1] c.o.tourguide.service.RewardsService     : Calculate distance between -115.510399/35.141689 and -15.892835/-74.750184
2023-09-27T16:51:42.632+02:00 DEBUG 7856 --- [pool-2-thread-1] c.o.tourguide.service.RewardsService     : Checking if the user fb2c3247-58ce-440b-b3f6-235b6818b795 already get close from Joshua Tree National Park
2023-09-27T16:51:42.632+02:00 DEBUG 7856 --- [pool-2-thread-1] c.o.tourguide.service.RewardsService     : Calculate distance between -115.90065/33.881866 and -15.892835/-74.750184
2023-09-27T16:51:42.632+02:00 DEBUG 7856 --- [pool-2-thread-1] c.o.tourguide.service.RewardsService     : Checking if the user fb2c3247-58ce-440b-b3f6-235b6818b795 already get close from Buffalo National River
2023-09-27T16:51:42.632+02:00 DEBUG 7856 --- [pool-2-thread-1] c.o.tourguide.service.RewardsService     : Calculate distance between -92.757652/35.985512 and -15.892835/-74.750184
2023-09-27T16:51:42.632+02:00 DEBUG 7856 --- [pool-2-thread-1] c.o.tourguide.service.RewardsService     : Checking if the user fb2c3247-58ce-440b-b3f6-235b6818b795 already get close from Hot Springs National Park
2023-09-27T16:51:42.632+02:00 DEBUG 7856 --- [pool-2-thread-1] c.o.tourguide.service.RewardsService     : Calculate distance between -93.042267/34.52153 and -15.892835/-74.750184
2023-09-27T16:51:42.632+02:00 DEBUG 7856 --- [pool-2-thread-1] c.o.tourguide.service.RewardsService     : Checking if the user fb2c3247-58ce-440b-b3f6-235b6818b795 already get close from Kartchner Caverns State Park
2023-09-27T16:51:42.632+02:00 DEBUG 7856 --- [pool-2-thread-1] c.o.tourguide.service.RewardsService     : Calculate distance between -110.347382/31.837551 and -15.892835/-74.750184
2023-09-27T16:51:42.632+02:00 DEBUG 7856 --- [pool-2-thread-1] c.o.tourguide.service.RewardsService     : Checking if the user fb2c3247-58ce-440b-b3f6-235b6818b795 already get close from Legend Valley
2023-09-27T16:51:42.632+02:00 DEBUG 7856 --- [pool-2-thread-1] c.o.tourguide.service.RewardsService     : Calculate distance between -82.40667/39.937778 and -15.892835/-74.750184
2023-09-27T16:51:42.632+02:00 DEBUG 7856 --- [pool-2-thread-1] c.o.tourguide.service.RewardsService     : Checking if the user fb2c3247-58ce-440b-b3f6-235b6818b795 already get close from Flowers Bakery of London
2023-09-27T16:51:42.632+02:00 DEBUG 7856 --- [pool-2-thread-1] c.o.tourguide.service.RewardsService     : Calculate distance between -84.07486/37.131527 and -15.892835/-74.750184
2023-09-27T16:51:42.632+02:00 DEBUG 7856 --- [pool-2-thread-1] c.o.tourguide.service.RewardsService     : Checking if the user fb2c3247-58ce-440b-b3f6-235b6818b795 already get close from McKinley Tower
2023-09-27T16:51:42.632+02:00 DEBUG 7856 --- [pool-2-thread-1] c.o.tourguide.service.RewardsService     : Calculate distance between -149.877502/61.218887 and -15.892835/-74.750184
2023-09-27T16:51:42.632+02:00 DEBUG 7856 --- [pool-2-thread-1] c.o.tourguide.service.RewardsService     : Checking if the user fb2c3247-58ce-440b-b3f6-235b6818b795 already get close from Flatiron Building
2023-09-27T16:51:42.632+02:00 DEBUG 7856 --- [pool-2-thread-1] c.o.tourguide.service.RewardsService     : Calculate distance between -73.989723/40.741112 and -15.892835/-74.750184
2023-09-27T16:51:42.632+02:00 DEBUG 7856 --- [pool-2-thread-1] c.o.tourguide.service.RewardsService     : Checking if the user fb2c3247-58ce-440b-b3f6-235b6818b795 already get close from Fallingwater
2023-09-27T16:51:42.632+02:00 DEBUG 7856 --- [pool-2-thread-1] c.o.tourguide.service.RewardsService     : Calculate distance between -79.468056/39.906113 and -15.892835/-74.750184
2023-09-27T16:51:42.632+02:00 DEBUG 7856 --- [pool-2-thread-1] c.o.tourguide.service.RewardsService     : Checking if the user fb2c3247-58ce-440b-b3f6-235b6818b795 already get close from Union Station
2023-09-27T16:51:42.632+02:00 DEBUG 7856 --- [pool-2-thread-1] c.o.tourguide.service.RewardsService     : Calculate distance between -77.006332/38.897095 and -15.892835/-74.750184
2023-09-27T16:51:42.632+02:00 DEBUG 7856 --- [pool-2-thread-1] c.o.tourguide.service.RewardsService     : Checking if the user fb2c3247-58ce-440b-b3f6-235b6818b795 already get close from Roger Dean Stadium
2023-09-27T16:51:42.632+02:00 DEBUG 7856 --- [pool-2-thread-1] c.o.tourguide.service.RewardsService     : Calculate distance between -80.116577/26.890959 and -15.892835/-74.750184
2023-09-27T16:51:42.632+02:00 DEBUG 7856 --- [pool-2-thread-1] c.o.tourguide.service.RewardsService     : Checking if the user fb2c3247-58ce-440b-b3f6-235b6818b795 already get close from Texas Memorial Stadium
2023-09-27T16:51:42.632+02:00 DEBUG 7856 --- [pool-2-thread-1] c.o.tourguide.service.RewardsService     : Calculate distance between -97.732536/30.283682 and -15.892835/-74.750184
2023-09-27T16:51:42.632+02:00 DEBUG 7856 --- [pool-2-thread-1] c.o.tourguide.service.RewardsService     : Checking if the user fb2c3247-58ce-440b-b3f6-235b6818b795 already get close from Bryant-Denny Stadium
2023-09-27T16:51:42.632+02:00 DEBUG 7856 --- [pool-2-thread-1] c.o.tourguide.service.RewardsService     : Calculate distance between -87.550438/33.208973 and -15.892835/-74.750184
2023-09-27T16:51:42.632+02:00 DEBUG 7856 --- [pool-2-thread-1] c.o.tourguide.service.RewardsService     : Checking if the user fb2c3247-58ce-440b-b3f6-235b6818b795 already get close from Tiger Stadium
2023-09-27T16:51:42.632+02:00 DEBUG 7856 --- [pool-2-thread-1] c.o.tourguide.service.RewardsService     : Calculate distance between -91.183815/30.412035 and -15.892835/-74.750184
2023-09-27T16:51:42.632+02:00 DEBUG 7856 --- [pool-2-thread-1] c.o.tourguide.service.RewardsService     : Checking if the user fb2c3247-58ce-440b-b3f6-235b6818b795 already get close from Neyland Stadium
2023-09-27T16:51:42.632+02:00 DEBUG 7856 --- [pool-2-thread-1] c.o.tourguide.service.RewardsService     : Calculate distance between -83.925011/35.955013 and -15.892835/-74.750184
2023-09-27T16:51:42.632+02:00 DEBUG 7856 --- [pool-2-thread-1] c.o.tourguide.service.RewardsService     : Checking if the user fb2c3247-58ce-440b-b3f6-235b6818b795 already get close from Kyle Field
2023-09-27T16:51:42.632+02:00 DEBUG 7856 --- [pool-2-thread-1] c.o.tourguide.service.RewardsService     : Calculate distance between -96.339844/30.61025 and -15.892835/-74.750184
2023-09-27T16:51:42.632+02:00 DEBUG 7856 --- [pool-2-thread-1] c.o.tourguide.service.RewardsService     : Checking if the user fb2c3247-58ce-440b-b3f6-235b6818b795 already get close from San Diego Zoo
2023-09-27T16:51:42.632+02:00 DEBUG 7856 --- [pool-2-thread-1] c.o.tourguide.service.RewardsService     : Calculate distance between -117.149048/32.735317 and -15.892835/-74.750184
2023-09-27T16:51:42.632+02:00 DEBUG 7856 --- [pool-2-thread-1] c.o.tourguide.service.RewardsService     : Checking if the user fb2c3247-58ce-440b-b3f6-235b6818b795 already get close from Zoo Tampa at Lowry Park
2023-09-27T16:51:42.632+02:00 DEBUG 7856 --- [pool-2-thread-1] c.o.tourguide.service.RewardsService     : Calculate distance between -82.469269/28.012804 and -15.892835/-74.750184
2023-09-27T16:51:42.632+02:00 DEBUG 7856 --- [pool-2-thread-1] c.o.tourguide.service.RewardsService     : Checking if the user fb2c3247-58ce-440b-b3f6-235b6818b795 already get close from Franklin Park Zoo
2023-09-27T16:51:42.632+02:00 DEBUG 7856 --- [pool-2-thread-1] c.o.tourguide.service.RewardsService     : Calculate distance between -71.086731/42.302601 and -15.892835/-74.750184
2023-09-27T16:51:42.632+02:00 DEBUG 7856 --- [pool-2-thread-1] c.o.tourguide.service.RewardsService     : Checking if the user fb2c3247-58ce-440b-b3f6-235b6818b795 already get close from El Paso Zoo
2023-09-27T16:51:42.632+02:00 DEBUG 7856 --- [pool-2-thread-1] c.o.tourguide.service.RewardsService     : Calculate distance between -106.44487/31.769125 and -15.892835/-74.750184
2023-09-27T16:51:42.632+02:00 DEBUG 7856 --- [pool-2-thread-1] c.o.tourguide.service.RewardsService     : Checking if the user fb2c3247-58ce-440b-b3f6-235b6818b795 already get close from Kansas City Zoo
2023-09-27T16:51:42.632+02:00 DEBUG 7856 --- [pool-2-thread-1] c.o.tourguide.service.RewardsService     : Calculate distance between -94.529625/39.007504 and -15.892835/-74.750184
2023-09-27T16:51:42.632+02:00 DEBUG 7856 --- [pool-2-thread-1] c.o.tourguide.service.RewardsService     : Checking if the user fb2c3247-58ce-440b-b3f6-235b6818b795 already get close from Bronx Zoo
2023-09-27T16:51:42.632+02:00 DEBUG 7856 --- [pool-2-thread-1] c.o.tourguide.service.RewardsService     : Calculate distance between -73.872971/40.852905 and -15.892835/-74.750184
2023-09-27T16:51:42.632+02:00 DEBUG 7856 --- [pool-2-thread-1] c.o.tourguide.service.RewardsService     : Checking if the user fb2c3247-58ce-440b-b3f6-235b6818b795 already get close from Cinderella Castle
2023-09-27T16:51:42.632+02:00 DEBUG 7856 --- [pool-2-thread-1] c.o.tourguide.service.RewardsService     : Calculate distance between -81.5812/28.419411 and -15.892835/-74.750184
2023-09-27T16:51:42.632+02:00 DEBUG 7856 --- [pool-2-thread-1] c.o.tourguide.service.RewardsService     : Checking if the user fb2c3247-58ce-440b-b3f6-235b6818b795 already get close from Disneyland
2023-09-27T16:51:42.632+02:00 DEBUG 7856 --- [pool-2-thread-1] c.o.tourguide.service.RewardsService     : Calculate distance between -117.922008/33.817595 and 20.902472/-10.737351
2023-09-27T16:51:42.632+02:00 DEBUG 7856 --- [pool-2-thread-1] c.o.tourguide.service.RewardsService     : Checking if the user fb2c3247-58ce-440b-b3f6-235b6818b795 already get close from Jackson Hole
2023-09-27T16:51:42.632+02:00 DEBUG 7856 --- [pool-2-thread-1] c.o.tourguide.service.RewardsService     : Calculate distance between -110.821999/43.582767 and 20.902472/-10.737351
2023-09-27T16:51:42.633+02:00 DEBUG 7856 --- [pool-2-thread-1] c.o.tourguide.service.RewardsService     : Checking if the user fb2c3247-58ce-440b-b3f6-235b6818b795 already get close from Mojave National Preserve
2023-09-27T16:51:42.633+02:00 DEBUG 7856 --- [pool-2-thread-1] c.o.tourguide.service.RewardsService     : Calculate distance between -115.510399/35.141689 and 20.902472/-10.737351
2023-09-27T16:51:42.633+02:00 DEBUG 7856 --- [pool-2-thread-1] c.o.tourguide.service.RewardsService     : Checking if the user fb2c3247-58ce-440b-b3f6-235b6818b795 already get close from Joshua Tree National Park
2023-09-27T16:51:42.633+02:00 DEBUG 7856 --- [pool-2-thread-1] c.o.tourguide.service.RewardsService     : Calculate distance between -115.90065/33.881866 and 20.902472/-10.737351
2023-09-27T16:51:42.633+02:00 DEBUG 7856 --- [pool-2-thread-1] c.o.tourguide.service.RewardsService     : Checking if the user fb2c3247-58ce-440b-b3f6-235b6818b795 already get close from Buffalo National River
2023-09-27T16:51:42.633+02:00 DEBUG 7856 --- [pool-2-thread-1] c.o.tourguide.service.RewardsService     : Calculate distance between -92.757652/35.985512 and 20.902472/-10.737351
2023-09-27T16:51:42.633+02:00 DEBUG 7856 --- [pool-2-thread-1] c.o.tourguide.service.RewardsService     : Checking if the user fb2c3247-58ce-440b-b3f6-235b6818b795 already get close from Hot Springs National Park
2023-09-27T16:51:42.633+02:00 DEBUG 7856 --- [pool-2-thread-1] c.o.tourguide.service.RewardsService     : Calculate distance between -93.042267/34.52153 and 20.902472/-10.737351
2023-09-27T16:51:42.633+02:00 DEBUG 7856 --- [pool-2-thread-1] c.o.tourguide.service.RewardsService     : Checking if the user fb2c3247-58ce-440b-b3f6-235b6818b795 already get close from Kartchner Caverns State Park
2023-09-27T16:51:42.633+02:00 DEBUG 7856 --- [pool-2-thread-1] c.o.tourguide.service.RewardsService     : Calculate distance between -110.347382/31.837551 and 20.902472/-10.737351
2023-09-27T16:51:42.633+02:00 DEBUG 7856 --- [pool-2-thread-1] c.o.tourguide.service.RewardsService     : Checking if the user fb2c3247-58ce-440b-b3f6-235b6818b795 already get close from Legend Valley
2023-09-27T16:51:42.633+02:00 DEBUG 7856 --- [pool-2-thread-1] c.o.tourguide.service.RewardsService     : Calculate distance between -82.40667/39.937778 and 20.902472/-10.737351
2023-09-27T16:51:42.633+02:00 DEBUG 7856 --- [pool-2-thread-1] c.o.tourguide.service.RewardsService     : Checking if the user fb2c3247-58ce-440b-b3f6-235b6818b795 already get close from Flowers Bakery of London
2023-09-27T16:51:42.633+02:00 DEBUG 7856 --- [pool-2-thread-1] c.o.tourguide.service.RewardsService     : Calculate distance between -84.07486/37.131527 and 20.902472/-10.737351
2023-09-27T16:51:42.633+02:00 DEBUG 7856 --- [pool-2-thread-1] c.o.tourguide.service.RewardsService     : Checking if the user fb2c3247-58ce-440b-b3f6-235b6818b795 already get close from McKinley Tower
2023-09-27T16:51:42.633+02:00 DEBUG 7856 --- [pool-2-thread-1] c.o.tourguide.service.RewardsService     : Calculate distance between -149.877502/61.218887 and 20.902472/-10.737351
2023-09-27T16:51:42.633+02:00 DEBUG 7856 --- [pool-2-thread-1] c.o.tourguide.service.RewardsService     : Checking if the user fb2c3247-58ce-440b-b3f6-235b6818b795 already get close from Flatiron Building
2023-09-27T16:51:42.633+02:00 DEBUG 7856 --- [pool-2-thread-1] c.o.tourguide.service.RewardsService     : Calculate distance between -73.989723/40.741112 and 20.902472/-10.737351
2023-09-27T16:51:42.633+02:00 DEBUG 7856 --- [pool-2-thread-1] c.o.tourguide.service.RewardsService     : Checking if the user fb2c3247-58ce-440b-b3f6-235b6818b795 already get close from Fallingwater
2023-09-27T16:51:42.633+02:00 DEBUG 7856 --- [pool-2-thread-1] c.o.tourguide.service.RewardsService     : Calculate distance between -79.468056/39.906113 and 20.902472/-10.737351
2023-09-27T16:51:42.633+02:00 DEBUG 7856 --- [pool-2-thread-1] c.o.tourguide.service.RewardsService     : Checking if the user fb2c3247-58ce-440b-b3f6-235b6818b795 already get close from Union Station
2023-09-27T16:51:42.633+02:00 DEBUG 7856 --- [pool-2-thread-1] c.o.tourguide.service.RewardsService     : Calculate distance between -77.006332/38.897095 and 20.902472/-10.737351
2023-09-27T16:51:42.633+02:00 DEBUG 7856 --- [pool-2-thread-1] c.o.tourguide.service.RewardsService     : Checking if the user fb2c3247-58ce-440b-b3f6-235b6818b795 already get close from Roger Dean Stadium
2023-09-27T16:51:42.633+02:00 DEBUG 7856 --- [pool-2-thread-1] c.o.tourguide.service.RewardsService     : Calculate distance between -80.116577/26.890959 and 20.902472/-10.737351
2023-09-27T16:51:42.633+02:00 DEBUG 7856 --- [pool-2-thread-1] c.o.tourguide.service.RewardsService     : Checking if the user fb2c3247-58ce-440b-b3f6-235b6818b795 already get close from Texas Memorial Stadium
2023-09-27T16:51:42.633+02:00 DEBUG 7856 --- [pool-2-thread-1] c.o.tourguide.service.RewardsService     : Calculate distance between -97.732536/30.283682 and 20.902472/-10.737351
2023-09-27T16:51:42.633+02:00 DEBUG 7856 --- [pool-2-thread-1] c.o.tourguide.service.RewardsService     : Checking if the user fb2c3247-58ce-440b-b3f6-235b6818b795 already get close from Bryant-Denny Stadium
2023-09-27T16:51:42.633+02:00 DEBUG 7856 --- [pool-2-thread-1] c.o.tourguide.service.RewardsService     : Calculate distance between -87.550438/33.208973 and 20.902472/-10.737351
2023-09-27T16:51:42.633+02:00 DEBUG 7856 --- [pool-2-thread-1] c.o.tourguide.service.RewardsService     : Checking if the user fb2c3247-58ce-440b-b3f6-235b6818b795 already get close from Tiger Stadium
2023-09-27T16:51:42.633+02:00 DEBUG 7856 --- [pool-2-thread-1] c.o.tourguide.service.RewardsService     : Calculate distance between -91.183815/30.412035 and 20.902472/-10.737351
2023-09-27T16:51:42.633+02:00 DEBUG 7856 --- [pool-2-thread-1] c.o.tourguide.service.RewardsService     : Checking if the user fb2c3247-58ce-440b-b3f6-235b6818b795 already get close from Neyland Stadium
2023-09-27T16:51:42.633+02:00 DEBUG 7856 --- [pool-2-thread-1] c.o.tourguide.service.RewardsService     : Calculate distance between -83.925011/35.955013 and 20.902472/-10.737351
2023-09-27T16:51:42.633+02:00 DEBUG 7856 --- [pool-2-thread-1] c.o.tourguide.service.RewardsService     : Checking if the user fb2c3247-58ce-440b-b3f6-235b6818b795 already get close from Kyle Field
2023-09-27T16:51:42.633+02:00 DEBUG 7856 --- [pool-2-thread-1] c.o.tourguide.service.RewardsService     : Calculate distance between -96.339844/30.61025 and 20.902472/-10.737351
2023-09-27T16:51:42.633+02:00 DEBUG 7856 --- [pool-2-thread-1] c.o.tourguide.service.RewardsService     : Checking if the user fb2c3247-58ce-440b-b3f6-235b6818b795 already get close from San Diego Zoo
2023-09-27T16:51:42.633+02:00 DEBUG 7856 --- [pool-2-thread-1] c.o.tourguide.service.RewardsService     : Calculate distance between -117.149048/32.735317 and 20.902472/-10.737351
2023-09-27T16:51:42.633+02:00 DEBUG 7856 --- [pool-2-thread-1] c.o.tourguide.service.RewardsService     : Checking if the user fb2c3247-58ce-440b-b3f6-235b6818b795 already get close from Zoo Tampa at Lowry Park
2023-09-27T16:51:42.633+02:00 DEBUG 7856 --- [pool-2-thread-1] c.o.tourguide.service.RewardsService     : Calculate distance between -82.469269/28.012804 and 20.902472/-10.737351
2023-09-27T16:51:42.633+02:00 DEBUG 7856 --- [pool-2-thread-1] c.o.tourguide.service.RewardsService     : Checking if the user fb2c3247-58ce-440b-b3f6-235b6818b795 already get close from Franklin Park Zoo
2023-09-27T16:51:42.633+02:00 DEBUG 7856 --- [pool-2-thread-1] c.o.tourguide.service.RewardsService     : Calculate distance between -71.086731/42.302601 and 20.902472/-10.737351
2023-09-27T16:51:42.633+02:00 DEBUG 7856 --- [pool-2-thread-1] c.o.tourguide.service.RewardsService     : Checking if the user fb2c3247-58ce-440b-b3f6-235b6818b795 already get close from El Paso Zoo
2023-09-27T16:51:42.633+02:00 DEBUG 7856 --- [pool-2-thread-1] c.o.tourguide.service.RewardsService     : Calculate distance between -106.44487/31.769125 and 20.902472/-10.737351
2023-09-27T16:51:42.633+02:00 DEBUG 7856 --- [pool-2-thread-1] c.o.tourguide.service.RewardsService     : Checking if the user fb2c3247-58ce-440b-b3f6-235b6818b795 already get close from Kansas City Zoo
2023-09-27T16:51:42.633+02:00 DEBUG 7856 --- [pool-2-thread-1] c.o.tourguide.service.RewardsService     : Calculate distance between -94.529625/39.007504 and 20.902472/-10.737351
2023-09-27T16:51:42.633+02:00 DEBUG 7856 --- [pool-2-thread-1] c.o.tourguide.service.RewardsService     : Checking if the user fb2c3247-58ce-440b-b3f6-235b6818b795 already get close from Bronx Zoo
2023-09-27T16:51:42.633+02:00 DEBUG 7856 --- [pool-2-thread-1] c.o.tourguide.service.RewardsService     : Calculate distance between -73.872971/40.852905 and 20.902472/-10.737351
2023-09-27T16:51:42.633+02:00 DEBUG 7856 --- [pool-2-thread-1] c.o.tourguide.service.RewardsService     : Checking if the user fb2c3247-58ce-440b-b3f6-235b6818b795 already get close from Cinderella Castle
2023-09-27T16:51:42.633+02:00 DEBUG 7856 --- [pool-2-thread-1] c.o.tourguide.service.RewardsService     : Calculate distance between -81.5812/28.419411 and 20.902472/-10.737351
2023-09-27T16:51:42.633+02:00 DEBUG 7856 --- [pool-2-thread-1] c.o.tourguide.service.RewardsService     : Trying to add 0 rewards
2023-09-27T16:51:42.671+02:00 DEBUG 7856 --- [pool-3-thread-1] c.o.tourguide.service.RewardsService     : Checking if the user 7b2b8fe2-9e69-474b-b415-7c5568a28c75 already get close from El Paso Zoo
2023-09-27T16:51:42.671+02:00 DEBUG 7856 --- [pool-3-thread-1] c.o.tourguide.service.RewardsService     : Calculate distance between -106.44487/31.769125 and 121.958671/-62.099573
2023-09-27T16:51:42.671+02:00 DEBUG 7856 --- [pool-3-thread-1] c.o.tourguide.service.RewardsService     : Assign reward points to 7b2b8fe2-9e69-474b-b415-7c5568a28c75 for attraction El Paso Zoo
2023-09-27T16:51:42.709+02:00  INFO 7856 --- [pool-2-thread-1] c.o.tourguide.service.TourGuideService   : Adding the current location to the user internalUser7788
2023-09-27T16:51:42.709+02:00 DEBUG 7856 --- [pool-2-thread-1] c.o.tourguide.service.RewardsService     : calculate reward for internalUser7788 on his 5 known locations
2023-09-27T16:51:42.732+02:00 DEBUG 7856 --- [pool-2-thread-1] c.o.tourguide.service.RewardsService     : Checking if the user 0dcd6889-78b7-491c-8aa2-da18dde44570 already get close from Disneyland
2023-09-27T16:51:42.732+02:00 DEBUG 7856 --- [pool-2-thread-1] c.o.tourguide.service.RewardsService     : Calculate distance between -117.922008/33.817595 and -38.91305960814091/-10.05290695693138
2023-09-27T16:51:42.732+02:00 DEBUG 7856 --- [pool-2-thread-1] c.o.tourguide.service.RewardsService     : Checking if the user 0dcd6889-78b7-491c-8aa2-da18dde44570 already get close from Jackson Hole
2023-09-27T16:51:42.732+02:00 DEBUG 7856 --- [pool-2-thread-1] c.o.tourguide.service.RewardsService     : Calculate distance between -110.821999/43.582767 and -38.91305960814091/-10.05290695693138
2023-09-27T16:51:42.732+02:00 DEBUG 7856 --- [pool-2-thread-1] c.o.tourguide.service.RewardsService     : Checking if the user 0dcd6889-78b7-491c-8aa2-da18dde44570 already get close from Mojave National Preserve
2023-09-27T16:51:42.732+02:00 DEBUG 7856 --- [pool-2-thread-1] c.o.tourguide.service.RewardsService     : Calculate distance between -115.510399/35.141689 and -38.91305960814091/-10.05290695693138
2023-09-27T16:51:42.732+02:00 DEBUG 7856 --- [pool-2-thread-1] c.o.tourguide.service.RewardsService     : Checking if the user 0dcd6889-78b7-491c-8aa2-da18dde44570 already get close from Joshua Tree National Park
2023-09-27T16:51:42.732+02:00 DEBUG 7856 --- [pool-2-thread-1] c.o.tourguide.service.RewardsService     : Calculate distance between -115.90065/33.881866 and -38.91305960814091/-10.05290695693138
2023-09-27T16:51:42.732+02:00 DEBUG 7856 --- [pool-2-thread-1] c.o.tourguide.service.RewardsService     : Checking if the user 0dcd6889-78b7-491c-8aa2-da18dde44570 already get close from Buffalo National River
2023-09-27T16:51:42.732+02:00 DEBUG 7856 --- [pool-2-thread-1] c.o.tourguide.service.RewardsService     : Calculate distance between -92.757652/35.985512 and -38.91305960814091/-10.05290695693138
2023-09-27T16:51:42.732+02:00 DEBUG 7856 --- [pool-2-thread-1] c.o.tourguide.service.RewardsService     : Checking if the user 0dcd6889-78b7-491c-8aa2-da18dde44570 already get close from Hot Springs National Park
2023-09-27T16:51:42.732+02:00 DEBUG 7856 --- [pool-2-thread-1] c.o.tourguide.service.RewardsService     : Calculate distance between -93.042267/34.52153 and -38.91305960814091/-10.05290695693138
2023-09-27T16:51:42.732+02:00 DEBUG 7856 --- [pool-2-thread-1] c.o.tourguide.service.RewardsService     : Checking if the user 0dcd6889-78b7-491c-8aa2-da18dde44570 already get close from Kartchner Caverns State Park
2023-09-27T16:51:42.732+02:00 DEBUG 7856 --- [pool-2-thread-1] c.o.tourguide.service.RewardsService     : Calculate distance between -110.347382/31.837551 and -38.91305960814091/-10.05290695693138
2023-09-27T16:51:42.732+02:00 DEBUG 7856 --- [pool-2-thread-1] c.o.tourguide.service.RewardsService     : Checking if the user 0dcd6889-78b7-491c-8aa2-da18dde44570 already get close from Legend Valley
2023-09-27T16:51:42.732+02:00 DEBUG 7856 --- [pool-2-thread-1] c.o.tourguide.service.RewardsService     : Calculate distance between -82.40667/39.937778 and -38.91305960814091/-10.05290695693138
2023-09-27T16:51:42.732+02:00 DEBUG 7856 --- [pool-2-thread-1] c.o.tourguide.service.RewardsService     : Checking if the user 0dcd6889-78b7-491c-8aa2-da18dde44570 already get close from Flowers Bakery of London
2023-09-27T16:51:42.732+02:00 DEBUG 7856 --- [pool-2-thread-1] c.o.tourguide.service.RewardsService     : Calculate distance between -84.07486/37.131527 and -38.91305960814091/-10.05290695693138
2023-09-27T16:51:42.732+02:00 DEBUG 7856 --- [pool-2-thread-1] c.o.tourguide.service.RewardsService     : Checking if the user 0dcd6889-78b7-491c-8aa2-da18dde44570 already get close from McKinley Tower
2023-09-27T16:51:42.732+02:00 DEBUG 7856 --- [pool-2-thread-1] c.o.tourguide.service.RewardsService     : Calculate distance between -149.877502/61.218887 and -38.91305960814091/-10.05290695693138
2023-09-27T16:51:42.732+02:00 DEBUG 7856 --- [pool-2-thread-1] c.o.tourguide.service.RewardsService     : Checking if the user 0dcd6889-78b7-491c-8aa2-da18dde44570 already get close from Flatiron Building
2023-09-27T16:51:42.732+02:00 DEBUG 7856 --- [pool-2-thread-1] c.o.tourguide.service.RewardsService     : Calculate distance between -73.989723/40.741112 and -38.91305960814091/-10.05290695693138
2023-09-27T16:51:42.732+02:00 DEBUG 7856 --- [pool-2-thread-1] c.o.tourguide.service.RewardsService     : Checking if the user 0dcd6889-78b7-491c-8aa2-da18dde44570 already get close from Fallingwater
2023-09-27T16:51:42.732+02:00 DEBUG 7856 --- [pool-2-thread-1] c.o.tourguide.service.RewardsService     : Calculate distance between -79.468056/39.906113 and -38.91305960814091/-10.05290695693138
2023-09-27T16:51:42.732+02:00 DEBUG 7856 --- [pool-2-thread-1] c.o.tourguide.service.RewardsService     : Checking if the user 0dcd6889-78b7-491c-8aa2-da18dde44570 already get close from Union Station
2023-09-27T16:51:42.732+02:00 DEBUG 7856 --- [pool-2-thread-1] c.o.tourguide.service.RewardsService     : Calculate distance between -77.006332/38.897095 and -38.91305960814091/-10.05290695693138
2023-09-27T16:51:42.732+02:00 DEBUG 7856 --- [pool-2-thread-1] c.o.tourguide.service.RewardsService     : Checking if the user 0dcd6889-78b7-491c-8aa2-da18dde44570 already get close from Roger Dean Stadium
2023-09-27T16:51:42.732+02:00 DEBUG 7856 --- [pool-2-thread-1] c.o.tourguide.service.RewardsService     : Calculate distance between -80.116577/26.890959 and -38.91305960814091/-10.05290695693138
2023-09-27T16:51:42.732+02:00 DEBUG 7856 --- [pool-2-thread-1] c.o.tourguide.service.RewardsService     : Checking if the user 0dcd6889-78b7-491c-8aa2-da18dde44570 already get close from Texas Memorial Stadium
2023-09-27T16:51:42.732+02:00 DEBUG 7856 --- [pool-2-thread-1] c.o.tourguide.service.RewardsService     : Calculate distance between -97.732536/30.283682 and -38.91305960814091/-10.05290695693138
2023-09-27T16:51:42.732+02:00 DEBUG 7856 --- [pool-2-thread-1] c.o.tourguide.service.RewardsService     : Checking if the user 0dcd6889-78b7-491c-8aa2-da18dde44570 already get close from Bryant-Denny Stadium
2023-09-27T16:51:42.732+02:00 DEBUG 7856 --- [pool-2-thread-1] c.o.tourguide.service.RewardsService     : Calculate distance between -87.550438/33.208973 and -38.91305960814091/-10.05290695693138
2023-09-27T16:51:42.732+02:00 DEBUG 7856 --- [pool-2-thread-1] c.o.tourguide.service.RewardsService     : Checking if the user 0dcd6889-78b7-491c-8aa2-da18dde44570 already get close from Tiger Stadium
2023-09-27T16:51:42.732+02:00 DEBUG 7856 --- [pool-2-thread-1] c.o.tourguide.service.RewardsService     : Calculate distance between -91.183815/30.412035 and -38.91305960814091/-10.05290695693138
2023-09-27T16:51:42.732+02:00 DEBUG 7856 --- [pool-2-thread-1] c.o.tourguide.service.RewardsService     : Checking if the user 0dcd6889-78b7-491c-8aa2-da18dde44570 already get close from Neyland Stadium
2023-09-27T16:51:42.732+02:00 DEBUG 7856 --- [pool-2-thread-1] c.o.tourguide.service.RewardsService     : Calculate distance between -83.925011/35.955013 and -38.91305960814091/-10.05290695693138
2023-09-27T16:51:42.732+02:00 DEBUG 7856 --- [pool-2-thread-1] c.o.tourguide.service.RewardsService     : Checking if the user 0dcd6889-78b7-491c-8aa2-da18dde44570 already get close from Kyle Field
2023-09-27T16:51:42.732+02:00 DEBUG 7856 --- [pool-2-thread-1] c.o.tourguide.service.RewardsService     : Calculate distance between -96.339844/30.61025 and -38.91305960814091/-10.05290695693138
2023-09-27T16:51:42.732+02:00 DEBUG 7856 --- [pool-2-thread-1] c.o.tourguide.service.RewardsService     : Checking if the user 0dcd6889-78b7-491c-8aa2-da18dde44570 already get close from San Diego Zoo
2023-09-27T16:51:42.732+02:00 DEBUG 7856 --- [pool-2-thread-1] c.o.tourguide.service.RewardsService     : Calculate distance between -117.149048/32.735317 and -38.91305960814091/-10.05290695693138
2023-09-27T16:51:42.732+02:00 DEBUG 7856 --- [pool-2-thread-1] c.o.tourguide.service.RewardsService     : Checking if the user 0dcd6889-78b7-491c-8aa2-da18dde44570 already get close from Zoo Tampa at Lowry Park
2023-09-27T16:51:42.732+02:00 DEBUG 7856 --- [pool-2-thread-1] c.o.tourguide.service.RewardsService     : Calculate distance between -82.469269/28.012804 and -38.91305960814091/-10.05290695693138
2023-09-27T16:51:42.732+02:00 DEBUG 7856 --- [pool-2-thread-1] c.o.tourguide.service.RewardsService     : Checking if the user 0dcd6889-78b7-491c-8aa2-da18dde44570 already get close from Franklin Park Zoo
2023-09-27T16:51:42.732+02:00 DEBUG 7856 --- [pool-2-thread-1] c.o.tourguide.service.RewardsService     : Calculate distance between -71.086731/42.302601 and -38.91305960814091/-10.05290695693138
2023-09-27T16:51:42.732+02:00 DEBUG 7856 --- [pool-2-thread-1] c.o.tourguide.service.RewardsService     : Checking if the user 0dcd6889-78b7-491c-8aa2-da18dde44570 already get close from El Paso Zoo
2023-09-27T16:51:42.732+02:00 DEBUG 7856 --- [pool-2-thread-1] c.o.tourguide.service.RewardsService     : Calculate distance between -106.44487/31.769125 and -38.91305960814091/-10.05290695693138
2023-09-27T16:51:42.732+02:00 DEBUG 7856 --- [pool-2-thread-1] c.o.tourguide.service.RewardsService     : Checking if the user 0dcd6889-78b7-491c-8aa2-da18dde44570 already get close from Kansas City Zoo
2023-09-27T16:51:42.732+02:00 DEBUG 7856 --- [pool-2-thread-1] c.o.tourguide.service.RewardsService     : Calculate distance between -94.529625/39.007504 and -38.91305960814091/-10.05290695693138
2023-09-27T16:51:42.732+02:00 DEBUG 7856 --- [pool-2-thread-1] c.o.tourguide.service.RewardsService     : Checking if the user 0dcd6889-78b7-491c-8aa2-da18dde44570 already get close from Bronx Zoo
2023-09-27T16:51:42.732+02:00 DEBUG 7856 --- [pool-2-thread-1] c.o.tourguide.service.RewardsService     : Calculate distance between -73.872971/40.852905 and -38.91305960814091/-10.05290695693138
2023-09-27T16:51:42.732+02:00 DEBUG 7856 --- [pool-2-thread-1] c.o.tourguide.service.RewardsService     : Checking if the user 0dcd6889-78b7-491c-8aa2-da18dde44570 already get close from Cinderella Castle
2023-09-27T16:51:42.732+02:00 DEBUG 7856 --- [pool-2-thread-1] c.o.tourguide.service.RewardsService     : Calculate distance between -81.5812/28.419411 and -38.91305960814091/-10.05290695693138
2023-09-27T16:51:42.732+02:00 DEBUG 7856 --- [pool-2-thread-1] c.o.tourguide.service.RewardsService     : Checking if the user 0dcd6889-78b7-491c-8aa2-da18dde44570 already get close from Disneyland
2023-09-27T16:51:42.732+02:00 DEBUG 7856 --- [pool-2-thread-1] c.o.tourguide.service.RewardsService     : Calculate distance between -117.922008/33.817595 and 119.10122214292659/58.11865742580321
2023-09-27T16:51:42.732+02:00 DEBUG 7856 --- [pool-2-thread-1] c.o.tourguide.service.RewardsService     : Checking if the user 0dcd6889-78b7-491c-8aa2-da18dde44570 already get close from Jackson Hole
2023-09-27T16:51:42.732+02:00 DEBUG 7856 --- [pool-2-thread-1] c.o.tourguide.service.RewardsService     : Calculate distance between -110.821999/43.582767 and 119.10122214292659/58.11865742580321
2023-09-27T16:51:42.732+02:00 DEBUG 7856 --- [pool-2-thread-1] c.o.tourguide.service.RewardsService     : Checking if the user 0dcd6889-78b7-491c-8aa2-da18dde44570 already get close from Mojave National Preserve
2023-09-27T16:51:42.732+02:00 DEBUG 7856 --- [pool-2-thread-1] c.o.tourguide.service.RewardsService     : Calculate distance between -115.510399/35.141689 and 119.10122214292659/58.11865742580321
2023-09-27T16:51:42.732+02:00 DEBUG 7856 --- [pool-2-thread-1] c.o.tourguide.service.RewardsService     : Checking if the user 0dcd6889-78b7-491c-8aa2-da18dde44570 already get close from Joshua Tree National Park
2023-09-27T16:51:42.732+02:00 DEBUG 7856 --- [pool-2-thread-1] c.o.tourguide.service.RewardsService     : Calculate distance between -115.90065/33.881866 and 119.10122214292659/58.11865742580321
2023-09-27T16:51:42.732+02:00 DEBUG 7856 --- [pool-2-thread-1] c.o.tourguide.service.RewardsService     : Checking if the user 0dcd6889-78b7-491c-8aa2-da18dde44570 already get close from Buffalo National River
2023-09-27T16:51:42.732+02:00 DEBUG 7856 --- [pool-2-thread-1] c.o.tourguide.service.RewardsService     : Calculate distance between -92.757652/35.985512 and 119.10122214292659/58.11865742580321
2023-09-27T16:51:42.732+02:00 DEBUG 7856 --- [pool-2-thread-1] c.o.tourguide.service.RewardsService     : Checking if the user 0dcd6889-78b7-491c-8aa2-da18dde44570 already get close from Hot Springs National Park
2023-09-27T16:51:42.732+02:00 DEBUG 7856 --- [pool-2-thread-1] c.o.tourguide.service.RewardsService     : Calculate distance between -93.042267/34.52153 and 119.10122214292659/58.11865742580321
2023-09-27T16:51:42.732+02:00 DEBUG 7856 --- [pool-2-thread-1] c.o.tourguide.service.RewardsService     : Checking if the user 0dcd6889-78b7-491c-8aa2-da18dde44570 already get close from Kartchner Caverns State Park
2023-09-27T16:51:42.732+02:00 DEBUG 7856 --- [pool-2-thread-1] c.o.tourguide.service.RewardsService     : Calculate distance between -110.347382/31.837551 and 119.10122214292659/58.11865742580321
2023-09-27T16:51:42.732+02:00 DEBUG 7856 --- [pool-2-thread-1] c.o.tourguide.service.RewardsService     : Checking if the user 0dcd6889-78b7-491c-8aa2-da18dde44570 already get close from Legend Valley
2023-09-27T16:51:42.732+02:00 DEBUG 7856 --- [pool-2-thread-1] c.o.tourguide.service.RewardsService     : Calculate distance between -82.40667/39.937778 and 119.10122214292659/58.11865742580321
2023-09-27T16:51:42.732+02:00 DEBUG 7856 --- [pool-2-thread-1] c.o.tourguide.service.RewardsService     : Checking if the user 0dcd6889-78b7-491c-8aa2-da18dde44570 already get close from Flowers Bakery of London
2023-09-27T16:51:42.732+02:00 DEBUG 7856 --- [pool-2-thread-1] c.o.tourguide.service.RewardsService     : Calculate distance between -84.07486/37.131527 and 119.10122214292659/58.11865742580321
2023-09-27T16:51:42.733+02:00 DEBUG 7856 --- [pool-2-thread-1] c.o.tourguide.service.RewardsService     : Checking if the user 0dcd6889-78b7-491c-8aa2-da18dde44570 already get close from McKinley Tower
2023-09-27T16:51:42.733+02:00 DEBUG 7856 --- [pool-2-thread-1] c.o.tourguide.service.RewardsService     : Calculate distance between -149.877502/61.218887 and 119.10122214292659/58.11865742580321
2023-09-27T16:51:42.733+02:00 DEBUG 7856 --- [pool-2-thread-1] c.o.tourguide.service.RewardsService     : Checking if the user 0dcd6889-78b7-491c-8aa2-da18dde44570 already get close from Flatiron Building
2023-09-27T16:51:42.733+02:00 DEBUG 7856 --- [pool-2-thread-1] c.o.tourguide.service.RewardsService     : Calculate distance between -73.989723/40.741112 and 119.10122214292659/58.11865742580321
2023-09-27T16:51:42.733+02:00 DEBUG 7856 --- [pool-2-thread-1] c.o.tourguide.service.RewardsService     : Checking if the user 0dcd6889-78b7-491c-8aa2-da18dde44570 already get close from Fallingwater
2023-09-27T16:51:42.733+02:00 DEBUG 7856 --- [pool-2-thread-1] c.o.tourguide.service.RewardsService     : Calculate distance between -79.468056/39.906113 and 119.10122214292659/58.11865742580321
2023-09-27T16:51:42.733+02:00 DEBUG 7856 --- [pool-2-thread-1] c.o.tourguide.service.RewardsService     : Checking if the user 0dcd6889-78b7-491c-8aa2-da18dde44570 already get close from Union Station
2023-09-27T16:51:42.733+02:00 DEBUG 7856 --- [pool-2-thread-1] c.o.tourguide.service.RewardsService     : Calculate distance between -77.006332/38.897095 and 119.10122214292659/58.11865742580321
2023-09-27T16:51:42.733+02:00 DEBUG 7856 --- [pool-2-thread-1] c.o.tourguide.service.RewardsService     : Checking if the user 0dcd6889-78b7-491c-8aa2-da18dde44570 already get close from Roger Dean Stadium
2023-09-27T16:51:42.733+02:00 DEBUG 7856 --- [pool-2-thread-1] c.o.tourguide.service.RewardsService     : Calculate distance between -80.116577/26.890959 and 119.10122214292659/58.11865742580321
2023-09-27T16:51:42.733+02:00 DEBUG 7856 --- [pool-2-thread-1] c.o.tourguide.service.RewardsService     : Checking if the user 0dcd6889-78b7-491c-8aa2-da18dde44570 already get close from Texas Memorial Stadium
2023-09-27T16:51:42.733+02:00 DEBUG 7856 --- [pool-2-thread-1] c.o.tourguide.service.RewardsService     : Calculate distance between -97.732536/30.283682 and 119.10122214292659/58.11865742580321
2023-09-27T16:51:42.733+02:00 DEBUG 7856 --- [pool-2-thread-1] c.o.tourguide.service.RewardsService     : Checking if the user 0dcd6889-78b7-491c-8aa2-da18dde44570 already get close from Bryant-Denny Stadium
2023-09-27T16:51:42.733+02:00 DEBUG 7856 --- [pool-2-thread-1] c.o.tourguide.service.RewardsService     : Calculate distance between -87.550438/33.208973 and 119.10122214292659/58.11865742580321
2023-09-27T16:51:42.733+02:00 DEBUG 7856 --- [pool-2-thread-1] c.o.tourguide.service.RewardsService     : Checking if the user 0dcd6889-78b7-491c-8aa2-da18dde44570 already get close from Tiger Stadium
2023-09-27T16:51:42.733+02:00 DEBUG 7856 --- [pool-2-thread-1] c.o.tourguide.service.RewardsService     : Calculate distance between -91.183815/30.412035 and 119.10122214292659/58.11865742580321
2023-09-27T16:51:42.733+02:00 DEBUG 7856 --- [pool-2-thread-1] c.o.tourguide.service.RewardsService     : Checking if the user 0dcd6889-78b7-491c-8aa2-da18dde44570 already get close from Neyland Stadium
2023-09-27T16:51:42.733+02:00 DEBUG 7856 --- [pool-2-thread-1] c.o.tourguide.service.RewardsService     : Calculate distance between -83.925011/35.955013 and 119.10122214292659/58.11865742580321
2023-09-27T16:51:42.733+02:00 DEBUG 7856 --- [pool-2-thread-1] c.o.tourguide.service.RewardsService     : Checking if the user 0dcd6889-78b7-491c-8aa2-da18dde44570 already get close from Kyle Field
2023-09-27T16:51:42.733+02:00 DEBUG 7856 --- [pool-2-thread-1] c.o.tourguide.service.RewardsService     : Calculate distance between -96.339844/30.61025 and 119.10122214292659/58.11865742580321
2023-09-27T16:51:42.733+02:00 DEBUG 7856 --- [pool-2-thread-1] c.o.tourguide.service.RewardsService     : Checking if the user 0dcd6889-78b7-491c-8aa2-da18dde44570 already get close from San Diego Zoo
2023-09-27T16:51:42.733+02:00 DEBUG 7856 --- [pool-2-thread-1] c.o.tourguide.service.RewardsService     : Calculate distance between -117.149048/32.735317 and 119.10122214292659/58.11865742580321
2023-09-27T16:51:42.733+02:00 DEBUG 7856 --- [pool-2-thread-1] c.o.tourguide.service.RewardsService     : Checking if the user 0dcd6889-78b7-491c-8aa2-da18dde44570 already get close from Zoo Tampa at Lowry Park
2023-09-27T16:51:42.733+02:00 DEBUG 7856 --- [pool-2-thread-1] c.o.tourguide.service.RewardsService     : Calculate distance between -82.469269/28.012804 and 119.10122214292659/58.11865742580321
2023-09-27T16:51:42.733+02:00 DEBUG 7856 --- [pool-2-thread-1] c.o.tourguide.service.RewardsService     : Checking if the user 0dcd6889-78b7-491c-8aa2-da18dde44570 already get close from Franklin Park Zoo
2023-09-27T16:51:42.733+02:00 DEBUG 7856 --- [pool-2-thread-1] c.o.tourguide.service.RewardsService     : Calculate distance between -71.086731/42.302601 and 119.10122214292659/58.11865742580321
2023-09-27T16:51:42.733+02:00 DEBUG 7856 --- [pool-2-thread-1] c.o.tourguide.service.RewardsService     : Checking if the user 0dcd6889-78b7-491c-8aa2-da18dde44570 already get close from El Paso Zoo
2023-09-27T16:51:42.733+02:00 DEBUG 7856 --- [pool-2-thread-1] c.o.tourguide.service.RewardsService     : Calculate distance between -106.44487/31.769125 and 119.10122214292659/58.11865742580321
2023-09-27T16:51:42.733+02:00 DEBUG 7856 --- [pool-2-thread-1] c.o.tourguide.service.RewardsService     : Checking if the user 0dcd6889-78b7-491c-8aa2-da18dde44570 already get close from Kansas City Zoo
2023-09-27T16:51:42.733+02:00 DEBUG 7856 --- [pool-2-thread-1] c.o.tourguide.service.RewardsService     : Calculate distance between -94.529625/39.007504 and 119.10122214292659/58.11865742580321
2023-09-27T16:51:42.733+02:00 DEBUG 7856 --- [pool-2-thread-1] c.o.tourguide.service.RewardsService     : Checking if the user 0dcd6889-78b7-491c-8aa2-da18dde44570 already get close from Bronx Zoo
2023-09-27T16:51:42.733+02:00 DEBUG 7856 --- [pool-2-thread-1] c.o.tourguide.service.RewardsService     : Calculate distance between -73.872971/40.852905 and 119.10122214292659/58.11865742580321
2023-09-27T16:51:42.733+02:00 DEBUG 7856 --- [pool-2-thread-1] c.o.tourguide.service.RewardsService     : Checking if the user 0dcd6889-78b7-491c-8aa2-da18dde44570 already get close from Cinderella Castle
2023-09-27T16:51:42.733+02:00 DEBUG 7856 --- [pool-2-thread-1] c.o.tourguide.service.RewardsService     : Calculate distance between -81.5812/28.419411 and 119.10122214292659/58.11865742580321
2023-09-27T16:51:42.733+02:00 DEBUG 7856 --- [pool-2-thread-1] c.o.tourguide.service.RewardsService     : Checking if the user 0dcd6889-78b7-491c-8aa2-da18dde44570 already get close from Disneyland
2023-09-27T16:51:42.733+02:00 DEBUG 7856 --- [pool-2-thread-1] c.o.tourguide.service.RewardsService     : Calculate distance between -117.922008/33.817595 and 46.94412990107779/70.0105461772483
2023-09-27T16:51:42.733+02:00 DEBUG 7856 --- [pool-2-thread-1] c.o.tourguide.service.RewardsService     : Checking if the user 0dcd6889-78b7-491c-8aa2-da18dde44570 already get close from Jackson Hole
2023-09-27T16:51:42.733+02:00 DEBUG 7856 --- [pool-2-thread-1] c.o.tourguide.service.RewardsService     : Calculate distance between -110.821999/43.582767 and 46.94412990107779/70.0105461772483
2023-09-27T16:51:42.733+02:00 DEBUG 7856 --- [pool-2-thread-1] c.o.tourguide.service.RewardsService     : Checking if the user 0dcd6889-78b7-491c-8aa2-da18dde44570 already get close from Mojave National Preserve
2023-09-27T16:51:42.733+02:00 DEBUG 7856 --- [pool-2-thread-1] c.o.tourguide.service.RewardsService     : Calculate distance between -115.510399/35.141689 and 46.94412990107779/70.0105461772483
2023-09-27T16:51:42.733+02:00 DEBUG 7856 --- [pool-2-thread-1] c.o.tourguide.service.RewardsService     : Checking if the user 0dcd6889-78b7-491c-8aa2-da18dde44570 already get close from Joshua Tree National Park
2023-09-27T16:51:42.733+02:00 DEBUG 7856 --- [pool-2-thread-1] c.o.tourguide.service.RewardsService     : Calculate distance between -115.90065/33.881866 and 46.94412990107779/70.0105461772483
2023-09-27T16:51:42.733+02:00 DEBUG 7856 --- [pool-2-thread-1] c.o.tourguide.service.RewardsService     : Checking if the user 0dcd6889-78b7-491c-8aa2-da18dde44570 already get close from Buffalo National River
2023-09-27T16:51:42.733+02:00 DEBUG 7856 --- [pool-2-thread-1] c.o.tourguide.service.RewardsService     : Calculate distance between -92.757652/35.985512 and 46.94412990107779/70.0105461772483
2023-09-27T16:51:42.733+02:00 DEBUG 7856 --- [pool-2-thread-1] c.o.tourguide.service.RewardsService     : Checking if the user 0dcd6889-78b7-491c-8aa2-da18dde44570 already get close from Hot Springs National Park
2023-09-27T16:51:42.733+02:00 DEBUG 7856 --- [pool-2-thread-1] c.o.tourguide.service.RewardsService     : Calculate distance between -93.042267/34.52153 and 46.94412990107779/70.0105461772483
2023-09-27T16:51:42.733+02:00 DEBUG 7856 --- [pool-2-thread-1] c.o.tourguide.service.RewardsService     : Checking if the user 0dcd6889-78b7-491c-8aa2-da18dde44570 already get close from Kartchner Caverns State Park
2023-09-27T16:51:42.733+02:00 DEBUG 7856 --- [pool-2-thread-1] c.o.tourguide.service.RewardsService     : Calculate distance between -110.347382/31.837551 and 46.94412990107779/70.0105461772483
2023-09-27T16:51:42.733+02:00 DEBUG 7856 --- [pool-2-thread-1] c.o.tourguide.service.RewardsService     : Checking if the user 0dcd6889-78b7-491c-8aa2-da18dde44570 already get close from Legend Valley
2023-09-27T16:51:42.733+02:00 DEBUG 7856 --- [pool-2-thread-1] c.o.tourguide.service.RewardsService     : Calculate distance between -82.40667/39.937778 and 46.94412990107779/70.0105461772483
2023-09-27T16:51:42.733+02:00 DEBUG 7856 --- [pool-2-thread-1] c.o.tourguide.service.RewardsService     : Checking if the user 0dcd6889-78b7-491c-8aa2-da18dde44570 already get close from Flowers Bakery of London
2023-09-27T16:51:42.733+02:00 DEBUG 7856 --- [pool-2-thread-1] c.o.tourguide.service.RewardsService     : Calculate distance between -84.07486/37.131527 and 46.94412990107779/70.0105461772483
2023-09-27T16:51:42.733+02:00 DEBUG 7856 --- [pool-2-thread-1] c.o.tourguide.service.RewardsService     : Checking if the user 0dcd6889-78b7-491c-8aa2-da18dde44570 already get close from McKinley Tower
2023-09-27T16:51:42.733+02:00 DEBUG 7856 --- [pool-2-thread-1] c.o.tourguide.service.RewardsService     : Calculate distance between -149.877502/61.218887 and 46.94412990107779/70.0105461772483
2023-09-27T16:51:42.733+02:00 DEBUG 7856 --- [pool-2-thread-1] c.o.tourguide.service.RewardsService     : Checking if the user 0dcd6889-78b7-491c-8aa2-da18dde44570 already get close from Flatiron Building
2023-09-27T16:51:42.733+02:00 DEBUG 7856 --- [pool-2-thread-1] c.o.tourguide.service.RewardsService     : Calculate distance between -73.989723/40.741112 and 46.94412990107779/70.0105461772483
2023-09-27T16:51:42.733+02:00 DEBUG 7856 --- [pool-2-thread-1] c.o.tourguide.service.RewardsService     : Checking if the user 0dcd6889-78b7-491c-8aa2-da18dde44570 already get close from Fallingwater
2023-09-27T16:51:42.733+02:00 DEBUG 7856 --- [pool-2-thread-1] c.o.tourguide.service.RewardsService     : Calculate distance between -79.468056/39.906113 and 46.94412990107779/70.0105461772483
2023-09-27T16:51:42.733+02:00 DEBUG 7856 --- [pool-2-thread-1] c.o.tourguide.service.RewardsService     : Checking if the user 0dcd6889-78b7-491c-8aa2-da18dde44570 already get close from Union Station
2023-09-27T16:51:42.733+02:00 DEBUG 7856 --- [pool-2-thread-1] c.o.tourguide.service.RewardsService     : Calculate distance between -77.006332/38.897095 and 46.94412990107779/70.0105461772483
2023-09-27T16:51:42.733+02:00 DEBUG 7856 --- [pool-2-thread-1] c.o.tourguide.service.RewardsService     : Checking if the user 0dcd6889-78b7-491c-8aa2-da18dde44570 already get close from Roger Dean Stadium
2023-09-27T16:51:42.733+02:00 DEBUG 7856 --- [pool-2-thread-1] c.o.tourguide.service.RewardsService     : Calculate distance between -80.116577/26.890959 and 46.94412990107779/70.0105461772483
2023-09-27T16:51:42.733+02:00 DEBUG 7856 --- [pool-2-thread-1] c.o.tourguide.service.RewardsService     : Checking if the user 0dcd6889-78b7-491c-8aa2-da18dde44570 already get close from Texas Memorial Stadium
2023-09-27T16:51:42.733+02:00 DEBUG 7856 --- [pool-2-thread-1] c.o.tourguide.service.RewardsService     : Calculate distance between -97.732536/30.283682 and 46.94412990107779/70.0105461772483
2023-09-27T16:51:42.733+02:00 DEBUG 7856 --- [pool-2-thread-1] c.o.tourguide.service.RewardsService     : Checking if the user 0dcd6889-78b7-491c-8aa2-da18dde44570 already get close from Bryant-Denny Stadium
2023-09-27T16:51:42.733+02:00 DEBUG 7856 --- [pool-2-thread-1] c.o.tourguide.service.RewardsService     : Calculate distance between -87.550438/33.208973 and 46.94412990107779/70.0105461772483
2023-09-27T16:51:42.733+02:00 DEBUG 7856 --- [pool-2-thread-1] c.o.tourguide.service.RewardsService     : Checking if the user 0dcd6889-78b7-491c-8aa2-da18dde44570 already get close from Tiger Stadium
2023-09-27T16:51:42.733+02:00 DEBUG 7856 --- [pool-2-thread-1] c.o.tourguide.service.RewardsService     : Calculate distance between -91.183815/30.412035 and 46.94412990107779/70.0105461772483
2023-09-27T16:51:42.733+02:00 DEBUG 7856 --- [pool-2-thread-1] c.o.tourguide.service.RewardsService     : Checking if the user 0dcd6889-78b7-491c-8aa2-da18dde44570 already get close from Neyland Stadium
2023-09-27T16:51:42.733+02:00 DEBUG 7856 --- [pool-2-thread-1] c.o.tourguide.service.RewardsService     : Calculate distance between -83.925011/35.955013 and 46.94412990107779/70.0105461772483
2023-09-27T16:51:42.733+02:00 DEBUG 7856 --- [pool-2-thread-1] c.o.tourguide.service.RewardsService     : Checking if the user 0dcd6889-78b7-491c-8aa2-da18dde44570 already get close from Kyle Field
2023-09-27T16:51:42.733+02:00 DEBUG 7856 --- [pool-2-thread-1] c.o.tourguide.service.RewardsService     : Calculate distance between -96.339844/30.61025 and 46.94412990107779/70.0105461772483
2023-09-27T16:51:42.733+02:00 DEBUG 7856 --- [pool-2-thread-1] c.o.tourguide.service.RewardsService     : Checking if the user 0dcd6889-78b7-491c-8aa2-da18dde44570 already get close from San Diego Zoo
2023-09-27T16:51:42.733+02:00 DEBUG 7856 --- [pool-2-thread-1] c.o.tourguide.service.RewardsService     : Calculate distance between -117.149048/32.735317 and 46.94412990107779/70.0105461772483
2023-09-27T16:51:42.733+02:00 DEBUG 7856 --- [pool-2-thread-1] c.o.tourguide.service.RewardsService     : Checking if the user 0dcd6889-78b7-491c-8aa2-da18dde44570 already get close from Zoo Tampa at Lowry Park
2023-09-27T16:51:42.733+02:00 DEBUG 7856 --- [pool-2-thread-1] c.o.tourguide.service.RewardsService     : Calculate distance between -82.469269/28.012804 and 46.94412990107779/70.0105461772483
2023-09-27T16:51:42.733+02:00 DEBUG 7856 --- [pool-2-thread-1] c.o.tourguide.service.RewardsService     : Checking if the user 0dcd6889-78b7-491c-8aa2-da18dde44570 already get close from Franklin Park Zoo
2023-09-27T16:51:42.733+02:00 DEBUG 7856 --- [pool-2-thread-1] c.o.tourguide.service.RewardsService     : Calculate distance between -71.086731/42.302601 and 46.94412990107779/70.0105461772483
2023-09-27T16:51:42.733+02:00 DEBUG 7856 --- [pool-2-thread-1] c.o.tourguide.service.RewardsService     : Checking if the user 0dcd6889-78b7-491c-8aa2-da18dde44570 already get close from El Paso Zoo
2023-09-27T16:51:42.733+02:00 DEBUG 7856 --- [pool-2-thread-1] c.o.tourguide.service.RewardsService     : Calculate distance between -106.44487/31.769125 and 46.94412990107779/70.0105461772483
2023-09-27T16:51:42.733+02:00 DEBUG 7856 --- [pool-2-thread-1] c.o.tourguide.service.RewardsService     : Checking if the user 0dcd6889-78b7-491c-8aa2-da18dde44570 already get close from Kansas City Zoo
2023-09-27T16:51:42.733+02:00 DEBUG 7856 --- [pool-2-thread-1] c.o.tourguide.service.RewardsService     : Calculate distance between -94.529625/39.007504 and 46.94412990107779/70.0105461772483
2023-09-27T16:51:42.733+02:00 DEBUG 7856 --- [pool-2-thread-1] c.o.tourguide.service.RewardsService     : Checking if the user 0dcd6889-78b7-491c-8aa2-da18dde44570 already get close from Bronx Zoo
2023-09-27T16:51:42.733+02:00 DEBUG 7856 --- [pool-2-thread-1] c.o.tourguide.service.RewardsService     : Calculate distance between -73.872971/40.852905 and 46.94412990107779/70.0105461772483
2023-09-27T16:51:42.733+02:00 DEBUG 7856 --- [pool-2-thread-1] c.o.tourguide.service.RewardsService     : Checking if the user 0dcd6889-78b7-491c-8aa2-da18dde44570 already get close from Cinderella Castle
2023-09-27T16:51:42.733+02:00 DEBUG 7856 --- [pool-2-thread-1] c.o.tourguide.service.RewardsService     : Calculate distance between -81.5812/28.419411 and 46.94412990107779/70.0105461772483
2023-09-27T16:51:42.733+02:00 DEBUG 7856 --- [pool-2-thread-1] c.o.tourguide.service.RewardsService     : Checking if the user 0dcd6889-78b7-491c-8aa2-da18dde44570 already get close from Disneyland
2023-09-27T16:51:42.733+02:00 DEBUG 7856 --- [pool-2-thread-1] c.o.tourguide.service.RewardsService     : Calculate distance between -117.922008/33.817595 and 73.707299/-56.470926
2023-09-27T16:51:42.733+02:00 DEBUG 7856 --- [pool-2-thread-1] c.o.tourguide.service.RewardsService     : Checking if the user 0dcd6889-78b7-491c-8aa2-da18dde44570 already get close from Jackson Hole
2023-09-27T16:51:42.733+02:00 DEBUG 7856 --- [pool-2-thread-1] c.o.tourguide.service.RewardsService     : Calculate distance between -110.821999/43.582767 and 73.707299/-56.470926
2023-09-27T16:51:42.733+02:00 DEBUG 7856 --- [pool-2-thread-1] c.o.tourguide.service.RewardsService     : Checking if the user 0dcd6889-78b7-491c-8aa2-da18dde44570 already get close from Mojave National Preserve
2023-09-27T16:51:42.733+02:00 DEBUG 7856 --- [pool-2-thread-1] c.o.tourguide.service.RewardsService     : Calculate distance between -115.510399/35.141689 and 73.707299/-56.470926
2023-09-27T16:51:42.733+02:00 DEBUG 7856 --- [pool-2-thread-1] c.o.tourguide.service.RewardsService     : Checking if the user 0dcd6889-78b7-491c-8aa2-da18dde44570 already get close from Joshua Tree National Park
2023-09-27T16:51:42.733+02:00 DEBUG 7856 --- [pool-2-thread-1] c.o.tourguide.service.RewardsService     : Calculate distance between -115.90065/33.881866 and 73.707299/-56.470926
2023-09-27T16:51:42.733+02:00 DEBUG 7856 --- [pool-2-thread-1] c.o.tourguide.service.RewardsService     : Checking if the user 0dcd6889-78b7-491c-8aa2-da18dde44570 already get close from Buffalo National River
2023-09-27T16:51:42.733+02:00 DEBUG 7856 --- [pool-2-thread-1] c.o.tourguide.service.RewardsService     : Calculate distance between -92.757652/35.985512 and 73.707299/-56.470926
2023-09-27T16:51:42.733+02:00 DEBUG 7856 --- [pool-2-thread-1] c.o.tourguide.service.RewardsService     : Checking if the user 0dcd6889-78b7-491c-8aa2-da18dde44570 already get close from Hot Springs National Park
2023-09-27T16:51:42.733+02:00 DEBUG 7856 --- [pool-2-thread-1] c.o.tourguide.service.RewardsService     : Calculate distance between -93.042267/34.52153 and 73.707299/-56.470926
2023-09-27T16:51:42.733+02:00 DEBUG 7856 --- [pool-2-thread-1] c.o.tourguide.service.RewardsService     : Checking if the user 0dcd6889-78b7-491c-8aa2-da18dde44570 already get close from Kartchner Caverns State Park
2023-09-27T16:51:42.733+02:00 DEBUG 7856 --- [pool-2-thread-1] c.o.tourguide.service.RewardsService     : Calculate distance between -110.347382/31.837551 and 73.707299/-56.470926
2023-09-27T16:51:42.733+02:00 DEBUG 7856 --- [pool-2-thread-1] c.o.tourguide.service.RewardsService     : Checking if the user 0dcd6889-78b7-491c-8aa2-da18dde44570 already get close from Legend Valley
2023-09-27T16:51:42.733+02:00 DEBUG 7856 --- [pool-2-thread-1] c.o.tourguide.service.RewardsService     : Calculate distance between -82.40667/39.937778 and 73.707299/-56.470926
2023-09-27T16:51:42.733+02:00 DEBUG 7856 --- [pool-2-thread-1] c.o.tourguide.service.RewardsService     : Checking if the user 0dcd6889-78b7-491c-8aa2-da18dde44570 already get close from Flowers Bakery of London
2023-09-27T16:51:42.733+02:00 DEBUG 7856 --- [pool-2-thread-1] c.o.tourguide.service.RewardsService     : Calculate distance between -84.07486/37.131527 and 73.707299/-56.470926
2023-09-27T16:51:42.733+02:00 DEBUG 7856 --- [pool-2-thread-1] c.o.tourguide.service.RewardsService     : Checking if the user 0dcd6889-78b7-491c-8aa2-da18dde44570 already get close from McKinley Tower
2023-09-27T16:51:42.733+02:00 DEBUG 7856 --- [pool-2-thread-1] c.o.tourguide.service.RewardsService     : Calculate distance between -149.877502/61.218887 and 73.707299/-56.470926
2023-09-27T16:51:42.733+02:00 DEBUG 7856 --- [pool-2-thread-1] c.o.tourguide.service.RewardsService     : Checking if the user 0dcd6889-78b7-491c-8aa2-da18dde44570 already get close from Flatiron Building
2023-09-27T16:51:42.733+02:00 DEBUG 7856 --- [pool-2-thread-1] c.o.tourguide.service.RewardsService     : Calculate distance between -73.989723/40.741112 and 73.707299/-56.470926
2023-09-27T16:51:42.733+02:00 DEBUG 7856 --- [pool-2-thread-1] c.o.tourguide.service.RewardsService     : Checking if the user 0dcd6889-78b7-491c-8aa2-da18dde44570 already get close from Fallingwater
2023-09-27T16:51:42.733+02:00 DEBUG 7856 --- [pool-2-thread-1] c.o.tourguide.service.RewardsService     : Calculate distance between -79.468056/39.906113 and 73.707299/-56.470926
2023-09-27T16:51:42.733+02:00 DEBUG 7856 --- [pool-2-thread-1] c.o.tourguide.service.RewardsService     : Checking if the user 0dcd6889-78b7-491c-8aa2-da18dde44570 already get close from Union Station
2023-09-27T16:51:42.733+02:00 DEBUG 7856 --- [pool-2-thread-1] c.o.tourguide.service.RewardsService     : Calculate distance between -77.006332/38.897095 and 73.707299/-56.470926
2023-09-27T16:51:42.733+02:00 DEBUG 7856 --- [pool-2-thread-1] c.o.tourguide.service.RewardsService     : Checking if the user 0dcd6889-78b7-491c-8aa2-da18dde44570 already get close from Roger Dean Stadium
2023-09-27T16:51:42.733+02:00 DEBUG 7856 --- [pool-2-thread-1] c.o.tourguide.service.RewardsService     : Calculate distance between -80.116577/26.890959 and 73.707299/-56.470926
2023-09-27T16:51:42.733+02:00 DEBUG 7856 --- [pool-2-thread-1] c.o.tourguide.service.RewardsService     : Checking if the user 0dcd6889-78b7-491c-8aa2-da18dde44570 already get close from Texas Memorial Stadium
2023-09-27T16:51:42.733+02:00 DEBUG 7856 --- [pool-2-thread-1] c.o.tourguide.service.RewardsService     : Calculate distance between -97.732536/30.283682 and 73.707299/-56.470926
2023-09-27T16:51:42.733+02:00 DEBUG 7856 --- [pool-2-thread-1] c.o.tourguide.service.RewardsService     : Checking if the user 0dcd6889-78b7-491c-8aa2-da18dde44570 already get close from Bryant-Denny Stadium
2023-09-27T16:51:42.733+02:00 DEBUG 7856 --- [pool-2-thread-1] c.o.tourguide.service.RewardsService     : Calculate distance between -87.550438/33.208973 and 73.707299/-56.470926
2023-09-27T16:51:42.733+02:00 DEBUG 7856 --- [pool-2-thread-1] c.o.tourguide.service.RewardsService     : Checking if the user 0dcd6889-78b7-491c-8aa2-da18dde44570 already get close from Tiger Stadium
2023-09-27T16:51:42.733+02:00 DEBUG 7856 --- [pool-2-thread-1] c.o.tourguide.service.RewardsService     : Calculate distance between -91.183815/30.412035 and 73.707299/-56.470926
2023-09-27T16:51:42.733+02:00 DEBUG 7856 --- [pool-2-thread-1] c.o.tourguide.service.RewardsService     : Checking if the user 0dcd6889-78b7-491c-8aa2-da18dde44570 already get close from Neyland Stadium
2023-09-27T16:51:42.733+02:00 DEBUG 7856 --- [pool-2-thread-1] c.o.tourguide.service.RewardsService     : Calculate distance between -83.925011/35.955013 and 73.707299/-56.470926
2023-09-27T16:51:42.733+02:00 DEBUG 7856 --- [pool-2-thread-1] c.o.tourguide.service.RewardsService     : Checking if the user 0dcd6889-78b7-491c-8aa2-da18dde44570 already get close from Kyle Field
2023-09-27T16:51:42.733+02:00 DEBUG 7856 --- [pool-2-thread-1] c.o.tourguide.service.RewardsService     : Calculate distance between -96.339844/30.61025 and 73.707299/-56.470926
2023-09-27T16:51:42.733+02:00 DEBUG 7856 --- [pool-2-thread-1] c.o.tourguide.service.RewardsService     : Checking if the user 0dcd6889-78b7-491c-8aa2-da18dde44570 already get close from San Diego Zoo
2023-09-27T16:51:42.733+02:00 DEBUG 7856 --- [pool-2-thread-1] c.o.tourguide.service.RewardsService     : Calculate distance between -117.149048/32.735317 and 73.707299/-56.470926
2023-09-27T16:51:42.733+02:00 DEBUG 7856 --- [pool-2-thread-1] c.o.tourguide.service.RewardsService     : Checking if the user 0dcd6889-78b7-491c-8aa2-da18dde44570 already get close from Zoo Tampa at Lowry Park
2023-09-27T16:51:42.733+02:00 DEBUG 7856 --- [pool-2-thread-1] c.o.tourguide.service.RewardsService     : Calculate distance between -82.469269/28.012804 and 73.707299/-56.470926
2023-09-27T16:51:42.733+02:00 DEBUG 7856 --- [pool-2-thread-1] c.o.tourguide.service.RewardsService     : Checking if the user 0dcd6889-78b7-491c-8aa2-da18dde44570 already get close from Franklin Park Zoo
2023-09-27T16:51:42.733+02:00 DEBUG 7856 --- [pool-2-thread-1] c.o.tourguide.service.RewardsService     : Calculate distance between -71.086731/42.302601 and 73.707299/-56.470926
2023-09-27T16:51:42.733+02:00 DEBUG 7856 --- [pool-2-thread-1] c.o.tourguide.service.RewardsService     : Checking if the user 0dcd6889-78b7-491c-8aa2-da18dde44570 already get close from El Paso Zoo
2023-09-27T16:51:42.733+02:00 DEBUG 7856 --- [pool-2-thread-1] c.o.tourguide.service.RewardsService     : Calculate distance between -106.44487/31.769125 and 73.707299/-56.470926
2023-09-27T16:51:42.733+02:00 DEBUG 7856 --- [pool-2-thread-1] c.o.tourguide.service.RewardsService     : Checking if the user 0dcd6889-78b7-491c-8aa2-da18dde44570 already get close from Kansas City Zoo
2023-09-27T16:51:42.733+02:00 DEBUG 7856 --- [pool-2-thread-1] c.o.tourguide.service.RewardsService     : Calculate distance between -94.529625/39.007504 and 73.707299/-56.470926
2023-09-27T16:51:42.733+02:00 DEBUG 7856 --- [pool-2-thread-1] c.o.tourguide.service.RewardsService     : Checking if the user 0dcd6889-78b7-491c-8aa2-da18dde44570 already get close from Bronx Zoo
2023-09-27T16:51:42.733+02:00 DEBUG 7856 --- [pool-2-thread-1] c.o.tourguide.service.RewardsService     : Calculate distance between -73.872971/40.852905 and 73.707299/-56.470926
2023-09-27T16:51:42.733+02:00 DEBUG 7856 --- [pool-2-thread-1] c.o.tourguide.service.RewardsService     : Checking if the user 0dcd6889-78b7-491c-8aa2-da18dde44570 already get close from Cinderella Castle
2023-09-27T16:51:42.733+02:00 DEBUG 7856 --- [pool-2-thread-1] c.o.tourguide.service.RewardsService     : Calculate distance between -81.5812/28.419411 and 73.707299/-56.470926
2023-09-27T16:51:42.733+02:00 DEBUG 7856 --- [pool-2-thread-1] c.o.tourguide.service.RewardsService     : Checking if the user 0dcd6889-78b7-491c-8aa2-da18dde44570 already get close from Disneyland
2023-09-27T16:51:42.733+02:00 DEBUG 7856 --- [pool-2-thread-1] c.o.tourguide.service.RewardsService     : Calculate distance between -117.922008/33.817595 and 153.492488/42.111318
2023-09-27T16:51:42.733+02:00 DEBUG 7856 --- [pool-2-thread-1] c.o.tourguide.service.RewardsService     : Checking if the user 0dcd6889-78b7-491c-8aa2-da18dde44570 already get close from Jackson Hole
2023-09-27T16:51:42.733+02:00 DEBUG 7856 --- [pool-2-thread-1] c.o.tourguide.service.RewardsService     : Calculate distance between -110.821999/43.582767 and 153.492488/42.111318
2023-09-27T16:51:42.733+02:00 DEBUG 7856 --- [pool-2-thread-1] c.o.tourguide.service.RewardsService     : Checking if the user 0dcd6889-78b7-491c-8aa2-da18dde44570 already get close from Mojave National Preserve
2023-09-27T16:51:42.733+02:00 DEBUG 7856 --- [pool-2-thread-1] c.o.tourguide.service.RewardsService     : Calculate distance between -115.510399/35.141689 and 153.492488/42.111318
2023-09-27T16:51:42.733+02:00 DEBUG 7856 --- [pool-2-thread-1] c.o.tourguide.service.RewardsService     : Checking if the user 0dcd6889-78b7-491c-8aa2-da18dde44570 already get close from Joshua Tree National Park
2023-09-27T16:51:42.733+02:00 DEBUG 7856 --- [pool-2-thread-1] c.o.tourguide.service.RewardsService     : Calculate distance between -115.90065/33.881866 and 153.492488/42.111318
2023-09-27T16:51:42.733+02:00 DEBUG 7856 --- [pool-2-thread-1] c.o.tourguide.service.RewardsService     : Checking if the user 0dcd6889-78b7-491c-8aa2-da18dde44570 already get close from Buffalo National River
2023-09-27T16:51:42.733+02:00 DEBUG 7856 --- [pool-2-thread-1] c.o.tourguide.service.RewardsService     : Calculate distance between -92.757652/35.985512 and 153.492488/42.111318
2023-09-27T16:51:42.733+02:00 DEBUG 7856 --- [pool-2-thread-1] c.o.tourguide.service.RewardsService     : Checking if the user 0dcd6889-78b7-491c-8aa2-da18dde44570 already get close from Hot Springs National Park
2023-09-27T16:51:42.733+02:00 DEBUG 7856 --- [pool-2-thread-1] c.o.tourguide.service.RewardsService     : Calculate distance between -93.042267/34.52153 and 153.492488/42.111318
2023-09-27T16:51:42.733+02:00 DEBUG 7856 --- [pool-2-thread-1] c.o.tourguide.service.RewardsService     : Checking if the user 0dcd6889-78b7-491c-8aa2-da18dde44570 already get close from Kartchner Caverns State Park
2023-09-27T16:51:42.733+02:00 DEBUG 7856 --- [pool-2-thread-1] c.o.tourguide.service.RewardsService     : Calculate distance between -110.347382/31.837551 and 153.492488/42.111318
2023-09-27T16:51:42.733+02:00 DEBUG 7856 --- [pool-2-thread-1] c.o.tourguide.service.RewardsService     : Checking if the user 0dcd6889-78b7-491c-8aa2-da18dde44570 already get close from Legend Valley
2023-09-27T16:51:42.733+02:00 DEBUG 7856 --- [pool-2-thread-1] c.o.tourguide.service.RewardsService     : Calculate distance between -82.40667/39.937778 and 153.492488/42.111318
2023-09-27T16:51:42.733+02:00 DEBUG 7856 --- [pool-2-thread-1] c.o.tourguide.service.RewardsService     : Checking if the user 0dcd6889-78b7-491c-8aa2-da18dde44570 already get close from Flowers Bakery of London
2023-09-27T16:51:42.733+02:00 DEBUG 7856 --- [pool-2-thread-1] c.o.tourguide.service.RewardsService     : Calculate distance between -84.07486/37.131527 and 153.492488/42.111318
2023-09-27T16:51:42.733+02:00 DEBUG 7856 --- [pool-2-thread-1] c.o.tourguide.service.RewardsService     : Checking if the user 0dcd6889-78b7-491c-8aa2-da18dde44570 already get close from McKinley Tower
2023-09-27T16:51:42.733+02:00 DEBUG 7856 --- [pool-2-thread-1] c.o.tourguide.service.RewardsService     : Calculate distance between -149.877502/61.218887 and 153.492488/42.111318
2023-09-27T16:51:42.733+02:00 DEBUG 7856 --- [pool-2-thread-1] c.o.tourguide.service.RewardsService     : Checking if the user 0dcd6889-78b7-491c-8aa2-da18dde44570 already get close from Flatiron Building
2023-09-27T16:51:42.733+02:00 DEBUG 7856 --- [pool-2-thread-1] c.o.tourguide.service.RewardsService     : Calculate distance between -73.989723/40.741112 and 153.492488/42.111318
2023-09-27T16:51:42.733+02:00 DEBUG 7856 --- [pool-2-thread-1] c.o.tourguide.service.RewardsService     : Checking if the user 0dcd6889-78b7-491c-8aa2-da18dde44570 already get close from Fallingwater
2023-09-27T16:51:42.733+02:00 DEBUG 7856 --- [pool-2-thread-1] c.o.tourguide.service.RewardsService     : Calculate distance between -79.468056/39.906113 and 153.492488/42.111318
2023-09-27T16:51:42.733+02:00 DEBUG 7856 --- [pool-2-thread-1] c.o.tourguide.service.RewardsService     : Checking if the user 0dcd6889-78b7-491c-8aa2-da18dde44570 already get close from Union Station
2023-09-27T16:51:42.733+02:00 DEBUG 7856 --- [pool-2-thread-1] c.o.tourguide.service.RewardsService     : Calculate distance between -77.006332/38.897095 and 153.492488/42.111318
2023-09-27T16:51:42.733+02:00 DEBUG 7856 --- [pool-2-thread-1] c.o.tourguide.service.RewardsService     : Checking if the user 0dcd6889-78b7-491c-8aa2-da18dde44570 already get close from Roger Dean Stadium
2023-09-27T16:51:42.733+02:00 DEBUG 7856 --- [pool-2-thread-1] c.o.tourguide.service.RewardsService     : Calculate distance between -80.116577/26.890959 and 153.492488/42.111318
2023-09-27T16:51:42.733+02:00 DEBUG 7856 --- [pool-2-thread-1] c.o.tourguide.service.RewardsService     : Checking if the user 0dcd6889-78b7-491c-8aa2-da18dde44570 already get close from Texas Memorial Stadium
2023-09-27T16:51:42.733+02:00 DEBUG 7856 --- [pool-2-thread-1] c.o.tourguide.service.RewardsService     : Calculate distance between -97.732536/30.283682 and 153.492488/42.111318
2023-09-27T16:51:42.733+02:00 DEBUG 7856 --- [pool-2-thread-1] c.o.tourguide.service.RewardsService     : Checking if the user 0dcd6889-78b7-491c-8aa2-da18dde44570 already get close from Bryant-Denny Stadium
2023-09-27T16:51:42.733+02:00 DEBUG 7856 --- [pool-2-thread-1] c.o.tourguide.service.RewardsService     : Calculate distance between -87.550438/33.208973 and 153.492488/42.111318
2023-09-27T16:51:42.733+02:00 DEBUG 7856 --- [pool-2-thread-1] c.o.tourguide.service.RewardsService     : Checking if the user 0dcd6889-78b7-491c-8aa2-da18dde44570 already get close from Tiger Stadium
2023-09-27T16:51:42.733+02:00 DEBUG 7856 --- [pool-2-thread-1] c.o.tourguide.service.RewardsService     : Calculate distance between -91.183815/30.412035 and 153.492488/42.111318
2023-09-27T16:51:42.733+02:00 DEBUG 7856 --- [pool-2-thread-1] c.o.tourguide.service.RewardsService     : Checking if the user 0dcd6889-78b7-491c-8aa2-da18dde44570 already get close from Neyland Stadium
2023-09-27T16:51:42.733+02:00 DEBUG 7856 --- [pool-2-thread-1] c.o.tourguide.service.RewardsService     : Calculate distance between -83.925011/35.955013 and 153.492488/42.111318
2023-09-27T16:51:42.733+02:00 DEBUG 7856 --- [pool-2-thread-1] c.o.tourguide.service.RewardsService     : Checking if the user 0dcd6889-78b7-491c-8aa2-da18dde44570 already get close from Kyle Field
2023-09-27T16:51:42.733+02:00 DEBUG 7856 --- [pool-2-thread-1] c.o.tourguide.service.RewardsService     : Calculate distance between -96.339844/30.61025 and 153.492488/42.111318
2023-09-27T16:51:42.733+02:00 DEBUG 7856 --- [pool-2-thread-1] c.o.tourguide.service.RewardsService     : Checking if the user 0dcd6889-78b7-491c-8aa2-da18dde44570 already get close from San Diego Zoo
2023-09-27T16:51:42.733+02:00 DEBUG 7856 --- [pool-2-thread-1] c.o.tourguide.service.RewardsService     : Calculate distance between -117.149048/32.735317 and 153.492488/42.111318
2023-09-27T16:51:42.733+02:00 DEBUG 7856 --- [pool-2-thread-1] c.o.tourguide.service.RewardsService     : Checking if the user 0dcd6889-78b7-491c-8aa2-da18dde44570 already get close from Zoo Tampa at Lowry Park
2023-09-27T16:51:42.733+02:00 DEBUG 7856 --- [pool-2-thread-1] c.o.tourguide.service.RewardsService     : Calculate distance between -82.469269/28.012804 and 153.492488/42.111318
2023-09-27T16:51:42.733+02:00 DEBUG 7856 --- [pool-2-thread-1] c.o.tourguide.service.RewardsService     : Checking if the user 0dcd6889-78b7-491c-8aa2-da18dde44570 already get close from Franklin Park Zoo
2023-09-27T16:51:42.733+02:00 DEBUG 7856 --- [pool-2-thread-1] c.o.tourguide.service.RewardsService     : Calculate distance between -71.086731/42.302601 and 153.492488/42.111318
2023-09-27T16:51:42.733+02:00 DEBUG 7856 --- [pool-2-thread-1] c.o.tourguide.service.RewardsService     : Checking if the user 0dcd6889-78b7-491c-8aa2-da18dde44570 already get close from El Paso Zoo
2023-09-27T16:51:42.733+02:00 DEBUG 7856 --- [pool-2-thread-1] c.o.tourguide.service.RewardsService     : Calculate distance between -106.44487/31.769125 and 153.492488/42.111318
2023-09-27T16:51:42.733+02:00 DEBUG 7856 --- [pool-2-thread-1] c.o.tourguide.service.RewardsService     : Checking if the user 0dcd6889-78b7-491c-8aa2-da18dde44570 already get close from Kansas City Zoo
2023-09-27T16:51:42.734+02:00 DEBUG 7856 --- [pool-2-thread-1] c.o.tourguide.service.RewardsService     : Calculate distance between -94.529625/39.007504 and 153.492488/42.111318
2023-09-27T16:51:42.734+02:00 DEBUG 7856 --- [pool-2-thread-1] c.o.tourguide.service.RewardsService     : Checking if the user 0dcd6889-78b7-491c-8aa2-da18dde44570 already get close from Bronx Zoo
2023-09-27T16:51:42.734+02:00 DEBUG 7856 --- [pool-2-thread-1] c.o.tourguide.service.RewardsService     : Calculate distance between -73.872971/40.852905 and 153.492488/42.111318
2023-09-27T16:51:42.734+02:00 DEBUG 7856 --- [pool-2-thread-1] c.o.tourguide.service.RewardsService     : Checking if the user 0dcd6889-78b7-491c-8aa2-da18dde44570 already get close from Cinderella Castle
2023-09-27T16:51:42.734+02:00 DEBUG 7856 --- [pool-2-thread-1] c.o.tourguide.service.RewardsService     : Calculate distance between -81.5812/28.419411 and 153.492488/42.111318
2023-09-27T16:51:42.734+02:00 DEBUG 7856 --- [pool-2-thread-1] c.o.tourguide.service.RewardsService     : Trying to add 0 rewards
]]></system-out>
  </testcase>
</testsuite>