<?xml version="1.0" encoding="UTF-8"?>
<testsuite xmlns:xsi="http://www.w3.org/2001/XMLSchema-instance" xsi:noNamespaceSchemaLocation="https://maven.apache.org/surefire/maven-surefire-plugin/xsd/surefire-test-report-3.0.xsd" version="3.0" name="com.openclassrooms.tourguide.TestRewardsService" time="15.913" tests="3" errors="0" skipped="0" failures="0">
  <properties>
    <property name="java.specification.version" value="17"/>
    <property name="sun.cpu.isalist" value="amd64"/>
    <property name="sun.jnu.encoding" value="Cp1252"/>
    <property name="java.class.path" value="C:\Users\simon\eclipse-workspace\TourGuide\target\test-classes;C:\Users\simon\eclipse-workspace\TourGuide\target\classes;C:\Users\simon\.m2\repository\org\springframework\boot\spring-boot-starter-actuator\3.1.1\spring-boot-starter-actuator-3.1.1.jar;C:\Users\simon\.m2\repository\org\springframework\boot\spring-boot-starter\3.1.1\spring-boot-starter-3.1.1.jar;C:\Users\simon\.m2\repository\org\springframework\boot\spring-boot\3.1.1\spring-boot-3.1.1.jar;C:\Users\simon\.m2\repository\org\springframework\boot\spring-boot-autoconfigure\3.1.1\spring-boot-autoconfigure-3.1.1.jar;C:\Users\simon\.m2\repository\org\springframework\boot\spring-boot-starter-logging\3.1.1\spring-boot-starter-logging-3.1.1.jar;C:\Users\simon\.m2\repository\ch\qos\logback\logback-classic\1.4.8\logback-classic-1.4.8.jar;C:\Users\simon\.m2\repository\ch\qos\logback\logback-core\1.4.8\logback-core-1.4.8.jar;C:\Users\simon\.m2\repository\org\apache\logging\log4j\log4j-to-slf4j\2.20.0\log4j-to-slf4j-2.20.0.jar;C:\Users\simon\.m2\repository\org\apache\logging\log4j\log4j-api\2.20.0\log4j-api-2.20.0.jar;C:\Users\simon\.m2\repository\org\slf4j\jul-to-slf4j\2.0.7\jul-to-slf4j-2.0.7.jar;C:\Users\simon\.m2\repository\jakarta\annotation\jakarta.annotation-api\2.1.1\jakarta.annotation-api-2.1.1.jar;C:\Users\simon\.m2\repository\org\yaml\snakeyaml\1.33\snakeyaml-1.33.jar;C:\Users\simon\.m2\repository\org\springframework\boot\spring-boot-actuator-autoconfigure\3.1.1\spring-boot-actuator-autoconfigure-3.1.1.jar;C:\Users\simon\.m2\repository\org\springframework\boot\spring-boot-actuator\3.1.1\spring-boot-actuator-3.1.1.jar;C:\Users\simon\.m2\repository\com\fasterxml\jackson\core\jackson-databind\2.15.2\jackson-databind-2.15.2.jar;C:\Users\simon\.m2\repository\com\fasterxml\jackson\core\jackson-annotations\2.15.2\jackson-annotations-2.15.2.jar;C:\Users\simon\.m2\repository\com\fasterxml\jackson\core\jackson-core\2.15.2\jackson-core-2.15.2.jar;C:\Users\simon\.m2\repository\com\fasterxml\jackson\datatype\jackson-datatype-jsr310\2.15.2\jackson-datatype-jsr310-2.15.2.jar;C:\Users\simon\.m2\repository\io\micrometer\micrometer-observation\1.11.1\micrometer-observation-1.11.1.jar;C:\Users\simon\.m2\repository\io\micrometer\micrometer-commons\1.11.1\micrometer-commons-1.11.1.jar;C:\Users\simon\.m2\repository\io\micrometer\micrometer-core\1.11.1\micrometer-core-1.11.1.jar;C:\Users\simon\.m2\repository\org\hdrhistogram\HdrHistogram\2.1.12\HdrHistogram-2.1.12.jar;C:\Users\simon\.m2\repository\org\latencyutils\LatencyUtils\2.0.3\LatencyUtils-2.0.3.jar;C:\Users\simon\.m2\repository\org\springframework\boot\spring-boot-starter-validation\3.1.1\spring-boot-starter-validation-3.1.1.jar;C:\Users\simon\.m2\repository\org\apache\tomcat\embed\tomcat-embed-el\10.1.10\tomcat-embed-el-10.1.10.jar;C:\Users\simon\.m2\repository\org\hibernate\validator\hibernate-validator\8.0.0.Final\hibernate-validator-8.0.0.Final.jar;C:\Users\simon\.m2\repository\jakarta\validation\jakarta.validation-api\3.0.2\jakarta.validation-api-3.0.2.jar;C:\Users\simon\.m2\repository\org\jboss\logging\jboss-logging\3.5.1.Final\jboss-logging-3.5.1.Final.jar;C:\Users\simon\.m2\repository\com\fasterxml\classmate\1.5.1\classmate-1.5.1.jar;C:\Users\simon\.m2\repository\org\springframework\boot\spring-boot-starter-web\3.1.1\spring-boot-starter-web-3.1.1.jar;C:\Users\simon\.m2\repository\org\springframework\boot\spring-boot-starter-json\3.1.1\spring-boot-starter-json-3.1.1.jar;C:\Users\simon\.m2\repository\com\fasterxml\jackson\datatype\jackson-datatype-jdk8\2.15.2\jackson-datatype-jdk8-2.15.2.jar;C:\Users\simon\.m2\repository\com\fasterxml\jackson\module\jackson-module-parameter-names\2.15.2\jackson-module-parameter-names-2.15.2.jar;C:\Users\simon\.m2\repository\org\springframework\boot\spring-boot-starter-tomcat\3.1.1\spring-boot-starter-tomcat-3.1.1.jar;C:\Users\simon\.m2\repository\org\apache\tomcat\embed\tomcat-embed-core\10.1.10\tomcat-embed-core-10.1.10.jar;C:\Users\simon\.m2\repository\org\apache\tomcat\embed\tomcat-embed-websocket\10.1.10\tomcat-embed-websocket-10.1.10.jar;C:\Users\simon\.m2\repository\org\springframework\spring-web\6.0.10\spring-web-6.0.10.jar;C:\Users\simon\.m2\repository\org\springframework\spring-beans\6.0.10\spring-beans-6.0.10.jar;C:\Users\simon\.m2\repository\org\springframework\spring-webmvc\6.0.10\spring-webmvc-6.0.10.jar;C:\Users\simon\.m2\repository\org\springframework\spring-aop\6.0.10\spring-aop-6.0.10.jar;C:\Users\simon\.m2\repository\org\springframework\spring-context\6.0.10\spring-context-6.0.10.jar;C:\Users\simon\.m2\repository\org\springframework\spring-expression\6.0.10\spring-expression-6.0.10.jar;C:\Users\simon\.m2\repository\org\springframework\boot\spring-boot-starter-test\3.1.1\spring-boot-starter-test-3.1.1.jar;C:\Users\simon\.m2\repository\org\springframework\boot\spring-boot-test\3.1.1\spring-boot-test-3.1.1.jar;C:\Users\simon\.m2\repository\org\springframework\boot\spring-boot-test-autoconfigure\3.1.1\spring-boot-test-autoconfigure-3.1.1.jar;C:\Users\simon\.m2\repository\com\jayway\jsonpath\json-path\2.8.0\json-path-2.8.0.jar;C:\Users\simon\.m2\repository\jakarta\xml\bind\jakarta.xml.bind-api\4.0.0\jakarta.xml.bind-api-4.0.0.jar;C:\Users\simon\.m2\repository\jakarta\activation\jakarta.activation-api\2.1.2\jakarta.activation-api-2.1.2.jar;C:\Users\simon\.m2\repository\net\minidev\json-smart\2.4.11\json-smart-2.4.11.jar;C:\Users\simon\.m2\repository\net\minidev\accessors-smart\2.4.11\accessors-smart-2.4.11.jar;C:\Users\simon\.m2\repository\org\assertj\assertj-core\3.24.2\assertj-core-3.24.2.jar;C:\Users\simon\.m2\repository\net\bytebuddy\byte-buddy\1.14.5\byte-buddy-1.14.5.jar;C:\Users\simon\.m2\repository\org\hamcrest\hamcrest\2.2\hamcrest-2.2.jar;C:\Users\simon\.m2\repository\org\junit\jupiter\junit-jupiter\5.9.3\junit-jupiter-5.9.3.jar;C:\Users\simon\.m2\repository\org\junit\jupiter\junit-jupiter-params\5.9.3\junit-jupiter-params-5.9.3.jar;C:\Users\simon\.m2\repository\org\junit\jupiter\junit-jupiter-engine\5.9.3\junit-jupiter-engine-5.9.3.jar;C:\Users\simon\.m2\repository\org\junit\platform\junit-platform-engine\1.9.3\junit-platform-engine-1.9.3.jar;C:\Users\simon\.m2\repository\org\mockito\mockito-core\5.3.1\mockito-core-5.3.1.jar;C:\Users\simon\.m2\repository\net\bytebuddy\byte-buddy-agent\1.14.5\byte-buddy-agent-1.14.5.jar;C:\Users\simon\.m2\repository\org\objenesis\objenesis\3.3\objenesis-3.3.jar;C:\Users\simon\.m2\repository\org\mockito\mockito-junit-jupiter\5.3.1\mockito-junit-jupiter-5.3.1.jar;C:\Users\simon\.m2\repository\org\skyscreamer\jsonassert\1.5.1\jsonassert-1.5.1.jar;C:\Users\simon\.m2\repository\com\vaadin\external\google\android-json\0.0.20131108.vaadin1\android-json-0.0.20131108.vaadin1.jar;C:\Users\simon\.m2\repository\org\springframework\spring-core\6.0.10\spring-core-6.0.10.jar;C:\Users\simon\.m2\repository\org\springframework\spring-jcl\6.0.10\spring-jcl-6.0.10.jar;C:\Users\simon\.m2\repository\org\springframework\spring-test\6.0.10\spring-test-6.0.10.jar;C:\Users\simon\.m2\repository\org\xmlunit\xmlunit-core\2.9.1\xmlunit-core-2.9.1.jar;C:\Users\simon\.m2\repository\org\apache\commons\commons-lang3\3.12.0\commons-lang3-3.12.0.jar;C:\Users\simon\.m2\repository\org\junit\jupiter\junit-jupiter-api\5.9.3\junit-jupiter-api-5.9.3.jar;C:\Users\simon\.m2\repository\org\opentest4j\opentest4j\1.2.0\opentest4j-1.2.0.jar;C:\Users\simon\.m2\repository\org\junit\platform\junit-platform-commons\1.9.3\junit-platform-commons-1.9.3.jar;C:\Users\simon\.m2\repository\org\apiguardian\apiguardian-api\1.1.2\apiguardian-api-1.1.2.jar;C:\Users\simon\.m2\repository\org\jacoco\jacoco-maven-plugin\0.8.10\jacoco-maven-plugin-0.8.10.jar;C:\Users\simon\.m2\repository\org\codehaus\plexus\plexus-utils\3.0.24\plexus-utils-3.0.24.jar;C:\Users\simon\.m2\repository\org\apache\maven\shared\file-management\1.2.1\file-management-1.2.1.jar;C:\Users\simon\.m2\repository\org\apache\maven\maven-plugin-api\2.0.6\maven-plugin-api-2.0.6.jar;C:\Users\simon\.m2\repository\org\apache\maven\shared\maven-shared-io\1.1\maven-shared-io-1.1.jar;C:\Users\simon\.m2\repository\org\apache\maven\maven-artifact\2.0.2\maven-artifact-2.0.2.jar;C:\Users\simon\.m2\repository\org\apache\maven\maven-artifact-manager\2.0.2\maven-artifact-manager-2.0.2.jar;C:\Users\simon\.m2\repository\org\apache\maven\maven-repository-metadata\2.0.2\maven-repository-metadata-2.0.2.jar;C:\Users\simon\.m2\repository\org\apache\maven\wagon\wagon-provider-api\1.0-alpha-6\wagon-provider-api-1.0-alpha-6.jar;C:\Users\simon\.m2\repository\org\codehaus\plexus\plexus-container-default\1.0-alpha-9\plexus-container-default-1.0-alpha-9.jar;C:\Users\simon\.m2\repository\junit\junit\4.13.2\junit-4.13.2.jar;C:\Users\simon\.m2\repository\org\hamcrest\hamcrest-core\2.2\hamcrest-core-2.2.jar;C:\Users\simon\.m2\repository\classworlds\classworlds\1.1-alpha-2\classworlds-1.1-alpha-2.jar;C:\Users\simon\.m2\repository\org\apache\maven\reporting\maven-reporting-api\3.0\maven-reporting-api-3.0.jar;C:\Users\simon\.m2\repository\org\apache\maven\doxia\doxia-sink-api\1.0\doxia-sink-api-1.0.jar;C:\Users\simon\.m2\repository\org\jacoco\org.jacoco.agent\0.8.10\org.jacoco.agent-0.8.10-runtime.jar;C:\Users\simon\.m2\repository\org\jacoco\org.jacoco.core\0.8.10\org.jacoco.core-0.8.10.jar;C:\Users\simon\.m2\repository\org\ow2\asm\asm\9.5\asm-9.5.jar;C:\Users\simon\.m2\repository\org\ow2\asm\asm-commons\9.5\asm-commons-9.5.jar;C:\Users\simon\.m2\repository\org\ow2\asm\asm-tree\9.5\asm-tree-9.5.jar;C:\Users\simon\.m2\repository\org\jacoco\org.jacoco.report\0.8.10\org.jacoco.report-0.8.10.jar;C:\Users\simon\.m2\repository\gpsUtil\gpsUtil\1.0.0\gpsUtil-1.0.0.jar;C:\Users\simon\.m2\repository\com\google\code\findbugs\jsr305\1.3.9\jsr305-1.3.9.jar;C:\Users\simon\.m2\repository\com\google\errorprone\error_prone_annotations\2.0.18\error_prone_annotations-2.0.18.jar;C:\Users\simon\.m2\repository\com\google\j2objc\j2objc-annotations\1.1\j2objc-annotations-1.1.jar;C:\Users\simon\.m2\repository\org\codehaus\mojo\animal-sniffer-annotations\1.14\animal-sniffer-annotations-1.14.jar;C:\Users\simon\.m2\repository\tripPricer\tripPricer\1.0.0\tripPricer-1.0.0.jar;C:\Users\simon\.m2\repository\rewardCentral\rewardCentral\1.0.0\rewardCentral-1.0.0.jar;C:\Users\simon\.m2\repository\org\testng\testng\7.8.0\testng-7.8.0.jar;C:\Users\simon\.m2\repository\org\slf4j\slf4j-api\2.0.7\slf4j-api-2.0.7.jar;C:\Users\simon\.m2\repository\com\beust\jcommander\1.82\jcommander-1.82.jar;C:\Users\simon\.m2\repository\org\webjars\jquery\3.6.1\jquery-3.6.1.jar;"/>
    <property name="java.vm.vendor" value="Oracle Corporation"/>
    <property name="sun.arch.data.model" value="64"/>
    <property name="user.variant" value=""/>
    <property name="java.vendor.url" value="https://java.oracle.com/"/>
    <property name="user.timezone" value="Europe/Paris"/>
    <property name="os.name" value="Windows 11"/>
    <property name="java.vm.specification.version" value="17"/>
    <property name="sun.java.launcher" value="SUN_STANDARD"/>
    <property name="user.country" value="FR"/>
    <property name="sun.boot.library.path" value="C:\Program Files\Java\jdk-17\bin"/>
    <property name="sun.java.command" value="C:\Users\simon\AppData\Local\Temp\surefire12973338886662756773\surefirebooter-20230925105303238_3.jar C:\Users\simon\AppData\Local\Temp\surefire12973338886662756773 2023-09-25T10-53-03_103-jvmRun1 surefire-20230925105303238_1tmp surefire_0-20230925105303238_2tmp"/>
    <property name="jdk.debug" value="release"/>
    <property name="surefire.test.class.path" value="C:\Users\simon\eclipse-workspace\TourGuide\target\test-classes;C:\Users\simon\eclipse-workspace\TourGuide\target\classes;C:\Users\simon\.m2\repository\org\springframework\boot\spring-boot-starter-actuator\3.1.1\spring-boot-starter-actuator-3.1.1.jar;C:\Users\simon\.m2\repository\org\springframework\boot\spring-boot-starter\3.1.1\spring-boot-starter-3.1.1.jar;C:\Users\simon\.m2\repository\org\springframework\boot\spring-boot\3.1.1\spring-boot-3.1.1.jar;C:\Users\simon\.m2\repository\org\springframework\boot\spring-boot-autoconfigure\3.1.1\spring-boot-autoconfigure-3.1.1.jar;C:\Users\simon\.m2\repository\org\springframework\boot\spring-boot-starter-logging\3.1.1\spring-boot-starter-logging-3.1.1.jar;C:\Users\simon\.m2\repository\ch\qos\logback\logback-classic\1.4.8\logback-classic-1.4.8.jar;C:\Users\simon\.m2\repository\ch\qos\logback\logback-core\1.4.8\logback-core-1.4.8.jar;C:\Users\simon\.m2\repository\org\apache\logging\log4j\log4j-to-slf4j\2.20.0\log4j-to-slf4j-2.20.0.jar;C:\Users\simon\.m2\repository\org\apache\logging\log4j\log4j-api\2.20.0\log4j-api-2.20.0.jar;C:\Users\simon\.m2\repository\org\slf4j\jul-to-slf4j\2.0.7\jul-to-slf4j-2.0.7.jar;C:\Users\simon\.m2\repository\jakarta\annotation\jakarta.annotation-api\2.1.1\jakarta.annotation-api-2.1.1.jar;C:\Users\simon\.m2\repository\org\yaml\snakeyaml\1.33\snakeyaml-1.33.jar;C:\Users\simon\.m2\repository\org\springframework\boot\spring-boot-actuator-autoconfigure\3.1.1\spring-boot-actuator-autoconfigure-3.1.1.jar;C:\Users\simon\.m2\repository\org\springframework\boot\spring-boot-actuator\3.1.1\spring-boot-actuator-3.1.1.jar;C:\Users\simon\.m2\repository\com\fasterxml\jackson\core\jackson-databind\2.15.2\jackson-databind-2.15.2.jar;C:\Users\simon\.m2\repository\com\fasterxml\jackson\core\jackson-annotations\2.15.2\jackson-annotations-2.15.2.jar;C:\Users\simon\.m2\repository\com\fasterxml\jackson\core\jackson-core\2.15.2\jackson-core-2.15.2.jar;C:\Users\simon\.m2\repository\com\fasterxml\jackson\datatype\jackson-datatype-jsr310\2.15.2\jackson-datatype-jsr310-2.15.2.jar;C:\Users\simon\.m2\repository\io\micrometer\micrometer-observation\1.11.1\micrometer-observation-1.11.1.jar;C:\Users\simon\.m2\repository\io\micrometer\micrometer-commons\1.11.1\micrometer-commons-1.11.1.jar;C:\Users\simon\.m2\repository\io\micrometer\micrometer-core\1.11.1\micrometer-core-1.11.1.jar;C:\Users\simon\.m2\repository\org\hdrhistogram\HdrHistogram\2.1.12\HdrHistogram-2.1.12.jar;C:\Users\simon\.m2\repository\org\latencyutils\LatencyUtils\2.0.3\LatencyUtils-2.0.3.jar;C:\Users\simon\.m2\repository\org\springframework\boot\spring-boot-starter-validation\3.1.1\spring-boot-starter-validation-3.1.1.jar;C:\Users\simon\.m2\repository\org\apache\tomcat\embed\tomcat-embed-el\10.1.10\tomcat-embed-el-10.1.10.jar;C:\Users\simon\.m2\repository\org\hibernate\validator\hibernate-validator\8.0.0.Final\hibernate-validator-8.0.0.Final.jar;C:\Users\simon\.m2\repository\jakarta\validation\jakarta.validation-api\3.0.2\jakarta.validation-api-3.0.2.jar;C:\Users\simon\.m2\repository\org\jboss\logging\jboss-logging\3.5.1.Final\jboss-logging-3.5.1.Final.jar;C:\Users\simon\.m2\repository\com\fasterxml\classmate\1.5.1\classmate-1.5.1.jar;C:\Users\simon\.m2\repository\org\springframework\boot\spring-boot-starter-web\3.1.1\spring-boot-starter-web-3.1.1.jar;C:\Users\simon\.m2\repository\org\springframework\boot\spring-boot-starter-json\3.1.1\spring-boot-starter-json-3.1.1.jar;C:\Users\simon\.m2\repository\com\fasterxml\jackson\datatype\jackson-datatype-jdk8\2.15.2\jackson-datatype-jdk8-2.15.2.jar;C:\Users\simon\.m2\repository\com\fasterxml\jackson\module\jackson-module-parameter-names\2.15.2\jackson-module-parameter-names-2.15.2.jar;C:\Users\simon\.m2\repository\org\springframework\boot\spring-boot-starter-tomcat\3.1.1\spring-boot-starter-tomcat-3.1.1.jar;C:\Users\simon\.m2\repository\org\apache\tomcat\embed\tomcat-embed-core\10.1.10\tomcat-embed-core-10.1.10.jar;C:\Users\simon\.m2\repository\org\apache\tomcat\embed\tomcat-embed-websocket\10.1.10\tomcat-embed-websocket-10.1.10.jar;C:\Users\simon\.m2\repository\org\springframework\spring-web\6.0.10\spring-web-6.0.10.jar;C:\Users\simon\.m2\repository\org\springframework\spring-beans\6.0.10\spring-beans-6.0.10.jar;C:\Users\simon\.m2\repository\org\springframework\spring-webmvc\6.0.10\spring-webmvc-6.0.10.jar;C:\Users\simon\.m2\repository\org\springframework\spring-aop\6.0.10\spring-aop-6.0.10.jar;C:\Users\simon\.m2\repository\org\springframework\spring-context\6.0.10\spring-context-6.0.10.jar;C:\Users\simon\.m2\repository\org\springframework\spring-expression\6.0.10\spring-expression-6.0.10.jar;C:\Users\simon\.m2\repository\org\springframework\boot\spring-boot-starter-test\3.1.1\spring-boot-starter-test-3.1.1.jar;C:\Users\simon\.m2\repository\org\springframework\boot\spring-boot-test\3.1.1\spring-boot-test-3.1.1.jar;C:\Users\simon\.m2\repository\org\springframework\boot\spring-boot-test-autoconfigure\3.1.1\spring-boot-test-autoconfigure-3.1.1.jar;C:\Users\simon\.m2\repository\com\jayway\jsonpath\json-path\2.8.0\json-path-2.8.0.jar;C:\Users\simon\.m2\repository\jakarta\xml\bind\jakarta.xml.bind-api\4.0.0\jakarta.xml.bind-api-4.0.0.jar;C:\Users\simon\.m2\repository\jakarta\activation\jakarta.activation-api\2.1.2\jakarta.activation-api-2.1.2.jar;C:\Users\simon\.m2\repository\net\minidev\json-smart\2.4.11\json-smart-2.4.11.jar;C:\Users\simon\.m2\repository\net\minidev\accessors-smart\2.4.11\accessors-smart-2.4.11.jar;C:\Users\simon\.m2\repository\org\assertj\assertj-core\3.24.2\assertj-core-3.24.2.jar;C:\Users\simon\.m2\repository\net\bytebuddy\byte-buddy\1.14.5\byte-buddy-1.14.5.jar;C:\Users\simon\.m2\repository\org\hamcrest\hamcrest\2.2\hamcrest-2.2.jar;C:\Users\simon\.m2\repository\org\junit\jupiter\junit-jupiter\5.9.3\junit-jupiter-5.9.3.jar;C:\Users\simon\.m2\repository\org\junit\jupiter\junit-jupiter-params\5.9.3\junit-jupiter-params-5.9.3.jar;C:\Users\simon\.m2\repository\org\junit\jupiter\junit-jupiter-engine\5.9.3\junit-jupiter-engine-5.9.3.jar;C:\Users\simon\.m2\repository\org\junit\platform\junit-platform-engine\1.9.3\junit-platform-engine-1.9.3.jar;C:\Users\simon\.m2\repository\org\mockito\mockito-core\5.3.1\mockito-core-5.3.1.jar;C:\Users\simon\.m2\repository\net\bytebuddy\byte-buddy-agent\1.14.5\byte-buddy-agent-1.14.5.jar;C:\Users\simon\.m2\repository\org\objenesis\objenesis\3.3\objenesis-3.3.jar;C:\Users\simon\.m2\repository\org\mockito\mockito-junit-jupiter\5.3.1\mockito-junit-jupiter-5.3.1.jar;C:\Users\simon\.m2\repository\org\skyscreamer\jsonassert\1.5.1\jsonassert-1.5.1.jar;C:\Users\simon\.m2\repository\com\vaadin\external\google\android-json\0.0.20131108.vaadin1\android-json-0.0.20131108.vaadin1.jar;C:\Users\simon\.m2\repository\org\springframework\spring-core\6.0.10\spring-core-6.0.10.jar;C:\Users\simon\.m2\repository\org\springframework\spring-jcl\6.0.10\spring-jcl-6.0.10.jar;C:\Users\simon\.m2\repository\org\springframework\spring-test\6.0.10\spring-test-6.0.10.jar;C:\Users\simon\.m2\repository\org\xmlunit\xmlunit-core\2.9.1\xmlunit-core-2.9.1.jar;C:\Users\simon\.m2\repository\org\apache\commons\commons-lang3\3.12.0\commons-lang3-3.12.0.jar;C:\Users\simon\.m2\repository\org\junit\jupiter\junit-jupiter-api\5.9.3\junit-jupiter-api-5.9.3.jar;C:\Users\simon\.m2\repository\org\opentest4j\opentest4j\1.2.0\opentest4j-1.2.0.jar;C:\Users\simon\.m2\repository\org\junit\platform\junit-platform-commons\1.9.3\junit-platform-commons-1.9.3.jar;C:\Users\simon\.m2\repository\org\apiguardian\apiguardian-api\1.1.2\apiguardian-api-1.1.2.jar;C:\Users\simon\.m2\repository\org\jacoco\jacoco-maven-plugin\0.8.10\jacoco-maven-plugin-0.8.10.jar;C:\Users\simon\.m2\repository\org\codehaus\plexus\plexus-utils\3.0.24\plexus-utils-3.0.24.jar;C:\Users\simon\.m2\repository\org\apache\maven\shared\file-management\1.2.1\file-management-1.2.1.jar;C:\Users\simon\.m2\repository\org\apache\maven\maven-plugin-api\2.0.6\maven-plugin-api-2.0.6.jar;C:\Users\simon\.m2\repository\org\apache\maven\shared\maven-shared-io\1.1\maven-shared-io-1.1.jar;C:\Users\simon\.m2\repository\org\apache\maven\maven-artifact\2.0.2\maven-artifact-2.0.2.jar;C:\Users\simon\.m2\repository\org\apache\maven\maven-artifact-manager\2.0.2\maven-artifact-manager-2.0.2.jar;C:\Users\simon\.m2\repository\org\apache\maven\maven-repository-metadata\2.0.2\maven-repository-metadata-2.0.2.jar;C:\Users\simon\.m2\repository\org\apache\maven\wagon\wagon-provider-api\1.0-alpha-6\wagon-provider-api-1.0-alpha-6.jar;C:\Users\simon\.m2\repository\org\codehaus\plexus\plexus-container-default\1.0-alpha-9\plexus-container-default-1.0-alpha-9.jar;C:\Users\simon\.m2\repository\junit\junit\4.13.2\junit-4.13.2.jar;C:\Users\simon\.m2\repository\org\hamcrest\hamcrest-core\2.2\hamcrest-core-2.2.jar;C:\Users\simon\.m2\repository\classworlds\classworlds\1.1-alpha-2\classworlds-1.1-alpha-2.jar;C:\Users\simon\.m2\repository\org\apache\maven\reporting\maven-reporting-api\3.0\maven-reporting-api-3.0.jar;C:\Users\simon\.m2\repository\org\apache\maven\doxia\doxia-sink-api\1.0\doxia-sink-api-1.0.jar;C:\Users\simon\.m2\repository\org\jacoco\org.jacoco.agent\0.8.10\org.jacoco.agent-0.8.10-runtime.jar;C:\Users\simon\.m2\repository\org\jacoco\org.jacoco.core\0.8.10\org.jacoco.core-0.8.10.jar;C:\Users\simon\.m2\repository\org\ow2\asm\asm\9.5\asm-9.5.jar;C:\Users\simon\.m2\repository\org\ow2\asm\asm-commons\9.5\asm-commons-9.5.jar;C:\Users\simon\.m2\repository\org\ow2\asm\asm-tree\9.5\asm-tree-9.5.jar;C:\Users\simon\.m2\repository\org\jacoco\org.jacoco.report\0.8.10\org.jacoco.report-0.8.10.jar;C:\Users\simon\.m2\repository\gpsUtil\gpsUtil\1.0.0\gpsUtil-1.0.0.jar;C:\Users\simon\.m2\repository\com\google\code\findbugs\jsr305\1.3.9\jsr305-1.3.9.jar;C:\Users\simon\.m2\repository\com\google\errorprone\error_prone_annotations\2.0.18\error_prone_annotations-2.0.18.jar;C:\Users\simon\.m2\repository\com\google\j2objc\j2objc-annotations\1.1\j2objc-annotations-1.1.jar;C:\Users\simon\.m2\repository\org\codehaus\mojo\animal-sniffer-annotations\1.14\animal-sniffer-annotations-1.14.jar;C:\Users\simon\.m2\repository\tripPricer\tripPricer\1.0.0\tripPricer-1.0.0.jar;C:\Users\simon\.m2\repository\rewardCentral\rewardCentral\1.0.0\rewardCentral-1.0.0.jar;C:\Users\simon\.m2\repository\org\testng\testng\7.8.0\testng-7.8.0.jar;C:\Users\simon\.m2\repository\org\slf4j\slf4j-api\2.0.7\slf4j-api-2.0.7.jar;C:\Users\simon\.m2\repository\com\beust\jcommander\1.82\jcommander-1.82.jar;C:\Users\simon\.m2\repository\org\webjars\jquery\3.6.1\jquery-3.6.1.jar;"/>
    <property name="sun.cpu.endian" value="little"/>
    <property name="user.home" value="C:\Users\simon"/>
    <property name="user.language" value="fr"/>
    <property name="java.specification.vendor" value="Oracle Corporation"/>
    <property name="java.version.date" value="2023-01-17"/>
    <property name="java.home" value="C:\Program Files\Java\jdk-17"/>
    <property name="file.separator" value="\"/>
    <property name="basedir" value="C:\Users\simon\eclipse-workspace\TourGuide"/>
    <property name="java.vm.compressedOopsMode" value="Zero based"/>
    <property name="line.separator" value="&#10;"/>
    <property name="java.vm.specification.vendor" value="Oracle Corporation"/>
    <property name="java.specification.name" value="Java Platform API Specification"/>
    <property name="surefire.real.class.path" value="C:\Users\simon\AppData\Local\Temp\surefire12973338886662756773\surefirebooter-20230925105303238_3.jar"/>
    <property name="user.script" value=""/>
    <property name="sun.management.compiler" value="HotSpot 64-Bit Tiered Compilers"/>
    <property name="java.runtime.version" value="17.0.6+9-LTS-190"/>
    <property name="user.name" value="Simon"/>
    <property name="path.separator" value=";"/>
    <property name="os.version" value="10.0"/>
    <property name="java.runtime.name" value="Java(TM) SE Runtime Environment"/>
    <property name="file.encoding" value="Cp1252"/>
    <property name="java.vm.name" value="Java HotSpot(TM) 64-Bit Server VM"/>
    <property name="localRepository" value="C:\Users\simon\.m2\repository"/>
    <property name="java.vendor.url.bug" value="https://bugreport.java.com/bugreport/"/>
    <property name="java.io.tmpdir" value="C:\Users\simon\AppData\Local\Temp\"/>
    <property name="java.version" value="17.0.6"/>
    <property name="user.dir" value="C:\Users\simon\eclipse-workspace\TourGuide"/>
    <property name="os.arch" value="amd64"/>
    <property name="java.vm.specification.name" value="Java Virtual Machine Specification"/>
    <property name="sun.os.patch.level" value=""/>
    <property name="native.encoding" value="Cp1252"/>
    <property name="java.library.path" value="C:\Program Files\Java\jdk-17\bin;C:\WINDOWS\Sun\Java\bin;C:\WINDOWS\system32;C:\WINDOWS;C:\Program Files (x86)\Cmder\vendor\conemu-maximus5\ConEmu\Scripts;C:\Program Files (x86)\Cmder\vendor\conemu-maximus5;C:\Program Files (x86)\Cmder\vendor\conemu-maximus5\ConEmu;C:\Program Files\Common Files\Oracle\Java\javapath;C:\Program Files (x86)\Common Files\Oracle\Java\javapath;C:\Windows\system32;C:\Windows;C:\Windows\System32\Wbem;C:\Windows\System32\WindowsPowerShell\v1.0\;C:\Windows\System32\OpenSSH\;C:\Program Files (x86)\NVIDIA Corporation\PhysX\Common;C:\Program Files\NVIDIA Corporation\NVIDIA NvDLISR;C:\Program Files\dotnet\;C:\Program Files\Git\cmd;C:\WINDOWS\system32;C:\WINDOWS;C:\WINDOWS\System32\Wbem;C:\WINDOWS\System32\WindowsPowerShell\v1.0\;C:\WINDOWS\System32\OpenSSH\;C:\Program Files\Gradle\gradle-8.1.1\bin;C:\Program Files (x86)\Windows Live\Shared;C:\Users\simon\AppData\Local\Microsoft\WindowsApps;C:\Users\simon\AppData\Local\Programs\Microsoft VS Code\bin;C:\Users\simon\AppData\Local\GitHubDesktop\bin;C:\Program Files\Maven\apache-maven-3.9.1\bin;C:\Program Files\MySQL\MySQL Server 8.0\bin;C:\Program Files\Git\mingw64\bin;C:\Program Files\Git\usr\bin;C:\Program Files (x86)\Cmder\vendor\bin;C:\Program Files (x86)\Cmder;."/>
    <property name="java.vm.info" value="mixed mode, sharing"/>
    <property name="java.vendor" value="Oracle Corporation"/>
    <property name="java.vm.version" value="17.0.6+9-LTS-190"/>
    <property name="sun.io.unicode.encoding" value="UnicodeLittle"/>
    <property name="java.class.version" value="61.0"/>
  </properties>
  <testcase name="nearAllAttractions" classname="com.openclassrooms.tourguide.TestRewardsService" time="15.391">
    <system-out><![CDATA[10:53:05.062 [main] INFO com.openclassrooms.tourguide.service.TourGuideService -- TestMode enabled
10:53:05.062 [pool-3-thread-1] INFO com.openclassrooms.tourguide.tracker.Tracker -- Begin Tracker. Tracking 1 users.
10:53:05.089 [pool-2-thread-1] INFO com.openclassrooms.tourguide.service.TourGuideService -- Adding the current location to the user internalUser70
10:53:05.118 [pool-3-thread-1] INFO com.openclassrooms.tourguide.service.TourGuideService -- Adding the current location to the user internalUser0
10:53:05.168 [pool-2-thread-1] INFO com.openclassrooms.tourguide.service.TourGuideService -- Adding the current location to the user internalUser72
10:53:05.241 [pool-2-thread-1] INFO com.openclassrooms.tourguide.service.TourGuideService -- Adding the current location to the user internalUser71
10:53:05.296 [pool-2-thread-1] INFO com.openclassrooms.tourguide.service.TourGuideService -- Adding the current location to the user internalUser90
10:53:05.398 [pool-2-thread-1] INFO com.openclassrooms.tourguide.service.TourGuideService -- Adding the current location to the user internalUser89
10:53:05.466 [pool-2-thread-1] INFO com.openclassrooms.tourguide.service.TourGuideService -- Adding the current location to the user internalUser88
10:53:05.552 [pool-2-thread-1] INFO com.openclassrooms.tourguide.service.TourGuideService -- Adding the current location to the user internalUser85
10:53:05.622 [pool-2-thread-1] INFO com.openclassrooms.tourguide.service.TourGuideService -- Adding the current location to the user internalUser84
10:53:05.696 [pool-2-thread-1] INFO com.openclassrooms.tourguide.service.TourGuideService -- Adding the current location to the user internalUser87
10:53:05.764 [pool-2-thread-1] INFO com.openclassrooms.tourguide.service.TourGuideService -- Adding the current location to the user internalUser86
10:53:05.819 [pool-2-thread-1] INFO com.openclassrooms.tourguide.service.TourGuideService -- Adding the current location to the user internalUser81
10:53:05.900 [pool-2-thread-1] INFO com.openclassrooms.tourguide.service.TourGuideService -- Adding the current location to the user internalUser80
10:53:05.983 [pool-2-thread-1] INFO com.openclassrooms.tourguide.service.TourGuideService -- Adding the current location to the user internalUser83
10:53:06.087 [pool-2-thread-1] INFO com.openclassrooms.tourguide.service.TourGuideService -- Adding the current location to the user internalUser82
10:53:06.192 [pool-2-thread-1] INFO com.openclassrooms.tourguide.service.TourGuideService -- Adding the current location to the user internalUser9
10:53:06.272 [pool-2-thread-1] INFO com.openclassrooms.tourguide.service.TourGuideService -- Adding the current location to the user internalUser8
10:53:06.340 [pool-2-thread-1] INFO com.openclassrooms.tourguide.service.TourGuideService -- Adding the current location to the user internalUser19
10:53:06.388 [pool-2-thread-1] INFO com.openclassrooms.tourguide.service.TourGuideService -- Adding the current location to the user internalUser16
10:53:06.491 [pool-2-thread-1] INFO com.openclassrooms.tourguide.service.TourGuideService -- Adding the current location to the user internalUser15
10:53:06.565 [pool-2-thread-1] INFO com.openclassrooms.tourguide.service.TourGuideService -- Adding the current location to the user internalUser18
10:53:06.658 [pool-2-thread-1] INFO com.openclassrooms.tourguide.service.TourGuideService -- Adding the current location to the user internalUser17
10:53:06.721 [pool-2-thread-1] INFO com.openclassrooms.tourguide.service.TourGuideService -- Adding the current location to the user internalUser12
10:53:06.832 [pool-2-thread-1] INFO com.openclassrooms.tourguide.service.TourGuideService -- Adding the current location to the user internalUser11
10:53:06.877 [pool-2-thread-1] INFO com.openclassrooms.tourguide.service.TourGuideService -- Adding the current location to the user internalUser99
10:53:06.923 [pool-2-thread-1] INFO com.openclassrooms.tourguide.service.TourGuideService -- Adding the current location to the user internalUser14
10:53:06.988 [pool-2-thread-1] INFO com.openclassrooms.tourguide.service.TourGuideService -- Adding the current location to the user internalUser13
10:53:07.084 [pool-2-thread-1] INFO com.openclassrooms.tourguide.service.TourGuideService -- Adding the current location to the user internalUser3
10:53:07.164 [pool-2-thread-1] INFO com.openclassrooms.tourguide.service.TourGuideService -- Adding the current location to the user internalUser96
10:53:07.223 [pool-2-thread-1] INFO com.openclassrooms.tourguide.service.TourGuideService -- Adding the current location to the user internalUser2
10:53:07.282 [pool-2-thread-1] INFO com.openclassrooms.tourguide.service.TourGuideService -- Adding the current location to the user internalUser95
10:53:07.323 [pool-2-thread-1] INFO com.openclassrooms.tourguide.service.TourGuideService -- Adding the current location to the user internalUser1
10:53:07.373 [pool-2-thread-1] INFO com.openclassrooms.tourguide.service.TourGuideService -- Adding the current location to the user internalUser10
10:53:07.445 [pool-2-thread-1] INFO com.openclassrooms.tourguide.service.TourGuideService -- Adding the current location to the user internalUser98
10:53:07.553 [pool-2-thread-1] INFO com.openclassrooms.tourguide.service.TourGuideService -- Adding the current location to the user internalUser0
10:53:07.658 [pool-2-thread-1] INFO com.openclassrooms.tourguide.service.TourGuideService -- Adding the current location to the user internalUser97
10:53:07.728 [pool-2-thread-1] INFO com.openclassrooms.tourguide.service.TourGuideService -- Adding the current location to the user internalUser7
10:53:07.812 [pool-2-thread-1] INFO com.openclassrooms.tourguide.service.TourGuideService -- Adding the current location to the user internalUser92
10:53:07.875 [pool-2-thread-1] INFO com.openclassrooms.tourguide.service.TourGuideService -- Adding the current location to the user internalUser6
10:53:07.928 [pool-2-thread-1] INFO com.openclassrooms.tourguide.service.TourGuideService -- Adding the current location to the user internalUser91
10:53:08.014 [pool-2-thread-1] INFO com.openclassrooms.tourguide.service.TourGuideService -- Adding the current location to the user internalUser5
10:53:08.118 [pool-2-thread-1] INFO com.openclassrooms.tourguide.service.TourGuideService -- Adding the current location to the user internalUser94
10:53:08.186 [pool-2-thread-1] INFO com.openclassrooms.tourguide.service.TourGuideService -- Adding the current location to the user internalUser4
10:53:08.279 [pool-2-thread-1] INFO com.openclassrooms.tourguide.service.TourGuideService -- Adding the current location to the user internalUser93
10:53:08.374 [pool-2-thread-1] INFO com.openclassrooms.tourguide.service.TourGuideService -- Adding the current location to the user internalUser27
10:53:08.426 [pool-2-thread-1] INFO com.openclassrooms.tourguide.service.TourGuideService -- Adding the current location to the user internalUser26
10:53:08.530 [pool-2-thread-1] INFO com.openclassrooms.tourguide.service.TourGuideService -- Adding the current location to the user internalUser29
10:53:08.578 [pool-2-thread-1] INFO com.openclassrooms.tourguide.service.TourGuideService -- Adding the current location to the user internalUser28
10:53:08.632 [pool-2-thread-1] INFO com.openclassrooms.tourguide.service.TourGuideService -- Adding the current location to the user internalUser23
10:53:08.678 [pool-2-thread-1] INFO com.openclassrooms.tourguide.service.TourGuideService -- Adding the current location to the user internalUser22
10:53:08.744 [pool-2-thread-1] INFO com.openclassrooms.tourguide.service.TourGuideService -- Adding the current location to the user internalUser25
10:53:08.809 [pool-2-thread-1] INFO com.openclassrooms.tourguide.service.TourGuideService -- Adding the current location to the user internalUser24
10:53:08.897 [pool-2-thread-1] INFO com.openclassrooms.tourguide.service.TourGuideService -- Adding the current location to the user internalUser21
10:53:08.943 [pool-2-thread-1] INFO com.openclassrooms.tourguide.service.TourGuideService -- Adding the current location to the user internalUser20
10:53:09.000 [pool-2-thread-1] INFO com.openclassrooms.tourguide.service.TourGuideService -- Adding the current location to the user internalUser38
10:53:09.078 [pool-2-thread-1] INFO com.openclassrooms.tourguide.service.TourGuideService -- Adding the current location to the user internalUser37
10:53:09.138 [pool-2-thread-1] INFO com.openclassrooms.tourguide.service.TourGuideService -- Adding the current location to the user internalUser39
10:53:09.246 [pool-2-thread-1] INFO com.openclassrooms.tourguide.service.TourGuideService -- Adding the current location to the user internalUser34
10:53:09.313 [pool-2-thread-1] INFO com.openclassrooms.tourguide.service.TourGuideService -- Adding the current location to the user internalUser33
10:53:09.362 [pool-2-thread-1] INFO com.openclassrooms.tourguide.service.TourGuideService -- Adding the current location to the user internalUser36
10:53:09.421 [pool-2-thread-1] INFO com.openclassrooms.tourguide.service.TourGuideService -- Adding the current location to the user internalUser35
10:53:09.468 [pool-2-thread-1] INFO com.openclassrooms.tourguide.service.TourGuideService -- Adding the current location to the user internalUser30
10:53:09.539 [pool-2-thread-1] INFO com.openclassrooms.tourguide.service.TourGuideService -- Adding the current location to the user internalUser32
10:53:09.634 [pool-2-thread-1] INFO com.openclassrooms.tourguide.service.TourGuideService -- Adding the current location to the user internalUser31
10:53:09.706 [pool-2-thread-1] INFO com.openclassrooms.tourguide.service.TourGuideService -- Adding the current location to the user internalUser49
10:53:09.748 [pool-2-thread-1] INFO com.openclassrooms.tourguide.service.TourGuideService -- Adding the current location to the user internalUser48
10:53:09.850 [pool-2-thread-1] INFO com.openclassrooms.tourguide.service.TourGuideService -- Adding the current location to the user internalUser45
10:53:09.907 [pool-2-thread-1] INFO com.openclassrooms.tourguide.service.TourGuideService -- Adding the current location to the user internalUser44
10:53:10.008 [pool-2-thread-1] INFO com.openclassrooms.tourguide.service.TourGuideService -- Adding the current location to the user internalUser47
10:53:10.069 [pool-2-thread-1] INFO com.openclassrooms.tourguide.service.TourGuideService -- Adding the current location to the user internalUser46
10:53:10.174 [pool-2-thread-1] INFO com.openclassrooms.tourguide.service.TourGuideService -- Adding the current location to the user internalUser41
10:53:10.250 [pool-2-thread-1] INFO com.openclassrooms.tourguide.service.TourGuideService -- Adding the current location to the user internalUser40
10:53:10.292 [pool-2-thread-1] INFO com.openclassrooms.tourguide.service.TourGuideService -- Adding the current location to the user internalUser43
10:53:10.349 [pool-2-thread-1] INFO com.openclassrooms.tourguide.service.TourGuideService -- Adding the current location to the user internalUser42
10:53:10.423 [pool-2-thread-1] INFO com.openclassrooms.tourguide.service.TourGuideService -- Adding the current location to the user internalUser59
10:53:10.516 [pool-2-thread-1] INFO com.openclassrooms.tourguide.service.TourGuideService -- Adding the current location to the user internalUser56
10:53:10.609 [pool-2-thread-1] INFO com.openclassrooms.tourguide.service.TourGuideService -- Adding the current location to the user internalUser55
10:53:10.678 [pool-2-thread-1] INFO com.openclassrooms.tourguide.service.TourGuideService -- Adding the current location to the user internalUser58
10:53:10.723 [pool-2-thread-1] INFO com.openclassrooms.tourguide.service.TourGuideService -- Adding the current location to the user internalUser57
10:53:10.770 [pool-2-thread-1] INFO com.openclassrooms.tourguide.service.TourGuideService -- Adding the current location to the user internalUser52
10:53:10.876 [pool-2-thread-1] INFO com.openclassrooms.tourguide.service.TourGuideService -- Adding the current location to the user internalUser51
10:53:10.921 [pool-2-thread-1] INFO com.openclassrooms.tourguide.service.TourGuideService -- Adding the current location to the user internalUser54
10:53:11.010 [pool-2-thread-1] INFO com.openclassrooms.tourguide.service.TourGuideService -- Adding the current location to the user internalUser53
10:53:11.093 [pool-2-thread-1] INFO com.openclassrooms.tourguide.service.TourGuideService -- Adding the current location to the user internalUser50
10:53:11.196 [pool-2-thread-1] INFO com.openclassrooms.tourguide.service.TourGuideService -- Adding the current location to the user internalUser67
10:53:11.264 [pool-2-thread-1] INFO com.openclassrooms.tourguide.service.TourGuideService -- Adding the current location to the user internalUser66
10:53:11.319 [pool-2-thread-1] INFO com.openclassrooms.tourguide.service.TourGuideService -- Adding the current location to the user internalUser69
10:53:11.418 [pool-2-thread-1] INFO com.openclassrooms.tourguide.service.TourGuideService -- Adding the current location to the user internalUser68
10:53:11.501 [pool-2-thread-1] INFO com.openclassrooms.tourguide.service.TourGuideService -- Adding the current location to the user internalUser63
10:53:11.566 [pool-2-thread-1] INFO com.openclassrooms.tourguide.service.TourGuideService -- Adding the current location to the user internalUser62
10:53:11.618 [pool-2-thread-1] INFO com.openclassrooms.tourguide.service.TourGuideService -- Adding the current location to the user internalUser65
10:53:11.705 [pool-2-thread-1] INFO com.openclassrooms.tourguide.service.TourGuideService -- Adding the current location to the user internalUser64
10:53:11.778 [pool-2-thread-1] INFO com.openclassrooms.tourguide.service.TourGuideService -- Adding the current location to the user internalUser61
10:53:11.884 [pool-2-thread-1] INFO com.openclassrooms.tourguide.service.TourGuideService -- Adding the current location to the user internalUser60
10:53:11.894 [pool-2-thread-1] INFO com.openclassrooms.tourguide.tracker.Tracker -- Tracker Time Elapsed: 7 seconds.
10:53:11.894 [pool-2-thread-1] INFO com.openclassrooms.tourguide.tracker.Tracker -- Tracker sleeping
10:53:20.437 [pool-3-thread-1] INFO com.openclassrooms.tourguide.tracker.Tracker -- Tracker Time Elapsed: 15 seconds.
10:53:20.437 [pool-3-thread-1] INFO com.openclassrooms.tourguide.tracker.Tracker -- Tracker sleeping
]]></system-out>
  </testcase>
  <testcase name="userGetRewards" classname="com.openclassrooms.tourguide.TestRewardsService" time="0.501">
    <system-out><![CDATA[10:53:20.452 [main] INFO com.openclassrooms.tourguide.service.TourGuideService -- TestMode enabled
10:53:20.452 [pool-4-thread-1] INFO com.openclassrooms.tourguide.tracker.Tracker -- Begin Tracker. Tracking 0 users.
10:53:20.452 [pool-4-thread-1] INFO com.openclassrooms.tourguide.tracker.Tracker -- Tracker Time Elapsed: 0 seconds.
10:53:20.452 [pool-4-thread-1] INFO com.openclassrooms.tourguide.tracker.Tracker -- Tracker sleeping
10:53:20.545 [main] INFO com.openclassrooms.tourguide.service.TourGuideService -- Adding the current location to the user jon
]]></system-out>
  </testcase>
  <testcase name="isWithinAttractionProximity" classname="com.openclassrooms.tourguide.TestRewardsService" time="0.016"/>
</testsuite>