<?xml version="1.0" encoding="UTF-8"?>
<testsuite xmlns:xsi="http://www.w3.org/2001/XMLSchema-instance" xsi:noNamespaceSchemaLocation="https://maven.apache.org/surefire/maven-surefire-plugin/xsd/surefire-test-report-3.0.xsd" version="3.0" name="com.openclassrooms.tourguide.TestPerformance" time="0.9" tests="2" errors="0" skipped="1" failures="0">
  <properties>
    <property name="java.specification.version" value="17"/>
    <property name="sun.cpu.isalist" value="amd64"/>
    <property name="sun.jnu.encoding" value="Cp1252"/>
    <property name="java.class.path" value="C:\Users\simon\eclipse-workspace\TourGuide\target\test-classes;C:\Users\simon\eclipse-workspace\TourGuide\target\classes;C:\Users\simon\.m2\repository\org\springframework\boot\spring-boot-starter-actuator\3.1.1\spring-boot-starter-actuator-3.1.1.jar;C:\Users\simon\.m2\repository\org\springframework\boot\spring-boot-starter\3.1.1\spring-boot-starter-3.1.1.jar;C:\Users\simon\.m2\repository\org\springframework\boot\spring-boot\3.1.1\spring-boot-3.1.1.jar;C:\Users\simon\.m2\repository\org\springframework\boot\spring-boot-autoconfigure\3.1.1\spring-boot-autoconfigure-3.1.1.jar;C:\Users\simon\.m2\repository\org\springframework\boot\spring-boot-starter-logging\3.1.1\spring-boot-starter-logging-3.1.1.jar;C:\Users\simon\.m2\repository\ch\qos\logback\logback-classic\1.4.8\logback-classic-1.4.8.jar;C:\Users\simon\.m2\repository\ch\qos\logback\logback-core\1.4.8\logback-core-1.4.8.jar;C:\Users\simon\.m2\repository\org\apache\logging\log4j\log4j-to-slf4j\2.20.0\log4j-to-slf4j-2.20.0.jar;C:\Users\simon\.m2\repository\org\apache\logging\log4j\log4j-api\2.20.0\log4j-api-2.20.0.jar;C:\Users\simon\.m2\repository\org\slf4j\jul-to-slf4j\2.0.7\jul-to-slf4j-2.0.7.jar;C:\Users\simon\.m2\repository\jakarta\annotation\jakarta.annotation-api\2.1.1\jakarta.annotation-api-2.1.1.jar;C:\Users\simon\.m2\repository\org\yaml\snakeyaml\1.33\snakeyaml-1.33.jar;C:\Users\simon\.m2\repository\org\springframework\boot\spring-boot-actuator-autoconfigure\3.1.1\spring-boot-actuator-autoconfigure-3.1.1.jar;C:\Users\simon\.m2\repository\org\springframework\boot\spring-boot-actuator\3.1.1\spring-boot-actuator-3.1.1.jar;C:\Users\simon\.m2\repository\com\fasterxml\jackson\core\jackson-databind\2.15.2\jackson-databind-2.15.2.jar;C:\Users\simon\.m2\repository\com\fasterxml\jackson\core\jackson-annotations\2.15.2\jackson-annotations-2.15.2.jar;C:\Users\simon\.m2\repository\com\fasterxml\jackson\core\jackson-core\2.15.2\jackson-core-2.15.2.jar;C:\Users\simon\.m2\repository\com\fasterxml\jackson\datatype\jackson-datatype-jsr310\2.15.2\jackson-datatype-jsr310-2.15.2.jar;C:\Users\simon\.m2\repository\io\micrometer\micrometer-observation\1.11.1\micrometer-observation-1.11.1.jar;C:\Users\simon\.m2\repository\io\micrometer\micrometer-commons\1.11.1\micrometer-commons-1.11.1.jar;C:\Users\simon\.m2\repository\io\micrometer\micrometer-core\1.11.1\micrometer-core-1.11.1.jar;C:\Users\simon\.m2\repository\org\hdrhistogram\HdrHistogram\2.1.12\HdrHistogram-2.1.12.jar;C:\Users\simon\.m2\repository\org\latencyutils\LatencyUtils\2.0.3\LatencyUtils-2.0.3.jar;C:\Users\simon\.m2\repository\org\springframework\boot\spring-boot-starter-validation\3.1.1\spring-boot-starter-validation-3.1.1.jar;C:\Users\simon\.m2\repository\org\apache\tomcat\embed\tomcat-embed-el\10.1.10\tomcat-embed-el-10.1.10.jar;C:\Users\simon\.m2\repository\org\hibernate\validator\hibernate-validator\8.0.0.Final\hibernate-validator-8.0.0.Final.jar;C:\Users\simon\.m2\repository\jakarta\validation\jakarta.validation-api\3.0.2\jakarta.validation-api-3.0.2.jar;C:\Users\simon\.m2\repository\org\jboss\logging\jboss-logging\3.5.1.Final\jboss-logging-3.5.1.Final.jar;C:\Users\simon\.m2\repository\com\fasterxml\classmate\1.5.1\classmate-1.5.1.jar;C:\Users\simon\.m2\repository\org\springframework\boot\spring-boot-starter-web\3.1.1\spring-boot-starter-web-3.1.1.jar;C:\Users\simon\.m2\repository\org\springframework\boot\spring-boot-starter-json\3.1.1\spring-boot-starter-json-3.1.1.jar;C:\Users\simon\.m2\repository\com\fasterxml\jackson\datatype\jackson-datatype-jdk8\2.15.2\jackson-datatype-jdk8-2.15.2.jar;C:\Users\simon\.m2\repository\com\fasterxml\jackson\module\jackson-module-parameter-names\2.15.2\jackson-module-parameter-names-2.15.2.jar;C:\Users\simon\.m2\repository\org\springframework\boot\spring-boot-starter-tomcat\3.1.1\spring-boot-starter-tomcat-3.1.1.jar;C:\Users\simon\.m2\repository\org\apache\tomcat\embed\tomcat-embed-core\10.1.10\tomcat-embed-core-10.1.10.jar;C:\Users\simon\.m2\repository\org\apache\tomcat\embed\tomcat-embed-websocket\10.1.10\tomcat-embed-websocket-10.1.10.jar;C:\Users\simon\.m2\repository\org\springframework\spring-web\6.0.10\spring-web-6.0.10.jar;C:\Users\simon\.m2\repository\org\springframework\spring-beans\6.0.10\spring-beans-6.0.10.jar;C:\Users\simon\.m2\repository\org\springframework\spring-webmvc\6.0.10\spring-webmvc-6.0.10.jar;C:\Users\simon\.m2\repository\org\springframework\spring-aop\6.0.10\spring-aop-6.0.10.jar;C:\Users\simon\.m2\repository\org\springframework\spring-context\6.0.10\spring-context-6.0.10.jar;C:\Users\simon\.m2\repository\org\springframework\spring-expression\6.0.10\spring-expression-6.0.10.jar;C:\Users\simon\.m2\repository\org\springframework\boot\spring-boot-starter-test\3.1.1\spring-boot-starter-test-3.1.1.jar;C:\Users\simon\.m2\repository\org\springframework\boot\spring-boot-test\3.1.1\spring-boot-test-3.1.1.jar;C:\Users\simon\.m2\repository\org\springframework\boot\spring-boot-test-autoconfigure\3.1.1\spring-boot-test-autoconfigure-3.1.1.jar;C:\Users\simon\.m2\repository\com\jayway\jsonpath\json-path\2.8.0\json-path-2.8.0.jar;C:\Users\simon\.m2\repository\jakarta\xml\bind\jakarta.xml.bind-api\4.0.0\jakarta.xml.bind-api-4.0.0.jar;C:\Users\simon\.m2\repository\jakarta\activation\jakarta.activation-api\2.1.2\jakarta.activation-api-2.1.2.jar;C:\Users\simon\.m2\repository\net\minidev\json-smart\2.4.11\json-smart-2.4.11.jar;C:\Users\simon\.m2\repository\net\minidev\accessors-smart\2.4.11\accessors-smart-2.4.11.jar;C:\Users\simon\.m2\repository\org\assertj\assertj-core\3.24.2\assertj-core-3.24.2.jar;C:\Users\simon\.m2\repository\net\bytebuddy\byte-buddy\1.14.5\byte-buddy-1.14.5.jar;C:\Users\simon\.m2\repository\org\hamcrest\hamcrest\2.2\hamcrest-2.2.jar;C:\Users\simon\.m2\repository\org\junit\jupiter\junit-jupiter\5.9.3\junit-jupiter-5.9.3.jar;C:\Users\simon\.m2\repository\org\junit\jupiter\junit-jupiter-params\5.9.3\junit-jupiter-params-5.9.3.jar;C:\Users\simon\.m2\repository\org\junit\jupiter\junit-jupiter-engine\5.9.3\junit-jupiter-engine-5.9.3.jar;C:\Users\simon\.m2\repository\org\junit\platform\junit-platform-engine\1.9.3\junit-platform-engine-1.9.3.jar;C:\Users\simon\.m2\repository\org\mockito\mockito-core\5.3.1\mockito-core-5.3.1.jar;C:\Users\simon\.m2\repository\net\bytebuddy\byte-buddy-agent\1.14.5\byte-buddy-agent-1.14.5.jar;C:\Users\simon\.m2\repository\org\objenesis\objenesis\3.3\objenesis-3.3.jar;C:\Users\simon\.m2\repository\org\mockito\mockito-junit-jupiter\5.3.1\mockito-junit-jupiter-5.3.1.jar;C:\Users\simon\.m2\repository\org\skyscreamer\jsonassert\1.5.1\jsonassert-1.5.1.jar;C:\Users\simon\.m2\repository\com\vaadin\external\google\android-json\0.0.20131108.vaadin1\android-json-0.0.20131108.vaadin1.jar;C:\Users\simon\.m2\repository\org\springframework\spring-core\6.0.10\spring-core-6.0.10.jar;C:\Users\simon\.m2\repository\org\springframework\spring-jcl\6.0.10\spring-jcl-6.0.10.jar;C:\Users\simon\.m2\repository\org\springframework\spring-test\6.0.10\spring-test-6.0.10.jar;C:\Users\simon\.m2\repository\org\xmlunit\xmlunit-core\2.9.1\xmlunit-core-2.9.1.jar;C:\Users\simon\.m2\repository\org\apache\commons\commons-lang3\3.12.0\commons-lang3-3.12.0.jar;C:\Users\simon\.m2\repository\org\junit\jupiter\junit-jupiter-api\5.9.3\junit-jupiter-api-5.9.3.jar;C:\Users\simon\.m2\repository\org\opentest4j\opentest4j\1.2.0\opentest4j-1.2.0.jar;C:\Users\simon\.m2\repository\org\junit\platform\junit-platform-commons\1.9.3\junit-platform-commons-1.9.3.jar;C:\Users\simon\.m2\repository\org\apiguardian\apiguardian-api\1.1.2\apiguardian-api-1.1.2.jar;C:\Users\simon\.m2\repository\org\jacoco\jacoco-maven-plugin\0.8.10\jacoco-maven-plugin-0.8.10.jar;C:\Users\simon\.m2\repository\org\codehaus\plexus\plexus-utils\3.0.24\plexus-utils-3.0.24.jar;C:\Users\simon\.m2\repository\org\apache\maven\shared\file-management\1.2.1\file-management-1.2.1.jar;C:\Users\simon\.m2\repository\org\apache\maven\maven-plugin-api\2.0.6\maven-plugin-api-2.0.6.jar;C:\Users\simon\.m2\repository\org\apache\maven\shared\maven-shared-io\1.1\maven-shared-io-1.1.jar;C:\Users\simon\.m2\repository\org\apache\maven\maven-artifact\2.0.2\maven-artifact-2.0.2.jar;C:\Users\simon\.m2\repository\org\apache\maven\maven-artifact-manager\2.0.2\maven-artifact-manager-2.0.2.jar;C:\Users\simon\.m2\repository\org\apache\maven\maven-repository-metadata\2.0.2\maven-repository-metadata-2.0.2.jar;C:\Users\simon\.m2\repository\org\apache\maven\wagon\wagon-provider-api\1.0-alpha-6\wagon-provider-api-1.0-alpha-6.jar;C:\Users\simon\.m2\repository\org\codehaus\plexus\plexus-container-default\1.0-alpha-9\plexus-container-default-1.0-alpha-9.jar;C:\Users\simon\.m2\repository\junit\junit\4.13.2\junit-4.13.2.jar;C:\Users\simon\.m2\repository\org\hamcrest\hamcrest-core\2.2\hamcrest-core-2.2.jar;C:\Users\simon\.m2\repository\classworlds\classworlds\1.1-alpha-2\classworlds-1.1-alpha-2.jar;C:\Users\simon\.m2\repository\org\apache\maven\reporting\maven-reporting-api\3.0\maven-reporting-api-3.0.jar;C:\Users\simon\.m2\repository\org\apache\maven\doxia\doxia-sink-api\1.0\doxia-sink-api-1.0.jar;C:\Users\simon\.m2\repository\org\jacoco\org.jacoco.agent\0.8.10\org.jacoco.agent-0.8.10-runtime.jar;C:\Users\simon\.m2\repository\org\jacoco\org.jacoco.core\0.8.10\org.jacoco.core-0.8.10.jar;C:\Users\simon\.m2\repository\org\ow2\asm\asm\9.5\asm-9.5.jar;C:\Users\simon\.m2\repository\org\ow2\asm\asm-commons\9.5\asm-commons-9.5.jar;C:\Users\simon\.m2\repository\org\ow2\asm\asm-tree\9.5\asm-tree-9.5.jar;C:\Users\simon\.m2\repository\org\jacoco\org.jacoco.report\0.8.10\org.jacoco.report-0.8.10.jar;C:\Users\simon\.m2\repository\gpsUtil\gpsUtil\1.0.0\gpsUtil-1.0.0.jar;C:\Users\simon\.m2\repository\com\google\code\findbugs\jsr305\1.3.9\jsr305-1.3.9.jar;C:\Users\simon\.m2\repository\com\google\errorprone\error_prone_annotations\2.0.18\error_prone_annotations-2.0.18.jar;C:\Users\simon\.m2\repository\com\google\j2objc\j2objc-annotations\1.1\j2objc-annotations-1.1.jar;C:\Users\simon\.m2\repository\org\codehaus\mojo\animal-sniffer-annotations\1.14\animal-sniffer-annotations-1.14.jar;C:\Users\simon\.m2\repository\tripPricer\tripPricer\1.0.0\tripPricer-1.0.0.jar;C:\Users\simon\.m2\repository\rewardCentral\rewardCentral\1.0.0\rewardCentral-1.0.0.jar;C:\Users\simon\.m2\repository\org\testng\testng\7.8.0\testng-7.8.0.jar;C:\Users\simon\.m2\repository\org\slf4j\slf4j-api\2.0.7\slf4j-api-2.0.7.jar;C:\Users\simon\.m2\repository\com\beust\jcommander\1.82\jcommander-1.82.jar;C:\Users\simon\.m2\repository\org\webjars\jquery\3.6.1\jquery-3.6.1.jar;"/>
    <property name="java.vm.vendor" value="Oracle Corporation"/>
    <property name="sun.arch.data.model" value="64"/>
    <property name="user.variant" value=""/>
    <property name="java.vendor.url" value="https://java.oracle.com/"/>
    <property name="user.timezone" value="Europe/Paris"/>
    <property name="os.name" value="Windows 11"/>
    <property name="java.vm.specification.version" value="17"/>
    <property name="sun.java.launcher" value="SUN_STANDARD"/>
    <property name="user.country" value="FR"/>
    <property name="sun.boot.library.path" value="C:\Program Files\Java\jdk-17\bin"/>
    <property name="sun.java.command" value="C:\Users\simon\AppData\Local\Temp\surefire14255295673560699602\surefirebooter-20230927102446518_3.jar C:\Users\simon\AppData\Local\Temp\surefire14255295673560699602 2023-09-27T10-24-46_386-jvmRun1 surefire-20230927102446518_1tmp surefire_0-20230927102446518_2tmp"/>
    <property name="jdk.debug" value="release"/>
    <property name="surefire.test.class.path" value="C:\Users\simon\eclipse-workspace\TourGuide\target\test-classes;C:\Users\simon\eclipse-workspace\TourGuide\target\classes;C:\Users\simon\.m2\repository\org\springframework\boot\spring-boot-starter-actuator\3.1.1\spring-boot-starter-actuator-3.1.1.jar;C:\Users\simon\.m2\repository\org\springframework\boot\spring-boot-starter\3.1.1\spring-boot-starter-3.1.1.jar;C:\Users\simon\.m2\repository\org\springframework\boot\spring-boot\3.1.1\spring-boot-3.1.1.jar;C:\Users\simon\.m2\repository\org\springframework\boot\spring-boot-autoconfigure\3.1.1\spring-boot-autoconfigure-3.1.1.jar;C:\Users\simon\.m2\repository\org\springframework\boot\spring-boot-starter-logging\3.1.1\spring-boot-starter-logging-3.1.1.jar;C:\Users\simon\.m2\repository\ch\qos\logback\logback-classic\1.4.8\logback-classic-1.4.8.jar;C:\Users\simon\.m2\repository\ch\qos\logback\logback-core\1.4.8\logback-core-1.4.8.jar;C:\Users\simon\.m2\repository\org\apache\logging\log4j\log4j-to-slf4j\2.20.0\log4j-to-slf4j-2.20.0.jar;C:\Users\simon\.m2\repository\org\apache\logging\log4j\log4j-api\2.20.0\log4j-api-2.20.0.jar;C:\Users\simon\.m2\repository\org\slf4j\jul-to-slf4j\2.0.7\jul-to-slf4j-2.0.7.jar;C:\Users\simon\.m2\repository\jakarta\annotation\jakarta.annotation-api\2.1.1\jakarta.annotation-api-2.1.1.jar;C:\Users\simon\.m2\repository\org\yaml\snakeyaml\1.33\snakeyaml-1.33.jar;C:\Users\simon\.m2\repository\org\springframework\boot\spring-boot-actuator-autoconfigure\3.1.1\spring-boot-actuator-autoconfigure-3.1.1.jar;C:\Users\simon\.m2\repository\org\springframework\boot\spring-boot-actuator\3.1.1\spring-boot-actuator-3.1.1.jar;C:\Users\simon\.m2\repository\com\fasterxml\jackson\core\jackson-databind\2.15.2\jackson-databind-2.15.2.jar;C:\Users\simon\.m2\repository\com\fasterxml\jackson\core\jackson-annotations\2.15.2\jackson-annotations-2.15.2.jar;C:\Users\simon\.m2\repository\com\fasterxml\jackson\core\jackson-core\2.15.2\jackson-core-2.15.2.jar;C:\Users\simon\.m2\repository\com\fasterxml\jackson\datatype\jackson-datatype-jsr310\2.15.2\jackson-datatype-jsr310-2.15.2.jar;C:\Users\simon\.m2\repository\io\micrometer\micrometer-observation\1.11.1\micrometer-observation-1.11.1.jar;C:\Users\simon\.m2\repository\io\micrometer\micrometer-commons\1.11.1\micrometer-commons-1.11.1.jar;C:\Users\simon\.m2\repository\io\micrometer\micrometer-core\1.11.1\micrometer-core-1.11.1.jar;C:\Users\simon\.m2\repository\org\hdrhistogram\HdrHistogram\2.1.12\HdrHistogram-2.1.12.jar;C:\Users\simon\.m2\repository\org\latencyutils\LatencyUtils\2.0.3\LatencyUtils-2.0.3.jar;C:\Users\simon\.m2\repository\org\springframework\boot\spring-boot-starter-validation\3.1.1\spring-boot-starter-validation-3.1.1.jar;C:\Users\simon\.m2\repository\org\apache\tomcat\embed\tomcat-embed-el\10.1.10\tomcat-embed-el-10.1.10.jar;C:\Users\simon\.m2\repository\org\hibernate\validator\hibernate-validator\8.0.0.Final\hibernate-validator-8.0.0.Final.jar;C:\Users\simon\.m2\repository\jakarta\validation\jakarta.validation-api\3.0.2\jakarta.validation-api-3.0.2.jar;C:\Users\simon\.m2\repository\org\jboss\logging\jboss-logging\3.5.1.Final\jboss-logging-3.5.1.Final.jar;C:\Users\simon\.m2\repository\com\fasterxml\classmate\1.5.1\classmate-1.5.1.jar;C:\Users\simon\.m2\repository\org\springframework\boot\spring-boot-starter-web\3.1.1\spring-boot-starter-web-3.1.1.jar;C:\Users\simon\.m2\repository\org\springframework\boot\spring-boot-starter-json\3.1.1\spring-boot-starter-json-3.1.1.jar;C:\Users\simon\.m2\repository\com\fasterxml\jackson\datatype\jackson-datatype-jdk8\2.15.2\jackson-datatype-jdk8-2.15.2.jar;C:\Users\simon\.m2\repository\com\fasterxml\jackson\module\jackson-module-parameter-names\2.15.2\jackson-module-parameter-names-2.15.2.jar;C:\Users\simon\.m2\repository\org\springframework\boot\spring-boot-starter-tomcat\3.1.1\spring-boot-starter-tomcat-3.1.1.jar;C:\Users\simon\.m2\repository\org\apache\tomcat\embed\tomcat-embed-core\10.1.10\tomcat-embed-core-10.1.10.jar;C:\Users\simon\.m2\repository\org\apache\tomcat\embed\tomcat-embed-websocket\10.1.10\tomcat-embed-websocket-10.1.10.jar;C:\Users\simon\.m2\repository\org\springframework\spring-web\6.0.10\spring-web-6.0.10.jar;C:\Users\simon\.m2\repository\org\springframework\spring-beans\6.0.10\spring-beans-6.0.10.jar;C:\Users\simon\.m2\repository\org\springframework\spring-webmvc\6.0.10\spring-webmvc-6.0.10.jar;C:\Users\simon\.m2\repository\org\springframework\spring-aop\6.0.10\spring-aop-6.0.10.jar;C:\Users\simon\.m2\repository\org\springframework\spring-context\6.0.10\spring-context-6.0.10.jar;C:\Users\simon\.m2\repository\org\springframework\spring-expression\6.0.10\spring-expression-6.0.10.jar;C:\Users\simon\.m2\repository\org\springframework\boot\spring-boot-starter-test\3.1.1\spring-boot-starter-test-3.1.1.jar;C:\Users\simon\.m2\repository\org\springframework\boot\spring-boot-test\3.1.1\spring-boot-test-3.1.1.jar;C:\Users\simon\.m2\repository\org\springframework\boot\spring-boot-test-autoconfigure\3.1.1\spring-boot-test-autoconfigure-3.1.1.jar;C:\Users\simon\.m2\repository\com\jayway\jsonpath\json-path\2.8.0\json-path-2.8.0.jar;C:\Users\simon\.m2\repository\jakarta\xml\bind\jakarta.xml.bind-api\4.0.0\jakarta.xml.bind-api-4.0.0.jar;C:\Users\simon\.m2\repository\jakarta\activation\jakarta.activation-api\2.1.2\jakarta.activation-api-2.1.2.jar;C:\Users\simon\.m2\repository\net\minidev\json-smart\2.4.11\json-smart-2.4.11.jar;C:\Users\simon\.m2\repository\net\minidev\accessors-smart\2.4.11\accessors-smart-2.4.11.jar;C:\Users\simon\.m2\repository\org\assertj\assertj-core\3.24.2\assertj-core-3.24.2.jar;C:\Users\simon\.m2\repository\net\bytebuddy\byte-buddy\1.14.5\byte-buddy-1.14.5.jar;C:\Users\simon\.m2\repository\org\hamcrest\hamcrest\2.2\hamcrest-2.2.jar;C:\Users\simon\.m2\repository\org\junit\jupiter\junit-jupiter\5.9.3\junit-jupiter-5.9.3.jar;C:\Users\simon\.m2\repository\org\junit\jupiter\junit-jupiter-params\5.9.3\junit-jupiter-params-5.9.3.jar;C:\Users\simon\.m2\repository\org\junit\jupiter\junit-jupiter-engine\5.9.3\junit-jupiter-engine-5.9.3.jar;C:\Users\simon\.m2\repository\org\junit\platform\junit-platform-engine\1.9.3\junit-platform-engine-1.9.3.jar;C:\Users\simon\.m2\repository\org\mockito\mockito-core\5.3.1\mockito-core-5.3.1.jar;C:\Users\simon\.m2\repository\net\bytebuddy\byte-buddy-agent\1.14.5\byte-buddy-agent-1.14.5.jar;C:\Users\simon\.m2\repository\org\objenesis\objenesis\3.3\objenesis-3.3.jar;C:\Users\simon\.m2\repository\org\mockito\mockito-junit-jupiter\5.3.1\mockito-junit-jupiter-5.3.1.jar;C:\Users\simon\.m2\repository\org\skyscreamer\jsonassert\1.5.1\jsonassert-1.5.1.jar;C:\Users\simon\.m2\repository\com\vaadin\external\google\android-json\0.0.20131108.vaadin1\android-json-0.0.20131108.vaadin1.jar;C:\Users\simon\.m2\repository\org\springframework\spring-core\6.0.10\spring-core-6.0.10.jar;C:\Users\simon\.m2\repository\org\springframework\spring-jcl\6.0.10\spring-jcl-6.0.10.jar;C:\Users\simon\.m2\repository\org\springframework\spring-test\6.0.10\spring-test-6.0.10.jar;C:\Users\simon\.m2\repository\org\xmlunit\xmlunit-core\2.9.1\xmlunit-core-2.9.1.jar;C:\Users\simon\.m2\repository\org\apache\commons\commons-lang3\3.12.0\commons-lang3-3.12.0.jar;C:\Users\simon\.m2\repository\org\junit\jupiter\junit-jupiter-api\5.9.3\junit-jupiter-api-5.9.3.jar;C:\Users\simon\.m2\repository\org\opentest4j\opentest4j\1.2.0\opentest4j-1.2.0.jar;C:\Users\simon\.m2\repository\org\junit\platform\junit-platform-commons\1.9.3\junit-platform-commons-1.9.3.jar;C:\Users\simon\.m2\repository\org\apiguardian\apiguardian-api\1.1.2\apiguardian-api-1.1.2.jar;C:\Users\simon\.m2\repository\org\jacoco\jacoco-maven-plugin\0.8.10\jacoco-maven-plugin-0.8.10.jar;C:\Users\simon\.m2\repository\org\codehaus\plexus\plexus-utils\3.0.24\plexus-utils-3.0.24.jar;C:\Users\simon\.m2\repository\org\apache\maven\shared\file-management\1.2.1\file-management-1.2.1.jar;C:\Users\simon\.m2\repository\org\apache\maven\maven-plugin-api\2.0.6\maven-plugin-api-2.0.6.jar;C:\Users\simon\.m2\repository\org\apache\maven\shared\maven-shared-io\1.1\maven-shared-io-1.1.jar;C:\Users\simon\.m2\repository\org\apache\maven\maven-artifact\2.0.2\maven-artifact-2.0.2.jar;C:\Users\simon\.m2\repository\org\apache\maven\maven-artifact-manager\2.0.2\maven-artifact-manager-2.0.2.jar;C:\Users\simon\.m2\repository\org\apache\maven\maven-repository-metadata\2.0.2\maven-repository-metadata-2.0.2.jar;C:\Users\simon\.m2\repository\org\apache\maven\wagon\wagon-provider-api\1.0-alpha-6\wagon-provider-api-1.0-alpha-6.jar;C:\Users\simon\.m2\repository\org\codehaus\plexus\plexus-container-default\1.0-alpha-9\plexus-container-default-1.0-alpha-9.jar;C:\Users\simon\.m2\repository\junit\junit\4.13.2\junit-4.13.2.jar;C:\Users\simon\.m2\repository\org\hamcrest\hamcrest-core\2.2\hamcrest-core-2.2.jar;C:\Users\simon\.m2\repository\classworlds\classworlds\1.1-alpha-2\classworlds-1.1-alpha-2.jar;C:\Users\simon\.m2\repository\org\apache\maven\reporting\maven-reporting-api\3.0\maven-reporting-api-3.0.jar;C:\Users\simon\.m2\repository\org\apache\maven\doxia\doxia-sink-api\1.0\doxia-sink-api-1.0.jar;C:\Users\simon\.m2\repository\org\jacoco\org.jacoco.agent\0.8.10\org.jacoco.agent-0.8.10-runtime.jar;C:\Users\simon\.m2\repository\org\jacoco\org.jacoco.core\0.8.10\org.jacoco.core-0.8.10.jar;C:\Users\simon\.m2\repository\org\ow2\asm\asm\9.5\asm-9.5.jar;C:\Users\simon\.m2\repository\org\ow2\asm\asm-commons\9.5\asm-commons-9.5.jar;C:\Users\simon\.m2\repository\org\ow2\asm\asm-tree\9.5\asm-tree-9.5.jar;C:\Users\simon\.m2\repository\org\jacoco\org.jacoco.report\0.8.10\org.jacoco.report-0.8.10.jar;C:\Users\simon\.m2\repository\gpsUtil\gpsUtil\1.0.0\gpsUtil-1.0.0.jar;C:\Users\simon\.m2\repository\com\google\code\findbugs\jsr305\1.3.9\jsr305-1.3.9.jar;C:\Users\simon\.m2\repository\com\google\errorprone\error_prone_annotations\2.0.18\error_prone_annotations-2.0.18.jar;C:\Users\simon\.m2\repository\com\google\j2objc\j2objc-annotations\1.1\j2objc-annotations-1.1.jar;C:\Users\simon\.m2\repository\org\codehaus\mojo\animal-sniffer-annotations\1.14\animal-sniffer-annotations-1.14.jar;C:\Users\simon\.m2\repository\tripPricer\tripPricer\1.0.0\tripPricer-1.0.0.jar;C:\Users\simon\.m2\repository\rewardCentral\rewardCentral\1.0.0\rewardCentral-1.0.0.jar;C:\Users\simon\.m2\repository\org\testng\testng\7.8.0\testng-7.8.0.jar;C:\Users\simon\.m2\repository\org\slf4j\slf4j-api\2.0.7\slf4j-api-2.0.7.jar;C:\Users\simon\.m2\repository\com\beust\jcommander\1.82\jcommander-1.82.jar;C:\Users\simon\.m2\repository\org\webjars\jquery\3.6.1\jquery-3.6.1.jar;"/>
    <property name="sun.cpu.endian" value="little"/>
    <property name="user.home" value="C:\Users\simon"/>
    <property name="user.language" value="fr"/>
    <property name="java.specification.vendor" value="Oracle Corporation"/>
    <property name="java.version.date" value="2023-01-17"/>
    <property name="java.home" value="C:\Program Files\Java\jdk-17"/>
    <property name="file.separator" value="\"/>
    <property name="basedir" value="C:\Users\simon\eclipse-workspace\TourGuide"/>
    <property name="java.vm.compressedOopsMode" value="Zero based"/>
    <property name="line.separator" value="&#10;"/>
    <property name="java.vm.specification.vendor" value="Oracle Corporation"/>
    <property name="java.specification.name" value="Java Platform API Specification"/>
    <property name="surefire.real.class.path" value="C:\Users\simon\AppData\Local\Temp\surefire14255295673560699602\surefirebooter-20230927102446518_3.jar"/>
    <property name="user.script" value=""/>
    <property name="sun.management.compiler" value="HotSpot 64-Bit Tiered Compilers"/>
    <property name="java.runtime.version" value="17.0.6+9-LTS-190"/>
    <property name="user.name" value="Simon"/>
    <property name="path.separator" value=";"/>
    <property name="os.version" value="10.0"/>
    <property name="java.runtime.name" value="Java(TM) SE Runtime Environment"/>
    <property name="file.encoding" value="Cp1252"/>
    <property name="java.vm.name" value="Java HotSpot(TM) 64-Bit Server VM"/>
    <property name="localRepository" value="C:\Users\simon\.m2\repository"/>
    <property name="java.vendor.url.bug" value="https://bugreport.java.com/bugreport/"/>
    <property name="java.io.tmpdir" value="C:\Users\simon\AppData\Local\Temp\"/>
    <property name="java.version" value="17.0.6"/>
    <property name="user.dir" value="C:\Users\simon\eclipse-workspace\TourGuide"/>
    <property name="os.arch" value="amd64"/>
    <property name="java.vm.specification.name" value="Java Virtual Machine Specification"/>
    <property name="sun.os.patch.level" value=""/>
    <property name="native.encoding" value="Cp1252"/>
    <property name="java.library.path" value="C:\Program Files\Java\jdk-17\bin;C:\WINDOWS\Sun\Java\bin;C:\WINDOWS\system32;C:\WINDOWS;C:\Program Files (x86)\Cmder\vendor\conemu-maximus5\ConEmu\Scripts;C:\Program Files (x86)\Cmder\vendor\conemu-maximus5;C:\Program Files (x86)\Cmder\vendor\conemu-maximus5\ConEmu;C:\Program Files\Common Files\Oracle\Java\javapath;C:\Program Files (x86)\Common Files\Oracle\Java\javapath;C:\Windows\system32;C:\Windows;C:\Windows\System32\Wbem;C:\Windows\System32\WindowsPowerShell\v1.0\;C:\Windows\System32\OpenSSH\;C:\Program Files (x86)\NVIDIA Corporation\PhysX\Common;C:\Program Files\NVIDIA Corporation\NVIDIA NvDLISR;C:\Program Files\dotnet\;C:\Program Files\Git\cmd;C:\WINDOWS\system32;C:\WINDOWS;C:\WINDOWS\System32\Wbem;C:\WINDOWS\System32\WindowsPowerShell\v1.0\;C:\WINDOWS\System32\OpenSSH\;C:\Program Files\Gradle\gradle-8.1.1\bin;C:\Program Files (x86)\Windows Live\Shared;C:\Users\simon\AppData\Local\Microsoft\WindowsApps;C:\Users\simon\AppData\Local\Programs\Microsoft VS Code\bin;C:\Users\simon\AppData\Local\GitHubDesktop\bin;C:\Program Files\Maven\apache-maven-3.9.1\bin;C:\Program Files\MySQL\MySQL Server 8.0\bin;C:\Program Files\Git\mingw64\bin;C:\Program Files\Git\usr\bin;C:\Program Files (x86)\Cmder\vendor\bin;C:\Program Files (x86)\Cmder;."/>
    <property name="java.vm.info" value="mixed mode, sharing"/>
    <property name="java.vendor" value="Oracle Corporation"/>
    <property name="java.vm.version" value="17.0.6+9-LTS-190"/>
    <property name="sun.io.unicode.encoding" value="UnicodeLittle"/>
    <property name="java.class.version" value="61.0"/>
  </properties>
  <testcase name="highVolumeTrackLocation" classname="com.openclassrooms.tourguide.TestPerformance" time="0.874">
    <system-out><![CDATA[10:24:47.715 [main] INFO com.openclassrooms.tourguide.service.TourGuideService -- TestMode enabled
10:24:47.816 [main] INFO com.openclassrooms.tourguide.service.TourGuideService -- Tracking all 100 users
10:24:47.816 [pool-2-thread-1] INFO com.openclassrooms.tourguide.tracker.Tracker -- Begin Tracker. Tracking 100 users.
10:24:47.869 [ForkJoinPool.commonPool-worker-1] INFO com.openclassrooms.tourguide.service.TourGuideService -- Adding the current location to the user internalUser78
10:24:47.872 [ForkJoinPool.commonPool-worker-3] INFO com.openclassrooms.tourguide.service.TourGuideService -- Adding the current location to the user internalUser79
10:24:47.877 [ForkJoinPool.commonPool-worker-14] INFO com.openclassrooms.tourguide.service.TourGuideService -- Adding the current location to the user internalUser85
10:24:47.880 [ForkJoinPool.commonPool-worker-11] INFO com.openclassrooms.tourguide.service.TourGuideService -- Adding the current location to the user internalUser90
10:24:47.884 [pool-2-thread-1] INFO com.openclassrooms.tourguide.service.TourGuideService -- Adding the current location to the user internalUser78
10:24:47.892 [ForkJoinPool.commonPool-worker-13] INFO com.openclassrooms.tourguide.service.TourGuideService -- Adding the current location to the user internalUser88
10:24:47.896 [ForkJoinPool.commonPool-worker-5] INFO com.openclassrooms.tourguide.service.TourGuideService -- Adding the current location to the user internalUser73
10:24:47.902 [ForkJoinPool.commonPool-worker-10] INFO com.openclassrooms.tourguide.service.TourGuideService -- Adding the current location to the user internalUser71
10:24:47.902 [ForkJoinPool.commonPool-worker-8] INFO com.openclassrooms.tourguide.service.TourGuideService -- Adding the current location to the user internalUser70
10:24:47.902 [ForkJoinPool.commonPool-worker-9] INFO com.openclassrooms.tourguide.service.TourGuideService -- Adding the current location to the user internalUser72
10:24:47.905 [ForkJoinPool.commonPool-worker-6] INFO com.openclassrooms.tourguide.service.TourGuideService -- Adding the current location to the user internalUser76
10:24:47.905 [ForkJoinPool.commonPool-worker-1] INFO com.openclassrooms.tourguide.service.TourGuideService -- Tracking internalUser78
10:24:47.905 [ForkJoinPool.commonPool-worker-3] INFO com.openclassrooms.tourguide.service.TourGuideService -- Tracking internalUser79
10:24:47.905 [ForkJoinPool.commonPool-worker-13] INFO com.openclassrooms.tourguide.service.TourGuideService -- Tracking internalUser88
10:24:47.905 [ForkJoinPool.commonPool-worker-14] INFO com.openclassrooms.tourguide.service.TourGuideService -- Tracking internalUser85
10:24:47.905 [ForkJoinPool.commonPool-worker-11] INFO com.openclassrooms.tourguide.service.TourGuideService -- Tracking internalUser90
10:24:47.908 [ForkJoinPool.commonPool-worker-5] INFO com.openclassrooms.tourguide.service.TourGuideService -- Tracking internalUser73
10:24:47.909 [ForkJoinPool.commonPool-worker-12] INFO com.openclassrooms.tourguide.service.TourGuideService -- Adding the current location to the user internalUser89
10:24:47.914 [ForkJoinPool.commonPool-worker-15] INFO com.openclassrooms.tourguide.service.TourGuideService -- Adding the current location to the user internalUser84
10:24:47.914 [ForkJoinPool.commonPool-worker-10] INFO com.openclassrooms.tourguide.service.TourGuideService -- Tracking internalUser71
10:24:47.914 [ForkJoinPool.commonPool-worker-8] INFO com.openclassrooms.tourguide.service.TourGuideService -- Tracking internalUser70
10:24:47.914 [ForkJoinPool.commonPool-worker-9] INFO com.openclassrooms.tourguide.service.TourGuideService -- Tracking internalUser72
10:24:47.917 [ForkJoinPool.commonPool-worker-6] INFO com.openclassrooms.tourguide.service.TourGuideService -- Tracking internalUser76
10:24:47.917 [ForkJoinPool.commonPool-worker-7] INFO com.openclassrooms.tourguide.service.TourGuideService -- Adding the current location to the user internalUser75
10:24:47.917 [ForkJoinPool.commonPool-worker-2] INFO com.openclassrooms.tourguide.service.TourGuideService -- Adding the current location to the user internalUser77
10:24:47.920 [ForkJoinPool.commonPool-worker-12] INFO com.openclassrooms.tourguide.service.TourGuideService -- Tracking internalUser89
10:24:47.923 [ForkJoinPool.commonPool-worker-4] INFO com.openclassrooms.tourguide.service.TourGuideService -- Adding the current location to the user internalUser74
10:24:47.925 [ForkJoinPool.commonPool-worker-15] INFO com.openclassrooms.tourguide.service.TourGuideService -- Tracking internalUser84
10:24:47.930 [ForkJoinPool.commonPool-worker-7] INFO com.openclassrooms.tourguide.service.TourGuideService -- Tracking internalUser75
10:24:47.930 [ForkJoinPool.commonPool-worker-2] INFO com.openclassrooms.tourguide.service.TourGuideService -- Tracking internalUser77
10:24:47.934 [ForkJoinPool.commonPool-worker-4] INFO com.openclassrooms.tourguide.service.TourGuideService -- Tracking internalUser74
10:24:47.942 [pool-2-thread-1] INFO com.openclassrooms.tourguide.service.TourGuideService -- Adding the current location to the user internalUser77
10:24:47.943 [ForkJoinPool.commonPool-worker-5] INFO com.openclassrooms.tourguide.service.TourGuideService -- Adding the current location to the user internalUser82
10:24:47.954 [ForkJoinPool.commonPool-worker-5] INFO com.openclassrooms.tourguide.service.TourGuideService -- Tracking internalUser82
10:24:47.958 [ForkJoinPool.commonPool-worker-10] INFO com.openclassrooms.tourguide.service.TourGuideService -- Adding the current location to the user internalUser9
10:24:47.960 [ForkJoinPool.commonPool-worker-8] INFO com.openclassrooms.tourguide.service.TourGuideService -- Adding the current location to the user internalUser8
10:24:47.968 [ForkJoinPool.commonPool-worker-7] INFO com.openclassrooms.tourguide.service.TourGuideService -- Adding the current location to the user internalUser17
10:24:47.968 [ForkJoinPool.commonPool-worker-11] INFO com.openclassrooms.tourguide.service.TourGuideService -- Adding the current location to the user internalUser83
10:24:47.969 [ForkJoinPool.commonPool-worker-14] INFO com.openclassrooms.tourguide.service.TourGuideService -- Adding the current location to the user internalUser80
10:24:47.970 [ForkJoinPool.commonPool-worker-10] INFO com.openclassrooms.tourguide.service.TourGuideService -- Tracking internalUser9
10:24:47.970 [ForkJoinPool.commonPool-worker-8] INFO com.openclassrooms.tourguide.service.TourGuideService -- Tracking internalUser8
10:24:47.979 [ForkJoinPool.commonPool-worker-11] INFO com.openclassrooms.tourguide.service.TourGuideService -- Tracking internalUser83
10:24:47.979 [ForkJoinPool.commonPool-worker-7] INFO com.openclassrooms.tourguide.service.TourGuideService -- Tracking internalUser17
10:24:47.980 [ForkJoinPool.commonPool-worker-14] INFO com.openclassrooms.tourguide.service.TourGuideService -- Tracking internalUser80
10:24:47.981 [ForkJoinPool.commonPool-worker-15] INFO com.openclassrooms.tourguide.service.TourGuideService -- Adding the current location to the user internalUser18
10:24:47.985 [ForkJoinPool.commonPool-worker-13] INFO com.openclassrooms.tourguide.service.TourGuideService -- Adding the current location to the user internalUser81
10:24:47.985 [pool-2-thread-1] INFO com.openclassrooms.tourguide.service.TourGuideService -- Adding the current location to the user internalUser79
10:24:47.988 [ForkJoinPool.commonPool-worker-3] INFO com.openclassrooms.tourguide.service.TourGuideService -- Adding the current location to the user internalUser86
10:24:47.990 [ForkJoinPool.commonPool-worker-4] INFO com.openclassrooms.tourguide.service.TourGuideService -- Adding the current location to the user internalUser11
10:24:47.992 [ForkJoinPool.commonPool-worker-9] INFO com.openclassrooms.tourguide.service.TourGuideService -- Adding the current location to the user internalUser19
10:24:47.992 [ForkJoinPool.commonPool-worker-6] INFO com.openclassrooms.tourguide.service.TourGuideService -- Adding the current location to the user internalUser16
10:24:47.993 [ForkJoinPool.commonPool-worker-15] INFO com.openclassrooms.tourguide.service.TourGuideService -- Tracking internalUser18
10:24:47.996 [ForkJoinPool.commonPool-worker-13] INFO com.openclassrooms.tourguide.service.TourGuideService -- Tracking internalUser81
10:24:47.996 [ForkJoinPool.commonPool-worker-5] INFO com.openclassrooms.tourguide.service.TourGuideService -- Adding the current location to the user internalUser99
10:24:47.998 [ForkJoinPool.commonPool-worker-3] INFO com.openclassrooms.tourguide.service.TourGuideService -- Tracking internalUser86
10:24:48.000 [ForkJoinPool.commonPool-worker-4] INFO com.openclassrooms.tourguide.service.TourGuideService -- Tracking internalUser11
10:24:48.002 [ForkJoinPool.commonPool-worker-1] INFO com.openclassrooms.tourguide.service.TourGuideService -- Adding the current location to the user internalUser87
10:24:48.003 [ForkJoinPool.commonPool-worker-6] INFO com.openclassrooms.tourguide.service.TourGuideService -- Tracking internalUser16
10:24:48.003 [ForkJoinPool.commonPool-worker-9] INFO com.openclassrooms.tourguide.service.TourGuideService -- Tracking internalUser19
10:24:48.009 [ForkJoinPool.commonPool-worker-5] INFO com.openclassrooms.tourguide.service.TourGuideService -- Tracking internalUser99
10:24:48.010 [ForkJoinPool.commonPool-worker-2] INFO com.openclassrooms.tourguide.service.TourGuideService -- Adding the current location to the user internalUser12
10:24:48.013 [ForkJoinPool.commonPool-worker-1] INFO com.openclassrooms.tourguide.service.TourGuideService -- Tracking internalUser87
10:24:48.021 [ForkJoinPool.commonPool-worker-12] INFO com.openclassrooms.tourguide.service.TourGuideService -- Adding the current location to the user internalUser15
10:24:48.021 [ForkJoinPool.commonPool-worker-2] INFO com.openclassrooms.tourguide.service.TourGuideService -- Tracking internalUser12
10:24:48.023 [ForkJoinPool.commonPool-worker-10] INFO com.openclassrooms.tourguide.service.TourGuideService -- Adding the current location to the user internalUser14
10:24:48.023 [ForkJoinPool.commonPool-worker-8] INFO com.openclassrooms.tourguide.service.TourGuideService -- Adding the current location to the user internalUser13
10:24:48.030 [ForkJoinPool.commonPool-worker-15] INFO com.openclassrooms.tourguide.service.TourGuideService -- Adding the current location to the user internalUser95
10:24:48.032 [ForkJoinPool.commonPool-worker-12] INFO com.openclassrooms.tourguide.service.TourGuideService -- Tracking internalUser15
10:24:48.034 [ForkJoinPool.commonPool-worker-9] INFO com.openclassrooms.tourguide.service.TourGuideService -- Adding the current location to the user internalUser97
10:24:48.034 [ForkJoinPool.commonPool-worker-8] INFO com.openclassrooms.tourguide.service.TourGuideService -- Tracking internalUser13
10:24:48.034 [ForkJoinPool.commonPool-worker-10] INFO com.openclassrooms.tourguide.service.TourGuideService -- Tracking internalUser14
10:24:48.041 [ForkJoinPool.commonPool-worker-15] INFO com.openclassrooms.tourguide.service.TourGuideService -- Tracking internalUser95
10:24:48.045 [ForkJoinPool.commonPool-worker-9] INFO com.openclassrooms.tourguide.service.TourGuideService -- Tracking internalUser97
10:24:48.055 [ForkJoinPool.commonPool-worker-4] INFO com.openclassrooms.tourguide.service.TourGuideService -- Adding the current location to the user internalUser98
10:24:48.056 [ForkJoinPool.commonPool-worker-11] INFO com.openclassrooms.tourguide.service.TourGuideService -- Adding the current location to the user internalUser3
10:24:48.058 [ForkJoinPool.commonPool-worker-7] INFO com.openclassrooms.tourguide.service.TourGuideService -- Adding the current location to the user internalUser96
10:24:48.066 [ForkJoinPool.commonPool-worker-4] INFO com.openclassrooms.tourguide.service.TourGuideService -- Tracking internalUser98
10:24:48.067 [ForkJoinPool.commonPool-worker-11] INFO com.openclassrooms.tourguide.service.TourGuideService -- Tracking internalUser3
10:24:48.070 [ForkJoinPool.commonPool-worker-7] INFO com.openclassrooms.tourguide.service.TourGuideService -- Tracking internalUser96
10:24:48.075 [ForkJoinPool.commonPool-worker-14] INFO com.openclassrooms.tourguide.service.TourGuideService -- Adding the current location to the user internalUser2
10:24:48.076 [ForkJoinPool.commonPool-worker-13] INFO com.openclassrooms.tourguide.service.TourGuideService -- Adding the current location to the user internalUser1
10:24:48.085 [ForkJoinPool.commonPool-worker-14] INFO com.openclassrooms.tourguide.service.TourGuideService -- Tracking internalUser2
10:24:48.086 [ForkJoinPool.commonPool-worker-10] INFO com.openclassrooms.tourguide.service.TourGuideService -- Adding the current location to the user internalUser94
10:24:48.086 [ForkJoinPool.commonPool-worker-13] INFO com.openclassrooms.tourguide.service.TourGuideService -- Tracking internalUser1
10:24:48.090 [ForkJoinPool.commonPool-worker-15] INFO com.openclassrooms.tourguide.service.TourGuideService -- Adding the current location to the user internalUser4
10:24:48.093 [ForkJoinPool.commonPool-worker-1] INFO com.openclassrooms.tourguide.service.TourGuideService -- Adding the current location to the user internalUser92
10:24:48.097 [ForkJoinPool.commonPool-worker-8] INFO com.openclassrooms.tourguide.service.TourGuideService -- Adding the current location to the user internalUser5
10:24:48.097 [pool-2-thread-1] INFO com.openclassrooms.tourguide.service.TourGuideService -- Adding the current location to the user internalUser74
10:24:48.097 [ForkJoinPool.commonPool-worker-10] INFO com.openclassrooms.tourguide.service.TourGuideService -- Tracking internalUser94
10:24:48.100 [ForkJoinPool.commonPool-worker-6] INFO com.openclassrooms.tourguide.service.TourGuideService -- Adding the current location to the user internalUser0
10:24:48.100 [ForkJoinPool.commonPool-worker-3] INFO com.openclassrooms.tourguide.service.TourGuideService -- Adding the current location to the user internalUser10
10:24:48.100 [ForkJoinPool.commonPool-worker-12] INFO com.openclassrooms.tourguide.service.TourGuideService -- Adding the current location to the user internalUser91
10:24:48.101 [ForkJoinPool.commonPool-worker-5] INFO com.openclassrooms.tourguide.service.TourGuideService -- Adding the current location to the user internalUser7
10:24:48.101 [ForkJoinPool.commonPool-worker-9] INFO com.openclassrooms.tourguide.service.TourGuideService -- Adding the current location to the user internalUser93
10:24:48.101 [ForkJoinPool.commonPool-worker-15] INFO com.openclassrooms.tourguide.service.TourGuideService -- Tracking internalUser4
10:24:48.103 [ForkJoinPool.commonPool-worker-1] INFO com.openclassrooms.tourguide.service.TourGuideService -- Tracking internalUser92
10:24:48.107 [ForkJoinPool.commonPool-worker-2] INFO com.openclassrooms.tourguide.service.TourGuideService -- Adding the current location to the user internalUser6
10:24:48.108 [ForkJoinPool.commonPool-worker-8] INFO com.openclassrooms.tourguide.service.TourGuideService -- Tracking internalUser5
10:24:48.111 [ForkJoinPool.commonPool-worker-6] INFO com.openclassrooms.tourguide.service.TourGuideService -- Tracking internalUser0
10:24:48.111 [ForkJoinPool.commonPool-worker-12] INFO com.openclassrooms.tourguide.service.TourGuideService -- Tracking internalUser91
10:24:48.112 [ForkJoinPool.commonPool-worker-9] INFO com.openclassrooms.tourguide.service.TourGuideService -- Tracking internalUser93
10:24:48.112 [ForkJoinPool.commonPool-worker-3] INFO com.openclassrooms.tourguide.service.TourGuideService -- Tracking internalUser10
10:24:48.112 [ForkJoinPool.commonPool-worker-5] INFO com.openclassrooms.tourguide.service.TourGuideService -- Tracking internalUser7
10:24:48.115 [ForkJoinPool.commonPool-worker-7] INFO com.openclassrooms.tourguide.service.TourGuideService -- Adding the current location to the user internalUser29
10:24:48.117 [ForkJoinPool.commonPool-worker-2] INFO com.openclassrooms.tourguide.service.TourGuideService -- Tracking internalUser6
10:24:48.118 [ForkJoinPool.commonPool-worker-11] INFO com.openclassrooms.tourguide.service.TourGuideService -- Adding the current location to the user internalUser26
10:24:48.124 [ForkJoinPool.commonPool-worker-4] INFO com.openclassrooms.tourguide.service.TourGuideService -- Adding the current location to the user internalUser27
10:24:48.126 [ForkJoinPool.commonPool-worker-7] INFO com.openclassrooms.tourguide.service.TourGuideService -- Tracking internalUser29
10:24:48.129 [ForkJoinPool.commonPool-worker-10] INFO com.openclassrooms.tourguide.service.TourGuideService -- Adding the current location to the user internalUser22
10:24:48.129 [ForkJoinPool.commonPool-worker-11] INFO com.openclassrooms.tourguide.service.TourGuideService -- Tracking internalUser26
10:24:48.135 [ForkJoinPool.commonPool-worker-4] INFO com.openclassrooms.tourguide.service.TourGuideService -- Tracking internalUser27
10:24:48.141 [ForkJoinPool.commonPool-worker-10] INFO com.openclassrooms.tourguide.service.TourGuideService -- Tracking internalUser22
10:24:48.145 [ForkJoinPool.commonPool-worker-15] INFO com.openclassrooms.tourguide.service.TourGuideService -- Adding the current location to the user internalUser25
10:24:48.148 [ForkJoinPool.commonPool-worker-6] INFO com.openclassrooms.tourguide.service.TourGuideService -- Adding the current location to the user internalUser20
10:24:48.150 [ForkJoinPool.commonPool-worker-12] INFO com.openclassrooms.tourguide.service.TourGuideService -- Adding the current location to the user internalUser38
10:24:48.156 [ForkJoinPool.commonPool-worker-15] INFO com.openclassrooms.tourguide.service.TourGuideService -- Tracking internalUser25
10:24:48.159 [ForkJoinPool.commonPool-worker-6] INFO com.openclassrooms.tourguide.service.TourGuideService -- Tracking internalUser20
10:24:48.161 [ForkJoinPool.commonPool-worker-12] INFO com.openclassrooms.tourguide.service.TourGuideService -- Tracking internalUser38
10:24:48.163 [ForkJoinPool.commonPool-worker-11] INFO com.openclassrooms.tourguide.service.TourGuideService -- Adding the current location to the user internalUser35
10:24:48.167 [ForkJoinPool.commonPool-worker-13] INFO com.openclassrooms.tourguide.service.TourGuideService -- Adding the current location to the user internalUser23
10:24:48.170 [ForkJoinPool.commonPool-worker-14] INFO com.openclassrooms.tourguide.service.TourGuideService -- Adding the current location to the user internalUser28
10:24:48.170 [ForkJoinPool.commonPool-worker-4] INFO com.openclassrooms.tourguide.service.TourGuideService -- Adding the current location to the user internalUser30
10:24:48.174 [ForkJoinPool.commonPool-worker-11] INFO com.openclassrooms.tourguide.service.TourGuideService -- Tracking internalUser35
10:24:48.178 [ForkJoinPool.commonPool-worker-7] INFO com.openclassrooms.tourguide.service.TourGuideService -- Adding the current location to the user internalUser36
10:24:48.178 [ForkJoinPool.commonPool-worker-13] INFO com.openclassrooms.tourguide.service.TourGuideService -- Tracking internalUser23
10:24:48.179 [ForkJoinPool.commonPool-worker-2] INFO com.openclassrooms.tourguide.service.TourGuideService -- Adding the current location to the user internalUser33
10:24:48.181 [ForkJoinPool.commonPool-worker-4] INFO com.openclassrooms.tourguide.service.TourGuideService -- Tracking internalUser30
10:24:48.181 [ForkJoinPool.commonPool-worker-14] INFO com.openclassrooms.tourguide.service.TourGuideService -- Tracking internalUser28
10:24:48.188 [ForkJoinPool.commonPool-worker-7] INFO com.openclassrooms.tourguide.service.TourGuideService -- Tracking internalUser36
10:24:48.189 [ForkJoinPool.commonPool-worker-2] INFO com.openclassrooms.tourguide.service.TourGuideService -- Tracking internalUser33
10:24:48.196 [ForkJoinPool.commonPool-worker-1] INFO com.openclassrooms.tourguide.service.TourGuideService -- Adding the current location to the user internalUser24
10:24:48.199 [ForkJoinPool.commonPool-worker-3] INFO com.openclassrooms.tourguide.service.TourGuideService -- Adding the current location to the user internalUser39
10:24:48.200 [ForkJoinPool.commonPool-worker-15] INFO com.openclassrooms.tourguide.service.TourGuideService -- Adding the current location to the user internalUser31
10:24:48.201 [ForkJoinPool.commonPool-worker-9] INFO com.openclassrooms.tourguide.service.TourGuideService -- Adding the current location to the user internalUser37
10:24:48.202 [pool-2-thread-1] INFO com.openclassrooms.tourguide.service.TourGuideService -- Adding the current location to the user internalUser73
10:24:48.204 [ForkJoinPool.commonPool-worker-8] INFO com.openclassrooms.tourguide.service.TourGuideService -- Adding the current location to the user internalUser21
10:24:48.207 [ForkJoinPool.commonPool-worker-1] INFO com.openclassrooms.tourguide.service.TourGuideService -- Tracking internalUser24
10:24:48.211 [ForkJoinPool.commonPool-worker-3] INFO com.openclassrooms.tourguide.service.TourGuideService -- Tracking internalUser39
10:24:48.212 [ForkJoinPool.commonPool-worker-5] INFO com.openclassrooms.tourguide.service.TourGuideService -- Adding the current location to the user internalUser34
10:24:48.212 [ForkJoinPool.commonPool-worker-9] INFO com.openclassrooms.tourguide.service.TourGuideService -- Tracking internalUser37
10:24:48.212 [ForkJoinPool.commonPool-worker-15] INFO com.openclassrooms.tourguide.service.TourGuideService -- Tracking internalUser31
10:24:48.215 [ForkJoinPool.commonPool-worker-8] INFO com.openclassrooms.tourguide.service.TourGuideService -- Tracking internalUser21
10:24:48.223 [ForkJoinPool.commonPool-worker-5] INFO com.openclassrooms.tourguide.service.TourGuideService -- Tracking internalUser34
10:24:48.224 [ForkJoinPool.commonPool-worker-10] INFO com.openclassrooms.tourguide.service.TourGuideService -- Adding the current location to the user internalUser32
10:24:48.229 [ForkJoinPool.commonPool-worker-12] INFO com.openclassrooms.tourguide.service.TourGuideService -- Adding the current location to the user internalUser48
10:24:48.233 [ForkJoinPool.commonPool-worker-6] INFO com.openclassrooms.tourguide.service.TourGuideService -- Adding the current location to the user internalUser49
10:24:48.235 [ForkJoinPool.commonPool-worker-10] INFO com.openclassrooms.tourguide.service.TourGuideService -- Tracking internalUser32
10:24:48.241 [ForkJoinPool.commonPool-worker-12] INFO com.openclassrooms.tourguide.service.TourGuideService -- Tracking internalUser48
10:24:48.242 [ForkJoinPool.commonPool-worker-14] INFO com.openclassrooms.tourguide.service.TourGuideService -- Adding the current location to the user internalUser46
10:24:48.244 [ForkJoinPool.commonPool-worker-4] INFO com.openclassrooms.tourguide.service.TourGuideService -- Adding the current location to the user internalUser47
10:24:48.244 [ForkJoinPool.commonPool-worker-6] INFO com.openclassrooms.tourguide.service.TourGuideService -- Tracking internalUser49
10:24:48.248 [ForkJoinPool.commonPool-worker-11] INFO com.openclassrooms.tourguide.service.TourGuideService -- Adding the current location to the user internalUser45
10:24:48.252 [ForkJoinPool.commonPool-worker-13] INFO com.openclassrooms.tourguide.service.TourGuideService -- Adding the current location to the user internalUser44
10:24:48.252 [ForkJoinPool.commonPool-worker-1] INFO com.openclassrooms.tourguide.service.TourGuideService -- Adding the current location to the user internalUser43
10:24:48.253 [ForkJoinPool.commonPool-worker-3] INFO com.openclassrooms.tourguide.service.TourGuideService -- Adding the current location to the user internalUser42
10:24:48.253 [ForkJoinPool.commonPool-worker-14] INFO com.openclassrooms.tourguide.service.TourGuideService -- Tracking internalUser46
10:24:48.256 [ForkJoinPool.commonPool-worker-4] INFO com.openclassrooms.tourguide.service.TourGuideService -- Tracking internalUser47
10:24:48.258 [ForkJoinPool.commonPool-worker-7] INFO com.openclassrooms.tourguide.service.TourGuideService -- Adding the current location to the user internalUser41
10:24:48.258 [ForkJoinPool.commonPool-worker-11] INFO com.openclassrooms.tourguide.service.TourGuideService -- Tracking internalUser45
10:24:48.263 [ForkJoinPool.commonPool-worker-1] INFO com.openclassrooms.tourguide.service.TourGuideService -- Tracking internalUser43
10:24:48.263 [ForkJoinPool.commonPool-worker-13] INFO com.openclassrooms.tourguide.service.TourGuideService -- Tracking internalUser44
10:24:48.264 [ForkJoinPool.commonPool-worker-3] INFO com.openclassrooms.tourguide.service.TourGuideService -- Tracking internalUser42
10:24:48.269 [ForkJoinPool.commonPool-worker-2] INFO com.openclassrooms.tourguide.service.TourGuideService -- Adding the current location to the user internalUser40
10:24:48.269 [ForkJoinPool.commonPool-worker-7] INFO com.openclassrooms.tourguide.service.TourGuideService -- Tracking internalUser41
10:24:48.280 [ForkJoinPool.commonPool-worker-2] INFO com.openclassrooms.tourguide.service.TourGuideService -- Tracking internalUser40
10:24:48.282 [ForkJoinPool.commonPool-worker-5] INFO com.openclassrooms.tourguide.service.TourGuideService -- Adding the current location to the user internalUser58
10:24:48.282 [ForkJoinPool.commonPool-worker-8] INFO com.openclassrooms.tourguide.service.TourGuideService -- Adding the current location to the user internalUser55
10:24:48.282 [ForkJoinPool.commonPool-worker-10] INFO com.openclassrooms.tourguide.service.TourGuideService -- Adding the current location to the user internalUser57
10:24:48.284 [ForkJoinPool.commonPool-worker-9] INFO com.openclassrooms.tourguide.service.TourGuideService -- Adding the current location to the user internalUser59
10:24:48.291 [ForkJoinPool.commonPool-worker-12] INFO com.openclassrooms.tourguide.service.TourGuideService -- Adding the current location to the user internalUser52
10:24:48.292 [pool-2-thread-1] INFO com.openclassrooms.tourguide.service.TourGuideService -- Adding the current location to the user internalUser76
10:24:48.292 [ForkJoinPool.commonPool-worker-5] INFO com.openclassrooms.tourguide.service.TourGuideService -- Tracking internalUser58
10:24:48.292 [ForkJoinPool.commonPool-worker-10] INFO com.openclassrooms.tourguide.service.TourGuideService -- Tracking internalUser57
10:24:48.292 [ForkJoinPool.commonPool-worker-8] INFO com.openclassrooms.tourguide.service.TourGuideService -- Tracking internalUser55
10:24:48.294 [ForkJoinPool.commonPool-worker-14] INFO com.openclassrooms.tourguide.service.TourGuideService -- Adding the current location to the user internalUser54
10:24:48.294 [ForkJoinPool.commonPool-worker-9] INFO com.openclassrooms.tourguide.service.TourGuideService -- Tracking internalUser59
10:24:48.302 [ForkJoinPool.commonPool-worker-15] INFO com.openclassrooms.tourguide.service.TourGuideService -- Adding the current location to the user internalUser56
10:24:48.302 [ForkJoinPool.commonPool-worker-12] INFO com.openclassrooms.tourguide.service.TourGuideService -- Tracking internalUser52
10:24:48.305 [ForkJoinPool.commonPool-worker-14] INFO com.openclassrooms.tourguide.service.TourGuideService -- Tracking internalUser54
10:24:48.312 [ForkJoinPool.commonPool-worker-4] INFO com.openclassrooms.tourguide.service.TourGuideService -- Adding the current location to the user internalUser53
10:24:48.313 [ForkJoinPool.commonPool-worker-15] INFO com.openclassrooms.tourguide.service.TourGuideService -- Tracking internalUser56
10:24:48.314 [ForkJoinPool.commonPool-worker-6] INFO com.openclassrooms.tourguide.service.TourGuideService -- Adding the current location to the user internalUser51
10:24:48.316 [ForkJoinPool.commonPool-worker-1] INFO com.openclassrooms.tourguide.service.TourGuideService -- Adding the current location to the user internalUser67
10:24:48.320 [ForkJoinPool.commonPool-worker-3] INFO com.openclassrooms.tourguide.service.TourGuideService -- Adding the current location to the user internalUser69
10:24:48.323 [ForkJoinPool.commonPool-worker-4] INFO com.openclassrooms.tourguide.service.TourGuideService -- Tracking internalUser53
10:24:48.324 [ForkJoinPool.commonPool-worker-11] INFO com.openclassrooms.tourguide.service.TourGuideService -- Adding the current location to the user internalUser50
10:24:48.326 [ForkJoinPool.commonPool-worker-6] INFO com.openclassrooms.tourguide.service.TourGuideService -- Tracking internalUser51
10:24:48.327 [ForkJoinPool.commonPool-worker-1] INFO com.openclassrooms.tourguide.service.TourGuideService -- Tracking internalUser67
10:24:48.332 [ForkJoinPool.commonPool-worker-3] INFO com.openclassrooms.tourguide.service.TourGuideService -- Tracking internalUser69
10:24:48.334 [ForkJoinPool.commonPool-worker-11] INFO com.openclassrooms.tourguide.service.TourGuideService -- Tracking internalUser50
10:24:48.348 [ForkJoinPool.commonPool-worker-2] INFO com.openclassrooms.tourguide.service.TourGuideService -- Adding the current location to the user internalUser63
10:24:48.350 [ForkJoinPool.commonPool-worker-7] INFO com.openclassrooms.tourguide.service.TourGuideService -- Adding the current location to the user internalUser68
10:24:48.354 [pool-2-thread-1] INFO com.openclassrooms.tourguide.service.TourGuideService -- Adding the current location to the user internalUser75
10:24:48.358 [ForkJoinPool.commonPool-worker-13] INFO com.openclassrooms.tourguide.service.TourGuideService -- Adding the current location to the user internalUser66
10:24:48.359 [ForkJoinPool.commonPool-worker-2] INFO com.openclassrooms.tourguide.service.TourGuideService -- Tracking internalUser63
10:24:48.360 [ForkJoinPool.commonPool-worker-7] INFO com.openclassrooms.tourguide.service.TourGuideService -- Tracking internalUser68
10:24:48.365 [ForkJoinPool.commonPool-worker-12] INFO com.openclassrooms.tourguide.service.TourGuideService -- Adding the current location to the user internalUser60
10:24:48.368 [ForkJoinPool.commonPool-worker-5] INFO com.openclassrooms.tourguide.service.TourGuideService -- Adding the current location to the user internalUser62
10:24:48.369 [ForkJoinPool.commonPool-worker-13] INFO com.openclassrooms.tourguide.service.TourGuideService -- Tracking internalUser66
10:24:48.371 [ForkJoinPool.commonPool-worker-10] INFO com.openclassrooms.tourguide.service.TourGuideService -- Adding the current location to the user internalUser65
10:24:48.376 [ForkJoinPool.commonPool-worker-12] INFO com.openclassrooms.tourguide.service.TourGuideService -- Tracking internalUser60
10:24:48.377 [ForkJoinPool.commonPool-worker-9] INFO com.openclassrooms.tourguide.service.TourGuideService -- Adding the current location to the user internalUser61
10:24:48.378 [ForkJoinPool.commonPool-worker-5] INFO com.openclassrooms.tourguide.service.TourGuideService -- Tracking internalUser62
10:24:48.382 [ForkJoinPool.commonPool-worker-10] INFO com.openclassrooms.tourguide.service.TourGuideService -- Tracking internalUser65
10:24:48.388 [ForkJoinPool.commonPool-worker-9] INFO com.openclassrooms.tourguide.service.TourGuideService -- Tracking internalUser61
10:24:48.389 [ForkJoinPool.commonPool-worker-8] INFO com.openclassrooms.tourguide.service.TourGuideService -- Adding the current location to the user internalUser64
10:24:48.400 [ForkJoinPool.commonPool-worker-8] INFO com.openclassrooms.tourguide.service.TourGuideService -- Tracking internalUser64
10:24:48.400 [pool-2-thread-1] INFO com.openclassrooms.tourguide.service.TourGuideService -- Adding the current location to the user internalUser70
highVolumeTrackLocation: Time Elapsed: 0 seconds.
]]></system-out>
  </testcase>
  <testcase name="highVolumeGetRewards" classname="com.openclassrooms.tourguide.TestPerformance" time="0">
    <skipped message="public void com.openclassrooms.tourguide.TestPerformance.highVolumeGetRewards() is @Disabled"/>
  </testcase>
</testsuite>