<?xml version="1.0" encoding="UTF-8"?>
<testsuite xmlns:xsi="http://www.w3.org/2001/XMLSchema-instance" xsi:noNamespaceSchemaLocation="https://maven.apache.org/surefire/maven-surefire-plugin/xsd/surefire-test-report-3.0.xsd" version="3.0" name="com.openclassrooms.tourguide.TestRewardsService" time="40.157" tests="3" errors="0" skipped="0" failures="0">
  <properties>
    <property name="java.specification.version" value="17"/>
    <property name="sun.cpu.isalist" value="amd64"/>
    <property name="sun.jnu.encoding" value="Cp1252"/>
    <property name="java.class.path" value="C:\Users\simon\eclipse-workspace\TourGuide\target\test-classes;C:\Users\simon\eclipse-workspace\TourGuide\target\classes;C:\Users\simon\.m2\repository\org\springframework\boot\spring-boot-starter-actuator\3.1.1\spring-boot-starter-actuator-3.1.1.jar;C:\Users\simon\.m2\repository\org\springframework\boot\spring-boot-starter\3.1.1\spring-boot-starter-3.1.1.jar;C:\Users\simon\.m2\repository\org\springframework\boot\spring-boot\3.1.1\spring-boot-3.1.1.jar;C:\Users\simon\.m2\repository\org\springframework\boot\spring-boot-autoconfigure\3.1.1\spring-boot-autoconfigure-3.1.1.jar;C:\Users\simon\.m2\repository\org\springframework\boot\spring-boot-starter-logging\3.1.1\spring-boot-starter-logging-3.1.1.jar;C:\Users\simon\.m2\repository\ch\qos\logback\logback-classic\1.4.8\logback-classic-1.4.8.jar;C:\Users\simon\.m2\repository\ch\qos\logback\logback-core\1.4.8\logback-core-1.4.8.jar;C:\Users\simon\.m2\repository\org\apache\logging\log4j\log4j-to-slf4j\2.20.0\log4j-to-slf4j-2.20.0.jar;C:\Users\simon\.m2\repository\org\apache\logging\log4j\log4j-api\2.20.0\log4j-api-2.20.0.jar;C:\Users\simon\.m2\repository\org\slf4j\jul-to-slf4j\2.0.7\jul-to-slf4j-2.0.7.jar;C:\Users\simon\.m2\repository\jakarta\annotation\jakarta.annotation-api\2.1.1\jakarta.annotation-api-2.1.1.jar;C:\Users\simon\.m2\repository\org\yaml\snakeyaml\1.33\snakeyaml-1.33.jar;C:\Users\simon\.m2\repository\org\springframework\boot\spring-boot-actuator-autoconfigure\3.1.1\spring-boot-actuator-autoconfigure-3.1.1.jar;C:\Users\simon\.m2\repository\org\springframework\boot\spring-boot-actuator\3.1.1\spring-boot-actuator-3.1.1.jar;C:\Users\simon\.m2\repository\com\fasterxml\jackson\core\jackson-databind\2.15.2\jackson-databind-2.15.2.jar;C:\Users\simon\.m2\repository\com\fasterxml\jackson\core\jackson-annotations\2.15.2\jackson-annotations-2.15.2.jar;C:\Users\simon\.m2\repository\com\fasterxml\jackson\core\jackson-core\2.15.2\jackson-core-2.15.2.jar;C:\Users\simon\.m2\repository\com\fasterxml\jackson\datatype\jackson-datatype-jsr310\2.15.2\jackson-datatype-jsr310-2.15.2.jar;C:\Users\simon\.m2\repository\io\micrometer\micrometer-observation\1.11.1\micrometer-observation-1.11.1.jar;C:\Users\simon\.m2\repository\io\micrometer\micrometer-commons\1.11.1\micrometer-commons-1.11.1.jar;C:\Users\simon\.m2\repository\io\micrometer\micrometer-core\1.11.1\micrometer-core-1.11.1.jar;C:\Users\simon\.m2\repository\org\hdrhistogram\HdrHistogram\2.1.12\HdrHistogram-2.1.12.jar;C:\Users\simon\.m2\repository\org\latencyutils\LatencyUtils\2.0.3\LatencyUtils-2.0.3.jar;C:\Users\simon\.m2\repository\org\springframework\boot\spring-boot-starter-validation\3.1.1\spring-boot-starter-validation-3.1.1.jar;C:\Users\simon\.m2\repository\org\apache\tomcat\embed\tomcat-embed-el\10.1.10\tomcat-embed-el-10.1.10.jar;C:\Users\simon\.m2\repository\org\hibernate\validator\hibernate-validator\8.0.0.Final\hibernate-validator-8.0.0.Final.jar;C:\Users\simon\.m2\repository\jakarta\validation\jakarta.validation-api\3.0.2\jakarta.validation-api-3.0.2.jar;C:\Users\simon\.m2\repository\org\jboss\logging\jboss-logging\3.5.1.Final\jboss-logging-3.5.1.Final.jar;C:\Users\simon\.m2\repository\com\fasterxml\classmate\1.5.1\classmate-1.5.1.jar;C:\Users\simon\.m2\repository\org\springframework\boot\spring-boot-starter-web\3.1.1\spring-boot-starter-web-3.1.1.jar;C:\Users\simon\.m2\repository\org\springframework\boot\spring-boot-starter-json\3.1.1\spring-boot-starter-json-3.1.1.jar;C:\Users\simon\.m2\repository\com\fasterxml\jackson\datatype\jackson-datatype-jdk8\2.15.2\jackson-datatype-jdk8-2.15.2.jar;C:\Users\simon\.m2\repository\com\fasterxml\jackson\module\jackson-module-parameter-names\2.15.2\jackson-module-parameter-names-2.15.2.jar;C:\Users\simon\.m2\repository\org\springframework\boot\spring-boot-starter-tomcat\3.1.1\spring-boot-starter-tomcat-3.1.1.jar;C:\Users\simon\.m2\repository\org\apache\tomcat\embed\tomcat-embed-core\10.1.10\tomcat-embed-core-10.1.10.jar;C:\Users\simon\.m2\repository\org\apache\tomcat\embed\tomcat-embed-websocket\10.1.10\tomcat-embed-websocket-10.1.10.jar;C:\Users\simon\.m2\repository\org\springframework\spring-web\6.0.10\spring-web-6.0.10.jar;C:\Users\simon\.m2\repository\org\springframework\spring-beans\6.0.10\spring-beans-6.0.10.jar;C:\Users\simon\.m2\repository\org\springframework\spring-webmvc\6.0.10\spring-webmvc-6.0.10.jar;C:\Users\simon\.m2\repository\org\springframework\spring-aop\6.0.10\spring-aop-6.0.10.jar;C:\Users\simon\.m2\repository\org\springframework\spring-context\6.0.10\spring-context-6.0.10.jar;C:\Users\simon\.m2\repository\org\springframework\spring-expression\6.0.10\spring-expression-6.0.10.jar;C:\Users\simon\.m2\repository\org\springframework\boot\spring-boot-starter-test\3.1.1\spring-boot-starter-test-3.1.1.jar;C:\Users\simon\.m2\repository\org\springframework\boot\spring-boot-test\3.1.1\spring-boot-test-3.1.1.jar;C:\Users\simon\.m2\repository\org\springframework\boot\spring-boot-test-autoconfigure\3.1.1\spring-boot-test-autoconfigure-3.1.1.jar;C:\Users\simon\.m2\repository\com\jayway\jsonpath\json-path\2.8.0\json-path-2.8.0.jar;C:\Users\simon\.m2\repository\org\slf4j\slf4j-api\2.0.7\slf4j-api-2.0.7.jar;C:\Users\simon\.m2\repository\jakarta\xml\bind\jakarta.xml.bind-api\4.0.0\jakarta.xml.bind-api-4.0.0.jar;C:\Users\simon\.m2\repository\jakarta\activation\jakarta.activation-api\2.1.2\jakarta.activation-api-2.1.2.jar;C:\Users\simon\.m2\repository\net\minidev\json-smart\2.4.11\json-smart-2.4.11.jar;C:\Users\simon\.m2\repository\net\minidev\accessors-smart\2.4.11\accessors-smart-2.4.11.jar;C:\Users\simon\.m2\repository\org\assertj\assertj-core\3.24.2\assertj-core-3.24.2.jar;C:\Users\simon\.m2\repository\net\bytebuddy\byte-buddy\1.14.5\byte-buddy-1.14.5.jar;C:\Users\simon\.m2\repository\org\hamcrest\hamcrest\2.2\hamcrest-2.2.jar;C:\Users\simon\.m2\repository\org\junit\jupiter\junit-jupiter\5.9.3\junit-jupiter-5.9.3.jar;C:\Users\simon\.m2\repository\org\junit\jupiter\junit-jupiter-params\5.9.3\junit-jupiter-params-5.9.3.jar;C:\Users\simon\.m2\repository\org\junit\jupiter\junit-jupiter-engine\5.9.3\junit-jupiter-engine-5.9.3.jar;C:\Users\simon\.m2\repository\org\junit\platform\junit-platform-engine\1.9.3\junit-platform-engine-1.9.3.jar;C:\Users\simon\.m2\repository\org\mockito\mockito-core\5.3.1\mockito-core-5.3.1.jar;C:\Users\simon\.m2\repository\net\bytebuddy\byte-buddy-agent\1.14.5\byte-buddy-agent-1.14.5.jar;C:\Users\simon\.m2\repository\org\objenesis\objenesis\3.3\objenesis-3.3.jar;C:\Users\simon\.m2\repository\org\mockito\mockito-junit-jupiter\5.3.1\mockito-junit-jupiter-5.3.1.jar;C:\Users\simon\.m2\repository\org\skyscreamer\jsonassert\1.5.1\jsonassert-1.5.1.jar;C:\Users\simon\.m2\repository\com\vaadin\external\google\android-json\0.0.20131108.vaadin1\android-json-0.0.20131108.vaadin1.jar;C:\Users\simon\.m2\repository\org\springframework\spring-core\6.0.10\spring-core-6.0.10.jar;C:\Users\simon\.m2\repository\org\springframework\spring-jcl\6.0.10\spring-jcl-6.0.10.jar;C:\Users\simon\.m2\repository\org\springframework\spring-test\6.0.10\spring-test-6.0.10.jar;C:\Users\simon\.m2\repository\org\xmlunit\xmlunit-core\2.9.1\xmlunit-core-2.9.1.jar;C:\Users\simon\.m2\repository\org\apache\commons\commons-lang3\3.12.0\commons-lang3-3.12.0.jar;C:\Users\simon\.m2\repository\org\junit\jupiter\junit-jupiter-api\5.9.3\junit-jupiter-api-5.9.3.jar;C:\Users\simon\.m2\repository\org\opentest4j\opentest4j\1.2.0\opentest4j-1.2.0.jar;C:\Users\simon\.m2\repository\org\junit\platform\junit-platform-commons\1.9.3\junit-platform-commons-1.9.3.jar;C:\Users\simon\.m2\repository\org\apiguardian\apiguardian-api\1.1.2\apiguardian-api-1.1.2.jar;C:\Users\simon\.m2\repository\org\jacoco\jacoco-maven-plugin\0.8.10\jacoco-maven-plugin-0.8.10.jar;C:\Users\simon\.m2\repository\org\codehaus\plexus\plexus-utils\3.0.24\plexus-utils-3.0.24.jar;C:\Users\simon\.m2\repository\org\apache\maven\shared\file-management\1.2.1\file-management-1.2.1.jar;C:\Users\simon\.m2\repository\org\apache\maven\maven-plugin-api\2.0.6\maven-plugin-api-2.0.6.jar;C:\Users\simon\.m2\repository\org\apache\maven\shared\maven-shared-io\1.1\maven-shared-io-1.1.jar;C:\Users\simon\.m2\repository\org\apache\maven\maven-artifact\2.0.2\maven-artifact-2.0.2.jar;C:\Users\simon\.m2\repository\org\apache\maven\maven-artifact-manager\2.0.2\maven-artifact-manager-2.0.2.jar;C:\Users\simon\.m2\repository\org\apache\maven\maven-repository-metadata\2.0.2\maven-repository-metadata-2.0.2.jar;C:\Users\simon\.m2\repository\org\apache\maven\wagon\wagon-provider-api\1.0-alpha-6\wagon-provider-api-1.0-alpha-6.jar;C:\Users\simon\.m2\repository\org\codehaus\plexus\plexus-container-default\1.0-alpha-9\plexus-container-default-1.0-alpha-9.jar;C:\Users\simon\.m2\repository\junit\junit\4.13.2\junit-4.13.2.jar;C:\Users\simon\.m2\repository\org\hamcrest\hamcrest-core\2.2\hamcrest-core-2.2.jar;C:\Users\simon\.m2\repository\classworlds\classworlds\1.1-alpha-2\classworlds-1.1-alpha-2.jar;C:\Users\simon\.m2\repository\org\apache\maven\reporting\maven-reporting-api\3.0\maven-reporting-api-3.0.jar;C:\Users\simon\.m2\repository\org\apache\maven\doxia\doxia-sink-api\1.0\doxia-sink-api-1.0.jar;C:\Users\simon\.m2\repository\org\jacoco\org.jacoco.agent\0.8.10\org.jacoco.agent-0.8.10-runtime.jar;C:\Users\simon\.m2\repository\org\jacoco\org.jacoco.core\0.8.10\org.jacoco.core-0.8.10.jar;C:\Users\simon\.m2\repository\org\ow2\asm\asm\9.5\asm-9.5.jar;C:\Users\simon\.m2\repository\org\ow2\asm\asm-commons\9.5\asm-commons-9.5.jar;C:\Users\simon\.m2\repository\org\ow2\asm\asm-tree\9.5\asm-tree-9.5.jar;C:\Users\simon\.m2\repository\org\jacoco\org.jacoco.report\0.8.10\org.jacoco.report-0.8.10.jar;C:\Users\simon\.m2\repository\gpsUtil\gpsUtil\1.0.0\gpsUtil-1.0.0.jar;C:\Users\simon\.m2\repository\com\google\code\findbugs\jsr305\1.3.9\jsr305-1.3.9.jar;C:\Users\simon\.m2\repository\com\google\errorprone\error_prone_annotations\2.0.18\error_prone_annotations-2.0.18.jar;C:\Users\simon\.m2\repository\com\google\j2objc\j2objc-annotations\1.1\j2objc-annotations-1.1.jar;C:\Users\simon\.m2\repository\org\codehaus\mojo\animal-sniffer-annotations\1.14\animal-sniffer-annotations-1.14.jar;C:\Users\simon\.m2\repository\tripPricer\tripPricer\1.0.0\tripPricer-1.0.0.jar;C:\Users\simon\.m2\repository\rewardCentral\rewardCentral\1.0.0\rewardCentral-1.0.0.jar;"/>
    <property name="java.vm.vendor" value="Oracle Corporation"/>
    <property name="sun.arch.data.model" value="64"/>
    <property name="user.variant" value=""/>
    <property name="java.vendor.url" value="https://java.oracle.com/"/>
    <property name="user.timezone" value="Europe/Paris"/>
    <property name="os.name" value="Windows 11"/>
    <property name="java.vm.specification.version" value="17"/>
    <property name="sun.java.launcher" value="SUN_STANDARD"/>
    <property name="user.country" value="FR"/>
    <property name="sun.boot.library.path" value="C:\Program Files\Java\jdk-17\bin"/>
    <property name="sun.java.command" value="C:\Users\simon\AppData\Local\Temp\surefire12820657859113139201\surefirebooter-20230919194734925_3.jar C:\Users\simon\AppData\Local\Temp\surefire12820657859113139201 2023-09-19T19-47-34_785-jvmRun1 surefire-20230919194734925_1tmp surefire_0-20230919194734925_2tmp"/>
    <property name="jdk.debug" value="release"/>
    <property name="surefire.test.class.path" value="C:\Users\simon\eclipse-workspace\TourGuide\target\test-classes;C:\Users\simon\eclipse-workspace\TourGuide\target\classes;C:\Users\simon\.m2\repository\org\springframework\boot\spring-boot-starter-actuator\3.1.1\spring-boot-starter-actuator-3.1.1.jar;C:\Users\simon\.m2\repository\org\springframework\boot\spring-boot-starter\3.1.1\spring-boot-starter-3.1.1.jar;C:\Users\simon\.m2\repository\org\springframework\boot\spring-boot\3.1.1\spring-boot-3.1.1.jar;C:\Users\simon\.m2\repository\org\springframework\boot\spring-boot-autoconfigure\3.1.1\spring-boot-autoconfigure-3.1.1.jar;C:\Users\simon\.m2\repository\org\springframework\boot\spring-boot-starter-logging\3.1.1\spring-boot-starter-logging-3.1.1.jar;C:\Users\simon\.m2\repository\ch\qos\logback\logback-classic\1.4.8\logback-classic-1.4.8.jar;C:\Users\simon\.m2\repository\ch\qos\logback\logback-core\1.4.8\logback-core-1.4.8.jar;C:\Users\simon\.m2\repository\org\apache\logging\log4j\log4j-to-slf4j\2.20.0\log4j-to-slf4j-2.20.0.jar;C:\Users\simon\.m2\repository\org\apache\logging\log4j\log4j-api\2.20.0\log4j-api-2.20.0.jar;C:\Users\simon\.m2\repository\org\slf4j\jul-to-slf4j\2.0.7\jul-to-slf4j-2.0.7.jar;C:\Users\simon\.m2\repository\jakarta\annotation\jakarta.annotation-api\2.1.1\jakarta.annotation-api-2.1.1.jar;C:\Users\simon\.m2\repository\org\yaml\snakeyaml\1.33\snakeyaml-1.33.jar;C:\Users\simon\.m2\repository\org\springframework\boot\spring-boot-actuator-autoconfigure\3.1.1\spring-boot-actuator-autoconfigure-3.1.1.jar;C:\Users\simon\.m2\repository\org\springframework\boot\spring-boot-actuator\3.1.1\spring-boot-actuator-3.1.1.jar;C:\Users\simon\.m2\repository\com\fasterxml\jackson\core\jackson-databind\2.15.2\jackson-databind-2.15.2.jar;C:\Users\simon\.m2\repository\com\fasterxml\jackson\core\jackson-annotations\2.15.2\jackson-annotations-2.15.2.jar;C:\Users\simon\.m2\repository\com\fasterxml\jackson\core\jackson-core\2.15.2\jackson-core-2.15.2.jar;C:\Users\simon\.m2\repository\com\fasterxml\jackson\datatype\jackson-datatype-jsr310\2.15.2\jackson-datatype-jsr310-2.15.2.jar;C:\Users\simon\.m2\repository\io\micrometer\micrometer-observation\1.11.1\micrometer-observation-1.11.1.jar;C:\Users\simon\.m2\repository\io\micrometer\micrometer-commons\1.11.1\micrometer-commons-1.11.1.jar;C:\Users\simon\.m2\repository\io\micrometer\micrometer-core\1.11.1\micrometer-core-1.11.1.jar;C:\Users\simon\.m2\repository\org\hdrhistogram\HdrHistogram\2.1.12\HdrHistogram-2.1.12.jar;C:\Users\simon\.m2\repository\org\latencyutils\LatencyUtils\2.0.3\LatencyUtils-2.0.3.jar;C:\Users\simon\.m2\repository\org\springframework\boot\spring-boot-starter-validation\3.1.1\spring-boot-starter-validation-3.1.1.jar;C:\Users\simon\.m2\repository\org\apache\tomcat\embed\tomcat-embed-el\10.1.10\tomcat-embed-el-10.1.10.jar;C:\Users\simon\.m2\repository\org\hibernate\validator\hibernate-validator\8.0.0.Final\hibernate-validator-8.0.0.Final.jar;C:\Users\simon\.m2\repository\jakarta\validation\jakarta.validation-api\3.0.2\jakarta.validation-api-3.0.2.jar;C:\Users\simon\.m2\repository\org\jboss\logging\jboss-logging\3.5.1.Final\jboss-logging-3.5.1.Final.jar;C:\Users\simon\.m2\repository\com\fasterxml\classmate\1.5.1\classmate-1.5.1.jar;C:\Users\simon\.m2\repository\org\springframework\boot\spring-boot-starter-web\3.1.1\spring-boot-starter-web-3.1.1.jar;C:\Users\simon\.m2\repository\org\springframework\boot\spring-boot-starter-json\3.1.1\spring-boot-starter-json-3.1.1.jar;C:\Users\simon\.m2\repository\com\fasterxml\jackson\datatype\jackson-datatype-jdk8\2.15.2\jackson-datatype-jdk8-2.15.2.jar;C:\Users\simon\.m2\repository\com\fasterxml\jackson\module\jackson-module-parameter-names\2.15.2\jackson-module-parameter-names-2.15.2.jar;C:\Users\simon\.m2\repository\org\springframework\boot\spring-boot-starter-tomcat\3.1.1\spring-boot-starter-tomcat-3.1.1.jar;C:\Users\simon\.m2\repository\org\apache\tomcat\embed\tomcat-embed-core\10.1.10\tomcat-embed-core-10.1.10.jar;C:\Users\simon\.m2\repository\org\apache\tomcat\embed\tomcat-embed-websocket\10.1.10\tomcat-embed-websocket-10.1.10.jar;C:\Users\simon\.m2\repository\org\springframework\spring-web\6.0.10\spring-web-6.0.10.jar;C:\Users\simon\.m2\repository\org\springframework\spring-beans\6.0.10\spring-beans-6.0.10.jar;C:\Users\simon\.m2\repository\org\springframework\spring-webmvc\6.0.10\spring-webmvc-6.0.10.jar;C:\Users\simon\.m2\repository\org\springframework\spring-aop\6.0.10\spring-aop-6.0.10.jar;C:\Users\simon\.m2\repository\org\springframework\spring-context\6.0.10\spring-context-6.0.10.jar;C:\Users\simon\.m2\repository\org\springframework\spring-expression\6.0.10\spring-expression-6.0.10.jar;C:\Users\simon\.m2\repository\org\springframework\boot\spring-boot-starter-test\3.1.1\spring-boot-starter-test-3.1.1.jar;C:\Users\simon\.m2\repository\org\springframework\boot\spring-boot-test\3.1.1\spring-boot-test-3.1.1.jar;C:\Users\simon\.m2\repository\org\springframework\boot\spring-boot-test-autoconfigure\3.1.1\spring-boot-test-autoconfigure-3.1.1.jar;C:\Users\simon\.m2\repository\com\jayway\jsonpath\json-path\2.8.0\json-path-2.8.0.jar;C:\Users\simon\.m2\repository\org\slf4j\slf4j-api\2.0.7\slf4j-api-2.0.7.jar;C:\Users\simon\.m2\repository\jakarta\xml\bind\jakarta.xml.bind-api\4.0.0\jakarta.xml.bind-api-4.0.0.jar;C:\Users\simon\.m2\repository\jakarta\activation\jakarta.activation-api\2.1.2\jakarta.activation-api-2.1.2.jar;C:\Users\simon\.m2\repository\net\minidev\json-smart\2.4.11\json-smart-2.4.11.jar;C:\Users\simon\.m2\repository\net\minidev\accessors-smart\2.4.11\accessors-smart-2.4.11.jar;C:\Users\simon\.m2\repository\org\assertj\assertj-core\3.24.2\assertj-core-3.24.2.jar;C:\Users\simon\.m2\repository\net\bytebuddy\byte-buddy\1.14.5\byte-buddy-1.14.5.jar;C:\Users\simon\.m2\repository\org\hamcrest\hamcrest\2.2\hamcrest-2.2.jar;C:\Users\simon\.m2\repository\org\junit\jupiter\junit-jupiter\5.9.3\junit-jupiter-5.9.3.jar;C:\Users\simon\.m2\repository\org\junit\jupiter\junit-jupiter-params\5.9.3\junit-jupiter-params-5.9.3.jar;C:\Users\simon\.m2\repository\org\junit\jupiter\junit-jupiter-engine\5.9.3\junit-jupiter-engine-5.9.3.jar;C:\Users\simon\.m2\repository\org\junit\platform\junit-platform-engine\1.9.3\junit-platform-engine-1.9.3.jar;C:\Users\simon\.m2\repository\org\mockito\mockito-core\5.3.1\mockito-core-5.3.1.jar;C:\Users\simon\.m2\repository\net\bytebuddy\byte-buddy-agent\1.14.5\byte-buddy-agent-1.14.5.jar;C:\Users\simon\.m2\repository\org\objenesis\objenesis\3.3\objenesis-3.3.jar;C:\Users\simon\.m2\repository\org\mockito\mockito-junit-jupiter\5.3.1\mockito-junit-jupiter-5.3.1.jar;C:\Users\simon\.m2\repository\org\skyscreamer\jsonassert\1.5.1\jsonassert-1.5.1.jar;C:\Users\simon\.m2\repository\com\vaadin\external\google\android-json\0.0.20131108.vaadin1\android-json-0.0.20131108.vaadin1.jar;C:\Users\simon\.m2\repository\org\springframework\spring-core\6.0.10\spring-core-6.0.10.jar;C:\Users\simon\.m2\repository\org\springframework\spring-jcl\6.0.10\spring-jcl-6.0.10.jar;C:\Users\simon\.m2\repository\org\springframework\spring-test\6.0.10\spring-test-6.0.10.jar;C:\Users\simon\.m2\repository\org\xmlunit\xmlunit-core\2.9.1\xmlunit-core-2.9.1.jar;C:\Users\simon\.m2\repository\org\apache\commons\commons-lang3\3.12.0\commons-lang3-3.12.0.jar;C:\Users\simon\.m2\repository\org\junit\jupiter\junit-jupiter-api\5.9.3\junit-jupiter-api-5.9.3.jar;C:\Users\simon\.m2\repository\org\opentest4j\opentest4j\1.2.0\opentest4j-1.2.0.jar;C:\Users\simon\.m2\repository\org\junit\platform\junit-platform-commons\1.9.3\junit-platform-commons-1.9.3.jar;C:\Users\simon\.m2\repository\org\apiguardian\apiguardian-api\1.1.2\apiguardian-api-1.1.2.jar;C:\Users\simon\.m2\repository\org\jacoco\jacoco-maven-plugin\0.8.10\jacoco-maven-plugin-0.8.10.jar;C:\Users\simon\.m2\repository\org\codehaus\plexus\plexus-utils\3.0.24\plexus-utils-3.0.24.jar;C:\Users\simon\.m2\repository\org\apache\maven\shared\file-management\1.2.1\file-management-1.2.1.jar;C:\Users\simon\.m2\repository\org\apache\maven\maven-plugin-api\2.0.6\maven-plugin-api-2.0.6.jar;C:\Users\simon\.m2\repository\org\apache\maven\shared\maven-shared-io\1.1\maven-shared-io-1.1.jar;C:\Users\simon\.m2\repository\org\apache\maven\maven-artifact\2.0.2\maven-artifact-2.0.2.jar;C:\Users\simon\.m2\repository\org\apache\maven\maven-artifact-manager\2.0.2\maven-artifact-manager-2.0.2.jar;C:\Users\simon\.m2\repository\org\apache\maven\maven-repository-metadata\2.0.2\maven-repository-metadata-2.0.2.jar;C:\Users\simon\.m2\repository\org\apache\maven\wagon\wagon-provider-api\1.0-alpha-6\wagon-provider-api-1.0-alpha-6.jar;C:\Users\simon\.m2\repository\org\codehaus\plexus\plexus-container-default\1.0-alpha-9\plexus-container-default-1.0-alpha-9.jar;C:\Users\simon\.m2\repository\junit\junit\4.13.2\junit-4.13.2.jar;C:\Users\simon\.m2\repository\org\hamcrest\hamcrest-core\2.2\hamcrest-core-2.2.jar;C:\Users\simon\.m2\repository\classworlds\classworlds\1.1-alpha-2\classworlds-1.1-alpha-2.jar;C:\Users\simon\.m2\repository\org\apache\maven\reporting\maven-reporting-api\3.0\maven-reporting-api-3.0.jar;C:\Users\simon\.m2\repository\org\apache\maven\doxia\doxia-sink-api\1.0\doxia-sink-api-1.0.jar;C:\Users\simon\.m2\repository\org\jacoco\org.jacoco.agent\0.8.10\org.jacoco.agent-0.8.10-runtime.jar;C:\Users\simon\.m2\repository\org\jacoco\org.jacoco.core\0.8.10\org.jacoco.core-0.8.10.jar;C:\Users\simon\.m2\repository\org\ow2\asm\asm\9.5\asm-9.5.jar;C:\Users\simon\.m2\repository\org\ow2\asm\asm-commons\9.5\asm-commons-9.5.jar;C:\Users\simon\.m2\repository\org\ow2\asm\asm-tree\9.5\asm-tree-9.5.jar;C:\Users\simon\.m2\repository\org\jacoco\org.jacoco.report\0.8.10\org.jacoco.report-0.8.10.jar;C:\Users\simon\.m2\repository\gpsUtil\gpsUtil\1.0.0\gpsUtil-1.0.0.jar;C:\Users\simon\.m2\repository\com\google\code\findbugs\jsr305\1.3.9\jsr305-1.3.9.jar;C:\Users\simon\.m2\repository\com\google\errorprone\error_prone_annotations\2.0.18\error_prone_annotations-2.0.18.jar;C:\Users\simon\.m2\repository\com\google\j2objc\j2objc-annotations\1.1\j2objc-annotations-1.1.jar;C:\Users\simon\.m2\repository\org\codehaus\mojo\animal-sniffer-annotations\1.14\animal-sniffer-annotations-1.14.jar;C:\Users\simon\.m2\repository\tripPricer\tripPricer\1.0.0\tripPricer-1.0.0.jar;C:\Users\simon\.m2\repository\rewardCentral\rewardCentral\1.0.0\rewardCentral-1.0.0.jar;"/>
    <property name="sun.cpu.endian" value="little"/>
    <property name="user.home" value="C:\Users\simon"/>
    <property name="user.language" value="fr"/>
    <property name="java.specification.vendor" value="Oracle Corporation"/>
    <property name="java.version.date" value="2023-01-17"/>
    <property name="java.home" value="C:\Program Files\Java\jdk-17"/>
    <property name="file.separator" value="\"/>
    <property name="basedir" value="C:\Users\simon\eclipse-workspace\TourGuide"/>
    <property name="java.vm.compressedOopsMode" value="Zero based"/>
    <property name="line.separator" value="&#10;"/>
    <property name="java.vm.specification.vendor" value="Oracle Corporation"/>
    <property name="java.specification.name" value="Java Platform API Specification"/>
    <property name="surefire.real.class.path" value="C:\Users\simon\AppData\Local\Temp\surefire12820657859113139201\surefirebooter-20230919194734925_3.jar"/>
    <property name="user.script" value=""/>
    <property name="sun.management.compiler" value="HotSpot 64-Bit Tiered Compilers"/>
    <property name="java.runtime.version" value="17.0.6+9-LTS-190"/>
    <property name="user.name" value="Simon"/>
    <property name="path.separator" value=";"/>
    <property name="os.version" value="10.0"/>
    <property name="java.runtime.name" value="Java(TM) SE Runtime Environment"/>
    <property name="file.encoding" value="Cp1252"/>
    <property name="java.vm.name" value="Java HotSpot(TM) 64-Bit Server VM"/>
    <property name="localRepository" value="C:\Users\simon\.m2\repository"/>
    <property name="java.vendor.url.bug" value="https://bugreport.java.com/bugreport/"/>
    <property name="java.io.tmpdir" value="C:\Users\simon\AppData\Local\Temp\"/>
    <property name="java.version" value="17.0.6"/>
    <property name="user.dir" value="C:\Users\simon\eclipse-workspace\TourGuide"/>
    <property name="os.arch" value="amd64"/>
    <property name="java.vm.specification.name" value="Java Virtual Machine Specification"/>
    <property name="sun.os.patch.level" value=""/>
    <property name="native.encoding" value="Cp1252"/>
    <property name="java.library.path" value="C:\Program Files\Java\jdk-17\bin;C:\WINDOWS\Sun\Java\bin;C:\WINDOWS\system32;C:\WINDOWS;C:\Program Files (x86)\Cmder\vendor\conemu-maximus5\ConEmu\Scripts;C:\Program Files (x86)\Cmder\vendor\conemu-maximus5;C:\Program Files (x86)\Cmder\vendor\conemu-maximus5\ConEmu;C:\Program Files\Common Files\Oracle\Java\javapath;C:\Program Files (x86)\Common Files\Oracle\Java\javapath;C:\Windows\system32;C:\Windows;C:\Windows\System32\Wbem;C:\Windows\System32\WindowsPowerShell\v1.0\;C:\Windows\System32\OpenSSH\;C:\Program Files (x86)\NVIDIA Corporation\PhysX\Common;C:\Program Files\NVIDIA Corporation\NVIDIA NvDLISR;C:\Program Files\dotnet\;C:\Program Files\Git\cmd;C:\WINDOWS\system32;C:\WINDOWS;C:\WINDOWS\System32\Wbem;C:\WINDOWS\System32\WindowsPowerShell\v1.0\;C:\WINDOWS\System32\OpenSSH\;C:\Program Files\Gradle\gradle-8.1.1\bin;C:\Program Files (x86)\Windows Live\Shared;C:\Users\simon\AppData\Local\Microsoft\WindowsApps;C:\Users\simon\AppData\Local\Programs\Microsoft VS Code\bin;C:\Users\simon\AppData\Local\GitHubDesktop\bin;C:\Program Files\Maven\apache-maven-3.9.1\bin;C:\Program Files\MySQL\MySQL Server 8.0\bin;C:\Program Files\Git\mingw64\bin;C:\Program Files\Git\usr\bin;C:\Program Files (x86)\Cmder\vendor\bin;C:\Program Files (x86)\Cmder;."/>
    <property name="java.vm.info" value="mixed mode, sharing"/>
    <property name="java.vendor" value="Oracle Corporation"/>
    <property name="java.vm.version" value="17.0.6+9-LTS-190"/>
    <property name="sun.io.unicode.encoding" value="UnicodeLittle"/>
    <property name="java.class.version" value="61.0"/>
  </properties>
  <testcase name="nearAllAttractions" classname="com.openclassrooms.tourguide.TestRewardsService" time="39.159">
    <system-out><![CDATA[19:48:34.112 [main] INFO com.openclassrooms.tourguide.service.TourGuideService -- TestMode enabled
19:48:34.112 [main] INFO com.openclassrooms.tourguide.service.RewardsService -- calculate reward for internalUser0 on his 3 known locations
19:48:34.112 [pool-4-thread-1] INFO com.openclassrooms.tourguide.tracker.Tracker -- Begin Tracker. Tracking 1 users.
19:48:34.129 [main] INFO com.openclassrooms.tourguide.service.RewardsService -- Checking the user dd8d5ea3-a412-424c-a74c-a07ea76d0380 already get close from Disneyland
19:48:34.129 [main] INFO com.openclassrooms.tourguide.service.RewardsService -- Calculate distance between -117.922008/33.817595 and 21.701568147659174/-52.70066500578829
19:48:34.129 [main] INFO com.openclassrooms.tourguide.service.RewardsService -- Assign reward points to dd8d5ea3-a412-424c-a74c-a07ea76d0380 for attraction Disneyland
19:48:34.160 [pool-4-thread-1] INFO com.openclassrooms.tourguide.service.TourGuideService -- Adding the current location to the user internalUser0
19:48:34.160 [pool-4-thread-1] INFO com.openclassrooms.tourguide.service.RewardsService -- calculate reward for internalUser0 on his 4 known locations
19:48:34.171 [pool-4-thread-1] INFO com.openclassrooms.tourguide.service.RewardsService -- Checking the user dd8d5ea3-a412-424c-a74c-a07ea76d0380 already get close from Disneyland
19:48:34.171 [pool-4-thread-1] INFO com.openclassrooms.tourguide.service.RewardsService -- Calculate distance between -117.922008/33.817595 and 21.701568147659174/-52.70066500578829
19:48:34.171 [pool-4-thread-1] INFO com.openclassrooms.tourguide.service.RewardsService -- Assign reward points to dd8d5ea3-a412-424c-a74c-a07ea76d0380 for attraction Disneyland
19:48:34.382 [main] INFO com.openclassrooms.tourguide.service.RewardsService -- Checking the user dd8d5ea3-a412-424c-a74c-a07ea76d0380 already get close from Jackson Hole
19:48:34.382 [main] INFO com.openclassrooms.tourguide.service.RewardsService -- Calculate distance between -110.821999/43.582767 and 21.701568147659174/-52.70066500578829
19:48:34.382 [main] INFO com.openclassrooms.tourguide.service.RewardsService -- Assign reward points to dd8d5ea3-a412-424c-a74c-a07ea76d0380 for attraction Jackson Hole
19:48:34.965 [pool-4-thread-1] INFO com.openclassrooms.tourguide.service.RewardsService -- Checking the user dd8d5ea3-a412-424c-a74c-a07ea76d0380 already get close from Jackson Hole
19:48:34.965 [pool-4-thread-1] INFO com.openclassrooms.tourguide.service.RewardsService -- Calculate distance between -110.821999/43.582767 and 21.701568147659174/-52.70066500578829
19:48:34.965 [pool-4-thread-1] INFO com.openclassrooms.tourguide.service.RewardsService -- Assign reward points to dd8d5ea3-a412-424c-a74c-a07ea76d0380 for attraction Jackson Hole
19:48:35.012 [main] INFO com.openclassrooms.tourguide.service.RewardsService -- Checking the user dd8d5ea3-a412-424c-a74c-a07ea76d0380 already get close from Mojave National Preserve
19:48:35.012 [main] INFO com.openclassrooms.tourguide.service.RewardsService -- Calculate distance between -115.510399/35.141689 and 21.701568147659174/-52.70066500578829
19:48:35.012 [main] INFO com.openclassrooms.tourguide.service.RewardsService -- Assign reward points to dd8d5ea3-a412-424c-a74c-a07ea76d0380 for attraction Mojave National Preserve
19:48:35.832 [pool-4-thread-1] INFO com.openclassrooms.tourguide.service.RewardsService -- Checking the user dd8d5ea3-a412-424c-a74c-a07ea76d0380 already get close from Mojave National Preserve
19:48:35.832 [pool-4-thread-1] INFO com.openclassrooms.tourguide.service.RewardsService -- Calculate distance between -115.510399/35.141689 and 21.701568147659174/-52.70066500578829
19:48:35.832 [pool-4-thread-1] INFO com.openclassrooms.tourguide.service.RewardsService -- Assign reward points to dd8d5ea3-a412-424c-a74c-a07ea76d0380 for attraction Mojave National Preserve
19:48:35.849 [main] INFO com.openclassrooms.tourguide.service.RewardsService -- Checking the user dd8d5ea3-a412-424c-a74c-a07ea76d0380 already get close from Joshua Tree National Park
19:48:35.849 [main] INFO com.openclassrooms.tourguide.service.RewardsService -- Calculate distance between -115.90065/33.881866 and 21.701568147659174/-52.70066500578829
19:48:35.849 [main] INFO com.openclassrooms.tourguide.service.RewardsService -- Assign reward points to dd8d5ea3-a412-424c-a74c-a07ea76d0380 for attraction Joshua Tree National Park
19:48:36.168 [pool-4-thread-1] INFO com.openclassrooms.tourguide.service.RewardsService -- Checking the user dd8d5ea3-a412-424c-a74c-a07ea76d0380 already get close from Joshua Tree National Park
19:48:36.168 [pool-4-thread-1] INFO com.openclassrooms.tourguide.service.RewardsService -- Calculate distance between -115.90065/33.881866 and 21.701568147659174/-52.70066500578829
19:48:36.168 [pool-4-thread-1] INFO com.openclassrooms.tourguide.service.RewardsService -- Assign reward points to dd8d5ea3-a412-424c-a74c-a07ea76d0380 for attraction Joshua Tree National Park
19:48:36.488 [main] INFO com.openclassrooms.tourguide.service.RewardsService -- Checking the user dd8d5ea3-a412-424c-a74c-a07ea76d0380 already get close from Buffalo National River
19:48:36.488 [main] INFO com.openclassrooms.tourguide.service.RewardsService -- Calculate distance between -92.757652/35.985512 and 21.701568147659174/-52.70066500578829
19:48:36.488 [main] INFO com.openclassrooms.tourguide.service.RewardsService -- Assign reward points to dd8d5ea3-a412-424c-a74c-a07ea76d0380 for attraction Buffalo National River
19:48:36.945 [pool-4-thread-1] INFO com.openclassrooms.tourguide.service.RewardsService -- Checking the user dd8d5ea3-a412-424c-a74c-a07ea76d0380 already get close from Buffalo National River
19:48:36.945 [pool-4-thread-1] INFO com.openclassrooms.tourguide.service.RewardsService -- Calculate distance between -92.757652/35.985512 and 21.701568147659174/-52.70066500578829
19:48:36.945 [pool-4-thread-1] INFO com.openclassrooms.tourguide.service.RewardsService -- Assign reward points to dd8d5ea3-a412-424c-a74c-a07ea76d0380 for attraction Buffalo National River
19:48:37.313 [main] INFO com.openclassrooms.tourguide.service.RewardsService -- Checking the user dd8d5ea3-a412-424c-a74c-a07ea76d0380 already get close from Hot Springs National Park
19:48:37.313 [main] INFO com.openclassrooms.tourguide.service.RewardsService -- Calculate distance between -93.042267/34.52153 and 21.701568147659174/-52.70066500578829
19:48:37.313 [main] INFO com.openclassrooms.tourguide.service.RewardsService -- Assign reward points to dd8d5ea3-a412-424c-a74c-a07ea76d0380 for attraction Hot Springs National Park
19:48:37.522 [pool-4-thread-1] INFO com.openclassrooms.tourguide.service.RewardsService -- Checking the user dd8d5ea3-a412-424c-a74c-a07ea76d0380 already get close from Hot Springs National Park
19:48:37.522 [pool-4-thread-1] INFO com.openclassrooms.tourguide.service.RewardsService -- Calculate distance between -93.042267/34.52153 and 21.701568147659174/-52.70066500578829
19:48:37.522 [pool-4-thread-1] INFO com.openclassrooms.tourguide.service.RewardsService -- Assign reward points to dd8d5ea3-a412-424c-a74c-a07ea76d0380 for attraction Hot Springs National Park
19:48:37.884 [main] INFO com.openclassrooms.tourguide.service.RewardsService -- Checking the user dd8d5ea3-a412-424c-a74c-a07ea76d0380 already get close from Kartchner Caverns State Park
19:48:37.884 [main] INFO com.openclassrooms.tourguide.service.RewardsService -- Calculate distance between -110.347382/31.837551 and 21.701568147659174/-52.70066500578829
19:48:37.884 [main] INFO com.openclassrooms.tourguide.service.RewardsService -- Assign reward points to dd8d5ea3-a412-424c-a74c-a07ea76d0380 for attraction Kartchner Caverns State Park
19:48:37.958 [main] INFO com.openclassrooms.tourguide.service.RewardsService -- Checking the user dd8d5ea3-a412-424c-a74c-a07ea76d0380 already get close from Legend Valley
19:48:37.958 [main] INFO com.openclassrooms.tourguide.service.RewardsService -- Calculate distance between -82.40667/39.937778 and 21.701568147659174/-52.70066500578829
19:48:37.958 [main] INFO com.openclassrooms.tourguide.service.RewardsService -- Assign reward points to dd8d5ea3-a412-424c-a74c-a07ea76d0380 for attraction Legend Valley
19:48:38.037 [pool-4-thread-1] INFO com.openclassrooms.tourguide.service.RewardsService -- Checking the user dd8d5ea3-a412-424c-a74c-a07ea76d0380 already get close from Kartchner Caverns State Park
19:48:38.037 [pool-4-thread-1] INFO com.openclassrooms.tourguide.service.RewardsService -- Calculate distance between -110.347382/31.837551 and 21.701568147659174/-52.70066500578829
19:48:38.037 [pool-4-thread-1] INFO com.openclassrooms.tourguide.service.RewardsService -- Assign reward points to dd8d5ea3-a412-424c-a74c-a07ea76d0380 for attraction Kartchner Caverns State Park
19:48:38.753 [pool-4-thread-1] INFO com.openclassrooms.tourguide.service.RewardsService -- Checking the user dd8d5ea3-a412-424c-a74c-a07ea76d0380 already get close from Legend Valley
19:48:38.753 [pool-4-thread-1] INFO com.openclassrooms.tourguide.service.RewardsService -- Calculate distance between -82.40667/39.937778 and 21.701568147659174/-52.70066500578829
19:48:38.753 [pool-4-thread-1] INFO com.openclassrooms.tourguide.service.RewardsService -- Assign reward points to dd8d5ea3-a412-424c-a74c-a07ea76d0380 for attraction Legend Valley
19:48:38.923 [main] INFO com.openclassrooms.tourguide.service.RewardsService -- Checking the user dd8d5ea3-a412-424c-a74c-a07ea76d0380 already get close from Flowers Bakery of London
19:48:38.923 [main] INFO com.openclassrooms.tourguide.service.RewardsService -- Calculate distance between -84.07486/37.131527 and 21.701568147659174/-52.70066500578829
19:48:38.923 [main] INFO com.openclassrooms.tourguide.service.RewardsService -- Assign reward points to dd8d5ea3-a412-424c-a74c-a07ea76d0380 for attraction Flowers Bakery of London
19:48:39.199 [main] INFO com.openclassrooms.tourguide.service.RewardsService -- Checking the user dd8d5ea3-a412-424c-a74c-a07ea76d0380 already get close from McKinley Tower
19:48:39.199 [main] INFO com.openclassrooms.tourguide.service.RewardsService -- Calculate distance between -149.877502/61.218887 and 21.701568147659174/-52.70066500578829
19:48:39.199 [main] INFO com.openclassrooms.tourguide.service.RewardsService -- Assign reward points to dd8d5ea3-a412-424c-a74c-a07ea76d0380 for attraction McKinley Tower
19:48:39.249 [pool-4-thread-1] INFO com.openclassrooms.tourguide.service.RewardsService -- Checking the user dd8d5ea3-a412-424c-a74c-a07ea76d0380 already get close from Flowers Bakery of London
19:48:39.249 [pool-4-thread-1] INFO com.openclassrooms.tourguide.service.RewardsService -- Calculate distance between -84.07486/37.131527 and 21.701568147659174/-52.70066500578829
19:48:39.249 [pool-4-thread-1] INFO com.openclassrooms.tourguide.service.RewardsService -- Assign reward points to dd8d5ea3-a412-424c-a74c-a07ea76d0380 for attraction Flowers Bakery of London
19:48:39.288 [pool-4-thread-1] INFO com.openclassrooms.tourguide.service.RewardsService -- Checking the user dd8d5ea3-a412-424c-a74c-a07ea76d0380 already get close from McKinley Tower
19:48:39.288 [pool-4-thread-1] INFO com.openclassrooms.tourguide.service.RewardsService -- Calculate distance between -149.877502/61.218887 and 21.701568147659174/-52.70066500578829
19:48:39.288 [pool-4-thread-1] INFO com.openclassrooms.tourguide.service.RewardsService -- Assign reward points to dd8d5ea3-a412-424c-a74c-a07ea76d0380 for attraction McKinley Tower
19:48:39.341 [main] INFO com.openclassrooms.tourguide.service.RewardsService -- Checking the user dd8d5ea3-a412-424c-a74c-a07ea76d0380 already get close from Flatiron Building
19:48:39.341 [main] INFO com.openclassrooms.tourguide.service.RewardsService -- Calculate distance between -73.989723/40.741112 and 21.701568147659174/-52.70066500578829
19:48:39.341 [main] INFO com.openclassrooms.tourguide.service.RewardsService -- Assign reward points to dd8d5ea3-a412-424c-a74c-a07ea76d0380 for attraction Flatiron Building
19:48:39.847 [pool-4-thread-1] INFO com.openclassrooms.tourguide.service.RewardsService -- Checking the user dd8d5ea3-a412-424c-a74c-a07ea76d0380 already get close from Flatiron Building
19:48:39.847 [pool-4-thread-1] INFO com.openclassrooms.tourguide.service.RewardsService -- Calculate distance between -73.989723/40.741112 and 21.701568147659174/-52.70066500578829
19:48:39.847 [pool-4-thread-1] INFO com.openclassrooms.tourguide.service.RewardsService -- Assign reward points to dd8d5ea3-a412-424c-a74c-a07ea76d0380 for attraction Flatiron Building
19:48:40.164 [main] INFO com.openclassrooms.tourguide.service.RewardsService -- Checking the user dd8d5ea3-a412-424c-a74c-a07ea76d0380 already get close from Fallingwater
19:48:40.164 [main] INFO com.openclassrooms.tourguide.service.RewardsService -- Calculate distance between -79.468056/39.906113 and 21.701568147659174/-52.70066500578829
19:48:40.164 [main] INFO com.openclassrooms.tourguide.service.RewardsService -- Assign reward points to dd8d5ea3-a412-424c-a74c-a07ea76d0380 for attraction Fallingwater
19:48:40.702 [pool-4-thread-1] INFO com.openclassrooms.tourguide.service.RewardsService -- Checking the user dd8d5ea3-a412-424c-a74c-a07ea76d0380 already get close from Fallingwater
19:48:40.702 [pool-4-thread-1] INFO com.openclassrooms.tourguide.service.RewardsService -- Calculate distance between -79.468056/39.906113 and 21.701568147659174/-52.70066500578829
19:48:40.702 [pool-4-thread-1] INFO com.openclassrooms.tourguide.service.RewardsService -- Assign reward points to dd8d5ea3-a412-424c-a74c-a07ea76d0380 for attraction Fallingwater
19:48:40.868 [pool-4-thread-1] INFO com.openclassrooms.tourguide.service.RewardsService -- Checking the user dd8d5ea3-a412-424c-a74c-a07ea76d0380 already get close from Union Station
19:48:40.868 [pool-4-thread-1] INFO com.openclassrooms.tourguide.service.RewardsService -- Calculate distance between -77.006332/38.897095 and 21.701568147659174/-52.70066500578829
19:48:40.868 [pool-4-thread-1] INFO com.openclassrooms.tourguide.service.RewardsService -- Assign reward points to dd8d5ea3-a412-424c-a74c-a07ea76d0380 for attraction Union Station
19:48:40.903 [main] INFO com.openclassrooms.tourguide.service.RewardsService -- Checking the user dd8d5ea3-a412-424c-a74c-a07ea76d0380 already get close from Union Station
19:48:40.903 [main] INFO com.openclassrooms.tourguide.service.RewardsService -- Calculate distance between -77.006332/38.897095 and 21.701568147659174/-52.70066500578829
19:48:40.903 [main] INFO com.openclassrooms.tourguide.service.RewardsService -- Assign reward points to dd8d5ea3-a412-424c-a74c-a07ea76d0380 for attraction Union Station
19:48:41.032 [pool-4-thread-1] INFO com.openclassrooms.tourguide.service.RewardsService -- Checking the user dd8d5ea3-a412-424c-a74c-a07ea76d0380 already get close from Roger Dean Stadium
19:48:41.032 [pool-4-thread-1] INFO com.openclassrooms.tourguide.service.RewardsService -- Calculate distance between -80.116577/26.890959 and 21.701568147659174/-52.70066500578829
19:48:41.032 [pool-4-thread-1] INFO com.openclassrooms.tourguide.service.RewardsService -- Assign reward points to dd8d5ea3-a412-424c-a74c-a07ea76d0380 for attraction Roger Dean Stadium
19:48:41.205 [pool-4-thread-1] INFO com.openclassrooms.tourguide.service.RewardsService -- Checking the user dd8d5ea3-a412-424c-a74c-a07ea76d0380 already get close from Texas Memorial Stadium
19:48:41.205 [pool-4-thread-1] INFO com.openclassrooms.tourguide.service.RewardsService -- Calculate distance between -97.732536/30.283682 and 21.701568147659174/-52.70066500578829
19:48:41.205 [pool-4-thread-1] INFO com.openclassrooms.tourguide.service.RewardsService -- Assign reward points to dd8d5ea3-a412-424c-a74c-a07ea76d0380 for attraction Texas Memorial Stadium
19:48:41.277 [pool-4-thread-1] INFO com.openclassrooms.tourguide.service.RewardsService -- Checking the user dd8d5ea3-a412-424c-a74c-a07ea76d0380 already get close from Bryant-Denny Stadium
19:48:41.277 [pool-4-thread-1] INFO com.openclassrooms.tourguide.service.RewardsService -- Calculate distance between -87.550438/33.208973 and 21.701568147659174/-52.70066500578829
19:48:41.277 [pool-4-thread-1] INFO com.openclassrooms.tourguide.service.RewardsService -- Assign reward points to dd8d5ea3-a412-424c-a74c-a07ea76d0380 for attraction Bryant-Denny Stadium
19:48:41.415 [main] INFO com.openclassrooms.tourguide.service.RewardsService -- Checking the user dd8d5ea3-a412-424c-a74c-a07ea76d0380 already get close from Roger Dean Stadium
19:48:41.415 [main] INFO com.openclassrooms.tourguide.service.RewardsService -- Calculate distance between -80.116577/26.890959 and 21.701568147659174/-52.70066500578829
19:48:41.415 [main] INFO com.openclassrooms.tourguide.service.RewardsService -- Assign reward points to dd8d5ea3-a412-424c-a74c-a07ea76d0380 for attraction Roger Dean Stadium
19:48:42.111 [pool-4-thread-1] INFO com.openclassrooms.tourguide.service.RewardsService -- Checking the user dd8d5ea3-a412-424c-a74c-a07ea76d0380 already get close from Tiger Stadium
19:48:42.111 [pool-4-thread-1] INFO com.openclassrooms.tourguide.service.RewardsService -- Calculate distance between -91.183815/30.412035 and 21.701568147659174/-52.70066500578829
19:48:42.111 [pool-4-thread-1] INFO com.openclassrooms.tourguide.service.RewardsService -- Assign reward points to dd8d5ea3-a412-424c-a74c-a07ea76d0380 for attraction Tiger Stadium
19:48:42.338 [main] INFO com.openclassrooms.tourguide.service.RewardsService -- Checking the user dd8d5ea3-a412-424c-a74c-a07ea76d0380 already get close from Texas Memorial Stadium
19:48:42.338 [main] INFO com.openclassrooms.tourguide.service.RewardsService -- Calculate distance between -97.732536/30.283682 and 21.701568147659174/-52.70066500578829
19:48:42.338 [main] INFO com.openclassrooms.tourguide.service.RewardsService -- Assign reward points to dd8d5ea3-a412-424c-a74c-a07ea76d0380 for attraction Texas Memorial Stadium
19:48:42.915 [main] INFO com.openclassrooms.tourguide.service.RewardsService -- Checking the user dd8d5ea3-a412-424c-a74c-a07ea76d0380 already get close from Bryant-Denny Stadium
19:48:42.915 [main] INFO com.openclassrooms.tourguide.service.RewardsService -- Calculate distance between -87.550438/33.208973 and 21.701568147659174/-52.70066500578829
19:48:42.915 [main] INFO com.openclassrooms.tourguide.service.RewardsService -- Assign reward points to dd8d5ea3-a412-424c-a74c-a07ea76d0380 for attraction Bryant-Denny Stadium
19:48:42.959 [pool-4-thread-1] INFO com.openclassrooms.tourguide.service.RewardsService -- Checking the user dd8d5ea3-a412-424c-a74c-a07ea76d0380 already get close from Neyland Stadium
19:48:42.959 [pool-4-thread-1] INFO com.openclassrooms.tourguide.service.RewardsService -- Calculate distance between -83.925011/35.955013 and 21.701568147659174/-52.70066500578829
19:48:42.959 [pool-4-thread-1] INFO com.openclassrooms.tourguide.service.RewardsService -- Assign reward points to dd8d5ea3-a412-424c-a74c-a07ea76d0380 for attraction Neyland Stadium
19:48:43.095 [main] INFO com.openclassrooms.tourguide.service.RewardsService -- Checking the user dd8d5ea3-a412-424c-a74c-a07ea76d0380 already get close from Tiger Stadium
19:48:43.095 [main] INFO com.openclassrooms.tourguide.service.RewardsService -- Calculate distance between -91.183815/30.412035 and 21.701568147659174/-52.70066500578829
19:48:43.095 [main] INFO com.openclassrooms.tourguide.service.RewardsService -- Assign reward points to dd8d5ea3-a412-424c-a74c-a07ea76d0380 for attraction Tiger Stadium
19:48:43.334 [main] INFO com.openclassrooms.tourguide.service.RewardsService -- Checking the user dd8d5ea3-a412-424c-a74c-a07ea76d0380 already get close from Neyland Stadium
19:48:43.334 [main] INFO com.openclassrooms.tourguide.service.RewardsService -- Calculate distance between -83.925011/35.955013 and 21.701568147659174/-52.70066500578829
19:48:43.334 [main] INFO com.openclassrooms.tourguide.service.RewardsService -- Assign reward points to dd8d5ea3-a412-424c-a74c-a07ea76d0380 for attraction Neyland Stadium
19:48:43.611 [pool-4-thread-1] INFO com.openclassrooms.tourguide.service.RewardsService -- Checking the user dd8d5ea3-a412-424c-a74c-a07ea76d0380 already get close from Kyle Field
19:48:43.611 [pool-4-thread-1] INFO com.openclassrooms.tourguide.service.RewardsService -- Calculate distance between -96.339844/30.61025 and 21.701568147659174/-52.70066500578829
19:48:43.611 [pool-4-thread-1] INFO com.openclassrooms.tourguide.service.RewardsService -- Assign reward points to dd8d5ea3-a412-424c-a74c-a07ea76d0380 for attraction Kyle Field
19:48:43.764 [main] INFO com.openclassrooms.tourguide.service.RewardsService -- Checking the user dd8d5ea3-a412-424c-a74c-a07ea76d0380 already get close from Kyle Field
19:48:43.764 [main] INFO com.openclassrooms.tourguide.service.RewardsService -- Calculate distance between -96.339844/30.61025 and 21.701568147659174/-52.70066500578829
19:48:43.764 [main] INFO com.openclassrooms.tourguide.service.RewardsService -- Assign reward points to dd8d5ea3-a412-424c-a74c-a07ea76d0380 for attraction Kyle Field
19:48:44.018 [main] INFO com.openclassrooms.tourguide.service.RewardsService -- Checking the user dd8d5ea3-a412-424c-a74c-a07ea76d0380 already get close from San Diego Zoo
19:48:44.018 [main] INFO com.openclassrooms.tourguide.service.RewardsService -- Calculate distance between -117.149048/32.735317 and 21.701568147659174/-52.70066500578829
19:48:44.018 [main] INFO com.openclassrooms.tourguide.service.RewardsService -- Assign reward points to dd8d5ea3-a412-424c-a74c-a07ea76d0380 for attraction San Diego Zoo
19:48:44.264 [pool-4-thread-1] INFO com.openclassrooms.tourguide.service.RewardsService -- Checking the user dd8d5ea3-a412-424c-a74c-a07ea76d0380 already get close from San Diego Zoo
19:48:44.264 [pool-4-thread-1] INFO com.openclassrooms.tourguide.service.RewardsService -- Calculate distance between -117.149048/32.735317 and 21.701568147659174/-52.70066500578829
19:48:44.264 [pool-4-thread-1] INFO com.openclassrooms.tourguide.service.RewardsService -- Assign reward points to dd8d5ea3-a412-424c-a74c-a07ea76d0380 for attraction San Diego Zoo
19:48:44.397 [main] INFO com.openclassrooms.tourguide.service.RewardsService -- Checking the user dd8d5ea3-a412-424c-a74c-a07ea76d0380 already get close from Zoo Tampa at Lowry Park
19:48:44.397 [main] INFO com.openclassrooms.tourguide.service.RewardsService -- Calculate distance between -82.469269/28.012804 and 21.701568147659174/-52.70066500578829
19:48:44.397 [main] INFO com.openclassrooms.tourguide.service.RewardsService -- Assign reward points to dd8d5ea3-a412-424c-a74c-a07ea76d0380 for attraction Zoo Tampa at Lowry Park
19:48:44.410 [main] INFO com.openclassrooms.tourguide.service.RewardsService -- Checking the user dd8d5ea3-a412-424c-a74c-a07ea76d0380 already get close from Franklin Park Zoo
19:48:44.410 [main] INFO com.openclassrooms.tourguide.service.RewardsService -- Calculate distance between -71.086731/42.302601 and 21.701568147659174/-52.70066500578829
19:48:44.410 [main] INFO com.openclassrooms.tourguide.service.RewardsService -- Assign reward points to dd8d5ea3-a412-424c-a74c-a07ea76d0380 for attraction Franklin Park Zoo
19:48:44.856 [main] INFO com.openclassrooms.tourguide.service.RewardsService -- Checking the user dd8d5ea3-a412-424c-a74c-a07ea76d0380 already get close from El Paso Zoo
19:48:44.856 [main] INFO com.openclassrooms.tourguide.service.RewardsService -- Calculate distance between -106.44487/31.769125 and 21.701568147659174/-52.70066500578829
19:48:44.856 [main] INFO com.openclassrooms.tourguide.service.RewardsService -- Assign reward points to dd8d5ea3-a412-424c-a74c-a07ea76d0380 for attraction El Paso Zoo
19:48:45.049 [pool-4-thread-1] INFO com.openclassrooms.tourguide.service.RewardsService -- Checking the user dd8d5ea3-a412-424c-a74c-a07ea76d0380 already get close from Zoo Tampa at Lowry Park
19:48:45.049 [pool-4-thread-1] INFO com.openclassrooms.tourguide.service.RewardsService -- Calculate distance between -82.469269/28.012804 and 21.701568147659174/-52.70066500578829
19:48:45.049 [pool-4-thread-1] INFO com.openclassrooms.tourguide.service.RewardsService -- Assign reward points to dd8d5ea3-a412-424c-a74c-a07ea76d0380 for attraction Zoo Tampa at Lowry Park
19:48:45.616 [main] INFO com.openclassrooms.tourguide.service.RewardsService -- Checking the user dd8d5ea3-a412-424c-a74c-a07ea76d0380 already get close from Kansas City Zoo
19:48:45.616 [main] INFO com.openclassrooms.tourguide.service.RewardsService -- Calculate distance between -94.529625/39.007504 and 21.701568147659174/-52.70066500578829
19:48:45.616 [main] INFO com.openclassrooms.tourguide.service.RewardsService -- Assign reward points to dd8d5ea3-a412-424c-a74c-a07ea76d0380 for attraction Kansas City Zoo
19:48:46.044 [pool-4-thread-1] INFO com.openclassrooms.tourguide.service.RewardsService -- Checking the user dd8d5ea3-a412-424c-a74c-a07ea76d0380 already get close from Franklin Park Zoo
19:48:46.044 [pool-4-thread-1] INFO com.openclassrooms.tourguide.service.RewardsService -- Calculate distance between -71.086731/42.302601 and 21.701568147659174/-52.70066500578829
19:48:46.044 [pool-4-thread-1] INFO com.openclassrooms.tourguide.service.RewardsService -- Assign reward points to dd8d5ea3-a412-424c-a74c-a07ea76d0380 for attraction Franklin Park Zoo
19:48:46.169 [main] INFO com.openclassrooms.tourguide.service.RewardsService -- Checking the user dd8d5ea3-a412-424c-a74c-a07ea76d0380 already get close from Bronx Zoo
19:48:46.169 [main] INFO com.openclassrooms.tourguide.service.RewardsService -- Calculate distance between -73.872971/40.852905 and 21.701568147659174/-52.70066500578829
19:48:46.169 [main] INFO com.openclassrooms.tourguide.service.RewardsService -- Assign reward points to dd8d5ea3-a412-424c-a74c-a07ea76d0380 for attraction Bronx Zoo
19:48:46.238 [main] INFO com.openclassrooms.tourguide.service.RewardsService -- Checking the user dd8d5ea3-a412-424c-a74c-a07ea76d0380 already get close from Cinderella Castle
19:48:46.238 [main] INFO com.openclassrooms.tourguide.service.RewardsService -- Calculate distance between -81.5812/28.419411 and 21.701568147659174/-52.70066500578829
19:48:46.238 [main] INFO com.openclassrooms.tourguide.service.RewardsService -- Assign reward points to dd8d5ea3-a412-424c-a74c-a07ea76d0380 for attraction Cinderella Castle
19:48:46.830 [pool-4-thread-1] INFO com.openclassrooms.tourguide.service.RewardsService -- Checking the user dd8d5ea3-a412-424c-a74c-a07ea76d0380 already get close from El Paso Zoo
19:48:46.830 [pool-4-thread-1] INFO com.openclassrooms.tourguide.service.RewardsService -- Calculate distance between -106.44487/31.769125 and 21.701568147659174/-52.70066500578829
19:48:46.830 [pool-4-thread-1] INFO com.openclassrooms.tourguide.service.RewardsService -- Assign reward points to dd8d5ea3-a412-424c-a74c-a07ea76d0380 for attraction El Paso Zoo
19:48:47.018 [main] INFO com.openclassrooms.tourguide.service.RewardsService -- Checking the user dd8d5ea3-a412-424c-a74c-a07ea76d0380 already get close from Disneyland
19:48:47.018 [main] INFO com.openclassrooms.tourguide.service.RewardsService -- Calculate distance between -117.922008/33.817595 and 11.841383121932608/-73.06565463482116
19:48:47.018 [main] INFO com.openclassrooms.tourguide.service.RewardsService -- Assign reward points to dd8d5ea3-a412-424c-a74c-a07ea76d0380 for attraction Disneyland
19:48:47.300 [pool-4-thread-1] INFO com.openclassrooms.tourguide.service.RewardsService -- Checking the user dd8d5ea3-a412-424c-a74c-a07ea76d0380 already get close from Kansas City Zoo
19:48:47.300 [pool-4-thread-1] INFO com.openclassrooms.tourguide.service.RewardsService -- Calculate distance between -94.529625/39.007504 and 21.701568147659174/-52.70066500578829
19:48:47.300 [pool-4-thread-1] INFO com.openclassrooms.tourguide.service.RewardsService -- Assign reward points to dd8d5ea3-a412-424c-a74c-a07ea76d0380 for attraction Kansas City Zoo
19:48:47.319 [pool-4-thread-1] INFO com.openclassrooms.tourguide.service.RewardsService -- Checking the user dd8d5ea3-a412-424c-a74c-a07ea76d0380 already get close from Bronx Zoo
19:48:47.319 [pool-4-thread-1] INFO com.openclassrooms.tourguide.service.RewardsService -- Calculate distance between -73.872971/40.852905 and 21.701568147659174/-52.70066500578829
19:48:47.319 [pool-4-thread-1] INFO com.openclassrooms.tourguide.service.RewardsService -- Assign reward points to dd8d5ea3-a412-424c-a74c-a07ea76d0380 for attraction Bronx Zoo
19:48:47.728 [main] INFO com.openclassrooms.tourguide.service.RewardsService -- Checking the user dd8d5ea3-a412-424c-a74c-a07ea76d0380 already get close from Jackson Hole
19:48:47.728 [main] INFO com.openclassrooms.tourguide.service.RewardsService -- Calculate distance between -110.821999/43.582767 and 11.841383121932608/-73.06565463482116
19:48:47.728 [main] INFO com.openclassrooms.tourguide.service.RewardsService -- Assign reward points to dd8d5ea3-a412-424c-a74c-a07ea76d0380 for attraction Jackson Hole
19:48:47.788 [main] INFO com.openclassrooms.tourguide.service.RewardsService -- Checking the user dd8d5ea3-a412-424c-a74c-a07ea76d0380 already get close from Mojave National Preserve
19:48:47.788 [main] INFO com.openclassrooms.tourguide.service.RewardsService -- Calculate distance between -115.510399/35.141689 and 11.841383121932608/-73.06565463482116
19:48:47.788 [main] INFO com.openclassrooms.tourguide.service.RewardsService -- Assign reward points to dd8d5ea3-a412-424c-a74c-a07ea76d0380 for attraction Mojave National Preserve
19:48:48.102 [pool-4-thread-1] INFO com.openclassrooms.tourguide.service.RewardsService -- Checking the user dd8d5ea3-a412-424c-a74c-a07ea76d0380 already get close from Cinderella Castle
19:48:48.102 [pool-4-thread-1] INFO com.openclassrooms.tourguide.service.RewardsService -- Calculate distance between -81.5812/28.419411 and 21.701568147659174/-52.70066500578829
19:48:48.102 [pool-4-thread-1] INFO com.openclassrooms.tourguide.service.RewardsService -- Assign reward points to dd8d5ea3-a412-424c-a74c-a07ea76d0380 for attraction Cinderella Castle
19:48:48.341 [pool-4-thread-1] INFO com.openclassrooms.tourguide.service.RewardsService -- Checking the user dd8d5ea3-a412-424c-a74c-a07ea76d0380 already get close from Disneyland
19:48:48.341 [pool-4-thread-1] INFO com.openclassrooms.tourguide.service.RewardsService -- Calculate distance between -117.922008/33.817595 and 11.841383121932608/-73.06565463482116
19:48:48.341 [pool-4-thread-1] INFO com.openclassrooms.tourguide.service.RewardsService -- Assign reward points to dd8d5ea3-a412-424c-a74c-a07ea76d0380 for attraction Disneyland
19:48:48.490 [main] INFO com.openclassrooms.tourguide.service.RewardsService -- Checking the user dd8d5ea3-a412-424c-a74c-a07ea76d0380 already get close from Joshua Tree National Park
19:48:48.490 [main] INFO com.openclassrooms.tourguide.service.RewardsService -- Calculate distance between -115.90065/33.881866 and 11.841383121932608/-73.06565463482116
19:48:48.490 [main] INFO com.openclassrooms.tourguide.service.RewardsService -- Assign reward points to dd8d5ea3-a412-424c-a74c-a07ea76d0380 for attraction Joshua Tree National Park
19:48:48.634 [main] INFO com.openclassrooms.tourguide.service.RewardsService -- Checking the user dd8d5ea3-a412-424c-a74c-a07ea76d0380 already get close from Buffalo National River
19:48:48.634 [main] INFO com.openclassrooms.tourguide.service.RewardsService -- Calculate distance between -92.757652/35.985512 and 11.841383121932608/-73.06565463482116
19:48:48.634 [main] INFO com.openclassrooms.tourguide.service.RewardsService -- Assign reward points to dd8d5ea3-a412-424c-a74c-a07ea76d0380 for attraction Buffalo National River
19:48:48.744 [pool-4-thread-1] INFO com.openclassrooms.tourguide.service.RewardsService -- Checking the user dd8d5ea3-a412-424c-a74c-a07ea76d0380 already get close from Jackson Hole
19:48:48.744 [pool-4-thread-1] INFO com.openclassrooms.tourguide.service.RewardsService -- Calculate distance between -110.821999/43.582767 and 11.841383121932608/-73.06565463482116
19:48:48.744 [pool-4-thread-1] INFO com.openclassrooms.tourguide.service.RewardsService -- Assign reward points to dd8d5ea3-a412-424c-a74c-a07ea76d0380 for attraction Jackson Hole
19:48:49.132 [main] INFO com.openclassrooms.tourguide.service.RewardsService -- Checking the user dd8d5ea3-a412-424c-a74c-a07ea76d0380 already get close from Hot Springs National Park
19:48:49.132 [main] INFO com.openclassrooms.tourguide.service.RewardsService -- Calculate distance between -93.042267/34.52153 and 11.841383121932608/-73.06565463482116
19:48:49.132 [main] INFO com.openclassrooms.tourguide.service.RewardsService -- Assign reward points to dd8d5ea3-a412-424c-a74c-a07ea76d0380 for attraction Hot Springs National Park
19:48:49.200 [pool-4-thread-1] INFO com.openclassrooms.tourguide.service.RewardsService -- Checking the user dd8d5ea3-a412-424c-a74c-a07ea76d0380 already get close from Mojave National Preserve
19:48:49.200 [pool-4-thread-1] INFO com.openclassrooms.tourguide.service.RewardsService -- Calculate distance between -115.510399/35.141689 and 11.841383121932608/-73.06565463482116
19:48:49.200 [pool-4-thread-1] INFO com.openclassrooms.tourguide.service.RewardsService -- Assign reward points to dd8d5ea3-a412-424c-a74c-a07ea76d0380 for attraction Mojave National Preserve
19:48:49.559 [pool-4-thread-1] INFO com.openclassrooms.tourguide.service.RewardsService -- Checking the user dd8d5ea3-a412-424c-a74c-a07ea76d0380 already get close from Joshua Tree National Park
19:48:49.559 [pool-4-thread-1] INFO com.openclassrooms.tourguide.service.RewardsService -- Calculate distance between -115.90065/33.881866 and 11.841383121932608/-73.06565463482116
19:48:49.559 [pool-4-thread-1] INFO com.openclassrooms.tourguide.service.RewardsService -- Assign reward points to dd8d5ea3-a412-424c-a74c-a07ea76d0380 for attraction Joshua Tree National Park
19:48:49.766 [pool-4-thread-1] INFO com.openclassrooms.tourguide.service.RewardsService -- Checking the user dd8d5ea3-a412-424c-a74c-a07ea76d0380 already get close from Buffalo National River
19:48:49.766 [pool-4-thread-1] INFO com.openclassrooms.tourguide.service.RewardsService -- Calculate distance between -92.757652/35.985512 and 11.841383121932608/-73.06565463482116
19:48:49.766 [pool-4-thread-1] INFO com.openclassrooms.tourguide.service.RewardsService -- Assign reward points to dd8d5ea3-a412-424c-a74c-a07ea76d0380 for attraction Buffalo National River
19:48:49.849 [main] INFO com.openclassrooms.tourguide.service.RewardsService -- Checking the user dd8d5ea3-a412-424c-a74c-a07ea76d0380 already get close from Kartchner Caverns State Park
19:48:49.849 [main] INFO com.openclassrooms.tourguide.service.RewardsService -- Calculate distance between -110.347382/31.837551 and 11.841383121932608/-73.06565463482116
19:48:49.849 [main] INFO com.openclassrooms.tourguide.service.RewardsService -- Assign reward points to dd8d5ea3-a412-424c-a74c-a07ea76d0380 for attraction Kartchner Caverns State Park
19:48:50.138 [pool-4-thread-1] INFO com.openclassrooms.tourguide.service.RewardsService -- Checking the user dd8d5ea3-a412-424c-a74c-a07ea76d0380 already get close from Hot Springs National Park
19:48:50.138 [pool-4-thread-1] INFO com.openclassrooms.tourguide.service.RewardsService -- Calculate distance between -93.042267/34.52153 and 11.841383121932608/-73.06565463482116
19:48:50.138 [pool-4-thread-1] INFO com.openclassrooms.tourguide.service.RewardsService -- Assign reward points to dd8d5ea3-a412-424c-a74c-a07ea76d0380 for attraction Hot Springs National Park
19:48:50.565 [main] INFO com.openclassrooms.tourguide.service.RewardsService -- Checking the user dd8d5ea3-a412-424c-a74c-a07ea76d0380 already get close from Legend Valley
19:48:50.565 [main] INFO com.openclassrooms.tourguide.service.RewardsService -- Calculate distance between -82.40667/39.937778 and 11.841383121932608/-73.06565463482116
19:48:50.565 [main] INFO com.openclassrooms.tourguide.service.RewardsService -- Assign reward points to dd8d5ea3-a412-424c-a74c-a07ea76d0380 for attraction Legend Valley
19:48:50.921 [main] INFO com.openclassrooms.tourguide.service.RewardsService -- Checking the user dd8d5ea3-a412-424c-a74c-a07ea76d0380 already get close from Flowers Bakery of London
19:48:50.921 [main] INFO com.openclassrooms.tourguide.service.RewardsService -- Calculate distance between -84.07486/37.131527 and 11.841383121932608/-73.06565463482116
19:48:50.921 [main] INFO com.openclassrooms.tourguide.service.RewardsService -- Assign reward points to dd8d5ea3-a412-424c-a74c-a07ea76d0380 for attraction Flowers Bakery of London
19:48:50.960 [pool-4-thread-1] INFO com.openclassrooms.tourguide.service.RewardsService -- Checking the user dd8d5ea3-a412-424c-a74c-a07ea76d0380 already get close from Kartchner Caverns State Park
19:48:50.960 [pool-4-thread-1] INFO com.openclassrooms.tourguide.service.RewardsService -- Calculate distance between -110.347382/31.837551 and 11.841383121932608/-73.06565463482116
19:48:50.960 [pool-4-thread-1] INFO com.openclassrooms.tourguide.service.RewardsService -- Assign reward points to dd8d5ea3-a412-424c-a74c-a07ea76d0380 for attraction Kartchner Caverns State Park
19:48:51.613 [pool-4-thread-1] INFO com.openclassrooms.tourguide.service.RewardsService -- Checking the user dd8d5ea3-a412-424c-a74c-a07ea76d0380 already get close from Legend Valley
19:48:51.613 [pool-4-thread-1] INFO com.openclassrooms.tourguide.service.RewardsService -- Calculate distance between -82.40667/39.937778 and 11.841383121932608/-73.06565463482116
19:48:51.613 [pool-4-thread-1] INFO com.openclassrooms.tourguide.service.RewardsService -- Assign reward points to dd8d5ea3-a412-424c-a74c-a07ea76d0380 for attraction Legend Valley
19:48:51.782 [pool-4-thread-1] INFO com.openclassrooms.tourguide.service.RewardsService -- Checking the user dd8d5ea3-a412-424c-a74c-a07ea76d0380 already get close from Flowers Bakery of London
19:48:51.782 [pool-4-thread-1] INFO com.openclassrooms.tourguide.service.RewardsService -- Calculate distance between -84.07486/37.131527 and 11.841383121932608/-73.06565463482116
19:48:51.782 [pool-4-thread-1] INFO com.openclassrooms.tourguide.service.RewardsService -- Assign reward points to dd8d5ea3-a412-424c-a74c-a07ea76d0380 for attraction Flowers Bakery of London
19:48:51.798 [main] INFO com.openclassrooms.tourguide.service.RewardsService -- Checking the user dd8d5ea3-a412-424c-a74c-a07ea76d0380 already get close from McKinley Tower
19:48:51.798 [main] INFO com.openclassrooms.tourguide.service.RewardsService -- Calculate distance between -149.877502/61.218887 and 11.841383121932608/-73.06565463482116
19:48:51.798 [main] INFO com.openclassrooms.tourguide.service.RewardsService -- Assign reward points to dd8d5ea3-a412-424c-a74c-a07ea76d0380 for attraction McKinley Tower
19:48:51.952 [main] INFO com.openclassrooms.tourguide.service.RewardsService -- Checking the user dd8d5ea3-a412-424c-a74c-a07ea76d0380 already get close from Flatiron Building
19:48:51.952 [main] INFO com.openclassrooms.tourguide.service.RewardsService -- Calculate distance between -73.989723/40.741112 and 11.841383121932608/-73.06565463482116
19:48:51.952 [main] INFO com.openclassrooms.tourguide.service.RewardsService -- Assign reward points to dd8d5ea3-a412-424c-a74c-a07ea76d0380 for attraction Flatiron Building
19:48:52.223 [pool-4-thread-1] INFO com.openclassrooms.tourguide.service.RewardsService -- Checking the user dd8d5ea3-a412-424c-a74c-a07ea76d0380 already get close from McKinley Tower
19:48:52.223 [pool-4-thread-1] INFO com.openclassrooms.tourguide.service.RewardsService -- Calculate distance between -149.877502/61.218887 and 11.841383121932608/-73.06565463482116
19:48:52.223 [pool-4-thread-1] INFO com.openclassrooms.tourguide.service.RewardsService -- Assign reward points to dd8d5ea3-a412-424c-a74c-a07ea76d0380 for attraction McKinley Tower
19:48:52.709 [main] INFO com.openclassrooms.tourguide.service.RewardsService -- Checking the user dd8d5ea3-a412-424c-a74c-a07ea76d0380 already get close from Fallingwater
19:48:52.709 [main] INFO com.openclassrooms.tourguide.service.RewardsService -- Calculate distance between -79.468056/39.906113 and 11.841383121932608/-73.06565463482116
19:48:52.709 [main] INFO com.openclassrooms.tourguide.service.RewardsService -- Assign reward points to dd8d5ea3-a412-424c-a74c-a07ea76d0380 for attraction Fallingwater
19:48:52.860 [pool-4-thread-1] INFO com.openclassrooms.tourguide.service.RewardsService -- Checking the user dd8d5ea3-a412-424c-a74c-a07ea76d0380 already get close from Flatiron Building
19:48:52.860 [pool-4-thread-1] INFO com.openclassrooms.tourguide.service.RewardsService -- Calculate distance between -73.989723/40.741112 and 11.841383121932608/-73.06565463482116
19:48:52.860 [pool-4-thread-1] INFO com.openclassrooms.tourguide.service.RewardsService -- Assign reward points to dd8d5ea3-a412-424c-a74c-a07ea76d0380 for attraction Flatiron Building
19:48:53.046 [pool-4-thread-1] INFO com.openclassrooms.tourguide.service.RewardsService -- Checking the user dd8d5ea3-a412-424c-a74c-a07ea76d0380 already get close from Fallingwater
19:48:53.046 [pool-4-thread-1] INFO com.openclassrooms.tourguide.service.RewardsService -- Calculate distance between -79.468056/39.906113 and 11.841383121932608/-73.06565463482116
19:48:53.046 [pool-4-thread-1] INFO com.openclassrooms.tourguide.service.RewardsService -- Assign reward points to dd8d5ea3-a412-424c-a74c-a07ea76d0380 for attraction Fallingwater
19:48:53.251 [main] INFO com.openclassrooms.tourguide.service.RewardsService -- Checking the user dd8d5ea3-a412-424c-a74c-a07ea76d0380 already get close from Union Station
19:48:53.251 [main] INFO com.openclassrooms.tourguide.service.RewardsService -- Calculate distance between -77.006332/38.897095 and 11.841383121932608/-73.06565463482116
19:48:53.251 [main] INFO com.openclassrooms.tourguide.service.RewardsService -- Assign reward points to dd8d5ea3-a412-424c-a74c-a07ea76d0380 for attraction Union Station
19:48:53.704 [pool-4-thread-1] INFO com.openclassrooms.tourguide.service.RewardsService -- Checking the user dd8d5ea3-a412-424c-a74c-a07ea76d0380 already get close from Union Station
19:48:53.704 [pool-4-thread-1] INFO com.openclassrooms.tourguide.service.RewardsService -- Calculate distance between -77.006332/38.897095 and 11.841383121932608/-73.06565463482116
19:48:53.704 [pool-4-thread-1] INFO com.openclassrooms.tourguide.service.RewardsService -- Assign reward points to dd8d5ea3-a412-424c-a74c-a07ea76d0380 for attraction Union Station
19:48:53.768 [main] INFO com.openclassrooms.tourguide.service.RewardsService -- Checking the user dd8d5ea3-a412-424c-a74c-a07ea76d0380 already get close from Roger Dean Stadium
19:48:53.768 [main] INFO com.openclassrooms.tourguide.service.RewardsService -- Calculate distance between -80.116577/26.890959 and 11.841383121932608/-73.06565463482116
19:48:53.768 [main] INFO com.openclassrooms.tourguide.service.RewardsService -- Assign reward points to dd8d5ea3-a412-424c-a74c-a07ea76d0380 for attraction Roger Dean Stadium
19:48:53.842 [main] INFO com.openclassrooms.tourguide.service.RewardsService -- Checking the user dd8d5ea3-a412-424c-a74c-a07ea76d0380 already get close from Texas Memorial Stadium
19:48:53.842 [main] INFO com.openclassrooms.tourguide.service.RewardsService -- Calculate distance between -97.732536/30.283682 and 11.841383121932608/-73.06565463482116
19:48:53.842 [main] INFO com.openclassrooms.tourguide.service.RewardsService -- Assign reward points to dd8d5ea3-a412-424c-a74c-a07ea76d0380 for attraction Texas Memorial Stadium
19:48:54.378 [pool-4-thread-1] INFO com.openclassrooms.tourguide.service.RewardsService -- Checking the user dd8d5ea3-a412-424c-a74c-a07ea76d0380 already get close from Roger Dean Stadium
19:48:54.378 [pool-4-thread-1] INFO com.openclassrooms.tourguide.service.RewardsService -- Calculate distance between -80.116577/26.890959 and 11.841383121932608/-73.06565463482116
19:48:54.378 [pool-4-thread-1] INFO com.openclassrooms.tourguide.service.RewardsService -- Assign reward points to dd8d5ea3-a412-424c-a74c-a07ea76d0380 for attraction Roger Dean Stadium
19:48:54.789 [main] INFO com.openclassrooms.tourguide.service.RewardsService -- Checking the user dd8d5ea3-a412-424c-a74c-a07ea76d0380 already get close from Bryant-Denny Stadium
19:48:54.789 [main] INFO com.openclassrooms.tourguide.service.RewardsService -- Calculate distance between -87.550438/33.208973 and 11.841383121932608/-73.06565463482116
19:48:54.789 [main] INFO com.openclassrooms.tourguide.service.RewardsService -- Assign reward points to dd8d5ea3-a412-424c-a74c-a07ea76d0380 for attraction Bryant-Denny Stadium
19:48:54.882 [pool-4-thread-1] INFO com.openclassrooms.tourguide.service.RewardsService -- Checking the user dd8d5ea3-a412-424c-a74c-a07ea76d0380 already get close from Texas Memorial Stadium
19:48:54.882 [pool-4-thread-1] INFO com.openclassrooms.tourguide.service.RewardsService -- Calculate distance between -97.732536/30.283682 and 11.841383121932608/-73.06565463482116
19:48:54.882 [pool-4-thread-1] INFO com.openclassrooms.tourguide.service.RewardsService -- Assign reward points to dd8d5ea3-a412-424c-a74c-a07ea76d0380 for attraction Texas Memorial Stadium
19:48:55.023 [main] INFO com.openclassrooms.tourguide.service.RewardsService -- Checking the user dd8d5ea3-a412-424c-a74c-a07ea76d0380 already get close from Tiger Stadium
19:48:55.023 [main] INFO com.openclassrooms.tourguide.service.RewardsService -- Calculate distance between -91.183815/30.412035 and 11.841383121932608/-73.06565463482116
19:48:55.023 [main] INFO com.openclassrooms.tourguide.service.RewardsService -- Assign reward points to dd8d5ea3-a412-424c-a74c-a07ea76d0380 for attraction Tiger Stadium
19:48:55.532 [pool-4-thread-1] INFO com.openclassrooms.tourguide.service.RewardsService -- Checking the user dd8d5ea3-a412-424c-a74c-a07ea76d0380 already get close from Bryant-Denny Stadium
19:48:55.532 [pool-4-thread-1] INFO com.openclassrooms.tourguide.service.RewardsService -- Calculate distance between -87.550438/33.208973 and 11.841383121932608/-73.06565463482116
19:48:55.532 [pool-4-thread-1] INFO com.openclassrooms.tourguide.service.RewardsService -- Assign reward points to dd8d5ea3-a412-424c-a74c-a07ea76d0380 for attraction Bryant-Denny Stadium
19:48:55.835 [main] INFO com.openclassrooms.tourguide.service.RewardsService -- Checking the user dd8d5ea3-a412-424c-a74c-a07ea76d0380 already get close from Neyland Stadium
19:48:55.835 [main] INFO com.openclassrooms.tourguide.service.RewardsService -- Calculate distance between -83.925011/35.955013 and 11.841383121932608/-73.06565463482116
19:48:55.835 [main] INFO com.openclassrooms.tourguide.service.RewardsService -- Assign reward points to dd8d5ea3-a412-424c-a74c-a07ea76d0380 for attraction Neyland Stadium
19:48:56.001 [main] INFO com.openclassrooms.tourguide.service.RewardsService -- Checking the user dd8d5ea3-a412-424c-a74c-a07ea76d0380 already get close from Kyle Field
19:48:56.001 [main] INFO com.openclassrooms.tourguide.service.RewardsService -- Calculate distance between -96.339844/30.61025 and 11.841383121932608/-73.06565463482116
19:48:56.001 [main] INFO com.openclassrooms.tourguide.service.RewardsService -- Assign reward points to dd8d5ea3-a412-424c-a74c-a07ea76d0380 for attraction Kyle Field
19:48:56.140 [pool-4-thread-1] INFO com.openclassrooms.tourguide.service.RewardsService -- Checking the user dd8d5ea3-a412-424c-a74c-a07ea76d0380 already get close from Tiger Stadium
19:48:56.140 [pool-4-thread-1] INFO com.openclassrooms.tourguide.service.RewardsService -- Calculate distance between -91.183815/30.412035 and 11.841383121932608/-73.06565463482116
19:48:56.140 [pool-4-thread-1] INFO com.openclassrooms.tourguide.service.RewardsService -- Assign reward points to dd8d5ea3-a412-424c-a74c-a07ea76d0380 for attraction Tiger Stadium
19:48:56.466 [pool-4-thread-1] INFO com.openclassrooms.tourguide.service.RewardsService -- Checking the user dd8d5ea3-a412-424c-a74c-a07ea76d0380 already get close from Neyland Stadium
19:48:56.466 [pool-4-thread-1] INFO com.openclassrooms.tourguide.service.RewardsService -- Calculate distance between -83.925011/35.955013 and 11.841383121932608/-73.06565463482116
19:48:56.466 [pool-4-thread-1] INFO com.openclassrooms.tourguide.service.RewardsService -- Assign reward points to dd8d5ea3-a412-424c-a74c-a07ea76d0380 for attraction Neyland Stadium
19:48:56.740 [main] INFO com.openclassrooms.tourguide.service.RewardsService -- Checking the user dd8d5ea3-a412-424c-a74c-a07ea76d0380 already get close from San Diego Zoo
19:48:56.740 [main] INFO com.openclassrooms.tourguide.service.RewardsService -- Calculate distance between -117.149048/32.735317 and 11.841383121932608/-73.06565463482116
19:48:56.740 [main] INFO com.openclassrooms.tourguide.service.RewardsService -- Assign reward points to dd8d5ea3-a412-424c-a74c-a07ea76d0380 for attraction San Diego Zoo
19:48:57.061 [pool-4-thread-1] INFO com.openclassrooms.tourguide.service.RewardsService -- Checking the user dd8d5ea3-a412-424c-a74c-a07ea76d0380 already get close from Kyle Field
19:48:57.061 [pool-4-thread-1] INFO com.openclassrooms.tourguide.service.RewardsService -- Calculate distance between -96.339844/30.61025 and 11.841383121932608/-73.06565463482116
19:48:57.061 [pool-4-thread-1] INFO com.openclassrooms.tourguide.service.RewardsService -- Assign reward points to dd8d5ea3-a412-424c-a74c-a07ea76d0380 for attraction Kyle Field
19:48:57.129 [main] INFO com.openclassrooms.tourguide.service.RewardsService -- Checking the user dd8d5ea3-a412-424c-a74c-a07ea76d0380 already get close from Zoo Tampa at Lowry Park
19:48:57.129 [main] INFO com.openclassrooms.tourguide.service.RewardsService -- Calculate distance between -82.469269/28.012804 and 11.841383121932608/-73.06565463482116
19:48:57.129 [main] INFO com.openclassrooms.tourguide.service.RewardsService -- Assign reward points to dd8d5ea3-a412-424c-a74c-a07ea76d0380 for attraction Zoo Tampa at Lowry Park
19:48:57.549 [pool-4-thread-1] INFO com.openclassrooms.tourguide.service.RewardsService -- Checking the user dd8d5ea3-a412-424c-a74c-a07ea76d0380 already get close from San Diego Zoo
19:48:57.549 [pool-4-thread-1] INFO com.openclassrooms.tourguide.service.RewardsService -- Calculate distance between -117.149048/32.735317 and 11.841383121932608/-73.06565463482116
19:48:57.549 [pool-4-thread-1] INFO com.openclassrooms.tourguide.service.RewardsService -- Assign reward points to dd8d5ea3-a412-424c-a74c-a07ea76d0380 for attraction San Diego Zoo
19:48:57.841 [main] INFO com.openclassrooms.tourguide.service.RewardsService -- Checking the user dd8d5ea3-a412-424c-a74c-a07ea76d0380 already get close from Franklin Park Zoo
19:48:57.841 [main] INFO com.openclassrooms.tourguide.service.RewardsService -- Calculate distance between -71.086731/42.302601 and 11.841383121932608/-73.06565463482116
19:48:57.841 [main] INFO com.openclassrooms.tourguide.service.RewardsService -- Assign reward points to dd8d5ea3-a412-424c-a74c-a07ea76d0380 for attraction Franklin Park Zoo
19:48:58.039 [pool-4-thread-1] INFO com.openclassrooms.tourguide.service.RewardsService -- Checking the user dd8d5ea3-a412-424c-a74c-a07ea76d0380 already get close from Zoo Tampa at Lowry Park
19:48:58.039 [pool-4-thread-1] INFO com.openclassrooms.tourguide.service.RewardsService -- Calculate distance between -82.469269/28.012804 and 11.841383121932608/-73.06565463482116
19:48:58.039 [pool-4-thread-1] INFO com.openclassrooms.tourguide.service.RewardsService -- Assign reward points to dd8d5ea3-a412-424c-a74c-a07ea76d0380 for attraction Zoo Tampa at Lowry Park
19:48:58.662 [pool-4-thread-1] INFO com.openclassrooms.tourguide.service.RewardsService -- Checking the user dd8d5ea3-a412-424c-a74c-a07ea76d0380 already get close from Franklin Park Zoo
19:48:58.662 [pool-4-thread-1] INFO com.openclassrooms.tourguide.service.RewardsService -- Calculate distance between -71.086731/42.302601 and 11.841383121932608/-73.06565463482116
19:48:58.662 [pool-4-thread-1] INFO com.openclassrooms.tourguide.service.RewardsService -- Assign reward points to dd8d5ea3-a412-424c-a74c-a07ea76d0380 for attraction Franklin Park Zoo
19:48:58.681 [pool-4-thread-1] INFO com.openclassrooms.tourguide.service.RewardsService -- Checking the user dd8d5ea3-a412-424c-a74c-a07ea76d0380 already get close from El Paso Zoo
19:48:58.681 [pool-4-thread-1] INFO com.openclassrooms.tourguide.service.RewardsService -- Calculate distance between -106.44487/31.769125 and 11.841383121932608/-73.06565463482116
19:48:58.681 [pool-4-thread-1] INFO com.openclassrooms.tourguide.service.RewardsService -- Assign reward points to dd8d5ea3-a412-424c-a74c-a07ea76d0380 for attraction El Paso Zoo
19:48:58.762 [main] INFO com.openclassrooms.tourguide.service.RewardsService -- Checking the user dd8d5ea3-a412-424c-a74c-a07ea76d0380 already get close from El Paso Zoo
19:48:58.762 [main] INFO com.openclassrooms.tourguide.service.RewardsService -- Calculate distance between -106.44487/31.769125 and 11.841383121932608/-73.06565463482116
19:48:58.762 [main] INFO com.openclassrooms.tourguide.service.RewardsService -- Assign reward points to dd8d5ea3-a412-424c-a74c-a07ea76d0380 for attraction El Paso Zoo
19:48:58.887 [main] INFO com.openclassrooms.tourguide.service.RewardsService -- Checking the user dd8d5ea3-a412-424c-a74c-a07ea76d0380 already get close from Kansas City Zoo
19:48:58.887 [main] INFO com.openclassrooms.tourguide.service.RewardsService -- Calculate distance between -94.529625/39.007504 and 11.841383121932608/-73.06565463482116
19:48:58.887 [main] INFO com.openclassrooms.tourguide.service.RewardsService -- Assign reward points to dd8d5ea3-a412-424c-a74c-a07ea76d0380 for attraction Kansas City Zoo
19:48:59.004 [main] INFO com.openclassrooms.tourguide.service.RewardsService -- Checking the user dd8d5ea3-a412-424c-a74c-a07ea76d0380 already get close from Bronx Zoo
19:48:59.004 [main] INFO com.openclassrooms.tourguide.service.RewardsService -- Calculate distance between -73.872971/40.852905 and 11.841383121932608/-73.06565463482116
19:48:59.004 [main] INFO com.openclassrooms.tourguide.service.RewardsService -- Assign reward points to dd8d5ea3-a412-424c-a74c-a07ea76d0380 for attraction Bronx Zoo
19:48:59.107 [pool-4-thread-1] INFO com.openclassrooms.tourguide.service.RewardsService -- Checking the user dd8d5ea3-a412-424c-a74c-a07ea76d0380 already get close from Kansas City Zoo
19:48:59.107 [pool-4-thread-1] INFO com.openclassrooms.tourguide.service.RewardsService -- Calculate distance between -94.529625/39.007504 and 11.841383121932608/-73.06565463482116
19:48:59.107 [pool-4-thread-1] INFO com.openclassrooms.tourguide.service.RewardsService -- Assign reward points to dd8d5ea3-a412-424c-a74c-a07ea76d0380 for attraction Kansas City Zoo
19:48:59.276 [main] INFO com.openclassrooms.tourguide.service.RewardsService -- Checking the user dd8d5ea3-a412-424c-a74c-a07ea76d0380 already get close from Cinderella Castle
19:48:59.276 [main] INFO com.openclassrooms.tourguide.service.RewardsService -- Calculate distance between -81.5812/28.419411 and 11.841383121932608/-73.06565463482116
19:48:59.276 [main] INFO com.openclassrooms.tourguide.service.RewardsService -- Assign reward points to dd8d5ea3-a412-424c-a74c-a07ea76d0380 for attraction Cinderella Castle
19:48:59.515 [pool-4-thread-1] INFO com.openclassrooms.tourguide.service.RewardsService -- Checking the user dd8d5ea3-a412-424c-a74c-a07ea76d0380 already get close from Bronx Zoo
19:48:59.515 [pool-4-thread-1] INFO com.openclassrooms.tourguide.service.RewardsService -- Calculate distance between -73.872971/40.852905 and 11.841383121932608/-73.06565463482116
19:48:59.515 [pool-4-thread-1] INFO com.openclassrooms.tourguide.service.RewardsService -- Assign reward points to dd8d5ea3-a412-424c-a74c-a07ea76d0380 for attraction Bronx Zoo
19:48:59.870 [pool-4-thread-1] INFO com.openclassrooms.tourguide.service.RewardsService -- Checking the user dd8d5ea3-a412-424c-a74c-a07ea76d0380 already get close from Cinderella Castle
19:48:59.870 [pool-4-thread-1] INFO com.openclassrooms.tourguide.service.RewardsService -- Calculate distance between -81.5812/28.419411 and 11.841383121932608/-73.06565463482116
19:48:59.870 [pool-4-thread-1] INFO com.openclassrooms.tourguide.service.RewardsService -- Assign reward points to dd8d5ea3-a412-424c-a74c-a07ea76d0380 for attraction Cinderella Castle
19:49:00.115 [main] INFO com.openclassrooms.tourguide.service.RewardsService -- Checking the user dd8d5ea3-a412-424c-a74c-a07ea76d0380 already get close from Disneyland
19:49:00.115 [main] INFO com.openclassrooms.tourguide.service.RewardsService -- Calculate distance between -117.922008/33.817595 and -60.482618682060206/66.48423412765061
19:49:00.115 [main] INFO com.openclassrooms.tourguide.service.RewardsService -- Assign reward points to dd8d5ea3-a412-424c-a74c-a07ea76d0380 for attraction Disneyland
19:49:00.546 [main] INFO com.openclassrooms.tourguide.service.RewardsService -- Checking the user dd8d5ea3-a412-424c-a74c-a07ea76d0380 already get close from Jackson Hole
19:49:00.546 [main] INFO com.openclassrooms.tourguide.service.RewardsService -- Calculate distance between -110.821999/43.582767 and -60.482618682060206/66.48423412765061
19:49:00.546 [main] INFO com.openclassrooms.tourguide.service.RewardsService -- Assign reward points to dd8d5ea3-a412-424c-a74c-a07ea76d0380 for attraction Jackson Hole
19:49:00.623 [pool-4-thread-1] INFO com.openclassrooms.tourguide.service.RewardsService -- Checking the user dd8d5ea3-a412-424c-a74c-a07ea76d0380 already get close from Disneyland
19:49:00.623 [pool-4-thread-1] INFO com.openclassrooms.tourguide.service.RewardsService -- Calculate distance between -117.922008/33.817595 and -60.482618682060206/66.48423412765061
19:49:00.623 [pool-4-thread-1] INFO com.openclassrooms.tourguide.service.RewardsService -- Assign reward points to dd8d5ea3-a412-424c-a74c-a07ea76d0380 for attraction Disneyland
19:49:01.509 [main] INFO com.openclassrooms.tourguide.service.RewardsService -- Checking the user dd8d5ea3-a412-424c-a74c-a07ea76d0380 already get close from Mojave National Preserve
19:49:01.509 [main] INFO com.openclassrooms.tourguide.service.RewardsService -- Calculate distance between -115.510399/35.141689 and -60.482618682060206/66.48423412765061
19:49:01.509 [main] INFO com.openclassrooms.tourguide.service.RewardsService -- Assign reward points to dd8d5ea3-a412-424c-a74c-a07ea76d0380 for attraction Mojave National Preserve
19:49:01.588 [pool-4-thread-1] INFO com.openclassrooms.tourguide.service.RewardsService -- Checking the user dd8d5ea3-a412-424c-a74c-a07ea76d0380 already get close from Jackson Hole
19:49:01.588 [pool-4-thread-1] INFO com.openclassrooms.tourguide.service.RewardsService -- Calculate distance between -110.821999/43.582767 and -60.482618682060206/66.48423412765061
19:49:01.588 [pool-4-thread-1] INFO com.openclassrooms.tourguide.service.RewardsService -- Assign reward points to dd8d5ea3-a412-424c-a74c-a07ea76d0380 for attraction Jackson Hole
19:49:01.600 [pool-4-thread-1] INFO com.openclassrooms.tourguide.service.RewardsService -- Checking the user dd8d5ea3-a412-424c-a74c-a07ea76d0380 already get close from Mojave National Preserve
19:49:01.600 [pool-4-thread-1] INFO com.openclassrooms.tourguide.service.RewardsService -- Calculate distance between -115.510399/35.141689 and -60.482618682060206/66.48423412765061
19:49:01.600 [pool-4-thread-1] INFO com.openclassrooms.tourguide.service.RewardsService -- Assign reward points to dd8d5ea3-a412-424c-a74c-a07ea76d0380 for attraction Mojave National Preserve
19:49:01.880 [main] INFO com.openclassrooms.tourguide.service.RewardsService -- Checking the user dd8d5ea3-a412-424c-a74c-a07ea76d0380 already get close from Joshua Tree National Park
19:49:01.880 [main] INFO com.openclassrooms.tourguide.service.RewardsService -- Calculate distance between -115.90065/33.881866 and -60.482618682060206/66.48423412765061
19:49:01.880 [main] INFO com.openclassrooms.tourguide.service.RewardsService -- Assign reward points to dd8d5ea3-a412-424c-a74c-a07ea76d0380 for attraction Joshua Tree National Park
19:49:02.282 [pool-4-thread-1] INFO com.openclassrooms.tourguide.service.RewardsService -- Checking the user dd8d5ea3-a412-424c-a74c-a07ea76d0380 already get close from Joshua Tree National Park
19:49:02.282 [pool-4-thread-1] INFO com.openclassrooms.tourguide.service.RewardsService -- Calculate distance between -115.90065/33.881866 and -60.482618682060206/66.48423412765061
19:49:02.282 [pool-4-thread-1] INFO com.openclassrooms.tourguide.service.RewardsService -- Assign reward points to dd8d5ea3-a412-424c-a74c-a07ea76d0380 for attraction Joshua Tree National Park
19:49:02.748 [main] INFO com.openclassrooms.tourguide.service.RewardsService -- Checking the user dd8d5ea3-a412-424c-a74c-a07ea76d0380 already get close from Buffalo National River
19:49:02.748 [main] INFO com.openclassrooms.tourguide.service.RewardsService -- Calculate distance between -92.757652/35.985512 and -60.482618682060206/66.48423412765061
19:49:02.748 [main] INFO com.openclassrooms.tourguide.service.RewardsService -- Assign reward points to dd8d5ea3-a412-424c-a74c-a07ea76d0380 for attraction Buffalo National River
19:49:03.053 [main] INFO com.openclassrooms.tourguide.service.RewardsService -- Checking the user dd8d5ea3-a412-424c-a74c-a07ea76d0380 already get close from Hot Springs National Park
19:49:03.053 [main] INFO com.openclassrooms.tourguide.service.RewardsService -- Calculate distance between -93.042267/34.52153 and -60.482618682060206/66.48423412765061
19:49:03.053 [main] INFO com.openclassrooms.tourguide.service.RewardsService -- Assign reward points to dd8d5ea3-a412-424c-a74c-a07ea76d0380 for attraction Hot Springs National Park
19:49:03.264 [pool-4-thread-1] INFO com.openclassrooms.tourguide.service.RewardsService -- Checking the user dd8d5ea3-a412-424c-a74c-a07ea76d0380 already get close from Buffalo National River
19:49:03.264 [pool-4-thread-1] INFO com.openclassrooms.tourguide.service.RewardsService -- Calculate distance between -92.757652/35.985512 and -60.482618682060206/66.48423412765061
19:49:03.264 [pool-4-thread-1] INFO com.openclassrooms.tourguide.service.RewardsService -- Assign reward points to dd8d5ea3-a412-424c-a74c-a07ea76d0380 for attraction Buffalo National River
19:49:03.504 [main] INFO com.openclassrooms.tourguide.service.RewardsService -- Checking the user dd8d5ea3-a412-424c-a74c-a07ea76d0380 already get close from Kartchner Caverns State Park
19:49:03.504 [main] INFO com.openclassrooms.tourguide.service.RewardsService -- Calculate distance between -110.347382/31.837551 and -60.482618682060206/66.48423412765061
19:49:03.504 [main] INFO com.openclassrooms.tourguide.service.RewardsService -- Assign reward points to dd8d5ea3-a412-424c-a74c-a07ea76d0380 for attraction Kartchner Caverns State Park
19:49:04.014 [pool-4-thread-1] INFO com.openclassrooms.tourguide.service.RewardsService -- Checking the user dd8d5ea3-a412-424c-a74c-a07ea76d0380 already get close from Hot Springs National Park
19:49:04.014 [pool-4-thread-1] INFO com.openclassrooms.tourguide.service.RewardsService -- Calculate distance between -93.042267/34.52153 and -60.482618682060206/66.48423412765061
19:49:04.014 [pool-4-thread-1] INFO com.openclassrooms.tourguide.service.RewardsService -- Assign reward points to dd8d5ea3-a412-424c-a74c-a07ea76d0380 for attraction Hot Springs National Park
19:49:04.249 [main] INFO com.openclassrooms.tourguide.service.RewardsService -- Checking the user dd8d5ea3-a412-424c-a74c-a07ea76d0380 already get close from Legend Valley
19:49:04.249 [main] INFO com.openclassrooms.tourguide.service.RewardsService -- Calculate distance between -82.40667/39.937778 and -60.482618682060206/66.48423412765061
19:49:04.249 [main] INFO com.openclassrooms.tourguide.service.RewardsService -- Assign reward points to dd8d5ea3-a412-424c-a74c-a07ea76d0380 for attraction Legend Valley
19:49:04.831 [main] INFO com.openclassrooms.tourguide.service.RewardsService -- Checking the user dd8d5ea3-a412-424c-a74c-a07ea76d0380 already get close from Flowers Bakery of London
19:49:04.831 [main] INFO com.openclassrooms.tourguide.service.RewardsService -- Calculate distance between -84.07486/37.131527 and -60.482618682060206/66.48423412765061
19:49:04.831 [main] INFO com.openclassrooms.tourguide.service.RewardsService -- Assign reward points to dd8d5ea3-a412-424c-a74c-a07ea76d0380 for attraction Flowers Bakery of London
19:49:04.926 [pool-4-thread-1] INFO com.openclassrooms.tourguide.service.RewardsService -- Checking the user dd8d5ea3-a412-424c-a74c-a07ea76d0380 already get close from Kartchner Caverns State Park
19:49:04.926 [pool-4-thread-1] INFO com.openclassrooms.tourguide.service.RewardsService -- Calculate distance between -110.347382/31.837551 and -60.482618682060206/66.48423412765061
19:49:04.926 [pool-4-thread-1] INFO com.openclassrooms.tourguide.service.RewardsService -- Assign reward points to dd8d5ea3-a412-424c-a74c-a07ea76d0380 for attraction Kartchner Caverns State Park
19:49:05.775 [pool-4-thread-1] INFO com.openclassrooms.tourguide.service.RewardsService -- Checking the user dd8d5ea3-a412-424c-a74c-a07ea76d0380 already get close from Legend Valley
19:49:05.775 [pool-4-thread-1] INFO com.openclassrooms.tourguide.service.RewardsService -- Calculate distance between -82.40667/39.937778 and -60.482618682060206/66.48423412765061
19:49:05.775 [pool-4-thread-1] INFO com.openclassrooms.tourguide.service.RewardsService -- Assign reward points to dd8d5ea3-a412-424c-a74c-a07ea76d0380 for attraction Legend Valley
19:49:05.815 [main] INFO com.openclassrooms.tourguide.service.RewardsService -- Checking the user dd8d5ea3-a412-424c-a74c-a07ea76d0380 already get close from McKinley Tower
19:49:05.815 [main] INFO com.openclassrooms.tourguide.service.RewardsService -- Calculate distance between -149.877502/61.218887 and -60.482618682060206/66.48423412765061
19:49:05.815 [main] INFO com.openclassrooms.tourguide.service.RewardsService -- Assign reward points to dd8d5ea3-a412-424c-a74c-a07ea76d0380 for attraction McKinley Tower
19:49:06.171 [pool-4-thread-1] INFO com.openclassrooms.tourguide.service.RewardsService -- Checking the user dd8d5ea3-a412-424c-a74c-a07ea76d0380 already get close from Flowers Bakery of London
19:49:06.171 [pool-4-thread-1] INFO com.openclassrooms.tourguide.service.RewardsService -- Calculate distance between -84.07486/37.131527 and -60.482618682060206/66.48423412765061
19:49:06.171 [pool-4-thread-1] INFO com.openclassrooms.tourguide.service.RewardsService -- Assign reward points to dd8d5ea3-a412-424c-a74c-a07ea76d0380 for attraction Flowers Bakery of London
19:49:06.339 [pool-4-thread-1] INFO com.openclassrooms.tourguide.service.RewardsService -- Checking the user dd8d5ea3-a412-424c-a74c-a07ea76d0380 already get close from McKinley Tower
19:49:06.339 [pool-4-thread-1] INFO com.openclassrooms.tourguide.service.RewardsService -- Calculate distance between -149.877502/61.218887 and -60.482618682060206/66.48423412765061
19:49:06.339 [pool-4-thread-1] INFO com.openclassrooms.tourguide.service.RewardsService -- Assign reward points to dd8d5ea3-a412-424c-a74c-a07ea76d0380 for attraction McKinley Tower
19:49:06.410 [main] INFO com.openclassrooms.tourguide.service.RewardsService -- Checking the user dd8d5ea3-a412-424c-a74c-a07ea76d0380 already get close from Flatiron Building
19:49:06.410 [main] INFO com.openclassrooms.tourguide.service.RewardsService -- Calculate distance between -73.989723/40.741112 and -60.482618682060206/66.48423412765061
19:49:06.410 [main] INFO com.openclassrooms.tourguide.service.RewardsService -- Assign reward points to dd8d5ea3-a412-424c-a74c-a07ea76d0380 for attraction Flatiron Building
19:49:06.594 [pool-4-thread-1] INFO com.openclassrooms.tourguide.service.RewardsService -- Checking the user dd8d5ea3-a412-424c-a74c-a07ea76d0380 already get close from Flatiron Building
19:49:06.594 [pool-4-thread-1] INFO com.openclassrooms.tourguide.service.RewardsService -- Calculate distance between -73.989723/40.741112 and -60.482618682060206/66.48423412765061
19:49:06.594 [pool-4-thread-1] INFO com.openclassrooms.tourguide.service.RewardsService -- Assign reward points to dd8d5ea3-a412-424c-a74c-a07ea76d0380 for attraction Flatiron Building
19:49:06.708 [main] INFO com.openclassrooms.tourguide.service.RewardsService -- Checking the user dd8d5ea3-a412-424c-a74c-a07ea76d0380 already get close from Fallingwater
19:49:06.708 [main] INFO com.openclassrooms.tourguide.service.RewardsService -- Calculate distance between -79.468056/39.906113 and -60.482618682060206/66.48423412765061
19:49:06.708 [main] INFO com.openclassrooms.tourguide.service.RewardsService -- Assign reward points to dd8d5ea3-a412-424c-a74c-a07ea76d0380 for attraction Fallingwater
19:49:06.904 [main] INFO com.openclassrooms.tourguide.service.RewardsService -- Checking the user dd8d5ea3-a412-424c-a74c-a07ea76d0380 already get close from Union Station
19:49:06.904 [main] INFO com.openclassrooms.tourguide.service.RewardsService -- Calculate distance between -77.006332/38.897095 and -60.482618682060206/66.48423412765061
19:49:06.904 [main] INFO com.openclassrooms.tourguide.service.RewardsService -- Assign reward points to dd8d5ea3-a412-424c-a74c-a07ea76d0380 for attraction Union Station
19:49:07.056 [pool-4-thread-1] INFO com.openclassrooms.tourguide.service.RewardsService -- Checking the user dd8d5ea3-a412-424c-a74c-a07ea76d0380 already get close from Fallingwater
19:49:07.056 [pool-4-thread-1] INFO com.openclassrooms.tourguide.service.RewardsService -- Calculate distance between -79.468056/39.906113 and -60.482618682060206/66.48423412765061
19:49:07.056 [pool-4-thread-1] INFO com.openclassrooms.tourguide.service.RewardsService -- Assign reward points to dd8d5ea3-a412-424c-a74c-a07ea76d0380 for attraction Fallingwater
19:49:07.736 [main] INFO com.openclassrooms.tourguide.service.RewardsService -- Checking the user dd8d5ea3-a412-424c-a74c-a07ea76d0380 already get close from Roger Dean Stadium
19:49:07.736 [main] INFO com.openclassrooms.tourguide.service.RewardsService -- Calculate distance between -80.116577/26.890959 and -60.482618682060206/66.48423412765061
19:49:07.736 [main] INFO com.openclassrooms.tourguide.service.RewardsService -- Assign reward points to dd8d5ea3-a412-424c-a74c-a07ea76d0380 for attraction Roger Dean Stadium
19:49:07.988 [pool-4-thread-1] INFO com.openclassrooms.tourguide.service.RewardsService -- Checking the user dd8d5ea3-a412-424c-a74c-a07ea76d0380 already get close from Union Station
19:49:07.988 [pool-4-thread-1] INFO com.openclassrooms.tourguide.service.RewardsService -- Calculate distance between -77.006332/38.897095 and -60.482618682060206/66.48423412765061
19:49:07.988 [pool-4-thread-1] INFO com.openclassrooms.tourguide.service.RewardsService -- Assign reward points to dd8d5ea3-a412-424c-a74c-a07ea76d0380 for attraction Union Station
19:49:08.473 [pool-4-thread-1] INFO com.openclassrooms.tourguide.service.RewardsService -- Checking the user dd8d5ea3-a412-424c-a74c-a07ea76d0380 already get close from Roger Dean Stadium
19:49:08.473 [pool-4-thread-1] INFO com.openclassrooms.tourguide.service.RewardsService -- Calculate distance between -80.116577/26.890959 and -60.482618682060206/66.48423412765061
19:49:08.473 [pool-4-thread-1] INFO com.openclassrooms.tourguide.service.RewardsService -- Assign reward points to dd8d5ea3-a412-424c-a74c-a07ea76d0380 for attraction Roger Dean Stadium
19:49:08.645 [main] INFO com.openclassrooms.tourguide.service.RewardsService -- Checking the user dd8d5ea3-a412-424c-a74c-a07ea76d0380 already get close from Texas Memorial Stadium
19:49:08.645 [main] INFO com.openclassrooms.tourguide.service.RewardsService -- Calculate distance between -97.732536/30.283682 and -60.482618682060206/66.48423412765061
19:49:08.645 [main] INFO com.openclassrooms.tourguide.service.RewardsService -- Assign reward points to dd8d5ea3-a412-424c-a74c-a07ea76d0380 for attraction Texas Memorial Stadium
19:49:09.303 [pool-4-thread-1] INFO com.openclassrooms.tourguide.service.RewardsService -- Checking the user dd8d5ea3-a412-424c-a74c-a07ea76d0380 already get close from Texas Memorial Stadium
19:49:09.303 [pool-4-thread-1] INFO com.openclassrooms.tourguide.service.RewardsService -- Calculate distance between -97.732536/30.283682 and -60.482618682060206/66.48423412765061
19:49:09.303 [pool-4-thread-1] INFO com.openclassrooms.tourguide.service.RewardsService -- Assign reward points to dd8d5ea3-a412-424c-a74c-a07ea76d0380 for attraction Texas Memorial Stadium
19:49:09.448 [main] INFO com.openclassrooms.tourguide.service.RewardsService -- Checking the user dd8d5ea3-a412-424c-a74c-a07ea76d0380 already get close from Bryant-Denny Stadium
19:49:09.448 [main] INFO com.openclassrooms.tourguide.service.RewardsService -- Calculate distance between -87.550438/33.208973 and -60.482618682060206/66.48423412765061
19:49:09.448 [main] INFO com.openclassrooms.tourguide.service.RewardsService -- Assign reward points to dd8d5ea3-a412-424c-a74c-a07ea76d0380 for attraction Bryant-Denny Stadium
19:49:09.465 [pool-4-thread-1] INFO com.openclassrooms.tourguide.service.RewardsService -- Checking the user dd8d5ea3-a412-424c-a74c-a07ea76d0380 already get close from Bryant-Denny Stadium
19:49:09.465 [pool-4-thread-1] INFO com.openclassrooms.tourguide.service.RewardsService -- Calculate distance between -87.550438/33.208973 and -60.482618682060206/66.48423412765061
19:49:09.465 [pool-4-thread-1] INFO com.openclassrooms.tourguide.service.RewardsService -- Assign reward points to dd8d5ea3-a412-424c-a74c-a07ea76d0380 for attraction Bryant-Denny Stadium
19:49:09.704 [pool-4-thread-1] INFO com.openclassrooms.tourguide.service.RewardsService -- Checking the user dd8d5ea3-a412-424c-a74c-a07ea76d0380 already get close from Tiger Stadium
19:49:09.704 [pool-4-thread-1] INFO com.openclassrooms.tourguide.service.RewardsService -- Calculate distance between -91.183815/30.412035 and -60.482618682060206/66.48423412765061
19:49:09.704 [pool-4-thread-1] INFO com.openclassrooms.tourguide.service.RewardsService -- Assign reward points to dd8d5ea3-a412-424c-a74c-a07ea76d0380 for attraction Tiger Stadium
19:49:10.066 [main] INFO com.openclassrooms.tourguide.service.RewardsService -- Checking the user dd8d5ea3-a412-424c-a74c-a07ea76d0380 already get close from Tiger Stadium
19:49:10.066 [main] INFO com.openclassrooms.tourguide.service.RewardsService -- Calculate distance between -91.183815/30.412035 and -60.482618682060206/66.48423412765061
19:49:10.066 [main] INFO com.openclassrooms.tourguide.service.RewardsService -- Assign reward points to dd8d5ea3-a412-424c-a74c-a07ea76d0380 for attraction Tiger Stadium
19:49:10.213 [main] INFO com.openclassrooms.tourguide.service.RewardsService -- Checking the user dd8d5ea3-a412-424c-a74c-a07ea76d0380 already get close from Neyland Stadium
19:49:10.213 [main] INFO com.openclassrooms.tourguide.service.RewardsService -- Calculate distance between -83.925011/35.955013 and -60.482618682060206/66.48423412765061
19:49:10.213 [main] INFO com.openclassrooms.tourguide.service.RewardsService -- Assign reward points to dd8d5ea3-a412-424c-a74c-a07ea76d0380 for attraction Neyland Stadium
19:49:10.576 [pool-4-thread-1] INFO com.openclassrooms.tourguide.service.RewardsService -- Checking the user dd8d5ea3-a412-424c-a74c-a07ea76d0380 already get close from Neyland Stadium
19:49:10.576 [pool-4-thread-1] INFO com.openclassrooms.tourguide.service.RewardsService -- Calculate distance between -83.925011/35.955013 and -60.482618682060206/66.48423412765061
19:49:10.576 [pool-4-thread-1] INFO com.openclassrooms.tourguide.service.RewardsService -- Assign reward points to dd8d5ea3-a412-424c-a74c-a07ea76d0380 for attraction Neyland Stadium
19:49:10.802 [pool-4-thread-1] INFO com.openclassrooms.tourguide.service.RewardsService -- Checking the user dd8d5ea3-a412-424c-a74c-a07ea76d0380 already get close from Kyle Field
19:49:10.802 [pool-4-thread-1] INFO com.openclassrooms.tourguide.service.RewardsService -- Calculate distance between -96.339844/30.61025 and -60.482618682060206/66.48423412765061
19:49:10.802 [pool-4-thread-1] INFO com.openclassrooms.tourguide.service.RewardsService -- Assign reward points to dd8d5ea3-a412-424c-a74c-a07ea76d0380 for attraction Kyle Field
19:49:10.992 [pool-4-thread-1] INFO com.openclassrooms.tourguide.service.RewardsService -- Checking the user dd8d5ea3-a412-424c-a74c-a07ea76d0380 already get close from San Diego Zoo
19:49:10.992 [pool-4-thread-1] INFO com.openclassrooms.tourguide.service.RewardsService -- Calculate distance between -117.149048/32.735317 and -60.482618682060206/66.48423412765061
19:49:10.992 [pool-4-thread-1] INFO com.openclassrooms.tourguide.service.RewardsService -- Assign reward points to dd8d5ea3-a412-424c-a74c-a07ea76d0380 for attraction San Diego Zoo
19:49:11.061 [main] INFO com.openclassrooms.tourguide.service.RewardsService -- Checking the user dd8d5ea3-a412-424c-a74c-a07ea76d0380 already get close from Kyle Field
19:49:11.061 [main] INFO com.openclassrooms.tourguide.service.RewardsService -- Calculate distance between -96.339844/30.61025 and -60.482618682060206/66.48423412765061
19:49:11.061 [main] INFO com.openclassrooms.tourguide.service.RewardsService -- Assign reward points to dd8d5ea3-a412-424c-a74c-a07ea76d0380 for attraction Kyle Field
19:49:11.564 [pool-4-thread-1] INFO com.openclassrooms.tourguide.service.RewardsService -- Checking the user dd8d5ea3-a412-424c-a74c-a07ea76d0380 already get close from Zoo Tampa at Lowry Park
19:49:11.564 [pool-4-thread-1] INFO com.openclassrooms.tourguide.service.RewardsService -- Calculate distance between -82.469269/28.012804 and -60.482618682060206/66.48423412765061
19:49:11.564 [pool-4-thread-1] INFO com.openclassrooms.tourguide.service.RewardsService -- Assign reward points to dd8d5ea3-a412-424c-a74c-a07ea76d0380 for attraction Zoo Tampa at Lowry Park
19:49:11.671 [main] INFO com.openclassrooms.tourguide.service.RewardsService -- Checking the user dd8d5ea3-a412-424c-a74c-a07ea76d0380 already get close from San Diego Zoo
19:49:11.671 [main] INFO com.openclassrooms.tourguide.service.RewardsService -- Calculate distance between -117.149048/32.735317 and -60.482618682060206/66.48423412765061
19:49:11.671 [main] INFO com.openclassrooms.tourguide.service.RewardsService -- Assign reward points to dd8d5ea3-a412-424c-a74c-a07ea76d0380 for attraction San Diego Zoo
19:49:11.954 [main] INFO com.openclassrooms.tourguide.service.RewardsService -- Checking the user dd8d5ea3-a412-424c-a74c-a07ea76d0380 already get close from Zoo Tampa at Lowry Park
19:49:11.954 [main] INFO com.openclassrooms.tourguide.service.RewardsService -- Calculate distance between -82.469269/28.012804 and -60.482618682060206/66.48423412765061
19:49:11.954 [main] INFO com.openclassrooms.tourguide.service.RewardsService -- Assign reward points to dd8d5ea3-a412-424c-a74c-a07ea76d0380 for attraction Zoo Tampa at Lowry Park
19:49:12.061 [main] INFO com.openclassrooms.tourguide.service.RewardsService -- Checking the user dd8d5ea3-a412-424c-a74c-a07ea76d0380 already get close from Franklin Park Zoo
19:49:12.061 [main] INFO com.openclassrooms.tourguide.service.RewardsService -- Calculate distance between -71.086731/42.302601 and -60.482618682060206/66.48423412765061
19:49:12.061 [main] INFO com.openclassrooms.tourguide.service.RewardsService -- Assign reward points to dd8d5ea3-a412-424c-a74c-a07ea76d0380 for attraction Franklin Park Zoo
19:49:12.070 [main] INFO com.openclassrooms.tourguide.service.RewardsService -- Checking the user dd8d5ea3-a412-424c-a74c-a07ea76d0380 already get close from El Paso Zoo
19:49:12.070 [main] INFO com.openclassrooms.tourguide.service.RewardsService -- Calculate distance between -106.44487/31.769125 and -60.482618682060206/66.48423412765061
19:49:12.070 [main] INFO com.openclassrooms.tourguide.service.RewardsService -- Assign reward points to dd8d5ea3-a412-424c-a74c-a07ea76d0380 for attraction El Paso Zoo
19:49:12.396 [main] INFO com.openclassrooms.tourguide.service.RewardsService -- Checking the user dd8d5ea3-a412-424c-a74c-a07ea76d0380 already get close from Kansas City Zoo
19:49:12.396 [main] INFO com.openclassrooms.tourguide.service.RewardsService -- Calculate distance between -94.529625/39.007504 and -60.482618682060206/66.48423412765061
19:49:12.396 [main] INFO com.openclassrooms.tourguide.service.RewardsService -- Assign reward points to dd8d5ea3-a412-424c-a74c-a07ea76d0380 for attraction Kansas City Zoo
19:49:12.514 [pool-4-thread-1] INFO com.openclassrooms.tourguide.service.RewardsService -- Checking the user dd8d5ea3-a412-424c-a74c-a07ea76d0380 already get close from Franklin Park Zoo
19:49:12.514 [pool-4-thread-1] INFO com.openclassrooms.tourguide.service.RewardsService -- Calculate distance between -71.086731/42.302601 and -60.482618682060206/66.48423412765061
19:49:12.514 [pool-4-thread-1] INFO com.openclassrooms.tourguide.service.RewardsService -- Assign reward points to dd8d5ea3-a412-424c-a74c-a07ea76d0380 for attraction Franklin Park Zoo
19:49:12.547 [pool-4-thread-1] INFO com.openclassrooms.tourguide.service.RewardsService -- Checking the user dd8d5ea3-a412-424c-a74c-a07ea76d0380 already get close from El Paso Zoo
19:49:12.547 [pool-4-thread-1] INFO com.openclassrooms.tourguide.service.RewardsService -- Calculate distance between -106.44487/31.769125 and -60.482618682060206/66.48423412765061
19:49:12.547 [pool-4-thread-1] INFO com.openclassrooms.tourguide.service.RewardsService -- Assign reward points to dd8d5ea3-a412-424c-a74c-a07ea76d0380 for attraction El Paso Zoo
19:49:12.778 [main] INFO com.openclassrooms.tourguide.service.RewardsService -- Checking the user dd8d5ea3-a412-424c-a74c-a07ea76d0380 already get close from Bronx Zoo
19:49:12.778 [main] INFO com.openclassrooms.tourguide.service.RewardsService -- Calculate distance between -73.872971/40.852905 and -60.482618682060206/66.48423412765061
19:49:12.778 [main] INFO com.openclassrooms.tourguide.service.RewardsService -- Assign reward points to dd8d5ea3-a412-424c-a74c-a07ea76d0380 for attraction Bronx Zoo
19:49:12.913 [main] INFO com.openclassrooms.tourguide.service.RewardsService -- Checking the user dd8d5ea3-a412-424c-a74c-a07ea76d0380 already get close from Cinderella Castle
19:49:12.913 [main] INFO com.openclassrooms.tourguide.service.RewardsService -- Calculate distance between -81.5812/28.419411 and -60.482618682060206/66.48423412765061
19:49:12.913 [main] INFO com.openclassrooms.tourguide.service.RewardsService -- Assign reward points to dd8d5ea3-a412-424c-a74c-a07ea76d0380 for attraction Cinderella Castle
19:49:13.258 [main] INFO com.openclassrooms.tourguide.service.RewardsService -- Trying to add 78 rewards
19:49:13.258 [main] INFO com.openclassrooms.tourguide.service.RewardsService -- Adding reward Disneyland to internalUser0
19:49:13.258 [main] INFO com.openclassrooms.tourguide.service.RewardsService -- Adding reward Jackson Hole to internalUser0
19:49:13.258 [main] INFO com.openclassrooms.tourguide.service.RewardsService -- Adding reward Mojave National Preserve to internalUser0
19:49:13.258 [main] INFO com.openclassrooms.tourguide.service.RewardsService -- Adding reward Joshua Tree National Park to internalUser0
19:49:13.258 [main] INFO com.openclassrooms.tourguide.service.RewardsService -- Adding reward Buffalo National River to internalUser0
19:49:13.258 [main] INFO com.openclassrooms.tourguide.service.RewardsService -- Adding reward Hot Springs National Park to internalUser0
19:49:13.258 [main] INFO com.openclassrooms.tourguide.service.RewardsService -- Adding reward Kartchner Caverns State Park to internalUser0
19:49:13.258 [main] INFO com.openclassrooms.tourguide.service.RewardsService -- Adding reward Legend Valley to internalUser0
19:49:13.258 [main] INFO com.openclassrooms.tourguide.service.RewardsService -- Adding reward Flowers Bakery of London to internalUser0
19:49:13.258 [main] INFO com.openclassrooms.tourguide.service.RewardsService -- Adding reward McKinley Tower to internalUser0
19:49:13.258 [main] INFO com.openclassrooms.tourguide.service.RewardsService -- Adding reward Flatiron Building to internalUser0
19:49:13.258 [main] INFO com.openclassrooms.tourguide.service.RewardsService -- Adding reward Fallingwater to internalUser0
19:49:13.258 [main] INFO com.openclassrooms.tourguide.service.RewardsService -- Adding reward Union Station to internalUser0
19:49:13.258 [main] INFO com.openclassrooms.tourguide.service.RewardsService -- Adding reward Roger Dean Stadium to internalUser0
19:49:13.258 [main] INFO com.openclassrooms.tourguide.service.RewardsService -- Adding reward Texas Memorial Stadium to internalUser0
19:49:13.258 [main] INFO com.openclassrooms.tourguide.service.RewardsService -- Adding reward Bryant-Denny Stadium to internalUser0
19:49:13.258 [main] INFO com.openclassrooms.tourguide.service.RewardsService -- Adding reward Tiger Stadium to internalUser0
19:49:13.258 [main] INFO com.openclassrooms.tourguide.service.RewardsService -- Adding reward Neyland Stadium to internalUser0
19:49:13.258 [main] INFO com.openclassrooms.tourguide.service.RewardsService -- Adding reward Kyle Field to internalUser0
19:49:13.258 [main] INFO com.openclassrooms.tourguide.service.RewardsService -- Adding reward San Diego Zoo to internalUser0
19:49:13.258 [main] INFO com.openclassrooms.tourguide.service.RewardsService -- Adding reward Zoo Tampa at Lowry Park to internalUser0
19:49:13.258 [main] INFO com.openclassrooms.tourguide.service.RewardsService -- Adding reward Franklin Park Zoo to internalUser0
19:49:13.258 [main] INFO com.openclassrooms.tourguide.service.RewardsService -- Adding reward El Paso Zoo to internalUser0
19:49:13.258 [main] INFO com.openclassrooms.tourguide.service.RewardsService -- Adding reward Kansas City Zoo to internalUser0
19:49:13.258 [main] INFO com.openclassrooms.tourguide.service.RewardsService -- Adding reward Bronx Zoo to internalUser0
19:49:13.258 [main] INFO com.openclassrooms.tourguide.service.RewardsService -- Adding reward Cinderella Castle to internalUser0
19:49:13.258 [pool-4-thread-1] INFO com.openclassrooms.tourguide.service.RewardsService -- Checking the user dd8d5ea3-a412-424c-a74c-a07ea76d0380 already get close from Kansas City Zoo
19:49:13.258 [pool-4-thread-1] INFO com.openclassrooms.tourguide.service.RewardsService -- Calculate distance between -94.529625/39.007504 and -60.482618682060206/66.48423412765061
19:49:13.258 [pool-4-thread-1] INFO com.openclassrooms.tourguide.service.RewardsService -- Assign reward points to dd8d5ea3-a412-424c-a74c-a07ea76d0380 for attraction Kansas City Zoo
]]></system-out>
  </testcase>
  <testcase name="userGetRewards" classname="com.openclassrooms.tourguide.TestRewardsService" time="0.981">
    <system-out><![CDATA[19:49:13.270 [main] INFO com.openclassrooms.tourguide.service.TourGuideService -- TestMode enabled
19:49:13.270 [pool-5-thread-1] INFO com.openclassrooms.tourguide.tracker.Tracker -- Begin Tracker. Tracking 0 users.
19:49:13.270 [pool-5-thread-1] INFO com.openclassrooms.tourguide.tracker.Tracker -- Tracker Time Elapsed: 0 seconds.
19:49:13.270 [pool-5-thread-1] INFO com.openclassrooms.tourguide.tracker.Tracker -- Tracker sleeping
19:49:13.364 [main] INFO com.openclassrooms.tourguide.service.TourGuideService -- Adding the current location to the user jon
19:49:13.364 [main] INFO com.openclassrooms.tourguide.service.RewardsService -- calculate reward for jon on his 2 known locations
19:49:13.376 [main] INFO com.openclassrooms.tourguide.service.RewardsService -- Checking the user c9b902a7-1a19-430e-974b-07f250e903b9 already get close from Disneyland
19:49:13.376 [main] INFO com.openclassrooms.tourguide.service.RewardsService -- Calculate distance between -117.922008/33.817595 and -117.922008/33.817595
19:49:13.376 [main] INFO com.openclassrooms.tourguide.service.RewardsService -- Assign reward points to c9b902a7-1a19-430e-974b-07f250e903b9 for attraction Disneyland
19:49:14.042 [pool-4-thread-1] INFO com.openclassrooms.tourguide.service.RewardsService -- Checking the user dd8d5ea3-a412-424c-a74c-a07ea76d0380 already get close from Bronx Zoo
19:49:14.042 [pool-4-thread-1] INFO com.openclassrooms.tourguide.service.RewardsService -- Calculate distance between -73.872971/40.852905 and -60.482618682060206/66.48423412765061
19:49:14.042 [pool-4-thread-1] INFO com.openclassrooms.tourguide.service.RewardsService -- Assign reward points to dd8d5ea3-a412-424c-a74c-a07ea76d0380 for attraction Bronx Zoo
19:49:14.102 [pool-4-thread-1] INFO com.openclassrooms.tourguide.service.RewardsService -- Checking the user dd8d5ea3-a412-424c-a74c-a07ea76d0380 already get close from Cinderella Castle
19:49:14.102 [pool-4-thread-1] INFO com.openclassrooms.tourguide.service.RewardsService -- Calculate distance between -81.5812/28.419411 and -60.482618682060206/66.48423412765061
19:49:14.102 [pool-4-thread-1] INFO com.openclassrooms.tourguide.service.RewardsService -- Assign reward points to dd8d5ea3-a412-424c-a74c-a07ea76d0380 for attraction Cinderella Castle
19:49:14.242 [pool-4-thread-1] INFO com.openclassrooms.tourguide.service.RewardsService -- Checking the user dd8d5ea3-a412-424c-a74c-a07ea76d0380 already get close from Disneyland
19:49:14.242 [pool-4-thread-1] INFO com.openclassrooms.tourguide.service.RewardsService -- Calculate distance between -117.922008/33.817595 and 35.359712/-26.78019
19:49:14.242 [pool-4-thread-1] INFO com.openclassrooms.tourguide.service.RewardsService -- Assign reward points to dd8d5ea3-a412-424c-a74c-a07ea76d0380 for attraction Disneyland
19:49:14.251 [main] INFO com.openclassrooms.tourguide.service.RewardsService -- Checking the user c9b902a7-1a19-430e-974b-07f250e903b9 already get close from Jackson Hole
19:49:14.251 [main] INFO com.openclassrooms.tourguide.service.RewardsService -- Calculate distance between -110.821999/43.582767 and -117.922008/33.817595
19:49:14.251 [main] INFO com.openclassrooms.tourguide.service.RewardsService -- Checking the user c9b902a7-1a19-430e-974b-07f250e903b9 already get close from Mojave National Preserve
19:49:14.251 [main] INFO com.openclassrooms.tourguide.service.RewardsService -- Calculate distance between -115.510399/35.141689 and -117.922008/33.817595
19:49:14.251 [main] INFO com.openclassrooms.tourguide.service.RewardsService -- Checking the user c9b902a7-1a19-430e-974b-07f250e903b9 already get close from Joshua Tree National Park
19:49:14.251 [main] INFO com.openclassrooms.tourguide.service.RewardsService -- Calculate distance between -115.90065/33.881866 and -117.922008/33.817595
19:49:14.251 [main] INFO com.openclassrooms.tourguide.service.RewardsService -- Checking the user c9b902a7-1a19-430e-974b-07f250e903b9 already get close from Buffalo National River
19:49:14.251 [main] INFO com.openclassrooms.tourguide.service.RewardsService -- Calculate distance between -92.757652/35.985512 and -117.922008/33.817595
19:49:14.251 [main] INFO com.openclassrooms.tourguide.service.RewardsService -- Checking the user c9b902a7-1a19-430e-974b-07f250e903b9 already get close from Hot Springs National Park
19:49:14.251 [main] INFO com.openclassrooms.tourguide.service.RewardsService -- Calculate distance between -93.042267/34.52153 and -117.922008/33.817595
19:49:14.251 [main] INFO com.openclassrooms.tourguide.service.RewardsService -- Checking the user c9b902a7-1a19-430e-974b-07f250e903b9 already get close from Kartchner Caverns State Park
19:49:14.251 [main] INFO com.openclassrooms.tourguide.service.RewardsService -- Calculate distance between -110.347382/31.837551 and -117.922008/33.817595
19:49:14.251 [main] INFO com.openclassrooms.tourguide.service.RewardsService -- Checking the user c9b902a7-1a19-430e-974b-07f250e903b9 already get close from Legend Valley
19:49:14.251 [main] INFO com.openclassrooms.tourguide.service.RewardsService -- Calculate distance between -82.40667/39.937778 and -117.922008/33.817595
19:49:14.251 [main] INFO com.openclassrooms.tourguide.service.RewardsService -- Checking the user c9b902a7-1a19-430e-974b-07f250e903b9 already get close from Flowers Bakery of London
19:49:14.251 [main] INFO com.openclassrooms.tourguide.service.RewardsService -- Calculate distance between -84.07486/37.131527 and -117.922008/33.817595
19:49:14.251 [main] INFO com.openclassrooms.tourguide.service.RewardsService -- Checking the user c9b902a7-1a19-430e-974b-07f250e903b9 already get close from McKinley Tower
19:49:14.251 [main] INFO com.openclassrooms.tourguide.service.RewardsService -- Calculate distance between -149.877502/61.218887 and -117.922008/33.817595
19:49:14.251 [main] INFO com.openclassrooms.tourguide.service.RewardsService -- Checking the user c9b902a7-1a19-430e-974b-07f250e903b9 already get close from Flatiron Building
19:49:14.251 [main] INFO com.openclassrooms.tourguide.service.RewardsService -- Calculate distance between -73.989723/40.741112 and -117.922008/33.817595
19:49:14.251 [main] INFO com.openclassrooms.tourguide.service.RewardsService -- Checking the user c9b902a7-1a19-430e-974b-07f250e903b9 already get close from Fallingwater
19:49:14.251 [main] INFO com.openclassrooms.tourguide.service.RewardsService -- Calculate distance between -79.468056/39.906113 and -117.922008/33.817595
19:49:14.251 [main] INFO com.openclassrooms.tourguide.service.RewardsService -- Checking the user c9b902a7-1a19-430e-974b-07f250e903b9 already get close from Union Station
19:49:14.251 [main] INFO com.openclassrooms.tourguide.service.RewardsService -- Calculate distance between -77.006332/38.897095 and -117.922008/33.817595
19:49:14.251 [main] INFO com.openclassrooms.tourguide.service.RewardsService -- Checking the user c9b902a7-1a19-430e-974b-07f250e903b9 already get close from Roger Dean Stadium
19:49:14.251 [main] INFO com.openclassrooms.tourguide.service.RewardsService -- Calculate distance between -80.116577/26.890959 and -117.922008/33.817595
19:49:14.251 [main] INFO com.openclassrooms.tourguide.service.RewardsService -- Checking the user c9b902a7-1a19-430e-974b-07f250e903b9 already get close from Texas Memorial Stadium
19:49:14.251 [main] INFO com.openclassrooms.tourguide.service.RewardsService -- Calculate distance between -97.732536/30.283682 and -117.922008/33.817595
19:49:14.251 [main] INFO com.openclassrooms.tourguide.service.RewardsService -- Checking the user c9b902a7-1a19-430e-974b-07f250e903b9 already get close from Bryant-Denny Stadium
19:49:14.251 [main] INFO com.openclassrooms.tourguide.service.RewardsService -- Calculate distance between -87.550438/33.208973 and -117.922008/33.817595
19:49:14.251 [main] INFO com.openclassrooms.tourguide.service.RewardsService -- Checking the user c9b902a7-1a19-430e-974b-07f250e903b9 already get close from Tiger Stadium
19:49:14.251 [main] INFO com.openclassrooms.tourguide.service.RewardsService -- Calculate distance between -91.183815/30.412035 and -117.922008/33.817595
19:49:14.251 [main] INFO com.openclassrooms.tourguide.service.RewardsService -- Checking the user c9b902a7-1a19-430e-974b-07f250e903b9 already get close from Neyland Stadium
19:49:14.251 [main] INFO com.openclassrooms.tourguide.service.RewardsService -- Calculate distance between -83.925011/35.955013 and -117.922008/33.817595
19:49:14.251 [main] INFO com.openclassrooms.tourguide.service.RewardsService -- Checking the user c9b902a7-1a19-430e-974b-07f250e903b9 already get close from Kyle Field
19:49:14.251 [main] INFO com.openclassrooms.tourguide.service.RewardsService -- Calculate distance between -96.339844/30.61025 and -117.922008/33.817595
19:49:14.251 [main] INFO com.openclassrooms.tourguide.service.RewardsService -- Checking the user c9b902a7-1a19-430e-974b-07f250e903b9 already get close from San Diego Zoo
19:49:14.251 [main] INFO com.openclassrooms.tourguide.service.RewardsService -- Calculate distance between -117.149048/32.735317 and -117.922008/33.817595
19:49:14.251 [main] INFO com.openclassrooms.tourguide.service.RewardsService -- Checking the user c9b902a7-1a19-430e-974b-07f250e903b9 already get close from Zoo Tampa at Lowry Park
19:49:14.251 [main] INFO com.openclassrooms.tourguide.service.RewardsService -- Calculate distance between -82.469269/28.012804 and -117.922008/33.817595
19:49:14.251 [main] INFO com.openclassrooms.tourguide.service.RewardsService -- Checking the user c9b902a7-1a19-430e-974b-07f250e903b9 already get close from Franklin Park Zoo
19:49:14.251 [main] INFO com.openclassrooms.tourguide.service.RewardsService -- Calculate distance between -71.086731/42.302601 and -117.922008/33.817595
19:49:14.251 [main] INFO com.openclassrooms.tourguide.service.RewardsService -- Checking the user c9b902a7-1a19-430e-974b-07f250e903b9 already get close from El Paso Zoo
19:49:14.251 [main] INFO com.openclassrooms.tourguide.service.RewardsService -- Calculate distance between -106.44487/31.769125 and -117.922008/33.817595
19:49:14.251 [main] INFO com.openclassrooms.tourguide.service.RewardsService -- Checking the user c9b902a7-1a19-430e-974b-07f250e903b9 already get close from Kansas City Zoo
19:49:14.251 [main] INFO com.openclassrooms.tourguide.service.RewardsService -- Calculate distance between -94.529625/39.007504 and -117.922008/33.817595
19:49:14.251 [main] INFO com.openclassrooms.tourguide.service.RewardsService -- Checking the user c9b902a7-1a19-430e-974b-07f250e903b9 already get close from Bronx Zoo
19:49:14.251 [main] INFO com.openclassrooms.tourguide.service.RewardsService -- Calculate distance between -73.872971/40.852905 and -117.922008/33.817595
19:49:14.251 [main] INFO com.openclassrooms.tourguide.service.RewardsService -- Checking the user c9b902a7-1a19-430e-974b-07f250e903b9 already get close from Cinderella Castle
19:49:14.251 [main] INFO com.openclassrooms.tourguide.service.RewardsService -- Calculate distance between -81.5812/28.419411 and -117.922008/33.817595
19:49:14.251 [main] INFO com.openclassrooms.tourguide.service.RewardsService -- Checking the user c9b902a7-1a19-430e-974b-07f250e903b9 already get close from Disneyland
19:49:14.251 [main] INFO com.openclassrooms.tourguide.service.RewardsService -- Calculate distance between -117.922008/33.817595 and 166.233693/0.969324
19:49:14.251 [main] INFO com.openclassrooms.tourguide.service.RewardsService -- Checking the user c9b902a7-1a19-430e-974b-07f250e903b9 already get close from Jackson Hole
19:49:14.251 [main] INFO com.openclassrooms.tourguide.service.RewardsService -- Calculate distance between -110.821999/43.582767 and 166.233693/0.969324
19:49:14.251 [main] INFO com.openclassrooms.tourguide.service.RewardsService -- Checking the user c9b902a7-1a19-430e-974b-07f250e903b9 already get close from Mojave National Preserve
19:49:14.251 [main] INFO com.openclassrooms.tourguide.service.RewardsService -- Calculate distance between -115.510399/35.141689 and 166.233693/0.969324
19:49:14.251 [main] INFO com.openclassrooms.tourguide.service.RewardsService -- Checking the user c9b902a7-1a19-430e-974b-07f250e903b9 already get close from Joshua Tree National Park
19:49:14.251 [main] INFO com.openclassrooms.tourguide.service.RewardsService -- Calculate distance between -115.90065/33.881866 and 166.233693/0.969324
19:49:14.251 [main] INFO com.openclassrooms.tourguide.service.RewardsService -- Checking the user c9b902a7-1a19-430e-974b-07f250e903b9 already get close from Buffalo National River
19:49:14.251 [main] INFO com.openclassrooms.tourguide.service.RewardsService -- Calculate distance between -92.757652/35.985512 and 166.233693/0.969324
19:49:14.251 [main] INFO com.openclassrooms.tourguide.service.RewardsService -- Checking the user c9b902a7-1a19-430e-974b-07f250e903b9 already get close from Hot Springs National Park
19:49:14.251 [main] INFO com.openclassrooms.tourguide.service.RewardsService -- Calculate distance between -93.042267/34.52153 and 166.233693/0.969324
19:49:14.251 [main] INFO com.openclassrooms.tourguide.service.RewardsService -- Checking the user c9b902a7-1a19-430e-974b-07f250e903b9 already get close from Kartchner Caverns State Park
19:49:14.251 [main] INFO com.openclassrooms.tourguide.service.RewardsService -- Calculate distance between -110.347382/31.837551 and 166.233693/0.969324
19:49:14.251 [main] INFO com.openclassrooms.tourguide.service.RewardsService -- Checking the user c9b902a7-1a19-430e-974b-07f250e903b9 already get close from Legend Valley
19:49:14.251 [main] INFO com.openclassrooms.tourguide.service.RewardsService -- Calculate distance between -82.40667/39.937778 and 166.233693/0.969324
19:49:14.251 [main] INFO com.openclassrooms.tourguide.service.RewardsService -- Checking the user c9b902a7-1a19-430e-974b-07f250e903b9 already get close from Flowers Bakery of London
19:49:14.251 [main] INFO com.openclassrooms.tourguide.service.RewardsService -- Calculate distance between -84.07486/37.131527 and 166.233693/0.969324
19:49:14.251 [main] INFO com.openclassrooms.tourguide.service.RewardsService -- Checking the user c9b902a7-1a19-430e-974b-07f250e903b9 already get close from McKinley Tower
19:49:14.251 [main] INFO com.openclassrooms.tourguide.service.RewardsService -- Calculate distance between -149.877502/61.218887 and 166.233693/0.969324
19:49:14.251 [main] INFO com.openclassrooms.tourguide.service.RewardsService -- Checking the user c9b902a7-1a19-430e-974b-07f250e903b9 already get close from Flatiron Building
19:49:14.251 [main] INFO com.openclassrooms.tourguide.service.RewardsService -- Calculate distance between -73.989723/40.741112 and 166.233693/0.969324
19:49:14.251 [main] INFO com.openclassrooms.tourguide.service.RewardsService -- Checking the user c9b902a7-1a19-430e-974b-07f250e903b9 already get close from Fallingwater
19:49:14.251 [main] INFO com.openclassrooms.tourguide.service.RewardsService -- Calculate distance between -79.468056/39.906113 and 166.233693/0.969324
19:49:14.251 [main] INFO com.openclassrooms.tourguide.service.RewardsService -- Checking the user c9b902a7-1a19-430e-974b-07f250e903b9 already get close from Union Station
19:49:14.251 [main] INFO com.openclassrooms.tourguide.service.RewardsService -- Calculate distance between -77.006332/38.897095 and 166.233693/0.969324
19:49:14.251 [main] INFO com.openclassrooms.tourguide.service.RewardsService -- Checking the user c9b902a7-1a19-430e-974b-07f250e903b9 already get close from Roger Dean Stadium
19:49:14.251 [main] INFO com.openclassrooms.tourguide.service.RewardsService -- Calculate distance between -80.116577/26.890959 and 166.233693/0.969324
19:49:14.251 [main] INFO com.openclassrooms.tourguide.service.RewardsService -- Checking the user c9b902a7-1a19-430e-974b-07f250e903b9 already get close from Texas Memorial Stadium
19:49:14.251 [main] INFO com.openclassrooms.tourguide.service.RewardsService -- Calculate distance between -97.732536/30.283682 and 166.233693/0.969324
19:49:14.251 [main] INFO com.openclassrooms.tourguide.service.RewardsService -- Checking the user c9b902a7-1a19-430e-974b-07f250e903b9 already get close from Bryant-Denny Stadium
19:49:14.251 [main] INFO com.openclassrooms.tourguide.service.RewardsService -- Calculate distance between -87.550438/33.208973 and 166.233693/0.969324
19:49:14.251 [main] INFO com.openclassrooms.tourguide.service.RewardsService -- Checking the user c9b902a7-1a19-430e-974b-07f250e903b9 already get close from Tiger Stadium
19:49:14.251 [main] INFO com.openclassrooms.tourguide.service.RewardsService -- Calculate distance between -91.183815/30.412035 and 166.233693/0.969324
19:49:14.251 [main] INFO com.openclassrooms.tourguide.service.RewardsService -- Checking the user c9b902a7-1a19-430e-974b-07f250e903b9 already get close from Neyland Stadium
19:49:14.251 [main] INFO com.openclassrooms.tourguide.service.RewardsService -- Calculate distance between -83.925011/35.955013 and 166.233693/0.969324
19:49:14.251 [main] INFO com.openclassrooms.tourguide.service.RewardsService -- Checking the user c9b902a7-1a19-430e-974b-07f250e903b9 already get close from Kyle Field
19:49:14.251 [main] INFO com.openclassrooms.tourguide.service.RewardsService -- Calculate distance between -96.339844/30.61025 and 166.233693/0.969324
19:49:14.251 [main] INFO com.openclassrooms.tourguide.service.RewardsService -- Checking the user c9b902a7-1a19-430e-974b-07f250e903b9 already get close from San Diego Zoo
19:49:14.251 [main] INFO com.openclassrooms.tourguide.service.RewardsService -- Calculate distance between -117.149048/32.735317 and 166.233693/0.969324
19:49:14.251 [main] INFO com.openclassrooms.tourguide.service.RewardsService -- Checking the user c9b902a7-1a19-430e-974b-07f250e903b9 already get close from Zoo Tampa at Lowry Park
19:49:14.251 [main] INFO com.openclassrooms.tourguide.service.RewardsService -- Calculate distance between -82.469269/28.012804 and 166.233693/0.969324
19:49:14.251 [main] INFO com.openclassrooms.tourguide.service.RewardsService -- Checking the user c9b902a7-1a19-430e-974b-07f250e903b9 already get close from Franklin Park Zoo
19:49:14.251 [main] INFO com.openclassrooms.tourguide.service.RewardsService -- Calculate distance between -71.086731/42.302601 and 166.233693/0.969324
19:49:14.251 [main] INFO com.openclassrooms.tourguide.service.RewardsService -- Checking the user c9b902a7-1a19-430e-974b-07f250e903b9 already get close from El Paso Zoo
19:49:14.251 [main] INFO com.openclassrooms.tourguide.service.RewardsService -- Calculate distance between -106.44487/31.769125 and 166.233693/0.969324
19:49:14.251 [main] INFO com.openclassrooms.tourguide.service.RewardsService -- Checking the user c9b902a7-1a19-430e-974b-07f250e903b9 already get close from Kansas City Zoo
19:49:14.251 [main] INFO com.openclassrooms.tourguide.service.RewardsService -- Calculate distance between -94.529625/39.007504 and 166.233693/0.969324
19:49:14.251 [main] INFO com.openclassrooms.tourguide.service.RewardsService -- Checking the user c9b902a7-1a19-430e-974b-07f250e903b9 already get close from Bronx Zoo
19:49:14.251 [main] INFO com.openclassrooms.tourguide.service.RewardsService -- Calculate distance between -73.872971/40.852905 and 166.233693/0.969324
19:49:14.251 [main] INFO com.openclassrooms.tourguide.service.RewardsService -- Checking the user c9b902a7-1a19-430e-974b-07f250e903b9 already get close from Cinderella Castle
19:49:14.251 [main] INFO com.openclassrooms.tourguide.service.RewardsService -- Calculate distance between -81.5812/28.419411 and 166.233693/0.969324
19:49:14.251 [main] INFO com.openclassrooms.tourguide.service.RewardsService -- Trying to add 1 rewards
19:49:14.251 [main] INFO com.openclassrooms.tourguide.service.RewardsService -- Adding reward Disneyland to jon
]]></system-out>
  </testcase>
  <testcase name="isWithinAttractionProximity" classname="com.openclassrooms.tourguide.TestRewardsService" time="0.013">
    <system-out><![CDATA[19:49:14.265 [main] INFO com.openclassrooms.tourguide.service.RewardsService -- Checking attraction proximity of Disneyland and location -117.922008/33.817595
19:49:14.265 [main] INFO com.openclassrooms.tourguide.service.RewardsService -- Calculate distance between -117.922008/33.817595 and -117.922008/33.817595
]]></system-out>
  </testcase>
</testsuite>