<?xml version="1.0" encoding="UTF-8"?>
<testsuite xmlns:xsi="http://www.w3.org/2001/XMLSchema-instance" xsi:noNamespaceSchemaLocation="https://maven.apache.org/surefire/maven-surefire-plugin/xsd/surefire-test-report-3.0.xsd" version="3.0" name="com.openclassrooms.tourguide.TestPerformance" time="169.037" tests="1" errors="0" skipped="0" failures="0">
  <properties>
    <property name="java.specification.version" value="17"/>
    <property name="sun.cpu.isalist" value="amd64"/>
    <property name="sun.jnu.encoding" value="Cp1252"/>
    <property name="java.class.path" value="C:\Users\simon\eclipse-workspace\TourGuide\target\test-classes;C:\Users\simon\eclipse-workspace\TourGuide\target\classes;C:\Users\simon\.m2\repository\org\springframework\boot\spring-boot-starter-actuator\3.1.1\spring-boot-starter-actuator-3.1.1.jar;C:\Users\simon\.m2\repository\org\springframework\boot\spring-boot-starter\3.1.1\spring-boot-starter-3.1.1.jar;C:\Users\simon\.m2\repository\org\springframework\boot\spring-boot\3.1.1\spring-boot-3.1.1.jar;C:\Users\simon\.m2\repository\org\springframework\boot\spring-boot-autoconfigure\3.1.1\spring-boot-autoconfigure-3.1.1.jar;C:\Users\simon\.m2\repository\org\springframework\boot\spring-boot-starter-logging\3.1.1\spring-boot-starter-logging-3.1.1.jar;C:\Users\simon\.m2\repository\ch\qos\logback\logback-classic\1.4.8\logback-classic-1.4.8.jar;C:\Users\simon\.m2\repository\ch\qos\logback\logback-core\1.4.8\logback-core-1.4.8.jar;C:\Users\simon\.m2\repository\org\apache\logging\log4j\log4j-to-slf4j\2.20.0\log4j-to-slf4j-2.20.0.jar;C:\Users\simon\.m2\repository\org\apache\logging\log4j\log4j-api\2.20.0\log4j-api-2.20.0.jar;C:\Users\simon\.m2\repository\org\slf4j\jul-to-slf4j\2.0.7\jul-to-slf4j-2.0.7.jar;C:\Users\simon\.m2\repository\jakarta\annotation\jakarta.annotation-api\2.1.1\jakarta.annotation-api-2.1.1.jar;C:\Users\simon\.m2\repository\org\yaml\snakeyaml\1.33\snakeyaml-1.33.jar;C:\Users\simon\.m2\repository\org\springframework\boot\spring-boot-actuator-autoconfigure\3.1.1\spring-boot-actuator-autoconfigure-3.1.1.jar;C:\Users\simon\.m2\repository\org\springframework\boot\spring-boot-actuator\3.1.1\spring-boot-actuator-3.1.1.jar;C:\Users\simon\.m2\repository\com\fasterxml\jackson\core\jackson-databind\2.15.2\jackson-databind-2.15.2.jar;C:\Users\simon\.m2\repository\com\fasterxml\jackson\core\jackson-annotations\2.15.2\jackson-annotations-2.15.2.jar;C:\Users\simon\.m2\repository\com\fasterxml\jackson\core\jackson-core\2.15.2\jackson-core-2.15.2.jar;C:\Users\simon\.m2\repository\com\fasterxml\jackson\datatype\jackson-datatype-jsr310\2.15.2\jackson-datatype-jsr310-2.15.2.jar;C:\Users\simon\.m2\repository\io\micrometer\micrometer-observation\1.11.1\micrometer-observation-1.11.1.jar;C:\Users\simon\.m2\repository\io\micrometer\micrometer-commons\1.11.1\micrometer-commons-1.11.1.jar;C:\Users\simon\.m2\repository\io\micrometer\micrometer-core\1.11.1\micrometer-core-1.11.1.jar;C:\Users\simon\.m2\repository\org\hdrhistogram\HdrHistogram\2.1.12\HdrHistogram-2.1.12.jar;C:\Users\simon\.m2\repository\org\latencyutils\LatencyUtils\2.0.3\LatencyUtils-2.0.3.jar;C:\Users\simon\.m2\repository\org\springframework\boot\spring-boot-starter-validation\3.1.1\spring-boot-starter-validation-3.1.1.jar;C:\Users\simon\.m2\repository\org\apache\tomcat\embed\tomcat-embed-el\10.1.10\tomcat-embed-el-10.1.10.jar;C:\Users\simon\.m2\repository\org\hibernate\validator\hibernate-validator\8.0.0.Final\hibernate-validator-8.0.0.Final.jar;C:\Users\simon\.m2\repository\jakarta\validation\jakarta.validation-api\3.0.2\jakarta.validation-api-3.0.2.jar;C:\Users\simon\.m2\repository\org\jboss\logging\jboss-logging\3.5.1.Final\jboss-logging-3.5.1.Final.jar;C:\Users\simon\.m2\repository\com\fasterxml\classmate\1.5.1\classmate-1.5.1.jar;C:\Users\simon\.m2\repository\org\springframework\boot\spring-boot-starter-web\3.1.1\spring-boot-starter-web-3.1.1.jar;C:\Users\simon\.m2\repository\org\springframework\boot\spring-boot-starter-json\3.1.1\spring-boot-starter-json-3.1.1.jar;C:\Users\simon\.m2\repository\com\fasterxml\jackson\datatype\jackson-datatype-jdk8\2.15.2\jackson-datatype-jdk8-2.15.2.jar;C:\Users\simon\.m2\repository\com\fasterxml\jackson\module\jackson-module-parameter-names\2.15.2\jackson-module-parameter-names-2.15.2.jar;C:\Users\simon\.m2\repository\org\springframework\boot\spring-boot-starter-tomcat\3.1.1\spring-boot-starter-tomcat-3.1.1.jar;C:\Users\simon\.m2\repository\org\apache\tomcat\embed\tomcat-embed-core\10.1.10\tomcat-embed-core-10.1.10.jar;C:\Users\simon\.m2\repository\org\apache\tomcat\embed\tomcat-embed-websocket\10.1.10\tomcat-embed-websocket-10.1.10.jar;C:\Users\simon\.m2\repository\org\springframework\spring-web\6.0.10\spring-web-6.0.10.jar;C:\Users\simon\.m2\repository\org\springframework\spring-beans\6.0.10\spring-beans-6.0.10.jar;C:\Users\simon\.m2\repository\org\springframework\spring-webmvc\6.0.10\spring-webmvc-6.0.10.jar;C:\Users\simon\.m2\repository\org\springframework\spring-aop\6.0.10\spring-aop-6.0.10.jar;C:\Users\simon\.m2\repository\org\springframework\spring-context\6.0.10\spring-context-6.0.10.jar;C:\Users\simon\.m2\repository\org\springframework\spring-expression\6.0.10\spring-expression-6.0.10.jar;C:\Users\simon\.m2\repository\org\springframework\boot\spring-boot-starter-test\3.1.1\spring-boot-starter-test-3.1.1.jar;C:\Users\simon\.m2\repository\org\springframework\boot\spring-boot-test\3.1.1\spring-boot-test-3.1.1.jar;C:\Users\simon\.m2\repository\org\springframework\boot\spring-boot-test-autoconfigure\3.1.1\spring-boot-test-autoconfigure-3.1.1.jar;C:\Users\simon\.m2\repository\com\jayway\jsonpath\json-path\2.8.0\json-path-2.8.0.jar;C:\Users\simon\.m2\repository\jakarta\xml\bind\jakarta.xml.bind-api\4.0.0\jakarta.xml.bind-api-4.0.0.jar;C:\Users\simon\.m2\repository\jakarta\activation\jakarta.activation-api\2.1.2\jakarta.activation-api-2.1.2.jar;C:\Users\simon\.m2\repository\net\minidev\json-smart\2.4.11\json-smart-2.4.11.jar;C:\Users\simon\.m2\repository\net\minidev\accessors-smart\2.4.11\accessors-smart-2.4.11.jar;C:\Users\simon\.m2\repository\org\assertj\assertj-core\3.24.2\assertj-core-3.24.2.jar;C:\Users\simon\.m2\repository\net\bytebuddy\byte-buddy\1.14.5\byte-buddy-1.14.5.jar;C:\Users\simon\.m2\repository\org\hamcrest\hamcrest\2.2\hamcrest-2.2.jar;C:\Users\simon\.m2\repository\org\junit\jupiter\junit-jupiter\5.9.3\junit-jupiter-5.9.3.jar;C:\Users\simon\.m2\repository\org\junit\jupiter\junit-jupiter-params\5.9.3\junit-jupiter-params-5.9.3.jar;C:\Users\simon\.m2\repository\org\junit\jupiter\junit-jupiter-engine\5.9.3\junit-jupiter-engine-5.9.3.jar;C:\Users\simon\.m2\repository\org\junit\platform\junit-platform-engine\1.9.3\junit-platform-engine-1.9.3.jar;C:\Users\simon\.m2\repository\org\mockito\mockito-core\5.3.1\mockito-core-5.3.1.jar;C:\Users\simon\.m2\repository\net\bytebuddy\byte-buddy-agent\1.14.5\byte-buddy-agent-1.14.5.jar;C:\Users\simon\.m2\repository\org\objenesis\objenesis\3.3\objenesis-3.3.jar;C:\Users\simon\.m2\repository\org\mockito\mockito-junit-jupiter\5.3.1\mockito-junit-jupiter-5.3.1.jar;C:\Users\simon\.m2\repository\org\skyscreamer\jsonassert\1.5.1\jsonassert-1.5.1.jar;C:\Users\simon\.m2\repository\com\vaadin\external\google\android-json\0.0.20131108.vaadin1\android-json-0.0.20131108.vaadin1.jar;C:\Users\simon\.m2\repository\org\springframework\spring-core\6.0.10\spring-core-6.0.10.jar;C:\Users\simon\.m2\repository\org\springframework\spring-jcl\6.0.10\spring-jcl-6.0.10.jar;C:\Users\simon\.m2\repository\org\springframework\spring-test\6.0.10\spring-test-6.0.10.jar;C:\Users\simon\.m2\repository\org\xmlunit\xmlunit-core\2.9.1\xmlunit-core-2.9.1.jar;C:\Users\simon\.m2\repository\org\apache\commons\commons-lang3\3.12.0\commons-lang3-3.12.0.jar;C:\Users\simon\.m2\repository\org\junit\jupiter\junit-jupiter-api\5.9.3\junit-jupiter-api-5.9.3.jar;C:\Users\simon\.m2\repository\org\opentest4j\opentest4j\1.2.0\opentest4j-1.2.0.jar;C:\Users\simon\.m2\repository\org\junit\platform\junit-platform-commons\1.9.3\junit-platform-commons-1.9.3.jar;C:\Users\simon\.m2\repository\org\apiguardian\apiguardian-api\1.1.2\apiguardian-api-1.1.2.jar;C:\Users\simon\.m2\repository\org\jacoco\jacoco-maven-plugin\0.8.10\jacoco-maven-plugin-0.8.10.jar;C:\Users\simon\.m2\repository\org\codehaus\plexus\plexus-utils\3.0.24\plexus-utils-3.0.24.jar;C:\Users\simon\.m2\repository\org\apache\maven\shared\file-management\1.2.1\file-management-1.2.1.jar;C:\Users\simon\.m2\repository\org\apache\maven\maven-plugin-api\2.0.6\maven-plugin-api-2.0.6.jar;C:\Users\simon\.m2\repository\org\apache\maven\shared\maven-shared-io\1.1\maven-shared-io-1.1.jar;C:\Users\simon\.m2\repository\org\apache\maven\maven-artifact\2.0.2\maven-artifact-2.0.2.jar;C:\Users\simon\.m2\repository\org\apache\maven\maven-artifact-manager\2.0.2\maven-artifact-manager-2.0.2.jar;C:\Users\simon\.m2\repository\org\apache\maven\maven-repository-metadata\2.0.2\maven-repository-metadata-2.0.2.jar;C:\Users\simon\.m2\repository\org\apache\maven\wagon\wagon-provider-api\1.0-alpha-6\wagon-provider-api-1.0-alpha-6.jar;C:\Users\simon\.m2\repository\org\codehaus\plexus\plexus-container-default\1.0-alpha-9\plexus-container-default-1.0-alpha-9.jar;C:\Users\simon\.m2\repository\junit\junit\4.13.2\junit-4.13.2.jar;C:\Users\simon\.m2\repository\org\hamcrest\hamcrest-core\2.2\hamcrest-core-2.2.jar;C:\Users\simon\.m2\repository\classworlds\classworlds\1.1-alpha-2\classworlds-1.1-alpha-2.jar;C:\Users\simon\.m2\repository\org\apache\maven\reporting\maven-reporting-api\3.0\maven-reporting-api-3.0.jar;C:\Users\simon\.m2\repository\org\apache\maven\doxia\doxia-sink-api\1.0\doxia-sink-api-1.0.jar;C:\Users\simon\.m2\repository\org\jacoco\org.jacoco.agent\0.8.10\org.jacoco.agent-0.8.10-runtime.jar;C:\Users\simon\.m2\repository\org\jacoco\org.jacoco.core\0.8.10\org.jacoco.core-0.8.10.jar;C:\Users\simon\.m2\repository\org\ow2\asm\asm\9.5\asm-9.5.jar;C:\Users\simon\.m2\repository\org\ow2\asm\asm-commons\9.5\asm-commons-9.5.jar;C:\Users\simon\.m2\repository\org\ow2\asm\asm-tree\9.5\asm-tree-9.5.jar;C:\Users\simon\.m2\repository\org\jacoco\org.jacoco.report\0.8.10\org.jacoco.report-0.8.10.jar;C:\Users\simon\.m2\repository\gpsUtil\gpsUtil\1.0.0\gpsUtil-1.0.0.jar;C:\Users\simon\.m2\repository\com\google\code\findbugs\jsr305\1.3.9\jsr305-1.3.9.jar;C:\Users\simon\.m2\repository\com\google\errorprone\error_prone_annotations\2.0.18\error_prone_annotations-2.0.18.jar;C:\Users\simon\.m2\repository\com\google\j2objc\j2objc-annotations\1.1\j2objc-annotations-1.1.jar;C:\Users\simon\.m2\repository\org\codehaus\mojo\animal-sniffer-annotations\1.14\animal-sniffer-annotations-1.14.jar;C:\Users\simon\.m2\repository\tripPricer\tripPricer\1.0.0\tripPricer-1.0.0.jar;C:\Users\simon\.m2\repository\rewardCentral\rewardCentral\1.0.0\rewardCentral-1.0.0.jar;C:\Users\simon\.m2\repository\org\testng\testng\7.8.0\testng-7.8.0.jar;C:\Users\simon\.m2\repository\org\slf4j\slf4j-api\2.0.7\slf4j-api-2.0.7.jar;C:\Users\simon\.m2\repository\com\beust\jcommander\1.82\jcommander-1.82.jar;C:\Users\simon\.m2\repository\org\webjars\jquery\3.6.1\jquery-3.6.1.jar;"/>
    <property name="java.vm.vendor" value="Oracle Corporation"/>
    <property name="sun.arch.data.model" value="64"/>
    <property name="user.variant" value=""/>
    <property name="java.vendor.url" value="https://java.oracle.com/"/>
    <property name="user.timezone" value="Europe/Paris"/>
    <property name="os.name" value="Windows 11"/>
    <property name="java.vm.specification.version" value="17"/>
    <property name="sun.java.launcher" value="SUN_STANDARD"/>
    <property name="user.country" value="FR"/>
    <property name="sun.boot.library.path" value="C:\Program Files\Java\jdk-17\bin"/>
    <property name="sun.java.command" value="C:\Users\simon\AppData\Local\Temp\surefire11211010400582416195\surefirebooter-20230927183757310_3.jar C:\Users\simon\AppData\Local\Temp\surefire11211010400582416195 2023-09-27T18-37-57_167-jvmRun1 surefire-20230927183757310_1tmp surefire_0-20230927183757310_2tmp"/>
    <property name="jdk.debug" value="release"/>
    <property name="test" value="TestPerformance#highVolumeGetRewards"/>
    <property name="surefire.test.class.path" value="C:\Users\simon\eclipse-workspace\TourGuide\target\test-classes;C:\Users\simon\eclipse-workspace\TourGuide\target\classes;C:\Users\simon\.m2\repository\org\springframework\boot\spring-boot-starter-actuator\3.1.1\spring-boot-starter-actuator-3.1.1.jar;C:\Users\simon\.m2\repository\org\springframework\boot\spring-boot-starter\3.1.1\spring-boot-starter-3.1.1.jar;C:\Users\simon\.m2\repository\org\springframework\boot\spring-boot\3.1.1\spring-boot-3.1.1.jar;C:\Users\simon\.m2\repository\org\springframework\boot\spring-boot-autoconfigure\3.1.1\spring-boot-autoconfigure-3.1.1.jar;C:\Users\simon\.m2\repository\org\springframework\boot\spring-boot-starter-logging\3.1.1\spring-boot-starter-logging-3.1.1.jar;C:\Users\simon\.m2\repository\ch\qos\logback\logback-classic\1.4.8\logback-classic-1.4.8.jar;C:\Users\simon\.m2\repository\ch\qos\logback\logback-core\1.4.8\logback-core-1.4.8.jar;C:\Users\simon\.m2\repository\org\apache\logging\log4j\log4j-to-slf4j\2.20.0\log4j-to-slf4j-2.20.0.jar;C:\Users\simon\.m2\repository\org\apache\logging\log4j\log4j-api\2.20.0\log4j-api-2.20.0.jar;C:\Users\simon\.m2\repository\org\slf4j\jul-to-slf4j\2.0.7\jul-to-slf4j-2.0.7.jar;C:\Users\simon\.m2\repository\jakarta\annotation\jakarta.annotation-api\2.1.1\jakarta.annotation-api-2.1.1.jar;C:\Users\simon\.m2\repository\org\yaml\snakeyaml\1.33\snakeyaml-1.33.jar;C:\Users\simon\.m2\repository\org\springframework\boot\spring-boot-actuator-autoconfigure\3.1.1\spring-boot-actuator-autoconfigure-3.1.1.jar;C:\Users\simon\.m2\repository\org\springframework\boot\spring-boot-actuator\3.1.1\spring-boot-actuator-3.1.1.jar;C:\Users\simon\.m2\repository\com\fasterxml\jackson\core\jackson-databind\2.15.2\jackson-databind-2.15.2.jar;C:\Users\simon\.m2\repository\com\fasterxml\jackson\core\jackson-annotations\2.15.2\jackson-annotations-2.15.2.jar;C:\Users\simon\.m2\repository\com\fasterxml\jackson\core\jackson-core\2.15.2\jackson-core-2.15.2.jar;C:\Users\simon\.m2\repository\com\fasterxml\jackson\datatype\jackson-datatype-jsr310\2.15.2\jackson-datatype-jsr310-2.15.2.jar;C:\Users\simon\.m2\repository\io\micrometer\micrometer-observation\1.11.1\micrometer-observation-1.11.1.jar;C:\Users\simon\.m2\repository\io\micrometer\micrometer-commons\1.11.1\micrometer-commons-1.11.1.jar;C:\Users\simon\.m2\repository\io\micrometer\micrometer-core\1.11.1\micrometer-core-1.11.1.jar;C:\Users\simon\.m2\repository\org\hdrhistogram\HdrHistogram\2.1.12\HdrHistogram-2.1.12.jar;C:\Users\simon\.m2\repository\org\latencyutils\LatencyUtils\2.0.3\LatencyUtils-2.0.3.jar;C:\Users\simon\.m2\repository\org\springframework\boot\spring-boot-starter-validation\3.1.1\spring-boot-starter-validation-3.1.1.jar;C:\Users\simon\.m2\repository\org\apache\tomcat\embed\tomcat-embed-el\10.1.10\tomcat-embed-el-10.1.10.jar;C:\Users\simon\.m2\repository\org\hibernate\validator\hibernate-validator\8.0.0.Final\hibernate-validator-8.0.0.Final.jar;C:\Users\simon\.m2\repository\jakarta\validation\jakarta.validation-api\3.0.2\jakarta.validation-api-3.0.2.jar;C:\Users\simon\.m2\repository\org\jboss\logging\jboss-logging\3.5.1.Final\jboss-logging-3.5.1.Final.jar;C:\Users\simon\.m2\repository\com\fasterxml\classmate\1.5.1\classmate-1.5.1.jar;C:\Users\simon\.m2\repository\org\springframework\boot\spring-boot-starter-web\3.1.1\spring-boot-starter-web-3.1.1.jar;C:\Users\simon\.m2\repository\org\springframework\boot\spring-boot-starter-json\3.1.1\spring-boot-starter-json-3.1.1.jar;C:\Users\simon\.m2\repository\com\fasterxml\jackson\datatype\jackson-datatype-jdk8\2.15.2\jackson-datatype-jdk8-2.15.2.jar;C:\Users\simon\.m2\repository\com\fasterxml\jackson\module\jackson-module-parameter-names\2.15.2\jackson-module-parameter-names-2.15.2.jar;C:\Users\simon\.m2\repository\org\springframework\boot\spring-boot-starter-tomcat\3.1.1\spring-boot-starter-tomcat-3.1.1.jar;C:\Users\simon\.m2\repository\org\apache\tomcat\embed\tomcat-embed-core\10.1.10\tomcat-embed-core-10.1.10.jar;C:\Users\simon\.m2\repository\org\apache\tomcat\embed\tomcat-embed-websocket\10.1.10\tomcat-embed-websocket-10.1.10.jar;C:\Users\simon\.m2\repository\org\springframework\spring-web\6.0.10\spring-web-6.0.10.jar;C:\Users\simon\.m2\repository\org\springframework\spring-beans\6.0.10\spring-beans-6.0.10.jar;C:\Users\simon\.m2\repository\org\springframework\spring-webmvc\6.0.10\spring-webmvc-6.0.10.jar;C:\Users\simon\.m2\repository\org\springframework\spring-aop\6.0.10\spring-aop-6.0.10.jar;C:\Users\simon\.m2\repository\org\springframework\spring-context\6.0.10\spring-context-6.0.10.jar;C:\Users\simon\.m2\repository\org\springframework\spring-expression\6.0.10\spring-expression-6.0.10.jar;C:\Users\simon\.m2\repository\org\springframework\boot\spring-boot-starter-test\3.1.1\spring-boot-starter-test-3.1.1.jar;C:\Users\simon\.m2\repository\org\springframework\boot\spring-boot-test\3.1.1\spring-boot-test-3.1.1.jar;C:\Users\simon\.m2\repository\org\springframework\boot\spring-boot-test-autoconfigure\3.1.1\spring-boot-test-autoconfigure-3.1.1.jar;C:\Users\simon\.m2\repository\com\jayway\jsonpath\json-path\2.8.0\json-path-2.8.0.jar;C:\Users\simon\.m2\repository\jakarta\xml\bind\jakarta.xml.bind-api\4.0.0\jakarta.xml.bind-api-4.0.0.jar;C:\Users\simon\.m2\repository\jakarta\activation\jakarta.activation-api\2.1.2\jakarta.activation-api-2.1.2.jar;C:\Users\simon\.m2\repository\net\minidev\json-smart\2.4.11\json-smart-2.4.11.jar;C:\Users\simon\.m2\repository\net\minidev\accessors-smart\2.4.11\accessors-smart-2.4.11.jar;C:\Users\simon\.m2\repository\org\assertj\assertj-core\3.24.2\assertj-core-3.24.2.jar;C:\Users\simon\.m2\repository\net\bytebuddy\byte-buddy\1.14.5\byte-buddy-1.14.5.jar;C:\Users\simon\.m2\repository\org\hamcrest\hamcrest\2.2\hamcrest-2.2.jar;C:\Users\simon\.m2\repository\org\junit\jupiter\junit-jupiter\5.9.3\junit-jupiter-5.9.3.jar;C:\Users\simon\.m2\repository\org\junit\jupiter\junit-jupiter-params\5.9.3\junit-jupiter-params-5.9.3.jar;C:\Users\simon\.m2\repository\org\junit\jupiter\junit-jupiter-engine\5.9.3\junit-jupiter-engine-5.9.3.jar;C:\Users\simon\.m2\repository\org\junit\platform\junit-platform-engine\1.9.3\junit-platform-engine-1.9.3.jar;C:\Users\simon\.m2\repository\org\mockito\mockito-core\5.3.1\mockito-core-5.3.1.jar;C:\Users\simon\.m2\repository\net\bytebuddy\byte-buddy-agent\1.14.5\byte-buddy-agent-1.14.5.jar;C:\Users\simon\.m2\repository\org\objenesis\objenesis\3.3\objenesis-3.3.jar;C:\Users\simon\.m2\repository\org\mockito\mockito-junit-jupiter\5.3.1\mockito-junit-jupiter-5.3.1.jar;C:\Users\simon\.m2\repository\org\skyscreamer\jsonassert\1.5.1\jsonassert-1.5.1.jar;C:\Users\simon\.m2\repository\com\vaadin\external\google\android-json\0.0.20131108.vaadin1\android-json-0.0.20131108.vaadin1.jar;C:\Users\simon\.m2\repository\org\springframework\spring-core\6.0.10\spring-core-6.0.10.jar;C:\Users\simon\.m2\repository\org\springframework\spring-jcl\6.0.10\spring-jcl-6.0.10.jar;C:\Users\simon\.m2\repository\org\springframework\spring-test\6.0.10\spring-test-6.0.10.jar;C:\Users\simon\.m2\repository\org\xmlunit\xmlunit-core\2.9.1\xmlunit-core-2.9.1.jar;C:\Users\simon\.m2\repository\org\apache\commons\commons-lang3\3.12.0\commons-lang3-3.12.0.jar;C:\Users\simon\.m2\repository\org\junit\jupiter\junit-jupiter-api\5.9.3\junit-jupiter-api-5.9.3.jar;C:\Users\simon\.m2\repository\org\opentest4j\opentest4j\1.2.0\opentest4j-1.2.0.jar;C:\Users\simon\.m2\repository\org\junit\platform\junit-platform-commons\1.9.3\junit-platform-commons-1.9.3.jar;C:\Users\simon\.m2\repository\org\apiguardian\apiguardian-api\1.1.2\apiguardian-api-1.1.2.jar;C:\Users\simon\.m2\repository\org\jacoco\jacoco-maven-plugin\0.8.10\jacoco-maven-plugin-0.8.10.jar;C:\Users\simon\.m2\repository\org\codehaus\plexus\plexus-utils\3.0.24\plexus-utils-3.0.24.jar;C:\Users\simon\.m2\repository\org\apache\maven\shared\file-management\1.2.1\file-management-1.2.1.jar;C:\Users\simon\.m2\repository\org\apache\maven\maven-plugin-api\2.0.6\maven-plugin-api-2.0.6.jar;C:\Users\simon\.m2\repository\org\apache\maven\shared\maven-shared-io\1.1\maven-shared-io-1.1.jar;C:\Users\simon\.m2\repository\org\apache\maven\maven-artifact\2.0.2\maven-artifact-2.0.2.jar;C:\Users\simon\.m2\repository\org\apache\maven\maven-artifact-manager\2.0.2\maven-artifact-manager-2.0.2.jar;C:\Users\simon\.m2\repository\org\apache\maven\maven-repository-metadata\2.0.2\maven-repository-metadata-2.0.2.jar;C:\Users\simon\.m2\repository\org\apache\maven\wagon\wagon-provider-api\1.0-alpha-6\wagon-provider-api-1.0-alpha-6.jar;C:\Users\simon\.m2\repository\org\codehaus\plexus\plexus-container-default\1.0-alpha-9\plexus-container-default-1.0-alpha-9.jar;C:\Users\simon\.m2\repository\junit\junit\4.13.2\junit-4.13.2.jar;C:\Users\simon\.m2\repository\org\hamcrest\hamcrest-core\2.2\hamcrest-core-2.2.jar;C:\Users\simon\.m2\repository\classworlds\classworlds\1.1-alpha-2\classworlds-1.1-alpha-2.jar;C:\Users\simon\.m2\repository\org\apache\maven\reporting\maven-reporting-api\3.0\maven-reporting-api-3.0.jar;C:\Users\simon\.m2\repository\org\apache\maven\doxia\doxia-sink-api\1.0\doxia-sink-api-1.0.jar;C:\Users\simon\.m2\repository\org\jacoco\org.jacoco.agent\0.8.10\org.jacoco.agent-0.8.10-runtime.jar;C:\Users\simon\.m2\repository\org\jacoco\org.jacoco.core\0.8.10\org.jacoco.core-0.8.10.jar;C:\Users\simon\.m2\repository\org\ow2\asm\asm\9.5\asm-9.5.jar;C:\Users\simon\.m2\repository\org\ow2\asm\asm-commons\9.5\asm-commons-9.5.jar;C:\Users\simon\.m2\repository\org\ow2\asm\asm-tree\9.5\asm-tree-9.5.jar;C:\Users\simon\.m2\repository\org\jacoco\org.jacoco.report\0.8.10\org.jacoco.report-0.8.10.jar;C:\Users\simon\.m2\repository\gpsUtil\gpsUtil\1.0.0\gpsUtil-1.0.0.jar;C:\Users\simon\.m2\repository\com\google\code\findbugs\jsr305\1.3.9\jsr305-1.3.9.jar;C:\Users\simon\.m2\repository\com\google\errorprone\error_prone_annotations\2.0.18\error_prone_annotations-2.0.18.jar;C:\Users\simon\.m2\repository\com\google\j2objc\j2objc-annotations\1.1\j2objc-annotations-1.1.jar;C:\Users\simon\.m2\repository\org\codehaus\mojo\animal-sniffer-annotations\1.14\animal-sniffer-annotations-1.14.jar;C:\Users\simon\.m2\repository\tripPricer\tripPricer\1.0.0\tripPricer-1.0.0.jar;C:\Users\simon\.m2\repository\rewardCentral\rewardCentral\1.0.0\rewardCentral-1.0.0.jar;C:\Users\simon\.m2\repository\org\testng\testng\7.8.0\testng-7.8.0.jar;C:\Users\simon\.m2\repository\org\slf4j\slf4j-api\2.0.7\slf4j-api-2.0.7.jar;C:\Users\simon\.m2\repository\com\beust\jcommander\1.82\jcommander-1.82.jar;C:\Users\simon\.m2\repository\org\webjars\jquery\3.6.1\jquery-3.6.1.jar;"/>
    <property name="sun.cpu.endian" value="little"/>
    <property name="user.home" value="C:\Users\simon"/>
    <property name="user.language" value="fr"/>
    <property name="java.specification.vendor" value="Oracle Corporation"/>
    <property name="java.version.date" value="2023-01-17"/>
    <property name="java.home" value="C:\Program Files\Java\jdk-17"/>
    <property name="file.separator" value="\"/>
    <property name="basedir" value="C:\Users\simon\eclipse-workspace\TourGuide"/>
    <property name="java.vm.compressedOopsMode" value="Zero based"/>
    <property name="line.separator" value="&#10;"/>
    <property name="java.vm.specification.vendor" value="Oracle Corporation"/>
    <property name="java.specification.name" value="Java Platform API Specification"/>
    <property name="surefire.real.class.path" value="C:\Users\simon\AppData\Local\Temp\surefire11211010400582416195\surefirebooter-20230927183757310_3.jar"/>
    <property name="user.script" value=""/>
    <property name="sun.management.compiler" value="HotSpot 64-Bit Tiered Compilers"/>
    <property name="java.runtime.version" value="17.0.6+9-LTS-190"/>
    <property name="user.name" value="Simon"/>
    <property name="path.separator" value=";"/>
    <property name="os.version" value="10.0"/>
    <property name="java.runtime.name" value="Java(TM) SE Runtime Environment"/>
    <property name="file.encoding" value="Cp1252"/>
    <property name="java.vm.name" value="Java HotSpot(TM) 64-Bit Server VM"/>
    <property name="localRepository" value="C:\Users\simon\.m2\repository"/>
    <property name="java.vendor.url.bug" value="https://bugreport.java.com/bugreport/"/>
    <property name="java.io.tmpdir" value="C:\Users\simon\AppData\Local\Temp\"/>
    <property name="java.version" value="17.0.6"/>
    <property name="user.dir" value="C:\Users\simon\eclipse-workspace\TourGuide"/>
    <property name="os.arch" value="amd64"/>
    <property name="java.vm.specification.name" value="Java Virtual Machine Specification"/>
    <property name="sun.os.patch.level" value=""/>
    <property name="native.encoding" value="Cp1252"/>
    <property name="java.library.path" value="C:\Program Files\Java\jdk-17\bin;C:\WINDOWS\Sun\Java\bin;C:\WINDOWS\system32;C:\WINDOWS;C:\Program Files (x86)\Cmder\vendor\conemu-maximus5\ConEmu\Scripts;C:\Program Files (x86)\Cmder\vendor\conemu-maximus5;C:\Program Files (x86)\Cmder\vendor\conemu-maximus5\ConEmu;C:\Program Files\Common Files\Oracle\Java\javapath;C:\Program Files (x86)\Common Files\Oracle\Java\javapath;C:\Windows\system32;C:\Windows;C:\Windows\System32\Wbem;C:\Windows\System32\WindowsPowerShell\v1.0\;C:\Windows\System32\OpenSSH\;C:\Program Files (x86)\NVIDIA Corporation\PhysX\Common;C:\Program Files\NVIDIA Corporation\NVIDIA NvDLISR;C:\Program Files\dotnet\;C:\Program Files\Git\cmd;C:\WINDOWS\system32;C:\WINDOWS;C:\WINDOWS\System32\Wbem;C:\WINDOWS\System32\WindowsPowerShell\v1.0\;C:\WINDOWS\System32\OpenSSH\;C:\Program Files\Gradle\gradle-8.1.1\bin;C:\Program Files (x86)\Windows Live\Shared;C:\Users\simon\AppData\Local\Microsoft\WindowsApps;C:\Users\simon\AppData\Local\Programs\Microsoft VS Code\bin;C:\Users\simon\AppData\Local\GitHubDesktop\bin;C:\Program Files\Maven\apache-maven-3.9.1\bin;C:\Program Files\MySQL\MySQL Server 8.0\bin;C:\Program Files\Git\mingw64\bin;C:\Program Files\Git\usr\bin;C:\Program Files (x86)\Cmder\vendor\bin;C:\Program Files (x86)\Cmder;."/>
    <property name="java.vm.info" value="mixed mode, sharing"/>
    <property name="java.vendor" value="Oracle Corporation"/>
    <property name="java.vm.version" value="17.0.6+9-LTS-190"/>
    <property name="sun.io.unicode.encoding" value="UnicodeLittle"/>
    <property name="java.class.version" value="61.0"/>
  </properties>
  <testcase name="highVolumeGetRewards" classname="com.openclassrooms.tourguide.TestPerformance" time="168.909">
    <system-out><![CDATA[18:37:58.526 [main] INFO com.openclassrooms.tourguide.service.TourGuideService -- TestMode enabled
18:37:58.611 [pool-2-thread-1] INFO com.openclassrooms.tourguide.tracker.Tracker -- Begin Tracker. Tracking 5000 users.
18:37:58.634 [main] INFO com.openclassrooms.tourguide.TestPerformance -- step 1 done
18:37:58.634 [main] INFO com.openclassrooms.tourguide.service.RewardsService -- calculating rewards for 5000 users
18:37:58.671 [pool-2-thread-1] INFO com.openclassrooms.tourguide.service.TourGuideService -- Adding the current location to the user internalUser1866
18:37:59.336 [pool-2-thread-1] INFO com.openclassrooms.tourguide.service.TourGuideService -- Adding the current location to the user internalUser1865
18:37:59.412 [pool-2-thread-1] INFO com.openclassrooms.tourguide.service.TourGuideService -- Adding the current location to the user internalUser1864
18:38:00.026 [pool-2-thread-1] INFO com.openclassrooms.tourguide.service.TourGuideService -- Adding the current location to the user internalUser1863
18:38:00.070 [pool-2-thread-1] INFO com.openclassrooms.tourguide.service.TourGuideService -- Adding the current location to the user internalUser1862
18:38:00.112 [pool-2-thread-1] INFO com.openclassrooms.tourguide.service.TourGuideService -- Adding the current location to the user internalUser1861
18:38:00.177 [pool-2-thread-1] INFO com.openclassrooms.tourguide.service.TourGuideService -- Adding the current location to the user internalUser1860
18:38:00.215 [pool-2-thread-1] INFO com.openclassrooms.tourguide.service.TourGuideService -- Adding the current location to the user internalUser1869
18:38:00.291 [pool-2-thread-1] INFO com.openclassrooms.tourguide.service.TourGuideService -- Adding the current location to the user internalUser1868
18:38:00.347 [pool-2-thread-1] INFO com.openclassrooms.tourguide.service.TourGuideService -- Adding the current location to the user internalUser1867
18:38:00.446 [pool-2-thread-1] INFO com.openclassrooms.tourguide.service.TourGuideService -- Adding the current location to the user internalUser4900
18:38:00.521 [pool-2-thread-1] INFO com.openclassrooms.tourguide.service.TourGuideService -- Adding the current location to the user internalUser4901
18:38:00.578 [pool-2-thread-1] INFO com.openclassrooms.tourguide.service.TourGuideService -- Adding the current location to the user internalUser4902
18:38:00.674 [pool-2-thread-1] INFO com.openclassrooms.tourguide.service.TourGuideService -- Adding the current location to the user internalUser1877
18:38:00.719 [pool-2-thread-1] INFO com.openclassrooms.tourguide.service.TourGuideService -- Adding the current location to the user internalUser1876
18:38:00.813 [pool-2-thread-1] INFO com.openclassrooms.tourguide.service.TourGuideService -- Adding the current location to the user internalUser1875
18:38:00.866 [pool-2-thread-1] INFO com.openclassrooms.tourguide.service.TourGuideService -- Adding the current location to the user internalUser1874
18:38:00.917 [pool-2-thread-1] INFO com.openclassrooms.tourguide.service.TourGuideService -- Adding the current location to the user internalUser1873
18:38:00.987 [pool-2-thread-1] INFO com.openclassrooms.tourguide.service.TourGuideService -- Adding the current location to the user internalUser1872
18:38:01.075 [pool-2-thread-1] INFO com.openclassrooms.tourguide.service.TourGuideService -- Adding the current location to the user internalUser1871
18:38:01.174 [pool-2-thread-1] INFO com.openclassrooms.tourguide.service.TourGuideService -- Adding the current location to the user internalUser1870
18:38:01.212 [pool-2-thread-1] INFO com.openclassrooms.tourguide.service.TourGuideService -- Adding the current location to the user internalUser1879
18:38:01.293 [pool-2-thread-1] INFO com.openclassrooms.tourguide.service.TourGuideService -- Adding the current location to the user internalUser1878
18:38:01.344 [pool-2-thread-1] INFO com.openclassrooms.tourguide.service.TourGuideService -- Adding the current location to the user internalUser4903
18:38:01.396 [pool-2-thread-1] INFO com.openclassrooms.tourguide.service.TourGuideService -- Adding the current location to the user internalUser4904
18:38:01.467 [pool-2-thread-1] INFO com.openclassrooms.tourguide.service.TourGuideService -- Adding the current location to the user internalUser4905
18:38:01.503 [pool-2-thread-1] INFO com.openclassrooms.tourguide.service.TourGuideService -- Adding the current location to the user internalUser4906
18:38:01.586 [pool-2-thread-1] INFO com.openclassrooms.tourguide.service.TourGuideService -- Adding the current location to the user internalUser4907
18:38:01.618 [pool-2-thread-1] INFO com.openclassrooms.tourguide.service.TourGuideService -- Adding the current location to the user internalUser4908
18:38:01.683 [pool-2-thread-1] INFO com.openclassrooms.tourguide.service.TourGuideService -- Adding the current location to the user internalUser4909
18:38:01.719 [pool-2-thread-1] INFO com.openclassrooms.tourguide.service.TourGuideService -- Adding the current location to the user internalUser1844
18:38:01.768 [pool-2-thread-1] INFO com.openclassrooms.tourguide.service.TourGuideService -- Adding the current location to the user internalUser1843
18:38:01.865 [pool-2-thread-1] INFO com.openclassrooms.tourguide.service.TourGuideService -- Adding the current location to the user internalUser1842
18:38:01.959 [pool-2-thread-1] INFO com.openclassrooms.tourguide.service.TourGuideService -- Adding the current location to the user internalUser1841
18:38:02.057 [pool-2-thread-1] INFO com.openclassrooms.tourguide.service.TourGuideService -- Adding the current location to the user internalUser1840
18:38:02.145 [pool-2-thread-1] INFO com.openclassrooms.tourguide.service.TourGuideService -- Adding the current location to the user internalUser1849
18:38:02.236 [pool-2-thread-1] INFO com.openclassrooms.tourguide.service.TourGuideService -- Adding the current location to the user internalUser1848
18:38:02.324 [pool-2-thread-1] INFO com.openclassrooms.tourguide.service.TourGuideService -- Adding the current location to the user internalUser1847
18:38:02.384 [pool-2-thread-1] INFO com.openclassrooms.tourguide.service.TourGuideService -- Adding the current location to the user internalUser1846
18:38:02.424 [pool-2-thread-1] INFO com.openclassrooms.tourguide.service.TourGuideService -- Adding the current location to the user internalUser1845
18:38:02.484 [pool-2-thread-1] INFO com.openclassrooms.tourguide.service.TourGuideService -- Adding the current location to the user internalUser1855
18:38:02.561 [pool-2-thread-1] INFO com.openclassrooms.tourguide.service.TourGuideService -- Adding the current location to the user internalUser1854
18:38:02.656 [pool-2-thread-1] INFO com.openclassrooms.tourguide.service.TourGuideService -- Adding the current location to the user internalUser1853
18:38:02.741 [pool-2-thread-1] INFO com.openclassrooms.tourguide.service.TourGuideService -- Adding the current location to the user internalUser1852
18:38:02.825 [pool-2-thread-1] INFO com.openclassrooms.tourguide.service.TourGuideService -- Adding the current location to the user internalUser1851
18:38:02.905 [pool-2-thread-1] INFO com.openclassrooms.tourguide.service.TourGuideService -- Adding the current location to the user internalUser1850
18:38:02.960 [pool-2-thread-1] INFO com.openclassrooms.tourguide.service.TourGuideService -- Adding the current location to the user internalUser1859
18:38:03.049 [pool-2-thread-1] INFO com.openclassrooms.tourguide.service.TourGuideService -- Adding the current location to the user internalUser1858
18:38:03.114 [pool-2-thread-1] INFO com.openclassrooms.tourguide.service.TourGuideService -- Adding the current location to the user internalUser1857
18:38:03.157 [pool-2-thread-1] INFO com.openclassrooms.tourguide.service.TourGuideService -- Adding the current location to the user internalUser1856
18:38:03.213 [pool-2-thread-1] INFO com.openclassrooms.tourguide.service.TourGuideService -- Adding the current location to the user internalUser4930
18:38:03.313 [pool-2-thread-1] INFO com.openclassrooms.tourguide.service.TourGuideService -- Adding the current location to the user internalUser3600
18:38:03.399 [pool-2-thread-1] INFO com.openclassrooms.tourguide.service.TourGuideService -- Adding the current location to the user internalUser4931
18:38:03.492 [pool-2-thread-1] INFO com.openclassrooms.tourguide.service.TourGuideService -- Adding the current location to the user internalUser3601
18:38:03.563 [pool-2-thread-1] INFO com.openclassrooms.tourguide.service.TourGuideService -- Adding the current location to the user internalUser4932
18:38:03.652 [pool-2-thread-1] INFO com.openclassrooms.tourguide.service.TourGuideService -- Adding the current location to the user internalUser3602
18:38:03.691 [pool-2-thread-1] INFO com.openclassrooms.tourguide.service.TourGuideService -- Adding the current location to the user internalUser4933
18:38:03.725 [pool-2-thread-1] INFO com.openclassrooms.tourguide.service.TourGuideService -- Adding the current location to the user internalUser3603
18:38:03.774 [pool-2-thread-1] INFO com.openclassrooms.tourguide.service.TourGuideService -- Adding the current location to the user internalUser4934
18:38:03.853 [pool-2-thread-1] INFO com.openclassrooms.tourguide.service.TourGuideService -- Adding the current location to the user internalUser3604
18:38:03.891 [pool-2-thread-1] INFO com.openclassrooms.tourguide.service.TourGuideService -- Adding the current location to the user internalUser4935
18:38:03.968 [pool-2-thread-1] INFO com.openclassrooms.tourguide.service.TourGuideService -- Adding the current location to the user internalUser3605
18:38:04.046 [pool-2-thread-1] INFO com.openclassrooms.tourguide.service.TourGuideService -- Adding the current location to the user internalUser4936
18:38:04.099 [pool-2-thread-1] INFO com.openclassrooms.tourguide.service.TourGuideService -- Adding the current location to the user internalUser3606
18:38:04.154 [pool-2-thread-1] INFO com.openclassrooms.tourguide.service.TourGuideService -- Adding the current location to the user internalUser4937
18:38:04.246 [pool-2-thread-1] INFO com.openclassrooms.tourguide.service.TourGuideService -- Adding the current location to the user internalUser3607
18:38:04.298 [pool-2-thread-1] INFO com.openclassrooms.tourguide.service.TourGuideService -- Adding the current location to the user internalUser4938
18:38:04.362 [pool-2-thread-1] INFO com.openclassrooms.tourguide.service.TourGuideService -- Adding the current location to the user internalUser3608
18:38:04.416 [pool-2-thread-1] INFO com.openclassrooms.tourguide.service.TourGuideService -- Adding the current location to the user internalUser4939
18:38:04.484 [pool-2-thread-1] INFO com.openclassrooms.tourguide.service.TourGuideService -- Adding the current location to the user internalUser3609
18:38:04.546 [pool-2-thread-1] INFO com.openclassrooms.tourguide.service.TourGuideService -- Adding the current location to the user internalUser4940
18:38:04.633 [pool-2-thread-1] INFO com.openclassrooms.tourguide.service.TourGuideService -- Adding the current location to the user internalUser3610
18:38:04.690 [pool-2-thread-1] INFO com.openclassrooms.tourguide.service.TourGuideService -- Adding the current location to the user internalUser4941
18:38:04.738 [pool-2-thread-1] INFO com.openclassrooms.tourguide.service.TourGuideService -- Adding the current location to the user internalUser3611
18:38:04.787 [pool-2-thread-1] INFO com.openclassrooms.tourguide.service.TourGuideService -- Adding the current location to the user internalUser4942
18:38:04.846 [pool-2-thread-1] INFO com.openclassrooms.tourguide.service.TourGuideService -- Adding the current location to the user internalUser3612
18:38:04.881 [pool-2-thread-1] INFO com.openclassrooms.tourguide.service.TourGuideService -- Adding the current location to the user internalUser4943
18:38:04.955 [pool-2-thread-1] INFO com.openclassrooms.tourguide.service.TourGuideService -- Adding the current location to the user internalUser3613
18:38:05.010 [pool-2-thread-1] INFO com.openclassrooms.tourguide.service.TourGuideService -- Adding the current location to the user internalUser4944
18:38:05.048 [pool-2-thread-1] INFO com.openclassrooms.tourguide.service.TourGuideService -- Adding the current location to the user internalUser3614
18:38:05.108 [pool-2-thread-1] INFO com.openclassrooms.tourguide.service.TourGuideService -- Adding the current location to the user internalUser4945
18:38:05.153 [pool-2-thread-1] INFO com.openclassrooms.tourguide.service.TourGuideService -- Adding the current location to the user internalUser3615
18:38:05.189 [pool-2-thread-1] INFO com.openclassrooms.tourguide.service.TourGuideService -- Adding the current location to the user internalUser4946
18:38:05.230 [pool-2-thread-1] INFO com.openclassrooms.tourguide.service.TourGuideService -- Adding the current location to the user internalUser3616
18:38:05.296 [pool-2-thread-1] INFO com.openclassrooms.tourguide.service.TourGuideService -- Adding the current location to the user internalUser4947
18:38:05.349 [pool-2-thread-1] INFO com.openclassrooms.tourguide.service.TourGuideService -- Adding the current location to the user internalUser3617
18:38:05.418 [pool-2-thread-1] INFO com.openclassrooms.tourguide.service.TourGuideService -- Adding the current location to the user internalUser4948
18:38:05.458 [pool-2-thread-1] INFO com.openclassrooms.tourguide.service.TourGuideService -- Adding the current location to the user internalUser3618
18:38:05.525 [pool-2-thread-1] INFO com.openclassrooms.tourguide.service.TourGuideService -- Adding the current location to the user internalUser4949
18:38:05.590 [pool-2-thread-1] INFO com.openclassrooms.tourguide.service.TourGuideService -- Adding the current location to the user internalUser3619
18:38:05.629 [pool-2-thread-1] INFO com.openclassrooms.tourguide.service.TourGuideService -- Adding the current location to the user internalUser1880
18:38:05.703 [pool-2-thread-1] INFO com.openclassrooms.tourguide.service.TourGuideService -- Adding the current location to the user internalUser4910
18:38:05.777 [pool-2-thread-1] INFO com.openclassrooms.tourguide.service.TourGuideService -- Adding the current location to the user internalUser4911
18:38:05.848 [pool-2-thread-1] INFO com.openclassrooms.tourguide.service.TourGuideService -- Adding the current location to the user internalUser4912
18:38:05.934 [pool-2-thread-1] INFO com.openclassrooms.tourguide.service.TourGuideService -- Adding the current location to the user internalUser4913
18:38:06.007 [pool-2-thread-1] INFO com.openclassrooms.tourguide.service.TourGuideService -- Adding the current location to the user internalUser1888
18:38:06.043 [pool-2-thread-1] INFO com.openclassrooms.tourguide.service.TourGuideService -- Adding the current location to the user internalUser1887
18:38:06.105 [pool-2-thread-1] INFO com.openclassrooms.tourguide.service.TourGuideService -- Adding the current location to the user internalUser1886
18:38:06.182 [pool-2-thread-1] INFO com.openclassrooms.tourguide.service.TourGuideService -- Adding the current location to the user internalUser1885
18:38:06.226 [pool-2-thread-1] INFO com.openclassrooms.tourguide.service.TourGuideService -- Adding the current location to the user internalUser1884
18:38:06.300 [pool-2-thread-1] INFO com.openclassrooms.tourguide.service.TourGuideService -- Adding the current location to the user internalUser1883
18:38:06.372 [pool-2-thread-1] INFO com.openclassrooms.tourguide.service.TourGuideService -- Adding the current location to the user internalUser1882
18:38:06.438 [pool-2-thread-1] INFO com.openclassrooms.tourguide.service.TourGuideService -- Adding the current location to the user internalUser1881
18:38:06.536 [pool-2-thread-1] INFO com.openclassrooms.tourguide.service.TourGuideService -- Adding the current location to the user internalUser1889
18:38:06.610 [pool-2-thread-1] INFO com.openclassrooms.tourguide.service.TourGuideService -- Adding the current location to the user internalUser4914
18:38:06.701 [pool-2-thread-1] INFO com.openclassrooms.tourguide.service.TourGuideService -- Adding the current location to the user internalUser4915
18:38:06.747 [pool-2-thread-1] INFO com.openclassrooms.tourguide.service.TourGuideService -- Adding the current location to the user internalUser4916
18:38:06.778 [pool-2-thread-1] INFO com.openclassrooms.tourguide.service.TourGuideService -- Adding the current location to the user internalUser4917
18:38:06.822 [pool-2-thread-1] INFO com.openclassrooms.tourguide.service.TourGuideService -- Adding the current location to the user internalUser4918
18:38:06.862 [pool-2-thread-1] INFO com.openclassrooms.tourguide.service.TourGuideService -- Adding the current location to the user internalUser4919
18:38:06.906 [pool-2-thread-1] INFO com.openclassrooms.tourguide.service.TourGuideService -- Adding the current location to the user internalUser1891
18:38:06.991 [pool-2-thread-1] INFO com.openclassrooms.tourguide.service.TourGuideService -- Adding the current location to the user internalUser1890
18:38:07.055 [pool-2-thread-1] INFO com.openclassrooms.tourguide.service.TourGuideService -- Adding the current location to the user internalUser4920
18:38:07.131 [pool-2-thread-1] INFO com.openclassrooms.tourguide.service.TourGuideService -- Adding the current location to the user internalUser4921
18:38:07.165 [pool-2-thread-1] INFO com.openclassrooms.tourguide.service.TourGuideService -- Adding the current location to the user internalUser4922
18:38:07.196 [pool-2-thread-1] INFO com.openclassrooms.tourguide.service.TourGuideService -- Adding the current location to the user internalUser4923
18:38:07.295 [pool-2-thread-1] INFO com.openclassrooms.tourguide.service.TourGuideService -- Adding the current location to the user internalUser4924
18:38:07.352 [pool-2-thread-1] INFO com.openclassrooms.tourguide.service.TourGuideService -- Adding the current location to the user internalUser1899
18:38:07.386 [pool-2-thread-1] INFO com.openclassrooms.tourguide.service.TourGuideService -- Adding the current location to the user internalUser1898
18:38:07.421 [pool-2-thread-1] INFO com.openclassrooms.tourguide.service.TourGuideService -- Adding the current location to the user internalUser1897
18:38:07.496 [pool-2-thread-1] INFO com.openclassrooms.tourguide.service.TourGuideService -- Adding the current location to the user internalUser1896
18:38:07.576 [pool-2-thread-1] INFO com.openclassrooms.tourguide.service.TourGuideService -- Adding the current location to the user internalUser1895
18:38:07.655 [pool-2-thread-1] INFO com.openclassrooms.tourguide.service.TourGuideService -- Adding the current location to the user internalUser1894
18:38:07.753 [pool-2-thread-1] INFO com.openclassrooms.tourguide.service.TourGuideService -- Adding the current location to the user internalUser1893
18:38:07.802 [pool-2-thread-1] INFO com.openclassrooms.tourguide.service.TourGuideService -- Adding the current location to the user internalUser1892
18:38:07.867 [pool-2-thread-1] INFO com.openclassrooms.tourguide.service.TourGuideService -- Adding the current location to the user internalUser4925
18:38:07.923 [pool-2-thread-1] INFO com.openclassrooms.tourguide.service.TourGuideService -- Adding the current location to the user internalUser4926
18:38:07.983 [pool-2-thread-1] INFO com.openclassrooms.tourguide.service.TourGuideService -- Adding the current location to the user internalUser4927
18:38:08.017 [pool-2-thread-1] INFO com.openclassrooms.tourguide.service.TourGuideService -- Adding the current location to the user internalUser4928
18:38:08.103 [pool-2-thread-1] INFO com.openclassrooms.tourguide.service.TourGuideService -- Adding the current location to the user internalUser4929
18:38:08.176 [pool-2-thread-1] INFO com.openclassrooms.tourguide.service.TourGuideService -- Adding the current location to the user internalUser4059
18:38:08.255 [pool-2-thread-1] INFO com.openclassrooms.tourguide.service.TourGuideService -- Adding the current location to the user internalUser4051
18:38:08.340 [pool-2-thread-1] INFO com.openclassrooms.tourguide.service.TourGuideService -- Adding the current location to the user internalUser4052
18:38:08.389 [pool-2-thread-1] INFO com.openclassrooms.tourguide.service.TourGuideService -- Adding the current location to the user internalUser4053
18:38:08.453 [pool-2-thread-1] INFO com.openclassrooms.tourguide.service.TourGuideService -- Adding the current location to the user internalUser4054
18:38:08.540 [pool-2-thread-1] INFO com.openclassrooms.tourguide.service.TourGuideService -- Adding the current location to the user internalUser4055
18:38:08.603 [pool-2-thread-1] INFO com.openclassrooms.tourguide.service.TourGuideService -- Adding the current location to the user internalUser4056
18:38:08.691 [pool-2-thread-1] INFO com.openclassrooms.tourguide.service.TourGuideService -- Adding the current location to the user internalUser4057
18:38:08.753 [pool-2-thread-1] INFO com.openclassrooms.tourguide.service.TourGuideService -- Adding the current location to the user internalUser4058
18:38:08.799 [pool-2-thread-1] INFO com.openclassrooms.tourguide.service.TourGuideService -- Adding the current location to the user internalUser4060
18:38:08.855 [pool-2-thread-1] INFO com.openclassrooms.tourguide.service.TourGuideService -- Adding the current location to the user internalUser4061
18:38:08.923 [pool-2-thread-1] INFO com.openclassrooms.tourguide.service.TourGuideService -- Adding the current location to the user internalUser4062
18:38:08.992 [pool-2-thread-1] INFO com.openclassrooms.tourguide.service.TourGuideService -- Adding the current location to the user internalUser4063
18:38:09.071 [pool-2-thread-1] INFO com.openclassrooms.tourguide.service.TourGuideService -- Adding the current location to the user internalUser4064
18:38:09.148 [pool-2-thread-1] INFO com.openclassrooms.tourguide.service.TourGuideService -- Adding the current location to the user internalUser4065
18:38:09.204 [pool-2-thread-1] INFO com.openclassrooms.tourguide.service.TourGuideService -- Adding the current location to the user internalUser4066
18:38:09.295 [pool-2-thread-1] INFO com.openclassrooms.tourguide.service.TourGuideService -- Adding the current location to the user internalUser4067
18:38:09.335 [pool-2-thread-1] INFO com.openclassrooms.tourguide.service.TourGuideService -- Adding the current location to the user internalUser4068
18:38:09.396 [pool-2-thread-1] INFO com.openclassrooms.tourguide.service.TourGuideService -- Adding the current location to the user internalUser4069
18:38:09.460 [pool-2-thread-1] INFO com.openclassrooms.tourguide.service.TourGuideService -- Adding the current location to the user internalUser4070
18:38:09.498 [pool-2-thread-1] INFO com.openclassrooms.tourguide.service.TourGuideService -- Adding the current location to the user internalUser4071
18:38:09.556 [pool-2-thread-1] INFO com.openclassrooms.tourguide.service.TourGuideService -- Adding the current location to the user internalUser4072
18:38:09.594 [pool-2-thread-1] INFO com.openclassrooms.tourguide.service.TourGuideService -- Adding the current location to the user internalUser4037
18:38:09.656 [pool-2-thread-1] INFO com.openclassrooms.tourguide.service.TourGuideService -- Adding the current location to the user internalUser4038
18:38:09.757 [pool-2-thread-1] INFO com.openclassrooms.tourguide.service.TourGuideService -- Adding the current location to the user internalUser4039
18:38:09.800 [pool-2-thread-1] INFO com.openclassrooms.tourguide.service.TourGuideService -- Adding the current location to the user internalUser4030
18:38:09.888 [pool-2-thread-1] INFO com.openclassrooms.tourguide.service.TourGuideService -- Adding the current location to the user internalUser4031
18:38:09.986 [pool-2-thread-1] INFO com.openclassrooms.tourguide.service.TourGuideService -- Adding the current location to the user internalUser4032
18:38:10.018 [pool-2-thread-1] INFO com.openclassrooms.tourguide.service.TourGuideService -- Adding the current location to the user internalUser4033
18:38:10.106 [pool-2-thread-1] INFO com.openclassrooms.tourguide.service.TourGuideService -- Adding the current location to the user internalUser4034
18:38:10.153 [pool-2-thread-1] INFO com.openclassrooms.tourguide.service.TourGuideService -- Adding the current location to the user internalUser4035
18:38:10.244 [pool-2-thread-1] INFO com.openclassrooms.tourguide.service.TourGuideService -- Adding the current location to the user internalUser4036
18:38:10.282 [pool-2-thread-1] INFO com.openclassrooms.tourguide.service.TourGuideService -- Adding the current location to the user internalUser4048
18:38:10.320 [pool-2-thread-1] INFO com.openclassrooms.tourguide.service.TourGuideService -- Adding the current location to the user internalUser4049
18:38:10.411 [pool-2-thread-1] INFO com.openclassrooms.tourguide.service.TourGuideService -- Adding the current location to the user internalUser4040
18:38:10.486 [pool-2-thread-1] INFO com.openclassrooms.tourguide.service.TourGuideService -- Adding the current location to the user internalUser4041
18:38:10.546 [pool-2-thread-1] INFO com.openclassrooms.tourguide.service.TourGuideService -- Adding the current location to the user internalUser4042
18:38:10.627 [pool-2-thread-1] INFO com.openclassrooms.tourguide.service.TourGuideService -- Adding the current location to the user internalUser4043
18:38:10.697 [pool-2-thread-1] INFO com.openclassrooms.tourguide.service.TourGuideService -- Adding the current location to the user internalUser4044
18:38:10.778 [pool-2-thread-1] INFO com.openclassrooms.tourguide.service.TourGuideService -- Adding the current location to the user internalUser4045
18:38:10.868 [pool-2-thread-1] INFO com.openclassrooms.tourguide.service.TourGuideService -- Adding the current location to the user internalUser4046
18:38:10.902 [pool-2-thread-1] INFO com.openclassrooms.tourguide.service.TourGuideService -- Adding the current location to the user internalUser4047
18:38:10.972 [pool-2-thread-1] INFO com.openclassrooms.tourguide.service.TourGuideService -- Adding the current location to the user internalUser4050
18:38:11.058 [pool-2-thread-1] INFO com.openclassrooms.tourguide.service.TourGuideService -- Adding the current location to the user internalUser765
18:38:11.106 [pool-2-thread-1] INFO com.openclassrooms.tourguide.service.TourGuideService -- Adding the current location to the user internalUser1822
18:38:11.186 [pool-2-thread-1] INFO com.openclassrooms.tourguide.service.TourGuideService -- Adding the current location to the user internalUser4095
18:38:11.253 [pool-2-thread-1] INFO com.openclassrooms.tourguide.service.TourGuideService -- Adding the current location to the user internalUser766
18:38:11.302 [pool-2-thread-1] INFO com.openclassrooms.tourguide.service.TourGuideService -- Adding the current location to the user internalUser1821
18:38:11.400 [pool-2-thread-1] INFO com.openclassrooms.tourguide.service.TourGuideService -- Adding the current location to the user internalUser4096
18:38:11.457 [pool-2-thread-1] INFO com.openclassrooms.tourguide.service.TourGuideService -- Adding the current location to the user internalUser763
18:38:11.541 [pool-2-thread-1] INFO com.openclassrooms.tourguide.service.TourGuideService -- Adding the current location to the user internalUser1820
18:38:11.603 [pool-2-thread-1] INFO com.openclassrooms.tourguide.service.TourGuideService -- Adding the current location to the user internalUser4097
18:38:11.641 [pool-2-thread-1] INFO com.openclassrooms.tourguide.service.TourGuideService -- Adding the current location to the user internalUser764
18:38:11.737 [pool-2-thread-1] INFO com.openclassrooms.tourguide.service.TourGuideService -- Adding the current location to the user internalUser4098
18:38:11.784 [pool-2-thread-1] INFO com.openclassrooms.tourguide.service.TourGuideService -- Adding the current location to the user internalUser761
18:38:11.848 [pool-2-thread-1] INFO com.openclassrooms.tourguide.service.TourGuideService -- Adding the current location to the user internalUser4099
18:38:11.902 [pool-2-thread-1] INFO com.openclassrooms.tourguide.service.TourGuideService -- Adding the current location to the user internalUser762
18:38:11.961 [pool-2-thread-1] INFO com.openclassrooms.tourguide.service.TourGuideService -- Adding the current location to the user internalUser760
18:38:12.044 [pool-2-thread-1] INFO com.openclassrooms.tourguide.service.TourGuideService -- Adding the current location to the user internalUser1829
18:38:12.108 [pool-2-thread-1] INFO com.openclassrooms.tourguide.service.TourGuideService -- Adding the current location to the user internalUser1828
18:38:12.200 [pool-2-thread-1] INFO com.openclassrooms.tourguide.service.TourGuideService -- Adding the current location to the user internalUser1827
18:38:12.299 [pool-2-thread-1] INFO com.openclassrooms.tourguide.service.TourGuideService -- Adding the current location to the user internalUser769
18:38:12.398 [pool-2-thread-1] INFO com.openclassrooms.tourguide.service.TourGuideService -- Adding the current location to the user internalUser1826
18:38:12.432 [pool-2-thread-1] INFO com.openclassrooms.tourguide.service.TourGuideService -- Adding the current location to the user internalUser1825
18:38:12.508 [pool-2-thread-1] INFO com.openclassrooms.tourguide.service.TourGuideService -- Adding the current location to the user internalUser767
18:38:12.591 [pool-2-thread-1] INFO com.openclassrooms.tourguide.service.TourGuideService -- Adding the current location to the user internalUser1824
18:38:12.689 [pool-2-thread-1] INFO com.openclassrooms.tourguide.service.TourGuideService -- Adding the current location to the user internalUser768
18:38:12.776 [pool-2-thread-1] INFO com.openclassrooms.tourguide.service.TourGuideService -- Adding the current location to the user internalUser1823
18:38:12.842 [pool-2-thread-1] INFO com.openclassrooms.tourguide.service.TourGuideService -- Adding the current location to the user internalUser776
18:38:12.914 [pool-2-thread-1] INFO com.openclassrooms.tourguide.service.TourGuideService -- Adding the current location to the user internalUser1833
18:38:12.961 [pool-2-thread-1] INFO com.openclassrooms.tourguide.service.TourGuideService -- Adding the current location to the user internalUser777
18:38:13.000 [pool-2-thread-1] INFO com.openclassrooms.tourguide.service.TourGuideService -- Adding the current location to the user internalUser1832
18:38:13.056 [pool-2-thread-1] INFO com.openclassrooms.tourguide.service.TourGuideService -- Adding the current location to the user internalUser774
18:38:13.123 [pool-2-thread-1] INFO com.openclassrooms.tourguide.service.TourGuideService -- Adding the current location to the user internalUser1831
18:38:13.166 [pool-2-thread-1] INFO com.openclassrooms.tourguide.service.TourGuideService -- Adding the current location to the user internalUser775
18:38:13.221 [pool-2-thread-1] INFO com.openclassrooms.tourguide.service.TourGuideService -- Adding the current location to the user internalUser1830
18:38:13.270 [pool-2-thread-1] INFO com.openclassrooms.tourguide.service.TourGuideService -- Adding the current location to the user internalUser772
18:38:13.342 [pool-2-thread-1] INFO com.openclassrooms.tourguide.service.TourGuideService -- Adding the current location to the user internalUser773
18:38:13.411 [pool-2-thread-1] INFO com.openclassrooms.tourguide.service.TourGuideService -- Adding the current location to the user internalUser770
18:38:13.477 [pool-2-thread-1] INFO com.openclassrooms.tourguide.service.TourGuideService -- Adding the current location to the user internalUser771
18:38:13.550 [pool-2-thread-1] INFO com.openclassrooms.tourguide.service.TourGuideService -- Adding the current location to the user internalUser1839
18:38:13.621 [pool-2-thread-1] INFO com.openclassrooms.tourguide.service.TourGuideService -- Adding the current location to the user internalUser1838
18:38:13.652 [pool-2-thread-1] INFO com.openclassrooms.tourguide.service.TourGuideService -- Adding the current location to the user internalUser1837
18:38:13.739 [pool-2-thread-1] INFO com.openclassrooms.tourguide.service.TourGuideService -- Adding the current location to the user internalUser1836
18:38:13.776 [pool-2-thread-1] INFO com.openclassrooms.tourguide.service.TourGuideService -- Adding the current location to the user internalUser778
18:38:13.815 [pool-2-thread-1] INFO com.openclassrooms.tourguide.service.TourGuideService -- Adding the current location to the user internalUser1835
18:38:13.856 [pool-2-thread-1] INFO com.openclassrooms.tourguide.service.TourGuideService -- Adding the current location to the user internalUser779
18:38:13.943 [pool-2-thread-1] INFO com.openclassrooms.tourguide.service.TourGuideService -- Adding the current location to the user internalUser1834
18:38:14.032 [pool-2-thread-1] INFO com.openclassrooms.tourguide.service.TourGuideService -- Adding the current location to the user internalUser780
18:38:14.094 [pool-2-thread-1] INFO com.openclassrooms.tourguide.service.TourGuideService -- Adding the current location to the user internalUser787
18:38:14.159 [pool-2-thread-1] INFO com.openclassrooms.tourguide.service.TourGuideService -- Adding the current location to the user internalUser1800
18:38:14.223 [pool-2-thread-1] INFO com.openclassrooms.tourguide.service.TourGuideService -- Adding the current location to the user internalUser4073
18:38:14.282 [pool-2-thread-1] INFO com.openclassrooms.tourguide.service.TourGuideService -- Adding the current location to the user internalUser788
18:38:14.318 [pool-2-thread-1] INFO com.openclassrooms.tourguide.service.TourGuideService -- Adding the current location to the user internalUser4074
18:38:14.356 [pool-2-thread-1] INFO com.openclassrooms.tourguide.service.TourGuideService -- Adding the current location to the user internalUser785
18:38:14.406 [pool-2-thread-1] INFO com.openclassrooms.tourguide.service.TourGuideService -- Adding the current location to the user internalUser4075
18:38:14.500 [pool-2-thread-1] INFO com.openclassrooms.tourguide.service.TourGuideService -- Adding the current location to the user internalUser786
18:38:14.567 [pool-2-thread-1] INFO com.openclassrooms.tourguide.service.TourGuideService -- Adding the current location to the user internalUser4076
18:38:14.604 [pool-2-thread-1] INFO com.openclassrooms.tourguide.service.TourGuideService -- Adding the current location to the user internalUser783
18:38:14.661 [pool-2-thread-1] INFO com.openclassrooms.tourguide.service.TourGuideService -- Adding the current location to the user internalUser4077
18:38:14.741 [pool-2-thread-1] INFO com.openclassrooms.tourguide.service.TourGuideService -- Adding the current location to the user internalUser784
18:38:14.776 [pool-2-thread-1] INFO com.openclassrooms.tourguide.service.TourGuideService -- Adding the current location to the user internalUser4078
18:38:14.840 [pool-2-thread-1] INFO com.openclassrooms.tourguide.service.TourGuideService -- Adding the current location to the user internalUser781
18:38:14.900 [pool-2-thread-1] INFO com.openclassrooms.tourguide.service.TourGuideService -- Adding the current location to the user internalUser4079
18:38:14.935 [pool-2-thread-1] INFO com.openclassrooms.tourguide.service.TourGuideService -- Adding the current location to the user internalUser782
18:38:14.972 [pool-2-thread-1] INFO com.openclassrooms.tourguide.service.TourGuideService -- Adding the current location to the user internalUser1808
18:38:15.005 [pool-2-thread-1] INFO com.openclassrooms.tourguide.service.TourGuideService -- Adding the current location to the user internalUser1807
18:38:15.047 [pool-2-thread-1] INFO com.openclassrooms.tourguide.service.TourGuideService -- Adding the current location to the user internalUser1806
18:38:15.096 [pool-2-thread-1] INFO com.openclassrooms.tourguide.service.TourGuideService -- Adding the current location to the user internalUser1805
18:38:15.177 [pool-2-thread-1] INFO com.openclassrooms.tourguide.service.TourGuideService -- Adding the current location to the user internalUser1804
18:38:15.246 [pool-2-thread-1] INFO com.openclassrooms.tourguide.service.TourGuideService -- Adding the current location to the user internalUser4080
18:38:15.319 [pool-2-thread-1] INFO com.openclassrooms.tourguide.service.TourGuideService -- Adding the current location to the user internalUser1803
18:38:15.390 [pool-2-thread-1] INFO com.openclassrooms.tourguide.service.TourGuideService -- Adding the current location to the user internalUser4081
18:38:15.465 [pool-2-thread-1] INFO com.openclassrooms.tourguide.service.TourGuideService -- Adding the current location to the user internalUser789
18:38:15.563 [pool-2-thread-1] INFO com.openclassrooms.tourguide.service.TourGuideService -- Adding the current location to the user internalUser1802
18:38:15.648 [pool-2-thread-1] INFO com.openclassrooms.tourguide.service.TourGuideService -- Adding the current location to the user internalUser4082
18:38:15.691 [pool-2-thread-1] INFO com.openclassrooms.tourguide.service.TourGuideService -- Adding the current location to the user internalUser1801
18:38:15.786 [pool-2-thread-1] INFO com.openclassrooms.tourguide.service.TourGuideService -- Adding the current location to the user internalUser4083
18:38:15.880 [pool-2-thread-1] INFO com.openclassrooms.tourguide.service.TourGuideService -- Adding the current location to the user internalUser1809
18:38:15.924 [pool-2-thread-1] INFO com.openclassrooms.tourguide.service.TourGuideService -- Adding the current location to the user internalUser790
18:38:16.014 [pool-2-thread-1] INFO com.openclassrooms.tourguide.service.TourGuideService -- Adding the current location to the user internalUser791
18:38:16.080 [pool-2-thread-1] INFO com.openclassrooms.tourguide.service.TourGuideService -- Adding the current location to the user internalUser798
18:38:16.173 [pool-2-thread-1] INFO com.openclassrooms.tourguide.service.TourGuideService -- Adding the current location to the user internalUser1811
18:38:16.208 [pool-2-thread-1] INFO com.openclassrooms.tourguide.service.TourGuideService -- Adding the current location to the user internalUser4084
18:38:16.259 [pool-2-thread-1] INFO com.openclassrooms.tourguide.service.TourGuideService -- Adding the current location to the user internalUser799
18:38:16.331 [pool-2-thread-1] INFO com.openclassrooms.tourguide.service.TourGuideService -- Adding the current location to the user internalUser1810
18:38:16.397 [pool-2-thread-1] INFO com.openclassrooms.tourguide.service.TourGuideService -- Adding the current location to the user internalUser4085
18:38:16.440 [pool-2-thread-1] INFO com.openclassrooms.tourguide.service.TourGuideService -- Adding the current location to the user internalUser796
18:38:16.492 [pool-2-thread-1] INFO com.openclassrooms.tourguide.service.TourGuideService -- Adding the current location to the user internalUser4086
18:38:16.566 [pool-2-thread-1] INFO com.openclassrooms.tourguide.service.TourGuideService -- Adding the current location to the user internalUser797
18:38:16.646 [pool-2-thread-1] INFO com.openclassrooms.tourguide.service.TourGuideService -- Adding the current location to the user internalUser4087
18:38:16.735 [pool-2-thread-1] INFO com.openclassrooms.tourguide.service.TourGuideService -- Adding the current location to the user internalUser794
18:38:16.823 [pool-2-thread-1] INFO com.openclassrooms.tourguide.service.TourGuideService -- Adding the current location to the user internalUser4088
18:38:16.902 [pool-2-thread-1] INFO com.openclassrooms.tourguide.service.TourGuideService -- Adding the current location to the user internalUser795
18:38:16.948 [pool-2-thread-1] INFO com.openclassrooms.tourguide.service.TourGuideService -- Adding the current location to the user internalUser4089
18:38:17.025 [pool-2-thread-1] INFO com.openclassrooms.tourguide.service.TourGuideService -- Adding the current location to the user internalUser792
18:38:17.075 [pool-2-thread-1] INFO com.openclassrooms.tourguide.service.TourGuideService -- Adding the current location to the user internalUser793
18:38:17.175 [pool-2-thread-1] INFO com.openclassrooms.tourguide.service.TourGuideService -- Adding the current location to the user internalUser1819
18:38:17.256 [pool-2-thread-1] INFO com.openclassrooms.tourguide.service.TourGuideService -- Adding the current location to the user internalUser1818
18:38:17.317 [pool-2-thread-1] INFO com.openclassrooms.tourguide.service.TourGuideService -- Adding the current location to the user internalUser1817
18:38:17.379 [pool-2-thread-1] INFO com.openclassrooms.tourguide.service.TourGuideService -- Adding the current location to the user internalUser1816
18:38:17.448 [pool-2-thread-1] INFO com.openclassrooms.tourguide.service.TourGuideService -- Adding the current location to the user internalUser4090
18:38:17.539 [pool-2-thread-1] INFO com.openclassrooms.tourguide.service.TourGuideService -- Adding the current location to the user internalUser1815
18:38:17.579 [pool-2-thread-1] INFO com.openclassrooms.tourguide.service.TourGuideService -- Adding the current location to the user internalUser4091
18:38:17.658 [pool-2-thread-1] INFO com.openclassrooms.tourguide.service.TourGuideService -- Adding the current location to the user internalUser1814
18:38:17.722 [pool-2-thread-1] INFO com.openclassrooms.tourguide.service.TourGuideService -- Adding the current location to the user internalUser4092
18:38:17.805 [pool-2-thread-1] INFO com.openclassrooms.tourguide.service.TourGuideService -- Adding the current location to the user internalUser1813
18:38:17.882 [pool-2-thread-1] INFO com.openclassrooms.tourguide.service.TourGuideService -- Adding the current location to the user internalUser4093
18:38:17.968 [pool-2-thread-1] INFO com.openclassrooms.tourguide.service.TourGuideService -- Adding the current location to the user internalUser1812
18:38:18.027 [pool-2-thread-1] INFO com.openclassrooms.tourguide.service.TourGuideService -- Adding the current location to the user internalUser4094
18:38:18.126 [pool-2-thread-1] INFO com.openclassrooms.tourguide.service.TourGuideService -- Adding the current location to the user internalUser2276
18:38:18.204 [pool-2-thread-1] INFO com.openclassrooms.tourguide.service.TourGuideService -- Adding the current location to the user internalUser2275
18:38:18.276 [pool-2-thread-1] INFO com.openclassrooms.tourguide.service.TourGuideService -- Adding the current location to the user internalUser2274
18:38:18.359 [pool-2-thread-1] INFO com.openclassrooms.tourguide.service.TourGuideService -- Adding the current location to the user internalUser2273
18:38:18.455 [pool-2-thread-1] INFO com.openclassrooms.tourguide.service.TourGuideService -- Adding the current location to the user internalUser2272
18:38:18.543 [pool-2-thread-1] INFO com.openclassrooms.tourguide.service.TourGuideService -- Adding the current location to the user internalUser2271
18:38:18.578 [pool-2-thread-1] INFO com.openclassrooms.tourguide.service.TourGuideService -- Adding the current location to the user internalUser2270
18:38:18.644 [pool-2-thread-1] INFO com.openclassrooms.tourguide.service.TourGuideService -- Adding the current location to the user internalUser842
18:38:18.715 [pool-2-thread-1] INFO com.openclassrooms.tourguide.service.TourGuideService -- Adding the current location to the user internalUser843
18:38:18.779 [pool-2-thread-1] INFO com.openclassrooms.tourguide.service.TourGuideService -- Adding the current location to the user internalUser840
18:38:18.823 [pool-2-thread-1] INFO com.openclassrooms.tourguide.service.TourGuideService -- Adding the current location to the user internalUser841
18:38:18.921 [pool-2-thread-1] INFO com.openclassrooms.tourguide.service.TourGuideService -- Adding the current location to the user internalUser2279
18:38:18.988 [pool-2-thread-1] INFO com.openclassrooms.tourguide.service.TourGuideService -- Adding the current location to the user internalUser2278
18:38:19.056 [pool-2-thread-1] INFO com.openclassrooms.tourguide.service.TourGuideService -- Adding the current location to the user internalUser2277
18:38:19.152 [pool-2-thread-1] INFO com.openclassrooms.tourguide.service.TourGuideService -- Adding the current location to the user internalUser848
18:38:19.221 [pool-2-thread-1] INFO com.openclassrooms.tourguide.service.TourGuideService -- Adding the current location to the user internalUser849
18:38:19.321 [pool-2-thread-1] INFO com.openclassrooms.tourguide.service.TourGuideService -- Adding the current location to the user internalUser846
18:38:19.416 [pool-2-thread-1] INFO com.openclassrooms.tourguide.service.TourGuideService -- Adding the current location to the user internalUser847
18:38:19.502 [pool-2-thread-1] INFO com.openclassrooms.tourguide.service.TourGuideService -- Adding the current location to the user internalUser844
18:38:19.600 [pool-2-thread-1] INFO com.openclassrooms.tourguide.service.TourGuideService -- Adding the current location to the user internalUser845
18:38:19.687 [pool-2-thread-1] INFO com.openclassrooms.tourguide.service.TourGuideService -- Adding the current location to the user internalUser2287
18:38:19.730 [pool-2-thread-1] INFO com.openclassrooms.tourguide.service.TourGuideService -- Adding the current location to the user internalUser2286
18:38:19.792 [pool-2-thread-1] INFO com.openclassrooms.tourguide.service.TourGuideService -- Adding the current location to the user internalUser2285
18:38:19.880 [pool-2-thread-1] INFO com.openclassrooms.tourguide.service.TourGuideService -- Adding the current location to the user internalUser2284
18:38:19.979 [pool-2-thread-1] INFO com.openclassrooms.tourguide.service.TourGuideService -- Adding the current location to the user internalUser2283
18:38:20.019 [pool-2-thread-1] INFO com.openclassrooms.tourguide.service.TourGuideService -- Adding the current location to the user internalUser2282
18:38:20.108 [pool-2-thread-1] INFO com.openclassrooms.tourguide.service.TourGuideService -- Adding the current location to the user internalUser2281
18:38:20.179 [pool-2-thread-1] INFO com.openclassrooms.tourguide.service.TourGuideService -- Adding the current location to the user internalUser2280
18:38:20.224 [pool-2-thread-1] INFO com.openclassrooms.tourguide.service.TourGuideService -- Adding the current location to the user internalUser853
18:38:20.319 [pool-2-thread-1] INFO com.openclassrooms.tourguide.service.TourGuideService -- Adding the current location to the user internalUser854
18:38:20.399 [pool-2-thread-1] INFO com.openclassrooms.tourguide.service.TourGuideService -- Adding the current location to the user internalUser851
18:38:20.445 [pool-2-thread-1] INFO com.openclassrooms.tourguide.service.TourGuideService -- Adding the current location to the user internalUser852
18:38:20.527 [pool-2-thread-1] INFO com.openclassrooms.tourguide.service.TourGuideService -- Adding the current location to the user internalUser850
18:38:20.616 [pool-2-thread-1] INFO com.openclassrooms.tourguide.service.TourGuideService -- Adding the current location to the user internalUser2289
18:38:20.677 [pool-2-thread-1] INFO com.openclassrooms.tourguide.service.TourGuideService -- Adding the current location to the user internalUser2288
18:38:20.773 [pool-2-thread-1] INFO com.openclassrooms.tourguide.service.TourGuideService -- Adding the current location to the user internalUser859
18:38:20.858 [pool-2-thread-1] INFO com.openclassrooms.tourguide.service.TourGuideService -- Adding the current location to the user internalUser857
18:38:20.945 [pool-2-thread-1] INFO com.openclassrooms.tourguide.service.TourGuideService -- Adding the current location to the user internalUser858
18:38:21.015 [pool-2-thread-1] INFO com.openclassrooms.tourguide.service.TourGuideService -- Adding the current location to the user internalUser855
18:38:21.110 [pool-2-thread-1] INFO com.openclassrooms.tourguide.service.TourGuideService -- Adding the current location to the user internalUser856
18:38:21.174 [pool-2-thread-1] INFO com.openclassrooms.tourguide.service.TourGuideService -- Adding the current location to the user internalUser2290
18:38:21.235 [pool-2-thread-1] INFO com.openclassrooms.tourguide.service.TourGuideService -- Adding the current location to the user internalUser2254
18:38:21.321 [pool-2-thread-1] INFO com.openclassrooms.tourguide.service.TourGuideService -- Adding the current location to the user internalUser3586
18:38:21.378 [pool-2-thread-1] INFO com.openclassrooms.tourguide.service.TourGuideService -- Adding the current location to the user internalUser2253
18:38:21.442 [pool-2-thread-1] INFO com.openclassrooms.tourguide.service.TourGuideService -- Adding the current location to the user internalUser3587
18:38:21.532 [pool-2-thread-1] INFO com.openclassrooms.tourguide.service.TourGuideService -- Adding the current location to the user internalUser2252
18:38:21.611 [pool-2-thread-1] INFO com.openclassrooms.tourguide.service.TourGuideService -- Adding the current location to the user internalUser3588
18:38:21.646 [pool-2-thread-1] INFO com.openclassrooms.tourguide.service.TourGuideService -- Adding the current location to the user internalUser2251
18:38:21.696 [pool-2-thread-1] INFO com.openclassrooms.tourguide.service.TourGuideService -- Adding the current location to the user internalUser3589
18:38:21.772 [pool-2-thread-1] INFO com.openclassrooms.tourguide.service.TourGuideService -- Adding the current location to the user internalUser2250
18:38:21.860 [pool-2-thread-1] INFO com.openclassrooms.tourguide.service.TourGuideService -- Adding the current location to the user internalUser864
18:38:21.957 [pool-2-thread-1] INFO com.openclassrooms.tourguide.service.TourGuideService -- Adding the current location to the user internalUser865
18:38:21.997 [pool-2-thread-1] INFO com.openclassrooms.tourguide.service.TourGuideService -- Adding the current location to the user internalUser862
18:38:22.082 [pool-2-thread-1] INFO com.openclassrooms.tourguide.service.TourGuideService -- Adding the current location to the user internalUser3580
18:38:22.156 [pool-2-thread-1] INFO com.openclassrooms.tourguide.service.TourGuideService -- Adding the current location to the user internalUser863
18:38:22.209 [pool-2-thread-1] INFO com.openclassrooms.tourguide.service.TourGuideService -- Adding the current location to the user internalUser2259
18:38:22.260 [pool-2-thread-1] INFO com.openclassrooms.tourguide.service.TourGuideService -- Adding the current location to the user internalUser3581
18:38:22.307 [pool-2-thread-1] INFO com.openclassrooms.tourguide.service.TourGuideService -- Adding the current location to the user internalUser860
18:38:22.343 [pool-2-thread-1] INFO com.openclassrooms.tourguide.service.TourGuideService -- Adding the current location to the user internalUser2258
18:38:22.388 [pool-2-thread-1] INFO com.openclassrooms.tourguide.service.TourGuideService -- Adding the current location to the user internalUser3582
18:38:22.426 [pool-2-thread-1] INFO com.openclassrooms.tourguide.service.TourGuideService -- Adding the current location to the user internalUser19
18:38:22.478 [pool-2-thread-1] INFO com.openclassrooms.tourguide.service.TourGuideService -- Adding the current location to the user internalUser861
18:38:22.563 [pool-2-thread-1] INFO com.openclassrooms.tourguide.service.TourGuideService -- Adding the current location to the user internalUser2257
18:38:22.619 [pool-2-thread-1] INFO com.openclassrooms.tourguide.service.TourGuideService -- Adding the current location to the user internalUser3583
18:38:22.686 [pool-2-thread-1] INFO com.openclassrooms.tourguide.service.TourGuideService -- Adding the current location to the user internalUser2256
18:38:22.732 [pool-2-thread-1] INFO com.openclassrooms.tourguide.service.TourGuideService -- Adding the current location to the user internalUser3584
18:38:22.772 [pool-2-thread-1] INFO com.openclassrooms.tourguide.service.TourGuideService -- Adding the current location to the user internalUser2255
18:38:22.802 [pool-2-thread-1] INFO com.openclassrooms.tourguide.service.TourGuideService -- Adding the current location to the user internalUser3585
18:38:22.895 [pool-2-thread-1] INFO com.openclassrooms.tourguide.service.TourGuideService -- Adding the current location to the user internalUser16
18:38:22.988 [pool-2-thread-1] INFO com.openclassrooms.tourguide.service.TourGuideService -- Adding the current location to the user internalUser15
18:38:23.087 [pool-2-thread-1] INFO com.openclassrooms.tourguide.service.TourGuideService -- Adding the current location to the user internalUser18
18:38:23.170 [pool-2-thread-1] INFO com.openclassrooms.tourguide.service.TourGuideService -- Adding the current location to the user internalUser17
18:38:23.264 [pool-2-thread-1] INFO com.openclassrooms.tourguide.service.TourGuideService -- Adding the current location to the user internalUser12
18:38:23.330 [pool-2-thread-1] INFO com.openclassrooms.tourguide.service.TourGuideService -- Adding the current location to the user internalUser868
18:38:23.377 [pool-2-thread-1] INFO com.openclassrooms.tourguide.service.TourGuideService -- Adding the current location to the user internalUser11
18:38:23.422 [pool-2-thread-1] INFO com.openclassrooms.tourguide.service.TourGuideService -- Adding the current location to the user internalUser869
18:38:23.509 [pool-2-thread-1] INFO com.openclassrooms.tourguide.service.TourGuideService -- Adding the current location to the user internalUser14
18:38:23.607 [pool-2-thread-1] INFO com.openclassrooms.tourguide.service.TourGuideService -- Adding the current location to the user internalUser866
18:38:23.701 [pool-2-thread-1] INFO com.openclassrooms.tourguide.service.TourGuideService -- Adding the current location to the user internalUser13
18:38:23.765 [pool-2-thread-1] INFO com.openclassrooms.tourguide.service.TourGuideService -- Adding the current location to the user internalUser867
18:38:23.807 [pool-2-thread-1] INFO com.openclassrooms.tourguide.service.TourGuideService -- Adding the current location to the user internalUser10
18:38:23.851 [pool-2-thread-1] INFO com.openclassrooms.tourguide.service.TourGuideService -- Adding the current location to the user internalUser2265
18:38:23.884 [pool-2-thread-1] INFO com.openclassrooms.tourguide.service.TourGuideService -- Adding the current location to the user internalUser3597
18:38:23.923 [pool-2-thread-1] INFO com.openclassrooms.tourguide.service.TourGuideService -- Adding the current location to the user internalUser2264
18:38:23.992 [pool-2-thread-1] INFO com.openclassrooms.tourguide.service.TourGuideService -- Adding the current location to the user internalUser3598
18:38:24.062 [pool-2-thread-1] INFO com.openclassrooms.tourguide.service.TourGuideService -- Adding the current location to the user internalUser2263
18:38:24.157 [pool-2-thread-1] INFO com.openclassrooms.tourguide.service.TourGuideService -- Adding the current location to the user internalUser3599
18:38:24.256 [pool-2-thread-1] INFO com.openclassrooms.tourguide.service.TourGuideService -- Adding the current location to the user internalUser2262
18:38:24.332 [pool-2-thread-1] INFO com.openclassrooms.tourguide.service.TourGuideService -- Adding the current location to the user internalUser2261
18:38:24.378 [pool-2-thread-1] INFO com.openclassrooms.tourguide.service.TourGuideService -- Adding the current location to the user internalUser2260
18:38:24.468 [pool-2-thread-1] INFO com.openclassrooms.tourguide.service.TourGuideService -- Adding the current location to the user internalUser875
18:38:24.510 [pool-2-thread-1] INFO com.openclassrooms.tourguide.service.TourGuideService -- Adding the current location to the user internalUser876
18:38:24.610 [pool-2-thread-1] INFO com.openclassrooms.tourguide.service.TourGuideService -- Adding the current location to the user internalUser3590
18:38:24.694 [pool-2-thread-1] INFO com.openclassrooms.tourguide.service.TourGuideService -- Adding the current location to the user internalUser873
18:38:24.792 [pool-2-thread-1] INFO com.openclassrooms.tourguide.service.TourGuideService -- Adding the current location to the user internalUser3591
18:38:24.842 [pool-2-thread-1] INFO com.openclassrooms.tourguide.service.TourGuideService -- Adding the current location to the user internalUser874
18:38:24.891 [pool-2-thread-1] INFO com.openclassrooms.tourguide.service.TourGuideService -- Adding the current location to the user internalUser3592
18:38:24.925 [pool-2-thread-1] INFO com.openclassrooms.tourguide.service.TourGuideService -- Adding the current location to the user internalUser871
18:38:24.980 [pool-2-thread-1] INFO com.openclassrooms.tourguide.service.TourGuideService -- Adding the current location to the user internalUser2269
18:38:25.036 [pool-2-thread-1] INFO com.openclassrooms.tourguide.service.TourGuideService -- Adding the current location to the user internalUser3593
18:38:25.094 [pool-2-thread-1] INFO com.openclassrooms.tourguide.service.TourGuideService -- Adding the current location to the user internalUser872
18:38:25.149 [pool-2-thread-1] INFO com.openclassrooms.tourguide.service.TourGuideService -- Adding the current location to the user internalUser2268
18:38:25.203 [pool-2-thread-1] INFO com.openclassrooms.tourguide.service.TourGuideService -- Adding the current location to the user internalUser3594
18:38:25.297 [pool-2-thread-1] INFO com.openclassrooms.tourguide.service.TourGuideService -- Adding the current location to the user internalUser2267
18:38:25.344 [pool-2-thread-1] INFO com.openclassrooms.tourguide.service.TourGuideService -- Adding the current location to the user internalUser3595
18:38:25.407 [pool-2-thread-1] INFO com.openclassrooms.tourguide.service.TourGuideService -- Adding the current location to the user internalUser870
18:38:25.473 [pool-2-thread-1] INFO com.openclassrooms.tourguide.service.TourGuideService -- Adding the current location to the user internalUser2266
18:38:25.538 [pool-2-thread-1] INFO com.openclassrooms.tourguide.service.TourGuideService -- Adding the current location to the user internalUser3596
18:38:25.591 [pool-2-thread-1] INFO com.openclassrooms.tourguide.service.TourGuideService -- Adding the current location to the user internalUser27
18:38:25.646 [pool-2-thread-1] INFO com.openclassrooms.tourguide.service.TourGuideService -- Adding the current location to the user internalUser26
18:38:25.704 [pool-2-thread-1] INFO com.openclassrooms.tourguide.service.TourGuideService -- Adding the current location to the user internalUser29
18:38:25.735 [pool-2-thread-1] INFO com.openclassrooms.tourguide.service.TourGuideService -- Adding the current location to the user internalUser28
18:38:25.795 [pool-2-thread-1] INFO com.openclassrooms.tourguide.service.TourGuideService -- Adding the current location to the user internalUser23
18:38:25.867 [pool-2-thread-1] INFO com.openclassrooms.tourguide.service.TourGuideService -- Adding the current location to the user internalUser879
18:38:25.965 [pool-2-thread-1] INFO com.openclassrooms.tourguide.service.TourGuideService -- Adding the current location to the user internalUser22
18:38:26.037 [pool-2-thread-1] INFO com.openclassrooms.tourguide.service.TourGuideService -- Adding the current location to the user internalUser25
18:38:26.131 [pool-2-thread-1] INFO com.openclassrooms.tourguide.service.TourGuideService -- Adding the current location to the user internalUser877
18:38:26.182 [pool-2-thread-1] INFO com.openclassrooms.tourguide.service.TourGuideService -- Adding the current location to the user internalUser24
18:38:26.267 [pool-2-thread-1] INFO com.openclassrooms.tourguide.service.TourGuideService -- Adding the current location to the user internalUser878
18:38:26.365 [pool-2-thread-1] INFO com.openclassrooms.tourguide.service.TourGuideService -- Adding the current location to the user internalUser21
18:38:26.457 [pool-2-thread-1] INFO com.openclassrooms.tourguide.service.TourGuideService -- Adding the current location to the user internalUser20
18:38:26.548 [pool-2-thread-1] INFO com.openclassrooms.tourguide.service.TourGuideService -- Adding the current location to the user internalUser4015
18:38:26.621 [pool-2-thread-1] INFO com.openclassrooms.tourguide.service.TourGuideService -- Adding the current location to the user internalUser4016
18:38:26.663 [pool-2-thread-1] INFO com.openclassrooms.tourguide.service.TourGuideService -- Adding the current location to the user internalUser4017
18:38:26.753 [pool-2-thread-1] INFO com.openclassrooms.tourguide.service.TourGuideService -- Adding the current location to the user internalUser4018
18:38:26.785 [pool-2-thread-1] INFO com.openclassrooms.tourguide.service.TourGuideService -- Adding the current location to the user internalUser4019
18:38:26.831 [pool-2-thread-1] INFO com.openclassrooms.tourguide.service.TourGuideService -- Adding the current location to the user internalUser4010
18:38:26.865 [pool-2-thread-1] INFO com.openclassrooms.tourguide.service.TourGuideService -- Adding the current location to the user internalUser4011
18:38:26.933 [pool-2-thread-1] INFO com.openclassrooms.tourguide.service.TourGuideService -- Adding the current location to the user internalUser4012
18:38:26.982 [pool-2-thread-1] INFO com.openclassrooms.tourguide.service.TourGuideService -- Adding the current location to the user internalUser4013
18:38:27.078 [pool-2-thread-1] INFO com.openclassrooms.tourguide.service.TourGuideService -- Adding the current location to the user internalUser4014
18:38:27.150 [pool-2-thread-1] INFO com.openclassrooms.tourguide.service.TourGuideService -- Adding the current location to the user internalUser38
18:38:27.202 [pool-2-thread-1] INFO com.openclassrooms.tourguide.service.TourGuideService -- Adding the current location to the user internalUser806
18:38:27.271 [pool-2-thread-1] INFO com.openclassrooms.tourguide.service.TourGuideService -- Adding the current location to the user internalUser37
18:38:27.317 [pool-2-thread-1] INFO com.openclassrooms.tourguide.service.TourGuideService -- Adding the current location to the user internalUser807
18:38:27.357 [pool-2-thread-1] INFO com.openclassrooms.tourguide.service.TourGuideService -- Adding the current location to the user internalUser804
18:38:27.426 [pool-2-thread-1] INFO com.openclassrooms.tourguide.service.TourGuideService -- Adding the current location to the user internalUser39
18:38:27.525 [pool-2-thread-1] INFO com.openclassrooms.tourguide.service.TourGuideService -- Adding the current location to the user internalUser805
18:38:27.570 [pool-2-thread-1] INFO com.openclassrooms.tourguide.service.TourGuideService -- Adding the current location to the user internalUser34
18:38:27.628 [pool-2-thread-1] INFO com.openclassrooms.tourguide.service.TourGuideService -- Adding the current location to the user internalUser802
18:38:27.702 [pool-2-thread-1] INFO com.openclassrooms.tourguide.service.TourGuideService -- Adding the current location to the user internalUser33
18:38:27.757 [pool-2-thread-1] INFO com.openclassrooms.tourguide.service.TourGuideService -- Adding the current location to the user internalUser803
18:38:27.809 [pool-2-thread-1] INFO com.openclassrooms.tourguide.service.TourGuideService -- Adding the current location to the user internalUser36
18:38:27.855 [pool-2-thread-1] INFO com.openclassrooms.tourguide.service.TourGuideService -- Adding the current location to the user internalUser800
18:38:27.895 [pool-2-thread-1] INFO com.openclassrooms.tourguide.service.TourGuideService -- Adding the current location to the user internalUser35
18:38:27.982 [pool-2-thread-1] INFO com.openclassrooms.tourguide.service.TourGuideService -- Adding the current location to the user internalUser801
18:38:28.055 [pool-2-thread-1] INFO com.openclassrooms.tourguide.service.TourGuideService -- Adding the current location to the user internalUser30
18:38:28.144 [pool-2-thread-1] INFO com.openclassrooms.tourguide.service.TourGuideService -- Adding the current location to the user internalUser32
18:38:28.187 [pool-2-thread-1] INFO com.openclassrooms.tourguide.service.TourGuideService -- Adding the current location to the user internalUser31
18:38:28.256 [pool-2-thread-1] INFO com.openclassrooms.tourguide.service.TourGuideService -- Adding the current location to the user internalUser808
18:38:28.336 [pool-2-thread-1] INFO com.openclassrooms.tourguide.service.TourGuideService -- Adding the current location to the user internalUser809
18:38:28.368 [pool-2-thread-1] INFO com.openclassrooms.tourguide.service.TourGuideService -- Adding the current location to the user internalUser4026
18:38:28.467 [pool-2-thread-1] INFO com.openclassrooms.tourguide.service.TourGuideService -- Adding the current location to the user internalUser4027
18:38:28.565 [pool-2-thread-1] INFO com.openclassrooms.tourguide.service.TourGuideService -- Adding the current location to the user internalUser4028
18:38:28.650 [pool-2-thread-1] INFO com.openclassrooms.tourguide.service.TourGuideService -- Adding the current location to the user internalUser4029
18:38:28.746 [pool-2-thread-1] INFO com.openclassrooms.tourguide.service.TourGuideService -- Adding the current location to the user internalUser810
18:38:28.828 [pool-2-thread-1] INFO com.openclassrooms.tourguide.service.TourGuideService -- Adding the current location to the user internalUser4020
18:38:28.910 [pool-2-thread-1] INFO com.openclassrooms.tourguide.service.TourGuideService -- Adding the current location to the user internalUser4021
18:38:28.964 [pool-2-thread-1] INFO com.openclassrooms.tourguide.service.TourGuideService -- Adding the current location to the user internalUser4022
18:38:29.008 [pool-2-thread-1] INFO com.openclassrooms.tourguide.service.TourGuideService -- Adding the current location to the user internalUser4023
18:38:29.072 [pool-2-thread-1] INFO com.openclassrooms.tourguide.service.TourGuideService -- Adding the current location to the user internalUser4024
18:38:29.145 [pool-2-thread-1] INFO com.openclassrooms.tourguide.service.TourGuideService -- Adding the current location to the user internalUser4025
18:38:29.206 [pool-2-thread-1] INFO com.openclassrooms.tourguide.service.TourGuideService -- Adding the current location to the user internalUser49
18:38:29.283 [pool-2-thread-1] INFO com.openclassrooms.tourguide.service.TourGuideService -- Adding the current location to the user internalUser817
18:38:29.349 [pool-2-thread-1] INFO com.openclassrooms.tourguide.service.TourGuideService -- Adding the current location to the user internalUser48
18:38:29.393 [pool-2-thread-1] INFO com.openclassrooms.tourguide.service.TourGuideService -- Adding the current location to the user internalUser818
18:38:29.427 [pool-2-thread-1] INFO com.openclassrooms.tourguide.service.TourGuideService -- Adding the current location to the user internalUser815
18:38:29.521 [pool-2-thread-1] INFO com.openclassrooms.tourguide.service.TourGuideService -- Adding the current location to the user internalUser816
18:38:29.589 [pool-2-thread-1] INFO com.openclassrooms.tourguide.service.TourGuideService -- Adding the current location to the user internalUser45
18:38:29.666 [pool-2-thread-1] INFO com.openclassrooms.tourguide.service.TourGuideService -- Adding the current location to the user internalUser813
18:38:29.759 [pool-2-thread-1] INFO com.openclassrooms.tourguide.service.TourGuideService -- Adding the current location to the user internalUser44
18:38:29.794 [pool-2-thread-1] INFO com.openclassrooms.tourguide.service.TourGuideService -- Adding the current location to the user internalUser814
18:38:29.826 [pool-2-thread-1] INFO com.openclassrooms.tourguide.service.TourGuideService -- Adding the current location to the user internalUser47
18:38:29.898 [pool-2-thread-1] INFO com.openclassrooms.tourguide.service.TourGuideService -- Adding the current location to the user internalUser811
18:38:29.937 [pool-2-thread-1] INFO com.openclassrooms.tourguide.service.TourGuideService -- Adding the current location to the user internalUser46
18:38:29.997 [pool-2-thread-1] INFO com.openclassrooms.tourguide.service.TourGuideService -- Adding the current location to the user internalUser812
18:38:30.076 [pool-2-thread-1] INFO com.openclassrooms.tourguide.service.TourGuideService -- Adding the current location to the user internalUser41
18:38:30.174 [pool-2-thread-1] INFO com.openclassrooms.tourguide.service.TourGuideService -- Adding the current location to the user internalUser40
18:38:30.234 [pool-2-thread-1] INFO com.openclassrooms.tourguide.service.TourGuideService -- Adding the current location to the user internalUser43
18:38:30.332 [pool-2-thread-1] INFO com.openclassrooms.tourguide.service.TourGuideService -- Adding the current location to the user internalUser42
18:38:30.399 [pool-2-thread-1] INFO com.openclassrooms.tourguide.service.TourGuideService -- Adding the current location to the user internalUser819
18:38:30.473 [pool-2-thread-1] INFO com.openclassrooms.tourguide.service.TourGuideService -- Adding the current location to the user internalUser2298
18:38:30.525 [pool-2-thread-1] INFO com.openclassrooms.tourguide.service.TourGuideService -- Adding the current location to the user internalUser2297
18:38:30.618 [pool-2-thread-1] INFO com.openclassrooms.tourguide.service.TourGuideService -- Adding the current location to the user internalUser2296
18:38:30.699 [pool-2-thread-1] INFO com.openclassrooms.tourguide.service.TourGuideService -- Adding the current location to the user internalUser2295
18:38:30.771 [pool-2-thread-1] INFO com.openclassrooms.tourguide.service.TourGuideService -- Adding the current location to the user internalUser2294
18:38:30.861 [pool-2-thread-1] INFO com.openclassrooms.tourguide.service.TourGuideService -- Adding the current location to the user internalUser2293
18:38:30.924 [pool-2-thread-1] INFO com.openclassrooms.tourguide.service.TourGuideService -- Adding the current location to the user internalUser2292
18:38:30.984 [pool-2-thread-1] INFO com.openclassrooms.tourguide.service.TourGuideService -- Adding the current location to the user internalUser2291
18:38:31.057 [pool-2-thread-1] INFO com.openclassrooms.tourguide.service.TourGuideService -- Adding the current location to the user internalUser820
18:38:31.102 [pool-2-thread-1] INFO com.openclassrooms.tourguide.service.TourGuideService -- Adding the current location to the user internalUser821
18:38:31.136 [pool-2-thread-1] INFO com.openclassrooms.tourguide.service.TourGuideService -- Adding the current location to the user internalUser2299
18:38:31.191 [pool-2-thread-1] INFO com.openclassrooms.tourguide.service.TourGuideService -- Adding the current location to the user internalUser828
18:38:31.252 [pool-2-thread-1] INFO com.openclassrooms.tourguide.service.TourGuideService -- Adding the current location to the user internalUser59
18:38:31.288 [pool-2-thread-1] INFO com.openclassrooms.tourguide.service.TourGuideService -- Adding the current location to the user internalUser829
18:38:31.368 [pool-2-thread-1] INFO com.openclassrooms.tourguide.service.TourGuideService -- Adding the current location to the user internalUser826
18:38:31.406 [pool-2-thread-1] INFO com.openclassrooms.tourguide.service.TourGuideService -- Adding the current location to the user internalUser827
18:38:31.488 [pool-2-thread-1] INFO com.openclassrooms.tourguide.service.TourGuideService -- Adding the current location to the user internalUser56
18:38:31.541 [pool-2-thread-1] INFO com.openclassrooms.tourguide.service.TourGuideService -- Adding the current location to the user internalUser824
18:38:31.587 [pool-2-thread-1] INFO com.openclassrooms.tourguide.service.TourGuideService -- Adding the current location to the user internalUser55
18:38:31.640 [pool-2-thread-1] INFO com.openclassrooms.tourguide.service.TourGuideService -- Adding the current location to the user internalUser825
18:38:31.723 [pool-2-thread-1] INFO com.openclassrooms.tourguide.service.TourGuideService -- Adding the current location to the user internalUser58
18:38:31.777 [pool-2-thread-1] INFO com.openclassrooms.tourguide.service.TourGuideService -- Adding the current location to the user internalUser822
18:38:31.860 [pool-2-thread-1] INFO com.openclassrooms.tourguide.service.TourGuideService -- Adding the current location to the user internalUser57
18:38:31.949 [pool-2-thread-1] INFO com.openclassrooms.tourguide.service.TourGuideService -- Adding the current location to the user internalUser823
18:38:31.998 [pool-2-thread-1] INFO com.openclassrooms.tourguide.service.TourGuideService -- Adding the current location to the user internalUser52
18:38:32.056 [pool-2-thread-1] INFO com.openclassrooms.tourguide.service.TourGuideService -- Adding the current location to the user internalUser51
18:38:32.155 [pool-2-thread-1] INFO com.openclassrooms.tourguide.service.TourGuideService -- Adding the current location to the user internalUser54
18:38:32.194 [pool-2-thread-1] INFO com.openclassrooms.tourguide.service.TourGuideService -- Adding the current location to the user internalUser53
18:38:32.227 [pool-2-thread-1] INFO com.openclassrooms.tourguide.service.TourGuideService -- Adding the current location to the user internalUser50
18:38:32.273 [pool-2-thread-1] INFO com.openclassrooms.tourguide.service.TourGuideService -- Adding the current location to the user internalUser4004
18:38:32.328 [pool-2-thread-1] INFO com.openclassrooms.tourguide.service.TourGuideService -- Adding the current location to the user internalUser4005
18:38:32.423 [pool-2-thread-1] INFO com.openclassrooms.tourguide.service.TourGuideService -- Adding the current location to the user internalUser4006
18:38:32.469 [pool-2-thread-1] INFO com.openclassrooms.tourguide.service.TourGuideService -- Adding the current location to the user internalUser4007
18:38:32.526 [pool-2-thread-1] INFO com.openclassrooms.tourguide.service.TourGuideService -- Adding the current location to the user internalUser4008
18:38:32.592 [pool-2-thread-1] INFO com.openclassrooms.tourguide.service.TourGuideService -- Adding the current location to the user internalUser4009
18:38:32.675 [pool-2-thread-1] INFO com.openclassrooms.tourguide.service.TourGuideService -- Adding the current location to the user internalUser831
18:38:32.747 [pool-2-thread-1] INFO com.openclassrooms.tourguide.service.TourGuideService -- Adding the current location to the user internalUser832
18:38:32.784 [pool-2-thread-1] INFO com.openclassrooms.tourguide.service.TourGuideService -- Adding the current location to the user internalUser830
18:38:32.850 [pool-2-thread-1] INFO com.openclassrooms.tourguide.service.TourGuideService -- Adding the current location to the user internalUser4000
18:38:32.885 [pool-2-thread-1] INFO com.openclassrooms.tourguide.service.TourGuideService -- Adding the current location to the user internalUser4001
18:38:32.970 [pool-2-thread-1] INFO com.openclassrooms.tourguide.service.TourGuideService -- Adding the current location to the user internalUser4002
18:38:33.021 [pool-2-thread-1] INFO com.openclassrooms.tourguide.service.TourGuideService -- Adding the current location to the user internalUser4003
18:38:33.087 [pool-2-thread-1] INFO com.openclassrooms.tourguide.service.TourGuideService -- Adding the current location to the user internalUser839
18:38:33.121 [pool-2-thread-1] INFO com.openclassrooms.tourguide.service.TourGuideService -- Adding the current location to the user internalUser837
18:38:33.198 [pool-2-thread-1] INFO com.openclassrooms.tourguide.service.TourGuideService -- Adding the current location to the user internalUser838
18:38:33.281 [pool-2-thread-1] INFO com.openclassrooms.tourguide.service.TourGuideService -- Adding the current location to the user internalUser67
18:38:33.362 [pool-2-thread-1] INFO com.openclassrooms.tourguide.service.TourGuideService -- Adding the current location to the user internalUser835
18:38:33.413 [pool-2-thread-1] INFO com.openclassrooms.tourguide.service.TourGuideService -- Adding the current location to the user internalUser66
18:38:33.498 [pool-2-thread-1] INFO com.openclassrooms.tourguide.service.TourGuideService -- Adding the current location to the user internalUser836
18:38:33.578 [pool-2-thread-1] INFO com.openclassrooms.tourguide.service.TourGuideService -- Adding the current location to the user internalUser69
18:38:33.643 [pool-2-thread-1] INFO com.openclassrooms.tourguide.service.TourGuideService -- Adding the current location to the user internalUser833
18:38:33.689 [pool-2-thread-1] INFO com.openclassrooms.tourguide.service.TourGuideService -- Adding the current location to the user internalUser68
18:38:33.784 [pool-2-thread-1] INFO com.openclassrooms.tourguide.service.TourGuideService -- Adding the current location to the user internalUser834
18:38:33.850 [pool-2-thread-1] INFO com.openclassrooms.tourguide.service.TourGuideService -- Adding the current location to the user internalUser63
18:38:33.901 [pool-2-thread-1] INFO com.openclassrooms.tourguide.service.TourGuideService -- Adding the current location to the user internalUser62
18:38:33.974 [pool-2-thread-1] INFO com.openclassrooms.tourguide.service.TourGuideService -- Adding the current location to the user internalUser65
18:38:34.067 [pool-2-thread-1] INFO com.openclassrooms.tourguide.service.TourGuideService -- Adding the current location to the user internalUser64
18:38:34.117 [pool-2-thread-1] INFO com.openclassrooms.tourguide.service.TourGuideService -- Adding the current location to the user internalUser61
18:38:34.164 [pool-2-thread-1] INFO com.openclassrooms.tourguide.service.TourGuideService -- Adding the current location to the user internalUser60
18:38:34.201 [pool-2-thread-1] INFO com.openclassrooms.tourguide.service.TourGuideService -- Adding the current location to the user internalUser3520
18:38:34.293 [pool-2-thread-1] INFO com.openclassrooms.tourguide.service.TourGuideService -- Adding the current location to the user internalUser4851
18:38:34.366 [pool-2-thread-1] INFO com.openclassrooms.tourguide.service.TourGuideService -- Adding the current location to the user internalUser3521
18:38:34.403 [pool-2-thread-1] INFO com.openclassrooms.tourguide.service.TourGuideService -- Adding the current location to the user internalUser4852
18:38:34.465 [pool-2-thread-1] INFO com.openclassrooms.tourguide.service.TourGuideService -- Adding the current location to the user internalUser3522
18:38:34.503 [pool-2-thread-1] INFO com.openclassrooms.tourguide.service.TourGuideService -- Adding the current location to the user internalUser4853
18:38:34.562 [pool-2-thread-1] INFO com.openclassrooms.tourguide.service.TourGuideService -- Adding the current location to the user internalUser3523
18:38:34.612 [pool-2-thread-1] INFO com.openclassrooms.tourguide.service.TourGuideService -- Adding the current location to the user internalUser4854
18:38:34.650 [pool-2-thread-1] INFO com.openclassrooms.tourguide.service.TourGuideService -- Adding the current location to the user internalUser3524
18:38:34.750 [pool-2-thread-1] INFO com.openclassrooms.tourguide.service.TourGuideService -- Adding the current location to the user internalUser4855
18:38:34.838 [pool-2-thread-1] INFO com.openclassrooms.tourguide.service.TourGuideService -- Adding the current location to the user internalUser3525
18:38:34.899 [pool-2-thread-1] INFO com.openclassrooms.tourguide.service.TourGuideService -- Adding the current location to the user internalUser4856
18:38:34.966 [pool-2-thread-1] INFO com.openclassrooms.tourguide.service.TourGuideService -- Adding the current location to the user internalUser3526
18:38:35.048 [pool-2-thread-1] INFO com.openclassrooms.tourguide.service.TourGuideService -- Adding the current location to the user internalUser4857
18:38:35.126 [pool-2-thread-1] INFO com.openclassrooms.tourguide.service.TourGuideService -- Adding the current location to the user internalUser3527
18:38:35.204 [pool-2-thread-1] INFO com.openclassrooms.tourguide.service.TourGuideService -- Adding the current location to the user internalUser4858
18:38:35.268 [pool-2-thread-1] INFO com.openclassrooms.tourguide.service.TourGuideService -- Adding the current location to the user internalUser4850
18:38:35.306 [pool-2-thread-1] INFO com.openclassrooms.tourguide.service.TourGuideService -- Adding the current location to the user internalUser78
18:38:35.372 [pool-2-thread-1] INFO com.openclassrooms.tourguide.service.TourGuideService -- Adding the current location to the user internalUser77
18:38:35.466 [pool-2-thread-1] INFO com.openclassrooms.tourguide.service.TourGuideService -- Adding the current location to the user internalUser79
18:38:35.556 [pool-2-thread-1] INFO com.openclassrooms.tourguide.service.TourGuideService -- Adding the current location to the user internalUser74
18:38:35.646 [pool-2-thread-1] INFO com.openclassrooms.tourguide.service.TourGuideService -- Adding the current location to the user internalUser3528
18:38:35.720 [pool-2-thread-1] INFO com.openclassrooms.tourguide.service.TourGuideService -- Adding the current location to the user internalUser4859
18:38:35.779 [pool-2-thread-1] INFO com.openclassrooms.tourguide.service.TourGuideService -- Adding the current location to the user internalUser73
18:38:35.839 [pool-2-thread-1] INFO com.openclassrooms.tourguide.service.TourGuideService -- Adding the current location to the user internalUser3529
18:38:35.889 [pool-2-thread-1] INFO com.openclassrooms.tourguide.service.TourGuideService -- Adding the current location to the user internalUser76
18:38:35.966 [pool-2-thread-1] INFO com.openclassrooms.tourguide.service.TourGuideService -- Adding the current location to the user internalUser75
18:38:36.046 [pool-2-thread-1] INFO com.openclassrooms.tourguide.service.TourGuideService -- Adding the current location to the user internalUser70
18:38:36.115 [pool-2-thread-1] INFO com.openclassrooms.tourguide.service.TourGuideService -- Adding the current location to the user internalUser72
18:38:36.147 [pool-2-thread-1] INFO com.openclassrooms.tourguide.service.TourGuideService -- Adding the current location to the user internalUser71
18:38:36.239 [pool-2-thread-1] INFO com.openclassrooms.tourguide.service.TourGuideService -- Adding the current location to the user internalUser3531
18:38:36.309 [pool-2-thread-1] INFO com.openclassrooms.tourguide.service.TourGuideService -- Adding the current location to the user internalUser4862
18:38:36.348 [pool-2-thread-1] INFO com.openclassrooms.tourguide.service.TourGuideService -- Adding the current location to the user internalUser3532
18:38:36.389 [pool-2-thread-1] INFO com.openclassrooms.tourguide.service.TourGuideService -- Adding the current location to the user internalUser4863
18:38:36.468 [pool-2-thread-1] INFO com.openclassrooms.tourguide.service.TourGuideService -- Adding the current location to the user internalUser90
18:38:36.522 [pool-2-thread-1] INFO com.openclassrooms.tourguide.service.TourGuideService -- Adding the current location to the user internalUser3533
18:38:36.577 [pool-2-thread-1] INFO com.openclassrooms.tourguide.service.TourGuideService -- Adding the current location to the user internalUser4864
18:38:36.659 [pool-2-thread-1] INFO com.openclassrooms.tourguide.service.TourGuideService -- Adding the current location to the user internalUser3534
18:38:36.721 [pool-2-thread-1] INFO com.openclassrooms.tourguide.service.TourGuideService -- Adding the current location to the user internalUser4865
18:38:36.784 [pool-2-thread-1] INFO com.openclassrooms.tourguide.service.TourGuideService -- Adding the current location to the user internalUser3535
18:38:36.816 [pool-2-thread-1] INFO com.openclassrooms.tourguide.service.TourGuideService -- Adding the current location to the user internalUser4866
18:38:36.913 [pool-2-thread-1] INFO com.openclassrooms.tourguide.service.TourGuideService -- Adding the current location to the user internalUser3536
18:38:36.994 [pool-2-thread-1] INFO com.openclassrooms.tourguide.service.TourGuideService -- Adding the current location to the user internalUser4867
18:38:37.036 [pool-2-thread-1] INFO com.openclassrooms.tourguide.service.TourGuideService -- Adding the current location to the user internalUser3537
18:38:37.097 [pool-2-thread-1] INFO com.openclassrooms.tourguide.service.TourGuideService -- Adding the current location to the user internalUser4868
18:38:37.176 [pool-2-thread-1] INFO com.openclassrooms.tourguide.service.TourGuideService -- Adding the current location to the user internalUser3538
18:38:37.266 [pool-2-thread-1] INFO com.openclassrooms.tourguide.service.TourGuideService -- Adding the current location to the user internalUser4869
18:38:37.346 [pool-2-thread-1] INFO com.openclassrooms.tourguide.service.TourGuideService -- Adding the current location to the user internalUser2207
18:38:37.400 [pool-2-thread-1] INFO com.openclassrooms.tourguide.service.TourGuideService -- Adding the current location to the user internalUser2206
18:38:37.479 [pool-2-thread-1] INFO com.openclassrooms.tourguide.service.TourGuideService -- Adding the current location to the user internalUser2205
18:38:37.549 [pool-2-thread-1] INFO com.openclassrooms.tourguide.service.TourGuideService -- Adding the current location to the user internalUser2204
18:38:37.599 [pool-2-thread-1] INFO com.openclassrooms.tourguide.service.TourGuideService -- Adding the current location to the user internalUser2203
18:38:37.696 [pool-2-thread-1] INFO com.openclassrooms.tourguide.service.TourGuideService -- Adding the current location to the user internalUser2202
18:38:37.759 [pool-2-thread-1] INFO com.openclassrooms.tourguide.service.TourGuideService -- Adding the current location to the user internalUser2201
18:38:37.850 [pool-2-thread-1] INFO com.openclassrooms.tourguide.service.TourGuideService -- Adding the current location to the user internalUser4860
18:38:37.894 [pool-2-thread-1] INFO com.openclassrooms.tourguide.service.TourGuideService -- Adding the current location to the user internalUser2200
18:38:37.955 [pool-2-thread-1] INFO com.openclassrooms.tourguide.service.TourGuideService -- Adding the current location to the user internalUser3530
18:38:38.004 [pool-2-thread-1] INFO com.openclassrooms.tourguide.service.TourGuideService -- Adding the current location to the user internalUser4861
18:38:38.050 [pool-2-thread-1] INFO com.openclassrooms.tourguide.service.TourGuideService -- Adding the current location to the user internalUser89
18:38:38.101 [pool-2-thread-1] INFO com.openclassrooms.tourguide.service.TourGuideService -- Adding the current location to the user internalUser88
18:38:38.198 [pool-2-thread-1] INFO com.openclassrooms.tourguide.service.TourGuideService -- Adding the current location to the user internalUser2209
18:38:38.294 [pool-2-thread-1] INFO com.openclassrooms.tourguide.service.TourGuideService -- Adding the current location to the user internalUser2208
18:38:38.391 [pool-2-thread-1] INFO com.openclassrooms.tourguide.service.TourGuideService -- Adding the current location to the user internalUser85
18:38:38.452 [pool-2-thread-1] INFO com.openclassrooms.tourguide.service.TourGuideService -- Adding the current location to the user internalUser3539
18:38:38.516 [pool-2-thread-1] INFO com.openclassrooms.tourguide.service.TourGuideService -- Adding the current location to the user internalUser84
18:38:38.611 [pool-2-thread-1] INFO com.openclassrooms.tourguide.service.TourGuideService -- Adding the current location to the user internalUser87
18:38:38.651 [pool-2-thread-1] INFO com.openclassrooms.tourguide.service.TourGuideService -- Adding the current location to the user internalUser86
18:38:38.690 [pool-2-thread-1] INFO com.openclassrooms.tourguide.service.TourGuideService -- Adding the current location to the user internalUser81
18:38:38.777 [pool-2-thread-1] INFO com.openclassrooms.tourguide.service.TourGuideService -- Adding the current location to the user internalUser80
18:38:38.839 [pool-2-thread-1] INFO com.openclassrooms.tourguide.service.TourGuideService -- Adding the current location to the user internalUser83
18:38:38.869 [pool-2-thread-1] INFO com.openclassrooms.tourguide.service.TourGuideService -- Adding the current location to the user internalUser82
18:38:38.966 [pool-2-thread-1] INFO com.openclassrooms.tourguide.service.TourGuideService -- Adding the current location to the user internalUser4830
18:38:39.004 [pool-2-thread-1] INFO com.openclassrooms.tourguide.service.TourGuideService -- Adding the current location to the user internalUser3500
18:38:39.095 [pool-2-thread-1] INFO com.openclassrooms.tourguide.service.TourGuideService -- Adding the current location to the user internalUser4831
18:38:39.132 [pool-2-thread-1] INFO com.openclassrooms.tourguide.service.TourGuideService -- Adding the current location to the user internalUser3501
18:38:39.168 [pool-2-thread-1] INFO com.openclassrooms.tourguide.service.TourGuideService -- Adding the current location to the user internalUser4832
18:38:39.218 [pool-2-thread-1] INFO com.openclassrooms.tourguide.service.TourGuideService -- Adding the current location to the user internalUser3502
18:38:39.253 [pool-2-thread-1] INFO com.openclassrooms.tourguide.service.TourGuideService -- Adding the current location to the user internalUser4833
18:38:39.323 [pool-2-thread-1] INFO com.openclassrooms.tourguide.service.TourGuideService -- Adding the current location to the user internalUser3503
18:38:39.417 [pool-2-thread-1] INFO com.openclassrooms.tourguide.service.TourGuideService -- Adding the current location to the user internalUser4834
18:38:39.453 [pool-2-thread-1] INFO com.openclassrooms.tourguide.service.TourGuideService -- Adding the current location to the user internalUser3504
18:38:39.537 [pool-2-thread-1] INFO com.openclassrooms.tourguide.service.TourGuideService -- Adding the current location to the user internalUser4835
18:38:39.623 [pool-2-thread-1] INFO com.openclassrooms.tourguide.service.TourGuideService -- Adding the current location to the user internalUser3505
18:38:39.681 [pool-2-thread-1] INFO com.openclassrooms.tourguide.service.TourGuideService -- Adding the current location to the user internalUser4836
18:38:39.736 [pool-2-thread-1] INFO com.openclassrooms.tourguide.service.TourGuideService -- Adding the current location to the user internalUser99
18:38:39.799 [pool-2-thread-1] INFO com.openclassrooms.tourguide.service.TourGuideService -- Adding the current location to the user internalUser96
18:38:39.865 [pool-2-thread-1] INFO com.openclassrooms.tourguide.service.TourGuideService -- Adding the current location to the user internalUser3506
18:38:39.923 [pool-2-thread-1] INFO com.openclassrooms.tourguide.service.TourGuideService -- Adding the current location to the user internalUser4837
18:38:39.962 [pool-2-thread-1] INFO com.openclassrooms.tourguide.service.TourGuideService -- Adding the current location to the user internalUser95
18:38:40.028 [pool-2-thread-1] INFO com.openclassrooms.tourguide.service.TourGuideService -- Adding the current location to the user internalUser3507
18:38:40.068 [pool-2-thread-1] INFO com.openclassrooms.tourguide.service.TourGuideService -- Adding the current location to the user internalUser4838
18:38:40.107 [pool-2-thread-1] INFO com.openclassrooms.tourguide.service.TourGuideService -- Adding the current location to the user internalUser98
18:38:40.174 [pool-2-thread-1] INFO com.openclassrooms.tourguide.service.TourGuideService -- Adding the current location to the user internalUser3508
18:38:40.255 [pool-2-thread-1] INFO com.openclassrooms.tourguide.service.TourGuideService -- Adding the current location to the user internalUser4839
18:38:40.286 [pool-2-thread-1] INFO com.openclassrooms.tourguide.service.TourGuideService -- Adding the current location to the user internalUser97
18:38:40.360 [pool-2-thread-1] INFO com.openclassrooms.tourguide.service.TourGuideService -- Adding the current location to the user internalUser3509
18:38:40.432 [pool-2-thread-1] INFO com.openclassrooms.tourguide.service.TourGuideService -- Adding the current location to the user internalUser92
18:38:40.493 [pool-2-thread-1] INFO com.openclassrooms.tourguide.service.TourGuideService -- Adding the current location to the user internalUser91
18:38:40.555 [pool-2-thread-1] INFO com.openclassrooms.tourguide.service.TourGuideService -- Adding the current location to the user internalUser94
18:38:40.635 [pool-2-thread-1] INFO com.openclassrooms.tourguide.service.TourGuideService -- Adding the current location to the user internalUser93
18:38:40.670 [pool-2-thread-1] INFO com.openclassrooms.tourguide.service.TourGuideService -- Adding the current location to the user internalUser4840
18:38:40.713 [pool-2-thread-1] INFO com.openclassrooms.tourguide.service.TourGuideService -- Adding the current location to the user internalUser3510
18:38:40.779 [pool-2-thread-1] INFO com.openclassrooms.tourguide.service.TourGuideService -- Adding the current location to the user internalUser4841
18:38:40.825 [pool-2-thread-1] INFO com.openclassrooms.tourguide.service.TourGuideService -- Adding the current location to the user internalUser3511
18:38:40.913 [pool-2-thread-1] INFO com.openclassrooms.tourguide.service.TourGuideService -- Adding the current location to the user internalUser4842
18:38:40.953 [pool-2-thread-1] INFO com.openclassrooms.tourguide.service.TourGuideService -- Adding the current location to the user internalUser3512
18:38:40.988 [pool-2-thread-1] INFO com.openclassrooms.tourguide.service.TourGuideService -- Adding the current location to the user internalUser4843
18:38:41.058 [pool-2-thread-1] INFO com.openclassrooms.tourguide.service.TourGuideService -- Adding the current location to the user internalUser3513
18:38:41.111 [pool-2-thread-1] INFO com.openclassrooms.tourguide.service.TourGuideService -- Adding the current location to the user internalUser4844
18:38:41.165 [pool-2-thread-1] INFO com.openclassrooms.tourguide.service.TourGuideService -- Adding the current location to the user internalUser3514
18:38:41.202 [pool-2-thread-1] INFO com.openclassrooms.tourguide.service.TourGuideService -- Adding the current location to the user internalUser4845
18:38:41.264 [pool-2-thread-1] INFO com.openclassrooms.tourguide.service.TourGuideService -- Adding the current location to the user internalUser3515
18:38:41.330 [pool-2-thread-1] INFO com.openclassrooms.tourguide.service.TourGuideService -- Adding the current location to the user internalUser4846
18:38:41.379 [pool-2-thread-1] INFO com.openclassrooms.tourguide.service.TourGuideService -- Adding the current location to the user internalUser3516
18:38:41.468 [pool-2-thread-1] INFO com.openclassrooms.tourguide.service.TourGuideService -- Adding the current location to the user internalUser4847
18:38:41.519 [pool-2-thread-1] INFO com.openclassrooms.tourguide.service.TourGuideService -- Adding the current location to the user internalUser3517
18:38:41.564 [pool-2-thread-1] INFO com.openclassrooms.tourguide.service.TourGuideService -- Adding the current location to the user internalUser4848
18:38:41.604 [pool-2-thread-1] INFO com.openclassrooms.tourguide.service.TourGuideService -- Adding the current location to the user internalUser3518
18:38:41.677 [pool-2-thread-1] INFO com.openclassrooms.tourguide.service.TourGuideService -- Adding the current location to the user internalUser4849
18:38:41.758 [pool-2-thread-1] INFO com.openclassrooms.tourguide.service.TourGuideService -- Adding the current location to the user internalUser3519
18:38:41.812 [pool-2-thread-1] INFO com.openclassrooms.tourguide.service.TourGuideService -- Adding the current location to the user internalUser2232
18:38:41.907 [pool-2-thread-1] INFO com.openclassrooms.tourguide.service.TourGuideService -- Adding the current location to the user internalUser3564
18:38:41.939 [pool-2-thread-1] INFO com.openclassrooms.tourguide.service.TourGuideService -- Adding the current location to the user internalUser4895
18:38:42.014 [pool-2-thread-1] INFO com.openclassrooms.tourguide.service.TourGuideService -- Adding the current location to the user internalUser2231
18:38:42.108 [pool-2-thread-1] INFO com.openclassrooms.tourguide.service.TourGuideService -- Adding the current location to the user internalUser3565
18:38:42.179 [pool-2-thread-1] INFO com.openclassrooms.tourguide.service.TourGuideService -- Adding the current location to the user internalUser4896
18:38:42.257 [pool-2-thread-1] INFO com.openclassrooms.tourguide.service.TourGuideService -- Adding the current location to the user internalUser2230
18:38:42.308 [pool-2-thread-1] INFO com.openclassrooms.tourguide.service.TourGuideService -- Adding the current location to the user internalUser3566
18:38:42.364 [pool-2-thread-1] INFO com.openclassrooms.tourguide.service.TourGuideService -- Adding the current location to the user internalUser4897
18:38:42.419 [pool-2-thread-1] INFO com.openclassrooms.tourguide.service.TourGuideService -- Adding the current location to the user internalUser3567
18:38:42.482 [pool-2-thread-1] INFO com.openclassrooms.tourguide.service.TourGuideService -- Adding the current location to the user internalUser4898
18:38:42.565 [pool-2-thread-1] INFO com.openclassrooms.tourguide.service.TourGuideService -- Adding the current location to the user internalUser3568
18:38:42.619 [pool-2-thread-1] INFO com.openclassrooms.tourguide.service.TourGuideService -- Adding the current location to the user internalUser4899
18:38:42.696 [pool-2-thread-1] INFO com.openclassrooms.tourguide.service.TourGuideService -- Adding the current location to the user internalUser3569
18:38:42.754 [pool-2-thread-1] INFO com.openclassrooms.tourguide.service.TourGuideService -- Adding the current location to the user internalUser2239
18:38:42.818 [pool-2-thread-1] INFO com.openclassrooms.tourguide.service.TourGuideService -- Adding the current location to the user internalUser2238
18:38:42.875 [pool-2-thread-1] INFO com.openclassrooms.tourguide.service.TourGuideService -- Adding the current location to the user internalUser2237
18:38:42.941 [pool-2-thread-1] INFO com.openclassrooms.tourguide.service.TourGuideService -- Adding the current location to the user internalUser4890
18:38:43.024 [pool-2-thread-1] INFO com.openclassrooms.tourguide.service.TourGuideService -- Adding the current location to the user internalUser2236
18:38:43.101 [pool-2-thread-1] INFO com.openclassrooms.tourguide.service.TourGuideService -- Adding the current location to the user internalUser3560
18:38:43.199 [pool-2-thread-1] INFO com.openclassrooms.tourguide.service.TourGuideService -- Adding the current location to the user internalUser4891
18:38:43.250 [pool-2-thread-1] INFO com.openclassrooms.tourguide.service.TourGuideService -- Adding the current location to the user internalUser2235
18:38:43.347 [pool-2-thread-1] INFO com.openclassrooms.tourguide.service.TourGuideService -- Adding the current location to the user internalUser3561
18:38:43.405 [pool-2-thread-1] INFO com.openclassrooms.tourguide.service.TourGuideService -- Adding the current location to the user internalUser4892
18:38:43.487 [pool-2-thread-1] INFO com.openclassrooms.tourguide.service.TourGuideService -- Adding the current location to the user internalUser2234
18:38:43.567 [pool-2-thread-1] INFO com.openclassrooms.tourguide.service.TourGuideService -- Adding the current location to the user internalUser3562
18:38:43.624 [pool-2-thread-1] INFO com.openclassrooms.tourguide.service.TourGuideService -- Adding the current location to the user internalUser4893
18:38:43.682 [pool-2-thread-1] INFO com.openclassrooms.tourguide.service.TourGuideService -- Adding the current location to the user internalUser2233
18:38:43.783 [pool-2-thread-1] INFO com.openclassrooms.tourguide.service.TourGuideService -- Adding the current location to the user internalUser3563
18:38:43.815 [pool-2-thread-1] INFO com.openclassrooms.tourguide.service.TourGuideService -- Adding the current location to the user internalUser4894
18:38:43.853 [pool-2-thread-1] INFO com.openclassrooms.tourguide.service.TourGuideService -- Adding the current location to the user internalUser2243
18:38:43.890 [pool-2-thread-1] INFO com.openclassrooms.tourguide.service.TourGuideService -- Adding the current location to the user internalUser3575
18:38:43.928 [pool-2-thread-1] INFO com.openclassrooms.tourguide.service.TourGuideService -- Adding the current location to the user internalUser2242
18:38:44.021 [pool-2-thread-1] INFO com.openclassrooms.tourguide.service.TourGuideService -- Adding the current location to the user internalUser3576
18:38:44.057 [pool-2-thread-1] INFO com.openclassrooms.tourguide.service.TourGuideService -- Adding the current location to the user internalUser2241
18:38:44.098 [pool-2-thread-1] INFO com.openclassrooms.tourguide.service.TourGuideService -- Adding the current location to the user internalUser3577
18:38:44.153 [pool-2-thread-1] INFO com.openclassrooms.tourguide.service.TourGuideService -- Adding the current location to the user internalUser2240
18:38:44.212 [pool-2-thread-1] INFO com.openclassrooms.tourguide.service.TourGuideService -- Adding the current location to the user internalUser3578
18:38:44.255 [pool-2-thread-1] INFO com.openclassrooms.tourguide.service.TourGuideService -- Adding the current location to the user internalUser3579
18:38:44.298 [pool-2-thread-1] INFO com.openclassrooms.tourguide.service.TourGuideService -- Adding the current location to the user internalUser2249
18:38:44.334 [pool-2-thread-1] INFO com.openclassrooms.tourguide.service.TourGuideService -- Adding the current location to the user internalUser2248
18:38:44.385 [pool-2-thread-1] INFO com.openclassrooms.tourguide.service.TourGuideService -- Adding the current location to the user internalUser3570
18:38:44.435 [pool-2-thread-1] INFO com.openclassrooms.tourguide.service.TourGuideService -- Adding the current location to the user internalUser2247
18:38:44.521 [pool-2-thread-1] INFO com.openclassrooms.tourguide.service.TourGuideService -- Adding the current location to the user internalUser3571
18:38:44.605 [pool-2-thread-1] INFO com.openclassrooms.tourguide.service.TourGuideService -- Adding the current location to the user internalUser2246
18:38:44.688 [pool-2-thread-1] INFO com.openclassrooms.tourguide.service.TourGuideService -- Adding the current location to the user internalUser3572
18:38:44.745 [pool-2-thread-1] INFO com.openclassrooms.tourguide.service.TourGuideService -- Adding the current location to the user internalUser2245
18:38:44.820 [pool-2-thread-1] INFO com.openclassrooms.tourguide.service.TourGuideService -- Adding the current location to the user internalUser3573
18:38:44.856 [pool-2-thread-1] INFO com.openclassrooms.tourguide.service.TourGuideService -- Adding the current location to the user internalUser2244
18:38:44.942 [pool-2-thread-1] INFO com.openclassrooms.tourguide.service.TourGuideService -- Adding the current location to the user internalUser3574
18:38:45.041 [pool-2-thread-1] INFO com.openclassrooms.tourguide.service.TourGuideService -- Adding the current location to the user internalUser2210
18:38:45.117 [pool-2-thread-1] INFO com.openclassrooms.tourguide.service.TourGuideService -- Adding the current location to the user internalUser3542
18:38:45.171 [pool-2-thread-1] INFO com.openclassrooms.tourguide.service.TourGuideService -- Adding the current location to the user internalUser4873
18:38:45.205 [pool-2-thread-1] INFO com.openclassrooms.tourguide.service.TourGuideService -- Adding the current location to the user internalUser3543
18:38:45.303 [pool-2-thread-1] INFO com.openclassrooms.tourguide.service.TourGuideService -- Adding the current location to the user internalUser4874
18:38:45.378 [pool-2-thread-1] INFO com.openclassrooms.tourguide.service.TourGuideService -- Adding the current location to the user internalUser3544
18:38:45.460 [pool-2-thread-1] INFO com.openclassrooms.tourguide.service.TourGuideService -- Adding the current location to the user internalUser4875
18:38:45.534 [pool-2-thread-1] INFO com.openclassrooms.tourguide.service.TourGuideService -- Adding the current location to the user internalUser3545
18:38:45.614 [pool-2-thread-1] INFO com.openclassrooms.tourguide.service.TourGuideService -- Adding the current location to the user internalUser4876
18:38:45.650 [pool-2-thread-1] INFO com.openclassrooms.tourguide.service.TourGuideService -- Adding the current location to the user internalUser3546
18:38:45.735 [pool-2-thread-1] INFO com.openclassrooms.tourguide.service.TourGuideService -- Adding the current location to the user internalUser4877
18:38:45.766 [pool-2-thread-1] INFO com.openclassrooms.tourguide.service.TourGuideService -- Adding the current location to the user internalUser3547
18:38:45.833 [pool-2-thread-1] INFO com.openclassrooms.tourguide.service.TourGuideService -- Adding the current location to the user internalUser4878
18:38:45.891 [pool-2-thread-1] INFO com.openclassrooms.tourguide.service.TourGuideService -- Adding the current location to the user internalUser3548
18:38:45.955 [pool-2-thread-1] INFO com.openclassrooms.tourguide.service.TourGuideService -- Adding the current location to the user internalUser4879
18:38:46.041 [pool-2-thread-1] INFO com.openclassrooms.tourguide.service.TourGuideService -- Adding the current location to the user internalUser3549
18:38:46.141 [pool-2-thread-1] INFO com.openclassrooms.tourguide.service.TourGuideService -- Adding the current location to the user internalUser2218
18:38:46.195 [pool-2-thread-1] INFO com.openclassrooms.tourguide.service.TourGuideService -- Adding the current location to the user internalUser2217
18:38:46.291 [pool-2-thread-1] INFO com.openclassrooms.tourguide.service.TourGuideService -- Adding the current location to the user internalUser2216
18:38:46.348 [pool-2-thread-1] INFO com.openclassrooms.tourguide.service.TourGuideService -- Adding the current location to the user internalUser2215
18:38:46.387 [pool-2-thread-1] INFO com.openclassrooms.tourguide.service.TourGuideService -- Adding the current location to the user internalUser2214
18:38:46.421 [pool-2-thread-1] INFO com.openclassrooms.tourguide.service.TourGuideService -- Adding the current location to the user internalUser2213
18:38:46.508 [pool-2-thread-1] INFO com.openclassrooms.tourguide.service.TourGuideService -- Adding the current location to the user internalUser4870
18:38:46.567 [pool-2-thread-1] INFO com.openclassrooms.tourguide.service.TourGuideService -- Adding the current location to the user internalUser2212
18:38:46.614 [pool-2-thread-1] INFO com.openclassrooms.tourguide.service.TourGuideService -- Adding the current location to the user internalUser3540
18:38:46.679 [pool-2-thread-1] INFO com.openclassrooms.tourguide.service.TourGuideService -- Adding the current location to the user internalUser4871
18:38:46.775 [pool-2-thread-1] INFO com.openclassrooms.tourguide.service.TourGuideService -- Adding the current location to the user internalUser2211
18:38:46.830 [pool-2-thread-1] INFO com.openclassrooms.tourguide.service.TourGuideService -- Adding the current location to the user internalUser3541
18:38:46.914 [pool-2-thread-1] INFO com.openclassrooms.tourguide.service.TourGuideService -- Adding the current location to the user internalUser4872
18:38:46.946 [pool-2-thread-1] INFO com.openclassrooms.tourguide.service.TourGuideService -- Adding the current location to the user internalUser2219
18:38:47.001 [pool-2-thread-1] INFO com.openclassrooms.tourguide.service.TourGuideService -- Adding the current location to the user internalUser2221
18:38:47.062 [pool-2-thread-1] INFO com.openclassrooms.tourguide.service.TourGuideService -- Adding the current location to the user internalUser3553
18:38:47.140 [pool-2-thread-1] INFO com.openclassrooms.tourguide.service.TourGuideService -- Adding the current location to the user internalUser4884
18:38:47.172 [pool-2-thread-1] INFO com.openclassrooms.tourguide.service.TourGuideService -- Adding the current location to the user internalUser2220
18:38:47.259 [pool-2-thread-1] INFO com.openclassrooms.tourguide.service.TourGuideService -- Adding the current location to the user internalUser3554
18:38:47.325 [pool-2-thread-1] INFO com.openclassrooms.tourguide.service.TourGuideService -- Adding the current location to the user internalUser4885
18:38:47.403 [pool-2-thread-1] INFO com.openclassrooms.tourguide.service.TourGuideService -- Adding the current location to the user internalUser3555
18:38:47.462 [pool-2-thread-1] INFO com.openclassrooms.tourguide.service.TourGuideService -- Adding the current location to the user internalUser4886
18:38:47.536 [pool-2-thread-1] INFO com.openclassrooms.tourguide.service.TourGuideService -- Adding the current location to the user internalUser3556
18:38:47.589 [pool-2-thread-1] INFO com.openclassrooms.tourguide.service.TourGuideService -- Adding the current location to the user internalUser4887
18:38:47.641 [pool-2-thread-1] INFO com.openclassrooms.tourguide.service.TourGuideService -- Adding the current location to the user internalUser3557
18:38:47.714 [pool-2-thread-1] INFO com.openclassrooms.tourguide.service.TourGuideService -- Adding the current location to the user internalUser4888
18:38:47.784 [pool-2-thread-1] INFO com.openclassrooms.tourguide.service.TourGuideService -- Adding the current location to the user internalUser3558
18:38:47.860 [pool-2-thread-1] INFO com.openclassrooms.tourguide.service.TourGuideService -- Adding the current location to the user internalUser4889
18:38:47.906 [pool-2-thread-1] INFO com.openclassrooms.tourguide.service.TourGuideService -- Adding the current location to the user internalUser3559
18:38:47.946 [pool-2-thread-1] INFO com.openclassrooms.tourguide.service.TourGuideService -- Adding the current location to the user internalUser2229
18:38:47.982 [pool-2-thread-1] INFO com.openclassrooms.tourguide.service.TourGuideService -- Adding the current location to the user internalUser2228
18:38:48.042 [pool-2-thread-1] INFO com.openclassrooms.tourguide.service.TourGuideService -- Adding the current location to the user internalUser2227
18:38:48.094 [pool-2-thread-1] INFO com.openclassrooms.tourguide.service.TourGuideService -- Adding the current location to the user internalUser2226
18:38:48.174 [pool-2-thread-1] INFO com.openclassrooms.tourguide.service.TourGuideService -- Adding the current location to the user internalUser2225
18:38:48.257 [pool-2-thread-1] INFO com.openclassrooms.tourguide.service.TourGuideService -- Adding the current location to the user internalUser4880
18:38:48.348 [pool-2-thread-1] INFO com.openclassrooms.tourguide.service.TourGuideService -- Adding the current location to the user internalUser2224
18:38:48.434 [pool-2-thread-1] INFO com.openclassrooms.tourguide.service.TourGuideService -- Adding the current location to the user internalUser3550
18:38:48.482 [pool-2-thread-1] INFO com.openclassrooms.tourguide.service.TourGuideService -- Adding the current location to the user internalUser4881
18:38:48.547 [pool-2-thread-1] INFO com.openclassrooms.tourguide.service.TourGuideService -- Adding the current location to the user internalUser2223
18:38:48.623 [pool-2-thread-1] INFO com.openclassrooms.tourguide.service.TourGuideService -- Adding the current location to the user internalUser3551
18:38:48.696 [pool-2-thread-1] INFO com.openclassrooms.tourguide.service.TourGuideService -- Adding the current location to the user internalUser4882
18:38:48.773 [pool-2-thread-1] INFO com.openclassrooms.tourguide.service.TourGuideService -- Adding the current location to the user internalUser2222
18:38:48.851 [pool-2-thread-1] INFO com.openclassrooms.tourguide.service.TourGuideService -- Adding the current location to the user internalUser3552
18:38:48.939 [pool-2-thread-1] INFO com.openclassrooms.tourguide.service.TourGuideService -- Adding the current location to the user internalUser4883
18:38:48.993 [pool-2-thread-1] INFO com.openclassrooms.tourguide.service.TourGuideService -- Adding the current location to the user internalUser1987
18:38:49.079 [pool-2-thread-1] INFO com.openclassrooms.tourguide.service.TourGuideService -- Adding the current location to the user internalUser1986
18:38:49.165 [pool-2-thread-1] INFO com.openclassrooms.tourguide.service.TourGuideService -- Adding the current location to the user internalUser1985
18:38:49.245 [pool-2-thread-1] INFO com.openclassrooms.tourguide.service.TourGuideService -- Adding the current location to the user internalUser1984
18:38:49.275 [pool-2-thread-1] INFO com.openclassrooms.tourguide.service.TourGuideService -- Adding the current location to the user internalUser1983
18:38:49.330 [pool-2-thread-1] INFO com.openclassrooms.tourguide.service.TourGuideService -- Adding the current location to the user internalUser1982
18:38:49.368 [pool-2-thread-1] INFO com.openclassrooms.tourguide.service.TourGuideService -- Adding the current location to the user internalUser1981
18:38:49.418 [pool-2-thread-1] INFO com.openclassrooms.tourguide.service.TourGuideService -- Adding the current location to the user internalUser1980
18:38:49.505 [pool-2-thread-1] INFO com.openclassrooms.tourguide.service.TourGuideService -- Adding the current location to the user internalUser1989
18:38:49.582 [pool-2-thread-1] INFO com.openclassrooms.tourguide.service.TourGuideService -- Adding the current location to the user internalUser1988
18:38:49.650 [pool-2-thread-1] INFO com.openclassrooms.tourguide.service.TourGuideService -- Adding the current location to the user internalUser1990
18:38:49.698 [pool-2-thread-1] INFO com.openclassrooms.tourguide.service.TourGuideService -- Adding the current location to the user internalUser1998
18:38:49.745 [pool-2-thread-1] INFO com.openclassrooms.tourguide.service.TourGuideService -- Adding the current location to the user internalUser1997
18:38:49.817 [pool-2-thread-1] INFO com.openclassrooms.tourguide.service.TourGuideService -- Adding the current location to the user internalUser1996
18:38:49.871 [pool-2-thread-1] INFO com.openclassrooms.tourguide.service.TourGuideService -- Adding the current location to the user internalUser1995
18:38:49.940 [pool-2-thread-1] INFO com.openclassrooms.tourguide.service.TourGuideService -- Adding the current location to the user internalUser1994
18:38:49.985 [pool-2-thread-1] INFO com.openclassrooms.tourguide.service.TourGuideService -- Adding the current location to the user internalUser1993
18:38:50.029 [pool-2-thread-1] INFO com.openclassrooms.tourguide.service.TourGuideService -- Adding the current location to the user internalUser1992
18:38:50.097 [pool-2-thread-1] INFO com.openclassrooms.tourguide.service.TourGuideService -- Adding the current location to the user internalUser1991
18:38:50.180 [pool-2-thread-1] INFO com.openclassrooms.tourguide.service.TourGuideService -- Adding the current location to the user internalUser1999
18:38:50.249 [pool-2-thread-1] INFO com.openclassrooms.tourguide.service.TourGuideService -- Adding the current location to the user internalUser1965
18:38:50.336 [pool-2-thread-1] INFO com.openclassrooms.tourguide.service.TourGuideService -- Adding the current location to the user internalUser1964
18:38:50.386 [pool-2-thread-1] INFO com.openclassrooms.tourguide.service.TourGuideService -- Adding the current location to the user internalUser1963
18:38:50.477 [pool-2-thread-1] INFO com.openclassrooms.tourguide.service.TourGuideService -- Adding the current location to the user internalUser1962
18:38:50.513 [pool-2-thread-1] INFO com.openclassrooms.tourguide.service.TourGuideService -- Adding the current location to the user internalUser1961
18:38:50.547 [pool-2-thread-1] INFO com.openclassrooms.tourguide.service.TourGuideService -- Adding the current location to the user internalUser1960
18:38:50.629 [pool-2-thread-1] INFO com.openclassrooms.tourguide.service.TourGuideService -- Adding the current location to the user internalUser1969
18:38:50.714 [pool-2-thread-1] INFO com.openclassrooms.tourguide.service.TourGuideService -- Adding the current location to the user internalUser1968
18:38:50.813 [pool-2-thread-1] INFO com.openclassrooms.tourguide.service.TourGuideService -- Adding the current location to the user internalUser1967
18:38:50.871 [pool-2-thread-1] INFO com.openclassrooms.tourguide.service.TourGuideService -- Adding the current location to the user internalUser1966
18:38:50.916 [pool-2-thread-1] INFO com.openclassrooms.tourguide.service.TourGuideService -- Adding the current location to the user internalUser1976
18:38:50.992 [pool-2-thread-1] INFO com.openclassrooms.tourguide.service.TourGuideService -- Adding the current location to the user internalUser1975
18:38:51.041 [pool-2-thread-1] INFO com.openclassrooms.tourguide.service.TourGuideService -- Adding the current location to the user internalUser1974
18:38:51.084 [pool-2-thread-1] INFO com.openclassrooms.tourguide.service.TourGuideService -- Adding the current location to the user internalUser1973
18:38:51.184 [pool-2-thread-1] INFO com.openclassrooms.tourguide.service.TourGuideService -- Adding the current location to the user internalUser1972
18:38:51.239 [pool-2-thread-1] INFO com.openclassrooms.tourguide.service.TourGuideService -- Adding the current location to the user internalUser1971
18:38:51.296 [pool-2-thread-1] INFO com.openclassrooms.tourguide.service.TourGuideService -- Adding the current location to the user internalUser1970
18:38:51.358 [pool-2-thread-1] INFO com.openclassrooms.tourguide.service.TourGuideService -- Adding the current location to the user internalUser1979
18:38:51.399 [pool-2-thread-1] INFO com.openclassrooms.tourguide.service.TourGuideService -- Adding the current location to the user internalUser1978
18:38:51.472 [pool-2-thread-1] INFO com.openclassrooms.tourguide.service.TourGuideService -- Adding the current location to the user internalUser1977
18:38:51.559 [pool-2-thread-1] INFO com.openclassrooms.tourguide.service.TourGuideService -- Adding the current location to the user internalUser3720
18:38:51.643 [pool-2-thread-1] INFO com.openclassrooms.tourguide.service.TourGuideService -- Adding the current location to the user internalUser3721
18:38:51.688 [pool-2-thread-1] INFO com.openclassrooms.tourguide.service.TourGuideService -- Adding the current location to the user internalUser3722
18:38:51.781 [pool-2-thread-1] INFO com.openclassrooms.tourguide.service.TourGuideService -- Adding the current location to the user internalUser3723
18:38:51.835 [pool-2-thread-1] INFO com.openclassrooms.tourguide.service.TourGuideService -- Adding the current location to the user internalUser3724
18:38:51.904 [pool-2-thread-1] INFO com.openclassrooms.tourguide.service.TourGuideService -- Adding the current location to the user internalUser3725
18:38:51.986 [pool-2-thread-1] INFO com.openclassrooms.tourguide.service.TourGuideService -- Adding the current location to the user internalUser3726
18:38:52.020 [pool-2-thread-1] INFO com.openclassrooms.tourguide.service.TourGuideService -- Adding the current location to the user internalUser3727
18:38:52.095 [pool-2-thread-1] INFO com.openclassrooms.tourguide.service.TourGuideService -- Adding the current location to the user internalUser3728
18:38:52.188 [pool-2-thread-1] INFO com.openclassrooms.tourguide.service.TourGuideService -- Adding the current location to the user internalUser3729
18:38:52.250 [pool-2-thread-1] INFO com.openclassrooms.tourguide.service.TourGuideService -- Adding the current location to the user internalUser3730
18:38:52.313 [pool-2-thread-1] INFO com.openclassrooms.tourguide.service.TourGuideService -- Adding the current location to the user internalUser3731
18:38:52.352 [pool-2-thread-1] INFO com.openclassrooms.tourguide.service.TourGuideService -- Adding the current location to the user internalUser3732
18:38:52.445 [pool-2-thread-1] INFO com.openclassrooms.tourguide.service.TourGuideService -- Adding the current location to the user internalUser3733
18:38:52.532 [pool-2-thread-1] INFO com.openclassrooms.tourguide.service.TourGuideService -- Adding the current location to the user internalUser3734
18:38:52.578 [pool-2-thread-1] INFO com.openclassrooms.tourguide.service.TourGuideService -- Adding the current location to the user internalUser3735
18:38:52.659 [pool-2-thread-1] INFO com.openclassrooms.tourguide.service.TourGuideService -- Adding the current location to the user internalUser3736
18:38:52.719 [pool-2-thread-1] INFO com.openclassrooms.tourguide.service.TourGuideService -- Adding the current location to the user internalUser2405
18:38:52.755 [pool-2-thread-1] INFO com.openclassrooms.tourguide.service.TourGuideService -- Adding the current location to the user internalUser2404
18:38:52.839 [pool-2-thread-1] INFO com.openclassrooms.tourguide.service.TourGuideService -- Adding the current location to the user internalUser2403
18:38:52.886 [pool-2-thread-1] INFO com.openclassrooms.tourguide.service.TourGuideService -- Adding the current location to the user internalUser2402
18:38:52.944 [pool-2-thread-1] INFO com.openclassrooms.tourguide.service.TourGuideService -- Adding the current location to the user internalUser2401
18:38:53.013 [pool-2-thread-1] INFO com.openclassrooms.tourguide.service.TourGuideService -- Adding the current location to the user internalUser2400
18:38:53.101 [pool-2-thread-1] INFO com.openclassrooms.tourguide.service.TourGuideService -- Adding the current location to the user internalUser2409
18:38:53.161 [pool-2-thread-1] INFO com.openclassrooms.tourguide.service.TourGuideService -- Adding the current location to the user internalUser2408
18:38:53.230 [pool-2-thread-1] INFO com.openclassrooms.tourguide.service.TourGuideService -- Adding the current location to the user internalUser2407
18:38:53.321 [pool-2-thread-1] INFO com.openclassrooms.tourguide.service.TourGuideService -- Adding the current location to the user internalUser2406
18:38:53.353 [pool-2-thread-1] INFO com.openclassrooms.tourguide.service.TourGuideService -- Adding the current location to the user internalUser3737
18:38:53.441 [pool-2-thread-1] INFO com.openclassrooms.tourguide.service.TourGuideService -- Adding the current location to the user internalUser3738
18:38:53.508 [pool-2-thread-1] INFO com.openclassrooms.tourguide.service.TourGuideService -- Adding the current location to the user internalUser3739
18:38:53.582 [pool-2-thread-1] INFO com.openclassrooms.tourguide.service.TourGuideService -- Adding the current location to the user internalUser3700
18:38:53.656 [pool-2-thread-1] INFO com.openclassrooms.tourguide.service.TourGuideService -- Adding the current location to the user internalUser3701
18:38:53.745 [pool-2-thread-1] INFO com.openclassrooms.tourguide.service.TourGuideService -- Adding the current location to the user internalUser3702
18:38:53.838 [pool-2-thread-1] INFO com.openclassrooms.tourguide.service.TourGuideService -- Adding the current location to the user internalUser3703
18:38:53.906 [pool-2-thread-1] INFO com.openclassrooms.tourguide.service.TourGuideService -- Adding the current location to the user internalUser3704
18:38:53.984 [pool-2-thread-1] INFO com.openclassrooms.tourguide.service.TourGuideService -- Adding the current location to the user internalUser3705
18:38:54.082 [pool-2-thread-1] INFO com.openclassrooms.tourguide.service.TourGuideService -- Adding the current location to the user internalUser3706
18:38:54.159 [pool-2-thread-1] INFO com.openclassrooms.tourguide.service.TourGuideService -- Adding the current location to the user internalUser3707
18:38:54.226 [pool-2-thread-1] INFO com.openclassrooms.tourguide.service.TourGuideService -- Adding the current location to the user internalUser3708
18:38:54.300 [pool-2-thread-1] INFO com.openclassrooms.tourguide.service.TourGuideService -- Adding the current location to the user internalUser3709
18:38:54.372 [pool-2-thread-1] INFO com.openclassrooms.tourguide.service.TourGuideService -- Adding the current location to the user internalUser3710
18:38:54.460 [pool-2-thread-1] INFO com.openclassrooms.tourguide.service.TourGuideService -- Adding the current location to the user internalUser3711
18:38:54.522 [pool-2-thread-1] INFO com.openclassrooms.tourguide.service.TourGuideService -- Adding the current location to the user internalUser3712
18:38:54.592 [pool-2-thread-1] INFO com.openclassrooms.tourguide.service.TourGuideService -- Adding the current location to the user internalUser3713
18:38:54.625 [pool-2-thread-1] INFO com.openclassrooms.tourguide.service.TourGuideService -- Adding the current location to the user internalUser3714
18:38:54.722 [pool-2-thread-1] INFO com.openclassrooms.tourguide.service.TourGuideService -- Adding the current location to the user internalUser3715
18:38:54.802 [pool-2-thread-1] INFO com.openclassrooms.tourguide.service.TourGuideService -- Adding the current location to the user internalUser3716
18:38:54.863 [pool-2-thread-1] INFO com.openclassrooms.tourguide.service.TourGuideService -- Adding the current location to the user internalUser3717
18:38:54.920 [pool-2-thread-1] INFO com.openclassrooms.tourguide.service.TourGuideService -- Adding the current location to the user internalUser3718
18:38:54.989 [pool-2-thread-1] INFO com.openclassrooms.tourguide.service.TourGuideService -- Adding the current location to the user internalUser3719
18:38:55.076 [pool-2-thread-1] INFO com.openclassrooms.tourguide.service.TourGuideService -- Adding the current location to the user internalUser680
18:38:55.115 [pool-2-thread-1] INFO com.openclassrooms.tourguide.service.TourGuideService -- Adding the current location to the user internalUser681
18:38:55.167 [pool-2-thread-1] INFO com.openclassrooms.tourguide.service.TourGuideService -- Adding the current location to the user internalUser688
18:38:55.210 [pool-2-thread-1] INFO com.openclassrooms.tourguide.service.TourGuideService -- Adding the current location to the user internalUser4172
18:38:55.291 [pool-2-thread-1] INFO com.openclassrooms.tourguide.service.TourGuideService -- Adding the current location to the user internalUser689
18:38:55.363 [pool-2-thread-1] INFO com.openclassrooms.tourguide.service.TourGuideService -- Adding the current location to the user internalUser4173
18:38:55.454 [pool-2-thread-1] INFO com.openclassrooms.tourguide.service.TourGuideService -- Adding the current location to the user internalUser686
18:38:55.509 [pool-2-thread-1] INFO com.openclassrooms.tourguide.service.TourGuideService -- Adding the current location to the user internalUser4174
18:38:55.607 [pool-2-thread-1] INFO com.openclassrooms.tourguide.service.TourGuideService -- Adding the current location to the user internalUser687
18:38:55.678 [pool-2-thread-1] INFO com.openclassrooms.tourguide.service.TourGuideService -- Adding the current location to the user internalUser4175
18:38:55.775 [pool-2-thread-1] INFO com.openclassrooms.tourguide.service.TourGuideService -- Adding the current location to the user internalUser684
18:38:55.807 [pool-2-thread-1] INFO com.openclassrooms.tourguide.service.TourGuideService -- Adding the current location to the user internalUser4176
18:38:55.897 [pool-2-thread-1] INFO com.openclassrooms.tourguide.service.TourGuideService -- Adding the current location to the user internalUser685
18:38:55.949 [pool-2-thread-1] INFO com.openclassrooms.tourguide.service.TourGuideService -- Adding the current location to the user internalUser4177
18:38:56.010 [pool-2-thread-1] INFO com.openclassrooms.tourguide.service.TourGuideService -- Adding the current location to the user internalUser682
18:38:56.097 [pool-2-thread-1] INFO com.openclassrooms.tourguide.service.TourGuideService -- Adding the current location to the user internalUser4178
18:38:56.190 [pool-2-thread-1] INFO com.openclassrooms.tourguide.service.TourGuideService -- Adding the current location to the user internalUser683
18:38:56.289 [pool-2-thread-1] INFO com.openclassrooms.tourguide.service.TourGuideService -- Adding the current location to the user internalUser4179
18:38:56.372 [pool-2-thread-1] INFO com.openclassrooms.tourguide.service.TourGuideService -- Adding the current location to the user internalUser1907
18:38:56.435 [pool-2-thread-1] INFO com.openclassrooms.tourguide.service.TourGuideService -- Adding the current location to the user internalUser1906
18:38:56.480 [pool-2-thread-1] INFO com.openclassrooms.tourguide.service.TourGuideService -- Adding the current location to the user internalUser1905
18:38:56.560 [pool-2-thread-1] INFO com.openclassrooms.tourguide.service.TourGuideService -- Adding the current location to the user internalUser1904
18:38:56.607 [pool-2-thread-1] INFO com.openclassrooms.tourguide.service.TourGuideService -- Adding the current location to the user internalUser1903
18:38:56.647 [pool-2-thread-1] INFO com.openclassrooms.tourguide.service.TourGuideService -- Adding the current location to the user internalUser1902
18:38:56.703 [pool-2-thread-1] INFO com.openclassrooms.tourguide.service.TourGuideService -- Adding the current location to the user internalUser4180
18:38:56.749 [pool-2-thread-1] INFO com.openclassrooms.tourguide.service.TourGuideService -- Adding the current location to the user internalUser1901
18:38:56.785 [pool-2-thread-1] INFO com.openclassrooms.tourguide.service.TourGuideService -- Adding the current location to the user internalUser4181
18:38:56.829 [pool-2-thread-1] INFO com.openclassrooms.tourguide.service.TourGuideService -- Adding the current location to the user internalUser1900
18:38:56.928 [pool-2-thread-1] INFO com.openclassrooms.tourguide.service.TourGuideService -- Adding the current location to the user internalUser4182
18:38:57.004 [pool-2-thread-1] INFO com.openclassrooms.tourguide.service.TourGuideService -- Adding the current location to the user internalUser1909
18:38:57.035 [pool-2-thread-1] INFO com.openclassrooms.tourguide.service.TourGuideService -- Adding the current location to the user internalUser1908
18:38:57.102 [pool-2-thread-1] INFO com.openclassrooms.tourguide.service.TourGuideService -- Adding the current location to the user internalUser691
18:38:57.200 [pool-2-thread-1] INFO com.openclassrooms.tourguide.service.TourGuideService -- Adding the current location to the user internalUser692
18:38:57.241 [pool-2-thread-1] INFO com.openclassrooms.tourguide.service.TourGuideService -- Adding the current location to the user internalUser690
18:38:57.315 [pool-2-thread-1] INFO com.openclassrooms.tourguide.service.TourGuideService -- Adding the current location to the user internalUser699
18:38:57.380 [pool-2-thread-1] INFO com.openclassrooms.tourguide.service.TourGuideService -- Adding the current location to the user internalUser1910
18:38:57.430 [pool-2-thread-1] INFO com.openclassrooms.tourguide.service.TourGuideService -- Adding the current location to the user internalUser4183
18:38:57.516 [pool-2-thread-1] INFO com.openclassrooms.tourguide.service.TourGuideService -- Adding the current location to the user internalUser4184
18:38:57.566 [pool-2-thread-1] INFO com.openclassrooms.tourguide.service.TourGuideService -- Adding the current location to the user internalUser697
18:38:57.612 [pool-2-thread-1] INFO com.openclassrooms.tourguide.service.TourGuideService -- Adding the current location to the user internalUser4185
18:38:57.653 [pool-2-thread-1] INFO com.openclassrooms.tourguide.service.TourGuideService -- Adding the current location to the user internalUser698
18:38:57.714 [pool-2-thread-1] INFO com.openclassrooms.tourguide.service.TourGuideService -- Adding the current location to the user internalUser4186
18:38:57.795 [pool-2-thread-1] INFO com.openclassrooms.tourguide.service.TourGuideService -- Adding the current location to the user internalUser695
18:38:57.867 [pool-2-thread-1] INFO com.openclassrooms.tourguide.service.TourGuideService -- Adding the current location to the user internalUser4187
18:38:57.921 [pool-2-thread-1] INFO com.openclassrooms.tourguide.service.TourGuideService -- Adding the current location to the user internalUser696
18:38:57.998 [pool-2-thread-1] INFO com.openclassrooms.tourguide.service.TourGuideService -- Adding the current location to the user internalUser4188
18:38:58.071 [pool-2-thread-1] INFO com.openclassrooms.tourguide.service.TourGuideService -- Adding the current location to the user internalUser693
18:38:58.104 [pool-2-thread-1] INFO com.openclassrooms.tourguide.service.TourGuideService -- Adding the current location to the user internalUser4189
18:38:58.172 [pool-2-thread-1] INFO com.openclassrooms.tourguide.service.TourGuideService -- Adding the current location to the user internalUser694
18:38:58.218 [pool-2-thread-1] INFO com.openclassrooms.tourguide.service.TourGuideService -- Adding the current location to the user internalUser1918
18:38:58.258 [pool-2-thread-1] INFO com.openclassrooms.tourguide.service.TourGuideService -- Adding the current location to the user internalUser1917
18:38:58.311 [pool-2-thread-1] INFO com.openclassrooms.tourguide.service.TourGuideService -- Adding the current location to the user internalUser1916
18:38:58.404 [pool-2-thread-1] INFO com.openclassrooms.tourguide.service.TourGuideService -- Adding the current location to the user internalUser1915
18:38:58.475 [pool-2-thread-1] INFO com.openclassrooms.tourguide.service.TourGuideService -- Adding the current location to the user internalUser1914
18:38:58.523 [pool-2-thread-1] INFO com.openclassrooms.tourguide.service.TourGuideService -- Adding the current location to the user internalUser4190
18:38:58.567 [pool-2-thread-1] INFO com.openclassrooms.tourguide.service.TourGuideService -- Adding the current location to the user internalUser1913
18:38:58.599 [pool-2-thread-1] INFO com.openclassrooms.tourguide.service.TourGuideService -- Adding the current location to the user internalUser4191
18:38:58.645 [pool-2-thread-1] INFO com.openclassrooms.tourguide.service.TourGuideService -- Adding the current location to the user internalUser1912
18:38:58.703 [pool-2-thread-1] INFO com.openclassrooms.tourguide.service.TourGuideService -- Adding the current location to the user internalUser4192
18:38:58.769 [pool-2-thread-1] INFO com.openclassrooms.tourguide.service.TourGuideService -- Adding the current location to the user internalUser1911
18:38:58.800 [pool-2-thread-1] INFO com.openclassrooms.tourguide.service.TourGuideService -- Adding the current location to the user internalUser4193
18:38:58.893 [pool-2-thread-1] INFO com.openclassrooms.tourguide.service.TourGuideService -- Adding the current location to the user internalUser1919
18:38:58.951 [pool-2-thread-1] INFO com.openclassrooms.tourguide.service.TourGuideService -- Adding the current location to the user internalUser4158
18:38:58.994 [pool-2-thread-1] INFO com.openclassrooms.tourguide.service.TourGuideService -- Adding the current location to the user internalUser4159
18:38:59.073 [pool-2-thread-1] INFO com.openclassrooms.tourguide.service.TourGuideService -- Adding the current location to the user internalUser4150
18:38:59.159 [pool-2-thread-1] INFO com.openclassrooms.tourguide.service.TourGuideService -- Adding the current location to the user internalUser4151
18:38:59.213 [pool-2-thread-1] INFO com.openclassrooms.tourguide.service.TourGuideService -- Adding the current location to the user internalUser4152
18:38:59.310 [pool-2-thread-1] INFO com.openclassrooms.tourguide.service.TourGuideService -- Adding the current location to the user internalUser4153
18:38:59.396 [pool-2-thread-1] INFO com.openclassrooms.tourguide.service.TourGuideService -- Adding the current location to the user internalUser4154
18:38:59.443 [pool-2-thread-1] INFO com.openclassrooms.tourguide.service.TourGuideService -- Adding the current location to the user internalUser4155
18:38:59.526 [pool-2-thread-1] INFO com.openclassrooms.tourguide.service.TourGuideService -- Adding the current location to the user internalUser4156
18:38:59.579 [pool-2-thread-1] INFO com.openclassrooms.tourguide.service.TourGuideService -- Adding the current location to the user internalUser4157
18:38:59.671 [pool-2-thread-1] INFO com.openclassrooms.tourguide.service.TourGuideService -- Adding the current location to the user internalUser4160
18:38:59.719 [pool-2-thread-1] INFO com.openclassrooms.tourguide.service.TourGuideService -- Adding the current location to the user internalUser4169
18:38:59.785 [pool-2-thread-1] INFO com.openclassrooms.tourguide.service.TourGuideService -- Adding the current location to the user internalUser4161
18:38:59.874 [pool-2-thread-1] INFO com.openclassrooms.tourguide.service.TourGuideService -- Adding the current location to the user internalUser4162
18:38:59.918 [pool-2-thread-1] INFO com.openclassrooms.tourguide.service.TourGuideService -- Adding the current location to the user internalUser4163
18:38:59.951 [pool-2-thread-1] INFO com.openclassrooms.tourguide.service.TourGuideService -- Adding the current location to the user internalUser4164
18:39:00.034 [pool-2-thread-1] INFO com.openclassrooms.tourguide.service.TourGuideService -- Adding the current location to the user internalUser4165
18:39:00.113 [pool-2-thread-1] INFO com.openclassrooms.tourguide.service.TourGuideService -- Adding the current location to the user internalUser4166
18:39:00.147 [pool-2-thread-1] INFO com.openclassrooms.tourguide.service.TourGuideService -- Adding the current location to the user internalUser4167
18:39:00.203 [pool-2-thread-1] INFO com.openclassrooms.tourguide.service.TourGuideService -- Adding the current location to the user internalUser4168
18:39:00.270 [pool-2-thread-1] INFO com.openclassrooms.tourguide.service.TourGuideService -- Adding the current location to the user internalUser4170
18:39:00.368 [pool-2-thread-1] INFO com.openclassrooms.tourguide.service.TourGuideService -- Adding the current location to the user internalUser4171
18:39:00.434 [pool-2-thread-1] INFO com.openclassrooms.tourguide.service.TourGuideService -- Adding the current location to the user internalUser644
18:39:00.496 [pool-2-thread-1] INFO com.openclassrooms.tourguide.service.TourGuideService -- Adding the current location to the user internalUser1943
18:39:00.582 [pool-2-thread-1] INFO com.openclassrooms.tourguide.service.TourGuideService -- Adding the current location to the user internalUser645
18:39:00.671 [pool-2-thread-1] INFO com.openclassrooms.tourguide.service.TourGuideService -- Adding the current location to the user internalUser1942
18:39:00.717 [pool-2-thread-1] INFO com.openclassrooms.tourguide.service.TourGuideService -- Adding the current location to the user internalUser642
18:39:00.754 [pool-2-thread-1] INFO com.openclassrooms.tourguide.service.TourGuideService -- Adding the current location to the user internalUser1941
18:39:00.797 [pool-2-thread-1] INFO com.openclassrooms.tourguide.service.TourGuideService -- Adding the current location to the user internalUser643
18:39:00.840 [pool-2-thread-1] INFO com.openclassrooms.tourguide.service.TourGuideService -- Adding the current location to the user internalUser1940
18:39:00.874 [pool-2-thread-1] INFO com.openclassrooms.tourguide.service.TourGuideService -- Adding the current location to the user internalUser640
18:39:00.907 [pool-2-thread-1] INFO com.openclassrooms.tourguide.service.TourGuideService -- Adding the current location to the user internalUser641
18:39:00.969 [pool-2-thread-1] INFO com.openclassrooms.tourguide.service.TourGuideService -- Adding the current location to the user internalUser1949
18:39:01.052 [pool-2-thread-1] INFO com.openclassrooms.tourguide.service.TourGuideService -- Adding the current location to the user internalUser1948
18:39:01.128 [pool-2-thread-1] INFO com.openclassrooms.tourguide.service.TourGuideService -- Adding the current location to the user internalUser648
18:39:01.213 [pool-2-thread-1] INFO com.openclassrooms.tourguide.service.TourGuideService -- Adding the current location to the user internalUser1947
18:39:01.283 [pool-2-thread-1] INFO com.openclassrooms.tourguide.service.TourGuideService -- Adding the current location to the user internalUser649
18:39:01.347 [pool-2-thread-1] INFO com.openclassrooms.tourguide.service.TourGuideService -- Adding the current location to the user internalUser1946
18:39:01.405 [pool-2-thread-1] INFO com.openclassrooms.tourguide.service.TourGuideService -- Adding the current location to the user internalUser646
18:39:01.498 [pool-2-thread-1] INFO com.openclassrooms.tourguide.service.TourGuideService -- Adding the current location to the user internalUser1945
18:39:01.592 [pool-2-thread-1] INFO com.openclassrooms.tourguide.service.TourGuideService -- Adding the current location to the user internalUser647
18:39:01.676 [pool-2-thread-1] INFO com.openclassrooms.tourguide.service.TourGuideService -- Adding the current location to the user internalUser1944
18:39:01.745 [pool-2-thread-1] INFO com.openclassrooms.tourguide.service.TourGuideService -- Adding the current location to the user internalUser655
18:39:01.844 [pool-2-thread-1] INFO com.openclassrooms.tourguide.service.TourGuideService -- Adding the current location to the user internalUser1954
18:39:01.925 [pool-2-thread-1] INFO com.openclassrooms.tourguide.service.TourGuideService -- Adding the current location to the user internalUser656
18:39:01.970 [pool-2-thread-1] INFO com.openclassrooms.tourguide.service.TourGuideService -- Adding the current location to the user internalUser1953
18:39:02.032 [pool-2-thread-1] INFO com.openclassrooms.tourguide.service.TourGuideService -- Adding the current location to the user internalUser653
18:39:02.088 [pool-2-thread-1] INFO com.openclassrooms.tourguide.service.TourGuideService -- Adding the current location to the user internalUser1952
18:39:02.182 [pool-2-thread-1] INFO com.openclassrooms.tourguide.service.TourGuideService -- Adding the current location to the user internalUser654
18:39:02.257 [pool-2-thread-1] INFO com.openclassrooms.tourguide.service.TourGuideService -- Adding the current location to the user internalUser1951
18:39:02.343 [pool-2-thread-1] INFO com.openclassrooms.tourguide.service.TourGuideService -- Adding the current location to the user internalUser651
18:39:02.405 [pool-2-thread-1] INFO com.openclassrooms.tourguide.service.TourGuideService -- Adding the current location to the user internalUser1950
18:39:02.465 [pool-2-thread-1] INFO com.openclassrooms.tourguide.service.TourGuideService -- Adding the current location to the user internalUser652
18:39:02.521 [pool-2-thread-1] INFO com.openclassrooms.tourguide.service.TourGuideService -- Adding the current location to the user internalUser650
18:39:02.610 [pool-2-thread-1] INFO com.openclassrooms.tourguide.service.TourGuideService -- Adding the current location to the user internalUser1959
18:39:02.673 [pool-2-thread-1] INFO com.openclassrooms.tourguide.service.TourGuideService -- Adding the current location to the user internalUser659
18:39:02.746 [pool-2-thread-1] INFO com.openclassrooms.tourguide.service.TourGuideService -- Adding the current location to the user internalUser1958
18:39:02.836 [pool-2-thread-1] INFO com.openclassrooms.tourguide.service.TourGuideService -- Adding the current location to the user internalUser1957
18:39:02.923 [pool-2-thread-1] INFO com.openclassrooms.tourguide.service.TourGuideService -- Adding the current location to the user internalUser657
18:39:03.006 [pool-2-thread-1] INFO com.openclassrooms.tourguide.service.TourGuideService -- Adding the current location to the user internalUser1956
18:39:03.088 [pool-2-thread-1] INFO com.openclassrooms.tourguide.service.TourGuideService -- Adding the current location to the user internalUser658
18:39:03.181 [pool-2-thread-1] INFO com.openclassrooms.tourguide.service.TourGuideService -- Adding the current location to the user internalUser1955
18:39:03.227 [pool-2-thread-1] INFO com.openclassrooms.tourguide.service.TourGuideService -- Adding the current location to the user internalUser666
18:39:03.304 [pool-2-thread-1] INFO com.openclassrooms.tourguide.service.TourGuideService -- Adding the current location to the user internalUser1921
18:39:03.394 [pool-2-thread-1] INFO com.openclassrooms.tourguide.service.TourGuideService -- Adding the current location to the user internalUser4194
18:39:03.480 [pool-2-thread-1] INFO com.openclassrooms.tourguide.service.TourGuideService -- Adding the current location to the user internalUser667
18:39:03.565 [pool-2-thread-1] INFO com.openclassrooms.tourguide.service.TourGuideService -- Adding the current location to the user internalUser1920
18:39:03.657 [pool-2-thread-1] INFO com.openclassrooms.tourguide.service.TourGuideService -- Adding the current location to the user internalUser4195
18:39:03.726 [pool-2-thread-1] INFO com.openclassrooms.tourguide.service.TourGuideService -- Adding the current location to the user internalUser664
18:39:03.822 [pool-2-thread-1] INFO com.openclassrooms.tourguide.service.TourGuideService -- Adding the current location to the user internalUser4196
18:39:03.897 [pool-2-thread-1] INFO com.openclassrooms.tourguide.service.TourGuideService -- Adding the current location to the user internalUser665
18:39:03.942 [pool-2-thread-1] INFO com.openclassrooms.tourguide.service.TourGuideService -- Adding the current location to the user internalUser4197
18:39:04.032 [pool-2-thread-1] INFO com.openclassrooms.tourguide.service.TourGuideService -- Adding the current location to the user internalUser662
18:39:04.087 [pool-2-thread-1] INFO com.openclassrooms.tourguide.service.TourGuideService -- Adding the current location to the user internalUser4198
18:39:04.159 [pool-2-thread-1] INFO com.openclassrooms.tourguide.service.TourGuideService -- Adding the current location to the user internalUser663
18:39:04.210 [pool-2-thread-1] INFO com.openclassrooms.tourguide.service.TourGuideService -- Adding the current location to the user internalUser4199
18:39:04.295 [pool-2-thread-1] INFO com.openclassrooms.tourguide.service.TourGuideService -- Adding the current location to the user internalUser660
18:39:04.332 [pool-2-thread-1] INFO com.openclassrooms.tourguide.service.TourGuideService -- Adding the current location to the user internalUser661
18:39:04.384 [pool-2-thread-1] INFO com.openclassrooms.tourguide.service.TourGuideService -- Adding the current location to the user internalUser1929
18:39:04.418 [pool-2-thread-1] INFO com.openclassrooms.tourguide.service.TourGuideService -- Adding the current location to the user internalUser1928
18:39:04.489 [pool-2-thread-1] INFO com.openclassrooms.tourguide.service.TourGuideService -- Adding the current location to the user internalUser1927
18:39:04.554 [pool-2-thread-1] INFO com.openclassrooms.tourguide.service.TourGuideService -- Adding the current location to the user internalUser1926
18:39:04.643 [pool-2-thread-1] INFO com.openclassrooms.tourguide.service.TourGuideService -- Adding the current location to the user internalUser1925
18:39:04.726 [pool-2-thread-1] INFO com.openclassrooms.tourguide.service.TourGuideService -- Adding the current location to the user internalUser1924
18:39:04.809 [pool-2-thread-1] INFO com.openclassrooms.tourguide.service.TourGuideService -- Adding the current location to the user internalUser668
18:39:04.893 [pool-2-thread-1] INFO com.openclassrooms.tourguide.service.TourGuideService -- Adding the current location to the user internalUser1923
18:39:04.948 [pool-2-thread-1] INFO com.openclassrooms.tourguide.service.TourGuideService -- Adding the current location to the user internalUser669
18:39:04.986 [pool-2-thread-1] INFO com.openclassrooms.tourguide.service.TourGuideService -- Adding the current location to the user internalUser1922
18:39:05.048 [pool-2-thread-1] INFO com.openclassrooms.tourguide.service.TourGuideService -- Adding the current location to the user internalUser670
18:39:05.141 [pool-2-thread-1] INFO com.openclassrooms.tourguide.service.TourGuideService -- Adding the current location to the user internalUser677
18:39:05.216 [pool-2-thread-1] INFO com.openclassrooms.tourguide.service.TourGuideService -- Adding the current location to the user internalUser1932
18:39:05.277 [pool-2-thread-1] INFO com.openclassrooms.tourguide.service.TourGuideService -- Adding the current location to the user internalUser678
18:39:05.376 [pool-2-thread-1] INFO com.openclassrooms.tourguide.service.TourGuideService -- Adding the current location to the user internalUser1931
18:39:05.468 [pool-2-thread-1] INFO com.openclassrooms.tourguide.service.TourGuideService -- Adding the current location to the user internalUser675
18:39:05.524 [pool-2-thread-1] INFO com.openclassrooms.tourguide.service.TourGuideService -- Adding the current location to the user internalUser1930
18:39:05.593 [pool-2-thread-1] INFO com.openclassrooms.tourguide.service.TourGuideService -- Adding the current location to the user internalUser676
18:39:05.637 [pool-2-thread-1] INFO com.openclassrooms.tourguide.service.TourGuideService -- Adding the current location to the user internalUser673
18:39:05.737 [pool-2-thread-1] INFO com.openclassrooms.tourguide.service.TourGuideService -- Adding the current location to the user internalUser674
18:39:05.779 [pool-2-thread-1] INFO com.openclassrooms.tourguide.service.TourGuideService -- Adding the current location to the user internalUser671
18:39:05.828 [pool-2-thread-1] INFO com.openclassrooms.tourguide.service.TourGuideService -- Adding the current location to the user internalUser672
18:39:05.883 [pool-2-thread-1] INFO com.openclassrooms.tourguide.service.TourGuideService -- Adding the current location to the user internalUser1939
18:39:05.943 [pool-2-thread-1] INFO com.openclassrooms.tourguide.service.TourGuideService -- Adding the current location to the user internalUser1938
18:39:05.977 [pool-2-thread-1] INFO com.openclassrooms.tourguide.service.TourGuideService -- Adding the current location to the user internalUser1937
18:39:06.016 [pool-2-thread-1] INFO com.openclassrooms.tourguide.service.TourGuideService -- Adding the current location to the user internalUser1936
18:39:06.108 [pool-2-thread-1] INFO com.openclassrooms.tourguide.service.TourGuideService -- Adding the current location to the user internalUser1935
18:39:06.165 [pool-2-thread-1] INFO com.openclassrooms.tourguide.service.TourGuideService -- Adding the current location to the user internalUser679
18:39:06.253 [pool-2-thread-1] INFO com.openclassrooms.tourguide.service.TourGuideService -- Adding the current location to the user internalUser1934
18:39:06.347 [pool-2-thread-1] INFO com.openclassrooms.tourguide.service.TourGuideService -- Adding the current location to the user internalUser1933
18:39:06.421 [pool-2-thread-1] INFO com.openclassrooms.tourguide.service.TourGuideService -- Adding the current location to the user internalUser1066
18:39:06.472 [pool-2-thread-1] INFO com.openclassrooms.tourguide.service.TourGuideService -- Adding the current location to the user internalUser2397
18:39:06.525 [pool-2-thread-1] INFO com.openclassrooms.tourguide.service.TourGuideService -- Adding the current location to the user internalUser1065
18:39:06.606 [pool-2-thread-1] INFO com.openclassrooms.tourguide.service.TourGuideService -- Adding the current location to the user internalUser2396
18:39:06.669 [pool-2-thread-1] INFO com.openclassrooms.tourguide.service.TourGuideService -- Adding the current location to the user internalUser1064
18:39:06.748 [pool-2-thread-1] INFO com.openclassrooms.tourguide.service.TourGuideService -- Adding the current location to the user internalUser2395
18:39:06.811 [pool-2-thread-1] INFO com.openclassrooms.tourguide.service.TourGuideService -- Adding the current location to the user internalUser1063
18:39:06.866 [pool-2-thread-1] INFO com.openclassrooms.tourguide.service.TourGuideService -- Adding the current location to the user internalUser2394
18:39:06.897 [pool-2-thread-1] INFO com.openclassrooms.tourguide.service.TourGuideService -- Adding the current location to the user internalUser1062
18:39:06.980 [pool-2-thread-1] INFO com.openclassrooms.tourguide.service.TourGuideService -- Adding the current location to the user internalUser2393
18:39:07.066 [pool-2-thread-1] INFO com.openclassrooms.tourguide.service.TourGuideService -- Adding the current location to the user internalUser1061
18:39:07.121 [pool-2-thread-1] INFO com.openclassrooms.tourguide.service.TourGuideService -- Adding the current location to the user internalUser2392
18:39:07.171 [pool-2-thread-1] INFO com.openclassrooms.tourguide.service.TourGuideService -- Adding the current location to the user internalUser1060
18:39:07.238 [pool-2-thread-1] INFO com.openclassrooms.tourguide.service.TourGuideService -- Adding the current location to the user internalUser2391
18:39:07.302 [pool-2-thread-1] INFO com.openclassrooms.tourguide.service.TourGuideService -- Adding the current location to the user internalUser2390
18:39:07.357 [pool-2-thread-1] INFO com.openclassrooms.tourguide.service.TourGuideService -- Adding the current location to the user internalUser721
18:39:07.418 [pool-2-thread-1] INFO com.openclassrooms.tourguide.service.TourGuideService -- Adding the current location to the user internalUser722
18:39:07.456 [pool-2-thread-1] INFO com.openclassrooms.tourguide.service.TourGuideService -- Adding the current location to the user internalUser720
18:39:07.530 [pool-2-thread-1] INFO com.openclassrooms.tourguide.service.TourGuideService -- Adding the current location to the user internalUser1069
18:39:07.630 [pool-2-thread-1] INFO com.openclassrooms.tourguide.service.TourGuideService -- Adding the current location to the user internalUser1068
18:39:07.710 [pool-2-thread-1] INFO com.openclassrooms.tourguide.service.TourGuideService -- Adding the current location to the user internalUser2399
18:39:07.789 [pool-2-thread-1] INFO com.openclassrooms.tourguide.service.TourGuideService -- Adding the current location to the user internalUser1067
18:39:07.886 [pool-2-thread-1] INFO com.openclassrooms.tourguide.service.TourGuideService -- Adding the current location to the user internalUser2398
18:39:07.970 [pool-2-thread-1] INFO com.openclassrooms.tourguide.service.TourGuideService -- Adding the current location to the user internalUser729
18:39:08.057 [pool-2-thread-1] INFO com.openclassrooms.tourguide.service.TourGuideService -- Adding the current location to the user internalUser727
18:39:08.102 [pool-2-thread-1] INFO com.openclassrooms.tourguide.service.TourGuideService -- Adding the current location to the user internalUser728
18:39:08.189 [pool-2-thread-1] INFO com.openclassrooms.tourguide.service.TourGuideService -- Adding the current location to the user internalUser725
18:39:08.288 [pool-2-thread-1] INFO com.openclassrooms.tourguide.service.TourGuideService -- Adding the current location to the user internalUser726
18:39:08.372 [pool-2-thread-1] INFO com.openclassrooms.tourguide.service.TourGuideService -- Adding the current location to the user internalUser723
18:39:08.433 [pool-2-thread-1] INFO com.openclassrooms.tourguide.service.TourGuideService -- Adding the current location to the user internalUser724
18:39:08.507 [pool-2-thread-1] INFO com.openclassrooms.tourguide.service.TourGuideService -- Adding the current location to the user internalUser1077
18:39:08.586 [pool-2-thread-1] INFO com.openclassrooms.tourguide.service.TourGuideService -- Adding the current location to the user internalUser4103
18:39:08.665 [pool-2-thread-1] INFO com.openclassrooms.tourguide.service.TourGuideService -- Adding the current location to the user internalUser1076
18:39:08.726 [pool-2-thread-1] INFO com.openclassrooms.tourguide.service.TourGuideService -- Adding the current location to the user internalUser4104
18:39:08.757 [pool-2-thread-1] INFO com.openclassrooms.tourguide.service.TourGuideService -- Adding the current location to the user internalUser1075
18:39:08.791 [pool-2-thread-1] INFO com.openclassrooms.tourguide.service.TourGuideService -- Adding the current location to the user internalUser4105
18:39:08.874 [pool-2-thread-1] INFO com.openclassrooms.tourguide.service.TourGuideService -- Adding the current location to the user internalUser1074
18:39:08.954 [pool-2-thread-1] INFO com.openclassrooms.tourguide.service.TourGuideService -- Adding the current location to the user internalUser4106
18:39:09.010 [pool-2-thread-1] INFO com.openclassrooms.tourguide.service.TourGuideService -- Adding the current location to the user internalUser1073
18:39:09.097 [pool-2-thread-1] INFO com.openclassrooms.tourguide.service.TourGuideService -- Adding the current location to the user internalUser4107
18:39:09.130 [pool-2-thread-1] INFO com.openclassrooms.tourguide.service.TourGuideService -- Adding the current location to the user internalUser1072
18:39:09.174 [pool-2-thread-1] INFO com.openclassrooms.tourguide.service.TourGuideService -- Adding the current location to the user internalUser4108
18:39:09.240 [pool-2-thread-1] INFO com.openclassrooms.tourguide.service.TourGuideService -- Adding the current location to the user internalUser1071
18:39:09.271 [pool-2-thread-1] INFO com.openclassrooms.tourguide.service.TourGuideService -- Adding the current location to the user internalUser4109
18:39:09.308 [pool-2-thread-1] INFO com.openclassrooms.tourguide.service.TourGuideService -- Adding the current location to the user internalUser1070
18:39:09.353 [pool-2-thread-1] INFO com.openclassrooms.tourguide.service.TourGuideService -- Adding the current location to the user internalUser732
18:39:09.420 [pool-2-thread-1] INFO com.openclassrooms.tourguide.service.TourGuideService -- Adding the current location to the user internalUser733
18:39:09.510 [pool-2-thread-1] INFO com.openclassrooms.tourguide.service.TourGuideService -- Adding the current location to the user internalUser730
18:39:09.566 [pool-2-thread-1] INFO com.openclassrooms.tourguide.service.TourGuideService -- Adding the current location to the user internalUser731
18:39:09.665 [pool-2-thread-1] INFO com.openclassrooms.tourguide.service.TourGuideService -- Adding the current location to the user internalUser4100
18:39:09.725 [pool-2-thread-1] INFO com.openclassrooms.tourguide.service.TourGuideService -- Adding the current location to the user internalUser1079
18:39:09.795 [pool-2-thread-1] INFO com.openclassrooms.tourguide.service.TourGuideService -- Adding the current location to the user internalUser4101
18:39:09.851 [pool-2-thread-1] INFO com.openclassrooms.tourguide.service.TourGuideService -- Adding the current location to the user internalUser1078
18:39:09.912 [pool-2-thread-1] INFO com.openclassrooms.tourguide.service.TourGuideService -- Adding the current location to the user internalUser4102
18:39:09.955 [pool-2-thread-1] INFO com.openclassrooms.tourguide.service.TourGuideService -- Adding the current location to the user internalUser738
18:39:09.996 [pool-2-thread-1] INFO com.openclassrooms.tourguide.service.TourGuideService -- Adding the current location to the user internalUser739
18:39:10.075 [pool-2-thread-1] INFO com.openclassrooms.tourguide.service.TourGuideService -- Adding the current location to the user internalUser736
18:39:10.136 [pool-2-thread-1] INFO com.openclassrooms.tourguide.service.TourGuideService -- Adding the current location to the user internalUser737
18:39:10.170 [pool-2-thread-1] INFO com.openclassrooms.tourguide.service.TourGuideService -- Adding the current location to the user internalUser734
18:39:10.254 [pool-2-thread-1] INFO com.openclassrooms.tourguide.service.TourGuideService -- Adding the current location to the user internalUser735
18:39:10.311 [pool-2-thread-1] INFO com.openclassrooms.tourguide.service.TourGuideService -- Adding the current location to the user internalUser1080
18:39:10.396 [pool-2-thread-1] INFO com.openclassrooms.tourguide.service.TourGuideService -- Adding the current location to the user internalUser1044
18:39:10.450 [pool-2-thread-1] INFO com.openclassrooms.tourguide.service.TourGuideService -- Adding the current location to the user internalUser2375
18:39:10.530 [pool-2-thread-1] INFO com.openclassrooms.tourguide.service.TourGuideService -- Adding the current location to the user internalUser1043
18:39:10.562 [pool-2-thread-1] INFO com.openclassrooms.tourguide.service.TourGuideService -- Adding the current location to the user internalUser2374
18:39:10.604 [pool-2-thread-1] INFO com.openclassrooms.tourguide.service.TourGuideService -- Adding the current location to the user internalUser1042
18:39:10.676 [pool-2-thread-1] INFO com.openclassrooms.tourguide.service.TourGuideService -- Adding the current location to the user internalUser2373
18:39:10.760 [pool-2-thread-1] INFO com.openclassrooms.tourguide.service.TourGuideService -- Adding the current location to the user internalUser1041
18:39:10.799 [pool-2-thread-1] INFO com.openclassrooms.tourguide.service.TourGuideService -- Adding the current location to the user internalUser2372
18:39:10.890 [pool-2-thread-1] INFO com.openclassrooms.tourguide.service.TourGuideService -- Adding the current location to the user internalUser1040
18:39:10.965 [pool-2-thread-1] INFO com.openclassrooms.tourguide.service.TourGuideService -- Adding the current location to the user internalUser2371
18:39:11.013 [pool-2-thread-1] INFO com.openclassrooms.tourguide.service.TourGuideService -- Adding the current location to the user internalUser2370
18:39:11.097 [pool-2-thread-1] INFO com.openclassrooms.tourguide.service.TourGuideService -- Adding the current location to the user internalUser743
18:39:11.135 [pool-2-thread-1] INFO com.openclassrooms.tourguide.service.TourGuideService -- Adding the current location to the user internalUser744
18:39:11.190 [pool-2-thread-1] INFO com.openclassrooms.tourguide.service.TourGuideService -- Adding the current location to the user internalUser741
18:39:11.222 [pool-2-thread-1] INFO com.openclassrooms.tourguide.service.TourGuideService -- Adding the current location to the user internalUser742
18:39:11.261 [pool-2-thread-1] INFO com.openclassrooms.tourguide.service.TourGuideService -- Adding the current location to the user internalUser1049
18:39:11.296 [pool-2-thread-1] INFO com.openclassrooms.tourguide.service.TourGuideService -- Adding the current location to the user internalUser1048
18:39:11.362 [pool-2-thread-1] INFO com.openclassrooms.tourguide.service.TourGuideService -- Adding the current location to the user internalUser2379
18:39:11.414 [pool-2-thread-1] INFO com.openclassrooms.tourguide.service.TourGuideService -- Adding the current location to the user internalUser740
18:39:11.459 [pool-2-thread-1] INFO com.openclassrooms.tourguide.service.TourGuideService -- Adding the current location to the user internalUser1047
18:39:11.545 [pool-2-thread-1] INFO com.openclassrooms.tourguide.service.TourGuideService -- Adding the current location to the user internalUser2378
18:39:11.591 [pool-2-thread-1] INFO com.openclassrooms.tourguide.service.TourGuideService -- Adding the current location to the user internalUser1046
18:39:11.671 [pool-2-thread-1] INFO com.openclassrooms.tourguide.service.TourGuideService -- Adding the current location to the user internalUser2377
18:39:11.705 [pool-2-thread-1] INFO com.openclassrooms.tourguide.service.TourGuideService -- Adding the current location to the user internalUser1045
18:39:11.801 [pool-2-thread-1] INFO com.openclassrooms.tourguide.service.TourGuideService -- Adding the current location to the user internalUser2376
18:39:11.900 [pool-2-thread-1] INFO com.openclassrooms.tourguide.service.TourGuideService -- Adding the current location to the user internalUser749
18:39:11.945 [pool-2-thread-1] INFO com.openclassrooms.tourguide.service.TourGuideService -- Adding the current location to the user internalUser747
18:39:12.016 [pool-2-thread-1] INFO com.openclassrooms.tourguide.service.TourGuideService -- Adding the current location to the user internalUser748
18:39:12.076 [pool-2-thread-1] INFO com.openclassrooms.tourguide.service.TourGuideService -- Adding the current location to the user internalUser745
18:39:12.109 [pool-2-thread-1] INFO com.openclassrooms.tourguide.service.TourGuideService -- Adding the current location to the user internalUser746
18:39:12.203 [pool-2-thread-1] INFO com.openclassrooms.tourguide.service.TourGuideService -- Adding the current location to the user internalUser1055
18:39:12.293 [pool-2-thread-1] INFO com.openclassrooms.tourguide.service.TourGuideService -- Adding the current location to the user internalUser2386
18:39:12.337 [pool-2-thread-1] INFO com.openclassrooms.tourguide.service.TourGuideService -- Adding the current location to the user internalUser1054
18:39:12.402 [pool-2-thread-1] INFO com.openclassrooms.tourguide.service.TourGuideService -- Adding the current location to the user internalUser2385
18:39:12.498 [pool-2-thread-1] INFO com.openclassrooms.tourguide.service.TourGuideService -- Adding the current location to the user internalUser1053
18:39:12.531 [pool-2-thread-1] INFO com.openclassrooms.tourguide.service.TourGuideService -- Adding the current location to the user internalUser2384
18:39:12.581 [pool-2-thread-1] INFO com.openclassrooms.tourguide.service.TourGuideService -- Adding the current location to the user internalUser1052
18:39:12.678 [pool-2-thread-1] INFO com.openclassrooms.tourguide.service.TourGuideService -- Adding the current location to the user internalUser2383
18:39:12.711 [pool-2-thread-1] INFO com.openclassrooms.tourguide.service.TourGuideService -- Adding the current location to the user internalUser1051
18:39:12.762 [pool-2-thread-1] INFO com.openclassrooms.tourguide.service.TourGuideService -- Adding the current location to the user internalUser2382
18:39:12.857 [pool-2-thread-1] INFO com.openclassrooms.tourguide.service.TourGuideService -- Adding the current location to the user internalUser1050
18:39:12.917 [pool-2-thread-1] INFO com.openclassrooms.tourguide.service.TourGuideService -- Adding the current location to the user internalUser2381
18:39:13.003 [pool-2-thread-1] INFO com.openclassrooms.tourguide.service.TourGuideService -- Adding the current location to the user internalUser2380
18:39:13.048 [pool-2-thread-1] INFO com.openclassrooms.tourguide.service.TourGuideService -- Adding the current location to the user internalUser754
18:39:13.118 [pool-2-thread-1] INFO com.openclassrooms.tourguide.service.TourGuideService -- Adding the current location to the user internalUser755
18:39:13.183 [pool-2-thread-1] INFO com.openclassrooms.tourguide.service.TourGuideService -- Adding the current location to the user internalUser752
18:39:13.227 [pool-2-thread-1] INFO com.openclassrooms.tourguide.service.TourGuideService -- Adding the current location to the user internalUser753
18:39:13.266 [pool-2-thread-1] INFO com.openclassrooms.tourguide.service.TourGuideService -- Adding the current location to the user internalUser750
18:39:13.352 [pool-2-thread-1] INFO com.openclassrooms.tourguide.service.TourGuideService -- Adding the current location to the user internalUser1059
18:39:13.428 [pool-2-thread-1] INFO com.openclassrooms.tourguide.service.TourGuideService -- Adding the current location to the user internalUser751
18:39:13.473 [pool-2-thread-1] INFO com.openclassrooms.tourguide.service.TourGuideService -- Adding the current location to the user internalUser1058
18:39:13.567 [pool-2-thread-1] INFO com.openclassrooms.tourguide.service.TourGuideService -- Adding the current location to the user internalUser2389
18:39:13.597 [pool-2-thread-1] INFO com.openclassrooms.tourguide.service.TourGuideService -- Adding the current location to the user internalUser1057
18:39:13.664 [pool-2-thread-1] INFO com.openclassrooms.tourguide.service.TourGuideService -- Adding the current location to the user internalUser2388
18:39:13.751 [pool-2-thread-1] INFO com.openclassrooms.tourguide.service.TourGuideService -- Adding the current location to the user internalUser1056
18:39:13.851 [pool-2-thread-1] INFO com.openclassrooms.tourguide.service.TourGuideService -- Adding the current location to the user internalUser2387
18:39:13.916 [pool-2-thread-1] INFO com.openclassrooms.tourguide.service.TourGuideService -- Adding the current location to the user internalUser758
18:39:13.981 [pool-2-thread-1] INFO com.openclassrooms.tourguide.service.TourGuideService -- Adding the current location to the user internalUser759
18:39:14.067 [pool-2-thread-1] INFO com.openclassrooms.tourguide.service.TourGuideService -- Adding the current location to the user internalUser756
18:39:14.117 [pool-2-thread-1] INFO com.openclassrooms.tourguide.service.TourGuideService -- Adding the current location to the user internalUser757
18:39:14.157 [pool-2-thread-1] INFO com.openclassrooms.tourguide.service.TourGuideService -- Adding the current location to the user internalUser4136
18:39:14.225 [pool-2-thread-1] INFO com.openclassrooms.tourguide.service.TourGuideService -- Adding the current location to the user internalUser4137
18:39:14.261 [pool-2-thread-1] INFO com.openclassrooms.tourguide.service.TourGuideService -- Adding the current location to the user internalUser4138
18:39:14.322 [pool-2-thread-1] INFO com.openclassrooms.tourguide.service.TourGuideService -- Adding the current location to the user internalUser4139
18:39:14.422 [pool-2-thread-1] INFO com.openclassrooms.tourguide.service.TourGuideService -- Adding the current location to the user internalUser4130
18:39:14.471 [pool-2-thread-1] INFO com.openclassrooms.tourguide.service.TourGuideService -- Adding the current location to the user internalUser4131
18:39:14.555 [pool-2-thread-1] INFO com.openclassrooms.tourguide.service.TourGuideService -- Adding the current location to the user internalUser4132
18:39:14.631 [pool-2-thread-1] INFO com.openclassrooms.tourguide.service.TourGuideService -- Adding the current location to the user internalUser4133
18:39:14.696 [pool-2-thread-1] INFO com.openclassrooms.tourguide.service.TourGuideService -- Adding the current location to the user internalUser4134
18:39:14.726 [pool-2-thread-1] INFO com.openclassrooms.tourguide.service.TourGuideService -- Adding the current location to the user internalUser4135
18:39:14.816 [pool-2-thread-1] INFO com.openclassrooms.tourguide.service.TourGuideService -- Adding the current location to the user internalUser4147
18:39:14.907 [pool-2-thread-1] INFO com.openclassrooms.tourguide.service.TourGuideService -- Adding the current location to the user internalUser4148
18:39:14.951 [pool-2-thread-1] INFO com.openclassrooms.tourguide.service.TourGuideService -- Adding the current location to the user internalUser4149
18:39:15.012 [pool-2-thread-1] INFO com.openclassrooms.tourguide.service.TourGuideService -- Adding the current location to the user internalUser4140
18:39:15.093 [pool-2-thread-1] INFO com.openclassrooms.tourguide.service.TourGuideService -- Adding the current location to the user internalUser4141
18:39:15.125 [pool-2-thread-1] INFO com.openclassrooms.tourguide.service.TourGuideService -- Adding the current location to the user internalUser4142
18:39:15.173 [pool-2-thread-1] INFO com.openclassrooms.tourguide.service.TourGuideService -- Adding the current location to the user internalUser4143
18:39:15.240 [pool-2-thread-1] INFO com.openclassrooms.tourguide.service.TourGuideService -- Adding the current location to the user internalUser4144
18:39:15.312 [pool-2-thread-1] INFO com.openclassrooms.tourguide.service.TourGuideService -- Adding the current location to the user internalUser4145
18:39:15.376 [pool-2-thread-1] INFO com.openclassrooms.tourguide.service.TourGuideService -- Adding the current location to the user internalUser4146
18:39:15.418 [pool-2-thread-1] INFO com.openclassrooms.tourguide.service.TourGuideService -- Adding the current location to the user internalUser1088
18:39:15.451 [pool-2-thread-1] INFO com.openclassrooms.tourguide.service.TourGuideService -- Adding the current location to the user internalUser4114
18:39:15.524 [pool-2-thread-1] INFO com.openclassrooms.tourguide.service.TourGuideService -- Adding the current location to the user internalUser1087
18:39:15.596 [pool-2-thread-1] INFO com.openclassrooms.tourguide.service.TourGuideService -- Adding the current location to the user internalUser4115
18:39:15.664 [pool-2-thread-1] INFO com.openclassrooms.tourguide.service.TourGuideService -- Adding the current location to the user internalUser1086
18:39:15.748 [pool-2-thread-1] INFO com.openclassrooms.tourguide.service.TourGuideService -- Adding the current location to the user internalUser4116
18:39:15.802 [pool-2-thread-1] INFO com.openclassrooms.tourguide.service.TourGuideService -- Adding the current location to the user internalUser1085
18:39:15.856 [pool-2-thread-1] INFO com.openclassrooms.tourguide.service.TourGuideService -- Adding the current location to the user internalUser4117
18:39:15.931 [pool-2-thread-1] INFO com.openclassrooms.tourguide.service.TourGuideService -- Adding the current location to the user internalUser1084
18:39:15.993 [pool-2-thread-1] INFO com.openclassrooms.tourguide.service.TourGuideService -- Adding the current location to the user internalUser4118
18:39:16.049 [pool-2-thread-1] INFO com.openclassrooms.tourguide.service.TourGuideService -- Adding the current location to the user internalUser1083
18:39:16.080 [pool-2-thread-1] INFO com.openclassrooms.tourguide.service.TourGuideService -- Adding the current location to the user internalUser4119
18:39:16.126 [pool-2-thread-1] INFO com.openclassrooms.tourguide.service.TourGuideService -- Adding the current location to the user internalUser1082
18:39:16.200 [pool-2-thread-1] INFO com.openclassrooms.tourguide.service.TourGuideService -- Adding the current location to the user internalUser1081
18:39:16.255 [pool-2-thread-1] INFO com.openclassrooms.tourguide.service.TourGuideService -- Adding the current location to the user internalUser700
18:39:16.317 [pool-2-thread-1] INFO com.openclassrooms.tourguide.service.TourGuideService -- Adding the current location to the user internalUser4110
18:39:16.408 [pool-2-thread-1] INFO com.openclassrooms.tourguide.service.TourGuideService -- Adding the current location to the user internalUser4111
18:39:16.452 [pool-2-thread-1] INFO com.openclassrooms.tourguide.service.TourGuideService -- Adding the current location to the user internalUser4112
18:39:16.539 [pool-2-thread-1] INFO com.openclassrooms.tourguide.service.TourGuideService -- Adding the current location to the user internalUser1089
18:39:16.584 [pool-2-thread-1] INFO com.openclassrooms.tourguide.service.TourGuideService -- Adding the current location to the user internalUser4113
18:39:16.663 [pool-2-thread-1] INFO com.openclassrooms.tourguide.service.TourGuideService -- Adding the current location to the user internalUser707
18:39:16.719 [pool-2-thread-1] INFO com.openclassrooms.tourguide.service.TourGuideService -- Adding the current location to the user internalUser708
18:39:16.767 [pool-2-thread-1] INFO com.openclassrooms.tourguide.service.TourGuideService -- Adding the current location to the user internalUser705
18:39:16.839 [pool-2-thread-1] INFO com.openclassrooms.tourguide.service.TourGuideService -- Adding the current location to the user internalUser706
18:39:16.930 [pool-2-thread-1] INFO com.openclassrooms.tourguide.service.TourGuideService -- Adding the current location to the user internalUser703
18:39:16.976 [pool-2-thread-1] INFO com.openclassrooms.tourguide.service.TourGuideService -- Adding the current location to the user internalUser704
18:39:17.065 [pool-2-thread-1] INFO com.openclassrooms.tourguide.service.TourGuideService -- Adding the current location to the user internalUser701
18:39:17.115 [pool-2-thread-1] INFO com.openclassrooms.tourguide.service.TourGuideService -- Adding the current location to the user internalUser702
18:39:17.162 [pool-2-thread-1] INFO com.openclassrooms.tourguide.service.TourGuideService -- Adding the current location to the user internalUser1091
18:39:17.235 [pool-2-thread-1] INFO com.openclassrooms.tourguide.service.TourGuideService -- Adding the current location to the user internalUser1090
18:39:17.268 [pool-2-thread-1] INFO com.openclassrooms.tourguide.service.TourGuideService -- Adding the current location to the user internalUser709
18:39:17.349 [pool-2-thread-1] INFO com.openclassrooms.tourguide.service.TourGuideService -- Adding the current location to the user internalUser1099
18:39:17.404 [pool-2-thread-1] INFO com.openclassrooms.tourguide.service.TourGuideService -- Adding the current location to the user internalUser4125
18:39:17.458 [pool-2-thread-1] INFO com.openclassrooms.tourguide.service.TourGuideService -- Adding the current location to the user internalUser1098
18:39:17.549 [pool-2-thread-1] INFO com.openclassrooms.tourguide.service.TourGuideService -- Adding the current location to the user internalUser4126
18:39:17.629 [pool-2-thread-1] INFO com.openclassrooms.tourguide.service.TourGuideService -- Adding the current location to the user internalUser1097
18:39:17.667 [pool-2-thread-1] INFO com.openclassrooms.tourguide.service.TourGuideService -- Adding the current location to the user internalUser4127
18:39:17.718 [pool-2-thread-1] INFO com.openclassrooms.tourguide.service.TourGuideService -- Adding the current location to the user internalUser1096
18:39:17.751 [pool-2-thread-1] INFO com.openclassrooms.tourguide.service.TourGuideService -- Adding the current location to the user internalUser4128
18:39:17.843 [pool-2-thread-1] INFO com.openclassrooms.tourguide.service.TourGuideService -- Adding the current location to the user internalUser1095
18:39:17.914 [pool-2-thread-1] INFO com.openclassrooms.tourguide.service.TourGuideService -- Adding the current location to the user internalUser4129
18:39:17.973 [pool-2-thread-1] INFO com.openclassrooms.tourguide.service.TourGuideService -- Adding the current location to the user internalUser1094
18:39:18.007 [pool-2-thread-1] INFO com.openclassrooms.tourguide.service.TourGuideService -- Adding the current location to the user internalUser1093
18:39:18.060 [pool-2-thread-1] INFO com.openclassrooms.tourguide.service.TourGuideService -- Adding the current location to the user internalUser1092
18:39:18.106 [pool-2-thread-1] INFO com.openclassrooms.tourguide.service.TourGuideService -- Adding the current location to the user internalUser710
18:39:18.171 [pool-2-thread-1] INFO com.openclassrooms.tourguide.service.TourGuideService -- Adding the current location to the user internalUser711
18:39:18.208 [pool-2-thread-1] INFO com.openclassrooms.tourguide.service.TourGuideService -- Adding the current location to the user internalUser4120
18:39:18.249 [pool-2-thread-1] INFO com.openclassrooms.tourguide.service.TourGuideService -- Adding the current location to the user internalUser4121
18:39:18.332 [pool-2-thread-1] INFO com.openclassrooms.tourguide.service.TourGuideService -- Adding the current location to the user internalUser4122
18:39:18.421 [pool-2-thread-1] INFO com.openclassrooms.tourguide.service.TourGuideService -- Adding the current location to the user internalUser4123
18:39:18.512 [pool-2-thread-1] INFO com.openclassrooms.tourguide.service.TourGuideService -- Adding the current location to the user internalUser4124
18:39:18.562 [pool-2-thread-1] INFO com.openclassrooms.tourguide.service.TourGuideService -- Adding the current location to the user internalUser718
18:39:18.606 [pool-2-thread-1] INFO com.openclassrooms.tourguide.service.TourGuideService -- Adding the current location to the user internalUser719
18:39:18.652 [pool-2-thread-1] INFO com.openclassrooms.tourguide.service.TourGuideService -- Adding the current location to the user internalUser716
18:39:18.741 [pool-2-thread-1] INFO com.openclassrooms.tourguide.service.TourGuideService -- Adding the current location to the user internalUser717
18:39:18.784 [pool-2-thread-1] INFO com.openclassrooms.tourguide.service.TourGuideService -- Adding the current location to the user internalUser714
18:39:18.855 [pool-2-thread-1] INFO com.openclassrooms.tourguide.service.TourGuideService -- Adding the current location to the user internalUser715
18:39:18.900 [pool-2-thread-1] INFO com.openclassrooms.tourguide.service.TourGuideService -- Adding the current location to the user internalUser712
18:39:18.958 [pool-2-thread-1] INFO com.openclassrooms.tourguide.service.TourGuideService -- Adding the current location to the user internalUser713
18:39:19.013 [pool-2-thread-1] INFO com.openclassrooms.tourguide.service.TourGuideService -- Adding the current location to the user internalUser3641
18:39:19.061 [pool-2-thread-1] INFO com.openclassrooms.tourguide.service.TourGuideService -- Adding the current location to the user internalUser4972
18:39:19.116 [pool-2-thread-1] INFO com.openclassrooms.tourguide.service.TourGuideService -- Adding the current location to the user internalUser3642
18:39:19.164 [pool-2-thread-1] INFO com.openclassrooms.tourguide.service.TourGuideService -- Adding the current location to the user internalUser4973
18:39:19.247 [pool-2-thread-1] INFO com.openclassrooms.tourguide.service.TourGuideService -- Adding the current location to the user internalUser3643
18:39:19.320 [pool-2-thread-1] INFO com.openclassrooms.tourguide.service.TourGuideService -- Adding the current location to the user internalUser4974
18:39:19.400 [pool-2-thread-1] INFO com.openclassrooms.tourguide.service.TourGuideService -- Adding the current location to the user internalUser3644
18:39:19.491 [pool-2-thread-1] INFO com.openclassrooms.tourguide.service.TourGuideService -- Adding the current location to the user internalUser4975
18:39:19.548 [pool-2-thread-1] INFO com.openclassrooms.tourguide.service.TourGuideService -- Adding the current location to the user internalUser3645
18:39:19.623 [pool-2-thread-1] INFO com.openclassrooms.tourguide.service.TourGuideService -- Adding the current location to the user internalUser4976
18:39:19.671 [pool-2-thread-1] INFO com.openclassrooms.tourguide.service.TourGuideService -- Adding the current location to the user internalUser3646
18:39:19.769 [pool-2-thread-1] INFO com.openclassrooms.tourguide.service.TourGuideService -- Adding the current location to the user internalUser4977
18:39:19.857 [pool-2-thread-1] INFO com.openclassrooms.tourguide.service.TourGuideService -- Adding the current location to the user internalUser3647
18:39:19.938 [pool-2-thread-1] INFO com.openclassrooms.tourguide.service.TourGuideService -- Adding the current location to the user internalUser4978
18:39:20.004 [pool-2-thread-1] INFO com.openclassrooms.tourguide.service.TourGuideService -- Adding the current location to the user internalUser3648
18:39:20.086 [pool-2-thread-1] INFO com.openclassrooms.tourguide.service.TourGuideService -- Adding the current location to the user internalUser4979
18:39:20.163 [pool-2-thread-1] INFO com.openclassrooms.tourguide.service.TourGuideService -- Adding the current location to the user internalUser2317
18:39:20.215 [pool-2-thread-1] INFO com.openclassrooms.tourguide.service.TourGuideService -- Adding the current location to the user internalUser2316
18:39:20.264 [pool-2-thread-1] INFO com.openclassrooms.tourguide.service.TourGuideService -- Adding the current location to the user internalUser2315
18:39:20.360 [pool-2-thread-1] INFO com.openclassrooms.tourguide.service.TourGuideService -- Adding the current location to the user internalUser2314
18:39:20.401 [pool-2-thread-1] INFO com.openclassrooms.tourguide.service.TourGuideService -- Adding the current location to the user internalUser2313
18:39:20.468 [pool-2-thread-1] INFO com.openclassrooms.tourguide.service.TourGuideService -- Adding the current location to the user internalUser2312
18:39:20.543 [pool-2-thread-1] INFO com.openclassrooms.tourguide.service.TourGuideService -- Adding the current location to the user internalUser2311
18:39:20.583 [pool-2-thread-1] INFO com.openclassrooms.tourguide.service.TourGuideService -- Adding the current location to the user internalUser4970
18:39:20.658 [pool-2-thread-1] INFO com.openclassrooms.tourguide.service.TourGuideService -- Adding the current location to the user internalUser2310
18:39:20.743 [pool-2-thread-1] INFO com.openclassrooms.tourguide.service.TourGuideService -- Adding the current location to the user internalUser3640
18:39:20.811 [pool-2-thread-1] INFO com.openclassrooms.tourguide.service.TourGuideService -- Adding the current location to the user internalUser4971
18:39:20.891 [pool-2-thread-1] INFO com.openclassrooms.tourguide.service.TourGuideService -- Adding the current location to the user internalUser2319
18:39:20.974 [pool-2-thread-1] INFO com.openclassrooms.tourguide.service.TourGuideService -- Adding the current location to the user internalUser2318
18:39:21.070 [pool-2-thread-1] INFO com.openclassrooms.tourguide.service.TourGuideService -- Adding the current location to the user internalUser3649
18:39:21.111 [pool-2-thread-1] INFO com.openclassrooms.tourguide.service.TourGuideService -- Adding the current location to the user internalUser2320
18:39:21.189 [pool-2-thread-1] INFO com.openclassrooms.tourguide.service.TourGuideService -- Adding the current location to the user internalUser3652
18:39:21.250 [pool-2-thread-1] INFO com.openclassrooms.tourguide.service.TourGuideService -- Adding the current location to the user internalUser4983
18:39:21.313 [pool-2-thread-1] INFO com.openclassrooms.tourguide.service.TourGuideService -- Adding the current location to the user internalUser3653
18:39:21.409 [pool-2-thread-1] INFO com.openclassrooms.tourguide.service.TourGuideService -- Adding the current location to the user internalUser4984
18:39:21.450 [pool-2-thread-1] INFO com.openclassrooms.tourguide.service.TourGuideService -- Adding the current location to the user internalUser3654
18:39:21.485 [pool-2-thread-1] INFO com.openclassrooms.tourguide.service.TourGuideService -- Adding the current location to the user internalUser4985
18:39:21.529 [pool-2-thread-1] INFO com.openclassrooms.tourguide.service.TourGuideService -- Adding the current location to the user internalUser3655
18:39:21.623 [pool-2-thread-1] INFO com.openclassrooms.tourguide.service.TourGuideService -- Adding the current location to the user internalUser4986
18:39:21.666 [pool-2-thread-1] INFO com.openclassrooms.tourguide.service.TourGuideService -- Adding the current location to the user internalUser3656
18:39:21.757 [pool-2-thread-1] INFO com.openclassrooms.tourguide.service.TourGuideService -- Adding the current location to the user internalUser4987
18:39:21.850 [pool-2-thread-1] INFO com.openclassrooms.tourguide.service.TourGuideService -- Adding the current location to the user internalUser3657
18:39:21.927 [pool-2-thread-1] INFO com.openclassrooms.tourguide.service.TourGuideService -- Adding the current location to the user internalUser4988
18:39:22.007 [pool-2-thread-1] INFO com.openclassrooms.tourguide.service.TourGuideService -- Adding the current location to the user internalUser3658
18:39:22.094 [pool-2-thread-1] INFO com.openclassrooms.tourguide.service.TourGuideService -- Adding the current location to the user internalUser4989
18:39:22.146 [pool-2-thread-1] INFO com.openclassrooms.tourguide.service.TourGuideService -- Adding the current location to the user internalUser3659
18:39:22.236 [pool-2-thread-1] INFO com.openclassrooms.tourguide.service.TourGuideService -- Adding the current location to the user internalUser2328
18:39:22.294 [pool-2-thread-1] INFO com.openclassrooms.tourguide.service.TourGuideService -- Adding the current location to the user internalUser2327
18:39:22.361 [pool-2-thread-1] INFO com.openclassrooms.tourguide.service.TourGuideService -- Adding the current location to the user internalUser2326
18:39:22.455 [pool-2-thread-1] INFO com.openclassrooms.tourguide.service.TourGuideService -- Adding the current location to the user internalUser2325
18:39:22.513 [pool-2-thread-1] INFO com.openclassrooms.tourguide.service.TourGuideService -- Adding the current location to the user internalUser2324
18:39:22.571 [pool-2-thread-1] INFO com.openclassrooms.tourguide.service.TourGuideService -- Adding the current location to the user internalUser2323
18:39:22.634 [pool-2-thread-1] INFO com.openclassrooms.tourguide.service.TourGuideService -- Adding the current location to the user internalUser4980
18:39:22.670 [pool-2-thread-1] INFO com.openclassrooms.tourguide.service.TourGuideService -- Adding the current location to the user internalUser2322
18:39:22.719 [pool-2-thread-1] INFO com.openclassrooms.tourguide.service.TourGuideService -- Adding the current location to the user internalUser3650
18:39:22.757 [pool-2-thread-1] INFO com.openclassrooms.tourguide.service.TourGuideService -- Adding the current location to the user internalUser4981
18:39:22.793 [pool-2-thread-1] INFO com.openclassrooms.tourguide.service.TourGuideService -- Adding the current location to the user internalUser2321
18:39:22.850 [pool-2-thread-1] INFO com.openclassrooms.tourguide.service.TourGuideService -- Adding the current location to the user internalUser3651
18:39:22.949 [pool-2-thread-1] INFO com.openclassrooms.tourguide.service.TourGuideService -- Adding the current location to the user internalUser4982
18:39:23.015 [pool-2-thread-1] INFO com.openclassrooms.tourguide.service.TourGuideService -- Adding the current location to the user internalUser2329
18:39:23.077 [pool-2-thread-1] INFO com.openclassrooms.tourguide.service.TourGuideService -- Adding the current location to the user internalUser4950
18:39:23.144 [pool-2-thread-1] INFO com.openclassrooms.tourguide.service.TourGuideService -- Adding the current location to the user internalUser3620
18:39:23.220 [pool-2-thread-1] INFO com.openclassrooms.tourguide.service.TourGuideService -- Adding the current location to the user internalUser4951
18:39:23.304 [pool-2-thread-1] INFO com.openclassrooms.tourguide.service.TourGuideService -- Adding the current location to the user internalUser3621
18:39:23.376 [pool-2-thread-1] INFO com.openclassrooms.tourguide.service.TourGuideService -- Adding the current location to the user internalUser4952
18:39:23.415 [pool-2-thread-1] INFO com.openclassrooms.tourguide.service.TourGuideService -- Adding the current location to the user internalUser3622
18:39:23.506 [pool-2-thread-1] INFO com.openclassrooms.tourguide.service.TourGuideService -- Adding the current location to the user internalUser4953
18:39:23.574 [pool-2-thread-1] INFO com.openclassrooms.tourguide.service.TourGuideService -- Adding the current location to the user internalUser3623
18:39:23.656 [pool-2-thread-1] INFO com.openclassrooms.tourguide.service.TourGuideService -- Adding the current location to the user internalUser4954
18:39:23.728 [pool-2-thread-1] INFO com.openclassrooms.tourguide.service.TourGuideService -- Adding the current location to the user internalUser3624
18:39:23.773 [pool-2-thread-1] INFO com.openclassrooms.tourguide.service.TourGuideService -- Adding the current location to the user internalUser4955
18:39:23.820 [pool-2-thread-1] INFO com.openclassrooms.tourguide.service.TourGuideService -- Adding the current location to the user internalUser3625
18:39:23.898 [pool-2-thread-1] INFO com.openclassrooms.tourguide.service.TourGuideService -- Adding the current location to the user internalUser4956
18:39:23.962 [pool-2-thread-1] INFO com.openclassrooms.tourguide.service.TourGuideService -- Adding the current location to the user internalUser3626
18:39:24.026 [pool-2-thread-1] INFO com.openclassrooms.tourguide.service.TourGuideService -- Adding the current location to the user internalUser4957
18:39:24.115 [pool-2-thread-1] INFO com.openclassrooms.tourguide.service.TourGuideService -- Adding the current location to the user internalUser3627
18:39:24.208 [pool-2-thread-1] INFO com.openclassrooms.tourguide.service.TourGuideService -- Adding the current location to the user internalUser4958
18:39:24.306 [pool-2-thread-1] INFO com.openclassrooms.tourguide.service.TourGuideService -- Adding the current location to the user internalUser3628
18:39:24.399 [pool-2-thread-1] INFO com.openclassrooms.tourguide.service.TourGuideService -- Adding the current location to the user internalUser4959
18:39:24.471 [pool-2-thread-1] INFO com.openclassrooms.tourguide.service.TourGuideService -- Adding the current location to the user internalUser3629
18:39:24.512 [pool-2-thread-1] INFO com.openclassrooms.tourguide.service.TourGuideService -- Adding the current location to the user internalUser3630
18:39:24.581 [pool-2-thread-1] INFO com.openclassrooms.tourguide.service.TourGuideService -- Adding the current location to the user internalUser4961
18:39:24.616 [pool-2-thread-1] INFO com.openclassrooms.tourguide.service.TourGuideService -- Adding the current location to the user internalUser3631
18:39:24.654 [pool-2-thread-1] INFO com.openclassrooms.tourguide.service.TourGuideService -- Adding the current location to the user internalUser4962
18:39:24.728 [pool-2-thread-1] INFO com.openclassrooms.tourguide.service.TourGuideService -- Adding the current location to the user internalUser3632
18:39:24.785 [pool-2-thread-1] INFO com.openclassrooms.tourguide.service.TourGuideService -- Adding the current location to the user internalUser4963
18:39:24.843 [pool-2-thread-1] INFO com.openclassrooms.tourguide.service.TourGuideService -- Adding the current location to the user internalUser3633
18:39:24.884 [pool-2-thread-1] INFO com.openclassrooms.tourguide.service.TourGuideService -- Adding the current location to the user internalUser4964
18:39:24.968 [pool-2-thread-1] INFO com.openclassrooms.tourguide.service.TourGuideService -- Adding the current location to the user internalUser3634
18:39:25.016 [pool-2-thread-1] INFO com.openclassrooms.tourguide.service.TourGuideService -- Adding the current location to the user internalUser4965
18:39:25.063 [pool-2-thread-1] INFO com.openclassrooms.tourguide.service.TourGuideService -- Adding the current location to the user internalUser3635
18:39:25.123 [pool-2-thread-1] INFO com.openclassrooms.tourguide.service.TourGuideService -- Adding the current location to the user internalUser4966
18:39:25.222 [pool-2-thread-1] INFO com.openclassrooms.tourguide.service.TourGuideService -- Adding the current location to the user internalUser3636
18:39:25.259 [pool-2-thread-1] INFO com.openclassrooms.tourguide.service.TourGuideService -- Adding the current location to the user internalUser4967
18:39:25.357 [pool-2-thread-1] INFO com.openclassrooms.tourguide.service.TourGuideService -- Adding the current location to the user internalUser3637
18:39:25.413 [pool-2-thread-1] INFO com.openclassrooms.tourguide.service.TourGuideService -- Adding the current location to the user internalUser4968
18:39:25.500 [pool-2-thread-1] INFO com.openclassrooms.tourguide.service.TourGuideService -- Adding the current location to the user internalUser2306
18:39:25.541 [pool-2-thread-1] INFO com.openclassrooms.tourguide.service.TourGuideService -- Adding the current location to the user internalUser2305
18:39:25.573 [pool-2-thread-1] INFO com.openclassrooms.tourguide.service.TourGuideService -- Adding the current location to the user internalUser2304
18:39:25.652 [pool-2-thread-1] INFO com.openclassrooms.tourguide.service.TourGuideService -- Adding the current location to the user internalUser2303
18:39:25.732 [pool-2-thread-1] INFO com.openclassrooms.tourguide.service.TourGuideService -- Adding the current location to the user internalUser2302
18:39:25.777 [pool-2-thread-1] INFO com.openclassrooms.tourguide.service.TourGuideService -- Adding the current location to the user internalUser2301
18:39:25.871 [pool-2-thread-1] INFO com.openclassrooms.tourguide.service.TourGuideService -- Adding the current location to the user internalUser2300
18:39:25.943 [pool-2-thread-1] INFO com.openclassrooms.tourguide.service.TourGuideService -- Adding the current location to the user internalUser4960
18:39:25.995 [pool-2-thread-1] INFO com.openclassrooms.tourguide.service.TourGuideService -- Adding the current location to the user internalUser2309
18:39:26.090 [pool-2-thread-1] INFO com.openclassrooms.tourguide.service.TourGuideService -- Adding the current location to the user internalUser2308
18:39:26.183 [pool-2-thread-1] INFO com.openclassrooms.tourguide.service.TourGuideService -- Adding the current location to the user internalUser2307
18:39:26.256 [pool-2-thread-1] INFO com.openclassrooms.tourguide.service.TourGuideService -- Adding the current location to the user internalUser3638
18:39:26.315 [pool-2-thread-1] INFO com.openclassrooms.tourguide.service.TourGuideService -- Adding the current location to the user internalUser4969
18:39:26.356 [pool-2-thread-1] INFO com.openclassrooms.tourguide.service.TourGuideService -- Adding the current location to the user internalUser3639
18:39:26.444 [pool-2-thread-1] INFO com.openclassrooms.tourguide.service.TourGuideService -- Adding the current location to the user internalUser1022
18:39:26.519 [pool-2-thread-1] INFO com.openclassrooms.tourguide.service.TourGuideService -- Adding the current location to the user internalUser2353
18:39:26.583 [pool-2-thread-1] INFO com.openclassrooms.tourguide.service.TourGuideService -- Adding the current location to the user internalUser3685
18:39:26.636 [pool-2-thread-1] INFO com.openclassrooms.tourguide.service.TourGuideService -- Adding the current location to the user internalUser1021
18:39:26.708 [pool-2-thread-1] INFO com.openclassrooms.tourguide.service.TourGuideService -- Adding the current location to the user internalUser2352
18:39:26.745 [pool-2-thread-1] INFO com.openclassrooms.tourguide.service.TourGuideService -- Adding the current location to the user internalUser3686
18:39:26.839 [pool-2-thread-1] INFO com.openclassrooms.tourguide.service.TourGuideService -- Adding the current location to the user internalUser1020
18:39:26.912 [pool-2-thread-1] INFO com.openclassrooms.tourguide.service.TourGuideService -- Adding the current location to the user internalUser2351
18:39:26.984 [pool-2-thread-1] INFO com.openclassrooms.tourguide.service.TourGuideService -- Adding the current location to the user internalUser3687
18:39:27.083 [pool-2-thread-1] INFO com.openclassrooms.tourguide.service.TourGuideService -- Adding the current location to the user internalUser2350
18:39:27.116 [pool-2-thread-1] INFO com.openclassrooms.tourguide.service.TourGuideService -- Adding the current location to the user internalUser3688
18:39:27.199 [pool-2-thread-1] INFO com.openclassrooms.tourguide.service.TourGuideService -- Adding the current location to the user internalUser3689
18:39:27.240 [pool-2-thread-1] INFO com.openclassrooms.tourguide.service.TourGuideService -- Adding the current location to the user internalUser1029
18:39:27.295 [pool-2-thread-1] INFO com.openclassrooms.tourguide.service.TourGuideService -- Adding the current location to the user internalUser1028
18:39:27.351 [pool-2-thread-1] INFO com.openclassrooms.tourguide.service.TourGuideService -- Adding the current location to the user internalUser2359
18:39:27.431 [pool-2-thread-1] INFO com.openclassrooms.tourguide.service.TourGuideService -- Adding the current location to the user internalUser1027
18:39:27.467 [pool-2-thread-1] INFO com.openclassrooms.tourguide.service.TourGuideService -- Adding the current location to the user internalUser2358
18:39:27.546 [pool-2-thread-1] INFO com.openclassrooms.tourguide.service.TourGuideService -- Adding the current location to the user internalUser3680
18:39:27.600 [pool-2-thread-1] INFO com.openclassrooms.tourguide.service.TourGuideService -- Adding the current location to the user internalUser1026
18:39:27.694 [pool-2-thread-1] INFO com.openclassrooms.tourguide.service.TourGuideService -- Adding the current location to the user internalUser2357
18:39:27.776 [pool-2-thread-1] INFO com.openclassrooms.tourguide.service.TourGuideService -- Adding the current location to the user internalUser3681
18:39:27.825 [pool-2-thread-1] INFO com.openclassrooms.tourguide.service.TourGuideService -- Adding the current location to the user internalUser1025
18:39:27.861 [pool-2-thread-1] INFO com.openclassrooms.tourguide.service.TourGuideService -- Adding the current location to the user internalUser2356
18:39:27.911 [pool-2-thread-1] INFO com.openclassrooms.tourguide.service.TourGuideService -- Adding the current location to the user internalUser3682
18:39:28.010 [pool-2-thread-1] INFO com.openclassrooms.tourguide.service.TourGuideService -- Adding the current location to the user internalUser1024
18:39:28.067 [pool-2-thread-1] INFO com.openclassrooms.tourguide.service.TourGuideService -- Adding the current location to the user internalUser2355
18:39:28.153 [pool-2-thread-1] INFO com.openclassrooms.tourguide.service.TourGuideService -- Adding the current location to the user internalUser3683
18:39:28.192 [pool-2-thread-1] INFO com.openclassrooms.tourguide.service.TourGuideService -- Adding the current location to the user internalUser1023
18:39:28.246 [pool-2-thread-1] INFO com.openclassrooms.tourguide.service.TourGuideService -- Adding the current location to the user internalUser2354
18:39:28.284 [pool-2-thread-1] INFO com.openclassrooms.tourguide.service.TourGuideService -- Adding the current location to the user internalUser3684
18:39:28.333 [pool-2-thread-1] INFO com.openclassrooms.tourguide.service.TourGuideService -- Adding the current location to the user internalUser1033
18:39:28.426 [pool-2-thread-1] INFO com.openclassrooms.tourguide.service.TourGuideService -- Adding the current location to the user internalUser2364
18:39:28.474 [pool-2-thread-1] INFO com.openclassrooms.tourguide.service.TourGuideService -- Adding the current location to the user internalUser3696
18:39:28.506 [pool-2-thread-1] INFO com.openclassrooms.tourguide.service.TourGuideService -- Adding the current location to the user internalUser1032
18:39:28.592 [pool-2-thread-1] INFO com.openclassrooms.tourguide.service.TourGuideService -- Adding the current location to the user internalUser2363
18:39:28.627 [pool-2-thread-1] INFO com.openclassrooms.tourguide.service.TourGuideService -- Adding the current location to the user internalUser3697
18:39:28.678 [pool-2-thread-1] INFO com.openclassrooms.tourguide.service.TourGuideService -- Adding the current location to the user internalUser1031
18:39:28.724 [pool-2-thread-1] INFO com.openclassrooms.tourguide.service.TourGuideService -- Adding the current location to the user internalUser2362
18:39:28.817 [pool-2-thread-1] INFO com.openclassrooms.tourguide.service.TourGuideService -- Adding the current location to the user internalUser3698
18:39:28.853 [pool-2-thread-1] INFO com.openclassrooms.tourguide.service.TourGuideService -- Adding the current location to the user internalUser1030
18:39:28.938 [pool-2-thread-1] INFO com.openclassrooms.tourguide.service.TourGuideService -- Adding the current location to the user internalUser2361
18:39:29.001 [pool-2-thread-1] INFO com.openclassrooms.tourguide.service.TourGuideService -- Adding the current location to the user internalUser3699
18:39:29.048 [pool-2-thread-1] INFO com.openclassrooms.tourguide.service.TourGuideService -- Adding the current location to the user internalUser2360
18:39:29.144 [pool-2-thread-1] INFO com.openclassrooms.tourguide.service.TourGuideService -- Adding the current location to the user internalUser1039
18:39:29.203 [pool-2-thread-1] INFO com.openclassrooms.tourguide.service.TourGuideService -- Adding the current location to the user internalUser3690
18:39:29.271 [pool-2-thread-1] INFO com.openclassrooms.tourguide.service.TourGuideService -- Adding the current location to the user internalUser1038
18:39:29.321 [pool-2-thread-1] INFO com.openclassrooms.tourguide.service.TourGuideService -- Adding the current location to the user internalUser2369
18:39:29.356 [pool-2-thread-1] INFO com.openclassrooms.tourguide.service.TourGuideService -- Adding the current location to the user internalUser3691
18:39:29.433 [pool-2-thread-1] INFO com.openclassrooms.tourguide.service.TourGuideService -- Adding the current location to the user internalUser1037
18:39:29.477 [pool-2-thread-1] INFO com.openclassrooms.tourguide.service.TourGuideService -- Adding the current location to the user internalUser2368
18:39:29.550 [pool-2-thread-1] INFO com.openclassrooms.tourguide.service.TourGuideService -- Adding the current location to the user internalUser3692
18:39:29.631 [pool-2-thread-1] INFO com.openclassrooms.tourguide.service.TourGuideService -- Adding the current location to the user internalUser1036
18:39:29.718 [pool-2-thread-1] INFO com.openclassrooms.tourguide.service.TourGuideService -- Adding the current location to the user internalUser2367
18:39:29.808 [pool-2-thread-1] INFO com.openclassrooms.tourguide.service.TourGuideService -- Adding the current location to the user internalUser3693
18:39:29.906 [pool-2-thread-1] INFO com.openclassrooms.tourguide.service.TourGuideService -- Adding the current location to the user internalUser1035
18:39:29.979 [pool-2-thread-1] INFO com.openclassrooms.tourguide.service.TourGuideService -- Adding the current location to the user internalUser2366
18:39:30.041 [pool-2-thread-1] INFO com.openclassrooms.tourguide.service.TourGuideService -- Adding the current location to the user internalUser3694
18:39:30.112 [pool-2-thread-1] INFO com.openclassrooms.tourguide.service.TourGuideService -- Adding the current location to the user internalUser1034
18:39:30.197 [pool-2-thread-1] INFO com.openclassrooms.tourguide.service.TourGuideService -- Adding the current location to the user internalUser2365
18:39:30.282 [pool-2-thread-1] INFO com.openclassrooms.tourguide.service.TourGuideService -- Adding the current location to the user internalUser3695
18:39:30.355 [pool-2-thread-1] INFO com.openclassrooms.tourguide.service.TourGuideService -- Adding the current location to the user internalUser1000
18:39:30.399 [pool-2-thread-1] INFO com.openclassrooms.tourguide.service.TourGuideService -- Adding the current location to the user internalUser2331
18:39:30.495 [pool-2-thread-1] INFO com.openclassrooms.tourguide.service.TourGuideService -- Adding the current location to the user internalUser3663
18:39:30.548 [pool-2-thread-1] INFO com.openclassrooms.tourguide.service.TourGuideService -- Adding the current location to the user internalUser4994
18:39:30.627 [pool-2-thread-1] INFO com.openclassrooms.tourguide.service.TourGuideService -- Adding the current location to the user internalUser2330
18:39:30.705 [pool-2-thread-1] INFO com.openclassrooms.tourguide.service.TourGuideService -- Adding the current location to the user internalUser3664
18:39:30.742 [pool-2-thread-1] INFO com.openclassrooms.tourguide.service.TourGuideService -- Adding the current location to the user internalUser4995
18:39:30.776 [pool-2-thread-1] INFO com.openclassrooms.tourguide.service.TourGuideService -- Adding the current location to the user internalUser3665
18:39:30.823 [pool-2-thread-1] INFO com.openclassrooms.tourguide.service.TourGuideService -- Adding the current location to the user internalUser4996
18:39:30.897 [pool-2-thread-1] INFO com.openclassrooms.tourguide.service.TourGuideService -- Adding the current location to the user internalUser3666
18:39:30.944 [pool-2-thread-1] INFO com.openclassrooms.tourguide.service.TourGuideService -- Adding the current location to the user internalUser4997
18:39:30.982 [pool-2-thread-1] INFO com.openclassrooms.tourguide.service.TourGuideService -- Adding the current location to the user internalUser3667
18:39:31.071 [pool-2-thread-1] INFO com.openclassrooms.tourguide.service.TourGuideService -- Adding the current location to the user internalUser4998
18:39:31.129 [pool-2-thread-1] INFO com.openclassrooms.tourguide.service.TourGuideService -- Adding the current location to the user internalUser3668
18:39:31.193 [pool-2-thread-1] INFO com.openclassrooms.tourguide.service.TourGuideService -- Adding the current location to the user internalUser4999
18:39:31.292 [pool-2-thread-1] INFO com.openclassrooms.tourguide.service.TourGuideService -- Adding the current location to the user internalUser3669
18:39:31.362 [pool-2-thread-1] INFO com.openclassrooms.tourguide.service.TourGuideService -- Adding the current location to the user internalUser1008
18:39:31.418 [pool-2-thread-1] INFO com.openclassrooms.tourguide.service.TourGuideService -- Adding the current location to the user internalUser2339
18:39:31.459 [pool-2-thread-1] INFO com.openclassrooms.tourguide.service.TourGuideService -- Adding the current location to the user internalUser1007
18:39:31.535 [pool-2-thread-1] INFO com.openclassrooms.tourguide.service.TourGuideService -- Adding the current location to the user internalUser2338
18:39:31.604 [pool-2-thread-1] INFO com.openclassrooms.tourguide.service.TourGuideService -- Adding the current location to the user internalUser1006
18:39:31.663 [pool-2-thread-1] INFO com.openclassrooms.tourguide.service.TourGuideService -- Adding the current location to the user internalUser2337
18:39:31.729 [pool-2-thread-1] INFO com.openclassrooms.tourguide.service.TourGuideService -- Adding the current location to the user internalUser1005
18:39:31.786 [pool-2-thread-1] INFO com.openclassrooms.tourguide.service.TourGuideService -- Adding the current location to the user internalUser2336
18:39:31.831 [pool-2-thread-1] INFO com.openclassrooms.tourguide.service.TourGuideService -- Adding the current location to the user internalUser1004
18:39:31.899 [pool-2-thread-1] INFO com.openclassrooms.tourguide.service.TourGuideService -- Adding the current location to the user internalUser2335
18:39:31.938 [pool-2-thread-1] INFO com.openclassrooms.tourguide.service.TourGuideService -- Adding the current location to the user internalUser4990
18:39:32.027 [pool-2-thread-1] INFO com.openclassrooms.tourguide.service.TourGuideService -- Adding the current location to the user internalUser1003
18:39:32.119 [pool-2-thread-1] INFO com.openclassrooms.tourguide.service.TourGuideService -- Adding the current location to the user internalUser2334
18:39:32.215 [pool-2-thread-1] INFO com.openclassrooms.tourguide.service.TourGuideService -- Adding the current location to the user internalUser3660
18:39:32.307 [pool-2-thread-1] INFO com.openclassrooms.tourguide.service.TourGuideService -- Adding the current location to the user internalUser4991
18:39:32.403 [pool-2-thread-1] INFO com.openclassrooms.tourguide.service.TourGuideService -- Adding the current location to the user internalUser1002
18:39:32.479 [pool-2-thread-1] INFO com.openclassrooms.tourguide.service.TourGuideService -- Adding the current location to the user internalUser2333
18:39:32.578 [pool-2-thread-1] INFO com.openclassrooms.tourguide.service.TourGuideService -- Adding the current location to the user internalUser3661
18:39:32.618 [pool-2-thread-1] INFO com.openclassrooms.tourguide.service.TourGuideService -- Adding the current location to the user internalUser4992
18:39:32.703 [pool-2-thread-1] INFO com.openclassrooms.tourguide.service.TourGuideService -- Adding the current location to the user internalUser1001
18:39:32.771 [pool-2-thread-1] INFO com.openclassrooms.tourguide.service.TourGuideService -- Adding the current location to the user internalUser2332
18:39:32.818 [pool-2-thread-1] INFO com.openclassrooms.tourguide.service.TourGuideService -- Adding the current location to the user internalUser3662
18:39:32.865 [pool-2-thread-1] INFO com.openclassrooms.tourguide.service.TourGuideService -- Adding the current location to the user internalUser4993
18:39:32.937 [pool-2-thread-1] INFO com.openclassrooms.tourguide.service.TourGuideService -- Adding the current location to the user internalUser1009
18:39:32.990 [pool-2-thread-1] INFO com.openclassrooms.tourguide.service.TourGuideService -- Adding the current location to the user internalUser1011
18:39:33.075 [pool-2-thread-1] INFO com.openclassrooms.tourguide.service.TourGuideService -- Adding the current location to the user internalUser2342
18:39:33.109 [pool-2-thread-1] INFO com.openclassrooms.tourguide.service.TourGuideService -- Adding the current location to the user internalUser3674
18:39:33.203 [pool-2-thread-1] INFO com.openclassrooms.tourguide.service.TourGuideService -- Adding the current location to the user internalUser1010
18:39:33.243 [pool-2-thread-1] INFO com.openclassrooms.tourguide.service.TourGuideService -- Adding the current location to the user internalUser2341
18:39:33.340 [pool-2-thread-1] INFO com.openclassrooms.tourguide.service.TourGuideService -- Adding the current location to the user internalUser3675
18:39:33.391 [pool-2-thread-1] INFO com.openclassrooms.tourguide.service.TourGuideService -- Adding the current location to the user internalUser2340
18:39:33.469 [pool-2-thread-1] INFO com.openclassrooms.tourguide.service.TourGuideService -- Adding the current location to the user internalUser3676
18:39:33.566 [pool-2-thread-1] INFO com.openclassrooms.tourguide.service.TourGuideService -- Adding the current location to the user internalUser3677
18:39:33.632 [pool-2-thread-1] INFO com.openclassrooms.tourguide.service.TourGuideService -- Adding the current location to the user internalUser3678
18:39:33.664 [pool-2-thread-1] INFO com.openclassrooms.tourguide.service.TourGuideService -- Adding the current location to the user internalUser3679
18:39:33.745 [pool-2-thread-1] INFO com.openclassrooms.tourguide.service.TourGuideService -- Adding the current location to the user internalUser1019
18:39:33.821 [pool-2-thread-1] INFO com.openclassrooms.tourguide.service.TourGuideService -- Adding the current location to the user internalUser1018
18:39:33.896 [pool-2-thread-1] INFO com.openclassrooms.tourguide.service.TourGuideService -- Adding the current location to the user internalUser2349
18:39:33.991 [pool-2-thread-1] INFO com.openclassrooms.tourguide.service.TourGuideService -- Adding the current location to the user internalUser1017
18:39:34.062 [pool-2-thread-1] INFO com.openclassrooms.tourguide.service.TourGuideService -- Adding the current location to the user internalUser2348
18:39:34.102 [pool-2-thread-1] INFO com.openclassrooms.tourguide.service.TourGuideService -- Adding the current location to the user internalUser1016
18:39:34.150 [pool-2-thread-1] INFO com.openclassrooms.tourguide.service.TourGuideService -- Adding the current location to the user internalUser2347
18:39:34.211 [pool-2-thread-1] INFO com.openclassrooms.tourguide.service.TourGuideService -- Adding the current location to the user internalUser1015
18:39:34.306 [pool-2-thread-1] INFO com.openclassrooms.tourguide.service.TourGuideService -- Adding the current location to the user internalUser2346
18:39:34.377 [pool-2-thread-1] INFO com.openclassrooms.tourguide.service.TourGuideService -- Adding the current location to the user internalUser3670
18:39:34.475 [pool-2-thread-1] INFO com.openclassrooms.tourguide.service.TourGuideService -- Adding the current location to the user internalUser1014
18:39:34.576 [pool-2-thread-1] INFO com.openclassrooms.tourguide.service.TourGuideService -- Adding the current location to the user internalUser2345
18:39:34.628 [pool-2-thread-1] INFO com.openclassrooms.tourguide.service.TourGuideService -- Adding the current location to the user internalUser3671
18:39:34.690 [pool-2-thread-1] INFO com.openclassrooms.tourguide.service.TourGuideService -- Adding the current location to the user internalUser1013
18:39:34.775 [pool-2-thread-1] INFO com.openclassrooms.tourguide.service.TourGuideService -- Adding the current location to the user internalUser2344
18:39:34.819 [pool-2-thread-1] INFO com.openclassrooms.tourguide.service.TourGuideService -- Adding the current location to the user internalUser3672
18:39:34.872 [pool-2-thread-1] INFO com.openclassrooms.tourguide.service.TourGuideService -- Adding the current location to the user internalUser1012
18:39:34.941 [pool-2-thread-1] INFO com.openclassrooms.tourguide.service.TourGuideService -- Adding the current location to the user internalUser2343
18:39:35.037 [pool-2-thread-1] INFO com.openclassrooms.tourguide.service.TourGuideService -- Adding the current location to the user internalUser3673
18:39:35.129 [pool-2-thread-1] INFO com.openclassrooms.tourguide.service.TourGuideService -- Adding the current location to the user internalUser163
18:39:35.175 [pool-2-thread-1] INFO com.openclassrooms.tourguide.service.TourGuideService -- Adding the current location to the user internalUser164
18:39:35.258 [pool-2-thread-1] INFO com.openclassrooms.tourguide.service.TourGuideService -- Adding the current location to the user internalUser161
18:39:35.334 [pool-2-thread-1] INFO com.openclassrooms.tourguide.service.TourGuideService -- Adding the current location to the user internalUser162
18:39:35.401 [pool-2-thread-1] INFO com.openclassrooms.tourguide.service.TourGuideService -- Adding the current location to the user internalUser160
18:39:35.433 [pool-2-thread-1] INFO com.openclassrooms.tourguide.service.TourGuideService -- Adding the current location to the user internalUser1624
18:39:35.495 [pool-2-thread-1] INFO com.openclassrooms.tourguide.service.TourGuideService -- Adding the current location to the user internalUser2955
18:39:35.541 [pool-2-thread-1] INFO com.openclassrooms.tourguide.service.TourGuideService -- Adding the current location to the user internalUser1623
18:39:35.617 [pool-2-thread-1] INFO com.openclassrooms.tourguide.service.TourGuideService -- Adding the current location to the user internalUser2954
18:39:35.689 [pool-2-thread-1] INFO com.openclassrooms.tourguide.service.TourGuideService -- Adding the current location to the user internalUser169
18:39:35.780 [pool-2-thread-1] INFO com.openclassrooms.tourguide.service.TourGuideService -- Adding the current location to the user internalUser1622
18:39:35.842 [pool-2-thread-1] INFO com.openclassrooms.tourguide.service.TourGuideService -- Adding the current location to the user internalUser2953
18:39:35.894 [pool-2-thread-1] INFO com.openclassrooms.tourguide.service.TourGuideService -- Adding the current location to the user internalUser1621
18:39:35.937 [pool-2-thread-1] INFO com.openclassrooms.tourguide.service.TourGuideService -- Adding the current location to the user internalUser2952
18:39:35.985 [pool-2-thread-1] INFO com.openclassrooms.tourguide.service.TourGuideService -- Adding the current location to the user internalUser167
18:39:36.061 [pool-2-thread-1] INFO com.openclassrooms.tourguide.service.TourGuideService -- Adding the current location to the user internalUser1620
18:39:36.130 [pool-2-thread-1] INFO com.openclassrooms.tourguide.service.TourGuideService -- Adding the current location to the user internalUser2951
18:39:36.224 [pool-2-thread-1] INFO com.openclassrooms.tourguide.service.TourGuideService -- Adding the current location to the user internalUser168
18:39:36.286 [pool-2-thread-1] INFO com.openclassrooms.tourguide.service.TourGuideService -- Adding the current location to the user internalUser2950
18:39:36.342 [pool-2-thread-1] INFO com.openclassrooms.tourguide.service.TourGuideService -- Adding the current location to the user internalUser165
18:39:36.411 [pool-2-thread-1] INFO com.openclassrooms.tourguide.service.TourGuideService -- Adding the current location to the user internalUser166
18:39:36.458 [pool-2-thread-1] INFO com.openclassrooms.tourguide.service.TourGuideService -- Adding the current location to the user internalUser1629
18:39:36.556 [pool-2-thread-1] INFO com.openclassrooms.tourguide.service.TourGuideService -- Adding the current location to the user internalUser1628
18:39:36.607 [pool-2-thread-1] INFO com.openclassrooms.tourguide.service.TourGuideService -- Adding the current location to the user internalUser2959
18:39:36.646 [pool-2-thread-1] INFO com.openclassrooms.tourguide.service.TourGuideService -- Adding the current location to the user internalUser1627
18:39:36.696 [pool-2-thread-1] INFO com.openclassrooms.tourguide.service.TourGuideService -- Adding the current location to the user internalUser2958
18:39:36.775 [pool-2-thread-1] INFO com.openclassrooms.tourguide.service.TourGuideService -- Adding the current location to the user internalUser1626
18:39:36.822 [pool-2-thread-1] INFO com.openclassrooms.tourguide.service.TourGuideService -- Adding the current location to the user internalUser2957
18:39:36.864 [pool-2-thread-1] INFO com.openclassrooms.tourguide.service.TourGuideService -- Adding the current location to the user internalUser1625
18:39:36.941 [pool-2-thread-1] INFO com.openclassrooms.tourguide.service.TourGuideService -- Adding the current location to the user internalUser2956
18:39:36.976 [pool-2-thread-1] INFO com.openclassrooms.tourguide.service.TourGuideService -- Adding the current location to the user internalUser174
18:39:37.026 [pool-2-thread-1] INFO com.openclassrooms.tourguide.service.TourGuideService -- Adding the current location to the user internalUser175
18:39:37.106 [pool-2-thread-1] INFO com.openclassrooms.tourguide.service.TourGuideService -- Adding the current location to the user internalUser172
18:39:37.180 [pool-2-thread-1] INFO com.openclassrooms.tourguide.service.TourGuideService -- Adding the current location to the user internalUser173
18:39:37.217 [pool-2-thread-1] INFO com.openclassrooms.tourguide.service.TourGuideService -- Adding the current location to the user internalUser170
18:39:37.310 [pool-2-thread-1] INFO com.openclassrooms.tourguide.service.TourGuideService -- Adding the current location to the user internalUser171
18:39:37.393 [pool-2-thread-1] INFO com.openclassrooms.tourguide.service.TourGuideService -- Adding the current location to the user internalUser1635
18:39:37.425 [pool-2-thread-1] INFO com.openclassrooms.tourguide.service.TourGuideService -- Adding the current location to the user internalUser2966
18:39:37.479 [pool-2-thread-1] INFO com.openclassrooms.tourguide.service.TourGuideService -- Adding the current location to the user internalUser1634
18:39:37.562 [pool-2-thread-1] INFO com.openclassrooms.tourguide.service.TourGuideService -- Adding the current location to the user internalUser2965
18:39:37.628 [pool-2-thread-1] INFO com.openclassrooms.tourguide.service.TourGuideService -- Adding the current location to the user internalUser1633
18:39:37.665 [pool-2-thread-1] INFO com.openclassrooms.tourguide.service.TourGuideService -- Adding the current location to the user internalUser2964
18:39:37.717 [pool-2-thread-1] INFO com.openclassrooms.tourguide.service.TourGuideService -- Adding the current location to the user internalUser1632
18:39:37.817 [pool-2-thread-1] INFO com.openclassrooms.tourguide.service.TourGuideService -- Adding the current location to the user internalUser2963
18:39:37.851 [pool-2-thread-1] INFO com.openclassrooms.tourguide.service.TourGuideService -- Adding the current location to the user internalUser178
18:39:37.930 [pool-2-thread-1] INFO com.openclassrooms.tourguide.service.TourGuideService -- Adding the current location to the user internalUser1631
18:39:37.968 [pool-2-thread-1] INFO com.openclassrooms.tourguide.service.TourGuideService -- Adding the current location to the user internalUser2962
18:39:38.068 [pool-2-thread-1] INFO com.openclassrooms.tourguide.service.TourGuideService -- Adding the current location to the user internalUser179
18:39:38.123 [pool-2-thread-1] INFO com.openclassrooms.tourguide.service.TourGuideService -- Adding the current location to the user internalUser1630
18:39:38.164 [pool-2-thread-1] INFO com.openclassrooms.tourguide.service.TourGuideService -- Adding the current location to the user internalUser2961
18:39:38.200 [pool-2-thread-1] INFO com.openclassrooms.tourguide.service.TourGuideService -- Adding the current location to the user internalUser176
18:39:38.263 [pool-2-thread-1] INFO com.openclassrooms.tourguide.service.TourGuideService -- Adding the current location to the user internalUser2960
18:39:38.341 [pool-2-thread-1] INFO com.openclassrooms.tourguide.service.TourGuideService -- Adding the current location to the user internalUser177
18:39:38.378 [pool-2-thread-1] INFO com.openclassrooms.tourguide.service.TourGuideService -- Adding the current location to the user internalUser1639
18:39:38.462 [pool-2-thread-1] INFO com.openclassrooms.tourguide.service.TourGuideService -- Adding the current location to the user internalUser1638
18:39:38.549 [pool-2-thread-1] INFO com.openclassrooms.tourguide.service.TourGuideService -- Adding the current location to the user internalUser2969
18:39:38.599 [pool-2-thread-1] INFO com.openclassrooms.tourguide.service.TourGuideService -- Adding the current location to the user internalUser1637
18:39:38.685 [pool-2-thread-1] INFO com.openclassrooms.tourguide.service.TourGuideService -- Adding the current location to the user internalUser2968
18:39:38.753 [pool-2-thread-1] INFO com.openclassrooms.tourguide.service.TourGuideService -- Adding the current location to the user internalUser1636
18:39:38.828 [pool-2-thread-1] INFO com.openclassrooms.tourguide.service.TourGuideService -- Adding the current location to the user internalUser2967
18:39:38.900 [pool-2-thread-1] INFO com.openclassrooms.tourguide.service.TourGuideService -- Adding the current location to the user internalUser185
18:39:38.945 [pool-2-thread-1] INFO com.openclassrooms.tourguide.service.TourGuideService -- Adding the current location to the user internalUser186
18:39:39.011 [pool-2-thread-1] INFO com.openclassrooms.tourguide.service.TourGuideService -- Adding the current location to the user internalUser183
18:39:39.089 [pool-2-thread-1] INFO com.openclassrooms.tourguide.service.TourGuideService -- Adding the current location to the user internalUser184
18:39:39.127 [pool-2-thread-1] INFO com.openclassrooms.tourguide.service.TourGuideService -- Adding the current location to the user internalUser181
18:39:39.185 [pool-2-thread-1] INFO com.openclassrooms.tourguide.service.TourGuideService -- Adding the current location to the user internalUser182
18:39:39.238 [pool-2-thread-1] INFO com.openclassrooms.tourguide.service.TourGuideService -- Adding the current location to the user internalUser180
18:39:39.312 [pool-2-thread-1] INFO com.openclassrooms.tourguide.service.TourGuideService -- Adding the current location to the user internalUser1602
18:39:39.392 [pool-2-thread-1] INFO com.openclassrooms.tourguide.service.TourGuideService -- Adding the current location to the user internalUser2933
18:39:39.423 [pool-2-thread-1] INFO com.openclassrooms.tourguide.service.TourGuideService -- Adding the current location to the user internalUser1601
18:39:39.472 [pool-2-thread-1] INFO com.openclassrooms.tourguide.service.TourGuideService -- Adding the current location to the user internalUser2932
18:39:39.543 [pool-2-thread-1] INFO com.openclassrooms.tourguide.service.TourGuideService -- Adding the current location to the user internalUser1600
18:39:39.623 [pool-2-thread-1] INFO com.openclassrooms.tourguide.service.TourGuideService -- Adding the current location to the user internalUser2931
18:39:39.674 [pool-2-thread-1] INFO com.openclassrooms.tourguide.service.TourGuideService -- Adding the current location to the user internalUser2930
18:39:39.726 [pool-2-thread-1] INFO com.openclassrooms.tourguide.service.TourGuideService -- Adding the current location to the user internalUser189
18:39:39.762 [pool-2-thread-1] INFO com.openclassrooms.tourguide.service.TourGuideService -- Adding the current location to the user internalUser187
18:39:39.825 [pool-2-thread-1] INFO com.openclassrooms.tourguide.service.TourGuideService -- Adding the current location to the user internalUser188
18:39:39.895 [pool-2-thread-1] INFO com.openclassrooms.tourguide.service.TourGuideService -- Adding the current location to the user internalUser1609
18:39:39.956 [pool-2-thread-1] INFO com.openclassrooms.tourguide.service.TourGuideService -- Adding the current location to the user internalUser1608
18:39:40.013 [pool-2-thread-1] INFO com.openclassrooms.tourguide.service.TourGuideService -- Adding the current location to the user internalUser2939
18:39:40.065 [pool-2-thread-1] INFO com.openclassrooms.tourguide.service.TourGuideService -- Adding the current location to the user internalUser1607
18:39:40.159 [pool-2-thread-1] INFO com.openclassrooms.tourguide.service.TourGuideService -- Adding the current location to the user internalUser2938
18:39:40.209 [pool-2-thread-1] INFO com.openclassrooms.tourguide.service.TourGuideService -- Adding the current location to the user internalUser1606
18:39:40.281 [pool-2-thread-1] INFO com.openclassrooms.tourguide.service.TourGuideService -- Adding the current location to the user internalUser2937
18:39:40.340 [pool-2-thread-1] INFO com.openclassrooms.tourguide.service.TourGuideService -- Adding the current location to the user internalUser1605
18:39:40.411 [pool-2-thread-1] INFO com.openclassrooms.tourguide.service.TourGuideService -- Adding the current location to the user internalUser2936
18:39:40.467 [pool-2-thread-1] INFO com.openclassrooms.tourguide.service.TourGuideService -- Adding the current location to the user internalUser1604
18:39:40.510 [pool-2-thread-1] INFO com.openclassrooms.tourguide.service.TourGuideService -- Adding the current location to the user internalUser2935
18:39:40.557 [pool-2-thread-1] INFO com.openclassrooms.tourguide.service.TourGuideService -- Adding the current location to the user internalUser1603
18:39:40.611 [pool-2-thread-1] INFO com.openclassrooms.tourguide.service.TourGuideService -- Adding the current location to the user internalUser2934
18:39:40.697 [pool-2-thread-1] INFO com.openclassrooms.tourguide.service.TourGuideService -- Adding the current location to the user internalUser196
18:39:40.763 [pool-2-thread-1] INFO com.openclassrooms.tourguide.service.TourGuideService -- Adding the current location to the user internalUser197
18:39:40.826 [pool-2-thread-1] INFO com.openclassrooms.tourguide.service.TourGuideService -- Adding the current location to the user internalUser194
18:39:40.864 [pool-2-thread-1] INFO com.openclassrooms.tourguide.service.TourGuideService -- Adding the current location to the user internalUser195
18:39:40.937 [pool-2-thread-1] INFO com.openclassrooms.tourguide.service.TourGuideService -- Adding the current location to the user internalUser192
18:39:40.980 [pool-2-thread-1] INFO com.openclassrooms.tourguide.service.TourGuideService -- Adding the current location to the user internalUser193
18:39:41.081 [pool-2-thread-1] INFO com.openclassrooms.tourguide.service.TourGuideService -- Adding the current location to the user internalUser190
18:39:41.152 [pool-2-thread-1] INFO com.openclassrooms.tourguide.service.TourGuideService -- Adding the current location to the user internalUser191
18:39:41.196 [pool-2-thread-1] INFO com.openclassrooms.tourguide.service.TourGuideService -- Adding the current location to the user internalUser1613
18:39:41.282 [pool-2-thread-1] INFO com.openclassrooms.tourguide.service.TourGuideService -- Adding the current location to the user internalUser2944
18:39:41.324 [pool-2-thread-1] INFO com.openclassrooms.tourguide.service.TourGuideService -- Adding the current location to the user internalUser1612
18:39:41.366 [pool-2-thread-1] INFO com.openclassrooms.tourguide.service.TourGuideService -- Adding the current location to the user internalUser2943
18:39:41.453 [pool-2-thread-1] INFO com.openclassrooms.tourguide.service.TourGuideService -- Adding the current location to the user internalUser1611
18:39:41.514 [pool-2-thread-1] INFO com.openclassrooms.tourguide.service.TourGuideService -- Adding the current location to the user internalUser2942
18:39:41.599 [pool-2-thread-1] INFO com.openclassrooms.tourguide.service.TourGuideService -- Adding the current location to the user internalUser1610
18:39:41.639 [pool-2-thread-1] INFO com.openclassrooms.tourguide.service.TourGuideService -- Adding the current location to the user internalUser2941
18:39:41.704 [pool-2-thread-1] INFO com.openclassrooms.tourguide.service.TourGuideService -- Adding the current location to the user internalUser2940
18:39:41.739 [pool-2-thread-1] INFO com.openclassrooms.tourguide.service.TourGuideService -- Adding the current location to the user internalUser198
18:39:41.838 [pool-2-thread-1] INFO com.openclassrooms.tourguide.service.TourGuideService -- Adding the current location to the user internalUser199
18:39:41.888 [pool-2-thread-1] INFO com.openclassrooms.tourguide.service.TourGuideService -- Adding the current location to the user internalUser1619
18:39:41.973 [pool-2-thread-1] INFO com.openclassrooms.tourguide.service.TourGuideService -- Adding the current location to the user internalUser1618
18:39:42.009 [pool-2-thread-1] INFO com.openclassrooms.tourguide.service.TourGuideService -- Adding the current location to the user internalUser2949
18:39:42.101 [pool-2-thread-1] INFO com.openclassrooms.tourguide.service.TourGuideService -- Adding the current location to the user internalUser1617
18:39:42.153 [pool-2-thread-1] INFO com.openclassrooms.tourguide.service.TourGuideService -- Adding the current location to the user internalUser2948
18:39:42.198 [pool-2-thread-1] INFO com.openclassrooms.tourguide.service.TourGuideService -- Adding the current location to the user internalUser1616
18:39:42.298 [pool-2-thread-1] INFO com.openclassrooms.tourguide.service.TourGuideService -- Adding the current location to the user internalUser2947
18:39:42.360 [pool-2-thread-1] INFO com.openclassrooms.tourguide.service.TourGuideService -- Adding the current location to the user internalUser1615
18:39:42.445 [pool-2-thread-1] INFO com.openclassrooms.tourguide.service.TourGuideService -- Adding the current location to the user internalUser2946
18:39:42.507 [pool-2-thread-1] INFO com.openclassrooms.tourguide.service.TourGuideService -- Adding the current location to the user internalUser1614
18:39:42.572 [pool-2-thread-1] INFO com.openclassrooms.tourguide.service.TourGuideService -- Adding the current location to the user internalUser2945
18:39:42.622 [pool-2-thread-1] INFO com.openclassrooms.tourguide.service.TourGuideService -- Adding the current location to the user internalUser1660
18:39:42.667 [pool-2-thread-1] INFO com.openclassrooms.tourguide.service.TourGuideService -- Adding the current location to the user internalUser2991
18:39:42.722 [pool-2-thread-1] INFO com.openclassrooms.tourguide.service.TourGuideService -- Adding the current location to the user internalUser120
18:39:42.816 [pool-2-thread-1] INFO com.openclassrooms.tourguide.service.TourGuideService -- Adding the current location to the user internalUser2990
18:39:42.863 [pool-2-thread-1] INFO com.openclassrooms.tourguide.service.TourGuideService -- Adding the current location to the user internalUser127
18:39:42.916 [pool-2-thread-1] INFO com.openclassrooms.tourguide.service.TourGuideService -- Adding the current location to the user internalUser1668
18:39:42.999 [pool-2-thread-1] INFO com.openclassrooms.tourguide.service.TourGuideService -- Adding the current location to the user internalUser2999
18:39:43.079 [pool-2-thread-1] INFO com.openclassrooms.tourguide.service.TourGuideService -- Adding the current location to the user internalUser128
18:39:43.157 [pool-2-thread-1] INFO com.openclassrooms.tourguide.service.TourGuideService -- Adding the current location to the user internalUser1667
18:39:43.228 [pool-2-thread-1] INFO com.openclassrooms.tourguide.service.TourGuideService -- Adding the current location to the user internalUser2998
18:39:43.270 [pool-2-thread-1] INFO com.openclassrooms.tourguide.service.TourGuideService -- Adding the current location to the user internalUser125
18:39:43.361 [pool-2-thread-1] INFO com.openclassrooms.tourguide.service.TourGuideService -- Adding the current location to the user internalUser1666
18:39:43.392 [pool-2-thread-1] INFO com.openclassrooms.tourguide.service.TourGuideService -- Adding the current location to the user internalUser2997
18:39:43.473 [pool-2-thread-1] INFO com.openclassrooms.tourguide.service.TourGuideService -- Adding the current location to the user internalUser126
18:39:43.569 [pool-2-thread-1] INFO com.openclassrooms.tourguide.service.TourGuideService -- Adding the current location to the user internalUser1665
18:39:43.648 [pool-2-thread-1] INFO com.openclassrooms.tourguide.service.TourGuideService -- Adding the current location to the user internalUser2996
18:39:43.690 [pool-2-thread-1] INFO com.openclassrooms.tourguide.service.TourGuideService -- Adding the current location to the user internalUser123
18:39:43.736 [pool-2-thread-1] INFO com.openclassrooms.tourguide.service.TourGuideService -- Adding the current location to the user internalUser1664
18:39:43.775 [pool-2-thread-1] INFO com.openclassrooms.tourguide.service.TourGuideService -- Adding the current location to the user internalUser2995
18:39:43.832 [pool-2-thread-1] INFO com.openclassrooms.tourguide.service.TourGuideService -- Adding the current location to the user internalUser124
18:39:43.907 [pool-2-thread-1] INFO com.openclassrooms.tourguide.service.TourGuideService -- Adding the current location to the user internalUser1663
18:39:43.990 [pool-2-thread-1] INFO com.openclassrooms.tourguide.service.TourGuideService -- Adding the current location to the user internalUser2994
18:39:44.035 [pool-2-thread-1] INFO com.openclassrooms.tourguide.service.TourGuideService -- Adding the current location to the user internalUser121
18:39:44.093 [pool-2-thread-1] INFO com.openclassrooms.tourguide.service.TourGuideService -- Adding the current location to the user internalUser1662
18:39:44.187 [pool-2-thread-1] INFO com.openclassrooms.tourguide.service.TourGuideService -- Adding the current location to the user internalUser2993
18:39:44.235 [pool-2-thread-1] INFO com.openclassrooms.tourguide.service.TourGuideService -- Adding the current location to the user internalUser122
18:39:44.325 [pool-2-thread-1] INFO com.openclassrooms.tourguide.service.TourGuideService -- Adding the current location to the user internalUser1661
18:39:44.408 [pool-2-thread-1] INFO com.openclassrooms.tourguide.service.TourGuideService -- Adding the current location to the user internalUser2992
18:39:44.495 [pool-2-thread-1] INFO com.openclassrooms.tourguide.service.TourGuideService -- Adding the current location to the user internalUser129
18:39:44.583 [pool-2-thread-1] INFO com.openclassrooms.tourguide.service.TourGuideService -- Adding the current location to the user internalUser1669
18:39:44.683 [pool-2-thread-1] INFO com.openclassrooms.tourguide.service.TourGuideService -- Adding the current location to the user internalUser130
18:39:44.781 [pool-2-thread-1] INFO com.openclassrooms.tourguide.service.TourGuideService -- Adding the current location to the user internalUser1671
18:39:44.856 [pool-2-thread-1] INFO com.openclassrooms.tourguide.service.TourGuideService -- Adding the current location to the user internalUser131
18:39:44.933 [pool-2-thread-1] INFO com.openclassrooms.tourguide.service.TourGuideService -- Adding the current location to the user internalUser1670
18:39:45.019 [pool-2-thread-1] INFO com.openclassrooms.tourguide.service.TourGuideService -- Adding the current location to the user internalUser4700
18:39:45.115 [pool-2-thread-1] INFO com.openclassrooms.tourguide.service.TourGuideService -- Adding the current location to the user internalUser4701
18:39:45.186 [pool-2-thread-1] INFO com.openclassrooms.tourguide.service.TourGuideService -- Adding the current location to the user internalUser4702
18:39:45.269 [pool-2-thread-1] INFO com.openclassrooms.tourguide.service.TourGuideService -- Adding the current location to the user internalUser4703
18:39:45.366 [pool-2-thread-1] INFO com.openclassrooms.tourguide.service.TourGuideService -- Adding the current location to the user internalUser4704
18:39:45.445 [pool-2-thread-1] INFO com.openclassrooms.tourguide.service.TourGuideService -- Adding the current location to the user internalUser138
18:39:45.522 [pool-2-thread-1] INFO com.openclassrooms.tourguide.service.TourGuideService -- Adding the current location to the user internalUser1679
18:39:45.600 [pool-2-thread-1] INFO com.openclassrooms.tourguide.service.TourGuideService -- Adding the current location to the user internalUser139
18:39:45.634 [pool-2-thread-1] INFO com.openclassrooms.tourguide.service.TourGuideService -- Adding the current location to the user internalUser1678
18:39:45.665 [pool-2-thread-1] INFO com.openclassrooms.tourguide.service.TourGuideService -- Adding the current location to the user internalUser136
18:39:45.731 [pool-2-thread-1] INFO com.openclassrooms.tourguide.service.TourGuideService -- Adding the current location to the user internalUser1677
18:39:45.794 [pool-2-thread-1] INFO com.openclassrooms.tourguide.service.TourGuideService -- Adding the current location to the user internalUser137
18:39:45.833 [pool-2-thread-1] INFO com.openclassrooms.tourguide.service.TourGuideService -- Adding the current location to the user internalUser1676
18:39:45.887 [pool-2-thread-1] INFO com.openclassrooms.tourguide.service.TourGuideService -- Adding the current location to the user internalUser134
18:39:45.971 [pool-2-thread-1] INFO com.openclassrooms.tourguide.service.TourGuideService -- Adding the current location to the user internalUser1675
18:39:46.059 [pool-2-thread-1] INFO com.openclassrooms.tourguide.service.TourGuideService -- Adding the current location to the user internalUser135
18:39:46.110 [pool-2-thread-1] INFO com.openclassrooms.tourguide.service.TourGuideService -- Adding the current location to the user internalUser1674
18:39:46.187 [pool-2-thread-1] INFO com.openclassrooms.tourguide.service.TourGuideService -- Adding the current location to the user internalUser132
18:39:46.227 [pool-2-thread-1] INFO com.openclassrooms.tourguide.service.TourGuideService -- Adding the current location to the user internalUser1673
18:39:46.260 [pool-2-thread-1] INFO com.openclassrooms.tourguide.service.TourGuideService -- Adding the current location to the user internalUser133
18:39:46.357 [pool-2-thread-1] INFO com.openclassrooms.tourguide.service.TourGuideService -- Adding the current location to the user internalUser1672
18:39:46.395 [pool-2-thread-1] INFO com.openclassrooms.tourguide.service.TourGuideService -- Adding the current location to the user internalUser4705
18:39:46.445 [pool-2-thread-1] INFO com.openclassrooms.tourguide.service.TourGuideService -- Adding the current location to the user internalUser4706
18:39:46.532 [pool-2-thread-1] INFO com.openclassrooms.tourguide.service.TourGuideService -- Adding the current location to the user internalUser4707
18:39:46.571 [pool-2-thread-1] INFO com.openclassrooms.tourguide.service.TourGuideService -- Adding the current location to the user internalUser4708
18:39:46.609 [pool-2-thread-1] INFO com.openclassrooms.tourguide.service.TourGuideService -- Adding the current location to the user internalUser4709
18:39:46.665 [pool-2-thread-1] INFO com.openclassrooms.tourguide.service.TourGuideService -- Adding the current location to the user internalUser141
18:39:46.745 [pool-2-thread-1] INFO com.openclassrooms.tourguide.service.TourGuideService -- Adding the current location to the user internalUser142
18:39:46.832 [pool-2-thread-1] INFO com.openclassrooms.tourguide.service.TourGuideService -- Adding the current location to the user internalUser140
18:39:46.900 [pool-2-thread-1] INFO com.openclassrooms.tourguide.service.TourGuideService -- Adding the current location to the user internalUser149
18:39:46.958 [pool-2-thread-1] INFO com.openclassrooms.tourguide.service.TourGuideService -- Adding the current location to the user internalUser1646
18:39:47.051 [pool-2-thread-1] INFO com.openclassrooms.tourguide.service.TourGuideService -- Adding the current location to the user internalUser2977
18:39:47.086 [pool-2-thread-1] INFO com.openclassrooms.tourguide.service.TourGuideService -- Adding the current location to the user internalUser1645
18:39:47.143 [pool-2-thread-1] INFO com.openclassrooms.tourguide.service.TourGuideService -- Adding the current location to the user internalUser2976
18:39:47.211 [pool-2-thread-1] INFO com.openclassrooms.tourguide.service.TourGuideService -- Adding the current location to the user internalUser147
18:39:47.272 [pool-2-thread-1] INFO com.openclassrooms.tourguide.service.TourGuideService -- Adding the current location to the user internalUser1644
18:39:47.305 [pool-2-thread-1] INFO com.openclassrooms.tourguide.service.TourGuideService -- Adding the current location to the user internalUser2975
18:39:47.345 [pool-2-thread-1] INFO com.openclassrooms.tourguide.service.TourGuideService -- Adding the current location to the user internalUser148
18:39:47.430 [pool-2-thread-1] INFO com.openclassrooms.tourguide.service.TourGuideService -- Adding the current location to the user internalUser1643
18:39:47.493 [pool-2-thread-1] INFO com.openclassrooms.tourguide.service.TourGuideService -- Adding the current location to the user internalUser2974
18:39:47.587 [pool-2-thread-1] INFO com.openclassrooms.tourguide.service.TourGuideService -- Adding the current location to the user internalUser145
18:39:47.641 [pool-2-thread-1] INFO com.openclassrooms.tourguide.service.TourGuideService -- Adding the current location to the user internalUser1642
18:39:47.684 [pool-2-thread-1] INFO com.openclassrooms.tourguide.service.TourGuideService -- Adding the current location to the user internalUser2973
18:39:47.721 [pool-2-thread-1] INFO com.openclassrooms.tourguide.service.TourGuideService -- Adding the current location to the user internalUser146
18:39:47.802 [pool-2-thread-1] INFO com.openclassrooms.tourguide.service.TourGuideService -- Adding the current location to the user internalUser1641
18:39:47.885 [pool-2-thread-1] INFO com.openclassrooms.tourguide.service.TourGuideService -- Adding the current location to the user internalUser2972
18:39:47.961 [pool-2-thread-1] INFO com.openclassrooms.tourguide.service.TourGuideService -- Adding the current location to the user internalUser143
18:39:48.056 [pool-2-thread-1] INFO com.openclassrooms.tourguide.service.TourGuideService -- Adding the current location to the user internalUser1640
18:39:48.154 [pool-2-thread-1] INFO com.openclassrooms.tourguide.service.TourGuideService -- Adding the current location to the user internalUser2971
18:39:48.225 [pool-2-thread-1] INFO com.openclassrooms.tourguide.service.TourGuideService -- Adding the current location to the user internalUser144
18:39:48.282 [pool-2-thread-1] INFO com.openclassrooms.tourguide.service.TourGuideService -- Adding the current location to the user internalUser2970
18:39:48.329 [pool-2-thread-1] INFO com.openclassrooms.tourguide.service.TourGuideService -- Adding the current location to the user internalUser1649
18:39:48.383 [pool-2-thread-1] INFO com.openclassrooms.tourguide.service.TourGuideService -- Adding the current location to the user internalUser1648
18:39:48.435 [pool-2-thread-1] INFO com.openclassrooms.tourguide.service.TourGuideService -- Adding the current location to the user internalUser2979
18:39:48.481 [pool-2-thread-1] INFO com.openclassrooms.tourguide.service.TourGuideService -- Adding the current location to the user internalUser1647
18:39:48.525 [pool-2-thread-1] INFO com.openclassrooms.tourguide.service.TourGuideService -- Adding the current location to the user internalUser2978
18:39:48.570 [pool-2-thread-1] INFO com.openclassrooms.tourguide.service.TourGuideService -- Adding the current location to the user internalUser152
18:39:48.628 [pool-2-thread-1] INFO com.openclassrooms.tourguide.service.TourGuideService -- Adding the current location to the user internalUser2980
18:39:48.717 [pool-2-thread-1] INFO com.openclassrooms.tourguide.service.TourGuideService -- Adding the current location to the user internalUser153
18:39:48.752 [pool-2-thread-1] INFO com.openclassrooms.tourguide.service.TourGuideService -- Adding the current location to the user internalUser150
18:39:48.822 [pool-2-thread-1] INFO com.openclassrooms.tourguide.service.TourGuideService -- Adding the current location to the user internalUser151
18:39:48.879 [pool-2-thread-1] INFO com.openclassrooms.tourguide.service.TourGuideService -- Adding the current location to the user internalUser1657
18:39:48.976 [pool-2-thread-1] INFO com.openclassrooms.tourguide.service.TourGuideService -- Adding the current location to the user internalUser2988
18:39:49.008 [pool-2-thread-1] INFO com.openclassrooms.tourguide.service.TourGuideService -- Adding the current location to the user internalUser1656
18:39:49.105 [pool-2-thread-1] INFO com.openclassrooms.tourguide.service.TourGuideService -- Adding the current location to the user internalUser2987
18:39:49.176 [pool-2-thread-1] INFO com.openclassrooms.tourguide.service.TourGuideService -- Adding the current location to the user internalUser158
18:39:49.231 [pool-2-thread-1] INFO com.openclassrooms.tourguide.service.TourGuideService -- Adding the current location to the user internalUser1655
18:39:49.263 [pool-2-thread-1] INFO com.openclassrooms.tourguide.service.TourGuideService -- Adding the current location to the user internalUser2986
18:39:49.301 [pool-2-thread-1] INFO com.openclassrooms.tourguide.service.TourGuideService -- Adding the current location to the user internalUser159
18:39:49.371 [pool-2-thread-1] INFO com.openclassrooms.tourguide.service.TourGuideService -- Adding the current location to the user internalUser1654
18:39:49.430 [pool-2-thread-1] INFO com.openclassrooms.tourguide.service.TourGuideService -- Adding the current location to the user internalUser2985
18:39:49.467 [pool-2-thread-1] INFO com.openclassrooms.tourguide.service.TourGuideService -- Adding the current location to the user internalUser156
18:39:49.535 [pool-2-thread-1] INFO com.openclassrooms.tourguide.service.TourGuideService -- Adding the current location to the user internalUser1653
18:39:49.588 [pool-2-thread-1] INFO com.openclassrooms.tourguide.service.TourGuideService -- Adding the current location to the user internalUser2984
18:39:49.656 [pool-2-thread-1] INFO com.openclassrooms.tourguide.service.TourGuideService -- Adding the current location to the user internalUser157
18:39:49.732 [pool-2-thread-1] INFO com.openclassrooms.tourguide.service.TourGuideService -- Adding the current location to the user internalUser1652
18:39:49.832 [pool-2-thread-1] INFO com.openclassrooms.tourguide.service.TourGuideService -- Adding the current location to the user internalUser2983
18:39:49.899 [pool-2-thread-1] INFO com.openclassrooms.tourguide.service.TourGuideService -- Adding the current location to the user internalUser154
18:39:49.966 [pool-2-thread-1] INFO com.openclassrooms.tourguide.service.TourGuideService -- Adding the current location to the user internalUser1651
18:39:50.040 [pool-2-thread-1] INFO com.openclassrooms.tourguide.service.TourGuideService -- Adding the current location to the user internalUser2982
18:39:50.071 [pool-2-thread-1] INFO com.openclassrooms.tourguide.service.TourGuideService -- Adding the current location to the user internalUser155
18:39:50.114 [pool-2-thread-1] INFO com.openclassrooms.tourguide.service.TourGuideService -- Adding the current location to the user internalUser1650
18:39:50.163 [pool-2-thread-1] INFO com.openclassrooms.tourguide.service.TourGuideService -- Adding the current location to the user internalUser2981
18:39:50.232 [pool-2-thread-1] INFO com.openclassrooms.tourguide.service.TourGuideService -- Adding the current location to the user internalUser1659
18:39:50.267 [pool-2-thread-1] INFO com.openclassrooms.tourguide.service.TourGuideService -- Adding the current location to the user internalUser1658
18:39:50.331 [pool-2-thread-1] INFO com.openclassrooms.tourguide.service.TourGuideService -- Adding the current location to the user internalUser2989
18:39:50.420 [pool-2-thread-1] INFO com.openclassrooms.tourguide.service.TourGuideService -- Adding the current location to the user internalUser2099
18:39:50.483 [pool-2-thread-1] INFO com.openclassrooms.tourguide.service.TourGuideService -- Adding the current location to the user internalUser9
18:39:50.542 [pool-2-thread-1] INFO com.openclassrooms.tourguide.service.TourGuideService -- Adding the current location to the user internalUser2098
18:39:50.620 [pool-2-thread-1] INFO com.openclassrooms.tourguide.service.TourGuideService -- Adding the current location to the user internalUser8
18:39:50.689 [pool-2-thread-1] INFO com.openclassrooms.tourguide.service.TourGuideService -- Adding the current location to the user internalUser2097
18:39:50.742 [pool-2-thread-1] INFO com.openclassrooms.tourguide.service.TourGuideService -- Adding the current location to the user internalUser2096
18:39:50.833 [pool-2-thread-1] INFO com.openclassrooms.tourguide.service.TourGuideService -- Adding the current location to the user internalUser2095
18:39:50.882 [pool-2-thread-1] INFO com.openclassrooms.tourguide.service.TourGuideService -- Adding the current location to the user internalUser2094
18:39:50.959 [pool-2-thread-1] INFO com.openclassrooms.tourguide.service.TourGuideService -- Adding the current location to the user internalUser2093
18:39:51.048 [pool-2-thread-1] INFO com.openclassrooms.tourguide.service.TourGuideService -- Adding the current location to the user internalUser105
18:39:51.107 [pool-2-thread-1] INFO com.openclassrooms.tourguide.service.TourGuideService -- Adding the current location to the user internalUser106
18:39:51.180 [pool-2-thread-1] INFO com.openclassrooms.tourguide.service.TourGuideService -- Adding the current location to the user internalUser103
18:39:51.263 [pool-2-thread-1] INFO com.openclassrooms.tourguide.service.TourGuideService -- Adding the current location to the user internalUser104
18:39:51.306 [pool-2-thread-1] INFO com.openclassrooms.tourguide.service.TourGuideService -- Adding the current location to the user internalUser101
18:39:51.355 [pool-2-thread-1] INFO com.openclassrooms.tourguide.service.TourGuideService -- Adding the current location to the user internalUser102
18:39:51.421 [pool-2-thread-1] INFO com.openclassrooms.tourguide.service.TourGuideService -- Adding the current location to the user internalUser100
18:39:51.475 [pool-2-thread-1] INFO com.openclassrooms.tourguide.service.TourGuideService -- Adding the current location to the user internalUser109
18:39:51.536 [pool-2-thread-1] INFO com.openclassrooms.tourguide.service.TourGuideService -- Adding the current location to the user internalUser107
18:39:51.632 [pool-2-thread-1] INFO com.openclassrooms.tourguide.service.TourGuideService -- Adding the current location to the user internalUser108
18:39:51.665 [pool-2-thread-1] INFO com.openclassrooms.tourguide.service.TourGuideService -- Adding the current location to the user internalUser3
18:39:51.706 [pool-2-thread-1] INFO com.openclassrooms.tourguide.service.TourGuideService -- Adding the current location to the user internalUser2
18:39:51.765 [pool-2-thread-1] INFO com.openclassrooms.tourguide.service.TourGuideService -- Adding the current location to the user internalUser1
18:39:51.815 [pool-2-thread-1] INFO com.openclassrooms.tourguide.service.TourGuideService -- Adding the current location to the user internalUser0
18:39:51.889 [pool-2-thread-1] INFO com.openclassrooms.tourguide.service.TourGuideService -- Adding the current location to the user internalUser7
18:39:51.962 [pool-2-thread-1] INFO com.openclassrooms.tourguide.service.TourGuideService -- Adding the current location to the user internalUser6
18:39:52.043 [pool-2-thread-1] INFO com.openclassrooms.tourguide.service.TourGuideService -- Adding the current location to the user internalUser5
18:39:52.090 [pool-2-thread-1] INFO com.openclassrooms.tourguide.service.TourGuideService -- Adding the current location to the user internalUser4
18:39:52.178 [pool-2-thread-1] INFO com.openclassrooms.tourguide.service.TourGuideService -- Adding the current location to the user internalUser116
18:39:52.217 [pool-2-thread-1] INFO com.openclassrooms.tourguide.service.TourGuideService -- Adding the current location to the user internalUser117
18:39:52.255 [pool-2-thread-1] INFO com.openclassrooms.tourguide.service.TourGuideService -- Adding the current location to the user internalUser114
18:39:52.322 [pool-2-thread-1] INFO com.openclassrooms.tourguide.service.TourGuideService -- Adding the current location to the user internalUser115
18:39:52.394 [pool-2-thread-1] INFO com.openclassrooms.tourguide.service.TourGuideService -- Adding the current location to the user internalUser112
18:39:52.441 [pool-2-thread-1] INFO com.openclassrooms.tourguide.service.TourGuideService -- Adding the current location to the user internalUser113
18:39:52.504 [pool-2-thread-1] INFO com.openclassrooms.tourguide.service.TourGuideService -- Adding the current location to the user internalUser110
18:39:52.536 [pool-2-thread-1] INFO com.openclassrooms.tourguide.service.TourGuideService -- Adding the current location to the user internalUser111
18:39:52.605 [pool-2-thread-1] INFO com.openclassrooms.tourguide.service.TourGuideService -- Adding the current location to the user internalUser118
18:39:52.652 [pool-2-thread-1] INFO com.openclassrooms.tourguide.service.TourGuideService -- Adding the current location to the user internalUser119
18:39:52.747 [pool-2-thread-1] INFO com.openclassrooms.tourguide.service.TourGuideService -- Adding the current location to the user internalUser2911
18:39:52.814 [pool-2-thread-1] INFO com.openclassrooms.tourguide.service.TourGuideService -- Adding the current location to the user internalUser2910
18:39:52.846 [pool-2-thread-1] INFO com.openclassrooms.tourguide.service.TourGuideService -- Adding the current location to the user internalUser2919
18:39:52.907 [pool-2-thread-1] INFO com.openclassrooms.tourguide.service.TourGuideService -- Adding the current location to the user internalUser2918
18:39:52.942 [pool-2-thread-1] INFO com.openclassrooms.tourguide.service.TourGuideService -- Adding the current location to the user internalUser2917
18:39:53.025 [pool-2-thread-1] INFO com.openclassrooms.tourguide.service.TourGuideService -- Adding the current location to the user internalUser2916
18:39:53.105 [pool-2-thread-1] INFO com.openclassrooms.tourguide.service.TourGuideService -- Adding the current location to the user internalUser2915
18:39:53.149 [pool-2-thread-1] INFO com.openclassrooms.tourguide.service.TourGuideService -- Adding the current location to the user internalUser2914
18:39:53.228 [pool-2-thread-1] INFO com.openclassrooms.tourguide.service.TourGuideService -- Adding the current location to the user internalUser2913
18:39:53.328 [pool-2-thread-1] INFO com.openclassrooms.tourguide.service.TourGuideService -- Adding the current location to the user internalUser2912
18:39:53.424 [pool-2-thread-1] INFO com.openclassrooms.tourguide.service.TourGuideService -- Adding the current location to the user internalUser2922
18:39:53.500 [pool-2-thread-1] INFO com.openclassrooms.tourguide.service.TourGuideService -- Adding the current location to the user internalUser2921
18:39:53.575 [pool-2-thread-1] INFO com.openclassrooms.tourguide.service.TourGuideService -- Adding the current location to the user internalUser2920
18:39:53.675 [pool-2-thread-1] INFO com.openclassrooms.tourguide.service.TourGuideService -- Adding the current location to the user internalUser2929
18:39:53.752 [pool-2-thread-1] INFO com.openclassrooms.tourguide.service.TourGuideService -- Adding the current location to the user internalUser2928
18:39:53.803 [pool-2-thread-1] INFO com.openclassrooms.tourguide.service.TourGuideService -- Adding the current location to the user internalUser2927
18:39:53.873 [pool-2-thread-1] INFO com.openclassrooms.tourguide.service.TourGuideService -- Adding the current location to the user internalUser2926
18:39:53.968 [pool-2-thread-1] INFO com.openclassrooms.tourguide.service.TourGuideService -- Adding the current location to the user internalUser2925
18:39:54.007 [pool-2-thread-1] INFO com.openclassrooms.tourguide.service.TourGuideService -- Adding the current location to the user internalUser2924
18:39:54.077 [pool-2-thread-1] INFO com.openclassrooms.tourguide.service.TourGuideService -- Adding the current location to the user internalUser2923
18:39:54.175 [pool-2-thread-1] INFO com.openclassrooms.tourguide.service.TourGuideService -- Adding the current location to the user internalUser2900
18:39:54.212 [pool-2-thread-1] INFO com.openclassrooms.tourguide.service.TourGuideService -- Adding the current location to the user internalUser2908
18:39:54.246 [pool-2-thread-1] INFO com.openclassrooms.tourguide.service.TourGuideService -- Adding the current location to the user internalUser2907
18:39:54.300 [pool-2-thread-1] INFO com.openclassrooms.tourguide.service.TourGuideService -- Adding the current location to the user internalUser2906
18:39:54.378 [pool-2-thread-1] INFO com.openclassrooms.tourguide.service.TourGuideService -- Adding the current location to the user internalUser2905
18:39:54.440 [pool-2-thread-1] INFO com.openclassrooms.tourguide.service.TourGuideService -- Adding the current location to the user internalUser2904
18:39:54.491 [pool-2-thread-1] INFO com.openclassrooms.tourguide.service.TourGuideService -- Adding the current location to the user internalUser2903
18:39:54.541 [pool-2-thread-1] INFO com.openclassrooms.tourguide.service.TourGuideService -- Adding the current location to the user internalUser2902
18:39:54.616 [pool-2-thread-1] INFO com.openclassrooms.tourguide.service.TourGuideService -- Adding the current location to the user internalUser2901
18:39:54.715 [pool-2-thread-1] INFO com.openclassrooms.tourguide.service.TourGuideService -- Adding the current location to the user internalUser2909
18:39:54.797 [pool-2-thread-1] INFO com.openclassrooms.tourguide.service.TourGuideService -- Adding the current location to the user internalUser2034
18:39:54.876 [pool-2-thread-1] INFO com.openclassrooms.tourguide.service.TourGuideService -- Adding the current location to the user internalUser3366
18:39:54.924 [pool-2-thread-1] INFO com.openclassrooms.tourguide.service.TourGuideService -- Adding the current location to the user internalUser4697
18:39:54.972 [pool-2-thread-1] INFO com.openclassrooms.tourguide.service.TourGuideService -- Adding the current location to the user internalUser2033
18:39:55.015 [pool-2-thread-1] INFO com.openclassrooms.tourguide.service.TourGuideService -- Adding the current location to the user internalUser3367
18:39:55.085 [pool-2-thread-1] INFO com.openclassrooms.tourguide.service.TourGuideService -- Adding the current location to the user internalUser4698
18:39:55.150 [pool-2-thread-1] INFO com.openclassrooms.tourguide.service.TourGuideService -- Adding the current location to the user internalUser2032
18:39:55.222 [pool-2-thread-1] INFO com.openclassrooms.tourguide.service.TourGuideService -- Adding the current location to the user internalUser3368
18:39:55.295 [pool-2-thread-1] INFO com.openclassrooms.tourguide.service.TourGuideService -- Adding the current location to the user internalUser4699
18:39:55.328 [pool-2-thread-1] INFO com.openclassrooms.tourguide.service.TourGuideService -- Adding the current location to the user internalUser2031
18:39:55.407 [pool-2-thread-1] INFO com.openclassrooms.tourguide.service.TourGuideService -- Adding the current location to the user internalUser3369
18:39:55.486 [pool-2-thread-1] INFO com.openclassrooms.tourguide.service.TourGuideService -- Adding the current location to the user internalUser2030
18:39:55.547 [pool-2-thread-1] INFO com.openclassrooms.tourguide.service.TourGuideService -- Adding the current location to the user internalUser4690
18:39:55.642 [pool-2-thread-1] INFO com.openclassrooms.tourguide.service.TourGuideService -- Adding the current location to the user internalUser3360
18:39:55.706 [pool-2-thread-1] INFO com.openclassrooms.tourguide.service.TourGuideService -- Adding the current location to the user internalUser4691
18:39:55.751 [pool-2-thread-1] INFO com.openclassrooms.tourguide.service.TourGuideService -- Adding the current location to the user internalUser2039
18:39:55.841 [pool-2-thread-1] INFO com.openclassrooms.tourguide.service.TourGuideService -- Adding the current location to the user internalUser3361
18:39:55.888 [pool-2-thread-1] INFO com.openclassrooms.tourguide.service.TourGuideService -- Adding the current location to the user internalUser4692
18:39:55.938 [pool-2-thread-1] INFO com.openclassrooms.tourguide.service.TourGuideService -- Adding the current location to the user internalUser2038
18:39:55.986 [pool-2-thread-1] INFO com.openclassrooms.tourguide.service.TourGuideService -- Adding the current location to the user internalUser3362
18:39:56.075 [pool-2-thread-1] INFO com.openclassrooms.tourguide.service.TourGuideService -- Adding the current location to the user internalUser4693
18:39:56.169 [pool-2-thread-1] INFO com.openclassrooms.tourguide.service.TourGuideService -- Adding the current location to the user internalUser2037
18:39:56.245 [pool-2-thread-1] INFO com.openclassrooms.tourguide.service.TourGuideService -- Adding the current location to the user internalUser3363
18:39:56.300 [pool-2-thread-1] INFO com.openclassrooms.tourguide.service.TourGuideService -- Adding the current location to the user internalUser4694
18:39:56.387 [pool-2-thread-1] INFO com.openclassrooms.tourguide.service.TourGuideService -- Adding the current location to the user internalUser2036
18:39:56.458 [pool-2-thread-1] INFO com.openclassrooms.tourguide.service.TourGuideService -- Adding the current location to the user internalUser3364
18:39:56.557 [pool-2-thread-1] INFO com.openclassrooms.tourguide.service.TourGuideService -- Adding the current location to the user internalUser4695
18:39:56.624 [pool-2-thread-1] INFO com.openclassrooms.tourguide.service.TourGuideService -- Adding the current location to the user internalUser2035
18:39:56.662 [pool-2-thread-1] INFO com.openclassrooms.tourguide.service.TourGuideService -- Adding the current location to the user internalUser3365
18:39:56.745 [pool-2-thread-1] INFO com.openclassrooms.tourguide.service.TourGuideService -- Adding the current location to the user internalUser4696
18:39:56.795 [pool-2-thread-1] INFO com.openclassrooms.tourguide.service.TourGuideService -- Adding the current location to the user internalUser2045
18:39:56.830 [pool-2-thread-1] INFO com.openclassrooms.tourguide.service.TourGuideService -- Adding the current location to the user internalUser3377
18:39:56.892 [pool-2-thread-1] INFO com.openclassrooms.tourguide.service.TourGuideService -- Adding the current location to the user internalUser2044
18:39:56.975 [pool-2-thread-1] INFO com.openclassrooms.tourguide.service.TourGuideService -- Adding the current location to the user internalUser3378
18:39:57.028 [pool-2-thread-1] INFO com.openclassrooms.tourguide.service.TourGuideService -- Adding the current location to the user internalUser2043
18:39:57.126 [pool-2-thread-1] INFO com.openclassrooms.tourguide.service.TourGuideService -- Adding the current location to the user internalUser3379
18:39:57.161 [pool-2-thread-1] INFO com.openclassrooms.tourguide.service.TourGuideService -- Adding the current location to the user internalUser2042
18:39:57.210 [pool-2-thread-1] INFO com.openclassrooms.tourguide.service.TourGuideService -- Adding the current location to the user internalUser2041
18:39:57.260 [pool-2-thread-1] INFO com.openclassrooms.tourguide.service.TourGuideService -- Adding the current location to the user internalUser2040
18:39:57.340 [pool-2-thread-1] INFO com.openclassrooms.tourguide.service.TourGuideService -- Adding the current location to the user internalUser3370
18:39:57.435 [pool-2-thread-1] INFO com.openclassrooms.tourguide.service.TourGuideService -- Adding the current location to the user internalUser3371
18:39:57.508 [pool-2-thread-1] INFO com.openclassrooms.tourguide.service.TourGuideService -- Adding the current location to the user internalUser3372
18:39:57.600 [pool-2-thread-1] INFO com.openclassrooms.tourguide.service.TourGuideService -- Adding the current location to the user internalUser2049
18:39:57.645 [pool-2-thread-1] INFO com.openclassrooms.tourguide.service.TourGuideService -- Adding the current location to the user internalUser3373
18:39:57.737 [pool-2-thread-1] INFO com.openclassrooms.tourguide.service.TourGuideService -- Adding the current location to the user internalUser2048
18:39:57.810 [pool-2-thread-1] INFO com.openclassrooms.tourguide.service.TourGuideService -- Adding the current location to the user internalUser3374
18:39:57.905 [pool-2-thread-1] INFO com.openclassrooms.tourguide.service.TourGuideService -- Adding the current location to the user internalUser2047
18:39:57.979 [pool-2-thread-1] INFO com.openclassrooms.tourguide.service.TourGuideService -- Adding the current location to the user internalUser3375
18:39:58.068 [pool-2-thread-1] INFO com.openclassrooms.tourguide.service.TourGuideService -- Adding the current location to the user internalUser2046
18:39:58.140 [pool-2-thread-1] INFO com.openclassrooms.tourguide.service.TourGuideService -- Adding the current location to the user internalUser3376
18:39:58.176 [pool-2-thread-1] INFO com.openclassrooms.tourguide.service.TourGuideService -- Adding the current location to the user internalUser2012
18:39:58.230 [pool-2-thread-1] INFO com.openclassrooms.tourguide.service.TourGuideService -- Adding the current location to the user internalUser3344
18:39:58.306 [pool-2-thread-1] INFO com.openclassrooms.tourguide.service.TourGuideService -- Adding the current location to the user internalUser4675
18:39:58.366 [pool-2-thread-1] INFO com.openclassrooms.tourguide.service.TourGuideService -- Adding the current location to the user internalUser2011
18:39:58.400 [pool-2-thread-1] INFO com.openclassrooms.tourguide.service.TourGuideService -- Adding the current location to the user internalUser3345
18:39:58.459 [pool-2-thread-1] INFO com.openclassrooms.tourguide.service.TourGuideService -- Adding the current location to the user internalUser4676
18:39:58.523 [pool-2-thread-1] INFO com.openclassrooms.tourguide.service.TourGuideService -- Adding the current location to the user internalUser2010
18:39:58.612 [pool-2-thread-1] INFO com.openclassrooms.tourguide.service.TourGuideService -- Adding the current location to the user internalUser3346
18:39:58.706 [pool-2-thread-1] INFO com.openclassrooms.tourguide.service.TourGuideService -- Adding the current location to the user internalUser4677
18:39:58.793 [pool-2-thread-1] INFO com.openclassrooms.tourguide.service.TourGuideService -- Adding the current location to the user internalUser3347
18:39:58.848 [pool-2-thread-1] INFO com.openclassrooms.tourguide.service.TourGuideService -- Adding the current location to the user internalUser4678
18:39:58.924 [pool-2-thread-1] INFO com.openclassrooms.tourguide.service.TourGuideService -- Adding the current location to the user internalUser3348
18:39:59.019 [pool-2-thread-1] INFO com.openclassrooms.tourguide.service.TourGuideService -- Adding the current location to the user internalUser4679
18:39:59.054 [pool-2-thread-1] INFO com.openclassrooms.tourguide.service.TourGuideService -- Adding the current location to the user internalUser3349
18:39:59.090 [pool-2-thread-1] INFO com.openclassrooms.tourguide.service.TourGuideService -- Adding the current location to the user internalUser2019
18:39:59.168 [pool-2-thread-1] INFO com.openclassrooms.tourguide.service.TourGuideService -- Adding the current location to the user internalUser2018
18:39:59.221 [pool-2-thread-1] INFO com.openclassrooms.tourguide.service.TourGuideService -- Adding the current location to the user internalUser2017
18:39:59.287 [pool-2-thread-1] INFO com.openclassrooms.tourguide.service.TourGuideService -- Adding the current location to the user internalUser4670
18:39:59.385 [pool-2-thread-1] INFO com.openclassrooms.tourguide.service.TourGuideService -- Adding the current location to the user internalUser2016
18:39:59.426 [pool-2-thread-1] INFO com.openclassrooms.tourguide.service.TourGuideService -- Adding the current location to the user internalUser3340
18:39:59.470 [pool-2-thread-1] INFO com.openclassrooms.tourguide.service.TourGuideService -- Adding the current location to the user internalUser4671
18:39:59.536 [pool-2-thread-1] INFO com.openclassrooms.tourguide.service.TourGuideService -- Adding the current location to the user internalUser2015
18:39:59.593 [pool-2-thread-1] INFO com.openclassrooms.tourguide.service.TourGuideService -- Adding the current location to the user internalUser3341
18:39:59.686 [pool-2-thread-1] INFO com.openclassrooms.tourguide.service.TourGuideService -- Adding the current location to the user internalUser4672
18:39:59.770 [pool-2-thread-1] INFO com.openclassrooms.tourguide.service.TourGuideService -- Adding the current location to the user internalUser2014
18:39:59.863 [pool-2-thread-1] INFO com.openclassrooms.tourguide.service.TourGuideService -- Adding the current location to the user internalUser3342
18:39:59.924 [pool-2-thread-1] INFO com.openclassrooms.tourguide.service.TourGuideService -- Adding the current location to the user internalUser4673
18:39:59.958 [pool-2-thread-1] INFO com.openclassrooms.tourguide.service.TourGuideService -- Adding the current location to the user internalUser2013
18:40:00.005 [pool-2-thread-1] INFO com.openclassrooms.tourguide.service.TourGuideService -- Adding the current location to the user internalUser3343
18:40:00.052 [pool-2-thread-1] INFO com.openclassrooms.tourguide.service.TourGuideService -- Adding the current location to the user internalUser4674
18:40:00.134 [pool-2-thread-1] INFO com.openclassrooms.tourguide.service.TourGuideService -- Adding the current location to the user internalUser2023
18:40:00.169 [pool-2-thread-1] INFO com.openclassrooms.tourguide.service.TourGuideService -- Adding the current location to the user internalUser3355
18:40:00.233 [pool-2-thread-1] INFO com.openclassrooms.tourguide.service.TourGuideService -- Adding the current location to the user internalUser4686
18:40:00.285 [pool-2-thread-1] INFO com.openclassrooms.tourguide.service.TourGuideService -- Adding the current location to the user internalUser2022
18:40:00.378 [pool-2-thread-1] INFO com.openclassrooms.tourguide.service.TourGuideService -- Adding the current location to the user internalUser3356
18:40:00.414 [pool-2-thread-1] INFO com.openclassrooms.tourguide.service.TourGuideService -- Adding the current location to the user internalUser4687
18:40:00.481 [pool-2-thread-1] INFO com.openclassrooms.tourguide.service.TourGuideService -- Adding the current location to the user internalUser2021
18:40:00.521 [pool-2-thread-1] INFO com.openclassrooms.tourguide.service.TourGuideService -- Adding the current location to the user internalUser3357
18:40:00.589 [pool-2-thread-1] INFO com.openclassrooms.tourguide.service.TourGuideService -- Adding the current location to the user internalUser4688
18:40:00.655 [pool-2-thread-1] INFO com.openclassrooms.tourguide.service.TourGuideService -- Adding the current location to the user internalUser2020
18:40:00.689 [pool-2-thread-1] INFO com.openclassrooms.tourguide.service.TourGuideService -- Adding the current location to the user internalUser3358
18:40:00.761 [pool-2-thread-1] INFO com.openclassrooms.tourguide.service.TourGuideService -- Adding the current location to the user internalUser4689
18:40:00.838 [pool-2-thread-1] INFO com.openclassrooms.tourguide.service.TourGuideService -- Adding the current location to the user internalUser3359
18:40:00.884 [pool-2-thread-1] INFO com.openclassrooms.tourguide.service.TourGuideService -- Adding the current location to the user internalUser2029
18:40:00.949 [pool-2-thread-1] INFO com.openclassrooms.tourguide.service.TourGuideService -- Adding the current location to the user internalUser4680
18:40:01.049 [pool-2-thread-1] INFO com.openclassrooms.tourguide.service.TourGuideService -- Adding the current location to the user internalUser2028
18:40:01.097 [pool-2-thread-1] INFO com.openclassrooms.tourguide.service.TourGuideService -- Adding the current location to the user internalUser3350
18:40:01.188 [pool-2-thread-1] INFO com.openclassrooms.tourguide.service.TourGuideService -- Adding the current location to the user internalUser4681
18:40:01.279 [pool-2-thread-1] INFO com.openclassrooms.tourguide.service.TourGuideService -- Adding the current location to the user internalUser2027
18:40:01.321 [pool-2-thread-1] INFO com.openclassrooms.tourguide.service.TourGuideService -- Adding the current location to the user internalUser3351
18:40:01.415 [pool-2-thread-1] INFO com.openclassrooms.tourguide.service.TourGuideService -- Adding the current location to the user internalUser4682
18:40:01.513 [pool-2-thread-1] INFO com.openclassrooms.tourguide.service.TourGuideService -- Adding the current location to the user internalUser2026
18:40:01.561 [pool-2-thread-1] INFO com.openclassrooms.tourguide.service.TourGuideService -- Adding the current location to the user internalUser3352
18:40:01.629 [pool-2-thread-1] INFO com.openclassrooms.tourguide.service.TourGuideService -- Adding the current location to the user internalUser4683
18:40:01.669 [pool-2-thread-1] INFO com.openclassrooms.tourguide.service.TourGuideService -- Adding the current location to the user internalUser2025
18:40:01.748 [pool-2-thread-1] INFO com.openclassrooms.tourguide.service.TourGuideService -- Adding the current location to the user internalUser3353
18:40:01.818 [pool-2-thread-1] INFO com.openclassrooms.tourguide.service.TourGuideService -- Adding the current location to the user internalUser4684
18:40:01.884 [pool-2-thread-1] INFO com.openclassrooms.tourguide.service.TourGuideService -- Adding the current location to the user internalUser2024
18:40:01.968 [pool-2-thread-1] INFO com.openclassrooms.tourguide.service.TourGuideService -- Adding the current location to the user internalUser3354
18:40:02.000 [pool-2-thread-1] INFO com.openclassrooms.tourguide.service.TourGuideService -- Adding the current location to the user internalUser4685
18:40:02.088 [pool-2-thread-1] INFO com.openclassrooms.tourguide.service.TourGuideService -- Adding the current location to the user internalUser2078
18:40:02.159 [pool-2-thread-1] INFO com.openclassrooms.tourguide.service.TourGuideService -- Adding the current location to the user internalUser2077
18:40:02.213 [pool-2-thread-1] INFO com.openclassrooms.tourguide.service.TourGuideService -- Adding the current location to the user internalUser2076
18:40:02.294 [pool-2-thread-1] INFO com.openclassrooms.tourguide.service.TourGuideService -- Adding the current location to the user internalUser2075
18:40:02.395 [pool-2-thread-1] INFO com.openclassrooms.tourguide.service.TourGuideService -- Adding the current location to the user internalUser2074
18:40:02.441 [pool-2-thread-1] INFO com.openclassrooms.tourguide.service.TourGuideService -- Adding the current location to the user internalUser2073
18:40:02.540 [pool-2-thread-1] INFO com.openclassrooms.tourguide.service.TourGuideService -- Adding the current location to the user internalUser2072
18:40:02.607 [pool-2-thread-1] INFO com.openclassrooms.tourguide.service.TourGuideService -- Adding the current location to the user internalUser2071
18:40:02.681 [pool-2-thread-1] INFO com.openclassrooms.tourguide.service.TourGuideService -- Adding the current location to the user internalUser2079
18:40:02.752 [pool-2-thread-1] INFO com.openclassrooms.tourguide.service.TourGuideService -- Adding the current location to the user internalUser2081
18:40:02.830 [pool-2-thread-1] INFO com.openclassrooms.tourguide.service.TourGuideService -- Adding the current location to the user internalUser2080
18:40:02.918 [pool-2-thread-1] INFO com.openclassrooms.tourguide.service.TourGuideService -- Adding the current location to the user internalUser2089
18:40:02.956 [pool-2-thread-1] INFO com.openclassrooms.tourguide.service.TourGuideService -- Adding the current location to the user internalUser2088
18:40:03.006 [pool-2-thread-1] INFO com.openclassrooms.tourguide.service.TourGuideService -- Adding the current location to the user internalUser2087
18:40:03.041 [pool-2-thread-1] INFO com.openclassrooms.tourguide.service.TourGuideService -- Adding the current location to the user internalUser2086
18:40:03.084 [pool-2-thread-1] INFO com.openclassrooms.tourguide.service.TourGuideService -- Adding the current location to the user internalUser2085
18:40:03.135 [pool-2-thread-1] INFO com.openclassrooms.tourguide.service.TourGuideService -- Adding the current location to the user internalUser2084
18:40:03.211 [pool-2-thread-1] INFO com.openclassrooms.tourguide.service.TourGuideService -- Adding the current location to the user internalUser2083
18:40:03.257 [pool-2-thread-1] INFO com.openclassrooms.tourguide.service.TourGuideService -- Adding the current location to the user internalUser2082
18:40:03.290 [pool-2-thread-1] INFO com.openclassrooms.tourguide.service.TourGuideService -- Adding the current location to the user internalUser2092
18:40:03.390 [pool-2-thread-1] INFO com.openclassrooms.tourguide.service.TourGuideService -- Adding the current location to the user internalUser2091
18:40:03.489 [pool-2-thread-1] INFO com.openclassrooms.tourguide.service.TourGuideService -- Adding the current location to the user internalUser2090
18:40:03.587 [pool-2-thread-1] INFO com.openclassrooms.tourguide.service.TourGuideService -- Adding the current location to the user internalUser2056
18:40:03.662 [pool-2-thread-1] INFO com.openclassrooms.tourguide.service.TourGuideService -- Adding the current location to the user internalUser3388
18:40:03.744 [pool-2-thread-1] INFO com.openclassrooms.tourguide.service.TourGuideService -- Adding the current location to the user internalUser2055
18:40:03.827 [pool-2-thread-1] INFO com.openclassrooms.tourguide.service.TourGuideService -- Adding the current location to the user internalUser3389
18:40:03.880 [pool-2-thread-1] INFO com.openclassrooms.tourguide.service.TourGuideService -- Adding the current location to the user internalUser2054
18:40:03.921 [pool-2-thread-1] INFO com.openclassrooms.tourguide.service.TourGuideService -- Adding the current location to the user internalUser2053
18:40:03.993 [pool-2-thread-1] INFO com.openclassrooms.tourguide.service.TourGuideService -- Adding the current location to the user internalUser2052
18:40:04.039 [pool-2-thread-1] INFO com.openclassrooms.tourguide.service.TourGuideService -- Adding the current location to the user internalUser2051
18:40:04.119 [pool-2-thread-1] INFO com.openclassrooms.tourguide.service.TourGuideService -- Adding the current location to the user internalUser2050
18:40:04.202 [pool-2-thread-1] INFO com.openclassrooms.tourguide.service.TourGuideService -- Adding the current location to the user internalUser3380
18:40:04.267 [pool-2-thread-1] INFO com.openclassrooms.tourguide.service.TourGuideService -- Adding the current location to the user internalUser3381
18:40:04.367 [pool-2-thread-1] INFO com.openclassrooms.tourguide.service.TourGuideService -- Adding the current location to the user internalUser3382
18:40:04.430 [pool-2-thread-1] INFO com.openclassrooms.tourguide.service.TourGuideService -- Adding the current location to the user internalUser3383
18:40:04.471 [pool-2-thread-1] INFO com.openclassrooms.tourguide.service.TourGuideService -- Adding the current location to the user internalUser3384
18:40:04.513 [pool-2-thread-1] INFO com.openclassrooms.tourguide.service.TourGuideService -- Adding the current location to the user internalUser2059
18:40:04.588 [pool-2-thread-1] INFO com.openclassrooms.tourguide.service.TourGuideService -- Adding the current location to the user internalUser3385
18:40:04.646 [pool-2-thread-1] INFO com.openclassrooms.tourguide.service.TourGuideService -- Adding the current location to the user internalUser2058
18:40:04.703 [pool-2-thread-1] INFO com.openclassrooms.tourguide.service.TourGuideService -- Adding the current location to the user internalUser3386
18:40:04.738 [pool-2-thread-1] INFO com.openclassrooms.tourguide.service.TourGuideService -- Adding the current location to the user internalUser2057
18:40:04.777 [pool-2-thread-1] INFO com.openclassrooms.tourguide.service.TourGuideService -- Adding the current location to the user internalUser3387
18:40:04.855 [pool-2-thread-1] INFO com.openclassrooms.tourguide.service.TourGuideService -- Adding the current location to the user internalUser3390
18:40:04.910 [pool-2-thread-1] INFO com.openclassrooms.tourguide.service.TourGuideService -- Adding the current location to the user internalUser2067
18:40:04.977 [pool-2-thread-1] INFO com.openclassrooms.tourguide.service.TourGuideService -- Adding the current location to the user internalUser3399
18:40:05.048 [pool-2-thread-1] INFO com.openclassrooms.tourguide.service.TourGuideService -- Adding the current location to the user internalUser2066
18:40:05.123 [pool-2-thread-1] INFO com.openclassrooms.tourguide.service.TourGuideService -- Adding the current location to the user internalUser2065
18:40:05.168 [pool-2-thread-1] INFO com.openclassrooms.tourguide.service.TourGuideService -- Adding the current location to the user internalUser2064
18:40:05.251 [pool-2-thread-1] INFO com.openclassrooms.tourguide.service.TourGuideService -- Adding the current location to the user internalUser2063
18:40:05.326 [pool-2-thread-1] INFO com.openclassrooms.tourguide.service.TourGuideService -- Adding the current location to the user internalUser2062
18:40:05.379 [pool-2-thread-1] INFO com.openclassrooms.tourguide.service.TourGuideService -- Adding the current location to the user internalUser2061
18:40:05.465 [pool-2-thread-1] INFO com.openclassrooms.tourguide.service.TourGuideService -- Adding the current location to the user internalUser2060
18:40:05.555 [pool-2-thread-1] INFO com.openclassrooms.tourguide.service.TourGuideService -- Adding the current location to the user internalUser3391
18:40:05.605 [pool-2-thread-1] INFO com.openclassrooms.tourguide.service.TourGuideService -- Adding the current location to the user internalUser3392
18:40:05.642 [pool-2-thread-1] INFO com.openclassrooms.tourguide.service.TourGuideService -- Adding the current location to the user internalUser3393
18:40:05.680 [pool-2-thread-1] INFO com.openclassrooms.tourguide.service.TourGuideService -- Adding the current location to the user internalUser3394
18:40:05.780 [pool-2-thread-1] INFO com.openclassrooms.tourguide.service.TourGuideService -- Adding the current location to the user internalUser3395
18:40:05.867 [pool-2-thread-1] INFO com.openclassrooms.tourguide.service.TourGuideService -- Adding the current location to the user internalUser3396
18:40:05.942 [pool-2-thread-1] INFO com.openclassrooms.tourguide.service.TourGuideService -- Adding the current location to the user internalUser2069
18:40:05.982 [pool-2-thread-1] INFO com.openclassrooms.tourguide.service.TourGuideService -- Adding the current location to the user internalUser3397
18:40:06.072 [pool-2-thread-1] INFO com.openclassrooms.tourguide.service.TourGuideService -- Adding the current location to the user internalUser2068
18:40:06.158 [pool-2-thread-1] INFO com.openclassrooms.tourguide.service.TourGuideService -- Adding the current location to the user internalUser3398
18:40:06.200 [pool-2-thread-1] INFO com.openclassrooms.tourguide.service.TourGuideService -- Adding the current location to the user internalUser2070
18:40:06.244 [pool-2-thread-1] INFO com.openclassrooms.tourguide.service.TourGuideService -- Adding the current location to the user internalUser1583
18:40:06.341 [pool-2-thread-1] INFO com.openclassrooms.tourguide.service.TourGuideService -- Adding the current location to the user internalUser1582
18:40:06.401 [pool-2-thread-1] INFO com.openclassrooms.tourguide.service.TourGuideService -- Adding the current location to the user internalUser4610
18:40:06.445 [pool-2-thread-1] INFO com.openclassrooms.tourguide.service.TourGuideService -- Adding the current location to the user internalUser1581
18:40:06.542 [pool-2-thread-1] INFO com.openclassrooms.tourguide.service.TourGuideService -- Adding the current location to the user internalUser4611
18:40:06.615 [pool-2-thread-1] INFO com.openclassrooms.tourguide.service.TourGuideService -- Adding the current location to the user internalUser1580
18:40:06.658 [pool-2-thread-1] INFO com.openclassrooms.tourguide.service.TourGuideService -- Adding the current location to the user internalUser4612
18:40:06.733 [pool-2-thread-1] INFO com.openclassrooms.tourguide.service.TourGuideService -- Adding the current location to the user internalUser4613
18:40:06.802 [pool-2-thread-1] INFO com.openclassrooms.tourguide.service.TourGuideService -- Adding the current location to the user internalUser4614
18:40:06.835 [pool-2-thread-1] INFO com.openclassrooms.tourguide.service.TourGuideService -- Adding the current location to the user internalUser4615
18:40:06.915 [pool-2-thread-1] INFO com.openclassrooms.tourguide.service.TourGuideService -- Adding the current location to the user internalUser4616
18:40:06.955 [pool-2-thread-1] INFO com.openclassrooms.tourguide.service.TourGuideService -- Adding the current location to the user internalUser1589
18:40:07.013 [pool-2-thread-1] INFO com.openclassrooms.tourguide.service.TourGuideService -- Adding the current location to the user internalUser1588
18:40:07.062 [pool-2-thread-1] INFO com.openclassrooms.tourguide.service.TourGuideService -- Adding the current location to the user internalUser1587
18:40:07.146 [pool-2-thread-1] INFO com.openclassrooms.tourguide.service.TourGuideService -- Adding the current location to the user internalUser1586
18:40:07.182 [pool-2-thread-1] INFO com.openclassrooms.tourguide.service.TourGuideService -- Adding the current location to the user internalUser1585
18:40:07.247 [pool-2-thread-1] INFO com.openclassrooms.tourguide.service.TourGuideService -- Adding the current location to the user internalUser1584
18:40:07.308 [pool-2-thread-1] INFO com.openclassrooms.tourguide.service.TourGuideService -- Adding the current location to the user internalUser4617
18:40:07.357 [pool-2-thread-1] INFO com.openclassrooms.tourguide.service.TourGuideService -- Adding the current location to the user internalUser4618
18:40:07.424 [pool-2-thread-1] INFO com.openclassrooms.tourguide.service.TourGuideService -- Adding the current location to the user internalUser4619
18:40:07.457 [pool-2-thread-1] INFO com.openclassrooms.tourguide.service.TourGuideService -- Adding the current location to the user internalUser1594
18:40:07.502 [pool-2-thread-1] INFO com.openclassrooms.tourguide.service.TourGuideService -- Adding the current location to the user internalUser4620
18:40:07.554 [pool-2-thread-1] INFO com.openclassrooms.tourguide.service.TourGuideService -- Adding the current location to the user internalUser1593
18:40:07.618 [pool-2-thread-1] INFO com.openclassrooms.tourguide.service.TourGuideService -- Adding the current location to the user internalUser4621
18:40:07.713 [pool-2-thread-1] INFO com.openclassrooms.tourguide.service.TourGuideService -- Adding the current location to the user internalUser1592
18:40:07.758 [pool-2-thread-1] INFO com.openclassrooms.tourguide.service.TourGuideService -- Adding the current location to the user internalUser4622
18:40:07.809 [pool-2-thread-1] INFO com.openclassrooms.tourguide.service.TourGuideService -- Adding the current location to the user internalUser1591
18:40:07.855 [pool-2-thread-1] INFO com.openclassrooms.tourguide.service.TourGuideService -- Adding the current location to the user internalUser4623
18:40:07.929 [pool-2-thread-1] INFO com.openclassrooms.tourguide.service.TourGuideService -- Adding the current location to the user internalUser1590
18:40:08.003 [pool-2-thread-1] INFO com.openclassrooms.tourguide.service.TourGuideService -- Adding the current location to the user internalUser4624
18:40:08.059 [pool-2-thread-1] INFO com.openclassrooms.tourguide.service.TourGuideService -- Adding the current location to the user internalUser4625
18:40:08.118 [pool-2-thread-1] INFO com.openclassrooms.tourguide.service.TourGuideService -- Adding the current location to the user internalUser4626
18:40:08.180 [pool-2-thread-1] INFO com.openclassrooms.tourguide.service.TourGuideService -- Adding the current location to the user internalUser4627
18:40:08.263 [pool-2-thread-1] INFO com.openclassrooms.tourguide.service.TourGuideService -- Adding the current location to the user internalUser1599
18:40:08.323 [pool-2-thread-1] INFO com.openclassrooms.tourguide.service.TourGuideService -- Adding the current location to the user internalUser1598
18:40:08.372 [pool-2-thread-1] INFO com.openclassrooms.tourguide.service.TourGuideService -- Adding the current location to the user internalUser1597
18:40:08.462 [pool-2-thread-1] INFO com.openclassrooms.tourguide.service.TourGuideService -- Adding the current location to the user internalUser1596
18:40:08.554 [pool-2-thread-1] INFO com.openclassrooms.tourguide.service.TourGuideService -- Adding the current location to the user internalUser1595
18:40:08.609 [pool-2-thread-1] INFO com.openclassrooms.tourguide.service.TourGuideService -- Adding the current location to the user internalUser4628
18:40:08.692 [pool-2-thread-1] INFO com.openclassrooms.tourguide.service.TourGuideService -- Adding the current location to the user internalUser4629
18:40:08.755 [pool-2-thread-1] INFO com.openclassrooms.tourguide.service.TourGuideService -- Adding the current location to the user internalUser1561
18:40:08.795 [pool-2-thread-1] INFO com.openclassrooms.tourguide.service.TourGuideService -- Adding the current location to the user internalUser2892
18:40:08.884 [pool-2-thread-1] INFO com.openclassrooms.tourguide.service.TourGuideService -- Adding the current location to the user internalUser1560
18:40:08.919 [pool-2-thread-1] INFO com.openclassrooms.tourguide.service.TourGuideService -- Adding the current location to the user internalUser2891
18:40:08.995 [pool-2-thread-1] INFO com.openclassrooms.tourguide.service.TourGuideService -- Adding the current location to the user internalUser2890
18:40:09.042 [pool-2-thread-1] INFO com.openclassrooms.tourguide.service.TourGuideService -- Adding the current location to the user internalUser1569
18:40:09.111 [pool-2-thread-1] INFO com.openclassrooms.tourguide.service.TourGuideService -- Adding the current location to the user internalUser1568
18:40:09.180 [pool-2-thread-1] INFO com.openclassrooms.tourguide.service.TourGuideService -- Adding the current location to the user internalUser2899
18:40:09.255 [pool-2-thread-1] INFO com.openclassrooms.tourguide.service.TourGuideService -- Adding the current location to the user internalUser1567
18:40:09.325 [pool-2-thread-1] INFO com.openclassrooms.tourguide.service.TourGuideService -- Adding the current location to the user internalUser2898
18:40:09.425 [pool-2-thread-1] INFO com.openclassrooms.tourguide.service.TourGuideService -- Adding the current location to the user internalUser1566
18:40:09.463 [pool-2-thread-1] INFO com.openclassrooms.tourguide.service.TourGuideService -- Adding the current location to the user internalUser2897
18:40:09.526 [pool-2-thread-1] INFO com.openclassrooms.tourguide.service.TourGuideService -- Adding the current location to the user internalUser1565
18:40:09.579 [pool-2-thread-1] INFO com.openclassrooms.tourguide.service.TourGuideService -- Adding the current location to the user internalUser2896
18:40:09.653 [pool-2-thread-1] INFO com.openclassrooms.tourguide.service.TourGuideService -- Adding the current location to the user internalUser1564
18:40:09.736 [pool-2-thread-1] INFO com.openclassrooms.tourguide.service.TourGuideService -- Adding the current location to the user internalUser2895
18:40:09.771 [pool-2-thread-1] INFO com.openclassrooms.tourguide.service.TourGuideService -- Adding the current location to the user internalUser1563
18:40:09.865 [pool-2-thread-1] INFO com.openclassrooms.tourguide.service.TourGuideService -- Adding the current location to the user internalUser2894
18:40:09.955 [pool-2-thread-1] INFO com.openclassrooms.tourguide.service.TourGuideService -- Adding the current location to the user internalUser1562
18:40:10.040 [pool-2-thread-1] INFO com.openclassrooms.tourguide.service.TourGuideService -- Adding the current location to the user internalUser2893
18:40:10.140 [pool-2-thread-1] INFO com.openclassrooms.tourguide.service.TourGuideService -- Adding the current location to the user internalUser1572
18:40:10.230 [pool-2-thread-1] INFO com.openclassrooms.tourguide.service.TourGuideService -- Adding the current location to the user internalUser1571
18:40:10.290 [pool-2-thread-1] INFO com.openclassrooms.tourguide.service.TourGuideService -- Adding the current location to the user internalUser1570
18:40:10.347 [pool-2-thread-1] INFO com.openclassrooms.tourguide.service.TourGuideService -- Adding the current location to the user internalUser4600
18:40:10.394 [pool-2-thread-1] INFO com.openclassrooms.tourguide.service.TourGuideService -- Adding the current location to the user internalUser4601
18:40:10.453 [pool-2-thread-1] INFO com.openclassrooms.tourguide.service.TourGuideService -- Adding the current location to the user internalUser4602
18:40:10.553 [pool-2-thread-1] INFO com.openclassrooms.tourguide.service.TourGuideService -- Adding the current location to the user internalUser4603
18:40:10.646 [pool-2-thread-1] INFO com.openclassrooms.tourguide.service.TourGuideService -- Adding the current location to the user internalUser4604
18:40:10.695 [pool-2-thread-1] INFO com.openclassrooms.tourguide.service.TourGuideService -- Adding the current location to the user internalUser4605
18:40:10.758 [pool-2-thread-1] INFO com.openclassrooms.tourguide.service.TourGuideService -- Adding the current location to the user internalUser1579
18:40:10.856 [pool-2-thread-1] INFO com.openclassrooms.tourguide.service.TourGuideService -- Adding the current location to the user internalUser1578
18:40:10.941 [pool-2-thread-1] INFO com.openclassrooms.tourguide.service.TourGuideService -- Adding the current location to the user internalUser1577
18:40:10.999 [pool-2-thread-1] INFO com.openclassrooms.tourguide.service.TourGuideService -- Adding the current location to the user internalUser1576
18:40:11.033 [pool-2-thread-1] INFO com.openclassrooms.tourguide.service.TourGuideService -- Adding the current location to the user internalUser1575
18:40:11.095 [pool-2-thread-1] INFO com.openclassrooms.tourguide.service.TourGuideService -- Adding the current location to the user internalUser1574
18:40:11.187 [pool-2-thread-1] INFO com.openclassrooms.tourguide.service.TourGuideService -- Adding the current location to the user internalUser1573
18:40:11.265 [pool-2-thread-1] INFO com.openclassrooms.tourguide.service.TourGuideService -- Adding the current location to the user internalUser4606
18:40:11.347 [pool-2-thread-1] INFO com.openclassrooms.tourguide.service.TourGuideService -- Adding the current location to the user internalUser4607
18:40:11.438 [pool-2-thread-1] INFO com.openclassrooms.tourguide.service.TourGuideService -- Adding the current location to the user internalUser4608
18:40:11.535 [pool-2-thread-1] INFO com.openclassrooms.tourguide.service.TourGuideService -- Adding the current location to the user internalUser4609
18:40:11.610 [pool-2-thread-1] INFO com.openclassrooms.tourguide.service.TourGuideService -- Adding the current location to the user internalUser3322
18:40:11.685 [pool-2-thread-1] INFO com.openclassrooms.tourguide.service.TourGuideService -- Adding the current location to the user internalUser4653
18:40:11.765 [pool-2-thread-1] INFO com.openclassrooms.tourguide.service.TourGuideService -- Adding the current location to the user internalUser3323
18:40:11.800 [pool-2-thread-1] INFO com.openclassrooms.tourguide.service.TourGuideService -- Adding the current location to the user internalUser4654
18:40:11.850 [pool-2-thread-1] INFO com.openclassrooms.tourguide.service.TourGuideService -- Adding the current location to the user internalUser3324
18:40:11.915 [pool-2-thread-1] INFO com.openclassrooms.tourguide.service.TourGuideService -- Adding the current location to the user internalUser4655
18:40:11.985 [pool-2-thread-1] INFO com.openclassrooms.tourguide.service.TourGuideService -- Adding the current location to the user internalUser3325
18:40:12.056 [pool-2-thread-1] INFO com.openclassrooms.tourguide.service.TourGuideService -- Adding the current location to the user internalUser4656
18:40:12.105 [pool-2-thread-1] INFO com.openclassrooms.tourguide.service.TourGuideService -- Adding the current location to the user internalUser3326
18:40:12.151 [pool-2-thread-1] INFO com.openclassrooms.tourguide.service.TourGuideService -- Adding the current location to the user internalUser4657
18:40:12.214 [pool-2-thread-1] INFO com.openclassrooms.tourguide.service.TourGuideService -- Adding the current location to the user internalUser3327
18:40:12.272 [pool-2-thread-1] INFO com.openclassrooms.tourguide.service.TourGuideService -- Adding the current location to the user internalUser4658
18:40:12.345 [pool-2-thread-1] INFO com.openclassrooms.tourguide.service.TourGuideService -- Adding the current location to the user internalUser3328
18:40:12.402 [pool-2-thread-1] INFO com.openclassrooms.tourguide.service.TourGuideService -- Adding the current location to the user internalUser4659
18:40:12.451 [pool-2-thread-1] INFO com.openclassrooms.tourguide.service.TourGuideService -- Adding the current location to the user internalUser3329
18:40:12.481 [pool-2-thread-1] INFO com.openclassrooms.tourguide.service.TourGuideService -- Adding the current location to the user internalUser4650
18:40:12.519 [pool-2-thread-1] INFO com.openclassrooms.tourguide.service.TourGuideService -- Adding the current location to the user internalUser3320
18:40:12.572 [pool-2-thread-1] INFO com.openclassrooms.tourguide.service.TourGuideService -- Adding the current location to the user internalUser4651
18:40:12.636 [pool-2-thread-1] INFO com.openclassrooms.tourguide.service.TourGuideService -- Adding the current location to the user internalUser3321
18:40:12.696 [pool-2-thread-1] INFO com.openclassrooms.tourguide.service.TourGuideService -- Adding the current location to the user internalUser4652
18:40:12.763 [pool-2-thread-1] INFO com.openclassrooms.tourguide.service.TourGuideService -- Adding the current location to the user internalUser2001
18:40:12.803 [pool-2-thread-1] INFO com.openclassrooms.tourguide.service.TourGuideService -- Adding the current location to the user internalUser3333
18:40:12.882 [pool-2-thread-1] INFO com.openclassrooms.tourguide.service.TourGuideService -- Adding the current location to the user internalUser4664
18:40:12.939 [pool-2-thread-1] INFO com.openclassrooms.tourguide.service.TourGuideService -- Adding the current location to the user internalUser2000
18:40:12.973 [pool-2-thread-1] INFO com.openclassrooms.tourguide.service.TourGuideService -- Adding the current location to the user internalUser3334
18:40:13.015 [pool-2-thread-1] INFO com.openclassrooms.tourguide.service.TourGuideService -- Adding the current location to the user internalUser4665
18:40:13.058 [pool-2-thread-1] INFO com.openclassrooms.tourguide.service.TourGuideService -- Adding the current location to the user internalUser3335
18:40:13.156 [pool-2-thread-1] INFO com.openclassrooms.tourguide.service.TourGuideService -- Adding the current location to the user internalUser4666
18:40:13.207 [pool-2-thread-1] INFO com.openclassrooms.tourguide.service.TourGuideService -- Adding the current location to the user internalUser3336
18:40:13.264 [pool-2-thread-1] INFO com.openclassrooms.tourguide.service.TourGuideService -- Adding the current location to the user internalUser4667
18:40:13.341 [pool-2-thread-1] INFO com.openclassrooms.tourguide.service.TourGuideService -- Adding the current location to the user internalUser3337
18:40:13.435 [pool-2-thread-1] INFO com.openclassrooms.tourguide.service.TourGuideService -- Adding the current location to the user internalUser4668
18:40:13.481 [pool-2-thread-1] INFO com.openclassrooms.tourguide.service.TourGuideService -- Adding the current location to the user internalUser3338
18:40:13.548 [pool-2-thread-1] INFO com.openclassrooms.tourguide.service.TourGuideService -- Adding the current location to the user internalUser4669
18:40:13.579 [pool-2-thread-1] INFO com.openclassrooms.tourguide.service.TourGuideService -- Adding the current location to the user internalUser3339
18:40:13.673 [pool-2-thread-1] INFO com.openclassrooms.tourguide.service.TourGuideService -- Adding the current location to the user internalUser2009
18:40:13.731 [pool-2-thread-1] INFO com.openclassrooms.tourguide.service.TourGuideService -- Adding the current location to the user internalUser2008
18:40:13.765 [pool-2-thread-1] INFO com.openclassrooms.tourguide.service.TourGuideService -- Adding the current location to the user internalUser2007
18:40:13.819 [pool-2-thread-1] INFO com.openclassrooms.tourguide.service.TourGuideService -- Adding the current location to the user internalUser2006
18:40:13.857 [pool-2-thread-1] INFO com.openclassrooms.tourguide.service.TourGuideService -- Adding the current location to the user internalUser2005
18:40:13.947 [pool-2-thread-1] INFO com.openclassrooms.tourguide.service.TourGuideService -- Adding the current location to the user internalUser4660
18:40:13.989 [pool-2-thread-1] INFO com.openclassrooms.tourguide.service.TourGuideService -- Adding the current location to the user internalUser2004
18:40:14.021 [pool-2-thread-1] INFO com.openclassrooms.tourguide.service.TourGuideService -- Adding the current location to the user internalUser3330
18:40:14.086 [pool-2-thread-1] INFO com.openclassrooms.tourguide.service.TourGuideService -- Adding the current location to the user internalUser4661
18:40:14.155 [pool-2-thread-1] INFO com.openclassrooms.tourguide.service.TourGuideService -- Adding the current location to the user internalUser2003
18:40:14.193 [pool-2-thread-1] INFO com.openclassrooms.tourguide.service.TourGuideService -- Adding the current location to the user internalUser3331
18:40:14.250 [pool-2-thread-1] INFO com.openclassrooms.tourguide.service.TourGuideService -- Adding the current location to the user internalUser4662
18:40:14.325 [pool-2-thread-1] INFO com.openclassrooms.tourguide.service.TourGuideService -- Adding the current location to the user internalUser2002
18:40:14.386 [pool-2-thread-1] INFO com.openclassrooms.tourguide.service.TourGuideService -- Adding the current location to the user internalUser3332
18:40:14.458 [pool-2-thread-1] INFO com.openclassrooms.tourguide.service.TourGuideService -- Adding the current location to the user internalUser4663
18:40:14.522 [pool-2-thread-1] INFO com.openclassrooms.tourguide.service.TourGuideService -- Adding the current location to the user internalUser3300
18:40:14.553 [pool-2-thread-1] INFO com.openclassrooms.tourguide.service.TourGuideService -- Adding the current location to the user internalUser4631
18:40:14.606 [pool-2-thread-1] INFO com.openclassrooms.tourguide.service.TourGuideService -- Adding the current location to the user internalUser3301
18:40:14.706 [pool-2-thread-1] INFO com.openclassrooms.tourguide.service.TourGuideService -- Adding the current location to the user internalUser4632
18:40:14.790 [pool-2-thread-1] INFO com.openclassrooms.tourguide.service.TourGuideService -- Adding the current location to the user internalUser3302
18:40:14.863 [pool-2-thread-1] INFO com.openclassrooms.tourguide.service.TourGuideService -- Adding the current location to the user internalUser4633
18:40:14.910 [pool-2-thread-1] INFO com.openclassrooms.tourguide.service.TourGuideService -- Adding the current location to the user internalUser3303
18:40:14.988 [pool-2-thread-1] INFO com.openclassrooms.tourguide.service.TourGuideService -- Adding the current location to the user internalUser4634
18:40:15.021 [pool-2-thread-1] INFO com.openclassrooms.tourguide.service.TourGuideService -- Adding the current location to the user internalUser3304
18:40:15.114 [pool-2-thread-1] INFO com.openclassrooms.tourguide.service.TourGuideService -- Adding the current location to the user internalUser4635
18:40:15.173 [pool-2-thread-1] INFO com.openclassrooms.tourguide.service.TourGuideService -- Adding the current location to the user internalUser3305
18:40:15.252 [pool-2-thread-1] INFO com.openclassrooms.tourguide.service.TourGuideService -- Adding the current location to the user internalUser4636
18:40:15.314 [pool-2-thread-1] INFO com.openclassrooms.tourguide.service.TourGuideService -- Adding the current location to the user internalUser3306
18:40:15.344 [pool-2-thread-1] INFO com.openclassrooms.tourguide.service.TourGuideService -- Adding the current location to the user internalUser4637
18:40:15.425 [pool-2-thread-1] INFO com.openclassrooms.tourguide.service.TourGuideService -- Adding the current location to the user internalUser3307
18:40:15.463 [pool-2-thread-1] INFO com.openclassrooms.tourguide.service.TourGuideService -- Adding the current location to the user internalUser4638
18:40:15.527 [pool-2-thread-1] INFO com.openclassrooms.tourguide.service.TourGuideService -- Adding the current location to the user internalUser4630
18:40:15.616 [pool-2-thread-1] INFO com.openclassrooms.tourguide.service.TourGuideService -- Adding the current location to the user internalUser3308
18:40:15.674 [pool-2-thread-1] INFO com.openclassrooms.tourguide.service.TourGuideService -- Adding the current location to the user internalUser4639
18:40:15.720 [pool-2-thread-1] INFO com.openclassrooms.tourguide.service.TourGuideService -- Adding the current location to the user internalUser3309
18:40:15.753 [pool-2-thread-1] INFO com.openclassrooms.tourguide.service.TourGuideService -- Adding the current location to the user internalUser3311
18:40:15.849 [pool-2-thread-1] INFO com.openclassrooms.tourguide.service.TourGuideService -- Adding the current location to the user internalUser4642
18:40:15.920 [pool-2-thread-1] INFO com.openclassrooms.tourguide.service.TourGuideService -- Adding the current location to the user internalUser3312
18:40:15.952 [pool-2-thread-1] INFO com.openclassrooms.tourguide.service.TourGuideService -- Adding the current location to the user internalUser4643
18:40:15.986 [pool-2-thread-1] INFO com.openclassrooms.tourguide.service.TourGuideService -- Adding the current location to the user internalUser3313
18:40:16.055 [pool-2-thread-1] INFO com.openclassrooms.tourguide.service.TourGuideService -- Adding the current location to the user internalUser4644
18:40:16.128 [pool-2-thread-1] INFO com.openclassrooms.tourguide.service.TourGuideService -- Adding the current location to the user internalUser3314
18:40:16.228 [pool-2-thread-1] INFO com.openclassrooms.tourguide.service.TourGuideService -- Adding the current location to the user internalUser4645
18:40:16.311 [pool-2-thread-1] INFO com.openclassrooms.tourguide.service.TourGuideService -- Adding the current location to the user internalUser3315
18:40:16.400 [pool-2-thread-1] INFO com.openclassrooms.tourguide.service.TourGuideService -- Adding the current location to the user internalUser4646
18:40:16.466 [pool-2-thread-1] INFO com.openclassrooms.tourguide.service.TourGuideService -- Adding the current location to the user internalUser3316
18:40:16.519 [pool-2-thread-1] INFO com.openclassrooms.tourguide.service.TourGuideService -- Adding the current location to the user internalUser4647
18:40:16.608 [pool-2-thread-1] INFO com.openclassrooms.tourguide.service.TourGuideService -- Adding the current location to the user internalUser3317
18:40:16.667 [pool-2-thread-1] INFO com.openclassrooms.tourguide.service.TourGuideService -- Adding the current location to the user internalUser4648
18:40:16.723 [pool-2-thread-1] INFO com.openclassrooms.tourguide.service.TourGuideService -- Adding the current location to the user internalUser3318
18:40:16.772 [pool-2-thread-1] INFO com.openclassrooms.tourguide.service.TourGuideService -- Adding the current location to the user internalUser4649
18:40:16.871 [pool-2-thread-1] INFO com.openclassrooms.tourguide.service.TourGuideService -- Adding the current location to the user internalUser4640
18:40:16.957 [pool-2-thread-1] INFO com.openclassrooms.tourguide.service.TourGuideService -- Adding the current location to the user internalUser3310
18:40:17.033 [pool-2-thread-1] INFO com.openclassrooms.tourguide.service.TourGuideService -- Adding the current location to the user internalUser4641
18:40:17.114 [pool-2-thread-1] INFO com.openclassrooms.tourguide.service.TourGuideService -- Adding the current location to the user internalUser3319
18:40:17.150 [pool-2-thread-1] INFO com.openclassrooms.tourguide.service.TourGuideService -- Adding the current location to the user internalUser1745
18:40:17.234 [pool-2-thread-1] INFO com.openclassrooms.tourguide.service.TourGuideService -- Adding the current location to the user internalUser1744
18:40:17.296 [pool-2-thread-1] INFO com.openclassrooms.tourguide.service.TourGuideService -- Adding the current location to the user internalUser1743
18:40:17.362 [pool-2-thread-1] INFO com.openclassrooms.tourguide.service.TourGuideService -- Adding the current location to the user internalUser1742
18:40:17.443 [pool-2-thread-1] INFO com.openclassrooms.tourguide.service.TourGuideService -- Adding the current location to the user internalUser1741
18:40:17.485 [pool-2-thread-1] INFO com.openclassrooms.tourguide.service.TourGuideService -- Adding the current location to the user internalUser1740
18:40:17.535 [pool-2-thread-1] INFO com.openclassrooms.tourguide.service.TourGuideService -- Adding the current location to the user internalUser1749
18:40:17.631 [pool-2-thread-1] INFO com.openclassrooms.tourguide.service.TourGuideService -- Adding the current location to the user internalUser1748
18:40:17.684 [pool-2-thread-1] INFO com.openclassrooms.tourguide.service.TourGuideService -- Adding the current location to the user internalUser1747
18:40:17.747 [pool-2-thread-1] INFO com.openclassrooms.tourguide.service.TourGuideService -- Adding the current location to the user internalUser1746
18:40:17.831 [pool-2-thread-1] INFO com.openclassrooms.tourguide.service.TourGuideService -- Adding the current location to the user internalUser1756
18:40:17.902 [pool-2-thread-1] INFO com.openclassrooms.tourguide.service.TourGuideService -- Adding the current location to the user internalUser1755
18:40:17.963 [pool-2-thread-1] INFO com.openclassrooms.tourguide.service.TourGuideService -- Adding the current location to the user internalUser1754
18:40:18.003 [pool-2-thread-1] INFO com.openclassrooms.tourguide.service.TourGuideService -- Adding the current location to the user internalUser1753
18:40:18.050 [pool-2-thread-1] INFO com.openclassrooms.tourguide.service.TourGuideService -- Adding the current location to the user internalUser1752
18:40:18.142 [pool-2-thread-1] INFO com.openclassrooms.tourguide.service.TourGuideService -- Adding the current location to the user internalUser1751
18:40:18.205 [pool-2-thread-1] INFO com.openclassrooms.tourguide.service.TourGuideService -- Adding the current location to the user internalUser1750
18:40:18.246 [pool-2-thread-1] INFO com.openclassrooms.tourguide.service.TourGuideService -- Adding the current location to the user internalUser1759
18:40:18.285 [pool-2-thread-1] INFO com.openclassrooms.tourguide.service.TourGuideService -- Adding the current location to the user internalUser1758
18:40:18.321 [pool-2-thread-1] INFO com.openclassrooms.tourguide.service.TourGuideService -- Adding the current location to the user internalUser1757
18:40:18.419 [pool-2-thread-1] INFO com.openclassrooms.tourguide.service.TourGuideService -- Adding the current location to the user internalUser1723
18:40:18.465 [pool-2-thread-1] INFO com.openclassrooms.tourguide.service.TourGuideService -- Adding the current location to the user internalUser1722
18:40:18.543 [pool-2-thread-1] INFO com.openclassrooms.tourguide.service.TourGuideService -- Adding the current location to the user internalUser1721
18:40:18.599 [pool-2-thread-1] INFO com.openclassrooms.tourguide.service.TourGuideService -- Adding the current location to the user internalUser1720
18:40:18.660 [pool-2-thread-1] INFO com.openclassrooms.tourguide.service.TourGuideService -- Adding the current location to the user internalUser1729
18:40:18.741 [pool-2-thread-1] INFO com.openclassrooms.tourguide.service.TourGuideService -- Adding the current location to the user internalUser1728
18:40:18.826 [pool-2-thread-1] INFO com.openclassrooms.tourguide.service.TourGuideService -- Adding the current location to the user internalUser1727
18:40:18.884 [pool-2-thread-1] INFO com.openclassrooms.tourguide.service.TourGuideService -- Adding the current location to the user internalUser1726
18:40:18.936 [pool-2-thread-1] INFO com.openclassrooms.tourguide.service.TourGuideService -- Adding the current location to the user internalUser1725
18:40:19.011 [pool-2-thread-1] INFO com.openclassrooms.tourguide.service.TourGuideService -- Adding the current location to the user internalUser1724
18:40:19.103 [pool-2-thread-1] INFO com.openclassrooms.tourguide.service.TourGuideService -- Adding the current location to the user internalUser1734
18:40:19.155 [pool-2-thread-1] INFO com.openclassrooms.tourguide.service.TourGuideService -- Adding the current location to the user internalUser1733
18:40:19.241 [pool-2-thread-1] INFO com.openclassrooms.tourguide.service.TourGuideService -- Adding the current location to the user internalUser1732
18:40:19.303 [pool-2-thread-1] INFO com.openclassrooms.tourguide.service.TourGuideService -- Adding the current location to the user internalUser1731
18:40:19.373 [pool-2-thread-1] INFO com.openclassrooms.tourguide.service.TourGuideService -- Adding the current location to the user internalUser1730
18:40:19.453 [pool-2-thread-1] INFO com.openclassrooms.tourguide.service.TourGuideService -- Adding the current location to the user internalUser1739
18:40:19.526 [pool-2-thread-1] INFO com.openclassrooms.tourguide.service.TourGuideService -- Adding the current location to the user internalUser1738
18:40:19.592 [pool-2-thread-1] INFO com.openclassrooms.tourguide.service.TourGuideService -- Adding the current location to the user internalUser1737
18:40:19.634 [pool-2-thread-1] INFO com.openclassrooms.tourguide.service.TourGuideService -- Adding the current location to the user internalUser1736
18:40:19.722 [pool-2-thread-1] INFO com.openclassrooms.tourguide.service.TourGuideService -- Adding the current location to the user internalUser1735
18:40:19.810 [pool-2-thread-1] INFO com.openclassrooms.tourguide.service.TourGuideService -- Adding the current location to the user internalUser1781
18:40:19.862 [pool-2-thread-1] INFO com.openclassrooms.tourguide.service.TourGuideService -- Adding the current location to the user internalUser1780
18:40:19.959 [pool-2-thread-1] INFO com.openclassrooms.tourguide.service.TourGuideService -- Adding the current location to the user internalUser4810
18:40:19.991 [pool-2-thread-1] INFO com.openclassrooms.tourguide.service.TourGuideService -- Adding the current location to the user internalUser4811
18:40:20.044 [pool-2-thread-1] INFO com.openclassrooms.tourguide.service.TourGuideService -- Adding the current location to the user internalUser4812
18:40:20.088 [pool-2-thread-1] INFO com.openclassrooms.tourguide.service.TourGuideService -- Adding the current location to the user internalUser4813
18:40:20.152 [pool-2-thread-1] INFO com.openclassrooms.tourguide.service.TourGuideService -- Adding the current location to the user internalUser4814
18:40:20.184 [pool-2-thread-1] INFO com.openclassrooms.tourguide.service.TourGuideService -- Adding the current location to the user internalUser1789
18:40:20.249 [pool-2-thread-1] INFO com.openclassrooms.tourguide.service.TourGuideService -- Adding the current location to the user internalUser1788
18:40:20.304 [pool-2-thread-1] INFO com.openclassrooms.tourguide.service.TourGuideService -- Adding the current location to the user internalUser1787
18:40:20.379 [pool-2-thread-1] INFO com.openclassrooms.tourguide.service.TourGuideService -- Adding the current location to the user internalUser1786
18:40:20.454 [pool-2-thread-1] INFO com.openclassrooms.tourguide.service.TourGuideService -- Adding the current location to the user internalUser1785
18:40:20.502 [pool-2-thread-1] INFO com.openclassrooms.tourguide.service.TourGuideService -- Adding the current location to the user internalUser1784
18:40:20.550 [pool-2-thread-1] INFO com.openclassrooms.tourguide.service.TourGuideService -- Adding the current location to the user internalUser1783
18:40:20.639 [pool-2-thread-1] INFO com.openclassrooms.tourguide.service.TourGuideService -- Adding the current location to the user internalUser1782
18:40:20.687 [pool-2-thread-1] INFO com.openclassrooms.tourguide.service.TourGuideService -- Adding the current location to the user internalUser4815
18:40:20.743 [pool-2-thread-1] INFO com.openclassrooms.tourguide.service.TourGuideService -- Adding the current location to the user internalUser4816
18:40:20.805 [pool-2-thread-1] INFO com.openclassrooms.tourguide.service.TourGuideService -- Adding the current location to the user internalUser4817
18:40:20.873 [pool-2-thread-1] INFO com.openclassrooms.tourguide.service.TourGuideService -- Adding the current location to the user internalUser4818
18:40:20.934 [pool-2-thread-1] INFO com.openclassrooms.tourguide.service.TourGuideService -- Adding the current location to the user internalUser4819
18:40:20.983 [pool-2-thread-1] INFO com.openclassrooms.tourguide.service.TourGuideService -- Adding the current location to the user internalUser1792
18:40:21.074 [pool-2-thread-1] INFO com.openclassrooms.tourguide.service.TourGuideService -- Adding the current location to the user internalUser1791
18:40:21.116 [pool-2-thread-1] INFO com.openclassrooms.tourguide.service.TourGuideService -- Adding the current location to the user internalUser1790
18:40:21.169 [pool-2-thread-1] INFO com.openclassrooms.tourguide.service.TourGuideService -- Adding the current location to the user internalUser4820
18:40:21.206 [pool-2-thread-1] INFO com.openclassrooms.tourguide.service.TourGuideService -- Adding the current location to the user internalUser4821
18:40:21.236 [pool-2-thread-1] INFO com.openclassrooms.tourguide.service.TourGuideService -- Adding the current location to the user internalUser4822
18:40:21.313 [pool-2-thread-1] INFO com.openclassrooms.tourguide.service.TourGuideService -- Adding the current location to the user internalUser4823
18:40:21.377 [pool-2-thread-1] INFO com.openclassrooms.tourguide.service.TourGuideService -- Adding the current location to the user internalUser4824
18:40:21.414 [pool-2-thread-1] INFO com.openclassrooms.tourguide.service.TourGuideService -- Adding the current location to the user internalUser4825
18:40:21.505 [pool-2-thread-1] INFO com.openclassrooms.tourguide.service.TourGuideService -- Adding the current location to the user internalUser1799
18:40:21.550 [pool-2-thread-1] INFO com.openclassrooms.tourguide.service.TourGuideService -- Adding the current location to the user internalUser1798
18:40:21.614 [pool-2-thread-1] INFO com.openclassrooms.tourguide.service.TourGuideService -- Adding the current location to the user internalUser1797
18:40:21.688 [pool-2-thread-1] INFO com.openclassrooms.tourguide.service.TourGuideService -- Adding the current location to the user internalUser1796
18:40:21.727 [pool-2-thread-1] INFO com.openclassrooms.tourguide.service.TourGuideService -- Adding the current location to the user internalUser1795
18:40:21.812 [pool-2-thread-1] INFO com.openclassrooms.tourguide.service.TourGuideService -- Adding the current location to the user internalUser1794
18:40:21.851 [pool-2-thread-1] INFO com.openclassrooms.tourguide.service.TourGuideService -- Adding the current location to the user internalUser1793
18:40:21.947 [pool-2-thread-1] INFO com.openclassrooms.tourguide.service.TourGuideService -- Adding the current location to the user internalUser4826
18:40:22.026 [pool-2-thread-1] INFO com.openclassrooms.tourguide.service.TourGuideService -- Adding the current location to the user internalUser4827
18:40:22.114 [pool-2-thread-1] INFO com.openclassrooms.tourguide.service.TourGuideService -- Adding the current location to the user internalUser4828
18:40:22.206 [pool-2-thread-1] INFO com.openclassrooms.tourguide.service.TourGuideService -- Adding the current location to the user internalUser4829
18:40:22.285 [pool-2-thread-1] INFO com.openclassrooms.tourguide.service.TourGuideService -- Adding the current location to the user internalUser1767
18:40:22.317 [pool-2-thread-1] INFO com.openclassrooms.tourguide.service.TourGuideService -- Adding the current location to the user internalUser1766
18:40:22.385 [pool-2-thread-1] INFO com.openclassrooms.tourguide.service.TourGuideService -- Adding the current location to the user internalUser1765
18:40:22.483 [pool-2-thread-1] INFO com.openclassrooms.tourguide.service.TourGuideService -- Adding the current location to the user internalUser1764
18:40:22.561 [pool-2-thread-1] INFO com.openclassrooms.tourguide.service.TourGuideService -- Adding the current location to the user internalUser1763
18:40:22.601 [pool-2-thread-1] INFO com.openclassrooms.tourguide.service.TourGuideService -- Adding the current location to the user internalUser1762
18:40:22.700 [pool-2-thread-1] INFO com.openclassrooms.tourguide.service.TourGuideService -- Adding the current location to the user internalUser1761
18:40:22.795 [pool-2-thread-1] INFO com.openclassrooms.tourguide.service.TourGuideService -- Adding the current location to the user internalUser1760
18:40:22.854 [pool-2-thread-1] INFO com.openclassrooms.tourguide.service.TourGuideService -- Adding the current location to the user internalUser1769
18:40:22.910 [pool-2-thread-1] INFO com.openclassrooms.tourguide.service.TourGuideService -- Adding the current location to the user internalUser1768
18:40:22.946 [pool-2-thread-1] INFO com.openclassrooms.tourguide.service.TourGuideService -- Adding the current location to the user internalUser1770
18:40:23.018 [pool-2-thread-1] INFO com.openclassrooms.tourguide.service.TourGuideService -- Adding the current location to the user internalUser4800
18:40:23.051 [pool-2-thread-1] INFO com.openclassrooms.tourguide.service.TourGuideService -- Adding the current location to the user internalUser4801
18:40:23.105 [pool-2-thread-1] INFO com.openclassrooms.tourguide.service.TourGuideService -- Adding the current location to the user internalUser4802
18:40:23.205 [pool-2-thread-1] INFO com.openclassrooms.tourguide.service.TourGuideService -- Adding the current location to the user internalUser4803
18:40:23.261 [pool-2-thread-1] INFO com.openclassrooms.tourguide.service.TourGuideService -- Adding the current location to the user internalUser1778
18:40:23.314 [pool-2-thread-1] INFO com.openclassrooms.tourguide.service.TourGuideService -- Adding the current location to the user internalUser1777
18:40:23.404 [pool-2-thread-1] INFO com.openclassrooms.tourguide.service.TourGuideService -- Adding the current location to the user internalUser1776
18:40:23.503 [pool-2-thread-1] INFO com.openclassrooms.tourguide.service.TourGuideService -- Adding the current location to the user internalUser1775
18:40:23.554 [pool-2-thread-1] INFO com.openclassrooms.tourguide.service.TourGuideService -- Adding the current location to the user internalUser1774
18:40:23.611 [pool-2-thread-1] INFO com.openclassrooms.tourguide.service.TourGuideService -- Adding the current location to the user internalUser1773
18:40:23.702 [pool-2-thread-1] INFO com.openclassrooms.tourguide.service.TourGuideService -- Adding the current location to the user internalUser1772
18:40:23.791 [pool-2-thread-1] INFO com.openclassrooms.tourguide.service.TourGuideService -- Adding the current location to the user internalUser1771
18:40:23.876 [pool-2-thread-1] INFO com.openclassrooms.tourguide.service.TourGuideService -- Adding the current location to the user internalUser1779
18:40:23.921 [pool-2-thread-1] INFO com.openclassrooms.tourguide.service.TourGuideService -- Adding the current location to the user internalUser4804
18:40:23.988 [pool-2-thread-1] INFO com.openclassrooms.tourguide.service.TourGuideService -- Adding the current location to the user internalUser4805
18:40:24.021 [pool-2-thread-1] INFO com.openclassrooms.tourguide.service.TourGuideService -- Adding the current location to the user internalUser4806
18:40:24.058 [pool-2-thread-1] INFO com.openclassrooms.tourguide.service.TourGuideService -- Adding the current location to the user internalUser4807
18:40:24.122 [pool-2-thread-1] INFO com.openclassrooms.tourguide.service.TourGuideService -- Adding the current location to the user internalUser4808
18:40:24.182 [pool-2-thread-1] INFO com.openclassrooms.tourguide.service.TourGuideService -- Adding the current location to the user internalUser4809
18:40:24.270 [pool-2-thread-1] INFO com.openclassrooms.tourguide.service.TourGuideService -- Adding the current location to the user internalUser886
18:40:24.301 [pool-2-thread-1] INFO com.openclassrooms.tourguide.service.TourGuideService -- Adding the current location to the user internalUser1701
18:40:24.391 [pool-2-thread-1] INFO com.openclassrooms.tourguide.service.TourGuideService -- Adding the current location to the user internalUser887
18:40:24.459 [pool-2-thread-1] INFO com.openclassrooms.tourguide.service.TourGuideService -- Adding the current location to the user internalUser1700
18:40:24.532 [pool-2-thread-1] INFO com.openclassrooms.tourguide.service.TourGuideService -- Adding the current location to the user internalUser884
18:40:24.624 [pool-2-thread-1] INFO com.openclassrooms.tourguide.service.TourGuideService -- Adding the current location to the user internalUser885
18:40:24.695 [pool-2-thread-1] INFO com.openclassrooms.tourguide.service.TourGuideService -- Adding the current location to the user internalUser882
18:40:24.781 [pool-2-thread-1] INFO com.openclassrooms.tourguide.service.TourGuideService -- Adding the current location to the user internalUser883
18:40:24.835 [pool-2-thread-1] INFO com.openclassrooms.tourguide.service.TourGuideService -- Adding the current location to the user internalUser880
18:40:24.932 [pool-2-thread-1] INFO com.openclassrooms.tourguide.service.TourGuideService -- Adding the current location to the user internalUser881
18:40:25.017 [pool-2-thread-1] INFO com.openclassrooms.tourguide.service.TourGuideService -- Adding the current location to the user internalUser1709
18:40:25.056 [pool-2-thread-1] INFO com.openclassrooms.tourguide.service.TourGuideService -- Adding the current location to the user internalUser1708
18:40:25.105 [pool-2-thread-1] INFO com.openclassrooms.tourguide.service.TourGuideService -- Adding the current location to the user internalUser1707
18:40:25.170 [pool-2-thread-1] INFO com.openclassrooms.tourguide.service.TourGuideService -- Adding the current location to the user internalUser1706
18:40:25.224 [pool-2-thread-1] INFO com.openclassrooms.tourguide.service.TourGuideService -- Adding the current location to the user internalUser1705
18:40:25.303 [pool-2-thread-1] INFO com.openclassrooms.tourguide.service.TourGuideService -- Adding the current location to the user internalUser1704
18:40:25.382 [pool-2-thread-1] INFO com.openclassrooms.tourguide.service.TourGuideService -- Adding the current location to the user internalUser888
18:40:25.471 [pool-2-thread-1] INFO com.openclassrooms.tourguide.service.TourGuideService -- Adding the current location to the user internalUser1703
18:40:25.562 [pool-2-thread-1] INFO com.openclassrooms.tourguide.service.TourGuideService -- Adding the current location to the user internalUser889
18:40:25.608 [pool-2-thread-1] INFO com.openclassrooms.tourguide.service.TourGuideService -- Adding the current location to the user internalUser1702
18:40:25.654 [pool-2-thread-1] INFO com.openclassrooms.tourguide.service.TourGuideService -- Adding the current location to the user internalUser890
18:40:25.717 [pool-2-thread-1] INFO com.openclassrooms.tourguide.service.TourGuideService -- Adding the current location to the user internalUser897
18:40:25.817 [pool-2-thread-1] INFO com.openclassrooms.tourguide.service.TourGuideService -- Adding the current location to the user internalUser1712
18:40:25.877 [pool-2-thread-1] INFO com.openclassrooms.tourguide.service.TourGuideService -- Adding the current location to the user internalUser898
18:40:25.944 [pool-2-thread-1] INFO com.openclassrooms.tourguide.service.TourGuideService -- Adding the current location to the user internalUser1711
18:40:26.025 [pool-2-thread-1] INFO com.openclassrooms.tourguide.service.TourGuideService -- Adding the current location to the user internalUser895
18:40:26.123 [pool-2-thread-1] INFO com.openclassrooms.tourguide.service.TourGuideService -- Adding the current location to the user internalUser1710
18:40:26.163 [pool-2-thread-1] INFO com.openclassrooms.tourguide.service.TourGuideService -- Adding the current location to the user internalUser896
18:40:26.215 [pool-2-thread-1] INFO com.openclassrooms.tourguide.service.TourGuideService -- Adding the current location to the user internalUser893
18:40:26.308 [pool-2-thread-1] INFO com.openclassrooms.tourguide.service.TourGuideService -- Adding the current location to the user internalUser894
18:40:26.370 [pool-2-thread-1] INFO com.openclassrooms.tourguide.service.TourGuideService -- Adding the current location to the user internalUser891
18:40:26.416 [pool-2-thread-1] INFO com.openclassrooms.tourguide.service.TourGuideService -- Adding the current location to the user internalUser892
18:40:26.466 [pool-2-thread-1] INFO com.openclassrooms.tourguide.service.TourGuideService -- Adding the current location to the user internalUser1719
18:40:26.515 [pool-2-thread-1] INFO com.openclassrooms.tourguide.service.TourGuideService -- Adding the current location to the user internalUser1718
18:40:26.579 [pool-2-thread-1] INFO com.openclassrooms.tourguide.service.TourGuideService -- Adding the current location to the user internalUser1717
18:40:26.661 [pool-2-thread-1] INFO com.openclassrooms.tourguide.service.TourGuideService -- Adding the current location to the user internalUser1716
18:40:26.725 [pool-2-thread-1] INFO com.openclassrooms.tourguide.service.TourGuideService -- Adding the current location to the user internalUser1715
18:40:26.821 [pool-2-thread-1] INFO com.openclassrooms.tourguide.service.TourGuideService -- Adding the current location to the user internalUser899
18:40:26.880 [pool-2-thread-1] INFO com.openclassrooms.tourguide.service.TourGuideService -- Adding the current location to the user internalUser1714
18:40:26.955 [pool-2-thread-1] INFO com.openclassrooms.tourguide.service.TourGuideService -- Adding the current location to the user internalUser1713
18:40:27.049 [pool-2-thread-1] INFO com.openclassrooms.tourguide.service.TourGuideService -- Adding the current location to the user internalUser2155
18:40:27.145 [pool-2-thread-1] INFO com.openclassrooms.tourguide.service.TourGuideService -- Adding the current location to the user internalUser3487
18:40:27.232 [pool-2-thread-1] INFO com.openclassrooms.tourguide.service.TourGuideService -- Adding the current location to the user internalUser2154
18:40:27.274 [pool-2-thread-1] INFO com.openclassrooms.tourguide.service.TourGuideService -- Adding the current location to the user internalUser3488
18:40:27.371 [pool-2-thread-1] INFO com.openclassrooms.tourguide.service.TourGuideService -- Adding the current location to the user internalUser2153
18:40:27.467 [pool-2-thread-1] INFO com.openclassrooms.tourguide.service.TourGuideService -- Adding the current location to the user internalUser3489
18:40:27.548 [pool-2-thread-1] INFO com.openclassrooms.tourguide.service.TourGuideService -- Adding the current location to the user internalUser2152
18:40:27.586 [pool-2-thread-1] INFO com.openclassrooms.tourguide.service.TourGuideService -- Adding the current location to the user internalUser2151
18:40:27.661 [pool-2-thread-1] INFO com.openclassrooms.tourguide.service.TourGuideService -- Adding the current location to the user internalUser2150
18:40:27.729 [pool-2-thread-1] INFO com.openclassrooms.tourguide.service.TourGuideService -- Adding the current location to the user internalUser963
18:40:27.806 [pool-2-thread-1] INFO com.openclassrooms.tourguide.service.TourGuideService -- Adding the current location to the user internalUser964
18:40:27.888 [pool-2-thread-1] INFO com.openclassrooms.tourguide.service.TourGuideService -- Adding the current location to the user internalUser3480
18:40:27.978 [pool-2-thread-1] INFO com.openclassrooms.tourguide.service.TourGuideService -- Adding the current location to the user internalUser961
18:40:28.041 [pool-2-thread-1] INFO com.openclassrooms.tourguide.service.TourGuideService -- Adding the current location to the user internalUser3481
18:40:28.130 [pool-2-thread-1] INFO com.openclassrooms.tourguide.service.TourGuideService -- Adding the current location to the user internalUser962
18:40:28.168 [pool-2-thread-1] INFO com.openclassrooms.tourguide.service.TourGuideService -- Adding the current location to the user internalUser3482
18:40:28.212 [pool-2-thread-1] INFO com.openclassrooms.tourguide.service.TourGuideService -- Adding the current location to the user internalUser2159
18:40:28.313 [pool-2-thread-1] INFO com.openclassrooms.tourguide.service.TourGuideService -- Adding the current location to the user internalUser3483
18:40:28.346 [pool-2-thread-1] INFO com.openclassrooms.tourguide.service.TourGuideService -- Adding the current location to the user internalUser960
18:40:28.384 [pool-2-thread-1] INFO com.openclassrooms.tourguide.service.TourGuideService -- Adding the current location to the user internalUser2158
18:40:28.415 [pool-2-thread-1] INFO com.openclassrooms.tourguide.service.TourGuideService -- Adding the current location to the user internalUser3484
18:40:28.458 [pool-2-thread-1] INFO com.openclassrooms.tourguide.service.TourGuideService -- Adding the current location to the user internalUser2157
18:40:28.550 [pool-2-thread-1] INFO com.openclassrooms.tourguide.service.TourGuideService -- Adding the current location to the user internalUser3485
18:40:28.611 [pool-2-thread-1] INFO com.openclassrooms.tourguide.service.TourGuideService -- Adding the current location to the user internalUser2156
18:40:28.658 [pool-2-thread-1] INFO com.openclassrooms.tourguide.service.TourGuideService -- Adding the current location to the user internalUser3486
18:40:28.751 [pool-2-thread-1] INFO com.openclassrooms.tourguide.service.TourGuideService -- Adding the current location to the user internalUser969
18:40:28.841 [pool-2-thread-1] INFO com.openclassrooms.tourguide.service.TourGuideService -- Adding the current location to the user internalUser967
18:40:28.923 [pool-2-thread-1] INFO com.openclassrooms.tourguide.service.TourGuideService -- Adding the current location to the user internalUser968
18:40:28.966 [pool-2-thread-1] INFO com.openclassrooms.tourguide.service.TourGuideService -- Adding the current location to the user internalUser965
18:40:29.064 [pool-2-thread-1] INFO com.openclassrooms.tourguide.service.TourGuideService -- Adding the current location to the user internalUser966
18:40:29.146 [pool-2-thread-1] INFO com.openclassrooms.tourguide.service.TourGuideService -- Adding the current location to the user internalUser2166
18:40:29.205 [pool-2-thread-1] INFO com.openclassrooms.tourguide.service.TourGuideService -- Adding the current location to the user internalUser3498
18:40:29.248 [pool-2-thread-1] INFO com.openclassrooms.tourguide.service.TourGuideService -- Adding the current location to the user internalUser2165
18:40:29.285 [pool-2-thread-1] INFO com.openclassrooms.tourguide.service.TourGuideService -- Adding the current location to the user internalUser3499
18:40:29.322 [pool-2-thread-1] INFO com.openclassrooms.tourguide.service.TourGuideService -- Adding the current location to the user internalUser2164
18:40:29.410 [pool-2-thread-1] INFO com.openclassrooms.tourguide.service.TourGuideService -- Adding the current location to the user internalUser2163
18:40:29.473 [pool-2-thread-1] INFO com.openclassrooms.tourguide.service.TourGuideService -- Adding the current location to the user internalUser2162
18:40:29.514 [pool-2-thread-1] INFO com.openclassrooms.tourguide.service.TourGuideService -- Adding the current location to the user internalUser2161
18:40:29.579 [pool-2-thread-1] INFO com.openclassrooms.tourguide.service.TourGuideService -- Adding the current location to the user internalUser2160
18:40:29.658 [pool-2-thread-1] INFO com.openclassrooms.tourguide.service.TourGuideService -- Adding the current location to the user internalUser974
18:40:29.723 [pool-2-thread-1] INFO com.openclassrooms.tourguide.service.TourGuideService -- Adding the current location to the user internalUser3490
18:40:29.787 [pool-2-thread-1] INFO com.openclassrooms.tourguide.service.TourGuideService -- Adding the current location to the user internalUser975
18:40:29.870 [pool-2-thread-1] INFO com.openclassrooms.tourguide.service.TourGuideService -- Adding the current location to the user internalUser3491
18:40:29.929 [pool-2-thread-1] INFO com.openclassrooms.tourguide.service.TourGuideService -- Adding the current location to the user internalUser972
18:40:29.988 [pool-2-thread-1] INFO com.openclassrooms.tourguide.service.TourGuideService -- Adding the current location to the user internalUser3492
18:40:30.052 [pool-2-thread-1] INFO com.openclassrooms.tourguide.service.TourGuideService -- Adding the current location to the user internalUser973
18:40:30.096 [pool-2-thread-1] INFO com.openclassrooms.tourguide.service.TourGuideService -- Adding the current location to the user internalUser3493
18:40:30.132 [pool-2-thread-1] INFO com.openclassrooms.tourguide.service.TourGuideService -- Adding the current location to the user internalUser970
18:40:30.190 [pool-2-thread-1] INFO com.openclassrooms.tourguide.service.TourGuideService -- Adding the current location to the user internalUser3494
18:40:30.284 [pool-2-thread-1] INFO com.openclassrooms.tourguide.service.TourGuideService -- Adding the current location to the user internalUser971
18:40:30.320 [pool-2-thread-1] INFO com.openclassrooms.tourguide.service.TourGuideService -- Adding the current location to the user internalUser2169
18:40:30.415 [pool-2-thread-1] INFO com.openclassrooms.tourguide.service.TourGuideService -- Adding the current location to the user internalUser3495
18:40:30.507 [pool-2-thread-1] INFO com.openclassrooms.tourguide.service.TourGuideService -- Adding the current location to the user internalUser2168
18:40:30.598 [pool-2-thread-1] INFO com.openclassrooms.tourguide.service.TourGuideService -- Adding the current location to the user internalUser3496
18:40:30.663 [pool-2-thread-1] INFO com.openclassrooms.tourguide.service.TourGuideService -- Adding the current location to the user internalUser2167
18:40:30.725 [pool-2-thread-1] INFO com.openclassrooms.tourguide.service.TourGuideService -- Adding the current location to the user internalUser3497
18:40:30.799 [pool-2-thread-1] INFO com.openclassrooms.tourguide.service.TourGuideService -- Adding the current location to the user internalUser978
18:40:30.865 [pool-2-thread-1] INFO com.openclassrooms.tourguide.service.TourGuideService -- Adding the current location to the user internalUser979
18:40:30.961 [pool-2-thread-1] INFO com.openclassrooms.tourguide.service.TourGuideService -- Adding the current location to the user internalUser976
18:40:30.995 [pool-2-thread-1] INFO com.openclassrooms.tourguide.service.TourGuideService -- Adding the current location to the user internalUser977
18:40:31.040 [pool-2-thread-1] INFO com.openclassrooms.tourguide.service.TourGuideService -- Adding the current location to the user internalUser2133
18:40:31.083 [pool-2-thread-1] INFO com.openclassrooms.tourguide.service.TourGuideService -- Adding the current location to the user internalUser3465
18:40:31.146 [pool-2-thread-1] INFO com.openclassrooms.tourguide.service.TourGuideService -- Adding the current location to the user internalUser4796
18:40:31.182 [pool-2-thread-1] INFO com.openclassrooms.tourguide.service.TourGuideService -- Adding the current location to the user internalUser2132
18:40:31.216 [pool-2-thread-1] INFO com.openclassrooms.tourguide.service.TourGuideService -- Adding the current location to the user internalUser3466
18:40:31.275 [pool-2-thread-1] INFO com.openclassrooms.tourguide.service.TourGuideService -- Adding the current location to the user internalUser4797
18:40:31.315 [pool-2-thread-1] INFO com.openclassrooms.tourguide.service.TourGuideService -- Adding the current location to the user internalUser2131
18:40:31.372 [pool-2-thread-1] INFO com.openclassrooms.tourguide.service.TourGuideService -- Adding the current location to the user internalUser3467
18:40:31.452 [pool-2-thread-1] INFO com.openclassrooms.tourguide.service.TourGuideService -- Adding the current location to the user internalUser4798
18:40:31.543 [pool-2-thread-1] INFO com.openclassrooms.tourguide.service.TourGuideService -- Adding the current location to the user internalUser2130
18:40:31.622 [pool-2-thread-1] INFO com.openclassrooms.tourguide.service.TourGuideService -- Adding the current location to the user internalUser3468
18:40:31.696 [pool-2-thread-1] INFO com.openclassrooms.tourguide.service.TourGuideService -- Adding the current location to the user internalUser4799
18:40:31.741 [pool-2-thread-1] INFO com.openclassrooms.tourguide.service.TourGuideService -- Adding the current location to the user internalUser3469
18:40:31.834 [pool-2-thread-1] INFO com.openclassrooms.tourguide.service.TourGuideService -- Adding the current location to the user internalUser985
18:40:31.890 [pool-2-thread-1] INFO com.openclassrooms.tourguide.service.TourGuideService -- Adding the current location to the user internalUser986
18:40:31.937 [pool-2-thread-1] INFO com.openclassrooms.tourguide.service.TourGuideService -- Adding the current location to the user internalUser983
18:40:32.010 [pool-2-thread-1] INFO com.openclassrooms.tourguide.service.TourGuideService -- Adding the current location to the user internalUser2139
18:40:32.087 [pool-2-thread-1] INFO com.openclassrooms.tourguide.service.TourGuideService -- Adding the current location to the user internalUser4790
18:40:32.148 [pool-2-thread-1] INFO com.openclassrooms.tourguide.service.TourGuideService -- Adding the current location to the user internalUser984
18:40:32.196 [pool-2-thread-1] INFO com.openclassrooms.tourguide.service.TourGuideService -- Adding the current location to the user internalUser2138
18:40:32.239 [pool-2-thread-1] INFO com.openclassrooms.tourguide.service.TourGuideService -- Adding the current location to the user internalUser3460
18:40:32.276 [pool-2-thread-1] INFO com.openclassrooms.tourguide.service.TourGuideService -- Adding the current location to the user internalUser4791
18:40:32.376 [pool-2-thread-1] INFO com.openclassrooms.tourguide.service.TourGuideService -- Adding the current location to the user internalUser981
18:40:32.429 [pool-2-thread-1] INFO com.openclassrooms.tourguide.service.TourGuideService -- Adding the current location to the user internalUser2137
18:40:32.518 [pool-2-thread-1] INFO com.openclassrooms.tourguide.service.TourGuideService -- Adding the current location to the user internalUser3461
18:40:32.577 [pool-2-thread-1] INFO com.openclassrooms.tourguide.service.TourGuideService -- Adding the current location to the user internalUser4792
18:40:32.613 [pool-2-thread-1] INFO com.openclassrooms.tourguide.service.TourGuideService -- Adding the current location to the user internalUser982
18:40:32.710 [pool-2-thread-1] INFO com.openclassrooms.tourguide.service.TourGuideService -- Adding the current location to the user internalUser2136
18:40:32.773 [pool-2-thread-1] INFO com.openclassrooms.tourguide.service.TourGuideService -- Adding the current location to the user internalUser3462
18:40:32.820 [pool-2-thread-1] INFO com.openclassrooms.tourguide.service.TourGuideService -- Adding the current location to the user internalUser4793
18:40:32.853 [pool-2-thread-1] INFO com.openclassrooms.tourguide.service.TourGuideService -- Adding the current location to the user internalUser2135
18:40:32.899 [pool-2-thread-1] INFO com.openclassrooms.tourguide.service.TourGuideService -- Adding the current location to the user internalUser3463
18:40:32.998 [pool-2-thread-1] INFO com.openclassrooms.tourguide.service.TourGuideService -- Adding the current location to the user internalUser4794
18:40:33.049 [pool-2-thread-1] INFO com.openclassrooms.tourguide.service.TourGuideService -- Adding the current location to the user internalUser980
18:40:33.099 [pool-2-thread-1] INFO com.openclassrooms.tourguide.service.TourGuideService -- Adding the current location to the user internalUser2134
18:40:33.198 [pool-2-thread-1] INFO com.openclassrooms.tourguide.service.TourGuideService -- Adding the current location to the user internalUser3464
18:40:33.293 [pool-2-thread-1] INFO com.openclassrooms.tourguide.service.TourGuideService -- Adding the current location to the user internalUser4795
18:40:33.335 [pool-2-thread-1] INFO com.openclassrooms.tourguide.service.TourGuideService -- Adding the current location to the user internalUser989
18:40:33.413 [pool-2-thread-1] INFO com.openclassrooms.tourguide.service.TourGuideService -- Adding the current location to the user internalUser987
18:40:33.473 [pool-2-thread-1] INFO com.openclassrooms.tourguide.service.TourGuideService -- Adding the current location to the user internalUser988
18:40:33.561 [pool-2-thread-1] INFO com.openclassrooms.tourguide.service.TourGuideService -- Adding the current location to the user internalUser2144
18:40:33.632 [pool-2-thread-1] INFO com.openclassrooms.tourguide.service.TourGuideService -- Adding the current location to the user internalUser3476
18:40:33.670 [pool-2-thread-1] INFO com.openclassrooms.tourguide.service.TourGuideService -- Adding the current location to the user internalUser2143
18:40:33.720 [pool-2-thread-1] INFO com.openclassrooms.tourguide.service.TourGuideService -- Adding the current location to the user internalUser3477
18:40:33.785 [pool-2-thread-1] INFO com.openclassrooms.tourguide.service.TourGuideService -- Adding the current location to the user internalUser2142
18:40:33.837 [pool-2-thread-1] INFO com.openclassrooms.tourguide.service.TourGuideService -- Adding the current location to the user internalUser3478
18:40:33.902 [pool-2-thread-1] INFO com.openclassrooms.tourguide.service.TourGuideService -- Adding the current location to the user internalUser2141
18:40:33.945 [pool-2-thread-1] INFO com.openclassrooms.tourguide.service.TourGuideService -- Adding the current location to the user internalUser3479
18:40:33.976 [pool-2-thread-1] INFO com.openclassrooms.tourguide.service.TourGuideService -- Adding the current location to the user internalUser2140
18:40:34.023 [pool-2-thread-1] INFO com.openclassrooms.tourguide.service.TourGuideService -- Adding the current location to the user internalUser996
18:40:34.077 [pool-2-thread-1] INFO com.openclassrooms.tourguide.service.TourGuideService -- Adding the current location to the user internalUser997
18:40:34.151 [pool-2-thread-1] INFO com.openclassrooms.tourguide.service.TourGuideService -- Adding the current location to the user internalUser994
18:40:34.243 [pool-2-thread-1] INFO com.openclassrooms.tourguide.service.TourGuideService -- Adding the current location to the user internalUser3470
18:40:34.318 [pool-2-thread-1] INFO com.openclassrooms.tourguide.service.TourGuideService -- Adding the current location to the user internalUser995
18:40:34.353 [pool-2-thread-1] INFO com.openclassrooms.tourguide.service.TourGuideService -- Adding the current location to the user internalUser2149
18:40:34.391 [pool-2-thread-1] INFO com.openclassrooms.tourguide.service.TourGuideService -- Adding the current location to the user internalUser3471
18:40:34.490 [pool-2-thread-1] INFO com.openclassrooms.tourguide.service.TourGuideService -- Adding the current location to the user internalUser992
18:40:34.579 [pool-2-thread-1] INFO com.openclassrooms.tourguide.service.TourGuideService -- Adding the current location to the user internalUser2148
18:40:34.637 [pool-2-thread-1] INFO com.openclassrooms.tourguide.service.TourGuideService -- Adding the current location to the user internalUser3472
18:40:34.675 [pool-2-thread-1] INFO com.openclassrooms.tourguide.service.TourGuideService -- Adding the current location to the user internalUser993
18:40:34.734 [pool-2-thread-1] INFO com.openclassrooms.tourguide.service.TourGuideService -- Adding the current location to the user internalUser2147
18:40:34.768 [pool-2-thread-1] INFO com.openclassrooms.tourguide.service.TourGuideService -- Adding the current location to the user internalUser3473
18:40:34.841 [pool-2-thread-1] INFO com.openclassrooms.tourguide.service.TourGuideService -- Adding the current location to the user internalUser990
18:40:34.889 [pool-2-thread-1] INFO com.openclassrooms.tourguide.service.TourGuideService -- Adding the current location to the user internalUser2146
18:40:34.947 [pool-2-thread-1] INFO com.openclassrooms.tourguide.service.TourGuideService -- Adding the current location to the user internalUser3474
18:40:35.013 [pool-2-thread-1] INFO com.openclassrooms.tourguide.service.TourGuideService -- Adding the current location to the user internalUser991
18:40:35.079 [pool-2-thread-1] INFO com.openclassrooms.tourguide.service.TourGuideService -- Adding the current location to the user internalUser2145
18:40:35.156 [pool-2-thread-1] INFO com.openclassrooms.tourguide.service.TourGuideService -- Adding the current location to the user internalUser3475
18:40:35.253 [pool-2-thread-1] INFO com.openclassrooms.tourguide.service.TourGuideService -- Adding the current location to the user internalUser998
18:40:35.319 [pool-2-thread-1] INFO com.openclassrooms.tourguide.service.TourGuideService -- Adding the current location to the user internalUser999
18:40:35.381 [pool-2-thread-1] INFO com.openclassrooms.tourguide.service.TourGuideService -- Adding the current location to the user internalUser2199
18:40:35.420 [pool-2-thread-1] INFO com.openclassrooms.tourguide.service.TourGuideService -- Adding the current location to the user internalUser2198
18:40:35.513 [pool-2-thread-1] INFO com.openclassrooms.tourguide.service.TourGuideService -- Adding the current location to the user internalUser2197
18:40:35.570 [pool-2-thread-1] INFO com.openclassrooms.tourguide.service.TourGuideService -- Adding the current location to the user internalUser2196
18:40:35.651 [pool-2-thread-1] INFO com.openclassrooms.tourguide.service.TourGuideService -- Adding the current location to the user internalUser2195
18:40:35.717 [pool-2-thread-1] INFO com.openclassrooms.tourguide.service.TourGuideService -- Adding the current location to the user internalUser2194
18:40:35.802 [pool-2-thread-1] INFO com.openclassrooms.tourguide.service.TourGuideService -- Adding the current location to the user internalUser2193
18:40:35.890 [pool-2-thread-1] INFO com.openclassrooms.tourguide.service.TourGuideService -- Adding the current location to the user internalUser2192
18:40:35.963 [pool-2-thread-1] INFO com.openclassrooms.tourguide.service.TourGuideService -- Adding the current location to the user internalUser920
18:40:36.007 [pool-2-thread-1] INFO com.openclassrooms.tourguide.service.TourGuideService -- Adding the current location to the user internalUser927
18:40:36.071 [pool-2-thread-1] INFO com.openclassrooms.tourguide.service.TourGuideService -- Adding the current location to the user internalUser928
18:40:36.169 [pool-2-thread-1] INFO com.openclassrooms.tourguide.service.TourGuideService -- Adding the current location to the user internalUser925
18:40:36.265 [pool-2-thread-1] INFO com.openclassrooms.tourguide.service.TourGuideService -- Adding the current location to the user internalUser926
18:40:36.310 [pool-2-thread-1] INFO com.openclassrooms.tourguide.service.TourGuideService -- Adding the current location to the user internalUser923
18:40:36.409 [pool-2-thread-1] INFO com.openclassrooms.tourguide.service.TourGuideService -- Adding the current location to the user internalUser924
18:40:36.495 [pool-2-thread-1] INFO com.openclassrooms.tourguide.service.TourGuideService -- Adding the current location to the user internalUser921
18:40:36.536 [pool-2-thread-1] INFO com.openclassrooms.tourguide.service.TourGuideService -- Adding the current location to the user internalUser922
18:40:36.625 [pool-2-thread-1] INFO com.openclassrooms.tourguide.service.TourGuideService -- Adding the current location to the user internalUser929
18:40:36.673 [pool-2-thread-1] INFO com.openclassrooms.tourguide.service.TourGuideService -- Adding the current location to the user internalUser930
18:40:36.755 [pool-2-thread-1] INFO com.openclassrooms.tourguide.service.TourGuideService -- Adding the current location to the user internalUser931
18:40:36.805 [pool-2-thread-1] INFO com.openclassrooms.tourguide.service.TourGuideService -- Adding the current location to the user internalUser938
18:40:36.843 [pool-2-thread-1] INFO com.openclassrooms.tourguide.service.TourGuideService -- Adding the current location to the user internalUser939
18:40:36.937 [pool-2-thread-1] INFO com.openclassrooms.tourguide.service.TourGuideService -- Adding the current location to the user internalUser936
18:40:36.985 [pool-2-thread-1] INFO com.openclassrooms.tourguide.service.TourGuideService -- Adding the current location to the user internalUser937
18:40:37.019 [pool-2-thread-1] INFO com.openclassrooms.tourguide.service.TourGuideService -- Adding the current location to the user internalUser934
18:40:37.080 [pool-2-thread-1] INFO com.openclassrooms.tourguide.service.TourGuideService -- Adding the current location to the user internalUser935
18:40:37.136 [pool-2-thread-1] INFO com.openclassrooms.tourguide.service.TourGuideService -- Adding the current location to the user internalUser932
18:40:37.215 [pool-2-thread-1] INFO com.openclassrooms.tourguide.service.TourGuideService -- Adding the current location to the user internalUser933
18:40:37.254 [pool-2-thread-1] INFO com.openclassrooms.tourguide.service.TourGuideService -- Adding the current location to the user internalUser2177
18:40:37.316 [pool-2-thread-1] INFO com.openclassrooms.tourguide.service.TourGuideService -- Adding the current location to the user internalUser2176
18:40:37.374 [pool-2-thread-1] INFO com.openclassrooms.tourguide.service.TourGuideService -- Adding the current location to the user internalUser2175
18:40:37.473 [pool-2-thread-1] INFO com.openclassrooms.tourguide.service.TourGuideService -- Adding the current location to the user internalUser2174
18:40:37.523 [pool-2-thread-1] INFO com.openclassrooms.tourguide.service.TourGuideService -- Adding the current location to the user internalUser2173
18:40:37.556 [pool-2-thread-1] INFO com.openclassrooms.tourguide.service.TourGuideService -- Adding the current location to the user internalUser2172
18:40:37.616 [pool-2-thread-1] INFO com.openclassrooms.tourguide.service.TourGuideService -- Adding the current location to the user internalUser2171
18:40:37.697 [pool-2-thread-1] INFO com.openclassrooms.tourguide.service.TourGuideService -- Adding the current location to the user internalUser2170
18:40:37.763 [pool-2-thread-1] INFO com.openclassrooms.tourguide.service.TourGuideService -- Adding the current location to the user internalUser941
18:40:37.839 [pool-2-thread-1] INFO com.openclassrooms.tourguide.service.TourGuideService -- Adding the current location to the user internalUser942
18:40:37.892 [pool-2-thread-1] INFO com.openclassrooms.tourguide.service.TourGuideService -- Adding the current location to the user internalUser940
18:40:37.922 [pool-2-thread-1] INFO com.openclassrooms.tourguide.service.TourGuideService -- Adding the current location to the user internalUser2179
18:40:37.995 [pool-2-thread-1] INFO com.openclassrooms.tourguide.service.TourGuideService -- Adding the current location to the user internalUser2178
18:40:38.063 [pool-2-thread-1] INFO com.openclassrooms.tourguide.service.TourGuideService -- Adding the current location to the user internalUser949
18:40:38.126 [pool-2-thread-1] INFO com.openclassrooms.tourguide.service.TourGuideService -- Adding the current location to the user internalUser947
18:40:38.225 [pool-2-thread-1] INFO com.openclassrooms.tourguide.service.TourGuideService -- Adding the current location to the user internalUser948
18:40:38.276 [pool-2-thread-1] INFO com.openclassrooms.tourguide.service.TourGuideService -- Adding the current location to the user internalUser945
18:40:38.354 [pool-2-thread-1] INFO com.openclassrooms.tourguide.service.TourGuideService -- Adding the current location to the user internalUser946
18:40:38.417 [pool-2-thread-1] INFO com.openclassrooms.tourguide.service.TourGuideService -- Adding the current location to the user internalUser943
18:40:38.496 [pool-2-thread-1] INFO com.openclassrooms.tourguide.service.TourGuideService -- Adding the current location to the user internalUser944
18:40:38.555 [pool-2-thread-1] INFO com.openclassrooms.tourguide.service.TourGuideService -- Adding the current location to the user internalUser2180
18:40:38.652 [pool-2-thread-1] INFO com.openclassrooms.tourguide.service.TourGuideService -- Adding the current location to the user internalUser2188
18:40:38.738 [pool-2-thread-1] INFO com.openclassrooms.tourguide.service.TourGuideService -- Adding the current location to the user internalUser2187
18:40:38.810 [pool-2-thread-1] INFO com.openclassrooms.tourguide.service.TourGuideService -- Adding the current location to the user internalUser2186
18:40:38.868 [pool-2-thread-1] INFO com.openclassrooms.tourguide.service.TourGuideService -- Adding the current location to the user internalUser2185
18:40:38.942 [pool-2-thread-1] INFO com.openclassrooms.tourguide.service.TourGuideService -- Adding the current location to the user internalUser2184
18:40:38.995 [pool-2-thread-1] INFO com.openclassrooms.tourguide.service.TourGuideService -- Adding the current location to the user internalUser2183
18:40:39.095 [pool-2-thread-1] INFO com.openclassrooms.tourguide.service.TourGuideService -- Adding the current location to the user internalUser2182
18:40:39.186 [pool-2-thread-1] INFO com.openclassrooms.tourguide.service.TourGuideService -- Adding the current location to the user internalUser2181
18:40:39.244 [pool-2-thread-1] INFO com.openclassrooms.tourguide.service.TourGuideService -- Adding the current location to the user internalUser952
18:40:39.343 [pool-2-thread-1] INFO com.openclassrooms.tourguide.service.TourGuideService -- Adding the current location to the user internalUser953
18:40:39.405 [pool-2-thread-1] INFO com.openclassrooms.tourguide.service.TourGuideService -- Adding the current location to the user internalUser950
18:40:39.477 [pool-2-thread-1] INFO com.openclassrooms.tourguide.service.TourGuideService -- Adding the current location to the user internalUser951
18:40:39.513 [pool-2-thread-1] INFO com.openclassrooms.tourguide.service.TourGuideService -- Adding the current location to the user internalUser2189
18:40:39.574 [pool-2-thread-1] INFO com.openclassrooms.tourguide.service.TourGuideService -- Adding the current location to the user internalUser958
18:40:39.635 [pool-2-thread-1] INFO com.openclassrooms.tourguide.service.TourGuideService -- Adding the current location to the user internalUser959
18:40:39.727 [pool-2-thread-1] INFO com.openclassrooms.tourguide.service.TourGuideService -- Adding the current location to the user internalUser956
18:40:39.785 [pool-2-thread-1] INFO com.openclassrooms.tourguide.service.TourGuideService -- Adding the current location to the user internalUser957
18:40:39.849 [pool-2-thread-1] INFO com.openclassrooms.tourguide.service.TourGuideService -- Adding the current location to the user internalUser954
18:40:39.922 [pool-2-thread-1] INFO com.openclassrooms.tourguide.service.TourGuideService -- Adding the current location to the user internalUser955
18:40:40.017 [pool-2-thread-1] INFO com.openclassrooms.tourguide.service.TourGuideService -- Adding the current location to the user internalUser2191
18:40:40.058 [pool-2-thread-1] INFO com.openclassrooms.tourguide.service.TourGuideService -- Adding the current location to the user internalUser2190
18:40:40.121 [pool-2-thread-1] INFO com.openclassrooms.tourguide.service.TourGuideService -- Adding the current location to the user internalUser4730
18:40:40.156 [pool-2-thread-1] INFO com.openclassrooms.tourguide.service.TourGuideService -- Adding the current location to the user internalUser3400
18:40:40.245 [pool-2-thread-1] INFO com.openclassrooms.tourguide.service.TourGuideService -- Adding the current location to the user internalUser4731
18:40:40.306 [pool-2-thread-1] INFO com.openclassrooms.tourguide.service.TourGuideService -- Adding the current location to the user internalUser3401
18:40:40.374 [pool-2-thread-1] INFO com.openclassrooms.tourguide.service.TourGuideService -- Adding the current location to the user internalUser4732
18:40:40.437 [pool-2-thread-1] INFO com.openclassrooms.tourguide.service.TourGuideService -- Adding the current location to the user internalUser3402
18:40:40.530 [pool-2-thread-1] INFO com.openclassrooms.tourguide.service.TourGuideService -- Adding the current location to the user internalUser4733
18:40:40.586 [pool-2-thread-1] INFO com.openclassrooms.tourguide.service.TourGuideService -- Adding the current location to the user internalUser3403
18:40:40.657 [pool-2-thread-1] INFO com.openclassrooms.tourguide.service.TourGuideService -- Adding the current location to the user internalUser4734
18:40:40.736 [pool-2-thread-1] INFO com.openclassrooms.tourguide.service.TourGuideService -- Adding the current location to the user internalUser3404
18:40:40.833 [pool-2-thread-1] INFO com.openclassrooms.tourguide.service.TourGuideService -- Adding the current location to the user internalUser4735
18:40:40.875 [pool-2-thread-1] INFO com.openclassrooms.tourguide.service.TourGuideService -- Adding the current location to the user internalUser3405
18:40:40.911 [pool-2-thread-1] INFO com.openclassrooms.tourguide.service.TourGuideService -- Adding the current location to the user internalUser4736
18:40:40.971 [pool-2-thread-1] INFO com.openclassrooms.tourguide.service.TourGuideService -- Adding the current location to the user internalUser3406
18:40:41.002 [pool-2-thread-1] INFO com.openclassrooms.tourguide.service.TourGuideService -- Adding the current location to the user internalUser4737
18:40:41.065 [pool-2-thread-1] INFO com.openclassrooms.tourguide.service.TourGuideService -- Adding the current location to the user internalUser3407
18:40:41.147 [pool-2-thread-1] INFO com.openclassrooms.tourguide.service.TourGuideService -- Adding the current location to the user internalUser4738
18:40:41.208 [pool-2-thread-1] INFO com.openclassrooms.tourguide.service.TourGuideService -- Adding the current location to the user internalUser3408
18:40:41.282 [pool-2-thread-1] INFO com.openclassrooms.tourguide.service.TourGuideService -- Adding the current location to the user internalUser4739
18:40:41.363 [pool-2-thread-1] INFO com.openclassrooms.tourguide.service.TourGuideService -- Adding the current location to the user internalUser3409
18:40:41.438 [pool-2-thread-1] INFO com.openclassrooms.tourguide.service.TourGuideService -- Adding the current location to the user internalUser3410
18:40:41.475 [pool-2-thread-1] INFO com.openclassrooms.tourguide.service.TourGuideService -- Adding the current location to the user internalUser4741
18:40:41.543 [pool-2-thread-1] INFO com.openclassrooms.tourguide.service.TourGuideService -- Adding the current location to the user internalUser3411
18:40:41.594 [pool-2-thread-1] INFO com.openclassrooms.tourguide.service.TourGuideService -- Adding the current location to the user internalUser4742
18:40:41.674 [pool-2-thread-1] INFO com.openclassrooms.tourguide.service.TourGuideService -- Adding the current location to the user internalUser3412
18:40:41.745 [pool-2-thread-1] INFO com.openclassrooms.tourguide.service.TourGuideService -- Adding the current location to the user internalUser4743
18:40:41.783 [pool-2-thread-1] INFO com.openclassrooms.tourguide.service.TourGuideService -- Adding the current location to the user internalUser3413
18:40:41.872 [pool-2-thread-1] INFO com.openclassrooms.tourguide.service.TourGuideService -- Adding the current location to the user internalUser4744
18:40:41.965 [pool-2-thread-1] INFO com.openclassrooms.tourguide.service.TourGuideService -- Adding the current location to the user internalUser3414
18:40:42.008 [pool-2-thread-1] INFO com.openclassrooms.tourguide.service.TourGuideService -- Adding the current location to the user internalUser4745
18:40:42.097 [pool-2-thread-1] INFO com.openclassrooms.tourguide.service.TourGuideService -- Adding the current location to the user internalUser3415
18:40:42.185 [pool-2-thread-1] INFO com.openclassrooms.tourguide.service.TourGuideService -- Adding the current location to the user internalUser4746
18:40:42.262 [pool-2-thread-1] INFO com.openclassrooms.tourguide.service.TourGuideService -- Adding the current location to the user internalUser3416
18:40:42.319 [pool-2-thread-1] INFO com.openclassrooms.tourguide.service.TourGuideService -- Adding the current location to the user internalUser4747
18:40:42.363 [pool-2-thread-1] INFO com.openclassrooms.tourguide.service.TourGuideService -- Adding the current location to the user internalUser3417
18:40:42.454 [pool-2-thread-1] INFO com.openclassrooms.tourguide.service.TourGuideService -- Adding the current location to the user internalUser4748
18:40:42.554 [pool-2-thread-1] INFO com.openclassrooms.tourguide.service.TourGuideService -- Adding the current location to the user internalUser4740
18:40:42.625 [pool-2-thread-1] INFO com.openclassrooms.tourguide.service.TourGuideService -- Adding the current location to the user internalUser3418
18:40:42.707 [pool-2-thread-1] INFO com.openclassrooms.tourguide.service.TourGuideService -- Adding the current location to the user internalUser4749
18:40:42.770 [pool-2-thread-1] INFO com.openclassrooms.tourguide.service.TourGuideService -- Adding the current location to the user internalUser3419
18:40:42.823 [pool-2-thread-1] INFO com.openclassrooms.tourguide.service.TourGuideService -- Adding the current location to the user internalUser1682
18:40:42.865 [pool-2-thread-1] INFO com.openclassrooms.tourguide.service.TourGuideService -- Adding the current location to the user internalUser1681
18:40:42.939 [pool-2-thread-1] INFO com.openclassrooms.tourguide.service.TourGuideService -- Adding the current location to the user internalUser1680
18:40:42.988 [pool-2-thread-1] INFO com.openclassrooms.tourguide.service.TourGuideService -- Adding the current location to the user internalUser4710
18:40:43.037 [pool-2-thread-1] INFO com.openclassrooms.tourguide.service.TourGuideService -- Adding the current location to the user internalUser4711
18:40:43.109 [pool-2-thread-1] INFO com.openclassrooms.tourguide.service.TourGuideService -- Adding the current location to the user internalUser4712
18:40:43.196 [pool-2-thread-1] INFO com.openclassrooms.tourguide.service.TourGuideService -- Adding the current location to the user internalUser4713
18:40:43.235 [pool-2-thread-1] INFO com.openclassrooms.tourguide.service.TourGuideService -- Adding the current location to the user internalUser4714
18:40:43.332 [pool-2-thread-1] INFO com.openclassrooms.tourguide.service.TourGuideService -- Adding the current location to the user internalUser4715
18:40:43.389 [pool-2-thread-1] INFO com.openclassrooms.tourguide.service.TourGuideService -- Adding the current location to the user internalUser1689
18:40:43.427 [pool-2-thread-1] INFO com.openclassrooms.tourguide.service.TourGuideService -- Adding the current location to the user internalUser1688
18:40:43.509 [pool-2-thread-1] INFO com.openclassrooms.tourguide.service.TourGuideService -- Adding the current location to the user internalUser1687
18:40:43.548 [pool-2-thread-1] INFO com.openclassrooms.tourguide.service.TourGuideService -- Adding the current location to the user internalUser1686
18:40:43.644 [pool-2-thread-1] INFO com.openclassrooms.tourguide.service.TourGuideService -- Adding the current location to the user internalUser1685
18:40:43.696 [pool-2-thread-1] INFO com.openclassrooms.tourguide.service.TourGuideService -- Adding the current location to the user internalUser1684
18:40:43.737 [pool-2-thread-1] INFO com.openclassrooms.tourguide.service.TourGuideService -- Adding the current location to the user internalUser1683
18:40:43.791 [pool-2-thread-1] INFO com.openclassrooms.tourguide.service.TourGuideService -- Adding the current location to the user internalUser905
18:40:43.824 [pool-2-thread-1] INFO com.openclassrooms.tourguide.service.TourGuideService -- Adding the current location to the user internalUser906
18:40:43.921 [pool-2-thread-1] INFO com.openclassrooms.tourguide.service.TourGuideService -- Adding the current location to the user internalUser903
18:40:43.970 [pool-2-thread-1] INFO com.openclassrooms.tourguide.service.TourGuideService -- Adding the current location to the user internalUser904
18:40:44.007 [pool-2-thread-1] INFO com.openclassrooms.tourguide.service.TourGuideService -- Adding the current location to the user internalUser901
18:40:44.043 [pool-2-thread-1] INFO com.openclassrooms.tourguide.service.TourGuideService -- Adding the current location to the user internalUser902
18:40:44.081 [pool-2-thread-1] INFO com.openclassrooms.tourguide.service.TourGuideService -- Adding the current location to the user internalUser900
18:40:44.157 [pool-2-thread-1] INFO com.openclassrooms.tourguide.service.TourGuideService -- Adding the current location to the user internalUser4716
18:40:44.200 [pool-2-thread-1] INFO com.openclassrooms.tourguide.service.TourGuideService -- Adding the current location to the user internalUser4717
18:40:44.281 [pool-2-thread-1] INFO com.openclassrooms.tourguide.service.TourGuideService -- Adding the current location to the user internalUser4718
18:40:44.336 [pool-2-thread-1] INFO com.openclassrooms.tourguide.service.TourGuideService -- Adding the current location to the user internalUser4719
18:40:44.370 [pool-2-thread-1] INFO com.openclassrooms.tourguide.service.TourGuideService -- Adding the current location to the user internalUser909
18:40:44.462 [pool-2-thread-1] INFO com.openclassrooms.tourguide.service.TourGuideService -- Adding the current location to the user internalUser907
18:40:44.552 [pool-2-thread-1] INFO com.openclassrooms.tourguide.service.TourGuideService -- Adding the current location to the user internalUser908
18:40:44.646 [pool-2-thread-1] INFO com.openclassrooms.tourguide.service.TourGuideService -- Adding the current location to the user internalUser1693
18:40:44.686 [pool-2-thread-1] INFO com.openclassrooms.tourguide.service.TourGuideService -- Adding the current location to the user internalUser1692
18:40:44.756 [pool-2-thread-1] INFO com.openclassrooms.tourguide.service.TourGuideService -- Adding the current location to the user internalUser4720
18:40:44.847 [pool-2-thread-1] INFO com.openclassrooms.tourguide.service.TourGuideService -- Adding the current location to the user internalUser1691
18:40:44.925 [pool-2-thread-1] INFO com.openclassrooms.tourguide.service.TourGuideService -- Adding the current location to the user internalUser4721
18:40:44.959 [pool-2-thread-1] INFO com.openclassrooms.tourguide.service.TourGuideService -- Adding the current location to the user internalUser1690
18:40:45.028 [pool-2-thread-1] INFO com.openclassrooms.tourguide.service.TourGuideService -- Adding the current location to the user internalUser4722
18:40:45.075 [pool-2-thread-1] INFO com.openclassrooms.tourguide.service.TourGuideService -- Adding the current location to the user internalUser4723
18:40:45.110 [pool-2-thread-1] INFO com.openclassrooms.tourguide.service.TourGuideService -- Adding the current location to the user internalUser4724
18:40:45.156 [pool-2-thread-1] INFO com.openclassrooms.tourguide.service.TourGuideService -- Adding the current location to the user internalUser4725
18:40:45.232 [pool-2-thread-1] INFO com.openclassrooms.tourguide.service.TourGuideService -- Adding the current location to the user internalUser4726
18:40:45.302 [pool-2-thread-1] INFO com.openclassrooms.tourguide.service.TourGuideService -- Adding the current location to the user internalUser1699
18:40:45.351 [pool-2-thread-1] INFO com.openclassrooms.tourguide.service.TourGuideService -- Adding the current location to the user internalUser1698
18:40:45.406 [pool-2-thread-1] INFO com.openclassrooms.tourguide.service.TourGuideService -- Adding the current location to the user internalUser1697
18:40:45.476 [pool-2-thread-1] INFO com.openclassrooms.tourguide.service.TourGuideService -- Adding the current location to the user internalUser1696
18:40:45.515 [pool-2-thread-1] INFO com.openclassrooms.tourguide.service.TourGuideService -- Adding the current location to the user internalUser1695
18:40:45.600 [pool-2-thread-1] INFO com.openclassrooms.tourguide.service.TourGuideService -- Adding the current location to the user internalUser1694
18:40:45.686 [pool-2-thread-1] INFO com.openclassrooms.tourguide.service.TourGuideService -- Adding the current location to the user internalUser916
18:40:45.725 [pool-2-thread-1] INFO com.openclassrooms.tourguide.service.TourGuideService -- Adding the current location to the user internalUser917
18:40:45.796 [pool-2-thread-1] INFO com.openclassrooms.tourguide.service.TourGuideService -- Adding the current location to the user internalUser914
18:40:45.857 [pool-2-thread-1] INFO com.openclassrooms.tourguide.service.TourGuideService -- Adding the current location to the user internalUser915
18:40:45.919 [pool-2-thread-1] INFO com.openclassrooms.tourguide.service.TourGuideService -- Adding the current location to the user internalUser912
18:40:45.975 [pool-2-thread-1] INFO com.openclassrooms.tourguide.service.TourGuideService -- Adding the current location to the user internalUser913
18:40:46.034 [pool-2-thread-1] INFO com.openclassrooms.tourguide.service.TourGuideService -- Adding the current location to the user internalUser910
18:40:46.111 [pool-2-thread-1] INFO com.openclassrooms.tourguide.service.TourGuideService -- Adding the current location to the user internalUser911
18:40:46.143 [pool-2-thread-1] INFO com.openclassrooms.tourguide.service.TourGuideService -- Adding the current location to the user internalUser4727
18:40:46.207 [pool-2-thread-1] INFO com.openclassrooms.tourguide.service.TourGuideService -- Adding the current location to the user internalUser4728
18:40:46.246 [pool-2-thread-1] INFO com.openclassrooms.tourguide.service.TourGuideService -- Adding the current location to the user internalUser4729
18:40:46.308 [pool-2-thread-1] INFO com.openclassrooms.tourguide.service.TourGuideService -- Adding the current location to the user internalUser918
18:40:46.356 [pool-2-thread-1] INFO com.openclassrooms.tourguide.service.TourGuideService -- Adding the current location to the user internalUser919
18:40:46.405 [pool-2-thread-1] INFO com.openclassrooms.tourguide.service.TourGuideService -- Adding the current location to the user internalUser2111
18:40:46.499 [pool-2-thread-1] INFO com.openclassrooms.tourguide.service.TourGuideService -- Adding the current location to the user internalUser3443
18:40:46.583 [pool-2-thread-1] INFO com.openclassrooms.tourguide.service.TourGuideService -- Adding the current location to the user internalUser4774
18:40:46.615 [pool-2-thread-1] INFO com.openclassrooms.tourguide.service.TourGuideService -- Adding the current location to the user internalUser2110
18:40:46.671 [pool-2-thread-1] INFO com.openclassrooms.tourguide.service.TourGuideService -- Adding the current location to the user internalUser3444
18:40:46.756 [pool-2-thread-1] INFO com.openclassrooms.tourguide.service.TourGuideService -- Adding the current location to the user internalUser4775
18:40:46.791 [pool-2-thread-1] INFO com.openclassrooms.tourguide.service.TourGuideService -- Adding the current location to the user internalUser3445
18:40:46.847 [pool-2-thread-1] INFO com.openclassrooms.tourguide.service.TourGuideService -- Adding the current location to the user internalUser4776
18:40:46.895 [pool-2-thread-1] INFO com.openclassrooms.tourguide.service.TourGuideService -- Adding the current location to the user internalUser3446
18:40:46.928 [pool-2-thread-1] INFO com.openclassrooms.tourguide.service.TourGuideService -- Adding the current location to the user internalUser4777
18:40:47.027 [pool-2-thread-1] INFO com.openclassrooms.tourguide.service.TourGuideService -- Adding the current location to the user internalUser3447
18:40:47.081 [pool-2-thread-1] INFO com.openclassrooms.tourguide.service.TourGuideService -- Adding the current location to the user internalUser4778
18:40:47.150 [pool-2-thread-1] INFO com.openclassrooms.tourguide.service.TourGuideService -- Adding the current location to the user internalUser3448
18:40:47.199 [pool-2-thread-1] INFO com.openclassrooms.tourguide.service.TourGuideService -- Adding the current location to the user internalUser4779
18:40:47.253 [pool-2-thread-1] INFO com.openclassrooms.tourguide.service.TourGuideService -- Adding the current location to the user internalUser3449
18:40:47.281 [main] INFO com.openclassrooms.tourguide.TestPerformance -- step 2 is done too
18:40:47.285 [pool-2-thread-1] INFO com.openclassrooms.tourguide.service.TourGuideService -- Adding the current location to the user internalUser2119
highVolumeGetRewards: Time Elapsed: 168 seconds.
]]></system-out>
  </testcase>
</testsuite>