<?xml version="1.0" encoding="UTF-8"?>
<testsuite xmlns:xsi="http://www.w3.org/2001/XMLSchema-instance" xsi:noNamespaceSchemaLocation="https://maven.apache.org/surefire/maven-surefire-plugin/xsd/surefire-test-report-3.0.xsd" version="3.0" name="com.openclassrooms.tourguide.TestTourGuideService" time="13.421" tests="5" errors="0" skipped="0" failures="0">
  <properties>
    <property name="java.specification.version" value="17"/>
    <property name="sun.cpu.isalist" value="amd64"/>
    <property name="sun.jnu.encoding" value="Cp1252"/>
    <property name="java.class.path" value="C:\Users\simon\eclipse-workspace\TourGuide\target\test-classes;C:\Users\simon\eclipse-workspace\TourGuide\target\classes;C:\Users\simon\.m2\repository\org\springframework\boot\spring-boot-starter-actuator\3.1.1\spring-boot-starter-actuator-3.1.1.jar;C:\Users\simon\.m2\repository\org\springframework\boot\spring-boot-starter\3.1.1\spring-boot-starter-3.1.1.jar;C:\Users\simon\.m2\repository\org\springframework\boot\spring-boot\3.1.1\spring-boot-3.1.1.jar;C:\Users\simon\.m2\repository\org\springframework\boot\spring-boot-autoconfigure\3.1.1\spring-boot-autoconfigure-3.1.1.jar;C:\Users\simon\.m2\repository\org\springframework\boot\spring-boot-starter-logging\3.1.1\spring-boot-starter-logging-3.1.1.jar;C:\Users\simon\.m2\repository\ch\qos\logback\logback-classic\1.4.8\logback-classic-1.4.8.jar;C:\Users\simon\.m2\repository\ch\qos\logback\logback-core\1.4.8\logback-core-1.4.8.jar;C:\Users\simon\.m2\repository\org\apache\logging\log4j\log4j-to-slf4j\2.20.0\log4j-to-slf4j-2.20.0.jar;C:\Users\simon\.m2\repository\org\apache\logging\log4j\log4j-api\2.20.0\log4j-api-2.20.0.jar;C:\Users\simon\.m2\repository\org\slf4j\jul-to-slf4j\2.0.7\jul-to-slf4j-2.0.7.jar;C:\Users\simon\.m2\repository\jakarta\annotation\jakarta.annotation-api\2.1.1\jakarta.annotation-api-2.1.1.jar;C:\Users\simon\.m2\repository\org\yaml\snakeyaml\1.33\snakeyaml-1.33.jar;C:\Users\simon\.m2\repository\org\springframework\boot\spring-boot-actuator-autoconfigure\3.1.1\spring-boot-actuator-autoconfigure-3.1.1.jar;C:\Users\simon\.m2\repository\org\springframework\boot\spring-boot-actuator\3.1.1\spring-boot-actuator-3.1.1.jar;C:\Users\simon\.m2\repository\com\fasterxml\jackson\core\jackson-databind\2.15.2\jackson-databind-2.15.2.jar;C:\Users\simon\.m2\repository\com\fasterxml\jackson\core\jackson-annotations\2.15.2\jackson-annotations-2.15.2.jar;C:\Users\simon\.m2\repository\com\fasterxml\jackson\core\jackson-core\2.15.2\jackson-core-2.15.2.jar;C:\Users\simon\.m2\repository\com\fasterxml\jackson\datatype\jackson-datatype-jsr310\2.15.2\jackson-datatype-jsr310-2.15.2.jar;C:\Users\simon\.m2\repository\io\micrometer\micrometer-observation\1.11.1\micrometer-observation-1.11.1.jar;C:\Users\simon\.m2\repository\io\micrometer\micrometer-commons\1.11.1\micrometer-commons-1.11.1.jar;C:\Users\simon\.m2\repository\io\micrometer\micrometer-core\1.11.1\micrometer-core-1.11.1.jar;C:\Users\simon\.m2\repository\org\hdrhistogram\HdrHistogram\2.1.12\HdrHistogram-2.1.12.jar;C:\Users\simon\.m2\repository\org\latencyutils\LatencyUtils\2.0.3\LatencyUtils-2.0.3.jar;C:\Users\simon\.m2\repository\org\springframework\boot\spring-boot-starter-validation\3.1.1\spring-boot-starter-validation-3.1.1.jar;C:\Users\simon\.m2\repository\org\apache\tomcat\embed\tomcat-embed-el\10.1.10\tomcat-embed-el-10.1.10.jar;C:\Users\simon\.m2\repository\org\hibernate\validator\hibernate-validator\8.0.0.Final\hibernate-validator-8.0.0.Final.jar;C:\Users\simon\.m2\repository\jakarta\validation\jakarta.validation-api\3.0.2\jakarta.validation-api-3.0.2.jar;C:\Users\simon\.m2\repository\org\jboss\logging\jboss-logging\3.5.1.Final\jboss-logging-3.5.1.Final.jar;C:\Users\simon\.m2\repository\com\fasterxml\classmate\1.5.1\classmate-1.5.1.jar;C:\Users\simon\.m2\repository\org\springframework\boot\spring-boot-starter-web\3.1.1\spring-boot-starter-web-3.1.1.jar;C:\Users\simon\.m2\repository\org\springframework\boot\spring-boot-starter-json\3.1.1\spring-boot-starter-json-3.1.1.jar;C:\Users\simon\.m2\repository\com\fasterxml\jackson\datatype\jackson-datatype-jdk8\2.15.2\jackson-datatype-jdk8-2.15.2.jar;C:\Users\simon\.m2\repository\com\fasterxml\jackson\module\jackson-module-parameter-names\2.15.2\jackson-module-parameter-names-2.15.2.jar;C:\Users\simon\.m2\repository\org\springframework\boot\spring-boot-starter-tomcat\3.1.1\spring-boot-starter-tomcat-3.1.1.jar;C:\Users\simon\.m2\repository\org\apache\tomcat\embed\tomcat-embed-core\10.1.10\tomcat-embed-core-10.1.10.jar;C:\Users\simon\.m2\repository\org\apache\tomcat\embed\tomcat-embed-websocket\10.1.10\tomcat-embed-websocket-10.1.10.jar;C:\Users\simon\.m2\repository\org\springframework\spring-web\6.0.10\spring-web-6.0.10.jar;C:\Users\simon\.m2\repository\org\springframework\spring-beans\6.0.10\spring-beans-6.0.10.jar;C:\Users\simon\.m2\repository\org\springframework\spring-webmvc\6.0.10\spring-webmvc-6.0.10.jar;C:\Users\simon\.m2\repository\org\springframework\spring-aop\6.0.10\spring-aop-6.0.10.jar;C:\Users\simon\.m2\repository\org\springframework\spring-context\6.0.10\spring-context-6.0.10.jar;C:\Users\simon\.m2\repository\org\springframework\spring-expression\6.0.10\spring-expression-6.0.10.jar;C:\Users\simon\.m2\repository\org\springframework\boot\spring-boot-starter-test\3.1.1\spring-boot-starter-test-3.1.1.jar;C:\Users\simon\.m2\repository\org\springframework\boot\spring-boot-test\3.1.1\spring-boot-test-3.1.1.jar;C:\Users\simon\.m2\repository\org\springframework\boot\spring-boot-test-autoconfigure\3.1.1\spring-boot-test-autoconfigure-3.1.1.jar;C:\Users\simon\.m2\repository\com\jayway\jsonpath\json-path\2.8.0\json-path-2.8.0.jar;C:\Users\simon\.m2\repository\org\slf4j\slf4j-api\2.0.7\slf4j-api-2.0.7.jar;C:\Users\simon\.m2\repository\jakarta\xml\bind\jakarta.xml.bind-api\4.0.0\jakarta.xml.bind-api-4.0.0.jar;C:\Users\simon\.m2\repository\jakarta\activation\jakarta.activation-api\2.1.2\jakarta.activation-api-2.1.2.jar;C:\Users\simon\.m2\repository\net\minidev\json-smart\2.4.11\json-smart-2.4.11.jar;C:\Users\simon\.m2\repository\net\minidev\accessors-smart\2.4.11\accessors-smart-2.4.11.jar;C:\Users\simon\.m2\repository\org\assertj\assertj-core\3.24.2\assertj-core-3.24.2.jar;C:\Users\simon\.m2\repository\net\bytebuddy\byte-buddy\1.14.5\byte-buddy-1.14.5.jar;C:\Users\simon\.m2\repository\org\hamcrest\hamcrest\2.2\hamcrest-2.2.jar;C:\Users\simon\.m2\repository\org\junit\jupiter\junit-jupiter\5.9.3\junit-jupiter-5.9.3.jar;C:\Users\simon\.m2\repository\org\junit\jupiter\junit-jupiter-params\5.9.3\junit-jupiter-params-5.9.3.jar;C:\Users\simon\.m2\repository\org\junit\jupiter\junit-jupiter-engine\5.9.3\junit-jupiter-engine-5.9.3.jar;C:\Users\simon\.m2\repository\org\junit\platform\junit-platform-engine\1.9.3\junit-platform-engine-1.9.3.jar;C:\Users\simon\.m2\repository\org\mockito\mockito-core\5.3.1\mockito-core-5.3.1.jar;C:\Users\simon\.m2\repository\net\bytebuddy\byte-buddy-agent\1.14.5\byte-buddy-agent-1.14.5.jar;C:\Users\simon\.m2\repository\org\objenesis\objenesis\3.3\objenesis-3.3.jar;C:\Users\simon\.m2\repository\org\mockito\mockito-junit-jupiter\5.3.1\mockito-junit-jupiter-5.3.1.jar;C:\Users\simon\.m2\repository\org\skyscreamer\jsonassert\1.5.1\jsonassert-1.5.1.jar;C:\Users\simon\.m2\repository\com\vaadin\external\google\android-json\0.0.20131108.vaadin1\android-json-0.0.20131108.vaadin1.jar;C:\Users\simon\.m2\repository\org\springframework\spring-core\6.0.10\spring-core-6.0.10.jar;C:\Users\simon\.m2\repository\org\springframework\spring-jcl\6.0.10\spring-jcl-6.0.10.jar;C:\Users\simon\.m2\repository\org\springframework\spring-test\6.0.10\spring-test-6.0.10.jar;C:\Users\simon\.m2\repository\org\xmlunit\xmlunit-core\2.9.1\xmlunit-core-2.9.1.jar;C:\Users\simon\.m2\repository\org\apache\commons\commons-lang3\3.12.0\commons-lang3-3.12.0.jar;C:\Users\simon\.m2\repository\org\junit\jupiter\junit-jupiter-api\5.9.3\junit-jupiter-api-5.9.3.jar;C:\Users\simon\.m2\repository\org\opentest4j\opentest4j\1.2.0\opentest4j-1.2.0.jar;C:\Users\simon\.m2\repository\org\junit\platform\junit-platform-commons\1.9.3\junit-platform-commons-1.9.3.jar;C:\Users\simon\.m2\repository\org\apiguardian\apiguardian-api\1.1.2\apiguardian-api-1.1.2.jar;C:\Users\simon\.m2\repository\org\jacoco\jacoco-maven-plugin\0.8.10\jacoco-maven-plugin-0.8.10.jar;C:\Users\simon\.m2\repository\org\codehaus\plexus\plexus-utils\3.0.24\plexus-utils-3.0.24.jar;C:\Users\simon\.m2\repository\org\apache\maven\shared\file-management\1.2.1\file-management-1.2.1.jar;C:\Users\simon\.m2\repository\org\apache\maven\maven-plugin-api\2.0.6\maven-plugin-api-2.0.6.jar;C:\Users\simon\.m2\repository\org\apache\maven\shared\maven-shared-io\1.1\maven-shared-io-1.1.jar;C:\Users\simon\.m2\repository\org\apache\maven\maven-artifact\2.0.2\maven-artifact-2.0.2.jar;C:\Users\simon\.m2\repository\org\apache\maven\maven-artifact-manager\2.0.2\maven-artifact-manager-2.0.2.jar;C:\Users\simon\.m2\repository\org\apache\maven\maven-repository-metadata\2.0.2\maven-repository-metadata-2.0.2.jar;C:\Users\simon\.m2\repository\org\apache\maven\wagon\wagon-provider-api\1.0-alpha-6\wagon-provider-api-1.0-alpha-6.jar;C:\Users\simon\.m2\repository\org\codehaus\plexus\plexus-container-default\1.0-alpha-9\plexus-container-default-1.0-alpha-9.jar;C:\Users\simon\.m2\repository\junit\junit\4.13.2\junit-4.13.2.jar;C:\Users\simon\.m2\repository\org\hamcrest\hamcrest-core\2.2\hamcrest-core-2.2.jar;C:\Users\simon\.m2\repository\classworlds\classworlds\1.1-alpha-2\classworlds-1.1-alpha-2.jar;C:\Users\simon\.m2\repository\org\apache\maven\reporting\maven-reporting-api\3.0\maven-reporting-api-3.0.jar;C:\Users\simon\.m2\repository\org\apache\maven\doxia\doxia-sink-api\1.0\doxia-sink-api-1.0.jar;C:\Users\simon\.m2\repository\org\jacoco\org.jacoco.agent\0.8.10\org.jacoco.agent-0.8.10-runtime.jar;C:\Users\simon\.m2\repository\org\jacoco\org.jacoco.core\0.8.10\org.jacoco.core-0.8.10.jar;C:\Users\simon\.m2\repository\org\ow2\asm\asm\9.5\asm-9.5.jar;C:\Users\simon\.m2\repository\org\ow2\asm\asm-commons\9.5\asm-commons-9.5.jar;C:\Users\simon\.m2\repository\org\ow2\asm\asm-tree\9.5\asm-tree-9.5.jar;C:\Users\simon\.m2\repository\org\jacoco\org.jacoco.report\0.8.10\org.jacoco.report-0.8.10.jar;C:\Users\simon\.m2\repository\gpsUtil\gpsUtil\1.0.0\gpsUtil-1.0.0.jar;C:\Users\simon\.m2\repository\com\google\code\findbugs\jsr305\1.3.9\jsr305-1.3.9.jar;C:\Users\simon\.m2\repository\com\google\errorprone\error_prone_annotations\2.0.18\error_prone_annotations-2.0.18.jar;C:\Users\simon\.m2\repository\com\google\j2objc\j2objc-annotations\1.1\j2objc-annotations-1.1.jar;C:\Users\simon\.m2\repository\org\codehaus\mojo\animal-sniffer-annotations\1.14\animal-sniffer-annotations-1.14.jar;C:\Users\simon\.m2\repository\tripPricer\tripPricer\1.0.0\tripPricer-1.0.0.jar;C:\Users\simon\.m2\repository\rewardCentral\rewardCentral\1.0.0\rewardCentral-1.0.0.jar;"/>
    <property name="java.vm.vendor" value="Oracle Corporation"/>
    <property name="sun.arch.data.model" value="64"/>
    <property name="user.variant" value=""/>
    <property name="java.vendor.url" value="https://java.oracle.com/"/>
    <property name="user.timezone" value="Europe/Paris"/>
    <property name="os.name" value="Windows 11"/>
    <property name="java.vm.specification.version" value="17"/>
    <property name="sun.java.launcher" value="SUN_STANDARD"/>
    <property name="user.country" value="FR"/>
    <property name="sun.boot.library.path" value="C:\Program Files\Java\jdk-17\bin"/>
    <property name="sun.java.command" value="C:\Users\simon\AppData\Local\Temp\surefire12820657859113139201\surefirebooter-20230919194734925_3.jar C:\Users\simon\AppData\Local\Temp\surefire12820657859113139201 2023-09-19T19-47-34_785-jvmRun1 surefire-20230919194734925_1tmp surefire_0-20230919194734925_2tmp"/>
    <property name="jdk.debug" value="release"/>
    <property name="surefire.test.class.path" value="C:\Users\simon\eclipse-workspace\TourGuide\target\test-classes;C:\Users\simon\eclipse-workspace\TourGuide\target\classes;C:\Users\simon\.m2\repository\org\springframework\boot\spring-boot-starter-actuator\3.1.1\spring-boot-starter-actuator-3.1.1.jar;C:\Users\simon\.m2\repository\org\springframework\boot\spring-boot-starter\3.1.1\spring-boot-starter-3.1.1.jar;C:\Users\simon\.m2\repository\org\springframework\boot\spring-boot\3.1.1\spring-boot-3.1.1.jar;C:\Users\simon\.m2\repository\org\springframework\boot\spring-boot-autoconfigure\3.1.1\spring-boot-autoconfigure-3.1.1.jar;C:\Users\simon\.m2\repository\org\springframework\boot\spring-boot-starter-logging\3.1.1\spring-boot-starter-logging-3.1.1.jar;C:\Users\simon\.m2\repository\ch\qos\logback\logback-classic\1.4.8\logback-classic-1.4.8.jar;C:\Users\simon\.m2\repository\ch\qos\logback\logback-core\1.4.8\logback-core-1.4.8.jar;C:\Users\simon\.m2\repository\org\apache\logging\log4j\log4j-to-slf4j\2.20.0\log4j-to-slf4j-2.20.0.jar;C:\Users\simon\.m2\repository\org\apache\logging\log4j\log4j-api\2.20.0\log4j-api-2.20.0.jar;C:\Users\simon\.m2\repository\org\slf4j\jul-to-slf4j\2.0.7\jul-to-slf4j-2.0.7.jar;C:\Users\simon\.m2\repository\jakarta\annotation\jakarta.annotation-api\2.1.1\jakarta.annotation-api-2.1.1.jar;C:\Users\simon\.m2\repository\org\yaml\snakeyaml\1.33\snakeyaml-1.33.jar;C:\Users\simon\.m2\repository\org\springframework\boot\spring-boot-actuator-autoconfigure\3.1.1\spring-boot-actuator-autoconfigure-3.1.1.jar;C:\Users\simon\.m2\repository\org\springframework\boot\spring-boot-actuator\3.1.1\spring-boot-actuator-3.1.1.jar;C:\Users\simon\.m2\repository\com\fasterxml\jackson\core\jackson-databind\2.15.2\jackson-databind-2.15.2.jar;C:\Users\simon\.m2\repository\com\fasterxml\jackson\core\jackson-annotations\2.15.2\jackson-annotations-2.15.2.jar;C:\Users\simon\.m2\repository\com\fasterxml\jackson\core\jackson-core\2.15.2\jackson-core-2.15.2.jar;C:\Users\simon\.m2\repository\com\fasterxml\jackson\datatype\jackson-datatype-jsr310\2.15.2\jackson-datatype-jsr310-2.15.2.jar;C:\Users\simon\.m2\repository\io\micrometer\micrometer-observation\1.11.1\micrometer-observation-1.11.1.jar;C:\Users\simon\.m2\repository\io\micrometer\micrometer-commons\1.11.1\micrometer-commons-1.11.1.jar;C:\Users\simon\.m2\repository\io\micrometer\micrometer-core\1.11.1\micrometer-core-1.11.1.jar;C:\Users\simon\.m2\repository\org\hdrhistogram\HdrHistogram\2.1.12\HdrHistogram-2.1.12.jar;C:\Users\simon\.m2\repository\org\latencyutils\LatencyUtils\2.0.3\LatencyUtils-2.0.3.jar;C:\Users\simon\.m2\repository\org\springframework\boot\spring-boot-starter-validation\3.1.1\spring-boot-starter-validation-3.1.1.jar;C:\Users\simon\.m2\repository\org\apache\tomcat\embed\tomcat-embed-el\10.1.10\tomcat-embed-el-10.1.10.jar;C:\Users\simon\.m2\repository\org\hibernate\validator\hibernate-validator\8.0.0.Final\hibernate-validator-8.0.0.Final.jar;C:\Users\simon\.m2\repository\jakarta\validation\jakarta.validation-api\3.0.2\jakarta.validation-api-3.0.2.jar;C:\Users\simon\.m2\repository\org\jboss\logging\jboss-logging\3.5.1.Final\jboss-logging-3.5.1.Final.jar;C:\Users\simon\.m2\repository\com\fasterxml\classmate\1.5.1\classmate-1.5.1.jar;C:\Users\simon\.m2\repository\org\springframework\boot\spring-boot-starter-web\3.1.1\spring-boot-starter-web-3.1.1.jar;C:\Users\simon\.m2\repository\org\springframework\boot\spring-boot-starter-json\3.1.1\spring-boot-starter-json-3.1.1.jar;C:\Users\simon\.m2\repository\com\fasterxml\jackson\datatype\jackson-datatype-jdk8\2.15.2\jackson-datatype-jdk8-2.15.2.jar;C:\Users\simon\.m2\repository\com\fasterxml\jackson\module\jackson-module-parameter-names\2.15.2\jackson-module-parameter-names-2.15.2.jar;C:\Users\simon\.m2\repository\org\springframework\boot\spring-boot-starter-tomcat\3.1.1\spring-boot-starter-tomcat-3.1.1.jar;C:\Users\simon\.m2\repository\org\apache\tomcat\embed\tomcat-embed-core\10.1.10\tomcat-embed-core-10.1.10.jar;C:\Users\simon\.m2\repository\org\apache\tomcat\embed\tomcat-embed-websocket\10.1.10\tomcat-embed-websocket-10.1.10.jar;C:\Users\simon\.m2\repository\org\springframework\spring-web\6.0.10\spring-web-6.0.10.jar;C:\Users\simon\.m2\repository\org\springframework\spring-beans\6.0.10\spring-beans-6.0.10.jar;C:\Users\simon\.m2\repository\org\springframework\spring-webmvc\6.0.10\spring-webmvc-6.0.10.jar;C:\Users\simon\.m2\repository\org\springframework\spring-aop\6.0.10\spring-aop-6.0.10.jar;C:\Users\simon\.m2\repository\org\springframework\spring-context\6.0.10\spring-context-6.0.10.jar;C:\Users\simon\.m2\repository\org\springframework\spring-expression\6.0.10\spring-expression-6.0.10.jar;C:\Users\simon\.m2\repository\org\springframework\boot\spring-boot-starter-test\3.1.1\spring-boot-starter-test-3.1.1.jar;C:\Users\simon\.m2\repository\org\springframework\boot\spring-boot-test\3.1.1\spring-boot-test-3.1.1.jar;C:\Users\simon\.m2\repository\org\springframework\boot\spring-boot-test-autoconfigure\3.1.1\spring-boot-test-autoconfigure-3.1.1.jar;C:\Users\simon\.m2\repository\com\jayway\jsonpath\json-path\2.8.0\json-path-2.8.0.jar;C:\Users\simon\.m2\repository\org\slf4j\slf4j-api\2.0.7\slf4j-api-2.0.7.jar;C:\Users\simon\.m2\repository\jakarta\xml\bind\jakarta.xml.bind-api\4.0.0\jakarta.xml.bind-api-4.0.0.jar;C:\Users\simon\.m2\repository\jakarta\activation\jakarta.activation-api\2.1.2\jakarta.activation-api-2.1.2.jar;C:\Users\simon\.m2\repository\net\minidev\json-smart\2.4.11\json-smart-2.4.11.jar;C:\Users\simon\.m2\repository\net\minidev\accessors-smart\2.4.11\accessors-smart-2.4.11.jar;C:\Users\simon\.m2\repository\org\assertj\assertj-core\3.24.2\assertj-core-3.24.2.jar;C:\Users\simon\.m2\repository\net\bytebuddy\byte-buddy\1.14.5\byte-buddy-1.14.5.jar;C:\Users\simon\.m2\repository\org\hamcrest\hamcrest\2.2\hamcrest-2.2.jar;C:\Users\simon\.m2\repository\org\junit\jupiter\junit-jupiter\5.9.3\junit-jupiter-5.9.3.jar;C:\Users\simon\.m2\repository\org\junit\jupiter\junit-jupiter-params\5.9.3\junit-jupiter-params-5.9.3.jar;C:\Users\simon\.m2\repository\org\junit\jupiter\junit-jupiter-engine\5.9.3\junit-jupiter-engine-5.9.3.jar;C:\Users\simon\.m2\repository\org\junit\platform\junit-platform-engine\1.9.3\junit-platform-engine-1.9.3.jar;C:\Users\simon\.m2\repository\org\mockito\mockito-core\5.3.1\mockito-core-5.3.1.jar;C:\Users\simon\.m2\repository\net\bytebuddy\byte-buddy-agent\1.14.5\byte-buddy-agent-1.14.5.jar;C:\Users\simon\.m2\repository\org\objenesis\objenesis\3.3\objenesis-3.3.jar;C:\Users\simon\.m2\repository\org\mockito\mockito-junit-jupiter\5.3.1\mockito-junit-jupiter-5.3.1.jar;C:\Users\simon\.m2\repository\org\skyscreamer\jsonassert\1.5.1\jsonassert-1.5.1.jar;C:\Users\simon\.m2\repository\com\vaadin\external\google\android-json\0.0.20131108.vaadin1\android-json-0.0.20131108.vaadin1.jar;C:\Users\simon\.m2\repository\org\springframework\spring-core\6.0.10\spring-core-6.0.10.jar;C:\Users\simon\.m2\repository\org\springframework\spring-jcl\6.0.10\spring-jcl-6.0.10.jar;C:\Users\simon\.m2\repository\org\springframework\spring-test\6.0.10\spring-test-6.0.10.jar;C:\Users\simon\.m2\repository\org\xmlunit\xmlunit-core\2.9.1\xmlunit-core-2.9.1.jar;C:\Users\simon\.m2\repository\org\apache\commons\commons-lang3\3.12.0\commons-lang3-3.12.0.jar;C:\Users\simon\.m2\repository\org\junit\jupiter\junit-jupiter-api\5.9.3\junit-jupiter-api-5.9.3.jar;C:\Users\simon\.m2\repository\org\opentest4j\opentest4j\1.2.0\opentest4j-1.2.0.jar;C:\Users\simon\.m2\repository\org\junit\platform\junit-platform-commons\1.9.3\junit-platform-commons-1.9.3.jar;C:\Users\simon\.m2\repository\org\apiguardian\apiguardian-api\1.1.2\apiguardian-api-1.1.2.jar;C:\Users\simon\.m2\repository\org\jacoco\jacoco-maven-plugin\0.8.10\jacoco-maven-plugin-0.8.10.jar;C:\Users\simon\.m2\repository\org\codehaus\plexus\plexus-utils\3.0.24\plexus-utils-3.0.24.jar;C:\Users\simon\.m2\repository\org\apache\maven\shared\file-management\1.2.1\file-management-1.2.1.jar;C:\Users\simon\.m2\repository\org\apache\maven\maven-plugin-api\2.0.6\maven-plugin-api-2.0.6.jar;C:\Users\simon\.m2\repository\org\apache\maven\shared\maven-shared-io\1.1\maven-shared-io-1.1.jar;C:\Users\simon\.m2\repository\org\apache\maven\maven-artifact\2.0.2\maven-artifact-2.0.2.jar;C:\Users\simon\.m2\repository\org\apache\maven\maven-artifact-manager\2.0.2\maven-artifact-manager-2.0.2.jar;C:\Users\simon\.m2\repository\org\apache\maven\maven-repository-metadata\2.0.2\maven-repository-metadata-2.0.2.jar;C:\Users\simon\.m2\repository\org\apache\maven\wagon\wagon-provider-api\1.0-alpha-6\wagon-provider-api-1.0-alpha-6.jar;C:\Users\simon\.m2\repository\org\codehaus\plexus\plexus-container-default\1.0-alpha-9\plexus-container-default-1.0-alpha-9.jar;C:\Users\simon\.m2\repository\junit\junit\4.13.2\junit-4.13.2.jar;C:\Users\simon\.m2\repository\org\hamcrest\hamcrest-core\2.2\hamcrest-core-2.2.jar;C:\Users\simon\.m2\repository\classworlds\classworlds\1.1-alpha-2\classworlds-1.1-alpha-2.jar;C:\Users\simon\.m2\repository\org\apache\maven\reporting\maven-reporting-api\3.0\maven-reporting-api-3.0.jar;C:\Users\simon\.m2\repository\org\apache\maven\doxia\doxia-sink-api\1.0\doxia-sink-api-1.0.jar;C:\Users\simon\.m2\repository\org\jacoco\org.jacoco.agent\0.8.10\org.jacoco.agent-0.8.10-runtime.jar;C:\Users\simon\.m2\repository\org\jacoco\org.jacoco.core\0.8.10\org.jacoco.core-0.8.10.jar;C:\Users\simon\.m2\repository\org\ow2\asm\asm\9.5\asm-9.5.jar;C:\Users\simon\.m2\repository\org\ow2\asm\asm-commons\9.5\asm-commons-9.5.jar;C:\Users\simon\.m2\repository\org\ow2\asm\asm-tree\9.5\asm-tree-9.5.jar;C:\Users\simon\.m2\repository\org\jacoco\org.jacoco.report\0.8.10\org.jacoco.report-0.8.10.jar;C:\Users\simon\.m2\repository\gpsUtil\gpsUtil\1.0.0\gpsUtil-1.0.0.jar;C:\Users\simon\.m2\repository\com\google\code\findbugs\jsr305\1.3.9\jsr305-1.3.9.jar;C:\Users\simon\.m2\repository\com\google\errorprone\error_prone_annotations\2.0.18\error_prone_annotations-2.0.18.jar;C:\Users\simon\.m2\repository\com\google\j2objc\j2objc-annotations\1.1\j2objc-annotations-1.1.jar;C:\Users\simon\.m2\repository\org\codehaus\mojo\animal-sniffer-annotations\1.14\animal-sniffer-annotations-1.14.jar;C:\Users\simon\.m2\repository\tripPricer\tripPricer\1.0.0\tripPricer-1.0.0.jar;C:\Users\simon\.m2\repository\rewardCentral\rewardCentral\1.0.0\rewardCentral-1.0.0.jar;"/>
    <property name="sun.cpu.endian" value="little"/>
    <property name="user.home" value="C:\Users\simon"/>
    <property name="user.language" value="fr"/>
    <property name="java.specification.vendor" value="Oracle Corporation"/>
    <property name="java.version.date" value="2023-01-17"/>
    <property name="java.home" value="C:\Program Files\Java\jdk-17"/>
    <property name="file.separator" value="\"/>
    <property name="basedir" value="C:\Users\simon\eclipse-workspace\TourGuide"/>
    <property name="java.vm.compressedOopsMode" value="Zero based"/>
    <property name="line.separator" value="&#10;"/>
    <property name="java.vm.specification.vendor" value="Oracle Corporation"/>
    <property name="java.specification.name" value="Java Platform API Specification"/>
    <property name="surefire.real.class.path" value="C:\Users\simon\AppData\Local\Temp\surefire12820657859113139201\surefirebooter-20230919194734925_3.jar"/>
    <property name="user.script" value=""/>
    <property name="sun.management.compiler" value="HotSpot 64-Bit Tiered Compilers"/>
    <property name="java.runtime.version" value="17.0.6+9-LTS-190"/>
    <property name="user.name" value="Simon"/>
    <property name="path.separator" value=";"/>
    <property name="os.version" value="10.0"/>
    <property name="java.runtime.name" value="Java(TM) SE Runtime Environment"/>
    <property name="file.encoding" value="Cp1252"/>
    <property name="java.vm.name" value="Java HotSpot(TM) 64-Bit Server VM"/>
    <property name="localRepository" value="C:\Users\simon\.m2\repository"/>
    <property name="java.vendor.url.bug" value="https://bugreport.java.com/bugreport/"/>
    <property name="java.io.tmpdir" value="C:\Users\simon\AppData\Local\Temp\"/>
    <property name="java.version" value="17.0.6"/>
    <property name="user.dir" value="C:\Users\simon\eclipse-workspace\TourGuide"/>
    <property name="os.arch" value="amd64"/>
    <property name="java.vm.specification.name" value="Java Virtual Machine Specification"/>
    <property name="sun.os.patch.level" value=""/>
    <property name="native.encoding" value="Cp1252"/>
    <property name="java.library.path" value="C:\Program Files\Java\jdk-17\bin;C:\WINDOWS\Sun\Java\bin;C:\WINDOWS\system32;C:\WINDOWS;C:\Program Files (x86)\Cmder\vendor\conemu-maximus5\ConEmu\Scripts;C:\Program Files (x86)\Cmder\vendor\conemu-maximus5;C:\Program Files (x86)\Cmder\vendor\conemu-maximus5\ConEmu;C:\Program Files\Common Files\Oracle\Java\javapath;C:\Program Files (x86)\Common Files\Oracle\Java\javapath;C:\Windows\system32;C:\Windows;C:\Windows\System32\Wbem;C:\Windows\System32\WindowsPowerShell\v1.0\;C:\Windows\System32\OpenSSH\;C:\Program Files (x86)\NVIDIA Corporation\PhysX\Common;C:\Program Files\NVIDIA Corporation\NVIDIA NvDLISR;C:\Program Files\dotnet\;C:\Program Files\Git\cmd;C:\WINDOWS\system32;C:\WINDOWS;C:\WINDOWS\System32\Wbem;C:\WINDOWS\System32\WindowsPowerShell\v1.0\;C:\WINDOWS\System32\OpenSSH\;C:\Program Files\Gradle\gradle-8.1.1\bin;C:\Program Files (x86)\Windows Live\Shared;C:\Users\simon\AppData\Local\Microsoft\WindowsApps;C:\Users\simon\AppData\Local\Programs\Microsoft VS Code\bin;C:\Users\simon\AppData\Local\GitHubDesktop\bin;C:\Program Files\Maven\apache-maven-3.9.1\bin;C:\Program Files\MySQL\MySQL Server 8.0\bin;C:\Program Files\Git\mingw64\bin;C:\Program Files\Git\usr\bin;C:\Program Files (x86)\Cmder\vendor\bin;C:\Program Files (x86)\Cmder;."/>
    <property name="java.vm.info" value="mixed mode, sharing"/>
    <property name="java.vendor" value="Oracle Corporation"/>
    <property name="java.vm.version" value="17.0.6+9-LTS-190"/>
    <property name="sun.io.unicode.encoding" value="UnicodeLittle"/>
    <property name="java.class.version" value="61.0"/>
  </properties>
  <testcase name="getUserLocation" classname="com.openclassrooms.tourguide.TestTourGuideService" time="0.067">
    <system-out><![CDATA[19:49:14.267 [main] INFO com.openclassrooms.tourguide.service.TourGuideService -- TestMode enabled
19:49:14.267 [pool-6-thread-1] INFO com.openclassrooms.tourguide.tracker.Tracker -- Begin Tracker. Tracking 0 users.
19:49:14.267 [pool-6-thread-1] INFO com.openclassrooms.tourguide.tracker.Tracker -- Tracker Time Elapsed: 0 seconds.
19:49:14.267 [pool-6-thread-1] INFO com.openclassrooms.tourguide.tracker.Tracker -- Tracker sleeping
19:49:14.322 [main] INFO com.openclassrooms.tourguide.service.TourGuideService -- Adding the current location to the user jon
19:49:14.322 [main] INFO com.openclassrooms.tourguide.service.RewardsService -- calculate reward for jon on his 1 known locations
19:49:14.333 [main] INFO com.openclassrooms.tourguide.service.RewardsService -- Checking the user d15d2c55-3e60-4b39-9c84-b74aba125d73 already get close from Disneyland
19:49:14.333 [main] INFO com.openclassrooms.tourguide.service.RewardsService -- Calculate distance between -117.922008/33.817595 and 171.837489/66.150144
19:49:14.333 [main] INFO com.openclassrooms.tourguide.service.RewardsService -- Checking the user d15d2c55-3e60-4b39-9c84-b74aba125d73 already get close from Jackson Hole
19:49:14.333 [main] INFO com.openclassrooms.tourguide.service.RewardsService -- Calculate distance between -110.821999/43.582767 and 171.837489/66.150144
19:49:14.333 [main] INFO com.openclassrooms.tourguide.service.RewardsService -- Checking the user d15d2c55-3e60-4b39-9c84-b74aba125d73 already get close from Mojave National Preserve
19:49:14.333 [main] INFO com.openclassrooms.tourguide.service.RewardsService -- Calculate distance between -115.510399/35.141689 and 171.837489/66.150144
19:49:14.333 [main] INFO com.openclassrooms.tourguide.service.RewardsService -- Checking the user d15d2c55-3e60-4b39-9c84-b74aba125d73 already get close from Joshua Tree National Park
19:49:14.333 [main] INFO com.openclassrooms.tourguide.service.RewardsService -- Calculate distance between -115.90065/33.881866 and 171.837489/66.150144
19:49:14.333 [main] INFO com.openclassrooms.tourguide.service.RewardsService -- Checking the user d15d2c55-3e60-4b39-9c84-b74aba125d73 already get close from Buffalo National River
19:49:14.333 [main] INFO com.openclassrooms.tourguide.service.RewardsService -- Calculate distance between -92.757652/35.985512 and 171.837489/66.150144
19:49:14.333 [main] INFO com.openclassrooms.tourguide.service.RewardsService -- Checking the user d15d2c55-3e60-4b39-9c84-b74aba125d73 already get close from Hot Springs National Park
19:49:14.333 [main] INFO com.openclassrooms.tourguide.service.RewardsService -- Calculate distance between -93.042267/34.52153 and 171.837489/66.150144
19:49:14.333 [main] INFO com.openclassrooms.tourguide.service.RewardsService -- Checking the user d15d2c55-3e60-4b39-9c84-b74aba125d73 already get close from Kartchner Caverns State Park
19:49:14.333 [main] INFO com.openclassrooms.tourguide.service.RewardsService -- Calculate distance between -110.347382/31.837551 and 171.837489/66.150144
19:49:14.333 [main] INFO com.openclassrooms.tourguide.service.RewardsService -- Checking the user d15d2c55-3e60-4b39-9c84-b74aba125d73 already get close from Legend Valley
19:49:14.333 [main] INFO com.openclassrooms.tourguide.service.RewardsService -- Calculate distance between -82.40667/39.937778 and 171.837489/66.150144
19:49:14.333 [main] INFO com.openclassrooms.tourguide.service.RewardsService -- Checking the user d15d2c55-3e60-4b39-9c84-b74aba125d73 already get close from Flowers Bakery of London
19:49:14.333 [main] INFO com.openclassrooms.tourguide.service.RewardsService -- Calculate distance between -84.07486/37.131527 and 171.837489/66.150144
19:49:14.333 [main] INFO com.openclassrooms.tourguide.service.RewardsService -- Checking the user d15d2c55-3e60-4b39-9c84-b74aba125d73 already get close from McKinley Tower
19:49:14.333 [main] INFO com.openclassrooms.tourguide.service.RewardsService -- Calculate distance between -149.877502/61.218887 and 171.837489/66.150144
19:49:14.333 [main] INFO com.openclassrooms.tourguide.service.RewardsService -- Checking the user d15d2c55-3e60-4b39-9c84-b74aba125d73 already get close from Flatiron Building
19:49:14.333 [main] INFO com.openclassrooms.tourguide.service.RewardsService -- Calculate distance between -73.989723/40.741112 and 171.837489/66.150144
19:49:14.333 [main] INFO com.openclassrooms.tourguide.service.RewardsService -- Checking the user d15d2c55-3e60-4b39-9c84-b74aba125d73 already get close from Fallingwater
19:49:14.333 [main] INFO com.openclassrooms.tourguide.service.RewardsService -- Calculate distance between -79.468056/39.906113 and 171.837489/66.150144
19:49:14.333 [main] INFO com.openclassrooms.tourguide.service.RewardsService -- Checking the user d15d2c55-3e60-4b39-9c84-b74aba125d73 already get close from Union Station
19:49:14.333 [main] INFO com.openclassrooms.tourguide.service.RewardsService -- Calculate distance between -77.006332/38.897095 and 171.837489/66.150144
19:49:14.333 [main] INFO com.openclassrooms.tourguide.service.RewardsService -- Checking the user d15d2c55-3e60-4b39-9c84-b74aba125d73 already get close from Roger Dean Stadium
19:49:14.333 [main] INFO com.openclassrooms.tourguide.service.RewardsService -- Calculate distance between -80.116577/26.890959 and 171.837489/66.150144
19:49:14.333 [main] INFO com.openclassrooms.tourguide.service.RewardsService -- Checking the user d15d2c55-3e60-4b39-9c84-b74aba125d73 already get close from Texas Memorial Stadium
19:49:14.333 [main] INFO com.openclassrooms.tourguide.service.RewardsService -- Calculate distance between -97.732536/30.283682 and 171.837489/66.150144
19:49:14.333 [main] INFO com.openclassrooms.tourguide.service.RewardsService -- Checking the user d15d2c55-3e60-4b39-9c84-b74aba125d73 already get close from Bryant-Denny Stadium
19:49:14.333 [main] INFO com.openclassrooms.tourguide.service.RewardsService -- Calculate distance between -87.550438/33.208973 and 171.837489/66.150144
19:49:14.333 [main] INFO com.openclassrooms.tourguide.service.RewardsService -- Checking the user d15d2c55-3e60-4b39-9c84-b74aba125d73 already get close from Tiger Stadium
19:49:14.333 [main] INFO com.openclassrooms.tourguide.service.RewardsService -- Calculate distance between -91.183815/30.412035 and 171.837489/66.150144
19:49:14.333 [main] INFO com.openclassrooms.tourguide.service.RewardsService -- Checking the user d15d2c55-3e60-4b39-9c84-b74aba125d73 already get close from Neyland Stadium
19:49:14.333 [main] INFO com.openclassrooms.tourguide.service.RewardsService -- Calculate distance between -83.925011/35.955013 and 171.837489/66.150144
19:49:14.333 [main] INFO com.openclassrooms.tourguide.service.RewardsService -- Checking the user d15d2c55-3e60-4b39-9c84-b74aba125d73 already get close from Kyle Field
19:49:14.333 [main] INFO com.openclassrooms.tourguide.service.RewardsService -- Calculate distance between -96.339844/30.61025 and 171.837489/66.150144
19:49:14.333 [main] INFO com.openclassrooms.tourguide.service.RewardsService -- Checking the user d15d2c55-3e60-4b39-9c84-b74aba125d73 already get close from San Diego Zoo
19:49:14.333 [main] INFO com.openclassrooms.tourguide.service.RewardsService -- Calculate distance between -117.149048/32.735317 and 171.837489/66.150144
19:49:14.333 [main] INFO com.openclassrooms.tourguide.service.RewardsService -- Checking the user d15d2c55-3e60-4b39-9c84-b74aba125d73 already get close from Zoo Tampa at Lowry Park
19:49:14.333 [main] INFO com.openclassrooms.tourguide.service.RewardsService -- Calculate distance between -82.469269/28.012804 and 171.837489/66.150144
19:49:14.333 [main] INFO com.openclassrooms.tourguide.service.RewardsService -- Checking the user d15d2c55-3e60-4b39-9c84-b74aba125d73 already get close from Franklin Park Zoo
19:49:14.333 [main] INFO com.openclassrooms.tourguide.service.RewardsService -- Calculate distance between -71.086731/42.302601 and 171.837489/66.150144
19:49:14.333 [main] INFO com.openclassrooms.tourguide.service.RewardsService -- Checking the user d15d2c55-3e60-4b39-9c84-b74aba125d73 already get close from El Paso Zoo
19:49:14.333 [main] INFO com.openclassrooms.tourguide.service.RewardsService -- Calculate distance between -106.44487/31.769125 and 171.837489/66.150144
19:49:14.333 [main] INFO com.openclassrooms.tourguide.service.RewardsService -- Checking the user d15d2c55-3e60-4b39-9c84-b74aba125d73 already get close from Kansas City Zoo
19:49:14.333 [main] INFO com.openclassrooms.tourguide.service.RewardsService -- Calculate distance between -94.529625/39.007504 and 171.837489/66.150144
19:49:14.333 [main] INFO com.openclassrooms.tourguide.service.RewardsService -- Checking the user d15d2c55-3e60-4b39-9c84-b74aba125d73 already get close from Bronx Zoo
19:49:14.333 [main] INFO com.openclassrooms.tourguide.service.RewardsService -- Calculate distance between -73.872971/40.852905 and 171.837489/66.150144
19:49:14.333 [main] INFO com.openclassrooms.tourguide.service.RewardsService -- Checking the user d15d2c55-3e60-4b39-9c84-b74aba125d73 already get close from Cinderella Castle
19:49:14.333 [main] INFO com.openclassrooms.tourguide.service.RewardsService -- Calculate distance between -81.5812/28.419411 and 171.837489/66.150144
19:49:14.333 [main] INFO com.openclassrooms.tourguide.service.RewardsService -- Trying to add 0 rewards
]]></system-out>
  </testcase>
  <testcase name="addUser" classname="com.openclassrooms.tourguide.TestTourGuideService" time="0.001">
    <system-out><![CDATA[19:49:14.334 [main] INFO com.openclassrooms.tourguide.service.TourGuideService -- TestMode enabled
19:49:14.334 [main] INFO com.openclassrooms.tourguide.service.TourGuideService -- Adding the user to the database : jon
19:49:14.334 [main] INFO com.openclassrooms.tourguide.service.TourGuideService -- Adding the user to the database : jon2
]]></system-out>
  </testcase>
  <testcase name="getAllUsers" classname="com.openclassrooms.tourguide.TestTourGuideService" time="0.001">
    <system-out><![CDATA[19:49:14.336 [main] INFO com.openclassrooms.tourguide.service.TourGuideService -- TestMode enabled
19:49:14.336 [main] INFO com.openclassrooms.tourguide.service.TourGuideService -- Adding the user to the database : jon
19:49:14.336 [main] INFO com.openclassrooms.tourguide.service.TourGuideService -- Adding the user to the database : jon2
]]></system-out>
  </testcase>
  <testcase name="trackUser" classname="com.openclassrooms.tourguide.TestTourGuideService" time="0.093">
    <system-out><![CDATA[19:49:14.337 [main] INFO com.openclassrooms.tourguide.service.TourGuideService -- TestMode enabled
19:49:14.338 [pool-9-thread-1] INFO com.openclassrooms.tourguide.tracker.Tracker -- Begin Tracker. Tracking 0 users.
19:49:14.338 [pool-9-thread-1] INFO com.openclassrooms.tourguide.tracker.Tracker -- Tracker Time Elapsed: 0 seconds.
19:49:14.338 [pool-9-thread-1] INFO com.openclassrooms.tourguide.tracker.Tracker -- Tracker sleeping
19:49:14.420 [main] INFO com.openclassrooms.tourguide.service.TourGuideService -- Adding the current location to the user jon
19:49:14.420 [main] INFO com.openclassrooms.tourguide.service.RewardsService -- calculate reward for jon on his 1 known locations
19:49:14.430 [main] INFO com.openclassrooms.tourguide.service.RewardsService -- Checking the user d85cad22-cd4f-43e4-8a71-296e5e89895b already get close from Disneyland
19:49:14.430 [main] INFO com.openclassrooms.tourguide.service.RewardsService -- Calculate distance between -117.922008/33.817595 and -44.785214/-35.496089
19:49:14.430 [main] INFO com.openclassrooms.tourguide.service.RewardsService -- Checking the user d85cad22-cd4f-43e4-8a71-296e5e89895b already get close from Jackson Hole
19:49:14.430 [main] INFO com.openclassrooms.tourguide.service.RewardsService -- Calculate distance between -110.821999/43.582767 and -44.785214/-35.496089
19:49:14.430 [main] INFO com.openclassrooms.tourguide.service.RewardsService -- Checking the user d85cad22-cd4f-43e4-8a71-296e5e89895b already get close from Mojave National Preserve
19:49:14.430 [main] INFO com.openclassrooms.tourguide.service.RewardsService -- Calculate distance between -115.510399/35.141689 and -44.785214/-35.496089
19:49:14.430 [main] INFO com.openclassrooms.tourguide.service.RewardsService -- Checking the user d85cad22-cd4f-43e4-8a71-296e5e89895b already get close from Joshua Tree National Park
19:49:14.430 [main] INFO com.openclassrooms.tourguide.service.RewardsService -- Calculate distance between -115.90065/33.881866 and -44.785214/-35.496089
19:49:14.430 [main] INFO com.openclassrooms.tourguide.service.RewardsService -- Checking the user d85cad22-cd4f-43e4-8a71-296e5e89895b already get close from Buffalo National River
19:49:14.430 [main] INFO com.openclassrooms.tourguide.service.RewardsService -- Calculate distance between -92.757652/35.985512 and -44.785214/-35.496089
19:49:14.430 [main] INFO com.openclassrooms.tourguide.service.RewardsService -- Checking the user d85cad22-cd4f-43e4-8a71-296e5e89895b already get close from Hot Springs National Park
19:49:14.430 [main] INFO com.openclassrooms.tourguide.service.RewardsService -- Calculate distance between -93.042267/34.52153 and -44.785214/-35.496089
19:49:14.430 [main] INFO com.openclassrooms.tourguide.service.RewardsService -- Checking the user d85cad22-cd4f-43e4-8a71-296e5e89895b already get close from Kartchner Caverns State Park
19:49:14.430 [main] INFO com.openclassrooms.tourguide.service.RewardsService -- Calculate distance between -110.347382/31.837551 and -44.785214/-35.496089
19:49:14.430 [main] INFO com.openclassrooms.tourguide.service.RewardsService -- Checking the user d85cad22-cd4f-43e4-8a71-296e5e89895b already get close from Legend Valley
19:49:14.430 [main] INFO com.openclassrooms.tourguide.service.RewardsService -- Calculate distance between -82.40667/39.937778 and -44.785214/-35.496089
19:49:14.430 [main] INFO com.openclassrooms.tourguide.service.RewardsService -- Checking the user d85cad22-cd4f-43e4-8a71-296e5e89895b already get close from Flowers Bakery of London
19:49:14.430 [main] INFO com.openclassrooms.tourguide.service.RewardsService -- Calculate distance between -84.07486/37.131527 and -44.785214/-35.496089
19:49:14.430 [main] INFO com.openclassrooms.tourguide.service.RewardsService -- Checking the user d85cad22-cd4f-43e4-8a71-296e5e89895b already get close from McKinley Tower
19:49:14.430 [main] INFO com.openclassrooms.tourguide.service.RewardsService -- Calculate distance between -149.877502/61.218887 and -44.785214/-35.496089
19:49:14.430 [main] INFO com.openclassrooms.tourguide.service.RewardsService -- Checking the user d85cad22-cd4f-43e4-8a71-296e5e89895b already get close from Flatiron Building
19:49:14.430 [main] INFO com.openclassrooms.tourguide.service.RewardsService -- Calculate distance between -73.989723/40.741112 and -44.785214/-35.496089
19:49:14.430 [main] INFO com.openclassrooms.tourguide.service.RewardsService -- Checking the user d85cad22-cd4f-43e4-8a71-296e5e89895b already get close from Fallingwater
19:49:14.430 [main] INFO com.openclassrooms.tourguide.service.RewardsService -- Calculate distance between -79.468056/39.906113 and -44.785214/-35.496089
19:49:14.430 [main] INFO com.openclassrooms.tourguide.service.RewardsService -- Checking the user d85cad22-cd4f-43e4-8a71-296e5e89895b already get close from Union Station
19:49:14.430 [main] INFO com.openclassrooms.tourguide.service.RewardsService -- Calculate distance between -77.006332/38.897095 and -44.785214/-35.496089
19:49:14.430 [main] INFO com.openclassrooms.tourguide.service.RewardsService -- Checking the user d85cad22-cd4f-43e4-8a71-296e5e89895b already get close from Roger Dean Stadium
19:49:14.430 [main] INFO com.openclassrooms.tourguide.service.RewardsService -- Calculate distance between -80.116577/26.890959 and -44.785214/-35.496089
19:49:14.430 [main] INFO com.openclassrooms.tourguide.service.RewardsService -- Checking the user d85cad22-cd4f-43e4-8a71-296e5e89895b already get close from Texas Memorial Stadium
19:49:14.430 [main] INFO com.openclassrooms.tourguide.service.RewardsService -- Calculate distance between -97.732536/30.283682 and -44.785214/-35.496089
19:49:14.430 [main] INFO com.openclassrooms.tourguide.service.RewardsService -- Checking the user d85cad22-cd4f-43e4-8a71-296e5e89895b already get close from Bryant-Denny Stadium
19:49:14.430 [main] INFO com.openclassrooms.tourguide.service.RewardsService -- Calculate distance between -87.550438/33.208973 and -44.785214/-35.496089
19:49:14.430 [main] INFO com.openclassrooms.tourguide.service.RewardsService -- Checking the user d85cad22-cd4f-43e4-8a71-296e5e89895b already get close from Tiger Stadium
19:49:14.430 [main] INFO com.openclassrooms.tourguide.service.RewardsService -- Calculate distance between -91.183815/30.412035 and -44.785214/-35.496089
19:49:14.430 [main] INFO com.openclassrooms.tourguide.service.RewardsService -- Checking the user d85cad22-cd4f-43e4-8a71-296e5e89895b already get close from Neyland Stadium
19:49:14.430 [main] INFO com.openclassrooms.tourguide.service.RewardsService -- Calculate distance between -83.925011/35.955013 and -44.785214/-35.496089
19:49:14.430 [main] INFO com.openclassrooms.tourguide.service.RewardsService -- Checking the user d85cad22-cd4f-43e4-8a71-296e5e89895b already get close from Kyle Field
19:49:14.430 [main] INFO com.openclassrooms.tourguide.service.RewardsService -- Calculate distance between -96.339844/30.61025 and -44.785214/-35.496089
19:49:14.430 [main] INFO com.openclassrooms.tourguide.service.RewardsService -- Checking the user d85cad22-cd4f-43e4-8a71-296e5e89895b already get close from San Diego Zoo
19:49:14.430 [main] INFO com.openclassrooms.tourguide.service.RewardsService -- Calculate distance between -117.149048/32.735317 and -44.785214/-35.496089
19:49:14.430 [main] INFO com.openclassrooms.tourguide.service.RewardsService -- Checking the user d85cad22-cd4f-43e4-8a71-296e5e89895b already get close from Zoo Tampa at Lowry Park
19:49:14.430 [main] INFO com.openclassrooms.tourguide.service.RewardsService -- Calculate distance between -82.469269/28.012804 and -44.785214/-35.496089
19:49:14.430 [main] INFO com.openclassrooms.tourguide.service.RewardsService -- Checking the user d85cad22-cd4f-43e4-8a71-296e5e89895b already get close from Franklin Park Zoo
19:49:14.430 [main] INFO com.openclassrooms.tourguide.service.RewardsService -- Calculate distance between -71.086731/42.302601 and -44.785214/-35.496089
19:49:14.430 [main] INFO com.openclassrooms.tourguide.service.RewardsService -- Checking the user d85cad22-cd4f-43e4-8a71-296e5e89895b already get close from El Paso Zoo
19:49:14.430 [main] INFO com.openclassrooms.tourguide.service.RewardsService -- Calculate distance between -106.44487/31.769125 and -44.785214/-35.496089
19:49:14.430 [main] INFO com.openclassrooms.tourguide.service.RewardsService -- Checking the user d85cad22-cd4f-43e4-8a71-296e5e89895b already get close from Kansas City Zoo
19:49:14.430 [main] INFO com.openclassrooms.tourguide.service.RewardsService -- Calculate distance between -94.529625/39.007504 and -44.785214/-35.496089
19:49:14.430 [main] INFO com.openclassrooms.tourguide.service.RewardsService -- Checking the user d85cad22-cd4f-43e4-8a71-296e5e89895b already get close from Bronx Zoo
19:49:14.430 [main] INFO com.openclassrooms.tourguide.service.RewardsService -- Calculate distance between -73.872971/40.852905 and -44.785214/-35.496089
19:49:14.430 [main] INFO com.openclassrooms.tourguide.service.RewardsService -- Checking the user d85cad22-cd4f-43e4-8a71-296e5e89895b already get close from Cinderella Castle
19:49:14.430 [main] INFO com.openclassrooms.tourguide.service.RewardsService -- Calculate distance between -81.5812/28.419411 and -44.785214/-35.496089
19:49:14.430 [main] INFO com.openclassrooms.tourguide.service.RewardsService -- Trying to add 0 rewards
]]></system-out>
  </testcase>
  <testcase name="getNearbyAttractions" classname="com.openclassrooms.tourguide.TestTourGuideService" time="13.256">
    <system-out><![CDATA[19:49:14.431 [main] INFO com.openclassrooms.tourguide.service.TourGuideService -- TestMode enabled
19:49:14.431 [pool-10-thread-1] INFO com.openclassrooms.tourguide.tracker.Tracker -- Begin Tracker. Tracking 0 users.
19:49:14.431 [pool-10-thread-1] INFO com.openclassrooms.tourguide.tracker.Tracker -- Tracker Time Elapsed: 0 seconds.
19:49:14.431 [pool-10-thread-1] INFO com.openclassrooms.tourguide.tracker.Tracker -- Tracker sleeping
19:49:14.532 [main] INFO com.openclassrooms.tourguide.service.TourGuideService -- Adding the current location to the user jon
19:49:14.532 [main] INFO com.openclassrooms.tourguide.service.RewardsService -- calculate reward for jon on his 1 known locations
19:49:14.543 [main] INFO com.openclassrooms.tourguide.service.RewardsService -- Checking the user 727feb38-5981-4151-9e37-57ce10747f28 already get close from Disneyland
19:49:14.543 [main] INFO com.openclassrooms.tourguide.service.RewardsService -- Calculate distance between -117.922008/33.817595 and -70.075776/-63.784927
19:49:14.543 [main] INFO com.openclassrooms.tourguide.service.RewardsService -- Checking the user 727feb38-5981-4151-9e37-57ce10747f28 already get close from Jackson Hole
19:49:14.543 [main] INFO com.openclassrooms.tourguide.service.RewardsService -- Calculate distance between -110.821999/43.582767 and -70.075776/-63.784927
19:49:14.543 [main] INFO com.openclassrooms.tourguide.service.RewardsService -- Checking the user 727feb38-5981-4151-9e37-57ce10747f28 already get close from Mojave National Preserve
19:49:14.543 [main] INFO com.openclassrooms.tourguide.service.RewardsService -- Calculate distance between -115.510399/35.141689 and -70.075776/-63.784927
19:49:14.543 [main] INFO com.openclassrooms.tourguide.service.RewardsService -- Checking the user 727feb38-5981-4151-9e37-57ce10747f28 already get close from Joshua Tree National Park
19:49:14.543 [main] INFO com.openclassrooms.tourguide.service.RewardsService -- Calculate distance between -115.90065/33.881866 and -70.075776/-63.784927
19:49:14.543 [main] INFO com.openclassrooms.tourguide.service.RewardsService -- Checking the user 727feb38-5981-4151-9e37-57ce10747f28 already get close from Buffalo National River
19:49:14.543 [main] INFO com.openclassrooms.tourguide.service.RewardsService -- Calculate distance between -92.757652/35.985512 and -70.075776/-63.784927
19:49:14.543 [main] INFO com.openclassrooms.tourguide.service.RewardsService -- Checking the user 727feb38-5981-4151-9e37-57ce10747f28 already get close from Hot Springs National Park
19:49:14.543 [main] INFO com.openclassrooms.tourguide.service.RewardsService -- Calculate distance between -93.042267/34.52153 and -70.075776/-63.784927
19:49:14.543 [main] INFO com.openclassrooms.tourguide.service.RewardsService -- Checking the user 727feb38-5981-4151-9e37-57ce10747f28 already get close from Kartchner Caverns State Park
19:49:14.543 [main] INFO com.openclassrooms.tourguide.service.RewardsService -- Calculate distance between -110.347382/31.837551 and -70.075776/-63.784927
19:49:14.543 [main] INFO com.openclassrooms.tourguide.service.RewardsService -- Checking the user 727feb38-5981-4151-9e37-57ce10747f28 already get close from Legend Valley
19:49:14.543 [main] INFO com.openclassrooms.tourguide.service.RewardsService -- Calculate distance between -82.40667/39.937778 and -70.075776/-63.784927
19:49:14.543 [main] INFO com.openclassrooms.tourguide.service.RewardsService -- Checking the user 727feb38-5981-4151-9e37-57ce10747f28 already get close from Flowers Bakery of London
19:49:14.543 [main] INFO com.openclassrooms.tourguide.service.RewardsService -- Calculate distance between -84.07486/37.131527 and -70.075776/-63.784927
19:49:14.543 [main] INFO com.openclassrooms.tourguide.service.RewardsService -- Checking the user 727feb38-5981-4151-9e37-57ce10747f28 already get close from McKinley Tower
19:49:14.543 [main] INFO com.openclassrooms.tourguide.service.RewardsService -- Calculate distance between -149.877502/61.218887 and -70.075776/-63.784927
19:49:14.543 [main] INFO com.openclassrooms.tourguide.service.RewardsService -- Checking the user 727feb38-5981-4151-9e37-57ce10747f28 already get close from Flatiron Building
19:49:14.543 [main] INFO com.openclassrooms.tourguide.service.RewardsService -- Calculate distance between -73.989723/40.741112 and -70.075776/-63.784927
19:49:14.543 [main] INFO com.openclassrooms.tourguide.service.RewardsService -- Checking the user 727feb38-5981-4151-9e37-57ce10747f28 already get close from Fallingwater
19:49:14.543 [main] INFO com.openclassrooms.tourguide.service.RewardsService -- Calculate distance between -79.468056/39.906113 and -70.075776/-63.784927
19:49:14.543 [main] INFO com.openclassrooms.tourguide.service.RewardsService -- Checking the user 727feb38-5981-4151-9e37-57ce10747f28 already get close from Union Station
19:49:14.543 [main] INFO com.openclassrooms.tourguide.service.RewardsService -- Calculate distance between -77.006332/38.897095 and -70.075776/-63.784927
19:49:14.543 [main] INFO com.openclassrooms.tourguide.service.RewardsService -- Checking the user 727feb38-5981-4151-9e37-57ce10747f28 already get close from Roger Dean Stadium
19:49:14.543 [main] INFO com.openclassrooms.tourguide.service.RewardsService -- Calculate distance between -80.116577/26.890959 and -70.075776/-63.784927
19:49:14.543 [main] INFO com.openclassrooms.tourguide.service.RewardsService -- Checking the user 727feb38-5981-4151-9e37-57ce10747f28 already get close from Texas Memorial Stadium
19:49:14.543 [main] INFO com.openclassrooms.tourguide.service.RewardsService -- Calculate distance between -97.732536/30.283682 and -70.075776/-63.784927
19:49:14.543 [main] INFO com.openclassrooms.tourguide.service.RewardsService -- Checking the user 727feb38-5981-4151-9e37-57ce10747f28 already get close from Bryant-Denny Stadium
19:49:14.543 [main] INFO com.openclassrooms.tourguide.service.RewardsService -- Calculate distance between -87.550438/33.208973 and -70.075776/-63.784927
19:49:14.543 [main] INFO com.openclassrooms.tourguide.service.RewardsService -- Checking the user 727feb38-5981-4151-9e37-57ce10747f28 already get close from Tiger Stadium
19:49:14.543 [main] INFO com.openclassrooms.tourguide.service.RewardsService -- Calculate distance between -91.183815/30.412035 and -70.075776/-63.784927
19:49:14.543 [main] INFO com.openclassrooms.tourguide.service.RewardsService -- Checking the user 727feb38-5981-4151-9e37-57ce10747f28 already get close from Neyland Stadium
19:49:14.543 [main] INFO com.openclassrooms.tourguide.service.RewardsService -- Calculate distance between -83.925011/35.955013 and -70.075776/-63.784927
19:49:14.543 [main] INFO com.openclassrooms.tourguide.service.RewardsService -- Checking the user 727feb38-5981-4151-9e37-57ce10747f28 already get close from Kyle Field
19:49:14.543 [main] INFO com.openclassrooms.tourguide.service.RewardsService -- Calculate distance between -96.339844/30.61025 and -70.075776/-63.784927
19:49:14.543 [main] INFO com.openclassrooms.tourguide.service.RewardsService -- Checking the user 727feb38-5981-4151-9e37-57ce10747f28 already get close from San Diego Zoo
19:49:14.543 [main] INFO com.openclassrooms.tourguide.service.RewardsService -- Calculate distance between -117.149048/32.735317 and -70.075776/-63.784927
19:49:14.543 [main] INFO com.openclassrooms.tourguide.service.RewardsService -- Checking the user 727feb38-5981-4151-9e37-57ce10747f28 already get close from Zoo Tampa at Lowry Park
19:49:14.543 [main] INFO com.openclassrooms.tourguide.service.RewardsService -- Calculate distance between -82.469269/28.012804 and -70.075776/-63.784927
19:49:14.543 [main] INFO com.openclassrooms.tourguide.service.RewardsService -- Checking the user 727feb38-5981-4151-9e37-57ce10747f28 already get close from Franklin Park Zoo
19:49:14.543 [main] INFO com.openclassrooms.tourguide.service.RewardsService -- Calculate distance between -71.086731/42.302601 and -70.075776/-63.784927
19:49:14.543 [main] INFO com.openclassrooms.tourguide.service.RewardsService -- Checking the user 727feb38-5981-4151-9e37-57ce10747f28 already get close from El Paso Zoo
19:49:14.543 [main] INFO com.openclassrooms.tourguide.service.RewardsService -- Calculate distance between -106.44487/31.769125 and -70.075776/-63.784927
19:49:14.543 [main] INFO com.openclassrooms.tourguide.service.RewardsService -- Checking the user 727feb38-5981-4151-9e37-57ce10747f28 already get close from Kansas City Zoo
19:49:14.543 [main] INFO com.openclassrooms.tourguide.service.RewardsService -- Calculate distance between -94.529625/39.007504 and -70.075776/-63.784927
19:49:14.543 [main] INFO com.openclassrooms.tourguide.service.RewardsService -- Checking the user 727feb38-5981-4151-9e37-57ce10747f28 already get close from Bronx Zoo
19:49:14.543 [main] INFO com.openclassrooms.tourguide.service.RewardsService -- Calculate distance between -73.872971/40.852905 and -70.075776/-63.784927
19:49:14.543 [main] INFO com.openclassrooms.tourguide.service.RewardsService -- Checking the user 727feb38-5981-4151-9e37-57ce10747f28 already get close from Cinderella Castle
19:49:14.543 [main] INFO com.openclassrooms.tourguide.service.RewardsService -- Calculate distance between -81.5812/28.419411 and -70.075776/-63.784927
19:49:14.543 [main] INFO com.openclassrooms.tourguide.service.RewardsService -- Trying to add 0 rewards
19:49:14.554 [main] INFO com.openclassrooms.tourguide.service.RewardsService -- Calculate distance between -70.075776/-63.784927 and -117.922008/33.817595
19:49:14.554 [main] INFO com.openclassrooms.tourguide.service.RewardsService -- Assign reward points to 727feb38-5981-4151-9e37-57ce10747f28 for attraction Disneyland
19:49:14.979 [main] INFO com.openclassrooms.tourguide.service.RewardsService -- Calculate distance between -70.075776/-63.784927 and -110.821999/43.582767
19:49:14.979 [main] INFO com.openclassrooms.tourguide.service.RewardsService -- Assign reward points to 727feb38-5981-4151-9e37-57ce10747f28 for attraction Jackson Hole
19:49:15.071 [pool-4-thread-1] INFO com.openclassrooms.tourguide.service.RewardsService -- Checking the user dd8d5ea3-a412-424c-a74c-a07ea76d0380 already get close from Jackson Hole
19:49:15.071 [pool-4-thread-1] INFO com.openclassrooms.tourguide.service.RewardsService -- Calculate distance between -110.821999/43.582767 and 35.359712/-26.78019
19:49:15.071 [pool-4-thread-1] INFO com.openclassrooms.tourguide.service.RewardsService -- Assign reward points to dd8d5ea3-a412-424c-a74c-a07ea76d0380 for attraction Jackson Hole
19:49:15.089 [pool-4-thread-1] INFO com.openclassrooms.tourguide.service.RewardsService -- Checking the user dd8d5ea3-a412-424c-a74c-a07ea76d0380 already get close from Mojave National Preserve
19:49:15.089 [pool-4-thread-1] INFO com.openclassrooms.tourguide.service.RewardsService -- Calculate distance between -115.510399/35.141689 and 35.359712/-26.78019
19:49:15.089 [pool-4-thread-1] INFO com.openclassrooms.tourguide.service.RewardsService -- Assign reward points to dd8d5ea3-a412-424c-a74c-a07ea76d0380 for attraction Mojave National Preserve
19:49:15.592 [main] INFO com.openclassrooms.tourguide.service.RewardsService -- Calculate distance between -70.075776/-63.784927 and -115.510399/35.141689
19:49:15.592 [main] INFO com.openclassrooms.tourguide.service.RewardsService -- Assign reward points to 727feb38-5981-4151-9e37-57ce10747f28 for attraction Mojave National Preserve
19:49:15.755 [pool-4-thread-1] INFO com.openclassrooms.tourguide.service.RewardsService -- Checking the user dd8d5ea3-a412-424c-a74c-a07ea76d0380 already get close from Joshua Tree National Park
19:49:15.755 [pool-4-thread-1] INFO com.openclassrooms.tourguide.service.RewardsService -- Calculate distance between -115.90065/33.881866 and 35.359712/-26.78019
19:49:15.755 [pool-4-thread-1] INFO com.openclassrooms.tourguide.service.RewardsService -- Assign reward points to dd8d5ea3-a412-424c-a74c-a07ea76d0380 for attraction Joshua Tree National Park
19:49:15.947 [main] INFO com.openclassrooms.tourguide.service.RewardsService -- Calculate distance between -70.075776/-63.784927 and -115.90065/33.881866
19:49:15.947 [main] INFO com.openclassrooms.tourguide.service.RewardsService -- Assign reward points to 727feb38-5981-4151-9e37-57ce10747f28 for attraction Joshua Tree National Park
19:49:16.007 [pool-4-thread-1] INFO com.openclassrooms.tourguide.service.RewardsService -- Checking the user dd8d5ea3-a412-424c-a74c-a07ea76d0380 already get close from Buffalo National River
19:49:16.007 [pool-4-thread-1] INFO com.openclassrooms.tourguide.service.RewardsService -- Calculate distance between -92.757652/35.985512 and 35.359712/-26.78019
19:49:16.007 [pool-4-thread-1] INFO com.openclassrooms.tourguide.service.RewardsService -- Assign reward points to dd8d5ea3-a412-424c-a74c-a07ea76d0380 for attraction Buffalo National River
19:49:16.404 [main] INFO com.openclassrooms.tourguide.service.RewardsService -- Calculate distance between -70.075776/-63.784927 and -92.757652/35.985512
19:49:16.404 [main] INFO com.openclassrooms.tourguide.service.RewardsService -- Assign reward points to 727feb38-5981-4151-9e37-57ce10747f28 for attraction Buffalo National River
19:49:16.887 [pool-4-thread-1] INFO com.openclassrooms.tourguide.service.RewardsService -- Checking the user dd8d5ea3-a412-424c-a74c-a07ea76d0380 already get close from Hot Springs National Park
19:49:16.887 [pool-4-thread-1] INFO com.openclassrooms.tourguide.service.RewardsService -- Calculate distance between -93.042267/34.52153 and 35.359712/-26.78019
19:49:16.887 [pool-4-thread-1] INFO com.openclassrooms.tourguide.service.RewardsService -- Assign reward points to dd8d5ea3-a412-424c-a74c-a07ea76d0380 for attraction Hot Springs National Park
19:49:17.167 [main] INFO com.openclassrooms.tourguide.service.RewardsService -- Calculate distance between -70.075776/-63.784927 and -93.042267/34.52153
19:49:17.167 [main] INFO com.openclassrooms.tourguide.service.RewardsService -- Assign reward points to 727feb38-5981-4151-9e37-57ce10747f28 for attraction Hot Springs National Park
19:49:17.206 [pool-4-thread-1] INFO com.openclassrooms.tourguide.service.RewardsService -- Checking the user dd8d5ea3-a412-424c-a74c-a07ea76d0380 already get close from Kartchner Caverns State Park
19:49:17.206 [pool-4-thread-1] INFO com.openclassrooms.tourguide.service.RewardsService -- Calculate distance between -110.347382/31.837551 and 35.359712/-26.78019
19:49:17.206 [pool-4-thread-1] INFO com.openclassrooms.tourguide.service.RewardsService -- Assign reward points to dd8d5ea3-a412-424c-a74c-a07ea76d0380 for attraction Kartchner Caverns State Park
19:49:17.768 [pool-4-thread-1] INFO com.openclassrooms.tourguide.service.RewardsService -- Checking the user dd8d5ea3-a412-424c-a74c-a07ea76d0380 already get close from Legend Valley
19:49:17.768 [pool-4-thread-1] INFO com.openclassrooms.tourguide.service.RewardsService -- Calculate distance between -82.40667/39.937778 and 35.359712/-26.78019
19:49:17.768 [pool-4-thread-1] INFO com.openclassrooms.tourguide.service.RewardsService -- Assign reward points to dd8d5ea3-a412-424c-a74c-a07ea76d0380 for attraction Legend Valley
19:49:18.049 [main] INFO com.openclassrooms.tourguide.service.RewardsService -- Calculate distance between -70.075776/-63.784927 and -110.347382/31.837551
19:49:18.049 [main] INFO com.openclassrooms.tourguide.service.RewardsService -- Assign reward points to 727feb38-5981-4151-9e37-57ce10747f28 for attraction Kartchner Caverns State Park
19:49:18.621 [pool-4-thread-1] INFO com.openclassrooms.tourguide.service.RewardsService -- Checking the user dd8d5ea3-a412-424c-a74c-a07ea76d0380 already get close from Flowers Bakery of London
19:49:18.621 [pool-4-thread-1] INFO com.openclassrooms.tourguide.service.RewardsService -- Calculate distance between -84.07486/37.131527 and 35.359712/-26.78019
19:49:18.621 [pool-4-thread-1] INFO com.openclassrooms.tourguide.service.RewardsService -- Assign reward points to dd8d5ea3-a412-424c-a74c-a07ea76d0380 for attraction Flowers Bakery of London
19:49:18.699 [main] INFO com.openclassrooms.tourguide.service.RewardsService -- Calculate distance between -70.075776/-63.784927 and -82.40667/39.937778
19:49:18.699 [main] INFO com.openclassrooms.tourguide.service.RewardsService -- Assign reward points to 727feb38-5981-4151-9e37-57ce10747f28 for attraction Legend Valley
19:49:18.959 [main] INFO com.openclassrooms.tourguide.service.RewardsService -- Calculate distance between -70.075776/-63.784927 and -84.07486/37.131527
19:49:18.959 [main] INFO com.openclassrooms.tourguide.service.RewardsService -- Assign reward points to 727feb38-5981-4151-9e37-57ce10747f28 for attraction Flowers Bakery of London
19:49:19.367 [main] INFO com.openclassrooms.tourguide.service.RewardsService -- Calculate distance between -70.075776/-63.784927 and -149.877502/61.218887
19:49:19.367 [main] INFO com.openclassrooms.tourguide.service.RewardsService -- Assign reward points to 727feb38-5981-4151-9e37-57ce10747f28 for attraction McKinley Tower
19:49:19.552 [main] INFO com.openclassrooms.tourguide.service.RewardsService -- Calculate distance between -70.075776/-63.784927 and -73.989723/40.741112
19:49:19.552 [main] INFO com.openclassrooms.tourguide.service.RewardsService -- Assign reward points to 727feb38-5981-4151-9e37-57ce10747f28 for attraction Flatiron Building
19:49:19.567 [pool-4-thread-1] INFO com.openclassrooms.tourguide.service.RewardsService -- Checking the user dd8d5ea3-a412-424c-a74c-a07ea76d0380 already get close from McKinley Tower
19:49:19.567 [pool-4-thread-1] INFO com.openclassrooms.tourguide.service.RewardsService -- Calculate distance between -149.877502/61.218887 and 35.359712/-26.78019
19:49:19.567 [pool-4-thread-1] INFO com.openclassrooms.tourguide.service.RewardsService -- Assign reward points to dd8d5ea3-a412-424c-a74c-a07ea76d0380 for attraction McKinley Tower
19:49:20.020 [main] INFO com.openclassrooms.tourguide.service.RewardsService -- Calculate distance between -70.075776/-63.784927 and -79.468056/39.906113
19:49:20.020 [main] INFO com.openclassrooms.tourguide.service.RewardsService -- Assign reward points to 727feb38-5981-4151-9e37-57ce10747f28 for attraction Fallingwater
19:49:20.272 [main] INFO com.openclassrooms.tourguide.service.RewardsService -- Calculate distance between -70.075776/-63.784927 and -77.006332/38.897095
19:49:20.272 [main] INFO com.openclassrooms.tourguide.service.RewardsService -- Assign reward points to 727feb38-5981-4151-9e37-57ce10747f28 for attraction Union Station
19:49:20.289 [main] INFO com.openclassrooms.tourguide.service.RewardsService -- Calculate distance between -70.075776/-63.784927 and -80.116577/26.890959
19:49:20.289 [main] INFO com.openclassrooms.tourguide.service.RewardsService -- Assign reward points to 727feb38-5981-4151-9e37-57ce10747f28 for attraction Roger Dean Stadium
19:49:20.339 [pool-4-thread-1] INFO com.openclassrooms.tourguide.service.RewardsService -- Checking the user dd8d5ea3-a412-424c-a74c-a07ea76d0380 already get close from Flatiron Building
19:49:20.339 [pool-4-thread-1] INFO com.openclassrooms.tourguide.service.RewardsService -- Calculate distance between -73.989723/40.741112 and 35.359712/-26.78019
19:49:20.339 [pool-4-thread-1] INFO com.openclassrooms.tourguide.service.RewardsService -- Assign reward points to dd8d5ea3-a412-424c-a74c-a07ea76d0380 for attraction Flatiron Building
19:49:20.458 [pool-4-thread-1] INFO com.openclassrooms.tourguide.service.RewardsService -- Checking the user dd8d5ea3-a412-424c-a74c-a07ea76d0380 already get close from Fallingwater
19:49:20.458 [pool-4-thread-1] INFO com.openclassrooms.tourguide.service.RewardsService -- Calculate distance between -79.468056/39.906113 and 35.359712/-26.78019
19:49:20.458 [pool-4-thread-1] INFO com.openclassrooms.tourguide.service.RewardsService -- Assign reward points to dd8d5ea3-a412-424c-a74c-a07ea76d0380 for attraction Fallingwater
19:49:21.164 [main] INFO com.openclassrooms.tourguide.service.RewardsService -- Calculate distance between -70.075776/-63.784927 and -97.732536/30.283682
19:49:21.164 [main] INFO com.openclassrooms.tourguide.service.RewardsService -- Assign reward points to 727feb38-5981-4151-9e37-57ce10747f28 for attraction Texas Memorial Stadium
19:49:21.364 [pool-4-thread-1] INFO com.openclassrooms.tourguide.service.RewardsService -- Checking the user dd8d5ea3-a412-424c-a74c-a07ea76d0380 already get close from Union Station
19:49:21.364 [pool-4-thread-1] INFO com.openclassrooms.tourguide.service.RewardsService -- Calculate distance between -77.006332/38.897095 and 35.359712/-26.78019
19:49:21.364 [pool-4-thread-1] INFO com.openclassrooms.tourguide.service.RewardsService -- Assign reward points to dd8d5ea3-a412-424c-a74c-a07ea76d0380 for attraction Union Station
19:49:21.477 [pool-4-thread-1] INFO com.openclassrooms.tourguide.service.RewardsService -- Checking the user dd8d5ea3-a412-424c-a74c-a07ea76d0380 already get close from Roger Dean Stadium
19:49:21.477 [pool-4-thread-1] INFO com.openclassrooms.tourguide.service.RewardsService -- Calculate distance between -80.116577/26.890959 and 35.359712/-26.78019
19:49:21.477 [pool-4-thread-1] INFO com.openclassrooms.tourguide.service.RewardsService -- Assign reward points to dd8d5ea3-a412-424c-a74c-a07ea76d0380 for attraction Roger Dean Stadium
19:49:22.044 [main] INFO com.openclassrooms.tourguide.service.RewardsService -- Calculate distance between -70.075776/-63.784927 and -87.550438/33.208973
19:49:22.044 [main] INFO com.openclassrooms.tourguide.service.RewardsService -- Assign reward points to 727feb38-5981-4151-9e37-57ce10747f28 for attraction Bryant-Denny Stadium
19:49:22.077 [pool-4-thread-1] INFO com.openclassrooms.tourguide.service.RewardsService -- Checking the user dd8d5ea3-a412-424c-a74c-a07ea76d0380 already get close from Texas Memorial Stadium
19:49:22.077 [pool-4-thread-1] INFO com.openclassrooms.tourguide.service.RewardsService -- Calculate distance between -97.732536/30.283682 and 35.359712/-26.78019
19:49:22.077 [pool-4-thread-1] INFO com.openclassrooms.tourguide.service.RewardsService -- Assign reward points to dd8d5ea3-a412-424c-a74c-a07ea76d0380 for attraction Texas Memorial Stadium
19:49:22.385 [pool-4-thread-1] INFO com.openclassrooms.tourguide.service.RewardsService -- Checking the user dd8d5ea3-a412-424c-a74c-a07ea76d0380 already get close from Bryant-Denny Stadium
19:49:22.385 [pool-4-thread-1] INFO com.openclassrooms.tourguide.service.RewardsService -- Calculate distance between -87.550438/33.208973 and 35.359712/-26.78019
19:49:22.385 [pool-4-thread-1] INFO com.openclassrooms.tourguide.service.RewardsService -- Assign reward points to dd8d5ea3-a412-424c-a74c-a07ea76d0380 for attraction Bryant-Denny Stadium
19:49:22.881 [main] INFO com.openclassrooms.tourguide.service.RewardsService -- Calculate distance between -70.075776/-63.784927 and -91.183815/30.412035
19:49:22.881 [main] INFO com.openclassrooms.tourguide.service.RewardsService -- Assign reward points to 727feb38-5981-4151-9e37-57ce10747f28 for attraction Tiger Stadium
19:49:23.218 [pool-4-thread-1] INFO com.openclassrooms.tourguide.service.RewardsService -- Checking the user dd8d5ea3-a412-424c-a74c-a07ea76d0380 already get close from Tiger Stadium
19:49:23.218 [pool-4-thread-1] INFO com.openclassrooms.tourguide.service.RewardsService -- Calculate distance between -91.183815/30.412035 and 35.359712/-26.78019
19:49:23.218 [pool-4-thread-1] INFO com.openclassrooms.tourguide.service.RewardsService -- Assign reward points to dd8d5ea3-a412-424c-a74c-a07ea76d0380 for attraction Tiger Stadium
19:49:23.632 [main] INFO com.openclassrooms.tourguide.service.RewardsService -- Calculate distance between -70.075776/-63.784927 and -83.925011/35.955013
19:49:23.632 [main] INFO com.openclassrooms.tourguide.service.RewardsService -- Assign reward points to 727feb38-5981-4151-9e37-57ce10747f28 for attraction Neyland Stadium
19:49:23.765 [main] INFO com.openclassrooms.tourguide.service.RewardsService -- Calculate distance between -70.075776/-63.784927 and -96.339844/30.61025
19:49:23.765 [main] INFO com.openclassrooms.tourguide.service.RewardsService -- Assign reward points to 727feb38-5981-4151-9e37-57ce10747f28 for attraction Kyle Field
19:49:23.860 [main] INFO com.openclassrooms.tourguide.service.RewardsService -- Calculate distance between -70.075776/-63.784927 and -117.149048/32.735317
19:49:23.860 [main] INFO com.openclassrooms.tourguide.service.RewardsService -- Assign reward points to 727feb38-5981-4151-9e37-57ce10747f28 for attraction San Diego Zoo
19:49:23.940 [pool-4-thread-1] INFO com.openclassrooms.tourguide.service.RewardsService -- Checking the user dd8d5ea3-a412-424c-a74c-a07ea76d0380 already get close from Neyland Stadium
19:49:23.940 [pool-4-thread-1] INFO com.openclassrooms.tourguide.service.RewardsService -- Calculate distance between -83.925011/35.955013 and 35.359712/-26.78019
19:49:23.940 [pool-4-thread-1] INFO com.openclassrooms.tourguide.service.RewardsService -- Assign reward points to dd8d5ea3-a412-424c-a74c-a07ea76d0380 for attraction Neyland Stadium
19:49:24.575 [main] INFO com.openclassrooms.tourguide.service.RewardsService -- Calculate distance between -70.075776/-63.784927 and -82.469269/28.012804
19:49:24.575 [main] INFO com.openclassrooms.tourguide.service.RewardsService -- Assign reward points to 727feb38-5981-4151-9e37-57ce10747f28 for attraction Zoo Tampa at Lowry Park
19:49:24.700 [pool-4-thread-1] INFO com.openclassrooms.tourguide.service.RewardsService -- Checking the user dd8d5ea3-a412-424c-a74c-a07ea76d0380 already get close from Kyle Field
19:49:24.700 [pool-4-thread-1] INFO com.openclassrooms.tourguide.service.RewardsService -- Calculate distance between -96.339844/30.61025 and 35.359712/-26.78019
19:49:24.700 [pool-4-thread-1] INFO com.openclassrooms.tourguide.service.RewardsService -- Assign reward points to dd8d5ea3-a412-424c-a74c-a07ea76d0380 for attraction Kyle Field
19:49:24.773 [main] INFO com.openclassrooms.tourguide.service.RewardsService -- Calculate distance between -70.075776/-63.784927 and -71.086731/42.302601
19:49:24.773 [main] INFO com.openclassrooms.tourguide.service.RewardsService -- Assign reward points to 727feb38-5981-4151-9e37-57ce10747f28 for attraction Franklin Park Zoo
19:49:25.356 [pool-4-thread-1] INFO com.openclassrooms.tourguide.service.RewardsService -- Checking the user dd8d5ea3-a412-424c-a74c-a07ea76d0380 already get close from San Diego Zoo
19:49:25.356 [pool-4-thread-1] INFO com.openclassrooms.tourguide.service.RewardsService -- Calculate distance between -117.149048/32.735317 and 35.359712/-26.78019
19:49:25.356 [pool-4-thread-1] INFO com.openclassrooms.tourguide.service.RewardsService -- Assign reward points to dd8d5ea3-a412-424c-a74c-a07ea76d0380 for attraction San Diego Zoo
19:49:25.639 [main] INFO com.openclassrooms.tourguide.service.RewardsService -- Calculate distance between -70.075776/-63.784927 and -106.44487/31.769125
19:49:25.639 [main] INFO com.openclassrooms.tourguide.service.RewardsService -- Assign reward points to 727feb38-5981-4151-9e37-57ce10747f28 for attraction El Paso Zoo
19:49:25.800 [pool-4-thread-1] INFO com.openclassrooms.tourguide.service.RewardsService -- Checking the user dd8d5ea3-a412-424c-a74c-a07ea76d0380 already get close from Zoo Tampa at Lowry Park
19:49:25.800 [pool-4-thread-1] INFO com.openclassrooms.tourguide.service.RewardsService -- Calculate distance between -82.469269/28.012804 and 35.359712/-26.78019
19:49:25.800 [pool-4-thread-1] INFO com.openclassrooms.tourguide.service.RewardsService -- Assign reward points to dd8d5ea3-a412-424c-a74c-a07ea76d0380 for attraction Zoo Tampa at Lowry Park
19:49:26.252 [main] INFO com.openclassrooms.tourguide.service.RewardsService -- Calculate distance between -70.075776/-63.784927 and -94.529625/39.007504
19:49:26.252 [main] INFO com.openclassrooms.tourguide.service.RewardsService -- Assign reward points to 727feb38-5981-4151-9e37-57ce10747f28 for attraction Kansas City Zoo
19:49:26.662 [pool-4-thread-1] INFO com.openclassrooms.tourguide.service.RewardsService -- Checking the user dd8d5ea3-a412-424c-a74c-a07ea76d0380 already get close from Franklin Park Zoo
19:49:26.662 [pool-4-thread-1] INFO com.openclassrooms.tourguide.service.RewardsService -- Calculate distance between -71.086731/42.302601 and 35.359712/-26.78019
19:49:26.662 [pool-4-thread-1] INFO com.openclassrooms.tourguide.service.RewardsService -- Assign reward points to dd8d5ea3-a412-424c-a74c-a07ea76d0380 for attraction Franklin Park Zoo
19:49:26.800 [main] INFO com.openclassrooms.tourguide.service.RewardsService -- Calculate distance between -70.075776/-63.784927 and -73.872971/40.852905
19:49:26.800 [main] INFO com.openclassrooms.tourguide.service.RewardsService -- Assign reward points to 727feb38-5981-4151-9e37-57ce10747f28 for attraction Bronx Zoo
19:49:27.445 [main] INFO com.openclassrooms.tourguide.service.RewardsService -- Calculate distance between -70.075776/-63.784927 and -81.5812/28.419411
19:49:27.445 [main] INFO com.openclassrooms.tourguide.service.RewardsService -- Assign reward points to 727feb38-5981-4151-9e37-57ce10747f28 for attraction Cinderella Castle
19:49:27.625 [pool-4-thread-1] INFO com.openclassrooms.tourguide.service.RewardsService -- Checking the user dd8d5ea3-a412-424c-a74c-a07ea76d0380 already get close from El Paso Zoo
19:49:27.625 [pool-4-thread-1] INFO com.openclassrooms.tourguide.service.RewardsService -- Calculate distance between -106.44487/31.769125 and 35.359712/-26.78019
19:49:27.625 [pool-4-thread-1] INFO com.openclassrooms.tourguide.service.RewardsService -- Assign reward points to dd8d5ea3-a412-424c-a74c-a07ea76d0380 for attraction El Paso Zoo
]]></system-out>
  </testcase>
</testsuite>